Debug level 2: SERVER -> CLIENT: 220 smtp-sp217-103.kinghost.net ESMTP

Debug level 1: CLIENT -> SERVER: EHLO localhost

Debug level 2: SERVER -> CLIENT: 250-smtp-sp217-103.kinghost.net
250-PIPELINING
250-SIZE 62914560
250-VRFY
250-ETRN
250-STARTTLS
250-AUTH PLAIN LOGIN
250-AUTH=PLAIN LOGIN
250-ENHANCEDSTATUSCODES
250-8BITMIME
250-DSN
250 CHUNKING

Debug level 1: CLIENT -> SERVER: AUTH LOGIN

Debug level 2: SERVER -> CLIENT: 334 VXNlcm5hbWU6

Debug level 1: CLIENT -> SERVER: [credentials hidden]
Debug level 2: SERVER -> CLIENT: 334 UGFzc3dvcmQ6

Debug level 1: CLIENT -> SERVER: [credentials hidden]
Debug level 2: SERVER -> CLIENT: 235 2.7.0 Authentication successful

Debug level 1: CLIENT -> SERVER: MAIL FROM:<ourodosul@ourodosul.com.br>

Debug level 2: SERVER -> CLIENT: 250 2.1.0 Ok

Debug level 1: CLIENT -> SERVER: RCPT TO:<claulermen1@gmail.com>

Debug level 2: SERVER -> CLIENT: 250 2.1.5 Ok

Debug level 1: CLIENT -> SERVER: DATA

Debug level 2: SERVER -> CLIENT: 354 End data with <CR><LF>.<CR><LF>

Debug level 1: CLIENT -> SERVER: Date: Tue, 30 Sep 2025 15:46:57 +0200

Debug level 1: CLIENT -> SERVER: To: claulermen1@gmail.com

Debug level 1: CLIENT -> SERVER: From: ourodosul@ourodosul.com.br

Debug level 1: CLIENT -> SERVER: Subject: =?iso-8859-1?Q?Atualiza=C3=A7=C3=A3o_de_Cadastro?=

Debug level 1: CLIENT -> SERVER: Message-ID: <UyqSY7kywWTbSRN7OHZYzWf2j78KXDXMna8HsjFA@localhost>

Debug level 1: CLIENT -> SERVER: X-Mailer: PHPMailer 6.10.0 (https://github.com/PHPMailer/PHPMailer)

Debug level 1: CLIENT -> SERVER: MIME-Version: 1.0

Debug level 1: CLIENT -> SERVER: Content-Type: multipart/mixed;

Debug level 1: CLIENT -> SERVER:  boundary="b1=_UyqSY7kywWTbSRN7OHZYzWf2j78KXDXMna8HsjFA"

Debug level 1: CLIENT -> SERVER: Content-Transfer-Encoding: 8bit

Debug level 1: CLIENT -> SERVER: 

Debug level 1: CLIENT -> SERVER: --b1=_UyqSY7kywWTbSRN7OHZYzWf2j78KXDXMna8HsjFA

Debug level 1: CLIENT -> SERVER: Content-Type: multipart/alternative;

Debug level 1: CLIENT -> SERVER:  boundary="b2=_UyqSY7kywWTbSRN7OHZYzWf2j78KXDXMna8HsjFA"

Debug level 1: CLIENT -> SERVER: 

Debug level 1: CLIENT -> SERVER: --b2=_UyqSY7kywWTbSRN7OHZYzWf2j78KXDXMna8HsjFA

Debug level 1: CLIENT -> SERVER: Content-Type: text/plain; charset=iso-8859-1

Debug level 1: CLIENT -> SERVER: Content-Transfer-Encoding: 8bit

Debug level 1: CLIENT -> SERVER: 

Debug level 1: CLIENT -> SERVER: (Sem conteúdo)

Debug level 1: CLIENT -> SERVER: 

Debug level 1: CLIENT -> SERVER: --b2=_UyqSY7kywWTbSRN7OHZYzWf2j78KXDXMna8HsjFA

Debug level 1: CLIENT -> SERVER: Content-Type: text/html; charset=iso-8859-1

Debug level 1: CLIENT -> SERVER: Content-Transfer-Encoding: 8bit

Debug level 1: CLIENT -> SERVER: 

Debug level 1: CLIENT -> SERVER: <p>(Sem conteúdo)</p>

Debug level 1: CLIENT -> SERVER: 

Debug level 1: CLIENT -> SERVER: 

Debug level 1: CLIENT -> SERVER: --b2=_UyqSY7kywWTbSRN7OHZYzWf2j78KXDXMna8HsjFA--

Debug level 1: CLIENT -> SERVER: 

Debug level 1: CLIENT -> SERVER: --b1=_UyqSY7kywWTbSRN7OHZYzWf2j78KXDXMna8HsjFA

Debug level 1: CLIENT -> SERVER: Content-Type: application/octet-stream; name="7102 .1 NELSON NICOLAU LERMEN.odt"

Debug level 1: CLIENT -> SERVER: Content-Transfer-Encoding: base64

Debug level 1: CLIENT -> SERVER: Content-Disposition: attachment; filename="7102 .1 NELSON NICOLAU LERMEN.odt"

Debug level 1: CLIENT -> SERVER: 

Debug level 1: CLIENT -> SERVER: UEsDBBQAAAgAANVtPltexjIMJwAAACcAAAAIAAAAbWltZXR5cGVhcHBsaWNhdGlvbi92bmQub2Fz

Debug level 1: CLIENT -> SERVER: aXMub3BlbmRvY3VtZW50LnRleHRQSwMEFAAACAAA1W0+WwAAAAAAAAAAAAAAABoAAABDb25maWd1

Debug level 1: CLIENT -> SERVER: cmF0aW9uczIvc3RhdHVzYmFyL1BLAwQUAAgICADVbT5bAAAAAAAAAAAAAAAAJwAAAENvbmZpZ3Vy

Debug level 1: CLIENT -> SERVER: YXRpb25zMi9hY2NlbGVyYXRvci9jdXJyZW50LnhtbAMAUEsHCAAAAAACAAAAAAAAAFBLAwQUAAAI

Debug level 1: CLIENT -> SERVER: AADVbT5bAAAAAAAAAAAAAAAAGAAAAENvbmZpZ3VyYXRpb25zMi9mbG9hdGVyL1BLAwQUAAAIAADV

Debug level 1: CLIENT -> SERVER: bT5bAAAAAAAAAAAAAAAAGgAAAENvbmZpZ3VyYXRpb25zMi9wb3B1cG1lbnUvUEsDBBQAAAgAANVt

Debug level 1: CLIENT -> SERVER: PlsAAAAAAAAAAAAAAAAcAAAAQ29uZmlndXJhdGlvbnMyL3Byb2dyZXNzYmFyL1BLAwQUAAAIAADV

Debug level 1: CLIENT -> SERVER: bT5bAAAAAAAAAAAAAAAAGAAAAENvbmZpZ3VyYXRpb25zMi9tZW51YmFyL1BLAwQUAAAIAADVbT5b

Debug level 1: CLIENT -> SERVER: AAAAAAAAAAAAAAAAGAAAAENvbmZpZ3VyYXRpb25zMi90b29sYmFyL1BLAwQUAAAIAADVbT5bAAAA

Debug level 1: CLIENT -> SERVER: AAAAAAAAAAAAHwAAAENvbmZpZ3VyYXRpb25zMi9pbWFnZXMvQml0bWFwcy9QSwMEFAAICAgA1W0+

Debug level 1: CLIENT -> SERVER: WwAAAAAAAAAAAAAAAAsAAABjb250ZW50LnhtbL1YwW7jNhC99ytYL1C0B5lR0qIbNXaQZpPFAo4T

Debug level 1: CLIENT -> SERVER: 1A7aKyNRFlFK1JKU7eyp/9Av6Knod+RP+iUdUhIjxZZXjovNwbFm3sw8zgyHlM/O1ylHSyoVE9lo

Debug level 1: CLIENT -> SERVER: 4A+PBohmoYhYthgN7ufX3tvB+firMxHHLKRBJMIipZn2QpFp+I/AOlNBqR0NCpkFgiimgoykVAU6

Debug level 1: CLIENT -> SERVER: DEROs9oqaKIDG6uUKP3Ie5tbcNNa07Xua2ywLVvy0D+yBTetI0lWfY0NFpLaNI9FX+O14l4sIOtp

Debug level 1: CLIENT -> SERVER: TjR7wWLNWfb7aJBonQcYr1ar4epkKOQC+6enp9hqHeHQ4fJCcouKQkw5NcEU9oc+rrEp1aQvP4Nt

Debug level 1: CLIENT -> SERVER: UsqK9IHK3qkhmmxUVS0XvTtiuehITZgQ2bs3LLhd3pOof3lPoqZtSnTSUZO3+AaU9uNm8twLMu0b

Debug level 1: CLIENT -> SERVER: y2BbqQoly3svs0Q37YUQjqoxKDeopXt8dPQ9Lp8b6NVO+EoyTWUDHu6Eh4SHLuMi3ZY0wPkYEB5d

Debug level 1: CLIENT -> SERVER: mjZ1jW8SoToMjnGpdmAVdbr+7WYyCxOakmcw+zzYY5nSJHvOjDRF6FzpD1jSXEjtEhP3H5hQrWMX

Debug level 1: CLIENT -> SERVER: JYqJCwNINbQePGNoYzU9YLMzsTF54zqNUV63tSNZxafrnEpmDAk3lfNSBauEaoo8aFiXzVNZNg6P

Debug level 1: CLIENT -> SERVER: 48G4PinKLlPYCWI4MbyYhNSLaMjV+Kzc8U6MymfDYzSYk0SYasDOrhEp449OgXebXxLOHiTztzio

Debug level 1: CLIENT -> SERVER: VAPUsjc6b0EzWDw0q1oxpXrGeGUICavIWoic6RAmxpJIZo6ZnuHRhC0SvYXENyQX6qcWqhR9QVrb

Debug level 1: CLIENT -> SERVER: 8v86XmVFDuB1vYXK7oiPStP0kJCTImQRQTOSKXSfMbhT0c58bMH2ycrBHG9m6L3QCQs7mTnE/8YH

Debug level 1: CLIENT -> SERVER: dw2ESk4KDV2oWehZP25S2M8W+zvfxao450SShSR5UitAYK6r9sErrWYwsyMioxqSwt2DSi8niw1E

Debug level 1: CLIENT -> SERVER: Hdq59XKYhFRqRpULYMyq646hbpfYYNxNf75B39xOXVDz0IwXiyAUXECYN0f2r7a2QFFouOiB15hw

Debug level 1: CLIENT -> SERVER: RVsqI/d0IkWxSLzqqp2JjLYK9XJwQjQrV+wTyH0/1w1Z7UOmhFuxjaMSEpmrQdO3VRRZRKVl0Ype

Debug level 1: CLIENT -> SERVER: u1tRMwWe/b1g5cHpRrLWUH8GGHo1oCTZVNqqV9ot3svAOwA2vLlZcrreRcBBOig4fTeJDojNH03z

Debug level 1: CLIENT -> SERVER: hJSF2MitWG5L7TZA1Tw2qP2+2am4cwtWigcRPboH4358Zt+oFP1YwGuj28qbQmRFEVM5J491t3oc

Debug level 1: CLIENT -> SERVER: LnR8NIBWtuqyCT9wXigtIb7IDMeDnM3rsXOYF7MxD3XyrnwDtGnvzlpemjQnFsy58c8iRREjX6OL

Debug level 1: CLIENT -> SERVER: jwVDT/8gOC5uCylQJNCs4EN0B2dGKhSCN3NzIyMSwWUTEYM+r+Ll3SEaI8/q4FUXd3z90T86RkMf

Debug level 1: CLIENT -> SERVER: VcnISbbpDkbbeHo1md1O0fTD5e3k4h5Nrn65uZrWKwer8T6sruCmbVYHw1yCTCCampVqogUy0xkR

Debug level 1: CLIENT -> SERVER: XcD2/ATLVrRAIYlgqktRpsUgYwbbyioVpC4CV+doHwJTkdJgL4vLu2v07x9/7mXzDt6EERCeEhXa

Debug level 1: CLIENT -> SERVER: a7gI9spSShhH3+ZmzYpK4ylmPBHfBahZyz08zimnMDFo28Hnvs6hOr8mRKuLPD/fy/KVNK/MCUOf

Debug level 1: CLIENT -> SERVER: /hb7lWgqWt2CqNJPf4EoRQLBmU7N9qLgoMzBcA/X+MticGsk49a0xh2/3Y3/A1BLBwhtQBNE+AQA

Debug level 1: CLIENT -> SERVER: APwTAABQSwMEFAAICAgA1W0+WwAAAAAAAAAAAAAAAAoAAABzdHlsZXMueG1s3VzNktu4Eb7nKVRy

Debug level 1: CLIENT -> SERVER: JTdKJPWveLyVOOskVXYl2bHPWxAJSYwpggWCo9G+Tg455Sn8YmkABAmSIEX9WZ7ZqXKt0A2g8fUP

Debug level 1: CLIENT -> SERVER: mg2Qb3963oW9J0yTgEQPfWdg93s48ogfRJuH/pfPH6x5/6d3v3tL1uvAw0ufeOkOR8xK2CHESQ86

Debug level 1: CLIENT -> SERVER: R8lSEh/6KY2WBCVBsozQDidL5i1JjCPVaalzL8VUskUM1rW7YNZ7M/zMunbmvKW+aNV9ZsGs9/Yp

Debug level 1: CLIENT -> SERVER: 2nftzHkBU737mnTt/JyE1ppYHtnFiAUVKZ7DIPr60N8yFi+Hw/1+P9iPBoRuhs5isRgKai6wl/PF

Debug level 1: CLIENT -> SERVER: KQ0Fl+8NcYj5ZMnQGThDxbvDDHWVj/PqIkXpboVpZ2gQQzWtJk+bzhbxtGmAxtsi2tk2BHNZvSO/

Debug level 1: CLIENT -> SERVER: u3pHvt53h9i2QSfz4Scgin8+fSxsge66zsV5S1B5NIg7L1Ny6/0JIbmovIN0UCGua9vjofytce9b

Debug level 1: CLIENT -> SERVER: 2fc0YJhq7F4ru4dCL0ec7EygAZ8zBA4LP3EzVdyUL7px5MmQ4phQlguy7h6gAB03n8Vfo3wa4EwG

Debug level 1: CLIENT -> SERVER: YgSLdxRz6SMMuScMeZc3/V4W6LTg6vbfqUi6JhBF18jDlo+9MHn3VnpA3tyTv7mcD/3PaEt2qN8D

Debug level 1: CLIENT -> SERVER: S1ccuyA85IRhe/f3KAxWNHAMA2Skfq/Un9OsDY4wDUB5yT5Iko5znDkFhVVEJY44YB540BOiAQ+7

Debug level 1: CLIENT -> SERVER: HafvfQw2W2YQ4g8oJskfS1yy6TuKZcL/PLmkRi6Q64NBlPYZDwnDu0um/Jh6gY96jyhKel+iAFIM

Debug level 1: CLIENT -> SERVER: 3IiHgbcLKhfL+Omx91fCtoHXKFnOcTV5hk0BIWuXmZaS28drlIZZ/qVGziTcUBRz2RVv9tuKKYQo

Debug level 1: CLIENT -> SERVER: ygLI13gWsky2yCd7C8ZPMLOeH/r2YOSBnAbioUJksEVakFFgK4mRB/mMtSU0+A1ERyFndeetzE9c

Debug level 1: CLIENT -> SERVER: DK/OCgG066g1VsOYGSwhrGMfsK0lM8Q1ChPNAmJEkUBIx2dNlmLwLeaeCCHbnv9ejcdHsVDKCJ8Z

Debug level 1: CLIENT -> SERVER: jCXwMZEDoDDeIsUm+q8oRpCTJQwMgSkK3xi5xDsw54d+SC22KhlHEPmY7yU8v9aXqERXkkMeCvon

Debug level 1: CLIENT -> SERVER: ccKtp3kxOTuXW1ujbE0TDOBEXNdico+EBDI2RlNwS4BBNCbBbyCp48RMtIUo2qRoA01Zg0fSiFEw

Debug level 1: CLIENT -> SERVER: kj//ki8fM9j9ra+YRkJ0OaC2Sj6mBTsoitTIWcdscEXDeeDNZlGEL4/18Xj6F+LnhhFzKqLVMXPS

Debug level 1: CLIENT -> SERVER: 45/6BZwlL+viejn+/WPmtUN0E0QWqA8Mlhtr0bYijPEEiNuxm5EM1git20O8xRHkuySyQuT7ALhY

Debug level 1: CLIENT -> SERVER: 0EM/ImA6u4CdaLRxGnkslQPugQwJD4AHCjxu1coaLT8Aj4/4JJDoTJzCEct2H4NGCi88wzg13VdS

Debug level 1: CLIENT -> SERVER: j1uaLZ9KWaB5K7udiYu5c0v9cCPz1w0Lq5hTtTaKdwhMlT8rKZNza0xxmmwrLBf4lnjs1oNfiHWL

Debug level 1: CLIENT -> SERVER: kU/lK0K5F3ATg50A7CVEccLt99KJLUr2lcmhpeLUXzGOwaU3mG35Yy/3t2MT6xNKM34E7/ER9fuN

Debug level 1: CLIENT -> SERVER: sUUpL0RJAuKB6xwNN4SCl0eJ0tI+AJ+Sv5r3pAucs1j0kcV+DliIj64UGvJik2VGKeIy6gyfoeFX

Debug level 1: CLIENT -> SERVER: 1/51RfzDOYiVAvRg7I6agrQzdsxB2pZBWhiFyD8ikX+gcI8OyTF063Etf3gohzd3rsKbDF15smDZ

Debug level 1: CLIENT -> SERVER: A9uZF+H3pNCmZ8DmgCbnPSs6ia7dTcSgSNhj4hAdNFX3dPIlhnS2jTRu4g7fxDsv9yNsn+eso8Xe

Debug level 1: CLIENT -> SERVER: Qz5kR3MrtFTUFLoJ/h7FPOpfUQcgKUUnOqpEu0URPVH7lZVJkV4n+R4nKMKJVeHSbnbTSpLhZl4o

Debug level 1: CLIENT -> SERVER: 23gPSLLguaXFg2QfnSggyaiGzkb9tCQB5vFzejZDZwX/HR5Jnq+o3kCM16reK+nqajb+N4z4iQj3

Debug level 1: CLIENT -> SERVER: M8ccizKOnvPdNjWVVpCUCTxC/MRzH+fyTW86mhzf9E7d3kTeLTKFN+56Ml5MmzN5VcWrbHh21az1

Debug level 1: CLIENT -> SERVER: XalKPGFXsk/ZlTRLcNstwb23JbiXW0LxIPojWYIzbbGEGvGEp6fpmZYwareE0b0tYfRyLKGi6XGb

Debug level 1: CLIENT -> SERVER: pqvEEzQ9PlPT43ZNj++t6fHlmi7UWdO0PbuFppuTppPyog+GvmfnPJrKJ+0qn9xb5ZOXo/IW3Z2j

Debug level 1: CLIENT -> SERVER: mWm7Zqb31sz0cs0U8Fc1c7lWJgv+93Iccdau7tm91T17Geq+shPO27Uyv7dW5hdr5WYacWf87+U4

Debug level 1: CLIENT -> SERVER: 4KJd1Yt7q3rx46v6Gs73mK7YPcrn3hbF/GbXMUTlmWMYbMBWPRAA58dO/04TFqwPFj+ZgRn3hPq1

Debug level 1: CLIENT -> SERVER: c/lTNiztGcFQCIdw6k4z1Z1Snqs9c1zifPXHjiv65r9Swi4zg6s9BBakm6l/bPO/a4TLC2HnpXru

Debug level 1: CLIENT -> SERVER: I/+sIl2Oi5ytV+O5pZpCvGbi+H1WVhOVR1O2rqFAXDTJGuXo/NzSKhFz5XStFDMcJZhjUzLNMi4Z

Debug level 1: CLIENT -> SERVER: V++7Wa+CZeKOjbgYKMcroQXpLIM/Rw+8T4x8vtlma1IaVa0VRavmbDWjyahCKJZT0LKjdDlBRCKs

Debug level 1: CLIENT -> SERVER: t2YTVJtV+srPHXsJCQO/pz/nZ1zaU6WB8fvWDi4MAX+RGUgpCvAfH2Bss9VnPYqA0NN58zsHPGUZ

Debug level 1: CLIENT -> SERVER: Ns/7+dv/WBoScRDB/3m/LS51VA5HJWfP6ek8pXleealew8rthpV7B6x+jGK2htWoG1ajq2D1I5Z7

Debug level 1: CLIENT -> SERVER: NSzG3bAYXxeLs4PaDR8DNVAm3UCZ3MKZznpg0mSfdpN9epHsL6KwpoEy6wbK7CqgXFmh826yzy8z

Debug level 1: CLIENT -> SERVER: xpdQqNFAWXQDZXEVUK6s0ONinyz0icnL1S7W3eXaHK8OdUGz4LturOtYk7n3Jv8e3Ovbf7/95whK

Debug level 1: CLIENT -> SERVER: OdtFIP0wlQvtAf3nXbzlLzK2P6NXue6X21y48pK+5epQV9Vn7D9Iknc9E/gFrzHFkXekTlNj67p2

Debug level 1: CLIENT -> SERVER: Ia54143XMJIdCkPLQ3HSbwDGECzshV7A3Wd3rFck9EuYSIICrYmcYyYYOiP2j48/V1fe4VU7cVER

Debug level 1: CLIENT -> SERVER: Rd6WUIsdYlwubT1tls+q5gP/fyjVf+QbOLLGIlvUS25WTPi5BolrBMoPQGrFs+I9OtmzXJ7SqJXu

Debug level 1: CLIENT -> SERVER: NWzEatRxiwEiSelXGMW5TMYuL25W7ihG6c7ir7MjUGoOJr+2nHWt4qmTSBKIt01Q5AuTweolBrQC

Debug level 1: CLIENT -> SERVER: sqjH8VeyTcNWWLKxReOahCHZY99aHeQFaoZWfW3y/HUnNT8309nUNZVWLZ1SqkUqQoGzcdFAbcKz

Debug level 1: CLIENT -> SERVER: I9Luq0LagQRsakRap1SqvpJwc6RHrwzp/AyhCnT1cKF06HBzmMevDObi5KGKc+1MonyMcXOkJ68M

Debug level 1: CLIENT -> SERVER: 6dls3oB0QakgLQk3R3r6qpB2B/bIvB3qlBLSinBzpGevDGl3bt4OdUoFaUm4OdLzV4b0xBymNUIF

Debug level 1: CLIENT -> SERVER: 58l3CdKLVwbzbNGEc0GpAC0JN0fasV8V1KOBPTbvhzqlBLUiXAJ1maTjHxGGE3hEj9bBJqXiQwK9

Debug level 1: CLIENT -> SERVER: nGBlV9DWhLBIuzWiq8LJViy/O/OEwhTzlwNlo+qYaBCIL1HofeQbhfxeBB9PfdOLr7e7hDjymwQM

Debug level 1: CLIENT -> SERVER: zAKq4TkihQSmaRrfh5Rf6xHvqy8WRR3BhE42SIEC121GCyKPii8B8uRP+zSRGK34IhG/ngJjBp6l

Debug level 1: CLIENT -> SERVER: CHI6jidY6QG0WyoOfIp3Tt/AVKkWCco+8PmH81x7sFio0o8gqNfr3cVg2rLGbBKAkFmEBrAWlCmb

Debug level 1: CLIENT -> SERVER: UEZRwGqXfFyFWf2Sj4GUeYLxGpH27aGWT/1ka9/QwFefTnjj2fzPxJEp2x3PbMdEX6GkwCb/XEGd

Debug level 1: CLIENT -> SERVER: j6arQ8Fn5pHC6mWn2ggQbPjX/zLbqzMJ4FvoWYGxwqGc09qh55KQxde6MoYExwphaSiVIxn1DRoQ

Debug level 1: CLIENT -> SERVER: FIxC8Iv3W2zHwIPWotpoYEE+v7klPUH6h2ynEMiUhU7yD0MpLdriPy08mm1dLWqLEb8UJX4M9ZVq

Debug level 1: CLIENT -> SERVER: jfWBCq+su2FG2KEkHyOfLWvkI5WPiyoXgnWZNffVokFl+KH507Dv/g9QSwcIJ6iOFpALAABaVgAA

Debug level 1: CLIENT -> SERVER: UEsDBBQAAAgAANVtPlu5hQEF/AMAAPwDAAAIAAAAbWV0YS54bWw8P3htbCB2ZXJzaW9uPSIxLjAi

Debug level 1: CLIENT -> SERVER: IGVuY29kaW5nPSJVVEYtOCI/Pgo8b2ZmaWNlOmRvY3VtZW50LW1ldGEgeG1sbnM6b2ZmaWNlPSJ1

Debug level 1: CLIENT -> SERVER: cm46b2FzaXM6bmFtZXM6dGM6b3BlbmRvY3VtZW50OnhtbG5zOm9mZmljZToxLjAiIHhtbG5zOnhs

Debug level 1: CLIENT -> SERVER: aW5rPSJodHRwOi8vd3d3LnczLm9yZy8xOTk5L3hsaW5rIiB4bWxuczpkYz0iaHR0cDovL3B1cmwu

Debug level 1: CLIENT -> SERVER: b3JnL2RjL2VsZW1lbnRzLzEuMS8iIHhtbG5zOm1ldGE9InVybjpvYXNpczpuYW1lczp0YzpvcGVu

Debug level 1: CLIENT -> SERVER: ZG9jdW1lbnQ6eG1sbnM6bWV0YToxLjAiIHhtbG5zOm9vbz0iaHR0cDovL29wZW5vZmZpY2Uub3Jn

Debug level 1: CLIENT -> SERVER: LzIwMDQvb2ZmaWNlIiBvZmZpY2U6dmVyc2lvbj0iMS4yIj48b2ZmaWNlOm1ldGE+PG1ldGE6aW5p

Debug level 1: CLIENT -> SERVER: dGlhbC1jcmVhdG9yPmVsaXNldTwvbWV0YTppbml0aWFsLWNyZWF0b3I+PG1ldGE6ZWRpdGluZy1j

Debug level 1: CLIENT -> SERVER: eWNsZXM+MjwvbWV0YTplZGl0aW5nLWN5Y2xlcz48bWV0YTpjcmVhdGlvbi1kYXRlPjIwMjUtMDkt

Debug level 1: CLIENT -> SERVER: MjlUMTI6MjU6MDA8L21ldGE6Y3JlYXRpb24tZGF0ZT48ZGM6ZGF0ZT4yMDI1LTA5LTMwVDEwOjQ2

Debug level 1: CLIENT -> SERVER: OjQyLjQ5PC9kYzpkYXRlPjxtZXRhOmVkaXRpbmctZHVyYXRpb24+UFQwMEgwME0wMFM8L21ldGE6

Debug level 1: CLIENT -> SERVER: ZWRpdGluZy1kdXJhdGlvbj48bWV0YTpnZW5lcmF0b3I+QnJPZmZpY2Uub3JnLzMuMSRXaW4zMiBP

Debug level 1: CLIENT -> SERVER: cGVuT2ZmaWNlLm9yZ19wcm9qZWN0LzMxMG0xMSRCdWlsZC05Mzk5PC9tZXRhOmdlbmVyYXRvcj48

Debug level 1: CLIENT -> SERVER: bWV0YTpkb2N1bWVudC1zdGF0aXN0aWMgbWV0YTp0YWJsZS1jb3VudD0iMCIgbWV0YTppbWFnZS1j

Debug level 1: CLIENT -> SERVER: b3VudD0iMCIgbWV0YTpvYmplY3QtY291bnQ9IjAiIG1ldGE6cGFnZS1jb3VudD0iMSIgbWV0YTpw

Debug level 1: CLIENT -> SERVER: YXJhZ3JhcGgtY291bnQ9IjEwIiBtZXRhOndvcmQtY291bnQ9IjU1IiBtZXRhOmNoYXJhY3Rlci1j

Debug level 1: CLIENT -> SERVER: b3VudD0iMzI1Ii8+PG1ldGE6dGVtcGxhdGUgeGxpbms6dHlwZT0ic2ltcGxlIiB4bGluazphY3R1

Debug level 1: CLIENT -> SERVER: YXRlPSJvblJlcXVlc3QiIHhsaW5rOnRpdGxlPSJOb3JtYWwiIHhsaW5rOmhyZWY9IiIvPjwvb2Zm

Debug level 1: CLIENT -> SERVER: aWNlOm1ldGE+PC9vZmZpY2U6ZG9jdW1lbnQtbWV0YT5QSwMEFAAICAgA1W0+WwAAAAAAAAAAAAAA

Debug level 1: CLIENT -> SERVER: ABgAAABUaHVtYm5haWxzL3RodW1ibmFpbC5wbmftVmlUEogW1rHNDFtssnTUqcylQlMxxY10NCUD

Debug level 1: CLIENT -> SERVER: C6fSRB1FM0Rkwh1T2pSxEhcUE7dxUpNUyFwwN2Z0lElECxdiEMxxQSN3yQWX6cy8c96Zv+/9e+f9

Debug level 1: CLIENT -> SERVER: uve7v75zv7t8KZfgroDdWruVlJQAUDdnxOdYp6SkrLRrx+dMftxKpKSk5gp1dvw2Nn+6AIYXNRw6

Debug level 1: CLIENT -> SERVER: z3xOML6zw7dlP9VA8ovPF67XXc7rEjRp5Q33WNv3Os8k7WXrG9nGQU/AREU90CjnDKVdbs8G+NNq

Debug level 1: CLIENT -> SERVER: 75lxhYBzKWyHRhUlolbJDnC61ti50HQVuqP6fwiiMwk0krRCSLfCUVJHb0riLaTduTpl6CftuXOG

Debug level 1: CLIENT -> SERVER: GswY35gnydK4peqefV3RxblzhwvB0ra6APUk/qtLNnXaopqjDiwkkTaxErQHoOC1hK5+j90VA5++

Debug level 1: CLIENT -> SERVER: WEcIje4bHvrj9zQvoyVIYep0Z2P08pPOd0naHrecR5DltmXkyiinjEtlr9BVkAccRpYqsdlHYVX6

Debug level 1: CLIENT -> SERVER: CU9sW2x3mB0WBA57fDC7EFfDHR8oLOzxDszpeEQ23I9Q1ZO8ROvimCOxRi9dVU2imwqqZkfrfJ6P

Debug level 1: CLIENT -> SERVER: eYqNr8JxUcEP5Rxc8Tql4LQv2YEan73g+HJSvA925P6v9KCR2D1+SVeTK8QmI11gt9uAZbtx3bK8

Debug level 1: CLIENT -> SERVER: DhJqKbJbQkbb0avcyyM+OXbKaryJL+dXAzVtSZC6MKMIW6G7lXAfJ/D18pKWly4bVtw9HQ0iPkT1

Debug level 1: CLIENT -> SERVER: brhvHYtNewP5zpAuLpYp8ENJVvgI4G8TCxncNPfXmx34t+hCA02Hbj9132vMbEQpfLXfv4jTPtMR

Debug level 1: CLIENT -> SERVER: GsfKbzqltwl3QbLRjIqEDwQZRptrr7DJCt6TJy3uMe9EcICoWzHBZcIi+BTbAQsRxAuql0lNI7/E

Debug level 1: CLIENT -> SERVER: rBwbposdl3nrRJSnroLdrpmh9V7q+JegZFIGgVYoNVvfJheEaCsoqyOhgkfC+SHOpPfa/rP2JPMR

Debug level 1: CLIENT -> SERVER: mn0aeB/ectHQ/9gB6jdE46BYiyYdT319l7HQVbMO025OOcerK0nNAQRaowwYeajrkI0Jmb+zO+cC

Debug level 1: CLIENT -> SERVER: GhIBUR6sue9fjk6HsgSoSf9m0nH+vJrd436TTsk9zEzs6WL23PrsYYvwrn7MCOL7kw5Zcz57NlLB

Debug level 1: CLIENT -> SERVER: S9d+gLtONbUaE087uuSg3tCRYWZJBvfLzT58dZzQY2XFk/elpl2exA//5hnOkgES75Iyfm+ceb+A

Debug level 1: CLIENT -> SERVER: Uq9KSnvXGu9T5iejYUw46xcmTesRovKB+vGIgnokCyDNtqlr9amcFhgFCHAzypDeUTfAXhXE/a/c

Debug level 1: CLIENT -> SERVER: APiPT94cJCrHnbp711LwNFlFor99YKxYOhf/8WDrVqd+GbpHOZn2IDKnG4TVILfmBH07W6RB+zCv

Debug level 1: CLIENT -> SERVER: SHF5iqNQBxeM6aFaEyvtM2OLe9knfplqUoWaGHq/ktOyN6WNpQkYyosyGP6KTkgjbhID5+9mcvGz

Debug level 1: CLIENT -> SERVER: 1snWnZjJEHJDiUOtqhdkgC2vwypWJ+zXHqRcsSUicjQ5JE1Us3D8EPG9Yj0wFWx+iXJ/cKwYlbLj

Debug level 1: CLIENT -> SERVER: VyuTZuViCUv0tsfYmA6DP7ycfHakvB6Dy3y8sAFko+UNg6xjV6aYeo8qjQNO5uhxDj7PGz3sh3tF

Debug level 1: CLIENT -> SERVER: rB7GtCwpZs6kCsCWRxRZGpkT9RAz76nIrg2PVe8E7PBCAmfheBSUoeXOv2Z0O+Wbx04dD17wRVqE

Debug level 1: CLIENT -> SERVER: fORNaYOdh9kT2p2otctba0NXoT1dzOn6Iln82OmQi4kmxcdtDUB11TUmGzXQsNADj/nDy6ruVymP

Debug level 1: CLIENT -> SERVER: aYTl1xfdPyE0VCoGRPpPD4oqcj7MgzwkOI1HyL6npcTLJXIHTB5WaNO9+cLZK7SItrnEsx4cDdcZ

Debug level 1: CLIENT -> SERVER: vDEE/gmheGO17NvLiuS5C7C6iUPs64NAqSixEaZSZGGcNNuvpq9Ov9P/9c5/SajNt82O+8FyKavt

Debug level 1: CLIENT -> SERVER: IrhkjB/kcCDm/bJwlmJzYmPb3bTPdemqOBA5OwS8vPPOcDA73Y+yVPOAf5q3JnmmNndmruAfZ45C

Debug level 1: CLIENT -> SERVER: OJwMDn7oyxaOy1/3mILbw5iK9tEXPvk29iWrsURR31umk0efXXbUzKcptfIajJupjrj3WNTMOd39

Debug level 1: CLIENT -> SERVER: 69AVOAD/teVvd//mpvBoTsC1ycxfW8Dz5WclIUsw3q/90ooOeT7bFmwF+wpGyf+hzM6o6cZUtpAh

Debug level 1: CLIENT -> SERVER: UmXe4IYrcYNEZ5+aTk7JTm6F13JlFfY6HnHURVtKhExdmWxHJwUvp/sRqJvhBuxBVQYvSAQ7XyTL

Debug level 1: CLIENT -> SERVER: US0y5YWJlw2krRDVL3VVWz3/6svfRDiMo/bE65r8iqM2efjaY5k99RhhS9MNpLcC672XAbQQpg+m

Debug level 1: CLIENT -> SERVER: Wyg+6dUsEhWlVbcOO/UZJ7uVe+QnQOh9uxW8ThoawIotrtwew4JORPOsT8kavVVHvYXnaoCj6hI9

Debug level 1: CLIENT -> SERVER: aWQa8bSar4C4uGvD6GMrVZJZGsPS9UM6gm5nDWMzhdirimHGRn2+iHpLfJQRJcAOErnaYW2oOXSr

Debug level 1: CLIENT -> SERVER: p+uRrY5Bb8PZuysghMq68d/fBsVK90Nuh5SeAIo8kdM2uouDB/KqjPETYoGXD1PnWhPQ9TFyQqwc

Debug level 1: CLIENT -> SERVER: 6BTQzXnYtG0IV202oTbBMf/UMH9z6NCoRjh4PvsdcG1k3VokPySpbU5xvtDsnhdI5tWrWy7OVFRW

Debug level 1: CLIENT -> SERVER: xUAYjUCShX+0pg4qOmAIVJus6ZkcKI7+w7L/CBUL/gM19PAn2f61mHezMpJMPSG1pcNjIrj9oiho

Debug level 1: CLIENT -> SERVER: AJgb45/Ea6C1Lm/YMBRYOwQhEOAyiAW3ZYRwJyDKw3RIvuWQ27v53n+P5m03qh+8q0ID2/Sy5mPj

Debug level 1: CLIENT -> SERVER: Yqg4V455IH9fM2/mTRCg9jUXWGuDyAHV1vdvC1sseVbON1eCHQzccSl3LDVC3K/7roQV2qudb8PN

Debug level 1: CLIENT -> SERVER: TbV6ElO3pr4oyvUwtPx59t5nWUlY9bUbPSOgUqbuKpKcWMnNsOSSAcGNOf7ckl0XaBWTXD6qPcxd

Debug level 1: CLIENT -> SERVER: v7QHXfn6fHgu68namT2LXpvLkXZ+3NqMXMVm1vhbBGXUloOiOVDLSrCZtSsFL3bq1YJv+kHRFtIz

Debug level 1: CLIENT -> SERVER: pkAqFfColpvREVGN7I58xM0uBZNQwqAlqsaPt/2e9y7wUXWJts+qDbSrFg/dDxnx/9FnUgBk9OaQ

Debug level 1: CLIENT -> SERVER: MblnzT1nvyyq4j7NbgWNDy6itHrHA6PhPvf69avEftOkCRWrnS1FEQ3nnSTu265zq/AlpNK3DLQA

Debug level 1: CLIENT -> SERVER: yM1uQW/N6PoKmDBQ8EwOKB4ydXJo0QRaUZi2EfcqbeFnk39u63/tav4P/ifBih4Flo8+1Wmu8tlZ

Debug level 1: CLIENT -> SERVER: K0Fd4M4Mp+/u/QlQSwcIp6CjDUgJAACACwAAUEsDBBQACAgIANVtPlsAAAAAAAAAAAAAAAAMAAAA

Debug level 1: CLIENT -> SERVER: c2V0dGluZ3MueG1stVnbcuI4EH3fr0j5nRBI5hIqYQrIMMuEBArIpHbehN2AFlntkuQAf78tGVIZ

Debug level 1: CLIENT -> SERVER: LlmCrScSW+pW306flm++LWNx9gJKc5S3QeX8IjgDGWLE5fQ2eBq1S1+Db/W/bnAy4SHUIgzTGKQp

Debug level 1: CLIENT -> SERVER: aTCGlugz2i51LXt9G6RK1pBprmuSxaBrJqxhAnKzrfZ2dc0py54sBZfz22BmTFIrlxeLxfni8hzV

Debug level 1: CLIENT -> SERVER: tFy5vr4uu7ebpSHKCZ8eqypb/VYVIr4qshuywzhl1YuLq3L2f3C2PuQb11SD+sYPG/PrN2sF2U+J

Debug level 1: CLIENT -> SERVER: G4itb87Wj+3RbgNSWXvhsHj1WrBv3597ftH6hgI2wiTYvDGrhN5waYL6xU15V8LxUrswMR7EPvPI

Debug level 1: CLIENT -> SERVER: zPbJvax++lLNJ/tv4NPZ3kNXK5XPX08TPpzhYgAR5Re0ZkxOQW8pGCMKYDKoG5XCaTo6sqlwoeEB

Debug level 1: CLIENT -> SERVER: IzgkfcKEPlp8KWZJicsIlhDt+mp/crk9VBZqdZzHO9HWUbVRlLlB3eZxjkgeSrzK14vLHGIPVMlV

Debug level 1: CLIENT -> SERVER: 9frTqUI1HwsovE6c1KJr2gkdHCoPW3v5RDfRGIwPld6X02T/RoxHJGk7z2ao8gFRl60wNS0UaSy3

Debug level 1: CLIENT -> SERVER: y7ko6U3EeWH1vOuXNgsNqv1nr1ycePqOHoKA0EDUVvTghKPvefgWVw69XkPV/gXUEo9votmDVDFD

Debug level 1: CLIENT -> SERVER: Lfkj3bQRRX2m2IhRNg8TFlooKz50fYJIMwBLGWAbP4uQ30uN7VRd0iD+4SAi/ZjGY1B+rOkS6XpK

Debug level 1: CLIENT -> SERVER: Imb2da5NMuZw1Pc4Mas+89NzpxIVtLnShsyADmWgNB3p013EHxSVLagWxokCbVlj4fjmHDckAwT8

Debug level 1: CLIENT -> SERVER: xPFBx+UwI4t4WxE4Q5wI+rv46Dgr+iwBZfUMwaTb/bAIS6jmHdD1JhNCCh++cnZYiuApi9fMtK/Q

Debug level 1: CLIENT -> SERVER: EG5TPt3DalsL0/D5qsklU6ugfOSRHQx6OO/6oG1U22ShqAIzjdRglqKe0rKF1MxQePEOiQe1N90/

Debug level 1: CLIENT -> SERVER: GMUM3iiMuiGjpmByrsnpFulaTISpcP3RV8I3pETjNBzuCyfCWxdZNAAWoRQ7iV4MIlgWsCYAI3R1

Debug level 1: CLIENT -> SERVER: 0ALhI9qk6/uSwi2Z6JJF7/ScHDqSRKyeNKg7Zljx4tuWYvgsuCF7gV/Z/UpPtgRqH3zaKvkhcMzE

Debug level 1: CLIENT -> SERVER: 3fpqyBIbH+2go+8p3g3NmeynMjSprzJsCD6VlLxDg0kfNX9PzenRaQmeNPQrrWnIkGobomdFS1Vb

Debug level 1: CLIENT -> SERVER: rFxz9eHHVqoUhckmtQVG+zvEVIU7WJNdSRyBl+SrhmvUGREkrLQ4MFUsmemO7HK9PTgXYcYdPqJp

Debug level 1: CLIENT -> SERVER: scSkCu4UW/TG/+qetFTBgzIHZQNc3AP44FLr3vW4OzceHwQno82WuYRQe9Y8AjWCpXmm+PUkuZVq

Debug level 1: CLIENT -> SERVER: wAcT1tAT0dryB6Ajht5IpLu88TUL6S4bwyv6+fGU5XzgGIi/8XrPEN8wQ0OssHinvZq0SbTEj00O

Debug level 1: CLIENT -> SERVER: JAZAA4o1rWGMskyO5tQ2eglVNnop1AkRdV/yf1hgfadacjAeIXDhdND422IyBOGh8f3Zf2iej5mM

Debug level 1: CLIENT -> SERVER: 9szyeW5tXeB/ptrwycqWjX7mZvbAZMpEUwGb++kRegB2OHiBEWat0CcaEDJTkm0IiscrN1DWGPvx

Debug level 1: CLIENT -> SERVER: z7I7d0F74OvFjHC2pECjSO2Z8jQGn3dJ6wuSKTRZOJ8qTOXB68Si0zxfe7c8x13J+pmeadQN5xYZ

Debug level 1: CLIENT -> SERVER: vfR7uaS8DeE3KKTR7X+mtg9ek7tr7vLO1+Pyoe/q9f8AUEsHCItkDJL7BAAAmR8AAFBLAwQUAAgI

Debug level 1: CLIENT -> SERVER: CADVbT5bAAAAAAAAAAAAAAAAFQAAAE1FVEEtSU5GL21hbmlmZXN0LnhtbLWVS27DIBBA9zmFxd7Q

Debug level 1: CLIENT -> SERVER: ZlVZcSK1Uk+QHoDgsYPET8wQJbcvjpTEbaOqqcwOLHhvGDzDanO0pjpARO1dy575E6vAKd9pN7Ts

Debug level 1: CLIENT -> SERVER: Y/tev7DNerGy0ukekJrLoMr7HF6nLUvRNV6ixsZJC9iQanwA13mVLDhqvq5vRtN6Ud3AvTZQ54Xx

Debug level 1: CLIENT -> SERVER: VN1k0GlZ0ylAy2QIRitJOU5xcB0/u/hUwQmOxG67J6daTj73yZg6SNq3TDDxUAz3KW/e9XpI8Rwb

Debug level 1: CLIENT -> SERVER: LgWSpIQ7GcvgpVJgIE99FCrFOJ48J7e4q4igN14SFIIHH1LIf0YqhI9+iIDlbnoMvRicvDfF4NrK

Debug level 1: CLIENT -> SERVER: AVC8arIyYFHHg+zvbQSTG6uHJ83VVPC3GB6Ujw1KjLV6F5799L9i/p2LdDKAs2MtkJyt8Wz3ye6c

Debug level 1: CLIENT -> SERVER: 1AYFXYY8uGFu+LyJBaL8Tl5TuxI/nsn1J1BLBwhlgkjaRAEAAGEHAABQSwECFAAUAAAIAADVbT5b

Debug level 1: CLIENT -> SERVER: XsYyDCcAAAAnAAAACAAAAAAAAAAAAAAAAAAAAAAAbWltZXR5cGVQSwECFAAUAAAIAADVbT5bAAAA

Debug level 1: CLIENT -> SERVER: AAAAAAAAAAAAGgAAAAAAAAAAAAAAAABNAAAAQ29uZmlndXJhdGlvbnMyL3N0YXR1c2Jhci9QSwEC

Debug level 1: CLIENT -> SERVER: FAAUAAgICADVbT5bAAAAAAIAAAAAAAAAJwAAAAAAAAAAAAAAAACFAAAAQ29uZmlndXJhdGlvbnMy

Debug level 1: CLIENT -> SERVER: L2FjY2VsZXJhdG9yL2N1cnJlbnQueG1sUEsBAhQAFAAACAAA1W0+WwAAAAAAAAAAAAAAABgAAAAA

Debug level 1: CLIENT -> SERVER: AAAAAAAAAAAA3AAAAENvbmZpZ3VyYXRpb25zMi9mbG9hdGVyL1BLAQIUABQAAAgAANVtPlsAAAAA

Debug level 1: CLIENT -> SERVER: AAAAAAAAAAAaAAAAAAAAAAAAAAAAABIBAABDb25maWd1cmF0aW9uczIvcG9wdXBtZW51L1BLAQIU

Debug level 1: CLIENT -> SERVER: ABQAAAgAANVtPlsAAAAAAAAAAAAAAAAcAAAAAAAAAAAAAAAAAEoBAABDb25maWd1cmF0aW9uczIv

Debug level 1: CLIENT -> SERVER: cHJvZ3Jlc3NiYXIvUEsBAhQAFAAACAAA1W0+WwAAAAAAAAAAAAAAABgAAAAAAAAAAAAAAAAAhAEA

Debug level 1: CLIENT -> SERVER: AENvbmZpZ3VyYXRpb25zMi9tZW51YmFyL1BLAQIUABQAAAgAANVtPlsAAAAAAAAAAAAAAAAYAAAA

Debug level 1: CLIENT -> SERVER: AAAAAAAAAAAAALoBAABDb25maWd1cmF0aW9uczIvdG9vbGJhci9QSwECFAAUAAAIAADVbT5bAAAA

Debug level 1: CLIENT -> SERVER: AAAAAAAAAAAAHwAAAAAAAAAAAAAAAADwAQAAQ29uZmlndXJhdGlvbnMyL2ltYWdlcy9CaXRtYXBz

Debug level 1: CLIENT -> SERVER: L1BLAQIUABQACAgIANVtPlttQBNE+AQAAPwTAAALAAAAAAAAAAAAAAAAAC0CAABjb250ZW50Lnht

Debug level 1: CLIENT -> SERVER: bFBLAQIUABQACAgIANVtPlsnqI4WkAsAAFpWAAAKAAAAAAAAAAAAAAAAAF4HAABzdHlsZXMueG1s

Debug level 1: CLIENT -> SERVER: UEsBAhQAFAAACAAA1W0+W7mFAQX8AwAA/AMAAAgAAAAAAAAAAAAAAAAAJhMAAG1ldGEueG1sUEsB

Debug level 1: CLIENT -> SERVER: AhQAFAAICAgA1W0+W6egow1ICQAAgAsAABgAAAAAAAAAAAAAAAAASBcAAFRodW1ibmFpbHMvdGh1

Debug level 1: CLIENT -> SERVER: bWJuYWlsLnBuZ1BLAQIUABQACAgIANVtPluLZAyS+wQAAJkfAAAMAAAAAAAAAAAAAAAAANYgAABz

Debug level 1: CLIENT -> SERVER: ZXR0aW5ncy54bWxQSwECFAAUAAgICADVbT5bZYJI2kQBAABhBwAAFQAAAAAAAAAAAAAAAAALJgAA

Debug level 1: CLIENT -> SERVER: TUVUQS1JTkYvbWFuaWZlc3QueG1sUEsFBgAAAAAPAA8A7gMAAJInAAAAAA==

Debug level 1: CLIENT -> SERVER: 

Debug level 1: CLIENT -> SERVER: --b1=_UyqSY7kywWTbSRN7OHZYzWf2j78KXDXMna8HsjFA--

Debug level 1: CLIENT -> SERVER: 

Debug level 1: CLIENT -> SERVER: .

Debug level 2: SERVER -> CLIENT: 250 2.0.0 Ok: queued as C89C03001C49

Debug level 1: CLIENT -> SERVER: QUIT

Debug level 2: SERVER -> CLIENT: 221 2.0.0 Bye

