Debug level 2: SERVER -> CLIENT: 220 smtp-sp217-118.kinghost.net ESMTP

Debug level 1: CLIENT -> SERVER: EHLO localhost

Debug level 2: SERVER -> CLIENT: 250-smtp-sp217-118.kinghost.net
250-PIPELINING
250-SIZE 62914560
250-VRFY
250-ETRN
250-STARTTLS
250-AUTH PLAIN LOGIN
250-AUTH=PLAIN LOGIN
250-ENHANCEDSTATUSCODES
250-8BITMIME
250-DSN
250 CHUNKING

Debug level 1: CLIENT -> SERVER: AUTH LOGIN

Debug level 2: SERVER -> CLIENT: 334 VXNlcm5hbWU6

Debug level 1: CLIENT -> SERVER: [credentials hidden]
Debug level 2: SERVER -> CLIENT: 334 UGFzc3dvcmQ6

Debug level 1: CLIENT -> SERVER: [credentials hidden]
Debug level 2: SERVER -> CLIENT: 235 2.7.0 Authentication successful

Debug level 1: CLIENT -> SERVER: MAIL FROM:<ourodosul@ourodosul.com.br>

Debug level 2: SERVER -> CLIENT: 250 2.1.0 Ok

Debug level 1: CLIENT -> SERVER: RCPT TO:<strbomprincipio@gmail.com>

Debug level 2: SERVER -> CLIENT: 250 2.1.5 Ok

Debug level 1: CLIENT -> SERVER: DATA

Debug level 2: SERVER -> CLIENT: 354 End data with <CR><LF>.<CR><LF>

Debug level 1: CLIENT -> SERVER: Date: Tue, 30 Sep 2025 15:41:53 +0200

Debug level 1: CLIENT -> SERVER: To: strbomprincipio@gmail.com

Debug level 1: CLIENT -> SERVER: From: ourodosul@ourodosul.com.br

Debug level 1: CLIENT -> SERVER: Subject: =?iso-8859-1?Q?Atualiza=C3=A7=C3=A3o_de_Cadastro?=

Debug level 1: CLIENT -> SERVER: Message-ID: <k6SCZZqiE72JhF7tSGapNU8bSdCPst6obo6jCjamfOc@localhost>

Debug level 1: CLIENT -> SERVER: X-Mailer: PHPMailer 6.10.0 (https://github.com/PHPMailer/PHPMailer)

Debug level 1: CLIENT -> SERVER: MIME-Version: 1.0

Debug level 1: CLIENT -> SERVER: Content-Type: multipart/mixed;

Debug level 1: CLIENT -> SERVER:  boundary="b1=_k6SCZZqiE72JhF7tSGapNU8bSdCPst6obo6jCjamfOc"

Debug level 1: CLIENT -> SERVER: Content-Transfer-Encoding: 8bit

Debug level 1: CLIENT -> SERVER: 

Debug level 1: CLIENT -> SERVER: --b1=_k6SCZZqiE72JhF7tSGapNU8bSdCPst6obo6jCjamfOc

Debug level 1: CLIENT -> SERVER: Content-Type: multipart/alternative;

Debug level 1: CLIENT -> SERVER:  boundary="b2=_k6SCZZqiE72JhF7tSGapNU8bSdCPst6obo6jCjamfOc"

Debug level 1: CLIENT -> SERVER: 

Debug level 1: CLIENT -> SERVER: --b2=_k6SCZZqiE72JhF7tSGapNU8bSdCPst6obo6jCjamfOc

Debug level 1: CLIENT -> SERVER: Content-Type: text/plain; charset=iso-8859-1

Debug level 1: CLIENT -> SERVER: Content-Transfer-Encoding: 8bit

Debug level 1: CLIENT -> SERVER: 

Debug level 1: CLIENT -> SERVER: (Sem conteúdo)

Debug level 1: CLIENT -> SERVER: 

Debug level 1: CLIENT -> SERVER: --b2=_k6SCZZqiE72JhF7tSGapNU8bSdCPst6obo6jCjamfOc

Debug level 1: CLIENT -> SERVER: Content-Type: text/html; charset=iso-8859-1

Debug level 1: CLIENT -> SERVER: Content-Transfer-Encoding: 8bit

Debug level 1: CLIENT -> SERVER: 

Debug level 1: CLIENT -> SERVER: <p>(Sem conteúdo)</p>

Debug level 1: CLIENT -> SERVER: 

Debug level 1: CLIENT -> SERVER: 

Debug level 1: CLIENT -> SERVER: --b2=_k6SCZZqiE72JhF7tSGapNU8bSdCPst6obo6jCjamfOc--

Debug level 1: CLIENT -> SERVER: 

Debug level 1: CLIENT -> SERVER: --b1=_k6SCZZqiE72JhF7tSGapNU8bSdCPst6obo6jCjamfOc

Debug level 1: CLIENT -> SERVER: Content-Type: application/octet-stream; name="4784  .8 PEDRO PAULO SCHMITZ.odt"

Debug level 1: CLIENT -> SERVER: Content-Transfer-Encoding: base64

Debug level 1: CLIENT -> SERVER: Content-Disposition: attachment; filename="4784  .8 PEDRO PAULO SCHMITZ.odt"

Debug level 1: CLIENT -> SERVER: 

Debug level 1: CLIENT -> SERVER: UEsDBBQAAAgAADZtPltexjIMJwAAACcAAAAIAAAAbWltZXR5cGVhcHBsaWNhdGlvbi92bmQub2Fz

Debug level 1: CLIENT -> SERVER: aXMub3BlbmRvY3VtZW50LnRleHRQSwMEFAAACAAANm0+WwAAAAAAAAAAAAAAABoAAABDb25maWd1

Debug level 1: CLIENT -> SERVER: cmF0aW9uczIvc3RhdHVzYmFyL1BLAwQUAAgICAA2bT5bAAAAAAAAAAAAAAAAJwAAAENvbmZpZ3Vy

Debug level 1: CLIENT -> SERVER: YXRpb25zMi9hY2NlbGVyYXRvci9jdXJyZW50LnhtbAMAUEsHCAAAAAACAAAAAAAAAFBLAwQUAAAI

Debug level 1: CLIENT -> SERVER: AAA2bT5bAAAAAAAAAAAAAAAAGAAAAENvbmZpZ3VyYXRpb25zMi9mbG9hdGVyL1BLAwQUAAAIAAA2

Debug level 1: CLIENT -> SERVER: bT5bAAAAAAAAAAAAAAAAGgAAAENvbmZpZ3VyYXRpb25zMi9wb3B1cG1lbnUvUEsDBBQAAAgAADZt

Debug level 1: CLIENT -> SERVER: PlsAAAAAAAAAAAAAAAAcAAAAQ29uZmlndXJhdGlvbnMyL3Byb2dyZXNzYmFyL1BLAwQUAAAIAAA2

Debug level 1: CLIENT -> SERVER: bT5bAAAAAAAAAAAAAAAAGAAAAENvbmZpZ3VyYXRpb25zMi9tZW51YmFyL1BLAwQUAAAIAAA2bT5b

Debug level 1: CLIENT -> SERVER: AAAAAAAAAAAAAAAAGAAAAENvbmZpZ3VyYXRpb25zMi90b29sYmFyL1BLAwQUAAAIAAA2bT5bAAAA

Debug level 1: CLIENT -> SERVER: AAAAAAAAAAAAHwAAAENvbmZpZ3VyYXRpb25zMi9pbWFnZXMvQml0bWFwcy9QSwMEFAAICAgANm0+

Debug level 1: CLIENT -> SERVER: WwAAAAAAAAAAAAAAABsAAABPYmplY3RSZXBsYWNlbWVudHMvT2JqZWN0IDHFUztLw1AYPUltaxWL

Debug level 1: CLIENT -> SERVER: 0NGlVhwUEcVC61jSSgsNCX0odFMQWnHQuumkiG8Hh1rrH9DNVf+BP8DJSQRnXVwcvJ4kN23s4CLi

Debug level 1: CLIENT -> SERVER: hZPvce8533cfmdfyemlOwTScoWAI3qF0Q40Br/RGGZwzpdKGcCw9IQ7pDbeFBmyRp6oQ3UJo0PTI

Debug level 1: CLIENT -> SERVER: Ki49ih1JV2266mSbQLglaVBiVh4nMtyl9bvdfgs6otv0Bum9fQix0QBuxoHby47GEe0srQ8z/Aah

Debug level 1: CLIENT -> SERVER: La7Wluo1qalAqrrKwtc+HukeyFIK9uVawYE9zxbPPBNK0xuskzrFwGSh5QuQEU8k45a1uHdEnTMT

Debug level 1: CLIENT -> SERVER: 1H9R7VkkkOT3r7r+uVOePq79TqcqJpPuJa0QI4qdY3fWypa1p5CzMgIzky4YUTNVzhvRopbVc6WK

Debug level 1: CLIENT -> SERVER: lY5w0QNxSuoWdQy2tsB9XxGbLFMNMA4C78RnL6BTMNAHPBL3/fT5wtaIsTDwHLYLIYM0CjB48SZS

Debug level 1: CLIENT -> SERVER: KCNv+0VoyEJHDiVUfvPi/ofq/V3c3BdQSwcIviD0zXoBAAC9AwAAUEsDBBQACAgIADZtPlsAAAAA

Debug level 1: CLIENT -> SERVER: AAAAAAAAAAALAAAAY29udGVudC54bWy9WMFy2zYQvfcrUGWm0x4oSk7a2KwtT5rYmc7Yjqd2pr3C

Debug level 1: CLIENT -> SERVER: 4FJECwIMAFq2T/2HfkFPnX5H/qRf0gVIwmQkOlSciQ+2tHi7b7G7WCy8f3hTCHIN2nAlDybz6WxC

Debug level 1: CLIENT -> SERVER: QDKVcrk8mLy9PI52J4eLr/ZVlnEGSapYVYC0EVPS4l+C2tIk9erBpNIyUdRwk0hagEksS1QJstVK

Debug level 1: CLIENT -> SERVER: uujEc9USY2/FaHUP7mpbuLFjlR22p0uvxjN7cFc71XQ1VtlhMahd9UyNVb4xIsoURr0oqeUfeHEj

Debug level 1: CLIENT -> SERVER: uPzjYJJbWyZxvFqtpqunU6WX8Xxvby/2q8FhFnBlpYVHpSwGAY7MxPPpPG6xBVg61j+H7bokq+IK

Debug level 1: CLIENT -> SERVER: 9OjQUEvXsmqul6Mr4no5EBqWUz26Njy4n96n6fj0Pk27ugW1+UBOduNTXPS/Tk/ua0EXY7kcthcq

Debug level 1: CLIENT -> SERVER: pnk5eps1uquvlAquOoX6gHp3d2azZ3H9vYNePQhfaW5Bd+DsQTijgoWIq2JT0BA3jxERwbUr01D4

Debug level 1: CLIENT -> SERVER: LhBmQGEnrpcD2KSDpn87PblgORT0Hsw/Do64NJbK+8hol4TBnX4fayiVtiEw2fiGidnaCSxpRgMN

Debug level 1: CLIENT -> SERVER: Is3UW4icoufqWojdyYydypNQaRxEW9bByYYfbkrQ3ClS4TIXFQZ3idlUZdLRroun0excHjuTRXtT

Debug level 1: CLIENT -> SERVER: 1FVm4iDI8MaIMsogSoEJs9ivT3wQk/q78+Ngcklz5bKBJ7tFFFzchoX4YfWXVPArzecbDDRLE9LT

Debug level 1: CLIENT -> SERVER: d2vREiRuHovVrLgxIzk+kULjLmQPUXLLsGNcU83dNTOSnpzwZW43OPENLZX5sYeqRV/QrU3x/zS/

Debug level 1: CLIENT -> SERVER: 6ow8wq/jDa48zHhrLBSPoTypGE8puaDSkLeS40wFg/HYgB0TlUf7eHpBXiubczboWUB8Nn/ioYbQ

Debug level 1: CLIENT -> SERVER: yGllsQotZ5G3EzqF/93z/nweuBqfS6rpUtMybxdQ4MZV/yWqtS6wZ6dUpy2kwNkDdFTS5RqipQ5m

Debug level 1: CLIENT -> SERVER: oxI7IWjLwQQCp9aMO851v8WOx8PuX66576bTQOq+dPkylTAlFNI8mfmfVtsDVWVx0EOrGRUGektO

Debug level 1: CLIENT -> SERVER: Htlcq2qZR82oLZWEXqI+bJzI5uWG36F8Pi9tR9ba0AUVXux5TE5TNxp0bfuFSqagvRc99tbcClwX

Debug level 1: CLIENT -> SERVER: uLf3gVcR3m5U9pr6PcC51wJqJ7uLPuvN6gbrNfEDAE/vJksBNw85ECADLoT1YScGID5+UJQ5rROx

Debug level 1: CLIENT -> SERVER: Flt1vSm0mwBN8XhS/3l8pWZ6rVT9cfB9Y+icvTk5CrXcoNePT640v1Nu3IiwvRxMGEg/O66tahC9

Debug level 1: CLIENT -> SERVER: 4+2eU4lCMvcBU1gCwxKar+8pHmwrzcKVSm/DFxeyxb5/JRp4V+FTOLSndSHxopSbUtDb9gRGAodU

Debug level 1: CLIENT -> SERVER: 9BWPp1+ug/GzEJWxGvmVdD4+ythl20ofZ8U1m8caeVW/an3Yh6NW1ird6sDevfhJFSTl9Gvy4l3F

Debug level 1: CLIENT -> SERVER: yft/CV6BbyqtSKrIRSWm5BzvwUIZwpR0UybVBAdoQh36sOErhyk6bdxXS6ZRXBdOF+aL20ubur36

Debug level 1: CLIENT -> SERVER: HayaN9vE+R6rMLK3JfSvF7wuVzx1j7zd6fPZc1bUsrxpZrPps70fnNBbvsMpOnWne9Y6o5CFWeJf

Debug level 1: CLIENT -> SERVER: 50muAR8D0/hNLUTuWl6zGu5aQyszueuxgBdO2ooosxW1iFTyRNHUJcNz8AIvp40UvwCmljWP/s/H

Debug level 1: CLIENT -> SERVER: Gt/HeXGEbyOXO6TQmAdFoHB5tNQq4uJIKKoLfodJNVARRlO8h7Wqk+6QGcdG6BcNFkaKpg7JNkk/

Debug level 1: CLIENT -> SERVER: UwUkW2m8PD8m//3511Y6r6ilBB0+o4b5h5NKtlE/KigX5NvS7dmAdpYyLnL1HXru1Sy9CmdrlMVL

Debug level 1: CLIENT -> SERVER: EIA9HvoGPvbxErPza06teVGWh1tpfqKbR24mgPf/qO1SdKZ61ULA2Pd/o6ggmIUmFTKkYrqF6fjL

Debug level 1: CLIENT -> SERVER: YuLehRP37qJ44L+ti/8BUEsHCCfHEHSJBQAArhUAAFBLAwQUAAgICAA2bT5bAAAAAAAAAAAAAAAA

Debug level 1: CLIENT -> SERVER: CgAAAHN0eWxlcy54bWzdXM2S27gRvucpVHIlN0ok9a94vJU46yRVdiXZsc9bEAlJjCmCBYKj0b5O

Debug level 1: CLIENT -> SERVER: DjnlKfxiaQAECZIgRf1Zntmpcq3QDaDx9Q+aDZBvf3rehb0nTJOARA99Z2D3ezjyiB9Em4f+l88f

Debug level 1: CLIENT -> SERVER: rHn/p3e/e0vW68DDS5946Q5HzErYIcRJDzpHyVISH/opjZYEJUGyjNAOJ0vmLUmMI9VpqXMvxVSy

Debug level 1: CLIENT -> SERVER: RQzWtbtg1nsz/My6dua8pb5o1X1mwaz39inad+3MeQFTvfuadO38nITWmlge2cWIBRUpnsMg+vrQ

Debug level 1: CLIENT -> SERVER: 3zIWL4fD/X4/2I8GhG6GzmKxGApqLrCX88UpDQWX7w1xiPlkydAZOEPFu8MMdZWP8+oiReluhWln

Debug level 1: CLIENT -> SERVER: aBBDNa0mT5vOFvG0aYDG2yLa2TYEc1m9I7+7eke+3neH2LZBJ/PhJyCKfz59LGyB7rrOxXlLUHk0

Debug level 1: CLIENT -> SERVER: iDsvU3Lr/Qkhuai8g3RQIa5r2+Oh/K1x71vZ9zRgmGrsXiu7h0IvR5zsTKABnzMEDgs/cTNV3JQv

Debug level 1: CLIENT -> SERVER: unHkyZDimFCWC7LuHqAAHTefxV+jfBrgTAZiBIt3FHPpIwy5Jwx5lzf9XhbotODq9t+pSLomEEXX

Debug level 1: CLIENT -> SERVER: yMOWj70wefdWekDe3JO/uZwP/c9oS3ao3wNLVxy7IDzkhGF79/coDFY0cAwDZKR+r9Sf06wNjjAN

Debug level 1: CLIENT -> SERVER: QHnJPkiSjnOcOQWFVUQljjhgHnjQE6IBD7sdp+99DDZbZhDiDygmyR9LXLLpO4plwv88uaRGLpDr

Debug level 1: CLIENT -> SERVER: g0GU9hkPCcO7S6b8mHqBj3qPKEp6X6IAUgzciIeBtwsqF8v46bH3V8K2gdcoWc5xNXmGTQEha5eZ

Debug level 1: CLIENT -> SERVER: lpLbx2uUhln+pUbOJNxQFHPZFW/224ophCjKAsjXeBayTLbIJ3sLxk8ws54f+vZg5IGcBuKhQmSw

Debug level 1: CLIENT -> SERVER: RVqQUWAriZEH+Yy1JTT4DURHIWd1563MT1wMr84KAbTrqDVWw5gZLCGsYx+wrSUzxDUKE80CYkSR

Debug level 1: CLIENT -> SERVER: QEjHZ02WYvAt5p4IIdue/16Nx0exUMoInxmMJfAxkQOgMN4ixSb6ryhGkJMlDAyBKQrfGLnEOzDn

Debug level 1: CLIENT -> SERVER: h35ILbYqGUcQ+ZjvJTy/1peoRFeSQx4K+idxwq2neTE5O5dbW6NsTRMM4ERc12Jyj4QEMjZGU3BL

Debug level 1: CLIENT -> SERVER: gEE0JsFvIKnjxEy0hSjapGgDTVmDR9KIUTCSP/+SLx8z2P2tr5hGQnQ5oLZKPqYFOyiK1MhZx2xw

Debug level 1: CLIENT -> SERVER: RcN54M1mUYQvj/XxePoX4ueGEXMqotUxc9Ljn/oFnCUv6+J6Of79Y+a1Q3QTRBaoDwyWG2vRtiKM

Debug level 1: CLIENT -> SERVER: 8QSI27GbkQzWCK3bQ7zFEeS7JLJC5PsAuFjQQz8iYDq7gJ1otHEaeSyVA+6BDAkPgAcKPG7Vyhot

Debug level 1: CLIENT -> SERVER: PwCPj/gkkOhMnMIRy3Yfg0YKLzzDODXdV1KPW5otn0pZoHkru52Ji7lzS/1wI/PXDQurmFO1Nop3

Debug level 1: CLIENT -> SERVER: CEyVPyspk3NrTHGabCssF/iWeOzWg1+IdYuRT+UrQrkXcBODnQDsJURxwu330oktSvaVyaGl4tRf

Debug level 1: CLIENT -> SERVER: MY7BpTeYbfljL/e3YxPrE0ozfgTv8RH1+42xRSkvREkC4oHrHA03hIKXR4nS0j4An5K/mvekC5yz

Debug level 1: CLIENT -> SERVER: WPSRxX4OWIiPrhQa8mKTZUYp4jLqDJ+h4VfX/nVF/MM5iJUC9GDsjpqCtDN2zEHalkFaGIXIPyKR

Debug level 1: CLIENT -> SERVER: f6Bwjw7JMXTrcS1/eCiHN3euwpsMXXmyYNkD25kX4fek0KZnwOaAJuc9KzqJrt1NxKBI2GPiEB00

Debug level 1: CLIENT -> SERVER: Vfd08iWGdLaNNG7iDt/EOy/3I2yf56yjxd5DPmRHcyu0VNQUugn+HsU86l9RByApRSc6qkS7RRE9

Debug level 1: CLIENT -> SERVER: UfuVlUmRXif5HicowolV4dJudtNKkuFmXijbeA9IsuC5pcWDZB+dKCDJqIbORv20JAHm8XN6NkNn

Debug level 1: CLIENT -> SERVER: Bf8dHkmer6jeQIzXqt4r6epqNv43jPiJCPczxxyLMo6e8902NZVWkJQJPEL8xHMf5/JNbzqaHN/0

Debug level 1: CLIENT -> SERVER: Tt3eRN4tMoU37noyXkybM3lVxatseHbVrPVdqUo8YVeyT9mVNEtw2y3BvbcluJdbQvEg+iNZgjNt

Debug level 1: CLIENT -> SERVER: sYQa8YSnp+mZljBqt4TRvS1h9HIsoaLpcZumq8QTND0+U9Pjdk2P763p8eWaLtRZ07Q9u4Wmm5Om

Debug level 1: CLIENT -> SERVER: k/KiD4a+Z+c8mson7Sqf3Fvlk5ej8hbdnaOZabtmpvfWzPRyzRTwVzVzuVYmC/73chxx1q7u2b3V

Debug level 1: CLIENT -> SERVER: PXsZ6r6yE87btTK/t1bmF2vlZhpxZ/zv5Tjgol3Vi3urevHjq/oazveYrtg9yufeFsX8ZtcxROWZ

Debug level 1: CLIENT -> SERVER: YxhswFY9EADnx07/ThMWrA8WP5mBGfeE+rVz+VM2LO0ZwVAIh3DqTjPVnVKeqz1zXOJ89ceOK/rm

Debug level 1: CLIENT -> SERVER: v1LCLjODqz0EFqSbqX9s879rhMsLYeeleu4j/6wiXY6LnK1X47mlmkK8ZuL4fVZWE5VHU7auoUBc

Debug level 1: CLIENT -> SERVER: NMka5ej83NIqEXPldK0UMxwlmGNTMs0yLhlX77tZr4Jl4o6NuBgoxyuhBeksgz9HD7xPjHy+2WZr

Debug level 1: CLIENT -> SERVER: UhpVrRVFq+ZsNaPJqEIollPQsqN0OUFEIqy3ZhNUm1X6ys8dewkJA7+nP+dnXNpTpYHx+9YOLgwB

Debug level 1: CLIENT -> SERVER: f5EZSCkK8B8fYGyz1Wc9ioDQ03nzOwc8ZRk2z/v52/9YGhJxEMH/eb8tLnVUDkclZ8/p6TyleV55

Debug level 1: CLIENT -> SERVER: qV7Dyu2GlXsHrH6MYraG1agbVqOrYPUjlns1LMbdsBhfF4uzg9oNHwM1UCbdQJncwpnOemDSZJ92

Debug level 1: CLIENT -> SERVER: k316kewvorCmgTLrBsrsKqBcWaHzbrLPLzPGl1Co0UBZdANlcRVQrqzQ42KfLPSJycvVLtbd5doc

Debug level 1: CLIENT -> SERVER: rw51QbPgu26s61iTufcm/x7c69t/v/3nCEo520Ug/TCVC+0B/eddvOUvMrY/o1e57pfbXLjykr7l

Debug level 1: CLIENT -> SERVER: 6lBX1WfsP0iSdz0T+AWvMcWRd6ROU2PrunYhrnjXjdcwkh0KQ8tDcdJvAMYQLOyFXsDdZ3esVyT0

Debug level 1: CLIENT -> SERVER: S5hIggKtiZxjJhg6I/aPjz9XV97hVTtxURFF3pZQix1iXC5tPW2Wz6rmA/9/KNV/5Bs4ssYiW9RL

Debug level 1: CLIENT -> SERVER: blZM+LkGiWsEyg9AasWz4j062bNcntKole41bMRq1HGLASJJ6VcYxblMxi4vblbuKEbpzuKvsyNQ

Debug level 1: CLIENT -> SERVER: ag4mv7acda3iqZNIEoi3TVDkC5PB6iUGtAKyqMfxV7JNw1ZYsrFF45qEIdlj31od5AVqhlZ9bfL8

Debug level 1: CLIENT -> SERVER: dSc1PzfT2dQ1lVYtnVKqRSpCgbNx0UBtwrMj0u6rQtqBBGxqRFqnVKq+knBzpEevDOn8DKEKdPVw

Debug level 1: CLIENT -> SERVER: oXTocHOYx68M5uLkoYpz7UyifIxxc6Qnrwzp2WzegHRBqSAtCTdHevqqkHYH9si8HeqUEtKKcHOk

Debug level 1: CLIENT -> SERVER: Z68MaXdu3g51SgVpSbg50vNXhvTEHKY1QgXnyXcJ0otXBvNs0YRzQakALQk3R9qxXxXUo4E9Nu+H

Debug level 1: CLIENT -> SERVER: OqUEtSJcAnWZpOMfEYYTeESP1sEmpeJDAr2cYGVX0NaEsEi7NaKrwslWLL8784TCFPOXA2Wj6pho

Debug level 1: CLIENT -> SERVER: EIgvUeh95BuF/F4EH09904uvt7uEOPKbBAzMAqrhOSKFBKZpGt+HlF/rEe+rLxZFHcGETjZIgQLX

Debug level 1: CLIENT -> SERVER: bUYLIo+KLwHy5E/7NJEYrfgiEb+eAmMGnqUIcjqOJ1jpAbRbKg58indO38BUqRYJyj7w+YfzXHuw

Debug level 1: CLIENT -> SERVER: WKjSjyCo1+vdxWDassZsEoCQWYQGsBaUKZtQRlHAapd8XIVZ/ZKPgZR5gvEakfbtoZZP/WRr39DA

Debug level 1: CLIENT -> SERVER: V59OeOPZ/M/EkSnbHc9sx0RfoaTAJv9cQZ2PpqtDwWfmkcLqZafaCBBs+Nf/MturMwngW+hZgbHC

Debug level 1: CLIENT -> SERVER: oZzT2qHnkpDF17oyhgTHCmFpKJUjGfUNGhAUjELwi/dbbMfAg9ai2mhgQT6/uSU9QfqHbKcQyJSF

Debug level 1: CLIENT -> SERVER: TvIPQykt2uI/LTyabV0taosRvxQlfgz1lWqN9YEKr6y7YUbYoSQfI58ta+QjlY+LKheCdZk199Wi

Debug level 1: CLIENT -> SERVER: QWX4ofnTsO/+D1BLBwgnqI4WkAsAAFpWAABQSwMEFAAICAgANm0+WwAAAAAAAAAAAAAAABQAAABP

Debug level 1: CLIENT -> SERVER: YmplY3QgMS9jb250ZW50LnhtbM1YbW/bNhD+vl9haMC+0fJb08SLU3TthhZI1qBpgW1fBlqiZK6U

Debug level 1: CLIENT -> SERVER: KJCUX/797kS9UI7kyuka7Eta8Z67e3h3PPJ8/WqfiNGWKc1luvKm44k3YmkgQ57GK+/zp9/Ipffq

Debug level 1: CLIENT -> SERVER: 5odrGUU8YMtQBnnCUkMCmRr4dwTaqV5a6crLVbqUVHO9TGnC9NIES5mxtNJauuhl4cuuaHMQg9UL

Debug level 1: CLIENT -> SERVER: sKtt2N4MVUZsS5euh3suwK52qOhuqDJiIaiueiSHKu+1IJGEqCcZNfyIxV7w9MvK2xiTLX1/t9uN

Debug level 1: CLIENT -> SERVER: d/OxVLE/vbq68gtpTTiocVmuRIEKA58Jhs60Px1P/QqbMEOH8kOsSynNkzVTg0NDDX2U1UwxDRDY

Debug level 1: CLIENT -> SERVER: LhbmMEOuTqu+tvHg6trGPWEONlQNrrMC3C6VeTi8VOahq5tQs+nJ76V/B8Liz91tU1cqGeoLsa1Q

Debug level 1: CLIENT -> SERVER: BYpng7dp0a6+lLKmigr2sBd0Z5PJwrffDnp3Er5T3DDlwIOT8ICKoI64TLqCBripDwjCtljy9SHC

Debug level 1: CLIENT -> SERVER: QOgehZlvxTVYh72m/7i7fQg2LKENmH8dTHiqDU2byChMQu9OX/iKZVKZOjDR8OYL2ZrVXsKI1m4A

Debug level 1: CLIENT -> SERVER: qceFBYKKhS/Xgo+n3EeVH+tK40xUZV2TLP2zfcYUR0UqMHMk0bBLyKbMlo62WzxCNq1cxfVtE8k8

Debug level 1: CLIENT -> SERVER: De2h7jJtnToWrMly3bnbZt5NdZHZwtV+vRDBhUYiGjASskDom2vbkOrlkf1G/yvvDRV8rbg3gm5R

Debug level 1: CLIENT -> SERVER: QRIuDq7EVUcZiVkKpKF+9Y5r7fmnXbxWnIpph4dCMMC+i8i4CaCDbCnoQlf7mu9bDs27iPfogaa6

Debug level 1: CLIENT -> SERVER: g8RPNJP65yOcXfy+1KrdPyEqB21Y8k1hyQMe0mKro88ph0cS6w/NY+yQ8HwzxzseKKllZEZ/0nes

Debug level 1: CLIENT -> SERVER: q0ItjSPcs3D7RDcS2+IjSrXgW737fYe5XKe5AUeGB6SwU5/y4m+LayCntbOSZfH6g7eByJPUqzTd

Debug level 1: CLIENT -> SERVER: RZJBa2PKcKZHkVyuFaNfyJrBzQEG0XVlsYTveIj3+nS8mM2DpODv0DnFbfZc3Cbjq8XiPG7z5+J2

Debug level 1: CLIENT -> SERVER: MZ6/nJ7HbfFc3Gbj2cXLc7ipvnpTcndEDFZcVlaEixvG443BpC1ezMD5acK5ZnDNG55QQVztiArN

Debug level 1: CLIENT -> SERVER: ziHeU4xPI3518WTiRuVn8Da0O+DVYgITCVMkozEjVuMti2guzNGmnA3Z8TDkOhP0UPIpreEzFoY/

Debug level 1: CLIENT -> SERVER: ksA9sPKEImZ9Rt2yvl7ERH3nZVThXF58nCSMSo/TUK0aFkAoy/+wsLaueDP0t7eGEzWBV0+cEi1z

Debug level 1: CLIENT -> SERVER: hT8DRHxfSeGZyqijaasLE7xTNCvyiG+zVBL8rrRCrsB9IRFG1baknewITWMc2iePBUgDraU1Pb0B

Debug level 1: CLIENT -> SERVER: 6l+IkSTijX/7TNxiCGBkIP/k2vDo0K6zWlpaXUsDt0dzyUHEaQykN0c9ogkIpi4txhdYTqiKeUoE

Debug level 1: CLIENT -> SERVER: i7DSg6S7NLDeziniv8GZYlF3KQ+t1J4j7/femqVgLcND86KG4ZuGesOYubm2DnAay4VNjWYGt1n5

Debug level 1: CLIENT -> SERVER: DiicYpjVNWx+y+q8WGHjMOJpSARdM6GPMNgFFIvBvCIwDsDgj6/8GlVRwOnRvlDtd0L3PMkTEvIo

Debug level 1: CLIENT -> SERVER: YnBisFwn4wnMYsX++3lXBou/pTGbhF8+3I3uP77//U1FzT2D2GZaquW90gEtnhxlZuzJtWe160j7

Debug level 1: CLIENT -> SERVER: g23OvoPN+VNtQrvuMKiajdvfjRCniW0dDMbLy4vjGIK/toZl6yrNnYTW3ofRmfW7awUC+3I1ZVKR

Debug level 1: CLIENT -> SERVER: M2IOGdaykNS0JStv8fJygWax72Q3+AXk7EebJTrrcN/hRxtobXFjdHz5n5u8//Xtxw+j+9efbz+M

Debug level 1: CLIENT -> SERVER: Ht68u3v/6a+TPp4a75Ppv3ixWFz+byrgXHfuStNTW93Sb/VTv+e39pt/AVBLBwgv4a1pcAUAAKwX

Debug level 1: CLIENT -> SERVER: AABQSwMEFAAICAgANm0+WwAAAAAAAAAAAAAAABMAAABPYmplY3QgMS9zdHlsZXMueG1s5Vzrbts4

Debug level 1: CLIENT -> SERVER: Fv6/T2Gog0ELrKKL3cb2JA7msrOzwDQoMh0s9teAkSiZqCQKFJXLvM0+y77YkpREUVfTsp2kGRdo

Debug level 1: CLIENT -> SERVER: K/Lw8DtXHlGULq4e4mh2B0mGcHJpOGe2MYOJh32UhJfG759/NpfG1eZvFzgIkAfXPvbyGCbUzOhj

Debug level 1: CLIENT -> SERVER: BLMZG5xk66Lz0shJssYgQ9k6ATHM1tRb4xQm1aC1Sr0WUxUtgpnucEGsjqbwgeoO5rSNseBWf2ZB

Debug level 1: CLIENT -> SERVER: rI72CbjXHcxpmU7V4QHWHfyQRWaATQ/HKaCoheIhQsmXS2NLabq2rPv7+7P7+RkmoeWsVitL9ErA

Debug level 1: CLIENT -> SERVER: nqRLcxIJKt+zYAT5ZJnlnDlWRRtDCnTxcVoVUpLHt5BoqwZQ0LFqSmDGSJi43C/1GKljGv51F2p7

Debug level 1: CLIENT -> SERVER: 1104oGZvC4i2nwnipqvMfX1Xmfvq2BjQ7YB9l9ZH1in++vhr7Vck1p2L0zZU5RGUaotZUKvjMcYS

Debug level 1: CLIENT -> SERVER: Kh9QBLuA69r2wiquFer7UfJ7gigkCrk3Su6ByJMax3Gf0hidYzEKE95xl6+oCRd6kPN7i8AUEyqB

Debug level 1: CLIENT -> SERVER: BPrJjmnHlbP4AZDTMMrsTHAw+UAxl8rB4lFl8SFvqvERrnMdCWU2DnCe+IXXF1jgQwoJ4l0gqvKt

Debug level 1: CLIENT -> SERVER: wqEwWNmu5H7X2FSJPsAsyQfAg6YPvSjbXBQBKptnxTWf7tL4EUToliBjxqKnIolR9Kj2qMN5nxnC

Debug level 1: CLIENT -> SERVER: hGFk9szuUZYZ1vgU3xMEIqdnBtGhwV+lSBH1WETdATaWRfmuuX9FLJkJ9c5+A0nWA+JbkOLsuxZd

Debug level 1: CLIENT -> SERVER: 0XhaaJX0E7TymFEYH6SW3EM+EKLOfk8QqxngsGq6tDrqORjjR+QRnOGAzv4DfoF9HlrAaNE9CbbP

Debug level 1: CLIENT -> SERVER: YItj0ANJdhw6uzUUzGV7UcRVKH0YgDwqS7uKcwlJlD6mB6PIqMjrJjMlLG8RilhBWLHyUAxYR8Qm

Debug level 1: CLIENT -> SERVER: zS4Nt9ZFCggICUi33VGMI5scp6aPMgoSXlGynPTei+vRvH7rDhTyDcRqgNcRSMIchKw3paLBY/mS

Debug level 1: CLIENT -> SERVER: EibWDzdGm4XJEjJI+jxH0FW8KrI/t1VPybTq+PG6y5oXFhF8aIWnZCm7t6jNVHb961oYtsdim4ui

Debug level 1: CLIENT -> SERVER: 6iqLr4YZC91c20aLaFZexSgxUUJhyMb5KESU2cwRE/XwlDy8nBB2r/DYN5VjLz7ZlRR3OGIm4YU2

Debug level 1: CLIENT -> SERVER: JTk0ehg8xrc4qtA07VXRKjbb3HwjkbV4SN7cUzYzSSYu+4XvOuu4WqrekOA8FbdJQipFW03F6OrL

Debug level 1: CLIENT -> SERVER: GHJy4bERZvX0myCw2Y/Ppcpl9ov52tRbaCcGqQyOxEfF/cEdiHL49t23If3uUrodSNOoVLbZcMvd

Debug level 1: CLIENT -> SERVER: phqOIcc+3+3YQh0330zSjz1ZP2OmGQ3kUWlbUr19VrHetaY+ikucN11ibxUt/1IOsZyep16h7ywP

Debug level 1: CLIENT -> SERVER: 8x3HPq3vTE+2p/Adxz5SMjmOWKdwCGHQQxzC+Us5hPP0yeQF+46j4Ts+oLBfl66hED228Fr9qorZ

Debug level 1: CLIENT -> SERVER: vclWj/QRAqnTcsM+wkmoAq6xacCdT4U7U3pyEPXbZ0SIqYAXRwc8CcZ74ynVQVE8gONDjWOLc5K1

Debug level 1: CLIENT -> SERVER: ZlwPKAQlOWXh3e9IYzmmvACxmcYK5hqgBubzE2MeYJBBng5OK/SwwyyfLS9oSCbMMF2z46YZ8euR

Debug level 1: CLIENT -> SERVER: RcnVqMnGl5iXVbG7narrddXg7oEll6tRcn1V9j6kqHplrqFTUY2pcn6oa7ysetudHyMVvNwKWtjr

Debug level 1: CLIENT -> SERVER: EHtrbFp/VfY+YFP5tbnG4kDX0Nj2/apWifNPjtZGwwtaEg6Q1dWS1dxLuyKk+udr8jWZw1J+omPc

Debug level 1: CLIENT -> SERVER: lHpuPu7l5V62BqtoNytHj9WOwOPKV+9dpNZ0TDfX3Q+bvYrddSauXlRycV9BZDJ59SKTy3uk6Jw7

Debug level 1: CLIENT -> SERVER: zxWdc+do0Skc5QjRKQwwPTpfWb3E5Dnhonia4ugAWTUXxeOnmU6xeaTIXjxbZC+OF9mLI0X24qDI

Debug level 1: CLIENT -> SERVER: 1n2oPXXdfWGBvzz1uvvCgn+5z7r79SSA5bMlgOXxEsDySAlguTMBDD4pma+Up0ynffwx5UHOovYu

Debug level 1: CLIENT -> SERVER: 5rOJx/f3cWLiO0iCiL9SEIAogy/xYc8kaZ2nMcZQKDs7gI/kmYXyUDrzEAtFFCDPHE8djmaq5L3w

Debug level 1: CLIENT -> SERVER: IcUJfyFN49hqAa0L86fiGK08rzvtzDPBxYtHJohQyGI0YbhkiuWUHhOx7LvFlOKRY83K5pwtfp2z

Debug level 1: CLIENT -> SERVER: xMqrFYxYNGfoT35i2klpg5o3V4eSO53NY8l9b2uI4ZJCMKgPIO9Q7A3MxvVa9qSAyHcKzaZNRjRU

Debug level 1: CLIENT -> SERVER: wCv8F1EG3av4CeI88SGJUAIrmgxHyB8guUc+f8cK5BQPUJT2EJOK/9eKv4co3FJu1chv6k4IVOq+

Debug level 1: CLIENT -> SERVER: CVEZWBEMDJe6H2YgSQSLPc3jTrJP07T8Db7OQdvavbtT/wIBf8P0VK7RDp5miLiL8j0A1YMSTGJ+

Debug level 1: CLIENT -> SERVER: Jn+3UZV4KjgNWbxiuYfFG8E2wF32D/Of6BClVZxJZqlMul+uTEKu/JW9N8g/XPsPCdRHGVs8HptI

Debug level 1: CLIENT -> SERVER: ZkeSYyjzFOl2OZZuezvrZLrcJ5kqcrvjck+L6D3ldsfk7u2s5Xb3kfszw3FQnhhJQ9eYwkm8Bahx

Debug level 1: CLIENT -> SERVER: T2f6ugXeF34/l/hm/awtCDyvth8IccLqgtvIpKRZM8g+yrplH+eKic9frrbPbPeDF8/EujZ7s7T5

Debug level 1: CLIENT -> SERVER: H62aYi5++ib4GWOaHEdVw6BK/OMru9ay2r9u6gfaYyrW/C8nFZcvTFBq9IQVSzWTtvy/sdycZ6cK

Debug level 1: CLIENT -> SERVER: uX9i7E/iXcKaEnSeJ4JOr9z+8MHeYzW6hjklyiL8RBKVaURHotVqP4l+AE9uHy6LpjSeV51V0JPm

Debug level 1: CLIENT -> SERVER: 34AkUwvNtkTHQ/UPQvgNxFNHQQVypzyB+GkUwzvq2cPK0e89j4l/0tvH5xRspIItCCYWsKXaprhI

Debug level 1: CLIENT -> SERVER: eb+0h4tMkHmgei1lnla8HiDzHnXTdJnnozLPn1pmX/y6glitDwOUl7zIiNkNm2dWHRWoEJpMGpzT

Debug level 1: CLIENT -> SERVER: htwf07g+g6oQ9by5j0jGmjlJsVd3afAte5TksjTin4BhGdyMsc83KolJb2tjbdlNS3uDr2wLWNHK

Debug level 1: CLIENT -> SERVER: /mnqgm8ZbsuYt8/O+bcFRDMgIeuJYMDbm42kpG62Fjt4nEn1gQJrGFEJ5elRUpz2QGzCsTpm0jCv

Debug level 1: CLIENT -> SERVER: q2fek9rOOZbxWjdVy2V9U6VsIKXALz6KxkicZTWsZ5m1+R+pH4UCxUxXHU/pyHpSV5quNNWXXqrG

Debug level 1: CLIENT -> SERVER: dnu2NZjSyo4YZJKFTHRlI+c09uRAjYWeTFjA31zwFWadlv9mWwgL6s3V1dWF1W4sW9KWElq253Zs

Debug level 1: CLIENT -> SERVER: rjDVMzCr6Tly9k//+y+zKpiV13UG3jjVlEpbB0XFraH3URRWR5W7tHtTfnNrRLluR7nFFYEh317k

Debug level 1: CLIENT -> SERVER: gPbU9+xtQUcRjVSS4vpdRxGNmRpNIoxas/M3kQb3zFnpI4lM8Yj30nBt971pr8w5i4+5bdkri7eU

Debug level 1: CLIENT -> SERVER: KDjh5u+zCjBD79jrhbN2FxJ0nwc18T2nW80slVB8g2SzWqmERduJ3M/qj3mr/2OXm/8DUEsHCFun

Debug level 1: CLIENT -> SERVER: 1sIFCgAALFMAAFBLAwQUAAgICAA2bT5bAAAAAAAAAAAAAAAAFQAAAE9iamVjdCAxL3NldHRpbmdz

Debug level 1: CLIENT -> SERVER: LnhtbLVXXXOiMBR931/h8G5Ra11l1I6l0627/XDEdj/eIlwl05DLJEFkf/0G0Y5LcddSeWJIcs85

Debug level 1: CLIENT -> SERVER: uZzcG/qX64DVViAkRT4wmmcNowbcRY/y5cB4mt3Uu8bl8FMfFwvqguWhGwXAVV2CUnqJrOlwLq1s

Debug level 1: CLIENT -> SERVER: emBEgltIJJUWJwFIS7kWhsB3Ydb+amtDlo2sGeUvA8NXKrRMM47js/j8DMXSbPZ6PXMzu1vqIl/Q

Debug level 1: CLIENT -> SERVER: 5bFU2ep9KkR8JUoDMjEbslaj0Tazd6O2FbmXmpYx3OVht/1hf0uQPepUQZDmprYdTqUNDE1prSjE

Debug level 1: CLIENT -> SERVER: r1kziuL+jnmmks4ZjASQGYbGblIloZ6kXBnD826n2+2bb4HeBX4HC1WE3vgw8nfqKb8Iuvu5cfFh

Debug level 1: CLIENT -> SERVER: 9FugS79QebvXPha9HpCwTrkHa/DyTBAXf6ZNjDaYSP6vd+QquoIZ0ZpzSqUS2gjG8OrxvjaZjh/s

Debug level 1: CLIENT -> SERVER: YskFg/v8h6a3WypeoE14vG2zgUgQpQ/Be/zr+Bj/AoHPhEUgc7ufIzIg3BgqEUE5K6T4D6iqgv4i

Debug level 1: CLIENT -> SERVER: qHd65BTVRoYiB80w9UKz1TlvtS465VVPyBKu9OF4qSArd7oGP4UeUXCP3hs7+yjSklQO+pZInZUo

Debug level 1: CLIENT -> SERVER: 4FOMb4F4uuSeXr8mcXwApU9jBehj+Rgp3abASYI5MulAvjadhMThJJzhlEgFeQ+94i8IkyUJMuCx

Debug level 1: CLIENT -> SERVER: 3NbZyhimIPX3TkvKj6IK3mw0SrafPPzPKuCdaO7RFZUH5Z8IvFh8Wetk8KM1lU7CXV8gp7+hgho3

Debug level 1: CLIENT -> SERVER: ihTahLkR06Xi9PAT3Tf1Ph70S3FLNY/G0Gc0yt+s5kRCp31FORHJMVCjMGTJkwRxTRQ5/W5tnwji

Debug level 1: CLIENT -> SERVER: aq02BqEAmdpipsGLy29JV4/lNxB8JCnhk4i7Kto0+woOv0NW8Jzdpx+5zVBWUWGyHnUjMJhBEFZj

Debug level 1: CLIENT -> SERVER: whFjutmmLvqKc5twF1gFDReJN9XdEDlLKsjTWF5vf5UcbbLDleAfFAdvl+ab3yTz0A/k8A9QSwcI

Debug level 1: CLIENT -> SERVER: yWZxot0CAACCDgAAUEsDBBQAAAgAADZtPlsvCliq+wMAAPsDAAAIAAAAbWV0YS54bWw8P3htbCB2

Debug level 1: CLIENT -> SERVER: ZXJzaW9uPSIxLjAiIGVuY29kaW5nPSJVVEYtOCI/Pgo8b2ZmaWNlOmRvY3VtZW50LW1ldGEgeG1s

Debug level 1: CLIENT -> SERVER: bnM6b2ZmaWNlPSJ1cm46b2FzaXM6bmFtZXM6dGM6b3BlbmRvY3VtZW50OnhtbG5zOm9mZmljZTox

Debug level 1: CLIENT -> SERVER: LjAiIHhtbG5zOnhsaW5rPSJodHRwOi8vd3d3LnczLm9yZy8xOTk5L3hsaW5rIiB4bWxuczpkYz0i

Debug level 1: CLIENT -> SERVER: aHR0cDovL3B1cmwub3JnL2RjL2VsZW1lbnRzLzEuMS8iIHhtbG5zOm1ldGE9InVybjpvYXNpczpu

Debug level 1: CLIENT -> SERVER: YW1lczp0YzpvcGVuZG9jdW1lbnQ6eG1sbnM6bWV0YToxLjAiIHhtbG5zOm9vbz0iaHR0cDovL29w

Debug level 1: CLIENT -> SERVER: ZW5vZmZpY2Uub3JnLzIwMDQvb2ZmaWNlIiBvZmZpY2U6dmVyc2lvbj0iMS4yIj48b2ZmaWNlOm1l

Debug level 1: CLIENT -> SERVER: dGE+PG1ldGE6aW5pdGlhbC1jcmVhdG9yPmVsaXNldTwvbWV0YTppbml0aWFsLWNyZWF0b3I+PG1l

Debug level 1: CLIENT -> SERVER: dGE6ZWRpdGluZy1jeWNsZXM+MjwvbWV0YTplZGl0aW5nLWN5Y2xlcz48bWV0YTpjcmVhdGlvbi1k

Debug level 1: CLIENT -> SERVER: YXRlPjIwMjUtMDktMjlUMTI6MjU6MDA8L21ldGE6Y3JlYXRpb24tZGF0ZT48ZGM6ZGF0ZT4yMDI1

Debug level 1: CLIENT -> SERVER: LTA5LTMwVDEwOjQxOjQ0LjY1PC9kYzpkYXRlPjxtZXRhOmVkaXRpbmctZHVyYXRpb24+UFQwMEgw

Debug level 1: CLIENT -> SERVER: ME0wMFM8L21ldGE6ZWRpdGluZy1kdXJhdGlvbj48bWV0YTpnZW5lcmF0b3I+QnJPZmZpY2Uub3Jn

Debug level 1: CLIENT -> SERVER: LzMuMSRXaW4zMiBPcGVuT2ZmaWNlLm9yZ19wcm9qZWN0LzMxMG0xMSRCdWlsZC05Mzk5PC9tZXRh

Debug level 1: CLIENT -> SERVER: OmdlbmVyYXRvcj48bWV0YTpkb2N1bWVudC1zdGF0aXN0aWMgbWV0YTp0YWJsZS1jb3VudD0iMCIg

Debug level 1: CLIENT -> SERVER: bWV0YTppbWFnZS1jb3VudD0iMCIgbWV0YTpvYmplY3QtY291bnQ9IjEiIG1ldGE6cGFnZS1jb3Vu

Debug level 1: CLIENT -> SERVER: dD0iMSIgbWV0YTpwYXJhZ3JhcGgtY291bnQ9IjkiIG1ldGE6d29yZC1jb3VudD0iNTAiIG1ldGE6

Debug level 1: CLIENT -> SERVER: Y2hhcmFjdGVyLWNvdW50PSIyOTMiLz48bWV0YTp0ZW1wbGF0ZSB4bGluazp0eXBlPSJzaW1wbGUi

Debug level 1: CLIENT -> SERVER: IHhsaW5rOmFjdHVhdGU9Im9uUmVxdWVzdCIgeGxpbms6dGl0bGU9Ik5vcm1hbCIgeGxpbms6aHJl

Debug level 1: CLIENT -> SERVER: Zj0iIi8+PC9vZmZpY2U6bWV0YT48L29mZmljZTpkb2N1bWVudC1tZXRhPlBLAwQUAAgICAA2bT5b

Debug level 1: CLIENT -> SERVER: AAAAAAAAAAAAAAAAGAAAAFRodW1ibmFpbHMvdGh1bWJuYWlsLnBuZ+2WazQbCBqG04tO3Up3t6qU

Debug level 1: CLIENT -> SERVER: Tk+n7bqWtq5VBu1MsUGpRpW4DdYlUlTccpmW0lZLu51SRDK0pIi4RkQiqJKSllYREWRckiAiIk3Q

Debug level 1: CLIENT -> SERVER: SDI9Z/bs6a89e87+27O/vu+c5+f7nPf77vl6/6itYaABAAC0PS5d8PsyiQDADsDePV826TE7NgCg

Debug level 1: CLIENT -> SERVER: YedxwfVKOlo4zUiav6R3Z5Zx1/Z4T9+Fc7d/+8H4gXrgwP2gWJNT7eHdt5NcNQG0sHX173z9gD7n

Debug level 1: CLIENT -> SERVER: v11fVJlWbnoC1MV/KRuklWzGY2J2/bItZRkBkHZu2g45Bsl7bRZ0494cHX3k/vJonq/7vorcw/8p

Debug level 1: CLIENT -> SERVER: SPF9iSOjyCUhjvEJzUmH62MNzvDflpRX12AVZ5Q+fwJD2bKz0lOSiRxIJqdNShGTlI9ThrrGh2mX

Debug level 1: CLIENT -> SERVER: 4UOkArm2vMXZqa1VcfbdbM9i2lRCQcCknJmJWmjH1iQYp1GWoJPzk4Xv32y4OBnKDNuI0xAn+viR

Debug level 1: CLIENT -> SERVER: dI2YBayEXdB0TGBLuwf1N2pN4MjZtiQxyoAkg96XeynEhT50KqqQO+GzbJ2T3CiQvsNgMP53QzTA

Debug level 1: CLIENT -> SERVER: b9K13BI+bJISSumz7ziilAn3vQRbreHx1Fni0cTR1xBcYxK8Lt8kwQUpEWJXIsTcR3Q4fmomz3yB

Debug level 1: CLIENT -> SERVER: oONxCHE3krECl5HXs5agtsEKs2Hn13aot17L4U6B7Q556AITUqQTtr2hjsMji8Opnc9SDxqGEmDE

Debug level 1: CLIENT -> SERVER: GBWuVQrJze9seyKdDTbnnVdqmZd3AWnvrND15JwUH0W+Src093tVt2sFDNcmWFeMdz0uY8Ingjv4

Debug level 1: CLIENT -> SERVER: I8KR5izi6M1S3MCWTgvTn13ETK6jApWjoUfyKMK6p7LEjETmjMqorD2xhdL2qUaIN5MHFrCe+l8b

Debug level 1: CLIENT -> SERVER: CpdMQFvQkTP9Fvw5GKSaTA6eQyGWkQS6JX+mHIbL03F6kxaXNoI4o2KSTbByrPjbij1Kh38X/DdX

Debug level 1: CLIENT -> SERVER: lx5G8/vdHg5PgNT+Rg4SyT1Jfvs3IuwogczcQWqssf+YDwHPDlgEsk07Ck35g2L/p2CyCkmcmhh9

Debug level 1: CLIENT -> SERVER: mh4vDzSxl0ogWjbeNQtxNZPyxsGhqkFXEi2arIplU1F1Zpo4YF+Yw3B6MId5JWMRZclo6nXISaFu

Debug level 1: CLIENT -> SERVER: IcERuIgjy7WvUKNd0pjrGxLKxuK+OjUd5YshF3S/yqq/h5DN8jd3sAhIie9jB+1Pk6Fur/Vv2XVD

Debug level 1: CLIENT -> SERVER: NyD27BR8a53Z6nZ2BaHSTE4UmfJHxBadsVwkayb5ZTKqzDrP5uqOatm8/mQI78Y+qPty6OJGRwge

Debug level 1: CLIENT -> SERVER: 4gichxRQtBCeAbCUaazvrTTyCyW9spewwhlJ8o8KD7C253n+wNk08LbebXrFgTfDY0cnI1343KTN

Debug level 1: CLIENT -> SERVER: jAdVtWvrz5WpsaHkOStFAkkRzDkWU6O1SdtpdDiwChTAzUkbFNZKa2vJmxs0jWFPbjBxmuYGNRkQ

Debug level 1: CLIENT -> SERVER: FEGKmkkdyZbUKgL1yqqPZPQsO84BJP37UujekUw0M6QKU1ewNLk6aoEQLkc3uYSkGgsUsPP17zJw

Debug level 1: CLIENT -> SERVER: Gr0jeQTH1c/w+nrkTSGPR1eYQabX4dM+JFYP4mqQuDzT1Qat8Ue6BUaK9oWMu1zSp03DjM9Cdt8A

Debug level 1: CLIENT -> SERVER: fHUVudQ977D65PMKaou2BcAyoEuxGI5u7vcYNvfg2d9ARnafP3RMw3s+/QphF9ruRGpwar4yI+9O

Debug level 1: CLIENT -> SERVER: h0juoDc2RWNJhQOYUH/roct0OjNpwj6Vqt5rzEexPpKv7ToPlPzCJJ+rPuWbtvgITGXCKMVT9/6h

Debug level 1: CLIENT -> SERVER: ue0Nx31VLIddfhR3km8x4O1W9MampNAPdgEpm+BEvfEU5Q3jSHTkQX62Ven6RaOgquKTexL5e0ot

Debug level 1: CLIENT -> SERVER: QLsCecfHDyCcMcBrXM5DGCKrBSc5DtyLiDGOJLv9/Nx7meEIv3TK+T4KJNnNCO6OA89VVw6nMqba

Debug level 1: CLIENT -> SERVER: mXER81kSfQ62Ia8hR/SV7mj3vE+ljA5e4KHKFpOHV3eLWZmshrRi5iDjJwuvmDHICcF88vVojhIi

Debug level 1: CLIENT -> SERVER: 28YmspgTG0hmktbjCuckOtKPYmLBIprfGltI7VhvvkbJ/ymxmNlM3V3EDXdiHHyPZ7f7f0Tz0x90

Debug level 1: CLIENT -> SERVER: Wah1mD8d011smFuLoheZdk6PhIc3XVRdplEuRXdSx5EleC4ZYsjEvGoOE0bX4G/eAsK10yTljjli

Debug level 1: CLIENT -> SERVER: ndXy4320RxR1mzXKP3t44hE40Mqp6LiF2RZnxRbz0XS7LGDbnzsdia8HYUEItWyr5BI9Px21OxXG

Debug level 1: CLIENT -> SERVER: ZuYvaV0GPc/AjdFv+aukQpBue+/Y1pGB8OdHCIdiKNpKoJdASH9F8Q0CEXaGhatt+2Vs/DVeIByu

Debug level 1: CLIENT -> SERVER: C+7pvnZmam7rYUXHmhOhN7/JrQn/XsUjLRWb6eewG+NQ7P2LoUlTTB0mpuO0TM+5RHHyY+JNy2lR

Debug level 1: CLIENT -> SERVER: h6JoA5ICDuBQEs83KA7oRGREHLpvDrJa29iGyHVVz0SGnBqXacepN43zItd/ZeBTM+J1MSOqElJ2

Debug level 1: CLIENT -> SERVER: 6hUZ/KI5+PW6da70BtQZ5ymCyXY0nBz6rJ8X3mSVDSe/j0JDL/0qRsnRpp1Ru/Gl9mWM5e0YyVRj

Debug level 1: CLIENT -> SERVER: 2HfInmkEDvlAtXQ7C5ZWsQd54A9lsbA+tujEiLf/tnM5xss9U2CQNRaUicD0TuAhc41h6J/ZC9JP

Debug level 1: CLIENT -> SERVER: n1lFsz2nL5OuvCdHnU5cdnfJE9Y69IjwouKTSpnisEZxKTaIUxiKLFz3AFGBjGzIiZFq6fpcULpr

Debug level 1: CLIENT -> SERVER: Zz843bJVk1sWrk2zfwx7Cxoy8gsIfTKObW3FgFk0zMvrpoueRLROiSbkm3M6sXOrdIGc2CTUlyVp

Debug level 1: CLIENT -> SERVER: /jkXFY3ogg9tzjuL75Pk91oFazNZY5B4CgzhuE1caa2XCYpsNmlsFU/fcp81Id9DGYZw0VSIatV7

Debug level 1: CLIENT -> SERVER: 8aK0hk3v//ao/x/8zwC0aqf1rHV7dvpjvS+fJMDjovcFglvY7d8BUEsHCKJnyVo8CAAAcAoAAFBL

Debug level 1: CLIENT -> SERVER: AwQUAAgICAA2bT5bAAAAAAAAAAAAAAAADAAAAHNldHRpbmdzLnhtbLVZW3PaOhB+P78i43dCSFra

Debug level 1: CLIENT -> SERVER: MAkdIKWHhgQGSDOnb8JeQAdZ65HkAP/+rGTIpFxyCLaeSGxpV3v79lv55tsyFmcvoDRHeRtUzi+C

Debug level 1: CLIENT -> SERVER: M5AhRlxOb4OnUbv0NfhW/+sGJxMeQi3CMI1BmpIGY2iJPqPtUtey17dBqmQNmea6JlkMumbCGiYg

Debug level 1: CLIENT -> SERVER: N9tqb1fXnLLsyVJwOb8NZsYktXJ5sVicL67OUU3Llevr67J7u1kaopzw6bGqstVvVSHiqyK7ITuM

Debug level 1: CLIENT -> SERVER: U3Z5cfGpnP0fnK0P+cY1l0F944eN+fWbtYLsp8QNxNY3Z+vH9mi3AamsvXBYvHot2Lfvzz2/aH1D

Debug level 1: CLIENT -> SERVER: ARthEmzemFVCb7g0Qf3iprwr4XipXZgYD2KfeWRm++ReXX7+cplP9t/Ap7O9h76sVKpfTxM+nOFi

Debug level 1: CLIENT -> SERVER: ABHlF7RmTE5BbykYIwpgMqgblcJpOjqyqXCh4QEjOCR9woQ+WnwpZkmJywiWEO36an9yuT1UFmp1

Debug level 1: CLIENT -> SERVER: nMc70dZRtVGUuUHd5nGOSB5KvEr16nPldLEHqqRyUa1WT5Wq+VhA4YXipBZd1E7o4FB92OLLJ7qJ

Debug level 1: CLIENT -> SERVER: xmB8qPa+nCb7N2I8IknbiTZDlQ+JumyFqWmhSGO5Xc9FSW8izgsr6F2/tFloUO0/e+XixNN39BAE

Debug level 1: CLIENT -> SERVER: hAaitqIHJxx9z8O3wHLo9Rqr9i+gnnh8F80epIoZ6skfaaeNKOozxUaMsnmYsNBiWfGh6xNGmgFY

Debug level 1: CLIENT -> SERVER: zgDbAFqE/F5qbKvqkgbxDwcR6cc0HoPyY02XWNdTEjGzr3VtkjGHo77HiVn1mZ+mO5WooM2VNmQG

Debug level 1: CLIENT -> SERVER: dCgDpelIn+4iAqGobEG1ME4UaEsbC8c357ghGSDgJ44POi6HGVnE24rAGeJE0N/FR8dZ0WcJKKtn

Debug level 1: CLIENT -> SERVER: CCbd7odFWEI174CuN5kQUvjwlbPDUgRPWbympn2FhnCb8ukeVttamIbqpyaXTK2C8pFHdjDo4bzr

Debug level 1: CLIENT -> SERVER: g7ZRbZOFogrMNFKDWYp6SssWUjND4cU7JB7U3nT/YBQzeKMw6oaMmoLJuSanW6RrMRGmwvVHXwnf

Debug level 1: CLIENT -> SERVER: kBKN03C4L5wIb11k0QBYhFLsJHoxiGBZwJoAjNDVQQuEj2iTru9LCrdkoksWvdNzcuhIErF60qDu

Debug level 1: CLIENT -> SERVER: mGHFi29biuGz4IbsBX5lFyw92RKoffBpq+SHwDETd+u7IUtsfLSDjr6neDc0Z7KfytCkvsqwIfhU

Debug level 1: CLIENT -> SERVER: UvIODSZ91Pw9NadHpyV40tCvtKYhQ6ptiJ4VLVVtsXLN1YcfW6lSFCab1BYY7e8QUxXuYE12J3EE

Debug level 1: CLIENT -> SERVER: XpKvGq5RZ0SQsNLiwFSxZKY7ssv19uBchBl3+IimxRKTKrhTbNEb/6t70lIFD8oclA1wcQ/gg0ut

Debug level 1: CLIENT -> SERVER: e9fj7tx4fBCcjDZb5hJC7VnzCNQIluaZ4teT5FaqAR9MWENPRGvLH4COGHojke7yxtcspLtsDK/o

Debug level 1: CLIENT -> SERVER: 58dTlvOBYyD+xus9Q3zDDA2xwuKd9mrSJtESPzY5kBgADSjWtIYxyjI5mlPb6CVU2eilUCdE1H3J

Debug level 1: CLIENT -> SERVER: /2GB9Z1qycF4hMCF00Hjb4vJEISHxvdn/6F5PmYy2jPL57m1dYH/mWrDJytbNvqZm9kDkykTTQVs

Debug level 1: CLIENT -> SERVER: 7qdH6AHY4eAFRpi1Qp9oQMhMSbYhKB6v3EBZY+zXP8vu3AXtgc8XM8LZkgKNIrVnytMYfN4lrS9I

Debug level 1: CLIENT -> SERVER: ptBk4XyqMJUHrxOLTvN87d3yHHcl62d6plE3nFtk9NLv5ZLyNoTfoJBGt/+Z2j54Te6uucs7n4/L

Debug level 1: CLIENT -> SERVER: hz6s1/8DUEsHCEI5BAj9BAAAmh8AAFBLAwQUAAgICAA2bT5bAAAAAAAAAAAAAAAAFQAAAE1FVEEt

Debug level 1: CLIENT -> SERVER: SU5GL21hbmlmZXN0LnhtbLWWz27CMAzG7zxFlTvN4DRVFKRN2nXSxB7ApG7JlCZR7CB4+7VM/BlD

Debug level 1: CLIENT -> SERVER: E6DmlkTJ7/vsNHZni21rsg0G0s6WYpI/iQytcpW2TSk+l2/jZ7GYj2YtWF0jcXEYZN05S8dpKWKw

Debug level 1: CLIENT -> SERVER: hQPSVFhokQpWhfNoK6dii5aL3/uLXmk+yk7gWhscdxvDLjuJYaVhzDuPpQDvjVbAnU+5sVW+18rP

Debug level 1: CLIENT -> SERVER: JXLGLYvT6bOopmfLdTRm7IHXpZBC3uXhOuXV2Vo3Mey90VQSA0daQUiDB6XQYDd1QaoYQh95l9zk

Debug level 1: CLIENT -> SERVER: WkkEauOAMRHcOx9992XERPjgmoCU7qZ768ng7JxJBtctNEjyRXMLnpJq3Mm+LCMUbf968qhzdS5w

Debug level 1: CLIENT -> SERVER: m4dBAntffaHiD/QGFPaFjOTPUjZJxb+T2xdW2deYq/wub/xYEfqfS7wzSINjD7mVqXwfBVIHQMjc

Debug level 1: CLIENT -> SERVER: 9elHFG7opuQDQkVrxPua6tHeoEG3yDBYm1uuY7uyoA1JPgxzb5uh4cM+h4vbnsk/P2Xzb1BLBwjn

Debug level 1: CLIENT -> SERVER: ESsbegEAAM8JAABQSwECFAAUAAAIAAA2bT5bXsYyDCcAAAAnAAAACAAAAAAAAAAAAAAAAAAAAAAA

Debug level 1: CLIENT -> SERVER: bWltZXR5cGVQSwECFAAUAAAIAAA2bT5bAAAAAAAAAAAAAAAAGgAAAAAAAAAAAAAAAABNAAAAQ29u

Debug level 1: CLIENT -> SERVER: ZmlndXJhdGlvbnMyL3N0YXR1c2Jhci9QSwECFAAUAAgICAA2bT5bAAAAAAIAAAAAAAAAJwAAAAAA

Debug level 1: CLIENT -> SERVER: AAAAAAAAAACFAAAAQ29uZmlndXJhdGlvbnMyL2FjY2VsZXJhdG9yL2N1cnJlbnQueG1sUEsBAhQA

Debug level 1: CLIENT -> SERVER: FAAACAAANm0+WwAAAAAAAAAAAAAAABgAAAAAAAAAAAAAAAAA3AAAAENvbmZpZ3VyYXRpb25zMi9m

Debug level 1: CLIENT -> SERVER: bG9hdGVyL1BLAQIUABQAAAgAADZtPlsAAAAAAAAAAAAAAAAaAAAAAAAAAAAAAAAAABIBAABDb25m

Debug level 1: CLIENT -> SERVER: aWd1cmF0aW9uczIvcG9wdXBtZW51L1BLAQIUABQAAAgAADZtPlsAAAAAAAAAAAAAAAAcAAAAAAAA

Debug level 1: CLIENT -> SERVER: AAAAAAAAAEoBAABDb25maWd1cmF0aW9uczIvcHJvZ3Jlc3NiYXIvUEsBAhQAFAAACAAANm0+WwAA

Debug level 1: CLIENT -> SERVER: AAAAAAAAAAAAABgAAAAAAAAAAAAAAAAAhAEAAENvbmZpZ3VyYXRpb25zMi9tZW51YmFyL1BLAQIU

Debug level 1: CLIENT -> SERVER: ABQAAAgAADZtPlsAAAAAAAAAAAAAAAAYAAAAAAAAAAAAAAAAALoBAABDb25maWd1cmF0aW9uczIv

Debug level 1: CLIENT -> SERVER: dG9vbGJhci9QSwECFAAUAAAIAAA2bT5bAAAAAAAAAAAAAAAAHwAAAAAAAAAAAAAAAADwAQAAQ29u

Debug level 1: CLIENT -> SERVER: ZmlndXJhdGlvbnMyL2ltYWdlcy9CaXRtYXBzL1BLAQIUABQACAgIADZtPlu+IPTNegEAAL0DAAAb

Debug level 1: CLIENT -> SERVER: AAAAAAAAAAAAAAAAAC0CAABPYmplY3RSZXBsYWNlbWVudHMvT2JqZWN0IDFQSwECFAAUAAgICAA2

Debug level 1: CLIENT -> SERVER: bT5bJ8cQdIkFAACuFQAACwAAAAAAAAAAAAAAAADwAwAAY29udGVudC54bWxQSwECFAAUAAgICAA2

Debug level 1: CLIENT -> SERVER: bT5bJ6iOFpALAABaVgAACgAAAAAAAAAAAAAAAACyCQAAc3R5bGVzLnhtbFBLAQIUABQACAgIADZt

Debug level 1: CLIENT -> SERVER: Plsv4a1pcAUAAKwXAAAUAAAAAAAAAAAAAAAAAHoVAABPYmplY3QgMS9jb250ZW50LnhtbFBLAQIU

Debug level 1: CLIENT -> SERVER: ABQACAgIADZtPltbp9bCBQoAACxTAAATAAAAAAAAAAAAAAAAACwbAABPYmplY3QgMS9zdHlsZXMu

Debug level 1: CLIENT -> SERVER: eG1sUEsBAhQAFAAICAgANm0+W8lmcaLdAgAAgg4AABUAAAAAAAAAAAAAAAAAciUAAE9iamVjdCAx

Debug level 1: CLIENT -> SERVER: L3NldHRpbmdzLnhtbFBLAQIUABQAAAgAADZtPlsvCliq+wMAAPsDAAAIAAAAAAAAAAAAAAAAAJIo

Debug level 1: CLIENT -> SERVER: AABtZXRhLnhtbFBLAQIUABQACAgIADZtPluiZ8laPAgAAHAKAAAYAAAAAAAAAAAAAAAAALMsAABU

Debug level 1: CLIENT -> SERVER: aHVtYm5haWxzL3RodW1ibmFpbC5wbmdQSwECFAAUAAgICAA2bT5bQjkECP0EAACaHwAADAAAAAAA

Debug level 1: CLIENT -> SERVER: AAAAAAAAAAA1NQAAc2V0dGluZ3MueG1sUEsBAhQAFAAICAgANm0+W+cRKxt6AQAAzwkAABUAAAAA

Debug level 1: CLIENT -> SERVER: AAAAAAAAAAAAbDoAAE1FVEEtSU5GL21hbmlmZXN0LnhtbFBLBQYAAAAAEwATAP0EAAApPAAAAAA=

Debug level 1: CLIENT -> SERVER: 

Debug level 1: CLIENT -> SERVER: --b1=_k6SCZZqiE72JhF7tSGapNU8bSdCPst6obo6jCjamfOc--

Debug level 1: CLIENT -> SERVER: 

Debug level 1: CLIENT -> SERVER: .

Debug level 2: SERVER -> CLIENT: 250 2.0.0 Ok: queued as 2979E1C3

Debug level 1: CLIENT -> SERVER: QUIT

Debug level 2: SERVER -> CLIENT: 221 2.0.0 Bye

