Debug level 2: SERVER -> CLIENT: 220 smtp-sp217-63.kinghost.net ESMTP

Debug level 1: CLIENT -> SERVER: EHLO localhost

Debug level 2: SERVER -> CLIENT: 250-smtp-sp217-63.kinghost.net
250-PIPELINING
250-SIZE 62914560
250-VRFY
250-ETRN
250-STARTTLS
250-AUTH PLAIN LOGIN
250-AUTH=PLAIN LOGIN
250-ENHANCEDSTATUSCODES
250-8BITMIME
250-DSN
250 CHUNKING

Debug level 1: CLIENT -> SERVER: AUTH LOGIN

Debug level 2: SERVER -> CLIENT: 334 VXNlcm5hbWU6

Debug level 1: CLIENT -> SERVER: [credentials hidden]
Debug level 2: SERVER -> CLIENT: 334 UGFzc3dvcmQ6

Debug level 1: CLIENT -> SERVER: [credentials hidden]
Debug level 2: SERVER -> CLIENT: 235 2.7.0 Authentication successful

Debug level 1: CLIENT -> SERVER: MAIL FROM:<ourodosul@ourodosul.com.br>

Debug level 2: SERVER -> CLIENT: 250 2.1.0 Ok

Debug level 1: CLIENT -> SERVER: RCPT TO:<eliseu@ourodosul.com.br>

Debug level 2: SERVER -> CLIENT: 250 2.1.5 Ok

Debug level 1: CLIENT -> SERVER: DATA

Debug level 2: SERVER -> CLIENT: 354 End data with <CR><LF>.<CR><LF>

Debug level 1: CLIENT -> SERVER: Date: Fri, 10 Oct 2025 14:56:31 +0200

Debug level 1: CLIENT -> SERVER: To: eliseu@ourodosul.com.br

Debug level 1: CLIENT -> SERVER: From: ourodosul@ourodosul.com.br

Debug level 1: CLIENT -> SERVER: Subject: =?UTF-8?Q?Atualiza=C3=A7=C3=A3o_de_Cadastro?=

Debug level 1: CLIENT -> SERVER: Message-ID: <SfEMesLbE5AlVKD6tn9l1Z2vRmXWzsROI9OuZiKO8c@localhost>

Debug level 1: CLIENT -> SERVER: X-Mailer: PHPMailer 6.10.0 (https://github.com/PHPMailer/PHPMailer)

Debug level 1: CLIENT -> SERVER: MIME-Version: 1.0

Debug level 1: CLIENT -> SERVER: Content-Type: multipart/alternative;

Debug level 1: CLIENT -> SERVER:  boundary="b1=_SfEMesLbE5AlVKD6tn9l1Z2vRmXWzsROI9OuZiKO8c"

Debug level 1: CLIENT -> SERVER: Content-Transfer-Encoding: 8bit

Debug level 1: CLIENT -> SERVER: 

Debug level 1: CLIENT -> SERVER: --b1=_SfEMesLbE5AlVKD6tn9l1Z2vRmXWzsROI9OuZiKO8c

Debug level 1: CLIENT -> SERVER: Content-Type: text/plain; charset=UTF-8

Debug level 1: CLIENT -> SERVER: Content-Transfer-Encoding: 8bit

Debug level 1: CLIENT -> SERVER: 

Debug level 1: CLIENT -> SERVER: Bom dia! Aqui é da Ouro do Sul. Podemos conversar por aqui ?

Debug level 1: CLIENT -> SERVER: 				2463 .5 JOAO VOGEL

Debug level 1: CLIENT -> SERVER: Estamos entrando em contato para atualizar seu cadastro. Pode confirmar seus dados ? 

Debug level 1: CLIENT -> SERVER: Nome: 

Debug level 1: CLIENT -> SERVER: CPF – 

Debug level 1: CLIENT -> SERVER: Data de Nascimento:

Debug level 1: CLIENT -> SERVER: Email (pode ser de filho): 	

Debug level 1: CLIENT -> SERVER: Telefone: 				Tem WhatsApp? 					

Debug level 1: CLIENT -> SERVER: Endereço: 

Debug level 1: CLIENT -> SERVER: No seu cadastro está sem a data de nascimento.

Debug level 1: CLIENT -> SERVER: 

Debug level 1: CLIENT -> SERVER: Podemos usar esse contato de telefone para passar promoções dos supermercados?

Debug level 1: CLIENT -> SERVER: 

Debug level 1: CLIENT -> SERVER: --b1=_SfEMesLbE5AlVKD6tn9l1Z2vRmXWzsROI9OuZiKO8c

Debug level 1: CLIENT -> SERVER: Content-Type: text/html; charset=us-ascii

Debug level 1: CLIENT -> SERVER: 

Debug level 1: CLIENT -> SERVER: Bom dia! Aqui &eacute; da Ouro do Sul. Podemos conversar por aqui ?<br />

Debug level 1: CLIENT -> SERVER: 				2463 .5 JOAO VOGEL<br />

Debug level 1: CLIENT -> SERVER: Estamos entrando em contato para atualizar seu cadastro. Pode confirmar seus dados ? <br />

Debug level 1: CLIENT -> SERVER: Nome: <br />

Debug level 1: CLIENT -> SERVER: CPF &ndash; <br />

Debug level 1: CLIENT -> SERVER: Data de Nascimento:<br />

Debug level 1: CLIENT -> SERVER: Email (pode ser de filho): 	<br />

Debug level 1: CLIENT -> SERVER: Telefone: 				Tem WhatsApp? 					<br />

Debug level 1: CLIENT -> SERVER: Endere&ccedil;o: <br />

Debug level 1: CLIENT -> SERVER: No seu cadastro est&aacute; sem a data de nascimento.<br />

Debug level 1: CLIENT -> SERVER: <br />

Debug level 1: CLIENT -> SERVER: Podemos usar esse contato de telefone para passar promo&ccedil;&otilde;es dos supermercados?

Debug level 1: CLIENT -> SERVER: 

Debug level 1: CLIENT -> SERVER: 

Debug level 1: CLIENT -> SERVER: --b1=_SfEMesLbE5AlVKD6tn9l1Z2vRmXWzsROI9OuZiKO8c--

Debug level 1: CLIENT -> SERVER: 

Debug level 1: CLIENT -> SERVER: .

Debug level 2: SERVER -> CLIENT: 250 2.0.0 Ok: queued as D9E3310083F8

Debug level 1: CLIENT -> SERVER: QUIT

Debug level 2: SERVER -> CLIENT: 221 2.0.0 Bye

