Debug level 2: SERVER -> CLIENT: 220 smtp-sp217-59.kinghost.net ESMTP

Debug level 1: CLIENT -> SERVER: EHLO localhost

Debug level 2: SERVER -> CLIENT: 250-smtp-sp217-59.kinghost.net
250-PIPELINING
250-SIZE 62914560
250-VRFY
250-ETRN
250-STARTTLS
250-AUTH PLAIN LOGIN
250-AUTH=PLAIN LOGIN
250-ENHANCEDSTATUSCODES
250-8BITMIME
250-DSN
250 CHUNKING

Debug level 1: CLIENT -> SERVER: AUTH LOGIN

Debug level 2: SERVER -> CLIENT: 334 VXNlcm5hbWU6

Debug level 1: CLIENT -> SERVER: [credentials hidden]
Debug level 2: SERVER -> CLIENT: 334 UGFzc3dvcmQ6

Debug level 1: CLIENT -> SERVER: [credentials hidden]
Debug level 2: SERVER -> CLIENT: 235 2.7.0 Authentication successful

Debug level 1: CLIENT -> SERVER: MAIL FROM:<ourodosul@ourodosul.com.br>

Debug level 2: SERVER -> CLIENT: 250 2.1.0 Ok

Debug level 1: CLIENT -> SERVER: RCPT TO:<joaohensel@hotmail.com>

Debug level 2: SERVER -> CLIENT: 250 2.1.5 Ok

Debug level 1: CLIENT -> SERVER: DATA

Debug level 2: SERVER -> CLIENT: 354 End data with <CR><LF>.<CR><LF>

Debug level 1: CLIENT -> SERVER: Date: Tue, 30 Sep 2025 14:20:35 +0200

Debug level 1: CLIENT -> SERVER: To: joaohensel@hotmail.com

Debug level 1: CLIENT -> SERVER: From: ourodosul@ourodosul.com.br

Debug level 1: CLIENT -> SERVER: Subject: =?iso-8859-1?Q?Distribui=C3=A7=C3=A3o_de_Sobras?=

Debug level 1: CLIENT -> SERVER: Message-ID: <CvZU601I4KdNVvR8sydjnbQFvagVXEYHRU16CJhAz0@localhost>

Debug level 1: CLIENT -> SERVER: X-Mailer: PHPMailer 6.10.0 (https://github.com/PHPMailer/PHPMailer)

Debug level 1: CLIENT -> SERVER: MIME-Version: 1.0

Debug level 1: CLIENT -> SERVER: Content-Type: multipart/mixed;

Debug level 1: CLIENT -> SERVER:  boundary="b1=_CvZU601I4KdNVvR8sydjnbQFvagVXEYHRU16CJhAz0"

Debug level 1: CLIENT -> SERVER: Content-Transfer-Encoding: 8bit

Debug level 1: CLIENT -> SERVER: 

Debug level 1: CLIENT -> SERVER: --b1=_CvZU601I4KdNVvR8sydjnbQFvagVXEYHRU16CJhAz0

Debug level 1: CLIENT -> SERVER: Content-Type: multipart/alternative;

Debug level 1: CLIENT -> SERVER:  boundary="b2=_CvZU601I4KdNVvR8sydjnbQFvagVXEYHRU16CJhAz0"

Debug level 1: CLIENT -> SERVER: 

Debug level 1: CLIENT -> SERVER: --b2=_CvZU601I4KdNVvR8sydjnbQFvagVXEYHRU16CJhAz0

Debug level 1: CLIENT -> SERVER: Content-Type: text/plain; charset=iso-8859-1

Debug level 1: CLIENT -> SERVER: Content-Transfer-Encoding: 8bit

Debug level 1: CLIENT -> SERVER: 

Debug level 1: CLIENT -> SERVER: (Sem conteúdo)

Debug level 1: CLIENT -> SERVER: 

Debug level 1: CLIENT -> SERVER: --b2=_CvZU601I4KdNVvR8sydjnbQFvagVXEYHRU16CJhAz0

Debug level 1: CLIENT -> SERVER: Content-Type: text/html; charset=iso-8859-1

Debug level 1: CLIENT -> SERVER: Content-Transfer-Encoding: 8bit

Debug level 1: CLIENT -> SERVER: 

Debug level 1: CLIENT -> SERVER: <p>(Sem conteúdo)</p>

Debug level 1: CLIENT -> SERVER: 

Debug level 1: CLIENT -> SERVER: 

Debug level 1: CLIENT -> SERVER: --b2=_CvZU601I4KdNVvR8sydjnbQFvagVXEYHRU16CJhAz0--

Debug level 1: CLIENT -> SERVER: 

Debug level 1: CLIENT -> SERVER: --b1=_CvZU601I4KdNVvR8sydjnbQFvagVXEYHRU16CJhAz0

Debug level 1: CLIENT -> SERVER: Content-Type: application/octet-stream; name="5801  .7 JOAO CARLOS HENSEL.odt"

Debug level 1: CLIENT -> SERVER: Content-Transfer-Encoding: base64

Debug level 1: CLIENT -> SERVER: Content-Disposition: attachment; filename="5801  .7 JOAO CARLOS HENSEL.odt"

Debug level 1: CLIENT -> SERVER: 

Debug level 1: CLIENT -> SERVER: UEsDBBQAAAgAAItiPltexjIMJwAAACcAAAAIAAAAbWltZXR5cGVhcHBsaWNhdGlvbi92bmQub2Fz

Debug level 1: CLIENT -> SERVER: aXMub3BlbmRvY3VtZW50LnRleHRQSwMEFAAACAAAi2I+WwAAAAAAAAAAAAAAABoAAABDb25maWd1

Debug level 1: CLIENT -> SERVER: cmF0aW9uczIvc3RhdHVzYmFyL1BLAwQUAAgICACLYj5bAAAAAAAAAAAAAAAAJwAAAENvbmZpZ3Vy

Debug level 1: CLIENT -> SERVER: YXRpb25zMi9hY2NlbGVyYXRvci9jdXJyZW50LnhtbAMAUEsHCAAAAAACAAAAAAAAAFBLAwQUAAAI

Debug level 1: CLIENT -> SERVER: AACLYj5bAAAAAAAAAAAAAAAAGAAAAENvbmZpZ3VyYXRpb25zMi9mbG9hdGVyL1BLAwQUAAAIAACL

Debug level 1: CLIENT -> SERVER: Yj5bAAAAAAAAAAAAAAAAGgAAAENvbmZpZ3VyYXRpb25zMi9wb3B1cG1lbnUvUEsDBBQAAAgAAIti

Debug level 1: CLIENT -> SERVER: PlsAAAAAAAAAAAAAAAAcAAAAQ29uZmlndXJhdGlvbnMyL3Byb2dyZXNzYmFyL1BLAwQUAAAIAACL

Debug level 1: CLIENT -> SERVER: Yj5bAAAAAAAAAAAAAAAAGAAAAENvbmZpZ3VyYXRpb25zMi9tZW51YmFyL1BLAwQUAAAIAACLYj5b

Debug level 1: CLIENT -> SERVER: AAAAAAAAAAAAAAAAGAAAAENvbmZpZ3VyYXRpb25zMi90b29sYmFyL1BLAwQUAAAIAACLYj5bAAAA

Debug level 1: CLIENT -> SERVER: AAAAAAAAAAAAHwAAAENvbmZpZ3VyYXRpb25zMi9pbWFnZXMvQml0bWFwcy9QSwMEFAAICAgAi2I+

Debug level 1: CLIENT -> SERVER: WwAAAAAAAAAAAAAAABsAAABPYmplY3RSZXBsYWNlbWVudHMvT2JqZWN0IDHFUj1LA0EQfXvRxKiB

Debug level 1: CLIENT -> SERVER: kEpQ4TSlQRJEEhGEcJwEOXOQiL1WJtiY1ioa/BZRiP4Ea/ED7cRKa7HwB1hrbbO+2+wlZ1oLF+bm

Debug level 1: CLIENT -> SERVER: zey8N7O7t2w5i0vzAhm0lsAwgkt022gS+CQyGZwzZdBHcaiRlPtEY22hmBJ5cqTsFkKTrkd38ekm

Debug level 1: CLIENT -> SERVER: tjTdUHRDZeeugdStpmEk6eVxpMMGfa8/7a+gI1onihN9fUt5cgXcTwBvdx2NA/oZ+hCm+I3AWlmv

Debug level 1: CLIENT -> SERVER: rNYqWlNAq/rKMtS+Hg33dCuBXV0rubATOOJpYENcBIMNUtPeMam1fQMypnPpjOc97gOtxhFS1P8w

Debug level 1: CLIENT -> SERVER: 1C5yrM/A441ztxpu8QxMZv0rq9KSQuWQVZVn3ntFW5UJLLh517TyJcctmwW7WLYdL5tQVwgck7lJ

Debug level 1: CLIENT -> SERVER: mQYneqVdcpAm511jp0gEiPcBL7Qh6oX7gUfa8wBQHwRm+eTvMdUDLvI0ExZ9CQ5xmVEBNopENjN/

Debug level 1: CLIENT -> SERVER: ePj/oQb/Wj/3A1BLBwgs6f7dbQEAAEQDAABQSwMEFAAICAgAi2I+WwAAAAAAAAAAAAAAAAsAAABj

Debug level 1: CLIENT -> SERVER: b250ZW50LnhtbL1YzW7jNhC+9ylYFyjag8w4uy1iNXaw3U2KAs4PmizaK0ONLLakqCWp2Mmp79An

Debug level 1: CLIENT -> SERVER: 6Knoc+RN+iQdUrYi1VZWroO9ONLw+zgfZ4bkKMcnSyXJHRgrdD4ZjIYHAwI514nI55PB+5uz6Ghw

Debug level 1: CLIENT -> SERVER: Mv3sWKep4BAnmpcKchdxnTv8S5Cd27ganQxKk8eaWWHjnCmwseOxLiBfs+ImOg6+Kot197I3PYCb

Debug level 1: CLIENT -> SERVER: bAdL15fssS0uu+3vOYCb7MSwRV+yx2JQm/RU9yUvrYxSjVFXBXPiPyqWUuS/TQaZc0VM6WKxGC5e

Debug level 1: CLIENT -> SERVER: DbWZ09F4PKZhtBbMa1xRGhlQCacgwTuzdDQc0TVWgWN99XlsU1JeqlswvUPDHNvIqr2b966Iu3lH

Debug level 1: CLIENT -> SERVER: aHjGTO/aCOB2el8l/dP7KmlyFXNZR06O6DkOhp/z2VMtGNXXl8e2QsWNKHovs0I3+VrrWqonVBs0

Debug level 1: CLIENT -> SERVER: yD08OHhNq/cGevEsfGGEA9OA82fhnEleR1yrbUFD3IgiIoI7X6Z14ftA2A7CIa2Ga7BNOqf+5Xx2

Debug level 1: CLIENT -> SERVER: zTNQ7AksPg6ORG4dy58iY3wSOlf6DTVQaOPqwKT9D0zM1mHtJUlZ7QaRdhhmiDwx+GrOQP3OpJ7y

Debug level 1: CLIENT -> SERVER: RV1pAuS6rGuRK/+wLMAIT2TSZy5SFleJ2dRF3GBXxbNiNi6Pw8F0fVNUVWZpbUjxxohSxiFKgEs7

Debug level 1: CLIENT -> SERVER: Pa52fG0m1bvXMRncsEz7bODOXiOUkPf1AH2e/pZJcWvEFv7TSJPux6I55Lh2rFWDHvIWohCO426+

Debug level 1: CLIENT -> SERVER: Y0b4K6CnezIT88xtEfElK7T9roWqTJ9Q1ujFdNmFsHYfXWdbpDzv8d46UPu4nJVcJIxcs9yS97nA

Debug level 1: CLIENT -> SERVER: fgc647EF2ycqe2s8vyY/aJcJ3qmsRryYHtq1WVd2VjqsQid4FOapd3H4bam/GtW+VpoLZtjcsCJb

Debug level 1: CLIENT -> SERVER: D6DBt5LhJapY13ieJswka4jCvgBMVLD5BmLtup42KvCUAuME2NqBp61aES89LLGhuFt+ajb0Bych

Debug level 1: CLIENT -> SERVER: G13qL2entawVelNUpo140P6AjTBpkwGHPNyWG6MGZCtovoGMNTrzDxGzBXC8bkaba6KdyVoN3Ork

Debug level 1: CLIENT -> SERVER: vn7xHfH0OPTFFj6U2PzXSd80kmBKhC0ku4906bC5hEjitYxa8UoIw1UwfpSytM6gf517jXtNdrMu

Debug level 1: CLIENT -> SERVER: 0P1mwce9J3lX9fEh7N1RKypKszpwR0y/14okgn1O3nwoBXn8m+DBclkaTRJNrks5JFd4uihtCX5f

Debug level 1: CLIENT -> SERVER: +XuVGYItA2EefbLyV3S7aGyOUC2pQXNVOE1YKO5gXdXt7a/g9Gi1TOxosAojd19Ae9PiIbQQiW9r

Debug level 1: CLIENT -> SERVER: j4bjozFXlS0Df1FgmIavx996Y5j5AfuGBJY+eisxGr1w/GL03yNxZgDbnyG9rIzou7JXXq1QhYS1

Debug level 1: CLIENT -> SERVER: zWa+4QTcxsnaxLgrmUOkzmeaJT4ZwYdQuOW3uvgJMLV89Znzcl7pU5ynp9gN+tyhC4N50ASUz6Nj

Debug level 1: CLIENT -> SERVER: ThMfR8KQLsUDJtVCSThL8HQzukq6R6bCqGrQYmEkONUJ2SXpF1pBvBPj7dUZ+ef3P3bivMOvNYKC

Debug level 1: CLIENT -> SERVER: L5jloVXU8S70U8WEJF8Vfs0WjJ8pFTLTX6PyQMOv7Hpv9ZrxBj9f8cKC9gQfe7zB7PycMWffFMXJ

Debug level 1: CLIENT -> SERVER: Tsz/KfMU94OBx7/0bim60K1qIWDd459oUkQTvNvAHx5YPSBLycxwh5npp8XQ1n1DW1cR7fj30vRf

Debug level 1: CLIENT -> SERVER: UEsHCCLGC5vcBAAAnxIAAFBLAwQUAAgICACLYj5bAAAAAAAAAAAAAAAACgAAAHN0eWxlcy54bWzd

Debug level 1: CLIENT -> SERVER: XM2S27gRvucpVHIlN0ok9a94vJU46yRVdiXZsc9bEAlJjCmCBYKj0b5ODjnlKfxiaQAECZIgRf1Z

Debug level 1: CLIENT -> SERVER: ntmpcq3QDaDx9Q+aDZBvf3rehb0nTJOARA99Z2D3ezjyiB9Em4f+l88frHn/p3e/e0vW68DDS594

Debug level 1: CLIENT -> SERVER: 6Q5HzErYIcRJDzpHyVISH/opjZYEJUGyjNAOJ0vmLUmMI9VpqXMvxVSyRQzWtbtg1nsz/My6dua8

Debug level 1: CLIENT -> SERVER: pb5o1X1mwaz39inad+3MeQFTvfuadO38nITWmlge2cWIBRUpnsMg+vrQ3zIWL4fD/X4/2I8GhG6G

Debug level 1: CLIENT -> SERVER: zmKxGApqLrCX88UpDQWX7w1xiPlkydAZOEPFu8MMdZWP8+oiReluhWlnaBBDNa0mT5vOFvG0aYDG

Debug level 1: CLIENT -> SERVER: 2yLa2TYEc1m9I7+7eke+3neH2LZBJ/PhJyCKfz59LGyB7rrOxXlLUHk0iDsvU3Lr/Qkhuai8g3RQ

Debug level 1: CLIENT -> SERVER: Ia5r2+Oh/K1x71vZ9zRgmGrsXiu7h0IvR5zsTKABnzMEDgs/cTNV3JQvunHkyZDimFCWC7LuHqAA

Debug level 1: CLIENT -> SERVER: HTefxV+jfBrgTAZiBIt3FHPpIwy5Jwx5lzf9XhbotODq9t+pSLomEEXXyMOWj70wefdWekDe3JO/

Debug level 1: CLIENT -> SERVER: uZwP/c9oS3ao3wNLVxy7IDzkhGF79/coDFY0MPQvKHp3TrM2OMI0AN1RmCEqccQB88C6nxANeEjs

Debug level 1: CLIENT -> SERVER: OH3vY7DZMoMQf0AxSf5Y4pJN31Es52pyJfsgSS6R64NBlPYZDwnDu0um/Jh6gY96jyhKel+iALZ/

Debug level 1: CLIENT -> SERVER: 3IiHgbcLKhfL+Omx91fCtoHXKFnOcTV5hk3OmrXLLEjJ7eM1SsMsN1IjZxJuKIq57Io3+23FFMIH

Debug level 1: CLIENT -> SERVER: ZQHkUjxDWCZb5JO9BeMnmFnPD317MPJATgPxUCEy2L4s2O2xlcTIg1zD2hIa/Aaio5CzuvNW5icu

Debug level 1: CLIENT -> SERVER: hldnheDWddQaq2HMDJYQ1rEP2NaS2dsahYlmATGiSCCk47MmSzH4FnNPhHBqz3+vxuOjWChlhM8M

Debug level 1: CLIENT -> SERVER: xhL4mMgBUBhvkWIT/VcUI8iXEgaGwBSFb1pc4h2Y80M/pBZblYwjiHzM4zzPffUlKtGV5JAjgv5J

Debug level 1: CLIENT -> SERVER: nHDraV5Mzs7l1tYoW9MEAzgR17WY3CMhgWyK0RTcEmAQjUnwG0jqODETbSGKNinaQFPW4JE0YhSM

Debug level 1: CLIENT -> SERVER: 5M+/5MvHDHZm6yumkRBdDqitko9pwe6GIjVy1jEbXNFwHnizWRThy2N9PJ6ahfi5YcScimh1zJz0

Debug level 1: CLIENT -> SERVER: +Kd+AWfJy7q4Xo5//5h57RDdBJEF6gOD5cZatK0IYzw54XbsZiSDNULr9hBvcQS5KImsEPk+AC4W

Debug level 1: CLIENT -> SERVER: 9NCPCJjOLmAnGm2cRh5L5YB7IEMyAuCBAo9btbJGyw/A4yM+CSQhE6dwxLLdx6CRwgvPME5N95XU

Debug level 1: CLIENT -> SERVER: 45Zmy6dSFmjeym5n4mLu3FI/3Mj8dcPCKuZUrY3iHQJT5c8xyuTcGlOcJtsKywW+JR6J9eAXYt1i

Debug level 1: CLIENT -> SERVER: 5BPzilDuBdzEYCcAewlRnHD7vXRii5J9ZXJoqTj1V4xjcOkNZlv+SMr97djE+oTSjB/Be3xE/X5j

Debug level 1: CLIENT -> SERVER: bFHKC1GSgHjgOkfDDaHg5VGitLQPwKfkr+Y96QLnLBZ9ZLGfAxbioyuFhrwQZJlRiriMOsNnaPjV

Debug level 1: CLIENT -> SERVER: tX9dEf9wDmKlAD0Yu6OmIO2MHXOQtmWQFkYh8o9I5B8o3KNDcgzdelzLHx7K4c2dq/AmQ1eeLFj2

Debug level 1: CLIENT -> SERVER: wHbmRfg9KbTpGbA5oMl5z4pOomt3EzEoEvaYOEQHTdU9nXyJIZ1tI42buMM38c7L/Qjb5znraLH3

Debug level 1: CLIENT -> SERVER: kA/Z0dwKLRXP+90Ef49iHvWvqAOQlKITHVWi3aKInqjLyqqhSK+TfI8TFOHEqqhoN7tpJclwMy+U

Debug level 1: CLIENT -> SERVER: bbwHJFnw3NLiQbKPThSQZFRDZ6N+WpIA8/g5PZuhs4L/Do8kz1dUbyDGa1XvlXR1NRv/G0b8tIL7

Debug level 1: CLIENT -> SERVER: mWOORRlHz/lum5pKK0jKBB4hfuK5j3P5pjcdTY5veqdubyLvFpnCG3c9GS+mzZm8quJVNjy7atb6

Debug level 1: CLIENT -> SERVER: rlQlnrAr2afsSpoluO2W4N7bEtzLLaF4EP2RLMGZtlhCjXjC09P0TEsYtVvC6N6WMHo5llDR9LhN

Debug level 1: CLIENT -> SERVER: 01XiCZoen6npcbumx/fW9PhyTRfqrGnant1C081J00l50QdD37NzHk3lk3aVT+6t8snLUXmL7s7R

Debug level 1: CLIENT -> SERVER: zLRdM9N7a2Z6uWYK+KuauVwrkwX/ezmOOGtX9+ze6p69DHVf2Qnn7VqZ31sr84u1cjONuDP+93Ic

Debug level 1: CLIENT -> SERVER: cNGu6sW9Vb348VV9Ded7TFfsHuVzb4tifuvqGKLyzDEMNmCrHgiA82Onf6cJC9YHi5/MwIx7Qv3a

Debug level 1: CLIENT -> SERVER: ufwpG5b2jGAohEM4daeZ6k4pz9WeOS5xvvpjxxV9818pYZeZwdUeAgvSzdQ/tvnfNcLlhbDzUj33

Debug level 1: CLIENT -> SERVER: kX9WkS7HRc7Wq/HcUk0hXjNx/D4rq4nKoylb11AgLppkjXJ0fm5plYi5crpWihmOEsyxKZlmGZeM

Debug level 1: CLIENT -> SERVER: q/fdrFfBMnHHRlwMlOOV0IJ0lsGfowfeJ0Y+32yzNSmNqtaKolVztprRZFQhFMspaNlRupwgIhHW

Debug level 1: CLIENT -> SERVER: W7MJqs0qfeXnjr2EhIHf05/zMy7tqdLA+H1rBxeGgL/IDKQUBfiPDzC22eqzHkVA6Om8+Z0DnrIM

Debug level 1: CLIENT -> SERVER: m+f9/O1/LA2JOIjg/7zfFpc6KoejkrPn9HSe0jyvvFSvYeV2w8q9A1Y/RjFbw2rUDavRVbD6Ecu9

Debug level 1: CLIENT -> SERVER: GhbjbliMr4vF2UHtho+BGiiTbqBMbuFMZz0wabJPu8k+vUj2F1FY00CZdQNldhVQrqzQeTfZ55cZ

Debug level 1: CLIENT -> SERVER: 40so1GigLLqBsrgKKFdW6HGxTxb6xOTlahfr7nJtjleHuqBZ8F031nWsydx7k38P7vXtv9/+cwSl

Debug level 1: CLIENT -> SERVER: nO0ikH6YyoX2gP7zLt7ylwzbn9GrXPfLbS5ceUnfcnWoq+oz9h8kybueCfyC15jiyDtSp6mxdV27

Debug level 1: CLIENT -> SERVER: EFe868ZrGMkOhaHloTjpNwBjCBb2Qi/g7rM71isS+iVMJEGB1kTOMRMMnRH7x8efqyvv8KqduKiI

Debug level 1: CLIENT -> SERVER: Im9LqMUOMS6Xtp42y2dV84H/P5TqP/INHFljkS3qJTcrJvxcg8Q1AuUHILXiWfEenexZLk9p1Er3

Debug level 1: CLIENT -> SERVER: GjZiNeq4xQCRpPQrjOJcJmOXFzcrdxSjdGfxV80RKDUHk19bzrpW8dRJJAnE2yYo8oXJYPUSA1oB

Debug level 1: CLIENT -> SERVER: WdTj+OvSpmErLNnYonFNwpDssW+tDvICNUOrvjZ5/rqTmp+b6Wzqmkqrlk4p1SIVocDZuGigNuHZ

Debug level 1: CLIENT -> SERVER: EWn3VSHtQAI2NSKtUypVX0m4OdKjV4Z0foZQBbp6uFA6dLg5zONXBnNx8lDFuXYmUT7GuDnSk1eG

Debug level 1: CLIENT -> SERVER: 9Gw2b0C6oFSQloSbIz19VUi7A3tk3g51SglpRbg50rNXhrQ7N2+HOqWCtCTcHOn5K0N6Yg7TGqGC

Debug level 1: CLIENT -> SERVER: 8+S7BOnFK4N5tmjCuaBUgJaEmyPt2K8K6tHAHpv3Q51SgloRLoG6TNLxjwjDCTyiR+tgk1LxIYFe

Debug level 1: CLIENT -> SERVER: TrCyK2hrQlik3RrRVeFkK5bfnXlCYYr5y4GyUXVMNAjElyj0PvKNQn4vgo+nvrfF19tdQhz5TQIG

Debug level 1: CLIENT -> SERVER: ZgHV8ByRQgLTNI3vQ8qv9Yj31ReLoo5gQicbpECB6zajBZFHxVf6ePKnfZpIjFZ8kYhfT4ExA89S

Debug level 1: CLIENT -> SERVER: BDkdxxOs9ADaLRUHPsU7p29gqlSLBGUf+Pyjdq49WCxU6UcQ1Ov17mIwbVljNglAyCxCA1gLypRN

Debug level 1: CLIENT -> SERVER: KKMoYLVLPq7CrH7Jx0DKPMF4jUj79lDLp36ytW9o4KtPJ7zxbP5n4siU7Y5ntmOir1BSYJN/rqDO

Debug level 1: CLIENT -> SERVER: R9PVoeAz80hh9bJTbQQINvzLfJnt1ZkE8C30rMBY4VDOae3Qc0nI4mtdGUOCY4WwNJTKkYz6Bg0I

Debug level 1: CLIENT -> SERVER: CkYh+MX7LbZj4EFrUW00sCCf39ySniD9Q7ZTCGTKQif5h6GUFm3xnxYezbauFrXFiF+KEj+G+kq1

Debug level 1: CLIENT -> SERVER: xvpAhVfW3TAj7FCSj5HPljXykcrHRZULwbrMmvtq0aAy/ND82dZ3/wdQSwcInXDNV4ULAAD2VQAA

Debug level 1: CLIENT -> SERVER: UEsDBBQACAgIAItiPlsAAAAAAAAAAAAAAAAUAAAAT2JqZWN0IDEvY29udGVudC54bWzNWNtuGzcQ

Debug level 1: CLIENT -> SERVER: fe9XCFugb9TqYjmyaikwkhRpYMdFHQPtU0FxZyUi3OWC5Ory9x1yL6JkrbJSGqMvNpY8Z+ZwZjgk

Debug level 1: CLIENT -> SERVER: dft2k4jOCpTmMp0G/W4v6EDKZMTTxTR4/vIbGQdvZz/dyjjmDCaRZHkCqSFMpgb/d5Cd6kkxOw1y

Debug level 1: CLIENT -> SERVER: lU4k1VxPUpqAnhg2kRmkFWvioyfOVzGizVa0pjuwzzawMW3JFrvHpfP2nh3YZ0eKrtuSLRaD6tNj

Debug level 1: CLIENT -> SERVER: 2Za80YLEEqOeZNTwAxUbwdOv02BpTDYJw/V63V0Pu1Itwv7NzU3oZmvBrMZluRIOFbEQBFhnOux3

Debug level 1: CLIENT -> SERVER: +2GFTcDQtvos1peU5skcVOvQUENfZDVToBGCy7WF2c6Qz9mrr9WidXWtFg1hZkuqWteZA++XyjBq

Debug level 1: CLIENT -> SERVER: XyrDyOcm1Cwb8jsOH3DS/Xm439WVStr6sti9UDHFs9bLLNA+X0pZS7WEYrM7uYNe7yosvj30+iR8

Debug level 1: CLIENT -> SERVER: rbgB5cHZSTijgtURl8mxoCGuHyKCwMqWfL2JbCB0A2EQFtM1WEeNpv96uH9iS0joDsy/DSY81Yam

Debug level 1: CLIENT -> SERVER: u8gom4TGlY5CBZlUpg5M3L75YrYGtZcoprUbROqus0As0fnyLYR2l4eW8nNdaRxEVda1yNI/bDJQ

Debug level 1: CLIENT -> SERVER: 3BKpsJkjicZVYjZlNvHYRfGUTO8gGgSz6tQpqkyH9UCMpw+JKQMSARN6dlt0j3q4U3xbHdPgHRV8

Debug level 1: CLIENT -> SERVER: rnjQwa1dQRIutv6MT7dzZAEpisdi02uudRCednGnOBX9Ix7cRAv7PiLjhuF2X1HkYgv6lu97jp3W

Debug level 1: CLIENT -> SERVER: dbzOE031ERG/0EzqXw9wxeCPlVat/oKobLWB5LvCkjMeUbfUznPK8UYDzaF5iW0Tnu/W+MCZklrG

Debug level 1: CLIENT -> SERVER: pvM3/QjHKrSQcYB7FW1f6FLaHvZCUj3xvd7Dps1cjtPcoCPDGXF26l3u/u5pZbJfOytVuqsaHuQi

Debug level 1: CLIENT -> SERVER: T9KgYvqDJMM+BMpw0J1YTuYK6FcyB2zzaNC6riyW8DWP7CHc7173b1ji9HtyTmkbvJa2XnfcH5+n

Debug level 1: CLIENT -> SERVER: bfha2q67o/HoPG1Xr6Vt0B1cvzlHm2qqNyXXB8JwxFdVTNnBJfDF0tikXY0G6Py04FwDnsmGJ1QQ

Debug level 1: CLIENT -> SERVER: nx1ToeEc4Q3FeJnwm+uLhRuVn6Hb0OMBrwYTfD6AIhldACkY7yGmuTAHi/IWVLzlIq4zQbelntKa

Debug level 1: CLIENT -> SERVER: vXPiS40keA5MA6GImZ8j9R98YiqIjwtuq6chsWFjbywn5jLa7u5N+B6ikV4CmNlt4cBekHPhrgFE

Debug level 1: CLIENT -> SERVER: g7HrrHwzirnC55PG1a+gklBO7hzGPI2IoHMQ+gBjc61ggeYVwcsfvsXsXa5GVRLshb64hxTfCd3w

Debug level 1: CLIENT -> SERVER: JE9IxOMYFKT2h4Ret4fXY7f+Zt2VQfe3NFYeXs9/3H1+/3slzMWI7Eppj1j2jiNQd6yUeSnKiTAQ

Debug level 1: CLIENT -> SERVER: gviYqs7C1jYHP8Dm8FKbuCWPGFS7hRcPeYvTmNsMqAG87/d7g8MgosN9SiHXZw29fNbu2+k56q56

Debug level 1: CLIENT -> SERVER: M1CRAzHbzNaskNQEezPTYDTuuZzbn36ymf1CFcXHvhxrtZ0fbRRW4M5o981/bvLT491j593dn/eP

Debug level 1: CLIENT -> SERVER: T52PHz4/fbg/6eLSuJ7M8/Xoavh/yPRl7vyRXevca4rhXtsMG37lnP0LUEsHCF05VKalBAAAJhUA

Debug level 1: CLIENT -> SERVER: AFBLAwQUAAgICACLYj5bAAAAAAAAAAAAAAAAEwAAAE9iamVjdCAxL3N0eWxlcy54bWzlXOtu2zgW

Debug level 1: CLIENT -> SERVER: /r9PIaiDQQusoovdxvYkDuays7PANCgyHSz214CRKJmoJAoUFSfzNvss+2JLUjfqalq2EzfjAm1F

Debug level 1: CLIENT -> SERVER: Hh5+58ojitLVzWMUag+QpAjH17p9YekajF3soTi41n///LOx0G/Wf7vCvo9cuPKwm0UwpkZKn0KY

Debug level 1: CLIENT -> SERVER: amxwnK7yzms9I/EKgxSlqxhEMF1Rd4UTGJeDVjL1SkyVtwhmqsMFsTyawkeqOpjTNsaCe/WZBbE8

Debug level 1: CLIENT -> SERVER: 2iNgqzqY0zKdysN9rDr4MQ0NHxsujhJAUQvFY4jiL9f6htJkZZrb7fZiO7vAJDDt5XJpit4KsFvR

Debug level 1: CLIENT -> SERVER: JRkJBZXnmjCEfLLUtC9ss6SNIAWq+DitDCnOontIlFUDKOhYNSEwZSRMXO6XaozkMQ3/egiUvesh

Debug level 1: CLIENT -> SERVER: GFCzuwFE2c8EcdNVZp66q8w8eWwE6GbAvgvzI+sUf338tfYrEqnOxWkbqnIJSpTFzKnl8RjjCiof

Debug level 1: CLIENT -> SERVER: kAe7gOtY1tzMryXq7Sj5liAKiUTujpK7IHQrjeOoT2mMzjYZhQEfuMuX1IQLPcj5vUlgggmtgPjq

Debug level 1: CLIENT -> SERVER: yY5px6lm8XxQTcMo0wvBweADxVwyB5NHlcmHvNG1ImlKidrR12VW9jHLyD5woeFBN0zXV3k0Vc1a

Debug level 1: CLIENT -> SERVER: fs1xXus/ghDdE6RrzNVLkgiFT3KPPJz3GQGMIUFM+ekWpalujk/xPUEgtHtmEB0K/GWKBFGXuf8D

Debug level 1: CLIENT -> SERVER: YGNZSO6a+1fEMo/IANpvIE57QHwLEpx+16LLG08LrZR+glaeUgqjg9SSucgDQlTt9xixBR4Oq6ZL

Debug level 1: CLIENT -> SERVER: q6KegzF+RC7BKfap9h/wC+zz0BxGi+5ZsH0GGxyBHkhVx6Gzm0PBXLTnFVeJ0oM+yMKiDis5F5BE

Debug level 1: CLIENT -> SERVER: nWK4MAz1krxuMhLCkgyhiFVvJSsXRYB1hGzS9Fp3al0kgICAgGTTHcU4sslxYngopSDm5R/LSe/d

Debug level 1: CLIENT -> SERVER: qB7Ni63uQCHfQKz6eBWCOMhAwHoTKhpcnMWUMLF+uNPbLAyWPUHc5zmCruRVkv25KXsKpmXHj7dd

Debug level 1: CLIENT -> SERVER: 1rwKCOFjKzwrllX3BrWZVl3/uhWG7bHY+iovkYpKqWHGXDe3lt4i0oqrCMUGiikM2DgPBYgym9li

Debug level 1: CLIENT -> SERVER: oh6eFQ83I4QV9k99U9nW/JNVSvGAQ2YSXhVTkkG9h8FTdI/DEk3TXiWtZLP13TcVshaPijf3lLVW

Debug level 1: CLIENT -> SERVER: kYnLfuG7zjqulrI3IDhLxD2NkErSVlMxqvrSh5xceGyIWfH7xvct9uNzyXIZ/WK+NvXm2olAUgVH

Debug level 1: CLIENT -> SERVER: 7KG8mH8AYQbfvvs2oN9dV24HkiQslG003HK3qYZjyLYudzu2UMfdN5P0Y03Wz5hpRgN5VNqWVG9f

Debug level 1: CLIENT -> SERVER: VKx3ramP4hKXTZfYW0WLv5RDLKbnqVfoO4vDfMe2Tus705PtKXzHto6UTI4j1ikcQhj0EIew/1IO

Debug level 1: CLIENT -> SERVER: YT9/Mjlj37EVfMcDFPbr0tEloqcWXrNfVRG7N9mokT5BUOm02F0PcRzIgGtsCnBnU+FqUk8Gwn77

Debug level 1: CLIENT -> SERVER: jAgxFfD86IAnwXivP6c6KIoGcHyocWxwRtLWjKsBhaA4oyy8+x1pLMcUFyAykkjCXANUwHx5YswD

Debug level 1: CLIENT -> SERVER: DFLI08FphR52mMWL5QUFyYQZpmt23DQjfj2yKDkKNdn4EnNeFbvTqbpeVw3uHFhyOQol11dl70OK

Debug level 1: CLIENT -> SERVER: qlfmGioV1ZgqZ4e6xnnV287sGKngfCtoYa9D7K2waf1V2fuATeXX5hrzA11DYdv3q1olLj/ZShsN

Debug level 1: CLIENT -> SERVER: Z7QkHCCroySrsZd2RUj1z9fkazCHpfz4xbgp1dx83MuLvWwFVuFuVrYaqx2Bx5Uv37tUWlMx3Ux1

Debug level 1: CLIENT -> SERVER: P0x7FbvrTFy1qOTivoLIZPKqRSaX90jRObNfKjpn9tGiUzjKEaJTGGB6dL6yeonJc8JF8TTF0QGy

Debug level 1: CLIENT -> SERVER: Ki6Kx08znWLzSJE9f7HInh8vsudHiuz5QZGt+lB76rp7ZoG/OPW6e2bBv9hn3f16EsDixRLA4ngJ

Debug level 1: CLIENT -> SERVER: YHGkBLDYmQAGn5TMltJTptM+/pjyIGdeexfz2djl+/s4NvADJH7Iz//7IEzhOT7smSSt/TzGGApl

Debug level 1: CLIENT -> SERVER: ewfwkTwzlx5Kpy5ioYh85BrjqcNWTJW8Fz4mOOZvjykcW82hdWH+lB+jrc7rTjvzTHD+lpABQhSw

Debug level 1: CLIENT -> SERVER: GI0ZrirFckqXiVj03WNK8cixZmlzzhK/zlli6dUKRiyaU/QnPzFtJ7RBzZvLQ8mdzuax5L63NcTw

Debug level 1: CLIENT -> SERVER: ikIwqA8g71DsHUzH9Vr0JIBULwAaTZuMaCiHl/svogy6W/ITxFnsQRKiGJY0KQ6RN0CyRR5/IQpk

Debug level 1: CLIENT -> SERVER: FA9QFPYQk4r/14rfQhRsKLdq6DV1JwQqdN+EKA0sCQaGV7ofZlCRCBZ7mseZZJ+mafnrdp2DtrV7

Debug level 1: CLIENT -> SERVER: d6f+BQL+OuipXKMdPM0QcebFewCyB8WYRPxM/m6jSvGUcxqyeMlyD4s3gm2Ae9U/zH+iQxRWsSeZ

Debug level 1: CLIENT -> SERVER: pTTpfrkyDrjyl9beIP9wrD8qoB5K2eLx1ESiHUmOocyTp9vFWLrt7ayT6WKfZCrJ7YzLPS2i95Tb

Debug level 1: CLIENT -> SERVER: GZO7t7OW29lH7s8Mx0F5YiQN3WIKJ/EWoMY9nenrHrhf+P1c7Bn1szbfd93afiDAMasL7kODkmbN

Debug level 1: CLIENT -> SERVER: UPVR1l31ca6YePxNaOvCcj64kSbWNe3NwuJ/lGqKmfipm+BnjGl8HFUNgyrwj6/sSstq/7qpHmhP

Debug level 1: CLIENT -> SERVER: iVjzv5xUXL4wwUqjJ6xYypmU5f+N5eYsPVXI/RNjbxLvAtaUoHNdEXRq5faHD9Yeq9EtzCiRFuFn

Debug level 1: CLIENT -> SERVER: kqhIIyoSLZf7SfQDeHb7cFkUpXHd8qyCmjT/BiSeWmi2JToeqn8Qwm8gnjsKSpA75fHFT6EY3lHP

Debug level 1: CLIENT -> SERVER: HlaOfu+6TPyT3j6+pGAjFWxOMLGALdQ2xUWK+6U9XGSCzAPVayHztOL1AJn3qJumyzwblXn23DJ7

Debug level 1: CLIENT -> SERVER: 4tcVxGx9GKC45EVGxG7YXKPsKEEF0GDS4Iw25P6YRPUZVImo5819RFLWzEnyvbprnW/ZozirSiP+

Debug level 1: CLIENT -> SERVER: vRaWwY0Ie3yjkhj0vjbWht20tDf4ijafFa3sn6Yu+Jbhpoh56+KSf1tANAMSsJ4Q+ry92UgK6mZr

Debug level 1: CLIENT -> SERVER: voPHmZQfKDCHERVQnh8lxUkPxCYcs2MmBfM6auY9qe3sYxmvdVO1WNQ3VdIGUgK8/AtmjMRelMN6

Debug level 1: CLIENT -> SERVER: llmL/6n0I1GgiOmq4ykdWU/qStOVJvvSuWpst2ebgymt6IhAWrGoEl3RyDmNPTmQY6EnE+bw11d8

Debug level 1: CLIENT -> SERVER: hVklxb/pBsKcen1zc3NlthuLlqSlhJbtuR2bK0z5DMxsek41+6f//ZdZFWjFdZ2B13Y5pdTWQVFy

Debug level 1: CLIENT -> SERVER: a+h9FIXZUeUu7d4VH8gaUa7TUW5+RWDAtxc5oD31rb3N6SiioUySX7/rKKIxU6NJhFFrdv4m0uCe

Debug level 1: CLIENT -> SERVER: OSt9KiJDPOK91h3LeW9YS2PG4mNmmdbS5C0FCk64/rtWAmboreXKsVbWvALd50FNfC/pVpopE4pv

Debug level 1: CLIENT -> SERVER: kKyXS5kwbzuR+5n9MW/2f5ly/X9QSwcIJPOCnOcJAADZUgAAUEsDBBQACAgIAItiPlsAAAAAAAAA

Debug level 1: CLIENT -> SERVER: AAAAAAAVAAAAT2JqZWN0IDEvc2V0dGluZ3MueG1stVddc5pAFH3vr3B4N6gxGWWUDDGTxjY1jmj6

Debug level 1: CLIENT -> SERVER: 8bbCVXay7GV2F9H++i6iGUuwNUSeGPbjnLOXc+9dejfrkNVWICRF3jeaFw2jBtxDn/Jl35hN7+sd

Debug level 1: CLIENT -> SERVER: 48b+1MPFgnpg+ejFIXBVl6CUXiJrejuXVjbdN2LBLSSSSouTEKSlPAsj4Ptt1uFqa0uWjawZ5S99

Debug level 1: CLIENT -> SERVER: I1AqskwzSZKL5PICxdJsdrtdczu7X+ohX9DlqVTZ6kMqRHwlSjdkYrZkrUajbWbvRm0n8iA0LcPe

Debug level 1: CLIENT -> SERVER: x2F/fLu3I8gedaogTGNT2w2n0vqGprRWFJLXqBlF+/7e80wlnTNwBJApRsZ+Um0iPUm5Muz2Vadz

Debug level 1: CLIENT -> SERVER: 3TPfAr0L/BEWqgi98WHk79RXQRF0p9vpfBj9AegyKFTe7rZPRa+HJKpT7sMa/DwTJMWfabtHG0xs

Debug level 1: CLIENT -> SERVER: /q/X8RRdwZRozTmlUgltBMOezsbO6G5YLLhg8JD92PTuQMULtAVPN202EAuidAq8x71ugMkvEPhM

Debug level 1: CLIENT -> SERVER: WAwyd/Y5IgPCDVuJGMoZIcUfoaoK+rOg/vmRU9QBMhQ5aIapE5qt68tW66pkRqeqx2QJtzo1XiqI

Debug level 1: CLIENT -> SERVER: yqOuwLPIJwq+of/GzAEKnXiX5aAfiNRRiUM+weQBiK8L7vn1axI3AFA6FytAH8qnWOkmBe4mnCOT

Debug level 1: CLIENT -> SERVER: LuQr01lIXE6iKU6IVJD30Cv+gjBZkiADHspdla2MYQJSf++0pPwoqt/NRqNk88nD/6wC3o3nPl1R

Debug level 1: CLIENT -> SERVER: eVT+mcCLxZe1TgbvrKl0N9wLBHL6GyqocU6scECYFzNdKs4PP9ZdU59jpF+KG6p5MobO0Th/r5oT

Debug level 1: CLIENT -> SERVER: CdftW8qJ2JwC5UQR28wkiDuiyPlPOwiIIJ7WOsAwEiBTW0w1eHH5LenqofwKgjuSEj6OuafibbOv

Debug level 1: CLIENT -> SERVER: IPldsoLn7Db9xAcMZRUVJutR9wLDKYRRNSZ0GNPNNnXRF5wPCPeAVdBwkfgT3Q2Rs00FcRrKu92P

Debug level 1: CLIENT -> SERVER: kqtNdrwS/IPi6O3SfPOTZB77fbT/AFBLBwjy9S/63QIAAIAOAABQSwMEFAAACAAAi2I+WwY+nYH7

Debug level 1: CLIENT -> SERVER: AwAA+wMAAAgAAABtZXRhLnhtbDw/eG1sIHZlcnNpb249IjEuMCIgZW5jb2Rpbmc9IlVURi04Ij8+

Debug level 1: CLIENT -> SERVER: CjxvZmZpY2U6ZG9jdW1lbnQtbWV0YSB4bWxuczpvZmZpY2U9InVybjpvYXNpczpuYW1lczp0Yzpv

Debug level 1: CLIENT -> SERVER: cGVuZG9jdW1lbnQ6eG1sbnM6b2ZmaWNlOjEuMCIgeG1sbnM6eGxpbms9Imh0dHA6Ly93d3cudzMu

Debug level 1: CLIENT -> SERVER: b3JnLzE5OTkveGxpbmsiIHhtbG5zOmRjPSJodHRwOi8vcHVybC5vcmcvZGMvZWxlbWVudHMvMS4x

Debug level 1: CLIENT -> SERVER: LyIgeG1sbnM6bWV0YT0idXJuOm9hc2lzOm5hbWVzOnRjOm9wZW5kb2N1bWVudDp4bWxuczptZXRh

Debug level 1: CLIENT -> SERVER: OjEuMCIgeG1sbnM6b29vPSJodHRwOi8vb3Blbm9mZmljZS5vcmcvMjAwNC9vZmZpY2UiIG9mZmlj

Debug level 1: CLIENT -> SERVER: ZTp2ZXJzaW9uPSIxLjIiPjxvZmZpY2U6bWV0YT48bWV0YTppbml0aWFsLWNyZWF0b3I+ZWxpc2V1

Debug level 1: CLIENT -> SERVER: PC9tZXRhOmluaXRpYWwtY3JlYXRvcj48bWV0YTplZGl0aW5nLWN5Y2xlcz4yPC9tZXRhOmVkaXRp

Debug level 1: CLIENT -> SERVER: bmctY3ljbGVzPjxtZXRhOmNyZWF0aW9uLWRhdGU+MjAyNS0wOS0yOVQxMjoyNTowMDwvbWV0YTpj

Debug level 1: CLIENT -> SERVER: cmVhdGlvbi1kYXRlPjxkYzpkYXRlPjIwMjUtMDktMzBUMDk6MjA6MjMuMTM8L2RjOmRhdGU+PG1l

Debug level 1: CLIENT -> SERVER: dGE6ZWRpdGluZy1kdXJhdGlvbj5QVDAwSDAwTTAwUzwvbWV0YTplZGl0aW5nLWR1cmF0aW9uPjxt

Debug level 1: CLIENT -> SERVER: ZXRhOmdlbmVyYXRvcj5Cck9mZmljZS5vcmcvMy4xJFdpbjMyIE9wZW5PZmZpY2Uub3JnX3Byb2pl

Debug level 1: CLIENT -> SERVER: Y3QvMzEwbTExJEJ1aWxkLTkzOTk8L21ldGE6Z2VuZXJhdG9yPjxtZXRhOmRvY3VtZW50LXN0YXRp

Debug level 1: CLIENT -> SERVER: c3RpYyBtZXRhOnRhYmxlLWNvdW50PSIwIiBtZXRhOmltYWdlLWNvdW50PSIwIiBtZXRhOm9iamVj

Debug level 1: CLIENT -> SERVER: dC1jb3VudD0iMSIgbWV0YTpwYWdlLWNvdW50PSIxIiBtZXRhOnBhcmFncmFwaC1jb3VudD0iOSIg

Debug level 1: CLIENT -> SERVER: bWV0YTp3b3JkLWNvdW50PSI1MCIgbWV0YTpjaGFyYWN0ZXItY291bnQ9IjI5MiIvPjxtZXRhOnRl

Debug level 1: CLIENT -> SERVER: bXBsYXRlIHhsaW5rOnR5cGU9InNpbXBsZSIgeGxpbms6YWN0dWF0ZT0ib25SZXF1ZXN0IiB4bGlu

Debug level 1: CLIENT -> SERVER: azp0aXRsZT0iTm9ybWFsIiB4bGluazpocmVmPSIiLz48L29mZmljZTptZXRhPjwvb2ZmaWNlOmRv

Debug level 1: CLIENT -> SERVER: Y3VtZW50LW1ldGE+UEsDBBQACAgIAItiPlsAAAAAAAAAAAAAAAAYAAAAVGh1bWJuYWlscy90aHVt

Debug level 1: CLIENT -> SERVER: Ym5haWwucG5n7VZrUBIKGqWHt9LUcq9parnmlLOmea18onnzUZahXhXNkMzIzFRIzHwkMFnqlhF3

Debug level 1: CLIENT -> SERVER: 89WK6W0KzRfmA3yg0BWTglATHykIKoLvByIoIrDN3J2dfu3szP7b2V/fN3Nmzp9zvnO+x4H+53W1

Debug level 1: CLIENT -> SERVER: TbQBAIDuBV/voG+TBABsA+z+4dsms3TiAgDakAveZ0NSSxbHQMjXvibdkrD9qHzv3Metu19hET+d

Debug level 1: CLIENT -> SERVER: vyYKHmD6CTxNtaxmjqdu42V9CvB9B+W4g7EEhibSJ59q4FtTMYCU4z+ZS91Mf5vC1S0BVij7b3+0

Debug level 1: CLIENT -> SERVER: GPjV661FTqCX3qtsM09dl0cmyN0OU/v+Q6Dkoac7W8ViL/SHw/KwwlsgzguXmJ6F0yDVQpkE83wl

Debug level 1: CLIENT -> SERVER: nUuuqMT8nXEsnqMk1wqwNBmuJElNQsuxk0nUZB7ia5lsop6wWBGrp3+OJryZVNPPpw0pLRmqS9HS

Debug level 1: CLIENT -> SERVER: Fi4Iwzk8jH50jqqZGHkneFe7CBe6kNXvg50tNSWCe08PhTdLQBn4ud+ilXwBuRWr4bSQMMG8yDkc

Debug level 1: CLIENT -> SERVER: JsNVrLpvw0AH4SzyH0LrEPK1tRLPhaAVz27Yvuu53bRojpseQo0uox/2vEOKSiUTdep0E18fgwOz

Debug level 1: CLIENT -> SERVER: sEII9FKUUpKD0NwwyrXLcRPDRPIzNyxSUL7MGS8zyM3pxt4CgR+mcWIuMk1uQVXArgbpC3/vZLtM

Debug level 1: CLIENT -> SERVER: 3b3Uekio6EJBVY69WH3h4ocaytcNJKnaXelBqEWcilggvazRn75uvyyJuTa7lbCakD0Rzz5acn8u

Debug level 1: CLIENT -> SERVER: ciun7/TOTSs9bRKQBC1ablZjee1iurjfvQheVDhWTSjnuIF6MC86SkfJ7YUQUcJqhXrTmZcQWduU

Debug level 1: CLIENT -> SERVER: wkqiyNXLX7uS8WMkQkBCDHSEgfxMLGEi9fAMNF5kJnWEuxg1x51is0UGmvng9ST3ey7rS01A94zJ

Debug level 1: CLIENT -> SERVER: s9RgSt4SXkHrASl4moP6BrfH6yz/jepJ1wr4t+7BbQY2nqLA7/OrZfywtoInLUaUkQ9tjiFikPRF

Debug level 1: CLIENT -> SERVER: FRoZPUb0RIyGfkGFuoQ9K6taY6pw1aLucmIXhMu4+HtlGQL2NvHi0TC/QX4F+N4JsF6bzIGlCuCK

Debug level 1: CLIENT -> SERVER: VRBouHOC9Q+stG7hJrWc6aVJCn92qMeiRMhelxoADZWBYYZqgrrWg9tWtsx/Daw54LaR56q5Y6Kh

Debug level 1: CLIENT -> SERVER: G++i6N0MqJ9qCmHXGiLifHgjmj2dptMCAG0MNxHfW99PJLZI9bPbnhAXhvngHoIQks5hqho6RIEi

Debug level 1: CLIENT -> SERVER: tSNML65m+6VFhn0T5fOEGT97gNa3nEy5zL1b3M01Szm4mV+1IG7zeLV9GXlBhfPJgY7QCMJyZmfV

Debug level 1: CLIENT -> SERVER: 9TufC55SJQ4l13eHvEV+7mA3s6e20D0s4YrU2A88IYpRzfdTkR+iNkfgylbq+Z6ggysoLVfndxfr

Debug level 1: CLIENT -> SERVER: qph7lvO54HkwOEmyjDIsLWC23qagsvhBz4dtuTbRiGRRRKofNK2SVyaujCUPIolzX/pp+97InOso

Debug level 1: CLIENT -> SERVER: F93DDnFIY5WQzdFB9nVM25zbkHIx/Qpe6m+YTdCHJvNkiisQ1cwom92rDBttEynayuCND5U1TZNA

Debug level 1: CLIENT -> SERVER: WeZtZ8M/1DQDbiZ+ku5jIWYlTqtr3ObcPAVvTNX/gJHEs5KNaFZR0m1nigT9HDeaxd4Hbs0su1vv

Debug level 1: CLIENT -> SERVER: 61zha6+TKYrM2bNcclnCzq3IDf/vzOFiM4AS9Na/FcvpRESAfKv4SeIz1zNUHL27UggyljtrWKU9

Debug level 1: CLIENT -> SERVER: bJOZ2OKK9p4xe9SDNq+ctckOMrdjyj8/YjxlEvhdsExvuDwxZ+tGiOlZLtlYrPIJtbKYvo5sfFcq

Debug level 1: CLIENT -> SERVER: rZAaC80ozuaPvuQj5vqsO9zs7wCd+uJbTd6ftKsnzkgl8UxrDbxpnot3f2kX6zmzS2rMMtxulhwk

Debug level 1: CLIENT -> SERVER: GJrwSpf8skUptros3h4qNXAyRBEh4u6O0D+ZehQzNiQZ7hlWGRXfOd7M9c1wxJADg7nvJSi26chf

Debug level 1: CLIENT -> SERVER: e4dYaFRLe+jVY3HhrtXwU+HmRdyTSol547QHJToSJlBCGfbe2Ztdh5QXFsubbgw37AzNG55lsm4u

Debug level 1: CLIENT -> SERVER: nnjeCr3KWjW4XJgjsYn8uREu9AcllQrt1Ql/6YuurMn+GWOUYwckh8wuFurp5Npu4lbHfE7Oi0hy

Debug level 1: CLIENT -> SERVER: 1g3b3gRui/zHQq04J79ogk785P0W/PKAxVPNOD88aMG0FR+4g6bzx53m6M5madFh4f0NzzXsbzFZ

Debug level 1: CLIENT -> SERVER: 20kL/+AB5rt3j6bL0gbDftptWRRrIQsMNJ6r78ycU1bvfzqrFdedsYRWpmo9AEa81PzNzHFzojiR

Debug level 1: CLIENT -> SERVER: zB0XNDXx0TbtOoRkkTXgQOh7u4IUXAOZr25nGu4tcaDblgqMq3R6ha7txsd/ZGmrEGg8ujXzbItu

Debug level 1: CLIENT -> SERVER: tbz50AO1IQOlurNYeRyGmMgbwZxcPDfdryJyEWkCx2mwrGN+SDoaKflzoVXhq49IrR2YXgFZX4JT

Debug level 1: CLIENT -> SERVER: UCUvN1m1dOxeoPrwv1yleG7dEZIfdmyUrDhSMu9jzfKxMYdd1l8Xx1WtwWPMV9Ina3CJxgd0Tn0s

Debug level 1: CLIENT -> SERVER: 0oF2K7J3mmC4wyGztpbXBrtGIkKnPfDT2VqWEp2lJaAMthVgxGuk6DisVP+TvOE4n4r3BYIkyrvp

Debug level 1: CLIENT -> SERVER: J3Rna+MWwHGzsjQ9WCP5MT0zcTs8b5gzHwPJ3sXyHgs6O134qaVeH+WBaxUf4UVyB+hYpTofVrin

Debug level 1: CLIENT -> SERVER: 0079tcj512DoZyc2Nl5BWL8VefcDt8nt680jCVfs7IhZRgNxC1nTnpRA6sGh8dyog9KCpJyQweE3

Debug level 1: CLIENT -> SERVER: Mivb2oowcp3VXKF2W/JJYi9Bs+v0Blo36sunVFpTZY4pq77zdTqbtpJhVt7eMQKJ6LU7bCNDmy24

Debug level 1: CLIENT -> SERVER: fuuRo33nlZ3H+UtW/UT6fXNwc+3iqGx2ZbiBQx6tgwyN32/WjNmPkiEpv5BG6jjrUUejZs+vXyEK

Debug level 1: CLIENT -> SERVER: 8E6JEjRpwVyvK+W/Lf7/A/87wJaRxs5mB4YQz/n2bQIu+Ph7Ez2vZf4DUEsHCKh836xeCAAAlAoA

Debug level 1: CLIENT -> SERVER: AFBLAwQUAAgICACLYj5bAAAAAAAAAAAAAAAADAAAAHNldHRpbmdzLnhtbLVZ23LiOBB9369I+Z1A

Debug level 1: CLIENT -> SERVER: kplcqIQpIMMsExIoIJPaeRN2A1pktUuSA/z9tmRIZbhkCbaeSGypW307fVq+/baIxckrKM1R3gVn

Debug level 1: CLIENT -> SERVER: p5XgBGSIEZeTu+B52CpdB99qf93ieMxDqEYYpjFIU9JgDC3RJ7Rd6mr2+i5Ilawi01xXJYtBV01Y

Debug level 1: CLIENT -> SERVER: xQTkelv1/eqqU5Y9WQguZ3fB1JikWi7P5/PT+cUpqkn57ObmpuzerpeGKMd8cqiqbPV7VYj4pshu

Debug level 1: CLIENT -> SERVER: yA7jlJ1XKl/K2f/ByeqQ71xzHtTWflibX7tdKch+StxAbH1zsnpsj3YXkMrqK4f5m9eCXfv+3POL

Debug level 1: CLIENT -> SERVER: 1tcVsCEmwfqNWSb0hksT1Cq35W0Jh0vtwNh4EPvCIzPdJffi/OvVeT7ZfwOfTHce+vzs7PL6OOGD

Debug level 1: CLIENT -> SERVER: Kc77EFF+QXPK5AT0hoIRogAmg5pRKRynoy0bCucaHjGCfdLHTOiDxZdilpS4jGAB0bavdieX20Nl

Debug level 1: CLIENT -> SERVER: oZaHebwdbRxVG0WZG9RsHueI5L7Eu766vjxe6p4i+Vq5ujhWqOYjAYWXiZNadEk7of191WFLL5/o

Debug level 1: CLIENT -> SERVER: BhqD8b7KuzpO9m/EeEiSNtNsiiofDnXYElPTRJHGcrOai5LeQJwVVs7bfmmx0KDaffazypGnb+sB

Debug level 1: CLIENT -> SERVER: CAgNRC1FD444+o6H72Fl3+sVUu1eQB3x8B6aPUgVM9SRP9NM61HUY4oNGWXzIGGhRbLiQ9cjhDR9

Debug level 1: CLIENT -> SERVER: sIwBNuGzCPnd1NhG1SEN4h8OItJPaTwC5ceaDnGu5yRiZlfjWidjDkd9jxOz7DE/LXciUUGLK23I

Debug level 1: CLIENT -> SERVER: DGhTBkrTlj7dRfRBUdmCamKcKNCWNBaOb85xAzJAwE8c7XVcDjOyiLcUgTPEiaC/i4+Os6LHElBW

Debug level 1: CLIENT -> SERVER: zwBMutkPi7CEat4BXXc8JqTw4Stnh6UInrJ4RUx7Cg3hNuXTAyw3tTANl18aXDK1DMoHHtnBoIfz

Debug level 1: CLIENT -> SERVER: rg7aQrVJFooqMFNPDWYp6iktm0jNDIUX75B4UDvT/ZNRzOCNwqjrMmoIJmeanG6RrslEmArXH30l

Debug level 1: CLIENT -> SERVER: fF1KNE7D/r5wJLx1kEV9YBFKsZXoxSCCZQErAjBEVwdNED6iTbq+LyjckokOWfRBz8mhI0nE8lmD

Debug level 1: CLIENT -> SERVER: umeGFS++ZSmGz4IbsFf4lV2vdGVToPbBp62SHwJHTNyvboYssfHRDtr6geJd15zJXipDk/oqw7rg

Debug level 1: CLIENT -> SERVER: E0nJOzCY9FDzj9QcH52m4Eldv9GaugyptiF6UbRUtcTSNVcffmymSlGYbFJbYLS/A0xVuIU12Y3E

Debug level 1: CLIENT -> SERVER: AXhJvqq7Rp0RQcJKiwMTxZKpbssO15uDcxFm3OMTmiZLTKrgXrF5d/Sv7kpLFTwoc1DWx/kDgA8u

Debug level 1: CLIENT -> SERVER: tepdT9tz4+FBcDJabJFLCLVnzSNQQ1iYF4pfV5JbqQZ8MGENXRGtLH8EOmLojUS6yxtfs5DusBG8

Debug level 1: CLIENT -> SERVER: oZ8fT1nOB46B+BuvdwzxdTMwxAqLd9qbSetES/zY5ECiDzSgWNPqxijL5GhObaGXUGWjl0KdEFH3

Debug level 1: CLIENT -> SERVER: Jf+HBdYPqiUH4xEC504Hjb9NJkMQHhrfn/2H5vmYyWjHLJ/n1tYF/meqDR8vbdnoF26mj0ymTDQU

Debug level 1: CLIENT -> SERVER: sJmfHqH7YIeDVxhi1gp9ogEhMyXZmqB4vHIDZY2x3/4su3MXtHs+XkwJZ0sKNIrUnilPY/B5l7S6

Debug level 1: CLIENT -> SERVER: IJlAg4WzicJU7r1OLDrN87V3y3Pclayf6ZlG3XBmkdFLv5cLytsQfoNCGt3+Z2r75DW5u+Yub308

Debug level 1: CLIENT -> SERVER: Lu/7rF77D1BLBwiiCoTR+wQAAJgfAABQSwMEFAAICAgAi2I+WwAAAAAAAAAAAAAAABUAAABNRVRB

Debug level 1: CLIENT -> SERVER: LUlORi9tYW5pZmVzdC54bWy1ls9uwjAMxu88RZU7zeA0VRSkTdp10sQewKRuyZQmUewgePu1TPwZ

Debug level 1: CLIENT -> SERVER: QxOg5pZEye/77DR2Z4tta7INBtLOlmKSP4kMrXKVtk0pPpdv42exmI9mLVhdI3FxGGTdOUvHaSli

Debug level 1: CLIENT -> SERVER: sIUD0lRYaJEKVoXzaCunYouWi9/7i15pPspO4FobHHcbwy47iWGlYcw7j6UA741WwJ1PubFVvtfK

Debug level 1: CLIENT -> SERVER: zyVyxi2L0+mzqKZny3U0ZuyB16WQQt7l4Trl1dlaNzHsvdFUEgNHWkFIgwel0GA3dUGqGEIfeZfc

Debug level 1: CLIENT -> SERVER: 5FpJBGrjgDER3DsfffdlxET44JqAlO6me+vJ4OycSQbXLTRI8kVzC56SatzJviwjFG3/evKoc3Uu

Debug level 1: CLIENT -> SERVER: cJuHQQJ7X32h4g/0BhT2hYzkz1I2ScW/k9sXVtnXmKv8Lm/8WBH6n0u8M0iDYw+5lal8HwVSB0DI

Debug level 1: CLIENT -> SERVER: 3PXpRxRu6KbkA0JFa8T7murR3qBBt8gwWJtbrmO7sqANST4Mc2+boeHDPoeL257JPz9l829QSwcI

Debug level 1: CLIENT -> SERVER: 5xErG3oBAADPCQAAUEsBAhQAFAAACAAAi2I+W17GMgwnAAAAJwAAAAgAAAAAAAAAAAAAAAAAAAAA

Debug level 1: CLIENT -> SERVER: AG1pbWV0eXBlUEsBAhQAFAAACAAAi2I+WwAAAAAAAAAAAAAAABoAAAAAAAAAAAAAAAAATQAAAENv

Debug level 1: CLIENT -> SERVER: bmZpZ3VyYXRpb25zMi9zdGF0dXNiYXIvUEsBAhQAFAAICAgAi2I+WwAAAAACAAAAAAAAACcAAAAA

Debug level 1: CLIENT -> SERVER: AAAAAAAAAAAAhQAAAENvbmZpZ3VyYXRpb25zMi9hY2NlbGVyYXRvci9jdXJyZW50LnhtbFBLAQIU

Debug level 1: CLIENT -> SERVER: ABQAAAgAAItiPlsAAAAAAAAAAAAAAAAYAAAAAAAAAAAAAAAAANwAAABDb25maWd1cmF0aW9uczIv

Debug level 1: CLIENT -> SERVER: ZmxvYXRlci9QSwECFAAUAAAIAACLYj5bAAAAAAAAAAAAAAAAGgAAAAAAAAAAAAAAAAASAQAAQ29u

Debug level 1: CLIENT -> SERVER: ZmlndXJhdGlvbnMyL3BvcHVwbWVudS9QSwECFAAUAAAIAACLYj5bAAAAAAAAAAAAAAAAHAAAAAAA

Debug level 1: CLIENT -> SERVER: AAAAAAAAAABKAQAAQ29uZmlndXJhdGlvbnMyL3Byb2dyZXNzYmFyL1BLAQIUABQAAAgAAItiPlsA

Debug level 1: CLIENT -> SERVER: AAAAAAAAAAAAAAAYAAAAAAAAAAAAAAAAAIQBAABDb25maWd1cmF0aW9uczIvbWVudWJhci9QSwEC

Debug level 1: CLIENT -> SERVER: FAAUAAAIAACLYj5bAAAAAAAAAAAAAAAAGAAAAAAAAAAAAAAAAAC6AQAAQ29uZmlndXJhdGlvbnMy

Debug level 1: CLIENT -> SERVER: L3Rvb2xiYXIvUEsBAhQAFAAACAAAi2I+WwAAAAAAAAAAAAAAAB8AAAAAAAAAAAAAAAAA8AEAAENv

Debug level 1: CLIENT -> SERVER: bmZpZ3VyYXRpb25zMi9pbWFnZXMvQml0bWFwcy9QSwECFAAUAAgICACLYj5bLOn+3W0BAABEAwAA

Debug level 1: CLIENT -> SERVER: GwAAAAAAAAAAAAAAAAAtAgAAT2JqZWN0UmVwbGFjZW1lbnRzL09iamVjdCAxUEsBAhQAFAAICAgA

Debug level 1: CLIENT -> SERVER: i2I+WyLGC5vcBAAAnxIAAAsAAAAAAAAAAAAAAAAA4wMAAGNvbnRlbnQueG1sUEsBAhQAFAAICAgA

Debug level 1: CLIENT -> SERVER: i2I+W51wzVeFCwAA9lUAAAoAAAAAAAAAAAAAAAAA+AgAAHN0eWxlcy54bWxQSwECFAAUAAgICACL

Debug level 1: CLIENT -> SERVER: Yj5bXTlUpqUEAAAmFQAAFAAAAAAAAAAAAAAAAAC1FAAAT2JqZWN0IDEvY29udGVudC54bWxQSwEC

Debug level 1: CLIENT -> SERVER: FAAUAAgICACLYj5bJPOCnOcJAADZUgAAEwAAAAAAAAAAAAAAAACcGQAAT2JqZWN0IDEvc3R5bGVz

Debug level 1: CLIENT -> SERVER: LnhtbFBLAQIUABQACAgIAItiPlvy9S/63QIAAIAOAAAVAAAAAAAAAAAAAAAAAMQjAABPYmplY3Qg

Debug level 1: CLIENT -> SERVER: MS9zZXR0aW5ncy54bWxQSwECFAAUAAAIAACLYj5bBj6dgfsDAAD7AwAACAAAAAAAAAAAAAAAAADk

Debug level 1: CLIENT -> SERVER: JgAAbWV0YS54bWxQSwECFAAUAAgICACLYj5bqHzfrF4IAACUCgAAGAAAAAAAAAAAAAAAAAAFKwAA

Debug level 1: CLIENT -> SERVER: VGh1bWJuYWlscy90aHVtYm5haWwucG5nUEsBAhQAFAAICAgAi2I+W6IKhNH7BAAAmB8AAAwAAAAA

Debug level 1: CLIENT -> SERVER: AAAAAAAAAAAAqTMAAHNldHRpbmdzLnhtbFBLAQIUABQACAgIAItiPlvnESsbegEAAM8JAAAVAAAA

Debug level 1: CLIENT -> SERVER: AAAAAAAAAAAAAN44AABNRVRBLUlORi9tYW5pZmVzdC54bWxQSwUGAAAAABMAEwD9BAAAmzoAAAAA

Debug level 1: CLIENT -> SERVER: 

Debug level 1: CLIENT -> SERVER: --b1=_CvZU601I4KdNVvR8sydjnbQFvagVXEYHRU16CJhAz0--

Debug level 1: CLIENT -> SERVER: 

Debug level 1: CLIENT -> SERVER: .

Debug level 2: SERVER -> CLIENT: 250 2.0.0 Ok: queued as C7151802399

Debug level 1: CLIENT -> SERVER: QUIT

Debug level 2: SERVER -> CLIENT: 221 2.0.0 Bye

