Debug level 2: SERVER -> CLIENT: 220 smtp-sp217-18.kinghost.net ESMTP

Debug level 1: CLIENT -> SERVER: EHLO localhost

Debug level 2: SERVER -> CLIENT: 250-smtp-sp217-18.kinghost.net
250-PIPELINING
250-SIZE 62914560
250-VRFY
250-ETRN
250-STARTTLS
250-AUTH PLAIN LOGIN
250-AUTH=PLAIN LOGIN
250-ENHANCEDSTATUSCODES
250-8BITMIME
250-DSN
250 CHUNKING

Debug level 1: CLIENT -> SERVER: AUTH LOGIN

Debug level 2: SERVER -> CLIENT: 334 VXNlcm5hbWU6

Debug level 1: CLIENT -> SERVER: [credentials hidden]
Debug level 2: SERVER -> CLIENT: 334 UGFzc3dvcmQ6

Debug level 1: CLIENT -> SERVER: [credentials hidden]
Debug level 2: SERVER -> CLIENT: 235 2.7.0 Authentication successful

Debug level 1: CLIENT -> SERVER: MAIL FROM:<ourodosul@ourodosul.com.br>

Debug level 2: SERVER -> CLIENT: 250 2.1.0 Ok

Debug level 1: CLIENT -> SERVER: RCPT TO:<cesarborba@brturbo.com.br>

Debug level 2: SERVER -> CLIENT: 250 2.1.5 Ok

Debug level 1: CLIENT -> SERVER: DATA

Debug level 2: SERVER -> CLIENT: 354 End data with <CR><LF>.<CR><LF>

Debug level 1: CLIENT -> SERVER: Date: Tue, 30 Sep 2025 15:32:09 +0200

Debug level 1: CLIENT -> SERVER: To: cesarborba@brturbo.com.br

Debug level 1: CLIENT -> SERVER: From: ourodosul@ourodosul.com.br

Debug level 1: CLIENT -> SERVER: Subject: =?iso-8859-1?Q?Atualiza=C3=A7=C3=A3o_de_Cadastro?=

Debug level 1: CLIENT -> SERVER: Message-ID: <CbqUTmDioRQoRTCL8vILgQUY3XWdTTN8bDcmY3xIw@localhost>

Debug level 1: CLIENT -> SERVER: X-Mailer: PHPMailer 6.10.0 (https://github.com/PHPMailer/PHPMailer)

Debug level 1: CLIENT -> SERVER: MIME-Version: 1.0

Debug level 1: CLIENT -> SERVER: Content-Type: multipart/mixed;

Debug level 1: CLIENT -> SERVER:  boundary="b1=_CbqUTmDioRQoRTCL8vILgQUY3XWdTTN8bDcmY3xIw"

Debug level 1: CLIENT -> SERVER: Content-Transfer-Encoding: 8bit

Debug level 1: CLIENT -> SERVER: 

Debug level 1: CLIENT -> SERVER: --b1=_CbqUTmDioRQoRTCL8vILgQUY3XWdTTN8bDcmY3xIw

Debug level 1: CLIENT -> SERVER: Content-Type: multipart/alternative;

Debug level 1: CLIENT -> SERVER:  boundary="b2=_CbqUTmDioRQoRTCL8vILgQUY3XWdTTN8bDcmY3xIw"

Debug level 1: CLIENT -> SERVER: 

Debug level 1: CLIENT -> SERVER: --b2=_CbqUTmDioRQoRTCL8vILgQUY3XWdTTN8bDcmY3xIw

Debug level 1: CLIENT -> SERVER: Content-Type: text/plain; charset=iso-8859-1

Debug level 1: CLIENT -> SERVER: Content-Transfer-Encoding: 8bit

Debug level 1: CLIENT -> SERVER: 

Debug level 1: CLIENT -> SERVER: (Sem conteúdo)

Debug level 1: CLIENT -> SERVER: 

Debug level 1: CLIENT -> SERVER: --b2=_CbqUTmDioRQoRTCL8vILgQUY3XWdTTN8bDcmY3xIw

Debug level 1: CLIENT -> SERVER: Content-Type: text/html; charset=iso-8859-1

Debug level 1: CLIENT -> SERVER: Content-Transfer-Encoding: 8bit

Debug level 1: CLIENT -> SERVER: 

Debug level 1: CLIENT -> SERVER: <p>(Sem conteúdo)</p>

Debug level 1: CLIENT -> SERVER: 

Debug level 1: CLIENT -> SERVER: 

Debug level 1: CLIENT -> SERVER: --b2=_CbqUTmDioRQoRTCL8vILgQUY3XWdTTN8bDcmY3xIw--

Debug level 1: CLIENT -> SERVER: 

Debug level 1: CLIENT -> SERVER: --b1=_CbqUTmDioRQoRTCL8vILgQUY3XWdTTN8bDcmY3xIw

Debug level 1: CLIENT -> SERVER: Content-Type: application/octet-stream; name="6114  .0 WALMIR DE OLIVEIRA BORBA.odt"

Debug level 1: CLIENT -> SERVER: Content-Transfer-Encoding: base64

Debug level 1: CLIENT -> SERVER: Content-Disposition: attachment; filename="6114  .0 WALMIR DE OLIVEIRA BORBA.odt"

Debug level 1: CLIENT -> SERVER: 

Debug level 1: CLIENT -> SERVER: UEsDBBQAAAgAAPlrPltexjIMJwAAACcAAAAIAAAAbWltZXR5cGVhcHBsaWNhdGlvbi92bmQub2Fz

Debug level 1: CLIENT -> SERVER: aXMub3BlbmRvY3VtZW50LnRleHRQSwMEFAAACAAA+Ws+WwAAAAAAAAAAAAAAABoAAABDb25maWd1

Debug level 1: CLIENT -> SERVER: cmF0aW9uczIvc3RhdHVzYmFyL1BLAwQUAAgICAD5az5bAAAAAAAAAAAAAAAAJwAAAENvbmZpZ3Vy

Debug level 1: CLIENT -> SERVER: YXRpb25zMi9hY2NlbGVyYXRvci9jdXJyZW50LnhtbAMAUEsHCAAAAAACAAAAAAAAAFBLAwQUAAAI

Debug level 1: CLIENT -> SERVER: AAD5az5bAAAAAAAAAAAAAAAAGAAAAENvbmZpZ3VyYXRpb25zMi9mbG9hdGVyL1BLAwQUAAAIAAD5

Debug level 1: CLIENT -> SERVER: az5bAAAAAAAAAAAAAAAAGgAAAENvbmZpZ3VyYXRpb25zMi9wb3B1cG1lbnUvUEsDBBQAAAgAAPlr

Debug level 1: CLIENT -> SERVER: PlsAAAAAAAAAAAAAAAAcAAAAQ29uZmlndXJhdGlvbnMyL3Byb2dyZXNzYmFyL1BLAwQUAAAIAAD5

Debug level 1: CLIENT -> SERVER: az5bAAAAAAAAAAAAAAAAGAAAAENvbmZpZ3VyYXRpb25zMi9tZW51YmFyL1BLAwQUAAAIAAD5az5b

Debug level 1: CLIENT -> SERVER: AAAAAAAAAAAAAAAAGAAAAENvbmZpZ3VyYXRpb25zMi90b29sYmFyL1BLAwQUAAAIAAD5az5bAAAA

Debug level 1: CLIENT -> SERVER: AAAAAAAAAAAAHwAAAENvbmZpZ3VyYXRpb25zMi9pbWFnZXMvQml0bWFwcy9QSwMEFAAICAgA+Ws+

Debug level 1: CLIENT -> SERVER: WwAAAAAAAAAAAAAAABsAAABPYmplY3RSZXBsYWNlbWVudHMvT2JqZWN0IDHFUz1LA0EQfXdRY/zW

Debug level 1: CLIENT -> SERVER: QuJHERPsgiQYFMvLFxzeETkksVHUQojYmEJrRY3RNBYqiJbaSTpF8Af4F2wEC7ETsbQ53132kjOF

Debug level 1: CLIENT -> SERVER: jYgLszPz5t7bnd29bELTZ9MSoqgOCUNwD6nRNkPAG6NRJieEZHofDkVkmiVGIzWhTltk5dU0G4Vw

Debug level 1: CLIENT -> SERVER: TNckVnHoAWwLumzTZRs98wPFQUHDRsjCURbpDn2zs9tvSV10i1EPo/dP0/zoB4JhYHK4rnFAP0Xv

Debug level 1: CLIENT -> SERVER: wThnLxJLa/nlQl5oShCqjrLpqR2PCPfFUhKK4luTA3uuFo9cBenUnayTGmEyw4WeBkDGRDQas7zF

Debug level 1: CLIENT -> SERVER: vaMVWAlT/0W2q7ysKGKweEFWn1uqPBljEefIVmkhycao/Vf9/dzTPZNdX3VvfuQUTVeNQDIVyGhq

Debug level 1: CLIENT -> SERVER: NqUaSiCeMeKKVeP9Yo7bSIseg2y8TFukXoV2wQ5zXuCKVmkFdKre0i7bgIV24IF23sF75HN7pF13

Debug level 1: CLIENT -> SERVER: ATfdQImXPt8LTPfZO4ACDTpUGHwTSaQ4Z4ioyDK2UIVInJjBWfnNo/wfqvuPcrAvUEsHCElPOHaT

Debug level 1: CLIENT -> SERVER: AQAA4AMAAFBLAwQUAAgICAD5az5bAAAAAAAAAAAAAAAACwAAAGNvbnRlbnQueG1svVhRU9w2EH7v

Debug level 1: CLIENT -> SERVER: r1AvM532wec7kk6DC8ekCWQ6A4EpZNpXIa/PamXJkWQOeOp/6C/oU6e/g3/SX9KVbAubOxNfyIQH

Debug level 1: CLIENT -> SERVER: uFt9u99qd7VasXdwXQhyBdpwJfcn8+lsQkAylXK53J+8vziKXk4OFl/tqSzjDJJUsaoAaSOmpMW/

Debug level 1: CLIENT -> SERVER: BLWlSerV/UmlZaKo4SaRtACTWJaoEmSrlXTRieeqJcbeiNHqHtzVtnBtxyo7bE+XXo5n9uCudqrp

Debug level 1: CLIENT -> SERVER: aqyyw2JQu+qZGqt8bUSUKYx6UVLLH3hxLbj8Y3+SW1smcbxaraar51Oll/F8d3c39qvBYRZwZaWF

Debug level 1: CLIENT -> SERVER: R6UsBgGOzMTz6TxusQVYOtY/h+26JKviEvTo0FBL17JqrpajK+JqORAallM9ujY8uJ/e5+n49D5P

Debug level 1: CLIENT -> SERVER: u7oFtflATl7GJ7jof50c39eCLsZyOWwvVEzzcvQ2a3RXXykVXHUK9QH17u7MZi/i+nsHvXoUvtLc

Debug level 1: CLIENT -> SERVER: gu7A2aNwRgULEVfFpqAhbh4jIoIrV6ah8F0gzIDCTlwvB7BJB03/dnJ8znIo6D2YfxwccWkslfeR

Debug level 1: CLIENT -> SERVER: 0S4Jgzv9PtZQKm1DYLLxDROztRNY0owGGkSaqbcQOUXP1bUQu5MZO5VnodI4iLasg5MNP1yXoLlT

Debug level 1: CLIENT -> SERVER: pMJlLioM7hKzqcqko10XT6PZuTx2Jov2pqirzMRBkOGNEWWUQZQCE2axV5/4ICb1d+fH/uSC5spl

Debug level 1: CLIENT -> SERVER: A092iyi4uAkL8ePqr6ngl5rPNxholiakp+/WoiVI3DwWq1lxY0ZyfCKFxl3IHqLklmHHuKKau2tm

Debug level 1: CLIENT -> SERVER: JD055svcbnDiG1oq82MPVYu+oFub4v9pftUZeYJfRxtceZzxxlgonkJ5XDGeUnJOpSHvJceZCgbj

Debug level 1: CLIENT -> SERVER: sQE7JipP9vHknLxVNuds0LOA+Gz+xEMNoZHTymIVWs4ibyd0Cv+75/3ZPHA1PpdU06WmZd4uoMCN

Debug level 1: CLIENT -> SERVER: q/5LVGudY89OqU5bSIGzB+iopMs1REsdzEYldkLQloMJBE6tGXec636LHY+H3b9Yc99Np4HUfeny

Debug level 1: CLIENT -> SERVER: ZSphSiikeTbzP622B6rK4qCHVjMqDPSWnDyyuVbVMo+aUVsqCb1EPWycyOblht+ifD4vbUfW2tAF

Debug level 1: CLIENT -> SERVER: FV7seUxOUzcadG37hUqmoL0XPfbW3ApcF7i398CrCG83KntN/R7g3GsBtZPdRZ/1ZnWD9Zr4EYCn

Debug level 1: CLIENT -> SERVER: d5OlgOvHHAiQARfC+rATAxAfPyjKnNaJWIututoU2k2Apng8qf88vlIzvVaq/jj4vjF0zk6PD0Mt

Debug level 1: CLIENT -> SERVER: N+j145MrzW+VGzcibC/7EwbSz45rqxpE73i751SikMx9wBSWwLCE5ut7igfbSrNwqdKb8MWFbLHn

Debug level 1: CLIENT -> SERVER: X4kGPlT4FA7taV1IvCjlphT0pj2BkcAhFX3F4+mX62D8LERlrEZ+JZ2PTzJ20bbSp1lxzeapRt7U

Debug level 1: CLIENT -> SERVER: r1of9uGolbVKtzqwdy9+UgVJOf2avPpQcXL3L8Er8LTSiqSKnFdiSs7wHiyUIUxJN2VSTXCAJtSh

Debug level 1: CLIENT -> SERVER: Dxq+cpii08Z9tWQaxXXhdGG+uL20qdvL38GqebNNnO+xCiN7U0L/esHrcsVT98jbnc5+2GVFLcub

Debug level 1: CLIENT -> SERVER: Zjabvth94YTe8i1O0ak73bPWGYUszBL/Ok9yDfgYmMantRC5a3nNarhrDa3M5K7HAl44aSuizFbU

Debug level 1: CLIENT -> SERVER: IlLJY0VTlwzPwQu8nDZS/AKYWtY8+j8fa3wf58Uhvo1c7pBCYx4UgcLl0VKriIsjoagu+C0m1UBF

Debug level 1: CLIENT -> SERVER: GE3xHtaqTrpDZhwboV80WBgpmjog2yT9nSog2Urj9dkR+e/Pv7bSeUMtJejwO2qYfzipZBv1w4Jy

Debug level 1: CLIENT -> SERVER: Qb4t3Z4NaGcp4yJX36HnXs3Sy3C2Rlm8AAHY46Fv4GMfLzA7v+bUmldlebCV5ie6eehmArj7R22X

Debug level 1: CLIENT -> SERVER: oneqVy0EjL37G0UFwSw0qZAhFQSIIjicgespWFQgKkH1dAvC+Mti4t41FPduqHjgf7CL/wFQSwcI

Debug level 1: CLIENT -> SERVER: 8WoaOpYFAADEFQAAUEsDBBQACAgIAPlrPlsAAAAAAAAAAAAAAAAKAAAAc3R5bGVzLnhtbN1czZLb

Debug level 1: CLIENT -> SERVER: uBG+5ylUciU3SiT1r3i8lTjrJFV2Jdmxz1sQCUmMKYIFgqPRvk4OOeUp/GJpAAQJkiBF/Vme2aly

Debug level 1: CLIENT -> SERVER: rdANoPH1D5oNkG9/et6FvSdMk4BED31nYPd7OPKIH0Sbh/6Xzx+sef+nd797S9brwMNLn3jpDkfM

Debug level 1: CLIENT -> SERVER: StghxEkPOkfJUhIf+imNlgQlQbKM0A4nS+YtSYwj1Wmpcy/FVLJFDNa1u2DWezP8zLp25rylvmjV

Debug level 1: CLIENT -> SERVER: fWbBrPf2Kdp37cx5AVO9+5p07fychNaaWB7ZxYgFFSmewyD6+tDfMhYvh8P9fj/YjwaEbobOYrEY

Debug level 1: CLIENT -> SERVER: CmousJfzxSkNBZfvDXGI+WTJ0Bk4Q8W7wwx1lY/z6iJF6W6FaWdoEEM1rSZPm84W8bRpgMbbItrZ

Debug level 1: CLIENT -> SERVER: NgRzWb0jv7t6R77ed4fYtkEn8+EnIIp/Pn0sbIHuus7FeUtQeTSIOy9Tcuv9CSG5qLyDdFAhrmvb

Debug level 1: CLIENT -> SERVER: 46H8rXHvW9n3NGCYauxeK7uHQi9HnOxMoAGfMwQOCz9xM1XclC+6ceTJkOKYUJYLsu4eoAAdN5/F

Debug level 1: CLIENT -> SERVER: X6N8GuBMBmIEi3cUc+kjDLknDHmXN/1eFui04Or236lIuiYQRdfIw5aPvTB591Z6QN7ck7+5nA/9

Debug level 1: CLIENT -> SERVER: z2hLdqjfA0tXHLsgPOSEYXv39ygMVjRwDANkpH6v1J/TrA2OMA1Aeck+SJKOc5w5BYVVRCWOOGAe

Debug level 1: CLIENT -> SERVER: eNATogEPux2n730MNltmEOIPKCbJH0tcsuk7imXC/zy5pEYukOuDQZT2GQ8Jw7tLpvyYeoGPeo8o

Debug level 1: CLIENT -> SERVER: SnpfogBSDNyIh4G3CyoXy/jpsfdXwraB1yhZznE1eYZNASFrl5mWktvHa5SGWf6lRs4k3FAUc9kV

Debug level 1: CLIENT -> SERVER: b/bbiimEKMoCyNd4FrJMtsgnewvGTzCznh/69mDkgZwG4qFCZLBFWpBRYCuJkQf5jLUlNPgNREch

Debug level 1: CLIENT -> SERVER: Z3XnrcxPXAyvzgoBtOuoNVbDmBksIaxjH7CtJTPENQoTzQJiRJFASMdnTZZi8C3mnggh257/Xo3H

Debug level 1: CLIENT -> SERVER: R7FQygifGYwl8DGRA6Aw3iLFJvqvKEaQkyUMDIEpCt8YucQ7MOeHfkgttioZRxD5mO8lPL/Wl6hE

Debug level 1: CLIENT -> SERVER: V5JDHgr6J3HCrad5MTk7l1tbo2xNEwzgRFzXYnKPhAQyNkZTcEuAQTQmwW8gqePETLSFKNqkaANN

Debug level 1: CLIENT -> SERVER: WYNH0ohRMJI//5IvHzPY/a2vmEZCdDmgtko+pgU7KIrUyFnHbHBFw3ngzWZRhC+P9fF4+hfi54YR

Debug level 1: CLIENT -> SERVER: cyqi1TFz0uOf+gWcJS/r4no5/v1j5rVDdBNEFqgPDJYba9G2IozxBIjbsZuRDNYIrdtDvMUR5Lsk

Debug level 1: CLIENT -> SERVER: skLk+wC4WNBDPyJgOruAnWi0cRp5LJUD7oEMCQ+ABwo8btXKGi0/AI+P+CSQ6EycwhHLdh+DRgov

Debug level 1: CLIENT -> SERVER: PMM4Nd1XUo9bmi2fSlmgeSu7nYmLuXNL/XAj89cNC6uYU7U2incITJU/KymTc2tMcZpsKywX+JZ4

Debug level 1: CLIENT -> SERVER: 7NaDX4h1i5FP5StCuRdwE4OdAOwlRHHC7ffSiS1K9pXJoaXi1F8xjsGlN5ht+WMv97djE+sTSjN+

Debug level 1: CLIENT -> SERVER: BO/xEfX7jbFFKS9ESQLigescDTeEgpdHidLSPgCfkr+a96QLnLNY9JHFfg5YiI+uFBryYpNlRini

Debug level 1: CLIENT -> SERVER: MuoMn6HhV9f+dUX8wzmIlQL0YOyOmoK0M3bMQdqWQVoYhcg/IpF/oHCPDskxdOtxLX94KIc3d67C

Debug level 1: CLIENT -> SERVER: mwxdebJg2QPbmRfh96TQpmfA5oAm5z0rOomu3U3EoEjYY+IQHTRV93TyJYZ0to00buIO38Q7L/cj

Debug level 1: CLIENT -> SERVER: bJ/nrKPF3kM+ZEdzK7RU1BS6Cf4exTzqX1EHIClFJzqqRLtFET1R+5WVSZFeJ/keJyjCiVXh0m52

Debug level 1: CLIENT -> SERVER: 00qS4WZeKNt4D0iy4LmlxYNkH50oIMmohs5G/bQkAebxc3o2Q2cF/x0eSZ6vqN5AjNeq3ivp6mo2

Debug level 1: CLIENT -> SERVER: /jeM+IkI9zPHHIsyjp7z3TY1lVaQlAk8QvzEcx/n8k1vOpoc3/RO3d5E3i0yhTfuejJeTJszeVXF

Debug level 1: CLIENT -> SERVER: q2x4dtWs9V2pSjxhV7JP2ZU0S3DbLcG9tyW4l1tC8SD6I1mCM22xhBrxhKen6ZmWMGq3hNG9LWH0

Debug level 1: CLIENT -> SERVER: ciyhoulxm6arxBM0PT5T0+N2TY/vrenx5Zou1FnTtD27haabk6aT8qIPhr5n5zyayiftKp/cW+WT

Debug level 1: CLIENT -> SERVER: l6PyFt2do5lpu2am99bM9HLNFPBXNXO5ViYL/vdyHHHWru7ZvdU9exnqvrITztu1Mr+3VuYXa+Vm

Debug level 1: CLIENT -> SERVER: GnFn/O/lOOCiXdWLe6t68eOr+hrO95iu2D3K594Wxfxm1zFE5ZljGGzAVj0QAOfHTv9OExasDxY/

Debug level 1: CLIENT -> SERVER: mYEZ94T6tXP5UzYs7RnBUAiHcOpOM9WdUp6rPXNc4nz1x44r+ua/UsIuM4OrPQQWpJupf2zzv2uE

Debug level 1: CLIENT -> SERVER: ywth56V67iP/rCJdjoucrVfjuaWaQrxm4vh9VlYTlUdTtq6hQFw0yRrl6Pzc0ioRc+V0rRQzHCWY

Debug level 1: CLIENT -> SERVER: Y1MyzTIuGVfvu1mvgmXijo24GCjHK6EF6SyDP0cPvE+MfL7ZZmtSGlWtFUWr5mw1o8moQiiWU9Cy

Debug level 1: CLIENT -> SERVER: o3Q5QUQirLdmE1SbVfrKzx17CQkDv6c/52dc2lOlgfH71g4uDAF/kRlIKQrwHx9gbLPVZz2KgNDT

Debug level 1: CLIENT -> SERVER: efM7BzxlGTbP+/nb/1gaEnEQwf95vy0udVQORyVnz+npPKV5XnmpXsPK7YaVewesfoxitobVqBtW

Debug level 1: CLIENT -> SERVER: o6tg9SOWezUsxt2wGF8Xi7OD2g0fAzVQJt1AmdzCmc56YNJkn3aTfXqR7C+isKaBMusGyuwqoFxZ

Debug level 1: CLIENT -> SERVER: ofNuss8vM8aXUKjRQFl0A2VxFVCurNDjYp8s9InJy9Uu1t3l2hyvDnVBs+C7bqzrWJO59yb/Htzr

Debug level 1: CLIENT -> SERVER: 23+//ecISjnbRSD9MJUL7QH951285S8ytj+jV7nul9tcuPKSvuXqUFfVZ+w/SJJ3PRP4Ba8xxZF3

Debug level 1: CLIENT -> SERVER: pE5TY+u6diGueNeN1zCSHQpDy0Nx0m8AxhAs7IVewN1nd6xXJPRLmEiCAq2JnGMmGDoj9o+PP1dX

Debug level 1: CLIENT -> SERVER: 3uFVO3FREUXellCLHWJcLm09bZbPquYD/38o1X/kGziyxiJb1EtuVkz4uQaJawTKD0BqxbPiPTrZ

Debug level 1: CLIENT -> SERVER: s1ye0qiV7jVsxGrUcYsBIknpVxjFuUzGLi9uVu4oRunO4q+zI1BqDia/tpx1reKpk0gSiLdNUOQL

Debug level 1: CLIENT -> SERVER: k8HqJQa0ArKox/FXsk3DVliysUXjmoQh2WPfWh3kBWqGVn1t8vx1JzU/N9PZ1DWVVi2dUqpFKkKB

Debug level 1: CLIENT -> SERVER: s3HRQG3CsyPS7qtC2oEEbGpEWqdUqr6ScHOkR68M6fwMoQp09XChdOhwc5jHrwzm4uShinPtTKJ8

Debug level 1: CLIENT -> SERVER: jHFzpCevDOnZbN6AdEGpIC0JN0d6+qqQdgf2yLwd6pQS0opwc6Rnrwxpd27eDnVKBWlJuDnS81eG

Debug level 1: CLIENT -> SERVER: 9MQcpjVCBefJdwnSi1cG82zRhHNBqQAtCTdH2rFfFdSjgT0274c6pQS1IlwCdZmk4x8RhhN4RI/W

Debug level 1: CLIENT -> SERVER: wSal4kMCvZxgZVfQ1oSwSLs1oqvCyVYsvzvzhMIU85cDZaPqmGgQiC9R6H3kG4X8XgQfT33Ti6+3

Debug level 1: CLIENT -> SERVER: u4Q48psEDMwCquE5IoUEpmka34eUX+sR76svFkUdwYRONkiBAtdtRgsij4ovAfLkT/s0kRit+CIR

Debug level 1: CLIENT -> SERVER: v54CYwaepQhyOo4nWOkBtFsqDnyKd07fwFSpFgnKPvD5h/Nce7BYqNKPIKjX693FYNqyxmwSgJBZ

Debug level 1: CLIENT -> SERVER: hAawFpQpm1BGUcBql3xchVn9ko+BlHmC8RqR9u2hlk/9ZGvf0MBXn05449n8z8SRKdsdz2zHRF+h

Debug level 1: CLIENT -> SERVER: pMAm/1xBnY+mq0PBZ+aRwuplp9oIEGz41/8y26szCeBb6FmBscKhnNPaoeeSkMXXujKGBMcKYWko

Debug level 1: CLIENT -> SERVER: lSMZ9Q0aEBSMQvCL91tsx8CD1qLaaGBBPr+5JT1B+odspxDIlIVO8g9DKS3a4j8tPJptXS1qixG/

Debug level 1: CLIENT -> SERVER: FCV+DPWVao31gQqvrLthRtihJB8jny1r5COVj4sqF4J1mTX31aJBZfih+dOw7/4PUEsHCCeojhaQ

Debug level 1: CLIENT -> SERVER: CwAAWlYAAFBLAwQUAAgICAD5az5bAAAAAAAAAAAAAAAAFAAAAE9iamVjdCAxL2NvbnRlbnQueG1s

Debug level 1: CLIENT -> SERVER: zVhtb9s2EP6+X2F4wL7R8kuS1V6SIt2yrUDSAGm7l08DLZ1krpQokJRf/v2OokRRjuXKCRrsS1rx

Debug level 1: CLIENT -> SERVER: nrt7eHc88nz5dpvywRqkYiK7Gk5G4+EAslBELEuuhp8//UreDN9ef3cp4piFsIhEWKSQaRKKTOO/

Debug level 1: CLIENT -> SERVER: A9TO1MJKr4aFzBaCKqYWGU1BLXS4EDlktdbCRy9KX3ZF6R3vrV6CfW0NW91X2WBbunTZ33MJ9rUj

Debug level 1: CLIENT -> SERVER: STd9lQ0Wg+qrx6Kv8lZxEguMeppTzfZYbDnLvlwNV1rniyDYbDajzWwkZBJM5vN5UEod4dDh8kLy

Debug level 1: CLIENT -> SERVER: EhWFAXAwzlQwGU2CGpuCpn35GaxPKSvSJcjeoaGaPslqLkEhBLdrCrOfIV+nVV/rpHd1rZOOMIcr

Debug level 1: CLIENT -> SERVER: KnvXWQlul8os6l8qs8jXTaledeT3TXCPwvLP/V1TVzLt68tgW6EKJct7b9OifX0hhKNqFOxhL+lO

Debug level 1: CLIENT -> SERVER: x+OzwH576M1R+EYyDdKDh0fhIeWhi7hIDwUNcZMAEQTWpuTdITKBUB0K08CKHVhFnab/ur/7GK4g

Debug level 1: CLIENT -> SERVER: pQ2YfR1MWKY0zZrISJOEzp2eBxJyIbULTNy/+WK2ps5LFFPnBpFqVFogRrH05VsIzCkPjMr3rtIY

Debug level 1: CLIENT -> SERVER: 8LqsHcnKP2xzkMwoUm4yR1KFu8RsinzhafvFw0XTymXibptYFFlkD/Uh09apZ8GarNa9u206vK4v

Debug level 1: CLIENT -> SERVER: Mlu4KnALMV5oJKYhkAhCrq4vbUNyywP7bfxfDX+mnC0lGw6wW9SQlPGdL/HVjYwkkCFprF+1YUoN

Debug level 1: CLIENT -> SERVER: g+MubiSjfHLAQynoYd9H5EyH2EHWFHWxq33N9x3D5l3Ge/CRZuoAiR9oLtRPezi7+G2p1bt/RlR2

Debug level 1: CLIENT -> SERVER: SkP6orAUIYtoudXB54zhIwm6Q/MU2yc8L+Z4z0IplIj14G/6OxyqUEtjD/cq3D7RlTBt8QklJ3ip

Debug level 1: CLIENT -> SERVER: 96DrMFfrtNDoSLOQlHbcKS//triGYuKcVSzL1x++DXiRZsNa018kObY2kJqBGsRisZRAv5Al4M2B

Debug level 1: CLIENT -> SERVER: Bo3r2mIF37DI3OuT0dl0FqYlf4/OMW7T1+I2Hs3nP57GbfZa3C5GF/PpadzOXovbdDS9OClusqve

Debug level 1: CLIENT -> SERVER: pNjsEcMVn5UVmcUVsGSlTdLOzk1gjhMuFOA1r1lKOfG1Y8oVnEK8oxifR3x+8WziWhYn8Nb0cMDr

Debug level 1: CLIENT -> SERVER: xRQnEpAkpwkQq/ELxLTgem9T3obseBgxlXO6q/hU1swzFoc/kuI9cDXkkujlCXULXb0IuLvzcirN

Debug level 1: CLIENT -> SERVER: XF5+HCVslJ6moV7VEGIoq/9A5KxL1gz97a2ZiZrgqyfJiBKFND8DxGxbS/GZCtTTtNVlEryRNC/z

Debug level 1: CLIENT -> SERVER: aN5mmSDmu9aKmET3pYRr6WwJO9kRmiVmaB8/FRgaxlrm6KkVUv9CtCAxa/zbZ+LahABHBvJvoTSL

Debug level 1: CLIENT -> SERVER: d+06c9LK6lJovD2aSw4jThMkvdrrEU1ATOqycnzB5ZTKhGWEQ2wqPUwPl4apt1OK+B90JiE+XMp9

Debug level 1: CLIENT -> SERVER: K7XjyAedt2YlWIpo17yocfimkVoB6OtL68BMYwW3qVGgzTZr3yHFU4yzusLNr8HlxQobhzHLIsLp

Debug level 1: CLIENT -> SERVER: Erjaw5guICFB85LgOICDv3nlO1RNwUyP9oVqv1O6ZWmRkojFMeCJMeU6Ho1xFiv33827Nlj+rYxV

Debug level 1: CLIENT -> SERVER: T66HD59uP9z+9vhQc/MPoekzLd3qYjkALd8cVWrs0bWH9dCZDnrbnH4Dm7Pn2sR+fcCgbDZufzgy

Debug level 1: CLIENT -> SERVER: OEVs7wCcLydn+zFEf20Ny9ZXmnkZdd770Zl2u2sFwjTmesykvACid7kpZi6obkvwuTKxuzCNJ782

Debug level 1: CLIENT -> SERVER: X0jOfrRZGmcvcq80tryk8TUan+aph8k/b+7u3z8OfrkdPNy9/+P2/ePN4N3D47ubo46em4ujpXFx

Debug level 1: CLIENT -> SERVER: fj4d/2+q41R3/krTcFutNGg126Djh/jr/wBQSwcI7IPatHIFAADJFwAAUEsDBBQACAgIAPlrPlsA

Debug level 1: CLIENT -> SERVER: AAAAAAAAAAAAAAATAAAAT2JqZWN0IDEvc3R5bGVzLnhtbOVc627bOBb+v09hqINBC6yii93G9iQO

Debug level 1: CLIENT -> SERVER: 5rKzs8A0KDIdLPbXgJEomagkChSVy7zNPsu+2JKURFFX07KdpBkXaCvy8PA7Vx5RlC6uHuJodgdJ

Debug level 1: CLIENT -> SERVER: hnByaThntjGDiYd9lISXxu+ffzaXxtXmbxc4CJAH1z728hgm1MzoYwSzGRucZOui89LISbLGIEPZ

Debug level 1: CLIENT -> SERVER: OgExzNbUW+MUJtWgtUq9FlMVLYKZ7nBBrI6m8IHqDua0jbHgVn9mQayO9gm41x3MaZlO1eEB1h38

Debug level 1: CLIENT -> SERVER: kEVmgE0PxymgqIXiIULJl0tjS2m6tqz7+/uz+/kZJqHlrFYrS/RKwJ6kS3MSCSrfs2AE+WSZ5Zw5

Debug level 1: CLIENT -> SERVER: VkUbQwp08XFaFVKSx7eQaKsGUNCxakpgxkiYuNwv9RipYxr+dRdqe9ddOKBmbwuItp8J4qarzH19

Debug level 1: CLIENT -> SERVER: V5n76tgY0O2AfZfWR9Yp/vr4a+1XJNadi9M2VOURlGqLWVCr4zHGEiofUAS7gOva9sIqrhXq+1Hy

Debug level 1: CLIENT -> SERVER: e4IoJAq5N0rugciTGsdxn9IYnWMxChPecZevqAkXepDze4vAFBMqgQT6yY5px5Wz+AGQ0zDK7Exw

Debug level 1: CLIENT -> SERVER: MPlAMZfKweJRZfEhb6rxEa5zHQllNg5wnviF1xdY4EMKCeJdIKryrcKhMFjZruR+19hUiT7ALMkH

Debug level 1: CLIENT -> SERVER: wIOmD70o21wUASqbZ8U1n+7S+BFE6JYgY8aipyKJUfSo9qjDeZ8ZwoRhZPbM7lGWGdb4FN8TBCKn

Debug level 1: CLIENT -> SERVER: ZwbRocFfpUgR9VhE3QE2lkX5rrl/RSyZCfXOfgNJ1gPiW5Di7LsWXdF4WmiV9BO08phRGB+kltxD

Debug level 1: CLIENT -> SERVER: PhCizn5PEKsZ4LBqurQ66jkY40fkEZzhgM7+A36BfR5awGjRPQm2z2CLY9ADSXYcOrs1FMxle1HE

Debug level 1: CLIENT -> SERVER: VSh9GIA8Kku7inMJSZQ+pgejyKjI6yYzJSxvEYpYQVix8lAMWEfEJs0uDbfWRQoICAlIt91RjCOb

Debug level 1: CLIENT -> SERVER: HKemjzIKEl5Rspz03ovr0bx+6w4U8g3EaoDXEUjCHISsN6WiwWP5khIm1g83RpuFyRIySPo8R9BV

Debug level 1: CLIENT -> SERVER: vCqyP7dVT8m06vjxusuaFxYRfGiFp2Qpu7eozVR2/etaGLbHYpuLouoqi6+GGQvdXNtGi2hWXsUo

Debug level 1: CLIENT -> SERVER: MVFCYcjG+ShElNnMERP18JQ8vJwQdq/w2DeVYy8+2ZUUdzhiJuGFNiU5NHoYPMa3OKrQNO1V0So2

Debug level 1: CLIENT -> SERVER: 29x8I5G1eEje3FM2M0kmLvuF7zrruFqq3pDgPBW3SUIqRVtNxejqyxhycuGxEWb19JsgsNmPz6XK

Debug level 1: CLIENT -> SERVER: ZfaL+drUW2gnBqkMjsRHxf3BHYhy+PbdtyH97lK6HUjTqFS22XDL3aYajiHHPt/t2EIdN99M0o89

Debug level 1: CLIENT -> SERVER: WT9jphkN5FFpW1K9fVax3rWmPopLnDddYm8VLf9SDrGcnqdeoe8sD/Mdxz6t70xPtqfwHcc+UjI5

Debug level 1: CLIENT -> SERVER: jlincAhh0EMcwvlLOYTz9MnkBfuOo+E7PqCwX5euoRA9tvBa/aqK2b3JVo/0EQKp03LDPsJJqAKu

Debug level 1: CLIENT -> SERVER: sWnAnU+FO1N6chD122dEiKmAF0cHPAnGe+Mp1UFRPIDjQ41ji3OStWZcDygEJTll4d3vSGM5prwA

Debug level 1: CLIENT -> SERVER: sZnGCuYaoAbm8xNjHmCQQZ4OTiv0sMMsny0vaEgmzDBds+OmGfHrkUXJ1ajJxpeYl1Wxu52q63XV

Debug level 1: CLIENT -> SERVER: 4O6BJZerUXJ9VfY+pKh6Za6hU1GNqXJ+qGu8rHrbnR8jFbzcClrY6xB7a2xaf1X2PmBT+bW5xuJA

Debug level 1: CLIENT -> SERVER: 19DY9v2qVonzT47WRsMLWhIOkNXVktXcS7sipPrna/I1mcNSfqJj3JR6bj7u5eVetgaraDcrR4/V

Debug level 1: CLIENT -> SERVER: jsDjylfvXaTWdEw3190Pm72K3XUmrl5UcnFfQWQyefUik8t7pOicO88VnXPnaNEpHOUI0SkMMD06

Debug level 1: CLIENT -> SERVER: X1m9xOQ54aJ4muLoAFk1F8Xjp5lOsXmkyF48W2QvjhfZiyNF9uKgyNZ9qD113X1hgb889br7woJ/

Debug level 1: CLIENT -> SERVER: uc+6+/UkgOWzJYDl8RLA8kgJYLkzAQw+KZmvlKdMp338MeVBzqL2Luazicf393Fi4jtIgoi/UhCA

Debug level 1: CLIENT -> SERVER: KIMv8WHPJGmdpzHGUCg7O4CP5JmF8lA68xALRRQgzxxPHY5mquS98CHFCX8hTePYagGtC/On4hit

Debug level 1: CLIENT -> SERVER: PK877cwzwcWLRyaIUMhiNGG4ZIrllB4Tsey7xZTikWPNyuacLX6ds8TKqxWMWDRn6E9+YtpJaYOa

Debug level 1: CLIENT -> SERVER: N1eHkjudzWPJfW9riOGSQjCoDyDvUOwNzMb1WvakgMh3Cs2mTUY0VMAr/BdRBt2r+AniPPEhiVAC

Debug level 1: CLIENT -> SERVER: K5oMR8gfILlHPn/HCuQUD1CU9hCTiv/Xir+HKNxSbtXIb+pOCFTqvglRGVgRDAyXuh9mIEkEiz3N

Debug level 1: CLIENT -> SERVER: 406yT9O0/A2+zkHb2r27U/8CAX/D9FSu0Q6eZoi4i/I9ANWDEkxifiZ/t1GVeCo4DVm8YrmHxRvB

Debug level 1: CLIENT -> SERVER: NsBd9g/zn+gQpVWcSWapTLpfrkxCrvyVvTfIP1z7DwnURxlbPB6bSGZHkmMo8xTpdjmWbns762S6

Debug level 1: CLIENT -> SERVER: 3CeZKnK743JPi+g95XbH5O7trOV295H7M8NxUJ4YSUPXmMJJvAWocU9n+roF3hd+P5f4Zv2sLQg8

Debug level 1: CLIENT -> SERVER: r7YfCHHC6oLbyKSkWTPIPsq6ZR/nionPX662z2z3gxfPxLo2e7O0+R+tmmIufvom+BljmhxHVcOg

Debug level 1: CLIENT -> SERVER: SvzjK7vWstq/buoH2mMq1vwvJxWXL0xQavSEFUs1k7b8v7HcnGenCrl/YuxP4l3CmhJ0nieCTq/c

Debug level 1: CLIENT -> SERVER: /vDB3mM1uoY5Jcoi/EQSlWlER6LVaj+JfgBPbh8ui6Y0nledVdCT5t+AJFMLzbZEx0P1D0L4DcRT

Debug level 1: CLIENT -> SERVER: R0EFcqc8gfhpFMM76tnDytHvPY+Jf9Lbx+cUbKSCLQgmFrCl2qa4SHm/tIeLTJB5oHotZZ5WvB4g

Debug level 1: CLIENT -> SERVER: 8x5103SZ56Myz59aZl/8uoJYrQ8DlJe8yIjZDZtnVh0VqBCaTBqc04bcH9O4PoOqEPW8uY9Ixpo5

Debug level 1: CLIENT -> SERVER: SbFXd2nwLXuU5LI04p+AYRncjLHPNyqJSW9rY23ZTUt7g69sC1jRyv5p6oJvGW7LmLfPzvm3BUQz

Debug level 1: CLIENT -> SERVER: ICHriWDA25uNpKRuthY7eJxJ9YECaxhRCeXpUVKc9kBswrE6ZtIwr6tn3pPazjmW8Vo3VctlfVOl

Debug level 1: CLIENT -> SERVER: bCClwC8+isZInGU1rGeZtfkfqR+FAsVMVx1P6ch6UlearjTVl16qxnZ7tjWY0sqOGGSShUx0ZSPn

Debug level 1: CLIENT -> SERVER: NPbkQI2FnkxYwN9c8BVmnZb/ZlsIC+rN1dXVhdVuLFvSlhJatud2bK4w1TMwq+k5cvZP//svsyqY

Debug level 1: CLIENT -> SERVER: ldd1Bt441ZRKWwdFxa2h91EUVkeVu7R7U35za0S5bke5xRWBId9e5ID21PfsbUFHEY1UkuL6XUcR

Debug level 1: CLIENT -> SERVER: jZkaTSKMWrPzN5EG98xZ6SOJTPGI99Jwbfe9aa/MOYuPuW3ZK4u3lCg44ebvswowQ+/Y67mzns8l

Debug level 1: CLIENT -> SERVER: 6D4PauJ7TreaWSqh+AbJZrVSCYu2E7mf1R/zVv/HLjf/B1BLBwgzOmVdBQoAACxTAABQSwMEFAAI

Debug level 1: CLIENT -> SERVER: CAgA+Ws+WwAAAAAAAAAAAAAAABUAAABPYmplY3QgMS9zZXR0aW5ncy54bWy1V9tyokAQfd+vsHg3

Debug level 1: CLIENT -> SERVER: oMm6K6WmiLm5m2hKTPbyNkIrUxmmqZlBZL9+B9GUIbhrjDxRzOWcM83p7qFzvgxZbQFCUuRdo3Fi

Debug level 1: CLIENT -> SERVER: GTXgHvqUz7vG4+S6/tU4733q4GxGPbB99OIQuKpLUEovkTW9nUs7n+4aseA2EkmlzUkI0laejRHw

Debug level 1: CLIENT -> SERVER: zTZ7e7W9IstHlozy564RKBXZppkkyUlyeoJibjba7ba5mt0s9ZDP6Hxfqnz1NhUivhBlG3IxK7Km

Debug level 1: CLIENT -> SERVER: ZZ2Z+btRW4vcCk3T6G3isDl+r7MmyB91qiDMYlNbD2fSuoamtBcUkpeoGWX7Xu95opJOGTgCyAQj

Debug level 1: CLIENT -> SERVER: YzOp0khPUq6MXqvZ/tox3+K8C/sOZqoM3Pow8g/qq6AMum19+bjuW6DzoFT5Wft0X/R6SKI65T4s

Debug level 1: CLIENT -> SERVER: wS8yQVL+lVZ7tL9E+n+9jqfoAiZEay4olUpoHxi9+9FwcjW8uhmPyjWXDG4L2DW9PlP5Am3C/W2b

Debug level 1: CLIENT -> SERVER: D8SCKJ0E7/GvG2DyGwQ+ERaDLBx/isiAcKOnRAyHeSHDH6KqCvpGUP/4yBlqHxmKAjTDzAyNZuu0

Debug level 1: CLIENT -> SERVER: 2fzcOlz1A5nDhc6O5wqicqdr8GPkEwX36L/xc4BC597emfca+pZIHZU45GNMboH4uuQeX78mcQMA

Debug level 1: CLIENT -> SERVER: pdOxAvSBHMVKtylw03CKTLpQLE5HIXE5iSY4JlJB0UMv+DPC5IEEOfBArgttZQxjkPp7ZyXlZ1kJ

Debug level 1: CLIENT -> SERVER: b1jWgf2nCP+rCng3nvp0QeVO+UcCLxd/qHVyeGdJpZtyLxDI6R+ooMY5scI+YV7MdKk4PvyDbpz6

Debug level 1: CLIENT -> SERVER: HEP9Ut5Tzb0xdI7GxZvVlEhonV1QTkS6D5QTRSx9lCAuiSLHP20/IIJ4Wmsfw0iAzGwx0eDl5fdA

Debug level 1: CLIENT -> SERVER: Vw/kdxDckZTwh5h7Kl41+wqS3yULeMrv0yPeZyirqDB5j7oWGE4gjKoxocOYbraZi77htE+4B6yC

Debug level 1: CLIENT -> SERVER: hovEH+tuiJylFcRpIC/Xv0quNtnuSvAPip23S/PNb5K56wey9xdQSwcI81xKf98CAACCDgAAUEsD

Debug level 1: CLIENT -> SERVER: BBQAAAgAAPlrPlupsjzY+wMAAPsDAAAIAAAAbWV0YS54bWw8P3htbCB2ZXJzaW9uPSIxLjAiIGVu

Debug level 1: CLIENT -> SERVER: Y29kaW5nPSJVVEYtOCI/Pgo8b2ZmaWNlOmRvY3VtZW50LW1ldGEgeG1sbnM6b2ZmaWNlPSJ1cm46

Debug level 1: CLIENT -> SERVER: b2FzaXM6bmFtZXM6dGM6b3BlbmRvY3VtZW50OnhtbG5zOm9mZmljZToxLjAiIHhtbG5zOnhsaW5r

Debug level 1: CLIENT -> SERVER: PSJodHRwOi8vd3d3LnczLm9yZy8xOTk5L3hsaW5rIiB4bWxuczpkYz0iaHR0cDovL3B1cmwub3Jn

Debug level 1: CLIENT -> SERVER: L2RjL2VsZW1lbnRzLzEuMS8iIHhtbG5zOm1ldGE9InVybjpvYXNpczpuYW1lczp0YzpvcGVuZG9j

Debug level 1: CLIENT -> SERVER: dW1lbnQ6eG1sbnM6bWV0YToxLjAiIHhtbG5zOm9vbz0iaHR0cDovL29wZW5vZmZpY2Uub3JnLzIw

Debug level 1: CLIENT -> SERVER: MDQvb2ZmaWNlIiBvZmZpY2U6dmVyc2lvbj0iMS4yIj48b2ZmaWNlOm1ldGE+PG1ldGE6aW5pdGlh

Debug level 1: CLIENT -> SERVER: bC1jcmVhdG9yPmVsaXNldTwvbWV0YTppbml0aWFsLWNyZWF0b3I+PG1ldGE6ZWRpdGluZy1jeWNs

Debug level 1: CLIENT -> SERVER: ZXM+MjwvbWV0YTplZGl0aW5nLWN5Y2xlcz48bWV0YTpjcmVhdGlvbi1kYXRlPjIwMjUtMDktMjlU

Debug level 1: CLIENT -> SERVER: MTI6MjU6MDA8L21ldGE6Y3JlYXRpb24tZGF0ZT48ZGM6ZGF0ZT4yMDI1LTA5LTMwVDEwOjMxOjUx

Debug level 1: CLIENT -> SERVER: LjE4PC9kYzpkYXRlPjxtZXRhOmVkaXRpbmctZHVyYXRpb24+UFQwMEgwME0wMFM8L21ldGE6ZWRp

Debug level 1: CLIENT -> SERVER: dGluZy1kdXJhdGlvbj48bWV0YTpnZW5lcmF0b3I+QnJPZmZpY2Uub3JnLzMuMSRXaW4zMiBPcGVu

Debug level 1: CLIENT -> SERVER: T2ZmaWNlLm9yZ19wcm9qZWN0LzMxMG0xMSRCdWlsZC05Mzk5PC9tZXRhOmdlbmVyYXRvcj48bWV0

Debug level 1: CLIENT -> SERVER: YTpkb2N1bWVudC1zdGF0aXN0aWMgbWV0YTp0YWJsZS1jb3VudD0iMCIgbWV0YTppbWFnZS1jb3Vu

Debug level 1: CLIENT -> SERVER: dD0iMCIgbWV0YTpvYmplY3QtY291bnQ9IjEiIG1ldGE6cGFnZS1jb3VudD0iMSIgbWV0YTpwYXJh

Debug level 1: CLIENT -> SERVER: Z3JhcGgtY291bnQ9IjkiIG1ldGE6d29yZC1jb3VudD0iNTUiIG1ldGE6Y2hhcmFjdGVyLWNvdW50

Debug level 1: CLIENT -> SERVER: PSIzMTUiLz48bWV0YTp0ZW1wbGF0ZSB4bGluazp0eXBlPSJzaW1wbGUiIHhsaW5rOmFjdHVhdGU9

Debug level 1: CLIENT -> SERVER: Im9uUmVxdWVzdCIgeGxpbms6dGl0bGU9Ik5vcm1hbCIgeGxpbms6aHJlZj0iIi8+PC9vZmZpY2U6

Debug level 1: CLIENT -> SERVER: bWV0YT48L29mZmljZTpkb2N1bWVudC1tZXRhPlBLAwQUAAgICAD5az5bAAAAAAAAAAAAAAAAGAAA

Debug level 1: CLIENT -> SERVER: AFRodW1ibmFpbHMvdGh1bWJuYWlsLnBuZ+2WW1QSCB7GKXeq0cyapqhEyemyebdSkPIya1cjxU3x

Debug level 1: CLIENT -> SERVER: EiEqo42a98RUhLHGnBqVrKQS1Gk7RmnhPRQELAsaESuxCBFJTckL4A1BFNj2zJ49Pe3Zfd2zT///

Debug level 1: CLIENT -> SERVER: Ob+H7+H7zne+K0GBxyzNt5kDAABL/+OHT32+LQDACsCaVZ8/zQ6oFAAwr/E//JeQC1SlLCD93stt

Debug level 1: CLIENT -> SERVER: BUOIDeybhy+VsDb4bVR/cMkvDRsqLRws2G0e+ho1DXhvASXaPcXJVDUJTmAuaccJ4tc7h8OdRZjd

Debug level 1: CLIENT -> SERVER: xO65cz9d9/VhmXWojz6wKww6tO7uZZCfJeznbelrPD6uT3hp13ft0H8K1plr3LWvoE3ws8UBkJJ7

Debug level 1: CLIENT -> SERVER: HgHYMSqsSeSuaSLyTDuHNE+SEMEmL1JA+H1tEoq7jTgJhimWEw1T1i8U+MnWwXqfyU4sXIAQgWyL

Debug level 1: CLIENT -> SERVER: CC+EcahqNvGxFlUyeadrOK2FYrzvQTesKcabOpui2dERUhkv75zhMq3+mBHGndpysNFlhKKDvD0q

Debug level 1: CLIENT -> SERVER: mGVzkzKsTaLWFmLwGcwEiYg/MKbLc+YTTpHsbl5C19UtTE/f9ps6Ne3Hw66P+ZUHboy3LQwjcl9F

Debug level 1: CLIENT -> SERVER: W9m19rt5nRYXiC+3Bm28VfHs2UwQMDicgJ9VgqdiZkav8dsfDwwWOn2kW/lvzfsFK5jCL7TNJo6n

Debug level 1: CLIENT -> SERVER: QM4YHEk+z6FcIXwieiC8FVZILbFnYAeqWum1mLGGmeh2b0om0LqqDtdyzBTcr4d0vojs/11f77p5

Debug level 1: CLIENT -> SERVER: zlZuBl9KuZGyf+3ZRJdoebBp2NVPtP4T2HNPn6oPh+bI9WZt2cJCYXWui8zFmQWEB9Cyy6kmt1xY

Debug level 1: CLIENT -> SERVER: S1K2M6NL8BFh0KS1Sjnh8WqyAqc0cBuuTEJqE+FV/T3MxpJYClpSFguGkAz7BD5jsQONrsniuHKK

Debug level 1: CLIENT -> SERVER: YJdRTFMpmMpGtSyekavrAC4GKgOZq+dMSsosx3SQc/xBPpf0b0zvyUfm3JO0NQSN7F9Argimv8tF

Debug level 1: CLIENT -> SERVER: jYc6DFcq44CT/UF3oEJsjf73skyWOTsedUT719EzEkJNr6NWXke2pjC/SUkCO35FI3CK7/Lsy844

Debug level 1: CLIENT -> SERVER: I3PBoZK2ENind2Inra8zRZySGTvU/HCL09JWxuRSuYOVYanx3MGpQ+/5FLViF85h4S7dYRllQMml

Debug level 1: CLIENT -> SERVER: zKqUkjc2oRa2y/4VciqPu3UkSvx0yo5MJde0tQwnPf7l4FLVdpAnEbCcjuiU2GKr0eg0BXht5iZ0

Debug level 1: CLIENT -> SERVER: RB37IRUuZZx/3WVobB8NGjVCsOsSH608qeTvbWZ1R4MjC/u4r9WZbeHS8+U8KShsq/5mzdQY0/fu

Debug level 1: CLIENT -> SERVER: SnW6v4F0pBAdwa1W3u96VhOT2l1WxJnxmIpZE/IgvZstZAg/Luf0CEamCUXVNdOz94yZ8ei2YTc2

Debug level 1: CLIENT -> SERVER: Q0qg819GOJhx6r5fvTp0HImEDR1vQ7dEIj2AJlnYUMRDai1ZGvbJeVe2rLH71EJoWE/BoYku+KjR

Debug level 1: CLIENT -> SERVER: HRHQ9JicgSSRjQXbH0uzJciJtgQKXRko6xXTkzcviZBLDYMpYln/VFaNm1Pepxol/ZW4f+JxIhTq

Debug level 1: CLIENT -> SERVER: q8LET5IVkwSm0FzV1HtV3WdRMxTyh5cZUxIS3LYw3HiCRCylcTloULdCpSKtw3vz805VGcByKPhD

Debug level 1: CLIENT -> SERVER: xqKjd/Gc9TP7a3zcopmlDsmvMPwoS26Pynn9RHnMYoVvgfqLJqB2+sm0BtCvCckIXF5ePf9WSFFG

Debug level 1: CLIENT -> SERVER: 38JMHghXeWDwZ5Gtwlc5NPAov/J+dtfcgI0I+ODg/M3IdjGOdWvgynWL5UA87YvAgXyPzrAb8gUX

Debug level 1: CLIENT -> SERVER: Wt149Q1pmDdQJFZXmbJ5LMOYCsKCsED+pVTIKOVA8wlXq7UDJZbuKPqq+iL4I0c93ouyT8C1Vur1

Debug level 1: CLIENT -> SERVER: CVYK+Lb1+h5PXnoB4FhFHyNTZ8/W7TGiijc6YVfUpl2hXPURO2NHImvyi9XFWDyx3ZazkRP8Zat5

Debug level 1: CLIENT -> SERVER: V4vPvIPxu+wPUHolV7f7oBBLGtX86ezyR7ETj5jCH/KoyYKpcW4ciZgpYPI42toSxXrY2z+r3iMS

Debug level 1: CLIENT -> SERVER: oNX2LLJ9fbkXIqwSkphV2q2cP02mdTTit72a/cp9EqLqc1fAkkd8ySvR97sS1sxnpemasfCyweSJ

Debug level 1: CLIENT -> SERVER: ejfJ30x75OidTZWRib4B72YHnhQnIqJP1+P2I0OZHbs5hazFQJtnOld6hf0LTinra49p1j9NfW/P

Debug level 1: CLIENT -> SERVER: dou+4AQ/HTfLlSR50SJ00CYdrYtVt5cRycZoNq19dkfgXpqzZ89aTXi0n8bwdg1v/qIHdjCLi2+/

Debug level 1: CLIENT -> SERVER: 2GHT02MqA+EWOj1GzjGegpvd5QSndovqzFEHwOa4DteyLExsMttAKHPc4pl4GTXA3RsCrORr5mMe

Debug level 1: CLIENT -> SERVER: BTntn+fqY/Wj5quGIN39ctyf9GEgraazhUan5lpUdRtvxGfhXGRqpuG6NqkJg5SzkmV1hk1WMdkx

Debug level 1: CLIENT -> SERVER: sE0R9KgP6kXpAnx5nxzKCSYyNed30GyIVv/KAv5EWaRDl6NZkhS/oUfzXdnod2TMSLOtSqgIGZf1

Debug level 1: CLIENT -> SERVER: +HzQdESAR1JPOxVtx7ic38q3/ubHZWxVcDWDuqJ2Vc9Y4wGTxAt6cssVTGqW/CGXZzr/1JvFCjLj

Debug level 1: CLIENT -> SERVER: Xv0jtQjWsJKS3yz6lougKXrt2Zkl7AQXtg8p+tw7yExzFOgn6cfFeb2ELLoU+1vyw98yBFEDfYWE

Debug level 1: CLIENT -> SERVER: dQIk9qL8jtzValm5BPvWxcPXg4uRiROWCBWCqBH32+mMyvimuhR9c3thsWw5dyBT2Fj7UL/XMsgY

Debug level 1: CLIENT -> SERVER: SLxA7N2UIpqP+qwaz2n3BEYGvWoAVloo/Rbjbl9ytV3ai4FlHUfmBZQTe3vxObGLOf/QdXybbvye

Debug level 1: CLIENT -> SERVER: 9RpXP3dtlYrgxcVYS0uibRhuUbqzY1rHvACasyg3ahzouXyxCGEc9TXsEyZ7jzTWDb3hIMbZW2PC

Debug level 1: CLIENT -> SERVER: IjF1xqyRN+9gFjcWrL86oHvuOKha3UunaQdrk1HSlknRUFVsdVJLJKP7qTbOQElqvXA1reLk7Oq5

Debug level 1: CLIENT -> SERVER: pYhPxDDLLcYri4b+lhMN7cwzkOfs8LwZuSFnsO6H82kydGS90JCq2SevP35V/V9Mhv+D/3GwCHal

Debug level 1: CLIENT -> SERVER: XAZaZNN4n8crwP9I4GG6X9TFvwNQSwcIzAJnXKoIAADjCgAAUEsDBBQACAgIAPlrPlsAAAAAAAAA

Debug level 1: CLIENT -> SERVER: AAAAAAAMAAAAc2V0dGluZ3MueG1stVlbUyI7EH4/v8Kad0Rc11VK2Rpw2cOKQgFqnX0LMw3kkElP

Debug level 1: CLIENT -> SERVER: JRmBf386GbBcLh6EyRM6k3Snb19/nbn5Pk/EySsozVHeBpXTs+AEZIQxl+Pb4GnQLF0F32t/3eBo

Debug level 1: CLIENT -> SERVER: xCOoxhhlCUhT0mAMLdEntF3qav76NsiUrCLTXFclS0BXTVTFFORqW/X96qpTlj+ZCy6nt8HEmLRa

Debug level 1: CLIENT -> SERVER: Ls9ms9PZl1NU43Ll+vq67N6ulkYoR3y8r6p89XtViPimyG7ID+OUnZ+dXZTz/4OT5SHfueY8qK38

Debug level 1: CLIENT -> SERVER: sDK/drNUkP+UuIHE+uZk+dge7TYgldVXDrM3rwXb9v2555nWhwrYANNg9cYsUnrDpQlqZzflTQn7

Debug level 1: CLIENT -> SERVER: S23DyHgQ+8JjM9km98v512/nx8n+G/h4svXQ55XK5dVhwvsTnPUgpvyCxoTJMeg1BUNEAUwGNaMy

Debug level 1: CLIENT -> SERVER: OExHS9YVzjQ8YAy7pI+Y0HuLLyUsLXEZwxziTV9tTy63h8pCLfbzeCteO6o2ijI3qNk8PiKSuxLv

Debug level 1: CLIENT -> SERVER: 6tvV5eFSdxRJpXLx9cDEeOaaDwUUXidOatE17YT2dpWHrb3jRNfRGEx2ld63w2T/RkwGJGk9zyao

Debug level 1: CLIENT -> SERVER: jgOiNltgZhooskSul3NR0uuI08LqedMvTRYZVNvPXjk78PQt3QcBkYG4qejBAUff8vA9rux6vYSq

Debug level 1: CLIENT -> SERVER: 7QuoJe7fRPMHmWKGWvJnumkYx12m2IBRNvdTFlkoKz50XYJI0wNLGWAdP4uQ38mM7VRt0iD+4SBi

Debug level 1: CLIENT -> SERVER: /ZglQ1B+rGkT6XpKY2a2da5VMh7hqB9JahZd5qfnjiUqaHKlDZkBLcpAaVrSp7uIPygqW1ANTFIF

Debug level 1: CLIENT -> SERVER: 2rLGwvHNOa5PBgj4hcOdjjvCjDziTUXgDEkq6O/io+Os6LIUlNXTB5Ot98MiLKGad0DXGY0IKXz4

Debug level 1: CLIENT -> SERVER: ytlhKYKnLF4y065CQ7hN+XQPi3UtTMPlRZ1LphZBec8jOxj0cN7lQZuo1slCUQVmwsxgnqKe0rKB

Debug level 1: CLIENT -> SERVER: 1MxQePEOiQe1Nd0/GcUc3iiMOpRxXTA51eR0i3QNJqJMuP7oK+FDKdE4Dbv7woHw1kYW94DFKMVG

Debug level 1: CLIENT -> SERVER: oheDCJYFLAnAAF0dNED4iDbp+jGncEsm2mTRBz3nCB1pKhZPGtQdM6x48U1LMXwWXJ+9wnN+v9KR

Debug level 1: CLIENT -> SERVER: DYHaB5+2Sn4KHDJxt7wassTGRzto6XuKd6g5k91MRibzVYah4GNJyds3mHZR84/UHB6dhuBpqN9o

Debug level 1: CLIENT -> SERVER: TSgjqm2IXxQtVU2xcM3Vhx8bmVIUJpvUFhjtbx8zFW1gTX4lsQdekq9C16hzIkhYaXFgrFg60S3Z

Debug level 1: CLIENT -> SERVER: 5np9cC7CjDt8RNNgqckU3Ck26wz/1R1pqYIHZQ7Keji7B/DBpZa963Fzbtw/CE5Gk82PEkLtWfMY

Debug level 1: CLIENT -> SERVER: 1ADm5oXi15HkVqoBH0xYQ0fES8sfgI4YeSOR7vLG1yyk22wIb+jnx1OW84FjIP7G6y1DfGj6hlhh

Debug level 1: CLIENT -> SERVER: 8U57M2mVaKkfmxxI9IAGFGtaaIyyTI7m1CZ6CVU+einUKRF1X/J/WmD9oFqOYDxC4MzpoPG3wWQE

Debug level 1: CLIENT -> SERVER: wkPj+7P/0DyfMBlvmeWPubV1gf+VacNHC1s2+oWbyQOTGRN1BWzqp0foHtjh4BUGmLdCn2hAyExJ

Debug level 1: CLIENT -> SERVER: tiIoHq/cQFlj7Mc/y+7cBe2OrxcTwtmSAo0is2c6pjH4vEtaXpCMoc6i6VhhJndeJxad5se1d8tz

Debug level 1: CLIENT -> SERVER: 3JWsn+mZRt1oapHRS7+Xc8rbCH6DQhrd/mdq++Q1ubvmLm98PS7v+q5e+w9QSwcImG5lx/0EAACZ

Debug level 1: CLIENT -> SERVER: HwAAUEsDBBQACAgIAPlrPlsAAAAAAAAAAAAAAAAVAAAATUVUQS1JTkYvbWFuaWZlc3QueG1stZbP

Debug level 1: CLIENT -> SERVER: bsIwDMbvPEWVO83gNFUUpE3addLEHsCkbsmUJlHsIHj7tUz8GUMToOaWRMnv++w0dmeLbWuyDQbS

Debug level 1: CLIENT -> SERVER: zpZikj+JDK1ylbZNKT6Xb+NnsZiPZi1YXSNxcRhk3TlLx2kpYrCFA9JUWGiRClaF82grp2KLlovf

Debug level 1: CLIENT -> SERVER: +4teaT7KTuBaGxx3G8MuO4lhpWHMO4+lAO+NVsCdT7mxVb7Xys8lcsYti9Pps6imZ8t1NGbsgdel

Debug level 1: CLIENT -> SERVER: kELe5eE65dXZWjcx7L3RVBIDR1pBSIMHpdBgN3VBqhhCH3mX3ORaSQRq44AxEdw7H333ZcRE+OCa

Debug level 1: CLIENT -> SERVER: gJTupnvryeDsnEkG1y00SPJFcwuekmrcyb4sIxRt/3ryqHN1LnCbh0ECe199oeIP9AYU9oWM5M9S

Debug level 1: CLIENT -> SERVER: NknFv5PbF1bZ15ir/C5v/FgR+p9LvDNIg2MPuZWpfB8FUgdAyNz16UcUbuim5ANCRWvE+5rq0d6g

Debug level 1: CLIENT -> SERVER: QbfIMFibW65ju7KgDUk+DHNvm6Hhwz6Hi9ueyT8/ZfNvUEsHCOcRKxt6AQAAzwkAAFBLAQIUABQA

Debug level 1: CLIENT -> SERVER: AAgAAPlrPltexjIMJwAAACcAAAAIAAAAAAAAAAAAAAAAAAAAAABtaW1ldHlwZVBLAQIUABQAAAgA

Debug level 1: CLIENT -> SERVER: APlrPlsAAAAAAAAAAAAAAAAaAAAAAAAAAAAAAAAAAE0AAABDb25maWd1cmF0aW9uczIvc3RhdHVz

Debug level 1: CLIENT -> SERVER: YmFyL1BLAQIUABQACAgIAPlrPlsAAAAAAgAAAAAAAAAnAAAAAAAAAAAAAAAAAIUAAABDb25maWd1

Debug level 1: CLIENT -> SERVER: cmF0aW9uczIvYWNjZWxlcmF0b3IvY3VycmVudC54bWxQSwECFAAUAAAIAAD5az5bAAAAAAAAAAAA

Debug level 1: CLIENT -> SERVER: AAAAGAAAAAAAAAAAAAAAAADcAAAAQ29uZmlndXJhdGlvbnMyL2Zsb2F0ZXIvUEsBAhQAFAAACAAA

Debug level 1: CLIENT -> SERVER: +Ws+WwAAAAAAAAAAAAAAABoAAAAAAAAAAAAAAAAAEgEAAENvbmZpZ3VyYXRpb25zMi9wb3B1cG1l

Debug level 1: CLIENT -> SERVER: bnUvUEsBAhQAFAAACAAA+Ws+WwAAAAAAAAAAAAAAABwAAAAAAAAAAAAAAAAASgEAAENvbmZpZ3Vy

Debug level 1: CLIENT -> SERVER: YXRpb25zMi9wcm9ncmVzc2Jhci9QSwECFAAUAAAIAAD5az5bAAAAAAAAAAAAAAAAGAAAAAAAAAAA

Debug level 1: CLIENT -> SERVER: AAAAAACEAQAAQ29uZmlndXJhdGlvbnMyL21lbnViYXIvUEsBAhQAFAAACAAA+Ws+WwAAAAAAAAAA

Debug level 1: CLIENT -> SERVER: AAAAABgAAAAAAAAAAAAAAAAAugEAAENvbmZpZ3VyYXRpb25zMi90b29sYmFyL1BLAQIUABQAAAgA

Debug level 1: CLIENT -> SERVER: APlrPlsAAAAAAAAAAAAAAAAfAAAAAAAAAAAAAAAAAPABAABDb25maWd1cmF0aW9uczIvaW1hZ2Vz

Debug level 1: CLIENT -> SERVER: L0JpdG1hcHMvUEsBAhQAFAAICAgA+Ws+W0lPOHaTAQAA4AMAABsAAAAAAAAAAAAAAAAALQIAAE9i

Debug level 1: CLIENT -> SERVER: amVjdFJlcGxhY2VtZW50cy9PYmplY3QgMVBLAQIUABQACAgIAPlrPlvxaho6lgUAAMQVAAALAAAA

Debug level 1: CLIENT -> SERVER: AAAAAAAAAAAAAAkEAABjb250ZW50LnhtbFBLAQIUABQACAgIAPlrPlsnqI4WkAsAAFpWAAAKAAAA

Debug level 1: CLIENT -> SERVER: AAAAAAAAAAAAANgJAABzdHlsZXMueG1sUEsBAhQAFAAICAgA+Ws+W+yD2rRyBQAAyRcAABQAAAAA

Debug level 1: CLIENT -> SERVER: AAAAAAAAAAAAoBUAAE9iamVjdCAxL2NvbnRlbnQueG1sUEsBAhQAFAAICAgA+Ws+WzM6ZV0FCgAA

Debug level 1: CLIENT -> SERVER: LFMAABMAAAAAAAAAAAAAAAAAVBsAAE9iamVjdCAxL3N0eWxlcy54bWxQSwECFAAUAAgICAD5az5b

Debug level 1: CLIENT -> SERVER: 81xKf98CAACCDgAAFQAAAAAAAAAAAAAAAACaJQAAT2JqZWN0IDEvc2V0dGluZ3MueG1sUEsBAhQA

Debug level 1: CLIENT -> SERVER: FAAACAAA+Ws+W6myPNj7AwAA+wMAAAgAAAAAAAAAAAAAAAAAvCgAAG1ldGEueG1sUEsBAhQAFAAI

Debug level 1: CLIENT -> SERVER: CAgA+Ws+W8wCZ1yqCAAA4woAABgAAAAAAAAAAAAAAAAA3SwAAFRodW1ibmFpbHMvdGh1bWJuYWls

Debug level 1: CLIENT -> SERVER: LnBuZ1BLAQIUABQACAgIAPlrPluYbmXH/QQAAJkfAAAMAAAAAAAAAAAAAAAAAM01AABzZXR0aW5n

Debug level 1: CLIENT -> SERVER: cy54bWxQSwECFAAUAAgICAD5az5b5xErG3oBAADPCQAAFQAAAAAAAAAAAAAAAAAEOwAATUVUQS1J

Debug level 1: CLIENT -> SERVER: TkYvbWFuaWZlc3QueG1sUEsFBgAAAAATABMA/QQAAME8AAAAAA==

Debug level 1: CLIENT -> SERVER: 

Debug level 1: CLIENT -> SERVER: --b1=_CbqUTmDioRQoRTCL8vILgQUY3XWdTTN8bDcmY3xIw--

Debug level 1: CLIENT -> SERVER: 

Debug level 1: CLIENT -> SERVER: .

Debug level 2: SERVER -> CLIENT: 250 2.0.0 Ok: queued as AE2FD2813CA6

Debug level 1: CLIENT -> SERVER: QUIT

Debug level 2: SERVER -> CLIENT: 221 2.0.0 Bye

