Debug level 2: SERVER -> CLIENT: 220 smtp-sp217-2.kinghost.net ESMTP

Debug level 1: CLIENT -> SERVER: EHLO localhost

Debug level 2: SERVER -> CLIENT: 250-smtp-sp217-2.kinghost.net
250-PIPELINING
250-SIZE 62914560
250-VRFY
250-ETRN
250-STARTTLS
250-AUTH PLAIN LOGIN
250-AUTH=PLAIN LOGIN
250-ENHANCEDSTATUSCODES
250-8BITMIME
250-DSN
250 CHUNKING

Debug level 1: CLIENT -> SERVER: AUTH LOGIN

Debug level 2: SERVER -> CLIENT: 334 VXNlcm5hbWU6

Debug level 1: CLIENT -> SERVER: [credentials hidden]
Debug level 2: SERVER -> CLIENT: 334 UGFzc3dvcmQ6

Debug level 1: CLIENT -> SERVER: [credentials hidden]
Debug level 2: SERVER -> CLIENT: 235 2.7.0 Authentication successful

Debug level 1: CLIENT -> SERVER: MAIL FROM:<ourodosul@ourodosul.com.br>

Debug level 2: SERVER -> CLIENT: 250 2.1.0 Ok

Debug level 1: CLIENT -> SERVER: RCPT TO:<antenorprzygoda@gmail.com>

Debug level 2: SERVER -> CLIENT: 250 2.1.5 Ok

Debug level 1: CLIENT -> SERVER: DATA

Debug level 2: SERVER -> CLIENT: 354 End data with <CR><LF>.<CR><LF>

Debug level 1: CLIENT -> SERVER: Date: Wed, 1 Oct 2025 13:56:20 +0200

Debug level 1: CLIENT -> SERVER: To: antenorprzygoda@gmail.com

Debug level 1: CLIENT -> SERVER: From: ourodosul@ourodosul.com.br

Debug level 1: CLIENT -> SERVER: Subject: =?iso-8859-1?Q?Atualiza=C3=A7=C3=A3o_de_Cadastro?=

Debug level 1: CLIENT -> SERVER: Message-ID: <Hod1J6oZla9TcPq1jgrEkOZl2yObGxrrC7XbZwyJg@localhost>

Debug level 1: CLIENT -> SERVER: X-Mailer: PHPMailer 6.10.0 (https://github.com/PHPMailer/PHPMailer)

Debug level 1: CLIENT -> SERVER: MIME-Version: 1.0

Debug level 1: CLIENT -> SERVER: Content-Type: multipart/mixed;

Debug level 1: CLIENT -> SERVER:  boundary="b1=_Hod1J6oZla9TcPq1jgrEkOZl2yObGxrrC7XbZwyJg"

Debug level 1: CLIENT -> SERVER: Content-Transfer-Encoding: 8bit

Debug level 1: CLIENT -> SERVER: 

Debug level 1: CLIENT -> SERVER: --b1=_Hod1J6oZla9TcPq1jgrEkOZl2yObGxrrC7XbZwyJg

Debug level 1: CLIENT -> SERVER: Content-Type: multipart/alternative;

Debug level 1: CLIENT -> SERVER:  boundary="b2=_Hod1J6oZla9TcPq1jgrEkOZl2yObGxrrC7XbZwyJg"

Debug level 1: CLIENT -> SERVER: 

Debug level 1: CLIENT -> SERVER: --b2=_Hod1J6oZla9TcPq1jgrEkOZl2yObGxrrC7XbZwyJg

Debug level 1: CLIENT -> SERVER: Content-Type: text/plain; charset=iso-8859-1

Debug level 1: CLIENT -> SERVER: Content-Transfer-Encoding: 8bit

Debug level 1: CLIENT -> SERVER: 

Debug level 1: CLIENT -> SERVER: (Sem conteúdo)

Debug level 1: CLIENT -> SERVER: 

Debug level 1: CLIENT -> SERVER: --b2=_Hod1J6oZla9TcPq1jgrEkOZl2yObGxrrC7XbZwyJg

Debug level 1: CLIENT -> SERVER: Content-Type: text/html; charset=iso-8859-1

Debug level 1: CLIENT -> SERVER: Content-Transfer-Encoding: 8bit

Debug level 1: CLIENT -> SERVER: 

Debug level 1: CLIENT -> SERVER: <p>(Sem conteúdo)</p>

Debug level 1: CLIENT -> SERVER: 

Debug level 1: CLIENT -> SERVER: 

Debug level 1: CLIENT -> SERVER: --b2=_Hod1J6oZla9TcPq1jgrEkOZl2yObGxrrC7XbZwyJg--

Debug level 1: CLIENT -> SERVER: 

Debug level 1: CLIENT -> SERVER: --b1=_Hod1J6oZla9TcPq1jgrEkOZl2yObGxrrC7XbZwyJg

Debug level 1: CLIENT -> SERVER: Content-Type: application/octet-stream; name="30774  .2 ANTENOR PRZYGODA.odt"

Debug level 1: CLIENT -> SERVER: Content-Transfer-Encoding: base64

Debug level 1: CLIENT -> SERVER: Content-Disposition: attachment; filename="30774  .2 ANTENOR PRZYGODA.odt"

Debug level 1: CLIENT -> SERVER: 

Debug level 1: CLIENT -> SERVER: UEsDBBQAAAgAAARfQVtexjIMJwAAACcAAAAIAAAAbWltZXR5cGVhcHBsaWNhdGlvbi92bmQub2Fz

Debug level 1: CLIENT -> SERVER: aXMub3BlbmRvY3VtZW50LnRleHRQSwMEFAAACAAABF9BWwAAAAAAAAAAAAAAABoAAABDb25maWd1

Debug level 1: CLIENT -> SERVER: cmF0aW9uczIvc3RhdHVzYmFyL1BLAwQUAAgICAAEX0FbAAAAAAAAAAAAAAAAJwAAAENvbmZpZ3Vy

Debug level 1: CLIENT -> SERVER: YXRpb25zMi9hY2NlbGVyYXRvci9jdXJyZW50LnhtbAMAUEsHCAAAAAACAAAAAAAAAFBLAwQUAAAI

Debug level 1: CLIENT -> SERVER: AAAEX0FbAAAAAAAAAAAAAAAAGAAAAENvbmZpZ3VyYXRpb25zMi9mbG9hdGVyL1BLAwQUAAAIAAAE

Debug level 1: CLIENT -> SERVER: X0FbAAAAAAAAAAAAAAAAGgAAAENvbmZpZ3VyYXRpb25zMi9wb3B1cG1lbnUvUEsDBBQAAAgAAARf

Debug level 1: CLIENT -> SERVER: QVsAAAAAAAAAAAAAAAAcAAAAQ29uZmlndXJhdGlvbnMyL3Byb2dyZXNzYmFyL1BLAwQUAAAIAAAE

Debug level 1: CLIENT -> SERVER: X0FbAAAAAAAAAAAAAAAAGAAAAENvbmZpZ3VyYXRpb25zMi9tZW51YmFyL1BLAwQUAAAIAAAEX0Fb

Debug level 1: CLIENT -> SERVER: AAAAAAAAAAAAAAAAGAAAAENvbmZpZ3VyYXRpb25zMi90b29sYmFyL1BLAwQUAAAIAAAEX0FbAAAA

Debug level 1: CLIENT -> SERVER: AAAAAAAAAAAAHwAAAENvbmZpZ3VyYXRpb25zMi9pbWFnZXMvQml0bWFwcy9QSwMEFAAICAgABF9B

Debug level 1: CLIENT -> SERVER: WwAAAAAAAAAAAAAAAAsAAABjb250ZW50LnhtbL1YXXLbNhB+7ylQZabTPlC07HQSs5Y8bhxnMuO/

Debug level 1: CLIENT -> SERVER: iZTpzxtMQiKmAIEAoCTnqXfoCTp9yPQAPYFu0pN0AZIwaYkKZWXqB1nEfrv7YXexWOrkdMkZmhOl

Debug level 1: CLIENT -> SERVER: qciGvUH/oIdIFouEZrNh7/3kInjZOx19dSKmUxqTKBFxzklmglhkBv4j0M50VEiHvVxlkcCa6ijD

Debug level 1: CLIENT -> SERVER: nOjIxJGQJKu0ojo6cr6KFW3uWWd1B65rG7I0XZUttqGL77p7duC6dqLwoquyxUJQ6+pT0VV5qVkw

Debug level 1: CLIENT -> SERVER: FRB1LrGhj1gsGc1+G/ZSY2QUhovFor846gs1CwfHx8ehk3rCscfJXDGHSuKQMGKd6XDQH4QVlhOD

Debug level 1: CLIENT -> SERVER: u/Kz2DqlLOd3RHUODTZ4Lat6PutcEfNZS2jiFKvOteHAzfQeJd3Te5TUdTk2aUtOXoZXIHQfV5cP

Debug level 1: CLIENT -> SERVER: taB4V18W2whVrKjsvM0CXdcXQniqVqE4oI7u4cHB87B4rqEXW+ELRQ1RNXi8FR5jFvuIC74paIAb

Debug level 1: CLIENT -> SERVER: hIAIyNyWqS98GwjdonAYFmIP1kmr6Z+vLsdxSjh+ANPPgwOaaYOzh8gom4TWnX4fKiKFMj4w0+4N

Debug level 1: CLIENT -> SERVER: E7J16L0kU+zdAFL3nYXAKjpfdQuhPZmhVXnmK40SVpW1J1n6J0tJFLWKmNnMBVzDLiGbQkY17aJ4

Debug level 1: CLIENT -> SERVER: Ss3a5XHYG1U3RVFlOvQLU7gxgimOSZCQmOnRSXHi/TIqni2PYW+CU2GzASe7QnDK7r0g3K7+CjN6

Debug level 1: CLIENT -> SERVER: p+hgg4FS1EMNfSsLZiSDzUOx6gXVuqOPJ7pQsIusgZDUxNAx5lhRe810dI8u6Sw1G0h8g6XQPzRQ

Debug level 1: CLIENT -> SERVER: xdL/SGtT/J/Gq8jIHrwuNlDZ7vFeG8L3cXmZxzTBaIwzjd5nFGYq0hqPDdguUdmb49UYvREmpXEr

Debug level 1: CLIENT -> SERVER: M4/4YnzCtoZQruPcQBUaGgfOju8U7rPB/nbgfZWcJVZ4prBMKwEs2HHVPQSF1hh6doJVUkE4zB5E

Debug level 1: CLIENT -> SERVER: BRLP1hCVa282kNAJiTKUaO/AqpXjjqXutlhj3E5/skbfTqfeqX2o+5uKKBZMgJtnB+6v0nZAkRsY

Debug level 1: CLIENT -> SERVER: 9MDqFDNNGiK7HphUiXyWBuWonYmMNBL1uHGCN7eu6UdYHwykqa1VNhTHzC07PzrFiR0N6radIM8S

Debug level 1: CLIENT -> SERVER: ohyLhvfK3ILYLvBg7xGrAG43nDWa+gPA0qsABcm60GW9lG6wXjjeAnDu7WTJyHIbAQ9poeDl7SRa

Debug level 1: CLIENT -> SERVER: IC5+hMsUF4lYi62YbwrtJkBZPM6p+75eqWHrESwFdyK59w/W/OjEvVFp8iGH10Z/lNcXkVtKqJYM

Debug level 1: CLIENT -> SERVER: 31fVGjAY6NiwB6XsxEURvmUs10aBf5FZjnsZm1RtZz8r9mDua+S8eAN0YW+PmixU6h0L+tzoR8FR

Debug level 1: CLIENT -> SERVER: QvHX6OxDTtHqbwTXxU2uBEoEGuesj27hzuBCI3gztxMZVgiGTYQt+rT0J9td1Fqek8Grbtjy9ejg

Debug level 1: CLIENT -> SERVER: xYvnZSQkztZtQV8boRIQjvqH6Ox68vr65h26fffrL29uzs+q7YP2aBdqr2HctluEjq5gTSDC7XYN

Debug level 1: CLIENT -> SERVER: NgLZFo2wyeGMfoS9a5KjGCfQ2pUoYmORUwpnywk1xC8BU6doFwLXgpNoJ41Xtxfo39//2EnnHF6H

Debug level 1: CLIENT -> SERVER: ERC+xjp2s7iIdooSx5Shb6XdsybKWppSlorvIlRP6A4WJ4QRaBukaeBzXyeQnZ9SbDSW8nQnzSfS

Debug level 1: CLIENT -> SERVER: fG2vGbL6JHZLUXVwcntmiNbE1xREzpRbL+pLYu0OFozJYvVp9Q/cyraIdA53NCcqtiW102Eb18oU

Debug level 1: CLIENT -> SERVER: fJvVn5AyjiD9ZQ3ghMPku/pL9HcwG345TNjo9WHjGghbfhQc/QdQSwcIdnRyEikFAABVFAAAUEsD

Debug level 1: CLIENT -> SERVER: BBQACAgIAARfQVsAAAAAAAAAAAAAAAAKAAAAc3R5bGVzLnhtbN1czZLbuBG+5ylUciU3SiT1r3i8

Debug level 1: CLIENT -> SERVER: lTjrJFV2Jdmxz1sQCUmMKYIFgqPRvk4OOeUp/GJpAAQJkiBF/Vme2alyrdANoPH1D5oNkG9/et6F

Debug level 1: CLIENT -> SERVER: vSdMk4BED31nYPd7OPKIH0Sbh/6Xzx+sef+nd797S9brwMNLn3jpDkfMStghxEkPOkfJUhIf+imN

Debug level 1: CLIENT -> SERVER: lgQlQbKM0A4nS+YtSYwj1Wmpcy/FVLJFDNa1u2DWezP8zLp25rylvmjVfWbBrPf2Kdp37cx5AVO9

Debug level 1: CLIENT -> SERVER: +5p07fychNaaWB7ZxYgFFSmewyD6+tDfMhYvh8P9fj/YjwaEbobOYrEYCmousJfzxSkNBZfvDXGI

Debug level 1: CLIENT -> SERVER: +WTJ0Bk4Q8W7wwx1lY/z6iJF6W6FaWdoEEM1rSZPm84W8bRpgMbbItrZNgRzWb0jv7t6R77ed4fY

Debug level 1: CLIENT -> SERVER: tkEn8+EnIIp/Pn0sbIHuus7FeUtQeTSIOy9Tcuv9CSG5qLyDdFAhrmvb46H8rXHvW9n3NGCYauxe

Debug level 1: CLIENT -> SERVER: K7uHQi9HnOxMoAGfMwQOCz9xM1XclC+6ceTJkOKYUJYLsu4eoAAdN5/FX6N8GuBMBmIEi3cUc+kj

Debug level 1: CLIENT -> SERVER: DLknDHmXN/1eFui04Or236lIuiYQRdfIw5aPvTB591Z6QN7ck7+5nA/9z2hLdqjfA0tXHLsgPOSE

Debug level 1: CLIENT -> SERVER: YXv39ygMVjRwDANkpH6v1J/TrA2OMA1Aeck+SJKOc5w5BYVVRCWOOGAeeNATogEPux2n730MNltm

Debug level 1: CLIENT -> SERVER: EOIPKCbJH0tcsuk7imXC/zy5pEYukOuDQZT2GQ8Jw7tLpvyYeoGPeo8oSnpfogBSDNyIh4G3CyoX

Debug level 1: CLIENT -> SERVER: y/jpsfdXwraB1yhZznE1eYZNASFrl5mWktvHa5SGWf6lRs4k3FAUc9kVb/bbiimEKMoCyNd4FrJM

Debug level 1: CLIENT -> SERVER: tsgnewvGTzCznh/69mDkgZwG4qFCZLBFWpBRYCuJkQf5jLUlNPgNREchZ3XnrcxPXAyvzgoBtOuo

Debug level 1: CLIENT -> SERVER: NVbDmBksIaxjH7CtJTPENQoTzQJiRJFASMdnTZZi8C3mnggh257/Xo3HR7FQygifGYwl8DGRA6Aw

Debug level 1: CLIENT -> SERVER: 3iLFJvqvKEaQkyUMDIEpCt8YucQ7MOeHfkgttioZRxD5mO8lPL/Wl6hEV5JDHgr6J3HCrad5MTk7

Debug level 1: CLIENT -> SERVER: l1tbo2xNEwzgRFzXYnKPhAQyNkZTcEuAQTQmwW8gqePETLSFKNqkaANNWYNH0ohRMJI//5IvHzPY

Debug level 1: CLIENT -> SERVER: /a2vmEZCdDmgtko+pgU7KIrUyFnHbHBFw3ngzWZRhC+P9fF4+hfi54YRcyqi1TFz0uOf+gWcJS/r

Debug level 1: CLIENT -> SERVER: 4no5/v1j5rVDdBNEFqgPDJYba9G2IozxBIjbsZuRDNYIrdtDvMUR5LskskLk+wC4WNBDPyJgOruA

Debug level 1: CLIENT -> SERVER: nWi0cRp5LJUD7oEMCQ+ABwo8btXKGi0/AI+P+CSQ6EycwhHLdh+DRgovPMM4Nd1XUo9bmi2fSlmg

Debug level 1: CLIENT -> SERVER: eSu7nYmLuXNL/XAj89cNC6uYU7U2incITJU/KymTc2tMcZpsKywX+JZ47NaDX4h1i5FP5StCuRdw

Debug level 1: CLIENT -> SERVER: E4OdAOwlRHHC7ffSiS1K9pXJoaXi1F8xjsGlN5ht+WMv97djE+sTSjN+BO/xEfX7jbFFKS9ESQLi

Debug level 1: CLIENT -> SERVER: gescDTeEgpdHidLSPgCfkr+a96QLnLNY9JHFfg5YiI+uFBryYpNlRiniMuoMn6HhV9f+dUX8wzmI

Debug level 1: CLIENT -> SERVER: lQL0YOyOmoK0M3bMQdqWQVoYhcg/IpF/oHCPDskxdOtxLX94KIc3d67CmwxdebJg2QPbmRfh96TQ

Debug level 1: CLIENT -> SERVER: pmfA5oAm5z0rOomu3U3EoEjYY+IQHTRV93TyJYZ0to00buIO38Q7L/cjbJ/nrKPF3kM+ZEdzK7RU

Debug level 1: CLIENT -> SERVER: 1BS6Cf4exTzqX1EHIClFJzqqRLtFET1R+5WVSZFeJ/keJyjCiVXh0m5200qS4WZeKNt4D0iy4Lml

Debug level 1: CLIENT -> SERVER: xYNkH50oIMmohs5G/bQkAebxc3o2Q2cF/x0eSZ6vqN5AjNeq3ivp6mo2/jeM+IkI9zPHHIsyjp7z

Debug level 1: CLIENT -> SERVER: 3TY1lVaQlAk8QvzEcx/n8k1vOpoc3/RO3d5E3i0yhTfuejJeTJszeVXFq2x4dtWs9V2pSjxhV7JP

Debug level 1: CLIENT -> SERVER: 2ZU0S3DbLcG9tyW4l1tC8SD6I1mCM22xhBrxhKen6ZmWMGq3hNG9LWH0ciyhoulxm6arxBM0PT5T

Debug level 1: CLIENT -> SERVER: 0+N2TY/vrenx5Zou1FnTtD27haabk6aT8qIPhr5n5zyayiftKp/cW+WTl6PyFt2do5lpu2am99bM

Debug level 1: CLIENT -> SERVER: 9HLNFPBXNXO5ViYL/vdyHHHWru7ZvdU9exnqvrITztu1Mr+3VuYXa+VmGnFn/O/lOOCiXdWLe6t6

Debug level 1: CLIENT -> SERVER: 8eOr+hrO95iu2D3K594Wxfxm1zFE5ZljGGzAVj0QAOfHTv9OExasDxY/mYEZ94T6tXP5UzYs7RnB

Debug level 1: CLIENT -> SERVER: UAiHcOpOM9WdUp6rPXNc4nz1x44r+ua/UsIuM4OrPQQWpJupf2zzv2uEywth56V67iP/rCJdjouc

Debug level 1: CLIENT -> SERVER: rVfjuaWaQrxm4vh9VlYTlUdTtq6hQFw0yRrl6Pzc0ioRc+V0rRQzHCWYY1MyzTIuGVfvu1mvgmXi

Debug level 1: CLIENT -> SERVER: jo24GCjHK6EF6SyDP0cPvE+MfL7ZZmtSGlWtFUWr5mw1o8moQiiWU9Cyo3Q5QUQirLdmE1SbVfrK

Debug level 1: CLIENT -> SERVER: zx17CQkDv6c/52dc2lOlgfH71g4uDAF/kRlIKQrwHx9gbLPVZz2KgNDTefM7BzxlGTbP+/nb/1ga

Debug level 1: CLIENT -> SERVER: EnEQwf95vy0udVQORyVnz+npPKV5XnmpXsPK7YaVewesfoxitobVqBtWo6tg9SOWezUsxt2wGF8X

Debug level 1: CLIENT -> SERVER: i7OD2g0fAzVQJt1AmdzCmc56YNJkn3aTfXqR7C+isKaBMusGyuwqoFxZofNuss8vM8aXUKjRQFl0

Debug level 1: CLIENT -> SERVER: A2VxFVCurNDjYp8s9InJy9Uu1t3l2hyvDnVBs+C7bqzrWJO59yb/Htzr23+//ecISjnbRSD9MJUL

Debug level 1: CLIENT -> SERVER: 7QH951285S8ytj+jV7nul9tcuPKSvuXqUFfVZ+w/SJJ3PRP4Ba8xxZF3pE5TY+u6diGueNeN1zCS

Debug level 1: CLIENT -> SERVER: HQpDy0Nx0m8AxhAs7IVewN1nd6xXJPRLmEiCAq2JnGMmGDoj9o+PP1dX3uFVO3FREUXellCLHWJc

Debug level 1: CLIENT -> SERVER: Lm09bZbPquYD/38o1X/kGziyxiJb1EtuVkz4uQaJawTKD0BqxbPiPTrZs1ye0qiV7jVsxGrUcYsB

Debug level 1: CLIENT -> SERVER: IknpVxjFuUzGLi9uVu4oRunO4q+zI1BqDia/tpx1reKpk0gSiLdNUOQLk8HqJQa0ArKox/FXsk3D

Debug level 1: CLIENT -> SERVER: VliysUXjmoQh2WPfWh3kBWqGVn1t8vx1JzU/N9PZ1DWVVi2dUqpFKkKBs3HRQG3CsyPS7qtC2oEE

Debug level 1: CLIENT -> SERVER: bGpEWqdUqr6ScHOkR68M6fwMoQp09XChdOhwc5jHrwzm4uShinPtTKJ8jHFzpCevDOnZbN6AdEGp

Debug level 1: CLIENT -> SERVER: IC0JN0d6+qqQdgf2yLwd6pQS0opwc6Rnrwxpd27eDnVKBWlJuDnS81eG9MQcpjVCBefJdwnSi1cG

Debug level 1: CLIENT -> SERVER: 82zRhHNBqQAtCTdH2rFfFdSjgT0274c6pQS1IlwCdZmk4x8RhhN4RI/WwSal4kMCvZxgZVfQ1oSw

Debug level 1: CLIENT -> SERVER: SLs1oqvCyVYsvzvzhMIU85cDZaPqmGgQiC9R6H3kG4X8XgQfT33Ti6+3u4Q48psEDMwCquE5IoUE

Debug level 1: CLIENT -> SERVER: pmka34eUX+sR76svFkUdwYRONkiBAtdtRgsij4ovAfLkT/s0kRit+CIRv54CYwaepQhyOo4nWOkB

Debug level 1: CLIENT -> SERVER: tFsqDnyKd07fwFSpFgnKPvD5h/Nce7BYqNKPIKjX693FYNqyxmwSgJBZhAawFpQpm1BGUcBql3xc

Debug level 1: CLIENT -> SERVER: hVn9ko+BlHmC8RqR9u2hlk/9ZGvf0MBXn05449n8z8SRKdsdz2zHRF+hpMAm/1xBnY+mq0PBZ+aR

Debug level 1: CLIENT -> SERVER: wuplp9oIEGz41/8y26szCeBb6FmBscKhnNPaoeeSkMXXujKGBMcKYWkolSMZ9Q0aEBSMQvCL91ts

Debug level 1: CLIENT -> SERVER: x8CD1qLaaGBBPr+5JT1B+odspxDIlIVO8g9DKS3a4j8tPJptXS1qixG/FCV+DPWVao31gQqvrLth

Debug level 1: CLIENT -> SERVER: RtihJB8jny1r5COVj4sqF4J1mTX31aJBZfih+dOw7/4PUEsHCCeojhaQCwAAWlYAAFBLAwQUAAAI

Debug level 1: CLIENT -> SERVER: AAAEX0FbLpcph/wDAAD8AwAACAAAAG1ldGEueG1sPD94bWwgdmVyc2lvbj0iMS4wIiBlbmNvZGlu

Debug level 1: CLIENT -> SERVER: Zz0iVVRGLTgiPz4KPG9mZmljZTpkb2N1bWVudC1tZXRhIHhtbG5zOm9mZmljZT0idXJuOm9hc2lz

Debug level 1: CLIENT -> SERVER: Om5hbWVzOnRjOm9wZW5kb2N1bWVudDp4bWxuczpvZmZpY2U6MS4wIiB4bWxuczp4bGluaz0iaHR0

Debug level 1: CLIENT -> SERVER: cDovL3d3dy53My5vcmcvMTk5OS94bGluayIgeG1sbnM6ZGM9Imh0dHA6Ly9wdXJsLm9yZy9kYy9l

Debug level 1: CLIENT -> SERVER: bGVtZW50cy8xLjEvIiB4bWxuczptZXRhPSJ1cm46b2FzaXM6bmFtZXM6dGM6b3BlbmRvY3VtZW50

Debug level 1: CLIENT -> SERVER: OnhtbG5zOm1ldGE6MS4wIiB4bWxuczpvb289Imh0dHA6Ly9vcGVub2ZmaWNlLm9yZy8yMDA0L29m

Debug level 1: CLIENT -> SERVER: ZmljZSIgb2ZmaWNlOnZlcnNpb249IjEuMiI+PG9mZmljZTptZXRhPjxtZXRhOmluaXRpYWwtY3Jl

Debug level 1: CLIENT -> SERVER: YXRvcj5lbGlzZXU8L21ldGE6aW5pdGlhbC1jcmVhdG9yPjxtZXRhOmVkaXRpbmctY3ljbGVzPjI8

Debug level 1: CLIENT -> SERVER: L21ldGE6ZWRpdGluZy1jeWNsZXM+PG1ldGE6Y3JlYXRpb24tZGF0ZT4yMDI1LTA5LTI5VDEyOjI1

Debug level 1: CLIENT -> SERVER: OjAwPC9tZXRhOmNyZWF0aW9uLWRhdGU+PGRjOmRhdGU+MjAyNS0xMC0wMVQwODo1NjowOS40Njwv

Debug level 1: CLIENT -> SERVER: ZGM6ZGF0ZT48bWV0YTplZGl0aW5nLWR1cmF0aW9uPlBUMDBIMDBNMDBTPC9tZXRhOmVkaXRpbmct

Debug level 1: CLIENT -> SERVER: ZHVyYXRpb24+PG1ldGE6Z2VuZXJhdG9yPkJyT2ZmaWNlLm9yZy8zLjEkV2luMzIgT3Blbk9mZmlj

Debug level 1: CLIENT -> SERVER: ZS5vcmdfcHJvamVjdC8zMTBtMTEkQnVpbGQtOTM5OTwvbWV0YTpnZW5lcmF0b3I+PG1ldGE6ZG9j

Debug level 1: CLIENT -> SERVER: dW1lbnQtc3RhdGlzdGljIG1ldGE6dGFibGUtY291bnQ9IjAiIG1ldGE6aW1hZ2UtY291bnQ9IjAi

Debug level 1: CLIENT -> SERVER: IG1ldGE6b2JqZWN0LWNvdW50PSIwIiBtZXRhOnBhZ2UtY291bnQ9IjEiIG1ldGE6cGFyYWdyYXBo

Debug level 1: CLIENT -> SERVER: LWNvdW50PSIxMSIgbWV0YTp3b3JkLWNvdW50PSI2NCIgbWV0YTpjaGFyYWN0ZXItY291bnQ9IjM5

Debug level 1: CLIENT -> SERVER: NSIvPjxtZXRhOnRlbXBsYXRlIHhsaW5rOnR5cGU9InNpbXBsZSIgeGxpbms6YWN0dWF0ZT0ib25S

Debug level 1: CLIENT -> SERVER: ZXF1ZXN0IiB4bGluazp0aXRsZT0iTm9ybWFsIiB4bGluazpocmVmPSIiLz48L29mZmljZTptZXRh

Debug level 1: CLIENT -> SERVER: Pjwvb2ZmaWNlOmRvY3VtZW50LW1ldGE+UEsDBBQACAgIAARfQVsAAAAAAAAAAAAAAAAYAAAAVGh1

Debug level 1: CLIENT -> SERVER: bWJuYWlscy90aHVtYm5haWwucG5n7ZdpNBuIFsdpvWkV1eG11JbSklJSYo21o7QJShtLtLWMrUpi

Debug level 1: CLIENT -> SERVER: CVVKyNQEpZbat5C2Sq1RtQZhlGkaa2sLja3WEgQRVJp4zpnz3rz5+N7X9z7de+7/yz33f8/v3Bt/

Debug level 1: CLIENT -> SERVER: 0/q6yAmpE3x8fCIwqBn8MNbz8fHzHf/hMGOf16Uf1iEws5/swvBrBUZBc3pnfiGUL17kO0pzwRV3

Debug level 1: CLIENT -> SERVER: 6Y4Fml5r7vBMllGZeKCgqFr4PEB94cq8s94eENoSEUEzqtvejjQayYLyCZQO+C73Hd2gGw4ceR4/

Debug level 1: CLIENT -> SERVER: 3dZ8lK9d6tUPIee0S4+W/SQLFVm54nvzGPxX/WdSw4+Hn5/8DySKNdyGtfH5qYxBDZiql+xedVrj

Debug level 1: CLIENT -> SERVER: WuIHt7zYcVk0VoGHoTfE+YQVXGcwhIkoRh7aZFLTI9FAt5d4U2/RIu5hZAR4b0mMYTO0SkgkurU0

Debug level 1: CLIENT -> SERVER: O4CY/SLr3S8KlBGifcR96btO+1+ESDxOUZuzK0LHpFPybugXasoH2eAQysfU4uRLs912En3sY7u1

Debug level 1: CLIENT -> SERVER: N7wmAMgs3o0X5DHA7vc3A4xQ11WOtVG4cnUQqZXKYilboF6GTW2eM73oNmmp0zfH7jOSS1t1iX7q

Debug level 1: CLIENT -> SERVER: VA1c1seuS6mM3wzdyuy0LMjFcDd/z8RmFeGGpigPquymYItk6VblonS9DCutJFZ3PXg7iNykCQSi

Debug level 1: CLIENT -> SERVER: mcRHiUbCEiwTKeayJFm2M8z0rgRiybMgkVsBDc3YZCtIQEgmpMpLwUbdpALPDY/UmYimY2KUy+mX

Debug level 1: CLIENT -> SERVER: gsk67ilRqzXYLxIdd3A8fgOY30k/WjGlKkIesYRHKRmDN72VxwsUzxQs+oDX+1Yx9+kYUKZFyGAL

Debug level 1: CLIENT -> SERVER: b2vCBDWQ1pMfhLKd4som5PiPOOVzhh8OLuh0a7cYZoBjR4IRrxM1RjS8VO/Z3stb25Tkscs4JCeD

Debug level 1: CLIENT -> SERVER: FLIBKvbY9BdrY9v8X6ckWO1JN1hjB2fXzXx/IRz7w84wyTLLscBVrweu5lWRmVF/98F8CJTxrKtK

Debug level 1: CLIENT -> SERVER: eRlz2QOS8ZVg08lk9SzcLrTRuTYe6+ICSsKbankKfzolrXCZdkpk0+0KQDtevqMIOh3XmYSV8Qhb

Debug level 1: CLIENT -> SERVER: Dg8hvw/tYvez1Zx3kczRSJY6nLKXL5oXI4nPqYnnN5zr9OI53Y2Rk6r5UiMqy1PEUtMN2dYr/ZE+

Debug level 1: CLIENT -> SERVER: tX3fty/UVCJXpKI0B0+35nsY03Cu0R2E4HaBhqefsqhdew9ko4XZGDN9nDoQkRIQS/ji9kqnxPIW

Debug level 1: CLIENT -> SERVER: TmYfWaHu2giiNywXDOqltlP1j4zLWXhWayt6fp17ZAmxNY2uQrZkwNy6xBwmRpF0dv3Mwazbq1gK

Debug level 1: CLIENT -> SERVER: /x9TGNN44ZM4vUHPOQIPMoK7D3FePccbbquQORa0euN4aiT6qaCYsqBPeq9WlXhyW7ZnRjVAPG9r

Debug level 1: CLIENT -> SERVER: LkX86bW7QDW1havwEa1eDT6xWluL6KFQ8TQrq7fgHgiMmxJiy4ED3W5UzJcb9gdONtyA3Vlvy0By

Debug level 1: CLIENT -> SERVER: NPY0dogEyseyj3H6/IzX+40T9GYC06VI2qry87cC/UkZhv/7sMwe+3mI59KCQJEi5D5Mzhce2NEe

Debug level 1: CLIENT -> SERVER: uP63QLYL8dAEOLwAP1/oxMAVTRBbLcEJtOy9lwsUUtuFMjh2LcdT5FOCo7GZ5bweR6PV2eMA054d

Debug level 1: CLIENT -> SERVER: Li8yr57ElcnbjkwQhAVPAgiVDwzf8+K+V4IaL282awhWWBClbAezL2FST8VqycursnW4denoNa0F

Debug level 1: CLIENT -> SERVER: UjvAw/o3fV4p1hl1SdH794iW9aUtqbPxZ9MbFeu8KbiSFel2bHGvUk2ZhfoJbIB41gXgWXt2A9VK

Debug level 1: CLIENT -> SERVER: MaIs4d78SkhaatdGwW2jwkXq5xD31LJwu/0l8zvE4KkL2rkreSVrJ52XkQgJIe5yOVo1he7lWIGm

Debug level 1: CLIENT -> SERVER: lMLWryKcQyEuQw6NRGfuHvog6LZtcmj+177B3/xi5b5ZOZ9DQ4X+JNWOyLLskGGXTPgJtxJJONgN

Debug level 1: CLIENT -> SERVER: TCCRAgYDsau71gVpWFT6VRt04fQIhW3tF6/Ph8nimobbb9kIFsNy2GQbiRm3Gc2/8M0fLtqpHmdV

Debug level 1: CLIENT -> SERVER: wzMHBQwE6VOEa8lE0ZROf/TKxvneyYi0pfcgU5shw+KQ9Z1lofvetGcuYXW5ohffy3w4H+0qSPgL

Debug level 1: CLIENT -> SERVER: Q3cIYZxPOBqYOmSDrwf7a+6X+LqvIC9HGS0xrftFxK93XgC+VBbtJt4O92lghL+rgI6LPLdqqNLc

Debug level 1: CLIENT -> SERVER: xxfqVG8FXCO1kqnBwYm1eJMcfH7ocfV5mJFqS9z2u9qNUO1v2jaBVUp0InjfCqGEKawYbwbc6OeG

Debug level 1: CLIENT -> SERVER: iakYimFK/h3aY9qvvFN6TMMhZkDbRIewd5/C1VpEaYmWyPZM9swKOF3YTQSSmo19im8LKa5CSzoN

Debug level 1: CLIENT -> SERVER: ycdCS20gnDbbbHuOYhXj3tBssI9aU59SLkN77kIVQ0k5EehztK85EeJI7/0idZB28YHLQZ/CdtEb

Debug level 1: CLIENT -> SERVER: zp1wRcuAWrlC15+GyZkBOtRKWiKdyHVIrurJ2ZmhNd+tngLojuEoM/eMbSPOHnSM3gYyHzedLeOP

Debug level 1: CLIENT -> SERVER: Ov3P4csbtZ+Iglqq0G23BzlkYZbOGS9kgrzfsVBRJGNkrrxxYSO1p8ngyph4XUqLAKpxrLSx7ngK

Debug level 1: CLIENT -> SERVER: ay8gsCc+wr3xa1zNnCpXe3Vb6qH8ptLecHNrfcyen2zQ4iS5sqpRFjGV1fmEvOOGKRoAbRvELm64

Debug level 1: CLIENT -> SERVER: f7iJvzD9i/oWwxyELakyXfXzh6BtVnc3z6PKc22Zvb7ne/XVb4GZ6zEjTeVtoZNg4pqOnLyRBiGU

Debug level 1: CLIENT -> SERVER: uUPxhsiuFXxXmDbGlPCCME2pYXPVAn+uUbbn8u+vWg0/Ndww6AEZVC/epEXi2DOje3mq5DZ0NE3c

Debug level 1: CLIENT -> SERVER: u+C9seqi97PsybudmKu42IPcaurgpR/f+M6iLCqCmX21Xh3QPQHd3dw8RzVMVn661EztoaUelK/X

Debug level 1: CLIENT -> SERVER: mW1/f4j2Kj41XVoEYLea2/bdwr+jpOrpagAPVIPFixOyoOOedjoLDEVqLAng990/z7iR4sGWuT6d

Debug level 1: CLIENT -> SERVER: qaGKHW0xBrR4QK3f2s9mpkxlIEU68Uv2scwmnev+sxCCuDvC8nUufLTBXgHxhE9N0BowlaKepaRk

Debug level 1: CLIENT -> SERVER: Y8/Sm0vz6zGqyPZFcrlC3GfgRs1eVu9c7spxO0z9aslkjf5DUaqDAchgtEnakMQZ5HyXhRSiTnNL

Debug level 1: CLIENT -> SERVER: F9V0fI4QB+4JwUwmWy14h32iofE2On5aUkugfWm5bDlWl1lZOOxtoBZP4uWl2WS/JT19flO6QgC2

Debug level 1: CLIENT -> SERVER: DTaH/XHNUdGFhCRDP38c5m5lPMpEkJykITAnFbXClqYaY9Jb5/gVaB7yEUluYaIZ/Wr/RRKajPZt

Debug level 1: CLIENT -> SERVER: BUQRS0RSzw/QARI+KKnG+M54QbgP6F5TqFL/kjBXPzbKiXfqEc8mQYuk6QFtvXP9OerOD0SXE/26

Debug level 1: CLIENT -> SERVER: K7qB9UuguocM04g2T+DjdedtD82AW1lvv7XeJqQ1DLOZOSN4s8vDoVlyLEoLXAXA+TnZQ/9jVA+w

Debug level 1: CLIENT -> SERVER: XHHQgZY2ftnhbPtEQxrCTHNhgsrWjNxMYq6SWGWrdiPVjIYKzo9nyMJzKye9RupbHX926a+yzrKg

Debug level 1: CLIENT -> SERVER: PfEICXE26S8GXCuX5vovN6SkvWlucAa0oPesuMpRWrub3ovmvIkJ6oA5Ti4gSulfl1nyIcc6c945

Debug level 1: CLIENT -> SERVER: +wmOxGiG7Kmpyi+2VTeOeKSKrXTLN0l2Wy6tOZpGKHZlIjxVQr6vHwnJURl1fijnSKA30Dj35zX6

Debug level 1: CLIENT -> SERVER: jTIkcdDHGerf3uCG9lw5jR1Rn0TpA+3tTwwJqDwCre9917NUYGwqcRDnE6WEy5DKf2dnf9xf9UVr

Debug level 1: CLIENT -> SERVER: WNR40rkYfs5Tp3nl/l2hbOsWIahsSTc3HAuKa0JB5K76awgoWY6pCvRi3gQKvs7d6WhLnbxo0H9r

Debug level 1: CLIENT -> SERVER: 9eRS8CM8oLIzwPgBIqZyFnSE5Okp253uqxuto40mHnHIRw67lQflskn6XV5wwqh8+3BJpehL1tpv

Debug level 1: CLIENT -> SERVER: 3v/tufp/6X9F4v0grlS76/W1SOXwl+KDmVubEU1/jv4HUEsHCN938tUuCwAAcg0AAFBLAwQUAAgI

Debug level 1: CLIENT -> SERVER: CAAEX0FbAAAAAAAAAAAAAAAADAAAAHNldHRpbmdzLnhtbLVZW1PiShB+P7/CyjsieDkrpWwFXPaw

Debug level 1: CLIENT -> SERVER: olCAa519G5IGcpxMp2YmAv9+eyZguRA8SDJPaC5976+/ntx8Xcb85BWkilDcerXTM+8ERIBhJGa3

Debug level 1: CLIENT -> SERVER: 3tO4U/nifW3+dYPTaRRAI8QgjUHoigKt6RF1Qq8L1chu33qpFA1kKlINwWJQDR00MAGxea3x/umG

Debug level 1: CLIENT -> SERVER: VZZdWfJIvNx6c62TRrW6WCxOF+enKGfV2vX1ddXe3TwaoJhGs0NVZU+/V4WIb4rMC5kxVln97Oyi

Debug level 1: CLIENT -> SERVER: mv3vnayNfBeautfcxGHjfvNmrSD7qUQaYhObk/VlY9qtRyobrxEs3qLm5b335zs/6XlfAhtj4m3u

Debug level 1: CLIENT -> SERVER: 6FVCdyKhvWbt4kv9pror5HDBPZjqPMlnxcQ+R6Ge58k9r1/+XdDkfyCazXONrtdqV1+OEz6a42II

Debug level 1: CLIENT -> SERVER: IZUYtOdMzEBtKZggcmDCa2qZwnE6uqIlcaHgAUPYJ33KuDpYfCVmSSUSISwh3I1Vfn3Zd6gz5Oqw

Debug level 1: CLIENT -> SERVER: iHfDLVOVllS8XtOUcoFM7iu8Wv3y/MgcGrF7GuWifn15rFAVTTiU3idWqoO2tnKH+zrEtF8xk1uo

Debug level 1: CLIENT -> SERVER: Nca53Ve/ujgyc78Q4zFJ2i61OcpiWNRjK0x1G3kai+2OLkt6C/GltJbejUuHBRplvu21syOt76oR

Debug level 1: CLIENT -> SERVER: cAg0hB1JF44wPefie2jZd3uNVvkP0GA8fJRmF1LJNA3mz8xUPwwHTLIxo2oeJSwwaFZ+6gaEknoI

Debug level 1: CLIENT -> SERVER: hjjANoSWIb+fajOseqSB/xsBD9VjGk9AuvGmR9TrKQmZzhtem2IsEKhvcaJXA+Zm7M4ESuhEUmly

Debug level 1: CLIENT -> SERVER: A7pUgUJ3hctwEYWQ1LYg2xgnEpThjqXjmw3ciBzg8AMnewNXwI0s4x1J4Axxwunv8rNjvRiwBKTR

Debug level 1: CLIENT -> SERVER: MwKdbo/EMjyhnrdA159OCSlcxMr6YViCoypek9OBRE24TfV0D6ttLUzB1UUrEkyuvOqBJlsYdGDv

Debug level 1: CLIENT -> SERVER: 2tAOym2yUFaDaT/VmJWoo7JsIw0z5E6iQ+JB5pb7J7OYwRulUfkibHEmXhQF3SBdm/Eg5XY+uip4

Debug level 1: CLIENT -> SERVER: XwjUVsP+uXAkvPWQhUNgIQq+U+jlIIJhAWsCMEbbB23gLrJNur4tKd2C8R559MHMKaAjSfjqSYG8

Debug level 1: CLIENT -> SERVER: Y5qVL75jKIbLhhuxV/iZnbL0RZujcsGnjZLvHCeM360PiAyxcTEOuuqe8u2riIlBKgKdumpDn0cz

Debug level 1: CLIENT -> SERVER: QcU70pgMUEUfqTk+O20eJb56ozW+CKi3IXyW9Kjs8JUdri7i2E6lpDSZojbAaH5HmMpgB2uyU4kD

Debug level 1: CLIENT -> SERVER: 8JJi5dtBnRFBwkqDAzPJkrnqil6kthfnMty4w0fUbZboVMKdZIv+5D/VF4YqOFBmoWyIi3sAF1xq

Debug level 1: CLIENT -> SERVER: Pbsed/fGw5NgZXTYspAQGs8qCkGOYamfKX99QWGlHnDBhBX0ebj2/AHIxMAZibSHN652IdVjE3hD

Debug level 1: CLIENT -> SERVER: PzeRMpwPLANxt17nLPG+HmliheUH7c2lTaElbnyyIDEEWlCMa77W0jA52lM76CRV2eolUSVE1F3J

Debug level 1: CLIENT -> SERVER: /26A9YNuKcB4OMeF1UHrb5uJALiDwffn/KF9PmYizNnli5wG28T/SJWOpivTNuo50vMHJlLGWxLY

Debug level 1: CLIENT -> SERVER: i5sZoYZgloNXGGM2Cl2iASEzFdmGoDg8cgNpnDGfAA27swe0ez5gzAlnKxIU8tTYVGQwuDxLWh+Q

Debug level 1: CLIENT -> SERVER: zKDFgpeZxFTsPU4su8yLjXfDc+yRrJvtmVbd4MUgo5N5L5ZUtwH8Aom0uv3P1vbJY3J7zF3d+YZc

Debug level 1: CLIENT -> SERVER: 3fd1vfkbUEsHCI7UmDYDBQAAnx8AAFBLAwQUAAgICAAEX0FbAAAAAAAAAAAAAAAAFQAAAE1FVEEt

Debug level 1: CLIENT -> SERVER: SU5GL21hbmlmZXN0LnhtbLWVS27DIBBA9zmFxd7QZlVZcSK1Uk+QHoDgsYPET8wQJbcvjpTEbaOq

Debug level 1: CLIENT -> SERVER: qcwOLHhvGDzDanO0pjpARO1dy575E6vAKd9pN7TsY/tev7DNerGy0ukekJrLoMr7HF6nLUvRNV6i

Debug level 1: CLIENT -> SERVER: xsZJC9iQanwA13mVLDhqvq5vRtN6Ud3AvTZQ54XxVN1k0GlZ0ylAy2QIRitJOU5xcB0/u/hUwQmO

Debug level 1: CLIENT -> SERVER: xG67J6daTj73yZg6SNq3TDDxUAz3KW/e9XpI8RwbLgWSpIQ7GcvgpVJgIE99FCrFOJ48J7e4q4ig

Debug level 1: CLIENT -> SERVER: N14SFIIHH1LIf0YqhI9+iIDlbnoMvRicvDfF4NrKAVC8arIyYFHHg+zvbQSTG6uHJ83VVPC3GB6U

Debug level 1: CLIENT -> SERVER: jw1KjLV6F5799L9i/p2LdDKAs2MtkJyt8Wz3ye6c1AYFXYY8uGFu+LyJBaL8Tl5TuxI/nsn1J1BL

Debug level 1: CLIENT -> SERVER: BwhlgkjaRAEAAGEHAABQSwECFAAUAAAIAAAEX0FbXsYyDCcAAAAnAAAACAAAAAAAAAAAAAAAAAAA

Debug level 1: CLIENT -> SERVER: AAAAbWltZXR5cGVQSwECFAAUAAAIAAAEX0FbAAAAAAAAAAAAAAAAGgAAAAAAAAAAAAAAAABNAAAA

Debug level 1: CLIENT -> SERVER: Q29uZmlndXJhdGlvbnMyL3N0YXR1c2Jhci9QSwECFAAUAAgICAAEX0FbAAAAAAIAAAAAAAAAJwAA

Debug level 1: CLIENT -> SERVER: AAAAAAAAAAAAAACFAAAAQ29uZmlndXJhdGlvbnMyL2FjY2VsZXJhdG9yL2N1cnJlbnQueG1sUEsB

Debug level 1: CLIENT -> SERVER: AhQAFAAACAAABF9BWwAAAAAAAAAAAAAAABgAAAAAAAAAAAAAAAAA3AAAAENvbmZpZ3VyYXRpb25z

Debug level 1: CLIENT -> SERVER: Mi9mbG9hdGVyL1BLAQIUABQAAAgAAARfQVsAAAAAAAAAAAAAAAAaAAAAAAAAAAAAAAAAABIBAABD

Debug level 1: CLIENT -> SERVER: b25maWd1cmF0aW9uczIvcG9wdXBtZW51L1BLAQIUABQAAAgAAARfQVsAAAAAAAAAAAAAAAAcAAAA

Debug level 1: CLIENT -> SERVER: AAAAAAAAAAAAAEoBAABDb25maWd1cmF0aW9uczIvcHJvZ3Jlc3NiYXIvUEsBAhQAFAAACAAABF9B

Debug level 1: CLIENT -> SERVER: WwAAAAAAAAAAAAAAABgAAAAAAAAAAAAAAAAAhAEAAENvbmZpZ3VyYXRpb25zMi9tZW51YmFyL1BL

Debug level 1: CLIENT -> SERVER: AQIUABQAAAgAAARfQVsAAAAAAAAAAAAAAAAYAAAAAAAAAAAAAAAAALoBAABDb25maWd1cmF0aW9u

Debug level 1: CLIENT -> SERVER: czIvdG9vbGJhci9QSwECFAAUAAAIAAAEX0FbAAAAAAAAAAAAAAAAHwAAAAAAAAAAAAAAAADwAQAA

Debug level 1: CLIENT -> SERVER: Q29uZmlndXJhdGlvbnMyL2ltYWdlcy9CaXRtYXBzL1BLAQIUABQACAgIAARfQVt2dHISKQUAAFUU

Debug level 1: CLIENT -> SERVER: AAALAAAAAAAAAAAAAAAAAC0CAABjb250ZW50LnhtbFBLAQIUABQACAgIAARfQVsnqI4WkAsAAFpW

Debug level 1: CLIENT -> SERVER: AAAKAAAAAAAAAAAAAAAAAI8HAABzdHlsZXMueG1sUEsBAhQAFAAACAAABF9BWy6XKYf8AwAA/AMA

Debug level 1: CLIENT -> SERVER: AAgAAAAAAAAAAAAAAAAAVxMAAG1ldGEueG1sUEsBAhQAFAAICAgABF9BW9938tUuCwAAcg0AABgA

Debug level 1: CLIENT -> SERVER: AAAAAAAAAAAAAAAAeRcAAFRodW1ibmFpbHMvdGh1bWJuYWlsLnBuZ1BLAQIUABQACAgIAARfQVuO

Debug level 1: CLIENT -> SERVER: 1Jg2AwUAAJ8fAAAMAAAAAAAAAAAAAAAAAO0iAABzZXR0aW5ncy54bWxQSwECFAAUAAgICAAEX0Fb

Debug level 1: CLIENT -> SERVER: ZYJI2kQBAABhBwAAFQAAAAAAAAAAAAAAAAAqKAAATUVUQS1JTkYvbWFuaWZlc3QueG1sUEsFBgAA

Debug level 1: CLIENT -> SERVER: AAAPAA8A7gMAALEpAAAAAA==

Debug level 1: CLIENT -> SERVER: 

Debug level 1: CLIENT -> SERVER: --b1=_Hod1J6oZla9TcPq1jgrEkOZl2yObGxrrC7XbZwyJg--

Debug level 1: CLIENT -> SERVER: 

Debug level 1: CLIENT -> SERVER: .

Debug level 2: SERVER -> CLIENT: 250 2.0.0 Ok: queued as BA67C100633F

Debug level 1: CLIENT -> SERVER: QUIT

Debug level 2: SERVER -> CLIENT: 221 2.0.0 Bye

