Debug level 2: SERVER -> CLIENT: 220 smtp-sp217-141.kinghost.net ESMTP

Debug level 1: CLIENT -> SERVER: EHLO localhost

Debug level 2: SERVER -> CLIENT: 250-smtp-sp217-141.kinghost.net
250-PIPELINING
250-SIZE 62914560
250-VRFY
250-ETRN
250-STARTTLS
250-AUTH PLAIN LOGIN
250-AUTH=PLAIN LOGIN
250-ENHANCEDSTATUSCODES
250-8BITMIME
250-DSN
250 CHUNKING

Debug level 1: CLIENT -> SERVER: AUTH LOGIN

Debug level 2: SERVER -> CLIENT: 334 VXNlcm5hbWU6

Debug level 1: CLIENT -> SERVER: [credentials hidden]
Debug level 2: SERVER -> CLIENT: 334 UGFzc3dvcmQ6

Debug level 1: CLIENT -> SERVER: [credentials hidden]
Debug level 2: SERVER -> CLIENT: 235 2.7.0 Authentication successful

Debug level 1: CLIENT -> SERVER: MAIL FROM:<ourodosul@ourodosul.com.br>

Debug level 2: SERVER -> CLIENT: 250 2.1.0 Ok

Debug level 1: CLIENT -> SERVER: RCPT TO:<viviane.donatti11@gmail.com>

Debug level 2: SERVER -> CLIENT: 250 2.1.5 Ok

Debug level 1: CLIENT -> SERVER: DATA

Debug level 2: SERVER -> CLIENT: 354 End data with <CR><LF>.<CR><LF>

Debug level 1: CLIENT -> SERVER: Date: Wed, 1 Oct 2025 13:19:35 +0200

Debug level 1: CLIENT -> SERVER: To: viviane.donatti11@gmail.com

Debug level 1: CLIENT -> SERVER: From: ourodosul@ourodosul.com.br

Debug level 1: CLIENT -> SERVER: Subject: =?iso-8859-1?Q?Atualiza=C3=A7=C3=A3o_de_Cadastro?=

Debug level 1: CLIENT -> SERVER: Message-ID: <Y2Bdd3vErg5yyL3vPq4yh6dBDOirthIX3ZRfpPF4@localhost>

Debug level 1: CLIENT -> SERVER: X-Mailer: PHPMailer 6.10.0 (https://github.com/PHPMailer/PHPMailer)

Debug level 1: CLIENT -> SERVER: MIME-Version: 1.0

Debug level 1: CLIENT -> SERVER: Content-Type: multipart/mixed;

Debug level 1: CLIENT -> SERVER:  boundary="b1=_Y2Bdd3vErg5yyL3vPq4yh6dBDOirthIX3ZRfpPF4"

Debug level 1: CLIENT -> SERVER: Content-Transfer-Encoding: 8bit

Debug level 1: CLIENT -> SERVER: 

Debug level 1: CLIENT -> SERVER: --b1=_Y2Bdd3vErg5yyL3vPq4yh6dBDOirthIX3ZRfpPF4

Debug level 1: CLIENT -> SERVER: Content-Type: multipart/alternative;

Debug level 1: CLIENT -> SERVER:  boundary="b2=_Y2Bdd3vErg5yyL3vPq4yh6dBDOirthIX3ZRfpPF4"

Debug level 1: CLIENT -> SERVER: 

Debug level 1: CLIENT -> SERVER: --b2=_Y2Bdd3vErg5yyL3vPq4yh6dBDOirthIX3ZRfpPF4

Debug level 1: CLIENT -> SERVER: Content-Type: text/plain; charset=iso-8859-1

Debug level 1: CLIENT -> SERVER: Content-Transfer-Encoding: 8bit

Debug level 1: CLIENT -> SERVER: 

Debug level 1: CLIENT -> SERVER: (Sem conteúdo)

Debug level 1: CLIENT -> SERVER: 

Debug level 1: CLIENT -> SERVER: --b2=_Y2Bdd3vErg5yyL3vPq4yh6dBDOirthIX3ZRfpPF4

Debug level 1: CLIENT -> SERVER: Content-Type: text/html; charset=iso-8859-1

Debug level 1: CLIENT -> SERVER: Content-Transfer-Encoding: 8bit

Debug level 1: CLIENT -> SERVER: 

Debug level 1: CLIENT -> SERVER: <p>(Sem conteúdo)</p>

Debug level 1: CLIENT -> SERVER: 

Debug level 1: CLIENT -> SERVER: 

Debug level 1: CLIENT -> SERVER: --b2=_Y2Bdd3vErg5yyL3vPq4yh6dBDOirthIX3ZRfpPF4--

Debug level 1: CLIENT -> SERVER: 

Debug level 1: CLIENT -> SERVER: --b1=_Y2Bdd3vErg5yyL3vPq4yh6dBDOirthIX3ZRfpPF4

Debug level 1: CLIENT -> SERVER: Content-Type: application/octet-stream; name="2509  .7 PEDRO VICENTE DONATTI.odt"

Debug level 1: CLIENT -> SERVER: Content-Transfer-Encoding: base64

Debug level 1: CLIENT -> SERVER: Content-Disposition: attachment; filename="2509  .7 PEDRO VICENTE DONATTI.odt"

Debug level 1: CLIENT -> SERVER: 

Debug level 1: CLIENT -> SERVER: UEsDBBQAAAgAADFaQVtexjIMJwAAACcAAAAIAAAAbWltZXR5cGVhcHBsaWNhdGlvbi92bmQub2Fz

Debug level 1: CLIENT -> SERVER: aXMub3BlbmRvY3VtZW50LnRleHRQSwMEFAAACAAAMVpBWwAAAAAAAAAAAAAAABoAAABDb25maWd1

Debug level 1: CLIENT -> SERVER: cmF0aW9uczIvc3RhdHVzYmFyL1BLAwQUAAgICAAxWkFbAAAAAAAAAAAAAAAAJwAAAENvbmZpZ3Vy

Debug level 1: CLIENT -> SERVER: YXRpb25zMi9hY2NlbGVyYXRvci9jdXJyZW50LnhtbAMAUEsHCAAAAAACAAAAAAAAAFBLAwQUAAAI

Debug level 1: CLIENT -> SERVER: AAAxWkFbAAAAAAAAAAAAAAAAGAAAAENvbmZpZ3VyYXRpb25zMi9mbG9hdGVyL1BLAwQUAAAIAAAx

Debug level 1: CLIENT -> SERVER: WkFbAAAAAAAAAAAAAAAAGgAAAENvbmZpZ3VyYXRpb25zMi9wb3B1cG1lbnUvUEsDBBQAAAgAADFa

Debug level 1: CLIENT -> SERVER: QVsAAAAAAAAAAAAAAAAcAAAAQ29uZmlndXJhdGlvbnMyL3Byb2dyZXNzYmFyL1BLAwQUAAAIAAAx

Debug level 1: CLIENT -> SERVER: WkFbAAAAAAAAAAAAAAAAGAAAAENvbmZpZ3VyYXRpb25zMi9tZW51YmFyL1BLAwQUAAAIAAAxWkFb

Debug level 1: CLIENT -> SERVER: AAAAAAAAAAAAAAAAGAAAAENvbmZpZ3VyYXRpb25zMi90b29sYmFyL1BLAwQUAAAIAAAxWkFbAAAA

Debug level 1: CLIENT -> SERVER: AAAAAAAAAAAAHwAAAENvbmZpZ3VyYXRpb25zMi9pbWFnZXMvQml0bWFwcy9QSwMEFAAICAgAMVpB

Debug level 1: CLIENT -> SERVER: WwAAAAAAAAAAAAAAABsAAABPYmplY3RSZXBsYWNlbWVudHMvT2JqZWN0IDHFUz1Lw1AUPUmrtX62

Debug level 1: CLIENT -> SERVER: SCeXVAcpiFSllI4ljVCwjZQYZ12kIoJdnZT6/QGC1dGx/0BwcekfUPEv6NxRRHieJC9t6OAiYuDm

Debug level 1: CLIENT -> SERVER: 3nPfPefevPdi60sla1HBHLxHwQSCj9JrkSTwwWia4IYplT6KMxkJccIo2REacUW0thC9QmjQhWUX

Debug level 1: CLIENT -> SERVER: n65hX9JVl6662acx4DEuaXjXnDzOJazT9/nTHkgghICyQRCT3Z4p0SLxLt7D6Hbek+XtTyFSo2yQ

Debug level 1: CLIENT -> SERVER: ArbHu41O6XP0ISzwHYG+tlVdr1U9mboCqeori1BnD2V4LFspOOqOKXAY2IerwIJyGwQ7pKYJWrQE

Debug level 1: CLIENT -> SERVER: PyKM+Uw653iH+0CrcYQZ6r+p7ioyrM/92dQ/TzpJcBn2JlUxm/VPcpM2pbg5ZOFUNp1Ti3iVCSwb

Debug level 1: CLIENT -> SERVER: hYqp2UXdKFuGVjDLecsqOgsJlr3SLkjepZLJ4VbZoElrsLWgvfTzOCl1PQCUokD/IGDTCkPEw8AK

Debug level 1: CLIENT -> SERVER: L6POg/2i3fM+aDG3JQwUUIHJK2CjCJ24DItvjXmTcZ7I4sovLun/UIN/mJ/7BlBLBwjSNN/JkQEA

Debug level 1: CLIENT -> SERVER: APADAABQSwMEFAAICAgAMVpBWwAAAAAAAAAAAAAAAAsAAABjb250ZW50LnhtbL1YXW7jNhB+7ylY

Debug level 1: CLIENT -> SERVER: FyjaB5lxfoBEjR20u0lRwNkEdRbtK0NRFltR5JJUbOepd+gJ+rToAXqC3KQn6ZCSGLm2snId9MWR

Debug level 1: CLIENT -> SERVER: ht/H+TgzJEc5v1iKHD0wbbgsxoPR8GCAWEFlwov5ePD+7io6HVxMPjuXacopixNJS8EKG1FZWPiL

Debug level 1: CLIENT -> SERVER: gF2YuBodD0pdxJIYbuKCCGZiS2OpWNGw4jY69r4qi7GrvDfdg9tsy5a2L9lh17jkvr9nD26zE00W

Debug level 1: CLIENT -> SERVER: fckOC0Ft01PZl7w0eZRKiLpQxPJ/qVjmvPh1PMisVTHGi8ViuDgaSj3Ho7OzM+xHg2AacKrUuUcl

Debug level 1: CLIENT -> SERVER: FLOcOWcGj4Yj3GAFs6SvPodtSypKcc9079AQSzayah7mvSviYd4RGpoR3bs2PHg9vUdJ//QeJW2u

Debug level 1: CLIENT -> SERVER: IDbryMkpvoZB/3M9fa4FLfr6cti1UFHNVe9lVug2X0oZpDpCtUG93MODg2NcvbfQixfhC80t0y04

Debug level 1: CLIENT -> SERVER: fRFOSU5DxKXYFjTAjTAgIvbgyjQUvguE6SAc4mo4gE3SOfXP19MZzZggz2D+aXDEC2NJ8RwZ7ZLQ

Debug level 1: CLIENT -> SERVER: udITrJmS2obApP0PTMjWYfCSpCS4AaQZ+hkiR/S+2jNgtzOxo3wRKo2zvCnrILL2z5aKae6IJHeZ

Debug level 1: CLIENT -> SERVER: i4SBVUI2pYpb7Kp4ambr8jgcTJqboqoyg4MhhRsjSgllUcJobibn1Y4PZlS9Ox3jwR3JpMsG7OwG

Debug level 1: CLIENT -> SERVER: IXi+CgP4ZfobkvN7zbfwn0fadDcWzVkBa4da1eChWEMobins5geiubsCerpHUz7P7BYRXxIlzTdr

Debug level 1: CLIENT -> SERVER: qMr0P8oavZous+DG7KPraouUlz2ujGViH5fTkvKEoBkpDHpfcOh3WGc8tmD7RGVvjdcz9L20Gaed

Debug level 1: CLIENT -> SERVER: ygLi1fTgrs1a20lpoQotp5GfJ+xi/7um/nYUfNWaFdFkronKmgEwuFbSv0QVawbnaUJ00kAE9AVM

Debug level 1: CLIENT -> SERVER: R4rMNxCN6zBtpOCUYtpyZoIDR6tbESfdL7GluFt+qjf0eyc+G13qb6aXQVaN3hSVSc0fpTtgI0ja

Debug level 1: CLIENT -> SERVER: eEBZ4W/LjVHN8rWguQYyluDMPUTEKEbhuhltrgl3JqseuJfJKry4jnhy7vtiwz6U0PyHpG8akTcl

Debug level 1: CLIENT -> SERVER: 3KicrCJZWmguWZTDtQxa4Urww1Uwfsjz0lgN/mXhNO412V1ToPvNAo97T/K26uN92LujpipKuzpg

Debug level 1: CLIENT -> SERVER: R0y+kwIlnHyOvv1QcvT0J4KD5abUEiUSzcp8iG7hdBHSIPi+cvcq0QhaBkQc+qL2p7pdtDaHr5ZU

Debug level 1: CLIENT -> SERVER: g7kqnDbMF7e31nV7/wuzclQvEzoaqMLIrhRb37RwCC144tra0+HxyTEVlS1j7qKAMA1PDrzRz/wI

Debug level 1: CLIENT -> SERVER: fUPCli56tRgJXih8MbrvkTjTDNqfIb6pjOC7sldeDRcqZ43NZK7hZLCNk8ZEqC2JBaQsppIkLhne

Debug level 1: CLIENT -> SERVER: Bxew5be6+JFBamn9mfN6XvFznCeX0A263IELDXmQiAmXR0usRC6OiAA954+QVMNKREkCp5uWVdId

Debug level 1: CLIENT -> SERVER: MuVaVIMGCiOBqS7QLkl/JwWLd2K8ub1Cf//2+06ct/C1hkDwO2KobxVlvAv9UhCeo6+UW7Nh2s2U

Debug level 1: CLIENT -> SERVER: 8jyTX4NyT4Ov7LC3es14B5+vcGGx9Qk+9XgH2fkpI9YQpS52Yv5HmZewHzR7+ih3S1FzIpTuMGDG

Debug level 1: CLIENT -> SERVER: sFBTEDlbL72qL0WMPzGgU5RPH5/+gjvHFZEp4QYSTFNXUjudIrNWmYJv+/QHpEwgSH9dA0WogeEO

Debug level 1: CLIENT -> SERVER: 8+LXw+C1WwyvXXC4459Wk38AUEsHCIjkgeUDBQAA9RIAAFBLAwQUAAgICAAxWkFbAAAAAAAAAAAA

Debug level 1: CLIENT -> SERVER: AAAACgAAAHN0eWxlcy54bWzdXM2S27gRvucpVHIlN0ok9a94vJU46yRVdiXZsc9bEAlJjCmCBYKj

Debug level 1: CLIENT -> SERVER: 0b5ODjnlKfxiaQAECZIgRf1Zntmpcq3QDaDx9Q+aDZBvf3rehb0nTJOARA99Z2D3ezjyiB9Em4f+

Debug level 1: CLIENT -> SERVER: l88frHn/p3e/e0vW68DDS5946Q5HzErYIcRJDzpHyVISH/opjZYEJUGyjNAOJ0vmLUmMI9VpqXMv

Debug level 1: CLIENT -> SERVER: xVSyRQzWtbtg1nsz/My6dua8pb5o1X1mwaz39inad+3MeQFTvfuadO38nITWmlge2cWIBRUpnsMg

Debug level 1: CLIENT -> SERVER: +vrQ3zIWL4fD/X4/2I8GhG6GzmKxGApqLrCX88UpDQWX7w1xiPlkydAZOEPFu8MMdZWP8+oiRelu

Debug level 1: CLIENT -> SERVER: hWlnaBBDNa0mT5vOFvG0aYDG2yLa2TYEc1m9I7+7eke+3neH2LZBJ/PhJyCKfz59LGyB7rrOxXlL

Debug level 1: CLIENT -> SERVER: UHk0iDsvU3Lr/Qkhuai8g3RQIa5r2+Oh/K1x71vZ9zRgmGrsXiu7h0IvR5zsTKABnzMEDgs/cTNV

Debug level 1: CLIENT -> SERVER: 3JQvunHkyZDimFCWC7LuHqAAHTefxV+jfBrgTAZiBIt3FHPpIwy5Jwx5lzf9XhbotODq9t+pSLom

Debug level 1: CLIENT -> SERVER: EEXXyMOWj70wefdWekDe3JO/uZwP/c9oS3ao3wNLVxy7IDzkhGF79/coDFY0MPQvKHp3TrM2OMI0

Debug level 1: CLIENT -> SERVER: AN1RmCEqccQB88C6nxANeEjsOH3vY7DZMoMQf0AxSf5Y4pJN31Es52pyJfsgSS6R64NBlPYZDwnD

Debug level 1: CLIENT -> SERVER: u0um/Jh6gY96jyhKel+iALZ/3IiHgbcLKhfL+Omx91fCtoHXKFnOcTV5hk3OmrXLLEjJ7eM1SsMs

Debug level 1: CLIENT -> SERVER: N1IjZxJuKIq57Io3+23FFMIHZQHkUjxDWCZb5JO9BeMnmFnPD317MPJATgPxUCEy2L4s2O2xlcTI

Debug level 1: CLIENT -> SERVER: g1zD2hIa/Aaio5CzuvNW5icuhldnheDWddQaq2HMDJYQ1rEP2NaS2dsahYlmATGiSCCk47MmSzH4

Debug level 1: CLIENT -> SERVER: FnNPhHBqz3+vxuOjWChlhM8MxhL4mMgBUBhvkWIT/VcUI8iXEgaGwBSFb1pc4h2Y80M/pBZblYwj

Debug level 1: CLIENT -> SERVER: iHzM4zzPffUlKtGV5JAjgv5JnHDraV5Mzs7l1tYoW9MEAzgR17WY3CMhgWyK0RTcEmAQjUnwG0jq

Debug level 1: CLIENT -> SERVER: ODETbSGKNinaQFPW4JE0YhSM5M+/5MvHDHZm6yumkRBdDqitko9pwe6GIjVy1jEbXNFwHnizWRTh

Debug level 1: CLIENT -> SERVER: y2N9PJ6ahfi5YcScimh1zJz0+Kd+AWfJy7q4Xo5//5h57RDdBJEF6gOD5cZatK0IYzw54XbsZiSD

Debug level 1: CLIENT -> SERVER: NULr9hBvcQS5KImsEPk+AC4W9NCPCJjOLmAnGm2cRh5L5YB7IEMyAuCBAo9btbJGyw/A4yM+CSQh

Debug level 1: CLIENT -> SERVER: E6dwxLLdx6CRwgvPME5N95XU45Zmy6dSFmjeym5n4mLu3FI/3Mj8dcPCKuZUrY3iHQJT5c8xyuTc

Debug level 1: CLIENT -> SERVER: GlOcJtsKywW+JR6J9eAXYt1i5BPzilDuBdzEYCcAewlRnHD7vXRii5J9ZXJoqTj1V4xjcOkNZlv+

Debug level 1: CLIENT -> SERVER: SMr97djE+oTSjB/Be3xE/X5jbFHKC1GSgHjgOkfDDaHg5VGitLQPwKfkr+Y96QLnLBZ9ZLGfAxbi

Debug level 1: CLIENT -> SERVER: oyuFhrwQZJlRiriMOsNnaPjVtX9dEf9wDmKlAD0Yu6OmIO2MHXOQtmWQFkYh8o9I5B8o3KNDcgzd

Debug level 1: CLIENT -> SERVER: elzLHx7K4c2dq/AmQ1eeLFj2wHbmRfg9KbTpGbA5oMl5z4pOomt3EzEoEvaYOEQHTdU9nXyJIZ1t

Debug level 1: CLIENT -> SERVER: I42buMM38c7L/Qjb5znraLH3kA/Z0dwKLRXP+90Ef49iHvWvqAOQlKITHVWi3aKInqjLyqqhSK+T

Debug level 1: CLIENT -> SERVER: fI8TFOHEqqhoN7tpJclwMy+UbbwHJFnw3NLiQbKPThSQZFRDZ6N+WpIA8/g5PZuhs4L/Do8kz1dU

Debug level 1: CLIENT -> SERVER: byDGa1XvlXR1NRv/G0b8tIL7mWOORRlHz/lum5pKK0jKBB4hfuK5j3P5pjcdTY5veqdubyLvFpnC

Debug level 1: CLIENT -> SERVER: G3c9GS+mzZm8quJVNjy7atb6rlQlnrAr2afsSpoluO2W4N7bEtzLLaF4EP2RLMGZtlhCjXjC09P0

Debug level 1: CLIENT -> SERVER: TEsYtVvC6N6WMHo5llDR9LhN01XiCZoen6npcbumx/fW9PhyTRfqrGnant1C081J00l50QdD37Nz

Debug level 1: CLIENT -> SERVER: Hk3lk3aVT+6t8snLUXmL7s7RzLRdM9N7a2Z6uWYK+KuauVwrkwX/ezmOOGtX9+ze6p69DHVf2Qnn

Debug level 1: CLIENT -> SERVER: 7VqZ31sr84u1cjONuDP+93IccNGu6sW9Vb348VV9Ded7TFfsHuVzb4tifuvqGKLyzDEMNmCrHgiA

Debug level 1: CLIENT -> SERVER: 82Onf6cJC9YHi5/MwIx7Qv3aufwpG5b2jGAohEM4daeZ6k4pz9WeOS5xvvpjxxV9818pYZeZwdUe

Debug level 1: CLIENT -> SERVER: AgvSzdQ/tvnfNcLlhbDzUj33kX9WkS7HRc7Wq/HcUk0hXjNx/D4rq4nKoylb11AgLppkjXJ0fm5p

Debug level 1: CLIENT -> SERVER: lYi5crpWihmOEsyxKZlmGZeMq/fdrFfBMnHHRlwMlOOV0IJ0lsGfowfeJ0Y+32yzNSmNqtaKolVz

Debug level 1: CLIENT -> SERVER: tprRZFQhFMspaNlRupwgIhHWW7MJqs0qfeXnjr2EhIHf05/zMy7tqdLA+H1rBxeGgL/IDKQUBfiP

Debug level 1: CLIENT -> SERVER: DzC22eqzHkVA6Om8+Z0DnrIMm+f9/O1/LA2JOIjg/7zfFpc6KoejkrPn9HSe0jyvvFSvYeV2w8q9

Debug level 1: CLIENT -> SERVER: A1Y/RjFbw2rUDavRVbD6Ecu9GhbjbliMr4vF2UHtho+BGiiTbqBMbuFMZz0wabJPu8k+vUj2F1FY

Debug level 1: CLIENT -> SERVER: 00CZdQNldhVQrqzQeTfZ55cZ40so1GigLLqBsrgKKFdW6HGxTxb6xOTlahfr7nJtjleHuqBZ8F03

Debug level 1: CLIENT -> SERVER: 1nWsydx7k38P7vXtv9/+cwSlnO0ikH6YyoX2gP7zLt7ylwzbn9GrXPfLbS5ceUnfcnWoq+oz9h8k

Debug level 1: CLIENT -> SERVER: ybueCfyC15jiyDtSp6mxdV27EFe868ZrGMkOhaHloTjpNwBjCBb2Qi/g7rM71isS+iVMJEGB1kTO

Debug level 1: CLIENT -> SERVER: MRMMnRH7x8efqyvv8KqduKiIIm9LqMUOMS6Xtp42y2dV84H/P5TqP/INHFljkS3qJTcrJvxcg8Q1

Debug level 1: CLIENT -> SERVER: AuUHILXiWfEenexZLk9p1Er3GjZiNeq4xQCRpPQrjOJcJmOXFzcrdxSjdGfxV80RKDUHk19bzrpW

Debug level 1: CLIENT -> SERVER: 8dRJJAnE2yYo8oXJYPUSA1oBWdTj+OvSpmErLNnYonFNwpDssW+tDvICNUOrvjZ5/rqTmp+b6Wzq

Debug level 1: CLIENT -> SERVER: mkqrlk4p1SIVocDZuGigNuHZEWn3VSHtQAI2NSKtUypVX0m4OdKjV4Z0foZQBbp6uFA6dLg5zONX

Debug level 1: CLIENT -> SERVER: BnNx8lDFuXYmUT7GuDnSk1eG9Gw2b0C6oFSQloSbIz19VUi7A3tk3g51SglpRbg50rNXhrQ7N2+H

Debug level 1: CLIENT -> SERVER: OqWCtCTcHOn5K0N6Yg7TGqGC8+S7BOnFK4N5tmjCuaBUgJaEmyPt2K8K6tHAHpv3Q51SgloRLoG6

Debug level 1: CLIENT -> SERVER: TNLxjwjDCTyiR+tgk1LxIYFeTrCyK2hrQlik3RrRVeFkK5bfnXlCYYr5y4GyUXVMNAjElyj0PvKN

Debug level 1: CLIENT -> SERVER: Qn4vgo+nvrfF19tdQhz5TQIGZgHV8ByRQgLTNI3vQ8qv9Yj31ReLoo5gQicbpECB6zajBZFHxVf6

Debug level 1: CLIENT -> SERVER: ePKnfZpIjFZ8kYhfT4ExA89SBDkdxxOs9ADaLRUHPsU7p29gqlSLBGUf+Pyjdq49WCxU6UcQ1Ov1

Debug level 1: CLIENT -> SERVER: 7mIwbVljNglAyCxCA1gLypRNKKMoYLVLPq7CrH7Jx0DKPMF4jUj79lDLp36ytW9o4KtPJ7zxbP5n

Debug level 1: CLIENT -> SERVER: 4siU7Y5ntmOir1BSYJN/rqDOR9PVoeAz80hh9bJTbQQINvzLfJnt1ZkE8C30rMBY4VDOae3Qc0nI

Debug level 1: CLIENT -> SERVER: 4mtdGUOCY4WwNJTKkYz6Bg0ICkYh+MX7LbZj4EFrUW00sCCf39ySniD9Q7ZTCGTKQif5h6GUFm3x

Debug level 1: CLIENT -> SERVER: nxYezbauFrXFiF+KEj+G+kq1xvpAhVfW3TAj7FCSj5HPljXykcrHRZULwbrMmvtq0aAy/ND82dZ3

Debug level 1: CLIENT -> SERVER: /wdQSwcInXDNV4ULAAD2VQAAUEsDBBQACAgIADFaQVsAAAAAAAAAAAAAAAAUAAAAT2JqZWN0IDEv

Debug level 1: CLIENT -> SERVER: Y29udGVudC54bWzlWW1v2zYQ/r5fYbjAvtHyS5w2XpwiaDOsQNIWTTpsnwZaOslcKFEgKb/8+x1F

Debug level 1: CLIENT -> SERVER: iaYcy5VTNNiwfFAi8u6eh8fjHU+5fLtJeW8FUjGRzfujwbDfgywUEcuSef/rw6/kTf/t1U+XIo5Z

Debug level 1: CLIENT -> SERVER: CLNIhEUKmSahyDT+7qF2pmZ2dt4vZDYTVDE1y2gKaqbDmcghq7VmvvSsxLIjSm95Z/VS2NfWsNFd

Debug level 1: CLIENT -> SERVER: lY1sQ5cuuiOXwr52JOm6q7KRRaf66rHoqrxRnMQCvZ7mVLM9FhvOssd5f6l1PguC9Xo9WE8GQibB

Debug level 1: CLIENT -> SERVER: 6OLiIihnHeHQyeWF5KVUFAbAwYCpYDQYBbVsCpp25WdkfUpZkS5AdnYN1fTJruYSFIrgck1gdjPk

Debug level 1: CLIENT -> SERVER: 6zTia5V0jq5V0uLmcEll5zgrhZuhMom6h8ok8nVTqpct+/smuMPJ8nF3u4srmXbFMrINV4WS5Z2X

Debug level 1: CLIENT -> SERVER: aaV9fSGEo2oU7GEv6Y6Hw7PAvnvS66Pia8k0SE88PCoeUh46j4v0kNNQbhSgBIGVCXl3iIwjVIvC

Debug level 1: CLIENT -> SERVER: OLDTTlhFrab/uLu9D5eQ0p0w+7YwYZnSNNt5RppNaF3pNJCQC6mdY+LuyRd3a+xQopg6GJRUg9IC

Debug level 1: CLIENT -> SERVER: MYollm8hMKc8MCqvXKQx4HVYO5IVPmxykMwoUm52jqQKV4m7KfKZp+0HDxe7VC4TV21iUWSRPdSH

Debug level 1: CLIENT -> SERVER: TFtQz4I1WY17tW3cv6oLmQ1cFbiBGAsaiWkIJIKQq6tLm5DccM++G/x5/x3lbCFZv4fZohZJGd/6

Debug level 1: CLIENT -> SERVER: M766mSMJZEga41etmVL94DjEtWSUjw4glBMd7PsSOdMhZpAVRV3Mat/CvmWYvEt/9+5ppg6Q+Jnm

Debug level 1: CLIENT -> SERVER: Qv2yJ2cHfyy1evXP8MpWaUi/yy1FyCJaLrX3NWN4SYJ21zyV7eKe7+Z4x0IplIh170/6GxyKUEtj

Debug level 1: CLIENT -> SERVER: T+5FuD3QpTBp8QklN/G96EHbYa7GaaERSLOQlHbcKS+fDa6hGDmwimV5+8O7AS/SrF9r+oMkx9QG

Debug level 1: CLIENT -> SERVER: UjNQvVjMFhLoI1kAVg40aKBri5X4mkWmruOda3IRpiV/j84xbuOX4jYcvD4/P43b5KW4nQ+mZyf6

Debug level 1: CLIENT -> SERVER: 7eyluI0H4/PXp3CTbfEmxXqPGI74rOyUGVwCS5babNrZdIzgxwkXCrDMa5ZSTnztmHIFpxBvCcbn

Debug level 1: CLIENT -> SERVER: Eb84fzZxLYsTeGt62OH1YIodCUiS0wSI1XgPMS243luUtyDbHkZM5ZxuKz6VNXONxeaPpFgH5n0u

Debug level 1: CLIENT -> SERVER: iV6cELfQlouAu5qXU2n68vLlKGGjtB/VNHxMpLlkmagX2Le9issfF9yVjoYQHV39AZHDlmz3SaC5

Debug level 1: CLIENT -> SERVER: cNNvE7wTJRlRopDmI0HMNvUsXmKBepo29gyltaR5ucvm5pYJYt5rrYhJhC9nuJbOlrB9H6FZYlr6

Debug level 1: CLIENT -> SERVER: 4dMJQ8NYyxw9tUTqj0QLErMdvr1EroyDsKEgfxdKs3jbjEI3W1ldCI21ZVcCcT9ogqSXe77eOcRs

Debug level 1: CLIENT -> SERVER: bFY2NzicUpmwjHCIzTkI08OBY6LxlLhpqxP/ybhZUV4A0dsc/sfh8yPiRNO/kLCE+HBC7JrvWgpH

Debug level 1: CLIENT -> SERVER: 0Hr3qiYWItru+rIc836klgD66tICmJ6+4HYPFGizzBo7pFgLFGQKF78CtwF2cgcYM4xQThfA1Z6M

Debug level 1: CLIENT -> SERVER: qSUSEjQvCTaVEpTpFZ1UTcF8g7B9jn1P6YalRUoiFseA58eE53AwxI6+XH8779pg+ayM2U24v/7U

Debug level 1: CLIENT -> SERVER: +zy4v/ny5bom559JU64aytX95IBoeXWt9saeZHt2Dx3xoLPN8Q+wOXmuTSz7BwzK3cLt90cjp4jN

Debug level 1: CLIENT -> SERVER: EhDN+xf7LkS4poIl6+tMvB114N3YjNvhGn4w5b3+WOFyHIYgF1Q3Z/BiOR2WqzAZJr8yb0jOvjRZ

Debug level 1: CLIENT -> SERVER: GrCO8OOD8Epjbkt2WIPXL4X0+eb9l0+93z+8u/n4cNN7/+nj9cPDh6Pgz92fo9FyPp2Op/+aiDkV

Debug level 1: CLIENT -> SERVER: zh/ZJeFGeg0aCTho+RfP1T9QSwcIQPkVxJcFAAAjGgAAUEsDBBQACAgIADFaQVsAAAAAAAAAAAAA

Debug level 1: CLIENT -> SERVER: AAATAAAAT2JqZWN0IDEvc3R5bGVzLnhtbOVc627bOBb+v09hqINBC6yii93E8SQu5rKzs8A0KDId

Debug level 1: CLIENT -> SERVER: LPbXgJEomagkChQVJ/M2+yz7YktSEkVdTct2kmZcoK3Iw8PvXHlEUbr68BBHs3tIMoSTa8M5s40Z

Debug level 1: CLIENT -> SERVER: TDzsoyS8Nn7//LO5ND6s/3aFgwB5cOVjL49hQs2MPkYwm7HBSbYqOq+NnCQrDDKUrRIQw2xFvRVO

Debug level 1: CLIENT -> SERVER: YVINWqnUKzFV0SKY6Q4XxOpoCh+o7mBO2xgL7vRnFsTqaJ+Are5gTst0qg4PsO7ghywyA2x6OE4B

Debug level 1: CLIENT -> SERVER: RS0UDxFKvlwbG0rTlWVtt9uz7fwMk9ByLi8vLdErAXuSLs1JJKh8z4IR5JNllnPmWBVtDCnQxcdp

Debug level 1: CLIENT -> SERVER: VUhJHt9Boq0aQEHHqimBGSNh4nK/1GOkjmn4132o7V334YCavQ0g2n4miJuuMvf1XWXuq2NjQDcD

Debug level 1: CLIENT -> SERVER: 9l1aH1mn+Ovjr7VfkVh3Lk7bUJVHUKotZkGtjscYS6h8QBHsAq5r2wuruFaot6PkW4IoJAq5N0ru

Debug level 1: CLIENT -> SERVER: gciTGsdxn9IYnWMxChPec5evqAkXepDze4vAFBMqgQT6yY5px5Wz+AGQ0zDK7ExwMPlAMZfKweJR

Debug level 1: CLIENT -> SERVER: ZfEhb6rxEa5zHQllNg5wnviF1xdY4EMKCeJdIKryrcKhMFjZruR+11hXiT7ALMkHwIOmD70oW18V

Debug level 1: CLIENT -> SERVER: ASqbZ8U1n+7a+BFE6I4gY8aipyKJUfSo9qjDeZ8ZwoRhZPbMtijLDGt8iu8JApHTM4Po0OCvUqSI

Debug level 1: CLIENT -> SERVER: eiyi7gEby6J819y/IpbMhHpnv4Ek6wHxLUhx9l2Lrmg8LbRK+glaecwojA9SS+4hHwhRZ78niNUM

Debug level 1: CLIENT -> SERVER: cFg1XVod9RyM8SPyCM5wQGf/Ab/APg8tYLTongTbZ7DBMeiBJDsOnd0aCuayvSjiKpQ+DEAelaVd

Debug level 1: CLIENT -> SERVER: xbmEJEof04NRZFTkdZOZEpa3CEWsIKxYeSgGrCNik2bXhlvrIgUEhASkm+4oxpFNjlPTRxkFCa8o

Debug level 1: CLIENT -> SERVER: WU5678X1aF6/dQcK+QZiNcCrCCRhDkLWm1LR4LF8SQkT64dbo83CZAkZJH2eI+gqXhXZn5uqp2Ra

Debug level 1: CLIENT -> SERVER: dfx402XNC4sIPrTCU7KU3RvUZiq7/nUjDNtjsfVVUXWVxVfDjIVubmyjRTQrr2KUmCihMGTjfBQi

Debug level 1: CLIENT -> SERVER: ymzmiIl6eEoeXk4Iu1d47JvKsRef7EqKexwxk/BCm5IcGj0MHuM7HFVomvaqaBWbrW+/kchaPCRv

Debug level 1: CLIENT -> SERVER: 7inrmSQTl/3Cd511XC1Vb0hwnorbJCGVoq2mYnT1ZQw5ufDYCLN6+k0Q2OzH51LlMvvFfG3qLbQT

Debug level 1: CLIENT -> SERVER: g1QGR+Kj4v7gHkQ5fPvu25B+dy3dDqRpVCrbbLjlblMNx5BjX+x2bKGO228m6ceerJ8x04wG8qi0

Debug level 1: CLIENT -> SERVER: LanePqtY71pTH8UlLpousbeKln8ph1hOz1Ov0HeWh/mOY5/Wd6Yn21P4jmMfKZkcR6xTOIQw6CEO

Debug level 1: CLIENT -> SERVER: 4fylHMJ5+mTygn3H0fAdH1DYr0vXUIgeW3itflXF7N5ko0f6CIHUablhH+EkVAHX2DTgzqfCnSk9

Debug level 1: CLIENT -> SERVER: OYj67TMixFTAi6MDngTjvfGU6qAoHsBxXuPY4JxkrRlXAwpBSU5ZePc70liOKS9AbKaxgrkGqIH5

Debug level 1: CLIENT -> SERVER: 4sSYBxhkkKeD0wo97DDLZ8sLGpIJM0zX7LhpRvx6ZFFyNWqy8SXmZVXsbqfqel01uHtgyeVqlFxf

Debug level 1: CLIENT -> SERVER: lb0PKapemWvoVFRjqpwf6hovq95258dIBS+3ghb2OsTeGpvWX5W9D9hUfm2usTjQNTS2fb+qVeLi

Debug level 1: CLIENT -> SERVER: k6O10fCCloQDZHW1ZDX30q4Iqf75mnxN5rCUn+gYN6Wem497ebmXrcEq2s3K0WO1I/C48tV7F6k1

Debug level 1: CLIENT -> SERVER: HdPNdffDZq9id52JqxeVXNxXEJlMXr3I5PIeKTrnznNF59w5WnQKRzlCdAoDTI/OV1YvMXlOuCie

Debug level 1: CLIENT -> SERVER: pjg6QFbNRfH4aaZTbB4pshfPFtmL40X24kiRvTgosnUfak9dd19Y4C9Pve6+sOBf7rPufj0JYPls

Debug level 1: CLIENT -> SERVER: CWB5vASwPFICWO5MAINPSuaXylOm0z7+mPIgZ1F7F/PZxOP7+zgx8T0kQcRfKQhAlMGX+LBnkrTO

Debug level 1: CLIENT -> SERVER: 0xhjKJSdHcBH8sxCeSideYiFIgqQZ46nDkczVfJe+JDihL+QpnFstYDWhflTcYxWntedduaZ4OLF

Debug level 1: CLIENT -> SERVER: IxNEKGQxmjBcMsVySo+JWPbdYUrxyLFmZXPOFr/OWWLl1QpGLJoz9Cc/Me2ktEHNm6tDyZ3O5rHk

Debug level 1: CLIENT -> SERVER: vrc1xHBJIRjUB5B3KPYWZuN6LXtSQOQ7hWbTJiMaKuAV/osog+5V/ARxnviQRCiBFU2GI+QPkGyR

Debug level 1: CLIENT -> SERVER: z9+xAjnFAxSlPcSk4v+14rcQhRvKrRr5Td0JgUrdNyEqAyuCgeFS98MMJIlgsad53En2aZqWv8HX

Debug level 1: CLIENT -> SERVER: OWhbu3d36l8g4G+Ynso12sHTDBF3Ub4HoHpQgknMz+TvNqoSTwWnIYtXLPeweCPYBrjL/mH+Ex2i

Debug level 1: CLIENT -> SERVER: tIozySyVSffLlUnIlX9p7w3yD9f+QwL1UcYWj8cmktmR5BjKPEW6XY6l297OOpku90mmitzuuNzT

Debug level 1: CLIENT -> SERVER: InpPud0xuXs7a7ndfeT+zHAclCdG0tANpnASbwFq3NOZvu6A94XfzyW+WT9rCwLPq+0HQpywuuAu

Debug level 1: CLIENT -> SERVER: Milp1gyyj7Ju2ce5YuLzl6vtM9s99+KZWNdmb5Y2/6NVU8zFT98EP2NMk+OoahhUiX98ZddaVvvX

Debug level 1: CLIENT -> SERVER: Tf1Ae0zFmv/lpOLyhQlKjZ6wYqlm0pb/N5ab8+xUIfdPjP1JvEtYU4LO80TQ6ZXb5+f2HqvRDcwp

Debug level 1: CLIENT -> SERVER: URbhJ5KoTCM6El1e7ifRD+DJ7cNl0ZTG86qzCnrS/BuQZGqh2ZboeKj+QQi/gXjqKKhA7pQnED+N

Debug level 1: CLIENT -> SERVER: YnhHPXtYOfq95zHxT3r7+JyCjVSwBcHEArZU2xQXKe+X9nCRCTIPVK+lzNOK1wNk3qNumi7zfFTm

Debug level 1: CLIENT -> SERVER: +VPL7ItfVxCr9WGA8pIXGTG7YfPMqqMCFUKTSYNz2pD7YxrXZ1AVop439xHJWDMnKfbqrg2+ZY+S

Debug level 1: CLIENT -> SERVER: XJZG/BMwLIObMfb5RiUx6V1trA27aWlv8JVtASta2T9NXfAtw00Z8/bZBf+2gGgGJGQ9EQx4e7OR

Debug level 1: CLIENT -> SERVER: lNTN1mIHjzOpPlBgDSMqoTw9SorTHohNOFbHTBrmdfXMe1LbOccyXuumarmsb6qUDaQU+MVH0RiJ

Debug level 1: CLIENT -> SERVER: s6yG9SyzNv8j9aNQoJjpquMpHVlP6krTlab60kvV2G7PtgZTWtkRg0yykImubOScxp4cqLHQkwkL

Debug level 1: CLIENT -> SERVER: +OsrvsKs0vLfbANhQb3+8OHDldVuLFvSlhJatud2bK4w1TMwq+k5cvZP//svsyqYldd1Bl471ZRK

Debug level 1: CLIENT -> SERVER: WwdFxa2h91EUVkeVu7R7W35za0S5bke5xRWBId9e5ID21PfsbUFHEY1UkuL6XUcRjZkaTSKMWrPz

Debug level 1: CLIENT -> SERVER: N5EG98xZ6SOJTPGI99pwbfe96dimzdzIdizHtnhLiYITrv8+qwAz9PZy5ZyvFnMJus+Dmvie061m

Debug level 1: CLIENT -> SERVER: lkoovkGyvrxUCYu2E7mf1R/zVv/HLtf/B1BLBwjpdoziBQoAACxTAABQSwMEFAAICAgAMVpBWwAA

Debug level 1: CLIENT -> SERVER: AAAAAAAAAAAAABUAAABPYmplY3QgMS9zZXR0aW5ncy54bWy1V11zmkAUfe+vcHhX0BgnYdQMMU1j

Debug level 1: CLIENT -> SERVER: myaOmPTjbYWr7GTZy+wuIv31XUQzBrE1Rp4Y9uOcs5dz7126V8uQ1RYgJEXeM5oNy6gB99CnfN4z

Debug level 1: CLIENT -> SERVER: nia39Qvjqv+pi7MZ9cD20YtD4KouQSm9RNb0di7tfLpnxILbSCSVNichSFt5NkbAN9vs7dX2iiwf

Debug level 1: CLIENT -> SERVER: WTLKX3pGoFRkm2aSJI3krIFibjYvLy/N1exmqYd8RueHUuWrt6kQ8ZUo25CLWZG1LKtt5u9GbS1y

Debug level 1: CLIENT -> SERVER: KzQto7+Jw+b4/e6aIH/UqYIwi01tPZxJ6xma0l5QSF6jZpTte7vnmUo6ZeAIIBOMjM2kSiM9Sbky

Debug level 1: CLIENT -> SERVER: +m2r0+6auzjvwr6HmSoDtz6M/IP6KiiDvmiff1z3HdB5UKr83Do7FL0ekqhOuQ9L8ItMkJR/pdUe

Debug level 1: CLIENT -> SERVER: 7S+R/l+v4ym6gAnRmgtKpRLaB0bfdR5ro4b7eTx2ykWXDG4r2De9PlT5Au3Cw32bD8SCKJ0F7zGw

Debug level 1: CLIENT -> SERVER: G2DyGwQ+ExaDLJx/isiAcKOvRAzHmSHDf0BVFfQXQf3TI2eoA2QoCtAMMzc0W52zVuu8c7zqEZnD

Debug level 1: CLIENT -> SERVER: tU6Plwqicq+L8FPkEwXf0d8xdIBCJ9/BqfcW+o5IHZU45GNM7oD4uuaeXr8mcQMApfOxAvShfIyV

Debug level 1: CLIENT -> SERVER: 7lPgpuEUmXShWJ1OQuJyEk1wTKSCoode8WeEySMJcuChXFfayhjGIPX3zkrKz7Ia3rSsIxtQEf5X

Debug level 1: CLIENT -> SERVER: FfBuPPXpgsq98k8EXi7+WOvk8M6SSjflXiCQ0z9QQY1zYoUDwryY6VJxeviR7pz6HA/6pbypmgdj

Debug level 1: CLIENT -> SERVER: 6ByNi1erKZHQaV9TTkR6CJQTRSx9kiBuiCKnP+0gIIJ4WusAw0iAzGwx0eDl5fdIVw/lNxDckZTw

Debug level 1: CLIENT -> SERVER: Ucw9Fa+afQXJ75IFPOcX6kc+YCirqDB5j7oVGE4gjKoxocOYbraZi77idEC4B6yChovEH+tuiJyl

Debug level 1: CLIENT -> SERVER: FcRpKG/W/0quNtn+SvAPir23S3PnP8nc9wfZ/wtQSwcIq7Wo4N8CAACDDgAAUEsDBBQAAAgAADFa

Debug level 1: CLIENT -> SERVER: QVupNY5+/AMAAPwDAAAIAAAAbWV0YS54bWw8P3htbCB2ZXJzaW9uPSIxLjAiIGVuY29kaW5nPSJV

Debug level 1: CLIENT -> SERVER: VEYtOCI/Pgo8b2ZmaWNlOmRvY3VtZW50LW1ldGEgeG1sbnM6b2ZmaWNlPSJ1cm46b2FzaXM6bmFt

Debug level 1: CLIENT -> SERVER: ZXM6dGM6b3BlbmRvY3VtZW50OnhtbG5zOm9mZmljZToxLjAiIHhtbG5zOnhsaW5rPSJodHRwOi8v

Debug level 1: CLIENT -> SERVER: d3d3LnczLm9yZy8xOTk5L3hsaW5rIiB4bWxuczpkYz0iaHR0cDovL3B1cmwub3JnL2RjL2VsZW1l

Debug level 1: CLIENT -> SERVER: bnRzLzEuMS8iIHhtbG5zOm1ldGE9InVybjpvYXNpczpuYW1lczp0YzpvcGVuZG9jdW1lbnQ6eG1s

Debug level 1: CLIENT -> SERVER: bnM6bWV0YToxLjAiIHhtbG5zOm9vbz0iaHR0cDovL29wZW5vZmZpY2Uub3JnLzIwMDQvb2ZmaWNl

Debug level 1: CLIENT -> SERVER: IiBvZmZpY2U6dmVyc2lvbj0iMS4yIj48b2ZmaWNlOm1ldGE+PG1ldGE6aW5pdGlhbC1jcmVhdG9y

Debug level 1: CLIENT -> SERVER: PmVsaXNldTwvbWV0YTppbml0aWFsLWNyZWF0b3I+PG1ldGE6ZWRpdGluZy1jeWNsZXM+MjwvbWV0

Debug level 1: CLIENT -> SERVER: YTplZGl0aW5nLWN5Y2xlcz48bWV0YTpjcmVhdGlvbi1kYXRlPjIwMjUtMDktMjlUMTI6MjU6MDA8

Debug level 1: CLIENT -> SERVER: L21ldGE6Y3JlYXRpb24tZGF0ZT48ZGM6ZGF0ZT4yMDI1LTEwLTAxVDA4OjE3OjM0Ljc1PC9kYzpk

Debug level 1: CLIENT -> SERVER: YXRlPjxtZXRhOmVkaXRpbmctZHVyYXRpb24+UFQwMEgwME0wMFM8L21ldGE6ZWRpdGluZy1kdXJh

Debug level 1: CLIENT -> SERVER: dGlvbj48bWV0YTpnZW5lcmF0b3I+QnJPZmZpY2Uub3JnLzMuMSRXaW4zMiBPcGVuT2ZmaWNlLm9y

Debug level 1: CLIENT -> SERVER: Z19wcm9qZWN0LzMxMG0xMSRCdWlsZC05Mzk5PC9tZXRhOmdlbmVyYXRvcj48bWV0YTpkb2N1bWVu

Debug level 1: CLIENT -> SERVER: dC1zdGF0aXN0aWMgbWV0YTp0YWJsZS1jb3VudD0iMCIgbWV0YTppbWFnZS1jb3VudD0iMCIgbWV0

Debug level 1: CLIENT -> SERVER: YTpvYmplY3QtY291bnQ9IjEiIG1ldGE6cGFnZS1jb3VudD0iMSIgbWV0YTpwYXJhZ3JhcGgtY291

Debug level 1: CLIENT -> SERVER: bnQ9IjEwIiBtZXRhOndvcmQtY291bnQ9IjYwIiBtZXRhOmNoYXJhY3Rlci1jb3VudD0iMzY4Ii8+

Debug level 1: CLIENT -> SERVER: PG1ldGE6dGVtcGxhdGUgeGxpbms6dHlwZT0ic2ltcGxlIiB4bGluazphY3R1YXRlPSJvblJlcXVl

Debug level 1: CLIENT -> SERVER: c3QiIHhsaW5rOnRpdGxlPSJOb3JtYWwiIHhsaW5rOmhyZWY9IiIvPjwvb2ZmaWNlOm1ldGE+PC9v

Debug level 1: CLIENT -> SERVER: ZmZpY2U6ZG9jdW1lbnQtbWV0YT5QSwMEFAAICAgAMVpBWwAAAAAAAAAAAAAAABgAAABUaHVtYm5h

Debug level 1: CLIENT -> SERVER: aWxzL3RodW1ibmFpbC5wbmftl2k0G4gWx/VoUaWLdtRYp6PLUMvYd5m2U7pJiilVIXZjCSoksVZL

Debug level 1: CLIENT -> SERVER: ZToILa1WQkYtaWpfiorGTi2xS0iQxpJUJUJIUvtzzrwzbznv0/v63qd7f+ee8z/3w73/e+6T20Bb

Debug level 1: CLIENT -> SERVER: WWlFaTExMdnr13522I/vxMQOiElJ7GcCdRO6mJiM6/WfL/2CxHJzAeFzpvIo3FvWDwmPCB+kbj4J

Debug level 1: CLIENT -> SERVER: rWQmp0Yk9ph/GWIWn9SwXzwIOyT5Pa+tEyJXOP3hA92qdntNFNX77FrCwTeDgatk8RW6oZ3EHx2h

Debug level 1: CLIENT -> SERVER: vGmxBIisQ6LyNdnw74w+Phz7TvK/BIvrVsD6Cucax9AZG6Xk1iaR38ArA4vUOai0axvo/DKvcfnH

Debug level 1: CLIENT -> SERVER: GRIwMT0yJD/49NGTqu0X2eAJBOZyfq12FrA7rbvGNRb6ftcUuNp5/CjHmf12oZ3kagozH7hbgm8v

Debug level 1: CLIENT -> SERVER: p2HSG2rV5aW56a5z973d6JbF1nBmhzfHfkL+y1HCmZu5t89mBQDvLTHavJ17k9R4L4Rpi8j3VkyB

Debug level 1: CLIENT -> SERVER: J07E867iXRAcL2qiL/C9QCC2VlXf7NXuTClC0rHQSVNZUfbKtpNPuhyYEw9wZXTHiX7pwTd6l2Jn

Debug level 1: CLIENT -> SERVER: vvQqLB2DXN64YOFCU4nTYmsuJPoME10NfaXk8M8ez+khv0GHE2k7ckJsYgc1bMAxxNPcJdbUBoTi

Debug level 1: CLIENT -> SERVER: cDM2M9GRhyMHrD8idwIpuOCv0VUpue0gbaXeKZBwKg2eElc1H9Mo8WIr1PsHWLMaGefFgG2NqD0S

Debug level 1: CLIENT -> SERVER: Se2owJ/RVBpJuoPEFZty4aFJcDyLPweuflAHjsB2DT8+VsO+Qh2PK/qF4GgtyKauBoiC3zVh6qG9

Debug level 1: CLIENT -> SERVER: KAbhtyVn1FIgpnFmMzp1AxvH7Z1CjS/d9l/2JsyxSA12r+7z8Y6bVDyUHb5ME+1WLqrGJh7j59JU

Debug level 1: CLIENT -> SERVER: Ihj9exSTBdKeVexxwoF45UIJswzF+Z8CM8QJl47+O8D7R5T60TNe6MGwILmXN+pmlm7V55wQjZfD

Debug level 1: CLIENT -> SERVER: q0kpr6LmDOdLcc9c6nuGlKguEYxebAl70CVasEGfDE8MNVh9wddwDGuyo55hmS5klZgF8TAucB3/

Debug level 1: CLIENT -> SERVER: o42+uOdCduPCV4qfPLoktZU2GDEzRMFGKZT3xS5PoCa6g35laxhpvssna27nC7WpdVB2iejzgZpD

Debug level 1: CLIENT -> SERVER: iN1CndPdqBS9KW64ScwNDbxRUEgP0lV/Fs28IMdoWJFIioYs21rgbxGN53SaGupdIgQNQk2YDo7B

Debug level 1: CLIENT -> SERVER: xzjhqJtOhZpcwZWnRr4HWPz24325xROo7JgQSLDIQXfBWKWLaV50pct4QYtIgIL6Wyxyw7ccRzwh

Debug level 1: CLIENT -> SERVER: 6aEbTWY1lT0KyjfOe/8Q+8Qt9XKnVvcIjf/Z9jQahoV0L+mNlbaNimhUtvfz1PZYKJULnlH3N5P9

Debug level 1: CLIENT -> SERVER: WpWE5rwsovosdCB6odWCnNL36zGYx/5GsHJCPXkI48jffD+AFVL8Bjrrx8bdBBumaTMVNQvg0dfv

Debug level 1: CLIENT -> SERVER: 4+wLFywHMbesqNjRyJ18HJ1W3+kQs1ms1rcWskh5yzBrr6zLDx0gBocu5tyklqmSGKR7FDKdDm8c

Debug level 1: CLIENT -> SERVER: P6BqMPo7b8zAp52Q8NfecpRGLJ63vjNaz2q7ZVY4PyJ1RxSGGFlZneBlbv4Kb5Z4mL5fkqyY8Qbz

Debug level 1: CLIENT -> SERVER: psj2kgk43+YMd7ZxosdaSvkS6c7hT3uPeP8QOy/gwjEODmRBipt7Hmcbm3lfaA6IVYUfWSxCIVHI

Debug level 1: CLIENT -> SERVER: 7ek8dPyJaGV8VT+sHuT6U65bgdqiCzUU/l5c4/TKRabFPzsKB2CzWlb1cA3ZYNo1RK+0i1fE6MVC

Debug level 1: CLIENT -> SERVER: KuTZsF2WaZdhl06a5Jkc/vVJo3yCjAw4XdYQ4yz+svtcXQ/oEgjiv4FIdHN35ywie8UvMxS67zpL

Debug level 1: CLIENT -> SERVER: hRVmxd6DH1sscl5EGAAr0YeCu86VP8OBAelpMSESxiQj9Cp3NXrl1ad/7UJxZA3vO1Cl+LpGz/bi

Debug level 1: CLIENT -> SERVER: 9wFBFlwqZjToeUA1i1BD0y+YHolw9YPsBsB3S3DpRlMhzCGN5GtvQNg4AGH6JZ6Tg2/h++aV60Mp

Debug level 1: CLIENT -> SERVER: fk/7Bev3nIpbquW6aqoT/Fy7VJoAwEXlvUqtiFzNPvV1f09RQDdL6wN5zPN+deeKPcnlbE2ue5CF

Debug level 1: CLIENT -> SERVER: HaUJ6tYViTLVvlufo3lRt/IwLhG1AVTx3VZKH8jywv2Geqr4yfnvHRMfr88mMTW0A/J69gKpzJf+

Debug level 1: CLIENT -> SERVER: TAh5FmfAs+4y9IE2076R8ZrXBxWqnpT2tnbC3o4jKl6y2HoQ7b61l1Cz9uAsPCXeFHAL/oH+aS12

Debug level 1: CLIENT -> SERVER: S2NVp5gyfkdMayABsi/Qa+hDjx//Rga7sWUkCP1t8nG352HdYpnO4S+Hrlk1Qzh8f5c7rQAWZ1vt

Debug level 1: CLIENT -> SERVER: yQ4pvmF5iDrhuh0hjbuB+QyOnxHRc9LJbyF29K34RSq8MzEr764IBdoazcwF7SZunwFYx+LjEV4N

Debug level 1: CLIENT -> SERVER: T5FzFQf/MhtkttYHbJazJA3ue2LA92mv4pdNBU8rpOHMhZu8aJlH9eL+iV16WvK2GYNH3IpXk6Vk

Debug level 1: CLIENT -> SERVER: 9wx4mUUmti05D2vOlenEGoPyDqszLyAbeGMdgUz/KNN9U5P/U3pCrxBhZCGIaqw8VRt0JZrrAabK

Debug level 1: CLIENT -> SERVER: NKmMIjiWn+r8arXFQ8oOH6A1fXwD7a1f40wXL32CtRRNpbKg3Jbpiawz5EWELNRagM+6z8YEtyk8

Debug level 1: CLIENT -> SERVER: ww5GEu0iK8Okp74qovu3vF5nQsiSn1nVpKDqk453YT20mLXoQpIyzMbDwNRs8EoDuAa+26rj3jx2

Debug level 1: CLIENT -> SERVER: FCOphW/tewfwVnIi814wlBG/1sUlybSpsEcsko9YJi+Fp10PgJtvnS+kynRZvbBf0Ltq4FstGNUs

Debug level 1: CLIENT -> SERVER: IPMT6K49rDXf/GHL70zcVyxx7mf9996tcYrKNppP6ddWQi3CTKQy0FAhn52iMqf2Wi0nuC2sXNdJ

Debug level 1: CLIENT -> SERVER: 3lD2geWaB5Potu+Hrnl7ujxiEmlXtVcIezPSKzbbt+Mz6PbZloBD65WeBpKp6kd/EmooK0ZtzHnZ

Debug level 1: CLIENT -> SERVER: Qja54YhwCuRbD2x5bl9iliMRSFDJBvTn7bq14T0HM6oPUz3vQFjGwWyTVMm0Iw2bbGsV7vBjdFMf

Debug level 1: CLIENT -> SERVER: X2GnJGPG78dybd+l+PoZ32mwSbyXsTi04DbjJUg3hMd2iKQriSP6kpcrGgteiUIjdTCzMqVmXqMu

Debug level 1: CLIENT -> SERVER: uaxB8tZAfu65nEzAZNDczckqAoPCdaKqk+dzNsfVWISDSzIvI9FtxuKVWHWR0ZgsF5lHZ5a+H6pg

Debug level 1: CLIENT -> SERVER: qcderKnkNQrqJFG8MUCnSGJ996MHQ03p+DbMc2DQ5LPCn4MmTImfSpb79jPrjQ1t1EZz5JQXk1Ic

Debug level 1: CLIENT -> SERVER: lIch2z9ULPton17NOAY75YOWGPv2Fcv8fuRDIdqa6uakepeHUdd3q39yr0P/HKDoier8tWRIGbpl

Debug level 1: CLIENT -> SERVER: j/UAICTar1MXIZA2la+T2atRO/NgEhE9b7FMVBn9EZC9TEonTQ2bDP/uiY6e3+kLPHjOK1wWsSmM

Debug level 1: CLIENT -> SERVER: UeVlA92cTlcK0aS6JQHpnGJG961i4l6MsilGKQrXLmcUfXxQ5MOeYDWaXwZ20dgjbRfhygUKy1M4

Debug level 1: CLIENT -> SERVER: NlvQY+5wokCZPB3nfvWPF/2lBaqUUpuh51csTURCDKwWsb4WQNlyLwNmLO8u9QR9MI4eyqtIe9YS

Debug level 1: CLIENT -> SERVER: 04r4z9f9//A/Ceg9sdkO+8BA54q9/W9D7PpV4M/llz0e/Q1QSwcI7gfQU1AKAACUDAAAUEsDBBQA

Debug level 1: CLIENT -> SERVER: CAgIADFaQVsAAAAAAAAAAAAAAAAMAAAAc2V0dGluZ3MueG1stVlbU+JKEH4/v8LKO3LRXZVStgCX

Debug level 1: CLIENT -> SERVER: PawoFOBaZ9+GpIEcJtOpmYnAvz89E7BcCB4kmSc0l773119Pbr+tIn72ClKFKO686nnFOwPhYxCK

Debug level 1: CLIENT -> SERVER: 2Z33PO6Urr1vjb9ucToNfagH6CcRCF1SoDU9os7odaHq6e07L5GijkyFqi5YBKqu/TrGILav1d8/

Debug level 1: CLIENT -> SERVER: XbfK0isrHorFnTfXOq6Xy8vl8nx5cY5yVq7e3NyU7d3toz6KaTg7VlX69HtViPimyLyQGmOV1SqV

Debug level 1: CLIENT -> SERVER: y3L6v3e2MfJdaGpeYxuHrfuN242C9KcUaohMbM42l41pdx6prL+GsHyLmpf13p/v/KLnmxLYGGNv

Debug level 1: CLIENT -> SERVER: e0evY7oTCu01qrWrym15X8jxgnsw1VmSc4p9CQM9z5J7UftyVcsn+28IZ/NMo2vV6tfr04SP5rgc

Debug level 1: CLIENT -> SERVER: QkAlBu05EzNQOwomiByY8BpaJnCajq5oSVwqeMQADkmfMq6OFl+KWFwKRQArCPZjlV1f9h3qDLk+

Debug level 1: CLIENT -> SERVER: LuLdYMdUpSUVr9cwpZwjk4cK7/rq+uvpUg/0yZfK9cmmqnDCofA2sVIddLWVOzzUIKb78oluodYY

Debug level 1: CLIENT -> SERVER: ZTZf7fLi6jTZvxGjMUnarbQ5ynxQ1GNrTHQbeRKJ3YYuSnoLcVFYR+/HpcN8jTLb9mrlROu7agQc

Debug level 1: CLIENT -> SERVER: fA1BR9KFE0zPuPgeWQ7d3oBV9gM0F4+fpOmFRDJNc/kzI7UZBAMm2ZhRNY9i5hswKz51AwJJPQTD

Debug level 1: CLIENT -> SERVER: G2AXQYuQ30+0mVU90sD/CYEH6imJJiDdeNMj5vUcB0xnza5tMeYI1Pco1usBczN1ZwIldEKpNLkB

Debug level 1: CLIENT -> SERVER: XapAobvCZbiIQUhqW5BtjGIJylDHwvHNBm5EDnD4iZODgcvhRprxjiRwhijm9Hfx2bFeDFgM0ugZ

Debug level 1: CLIENT -> SERVER: gU52R2IRnlDPW6DrT6eEFC5iZf0wLMFRFW+46UCiJtymenqA9a4WpuDrZSsUTK698pEmWxh0YO/G

Debug level 1: CLIENT -> SERVER: 0A7KXbJQVIPpZqIxLVFHZdlGGmbInUSHxIPMLPdPZjGFN0qjaoqgxZlYKAq6Qbo2437C7Xx0VfBN

Debug level 1: CLIENT -> SERVER: IVBbDYfnwonw1kMWDIEFKPheoReDCIYFbAjAGG0ftIG7yDbp+r6idAvGe+TRBzMnh4445utnBfKe

Debug level 1: CLIENT -> SERVER: aVa8+I6hGC4bbsRe4Vd6yNIXbY7KBZ82Sn5wnDB+vzkfMsTGxTjoqgfKd1OFTAwS4evEVRs2eTgT

Debug level 1: CLIENT -> SERVER: VLwjjfEAVfiRmtOz0+Zh3FRvtKYpfOptCF4kPSo7fG2Hq4s4thMpKU2mqA0wmt8RJtLfw5r0UOII

Debug level 1: CLIENT -> SERVER: vKRYNe2gTokgYaXBgZlk8Vx1RS9Uu4tzEW7c4xPqNot1IuFesmV/8q/qC0MVHCizUDbE5QOACy61

Debug level 1: CLIENT -> SERVER: mV1P+3vj8UmwMjpslUsIjWcVBiDHsNIvlL++oLBSD7hgwgr6PNh4/ghkou+MRNrDG1e7kOqxCbyh

Debug level 1: CLIENT -> SERVER: n5tIGc4HloG4W68zlvimHmlihcUH7c2lbaHFbnyyIDEEWlCMa02tpWFytKd20Emq0tVLooqJqLuS

Debug level 1: CLIENT -> SERVER: /8MA6wfdkoPxcI5Lq4PW3zYTPnAHg+/P+UP7fMREkLHL5zkNton/mSgdTtembdRLqOePTCSMtySw

Debug level 1: CLIENT -> SERVER: hZsZoYZgloNXGGM6Cl2iASEzFdmWoDg8cgNpnDFfAA27swe0B75fzAlnSxIU8sTYlGcwuDxL2hyQ

Debug level 1: CLIENT -> SERVER: zKDF/MVMYiIOHicWXeb5xrvhOfZI1s32TKuuvzDI6GTeixXVrQ+/QSKtbv+ztX3ymNwec5f3PiGX

Debug level 1: CLIENT -> SERVER: D31cb/wHUEsHCFd5VusBBQAAnh8AAFBLAwQUAAgICAAxWkFbAAAAAAAAAAAAAAAAFQAAAE1FVEEt

Debug level 1: CLIENT -> SERVER: SU5GL21hbmlmZXN0LnhtbLWWz27CMAzG7zxFlTvN4DRVFKRN2nXSxB7ApG7JlCZR7CB4+7VM/BlD

Debug level 1: CLIENT -> SERVER: E6DmlkTJ7/vsNHZni21rsg0G0s6WYpI/iQytcpW2TSk+l2/jZ7GYj2YtWF0jcXEYZN05S8dpKWKw

Debug level 1: CLIENT -> SERVER: hQPSVFhokQpWhfNoK6dii5aL3/uLXmk+yk7gWhscdxvDLjuJYaVhzDuPpQDvjVbAnU+5sVW+18rP

Debug level 1: CLIENT -> SERVER: JXLGLYvT6bOopmfLdTRm7IHXpZBC3uXhOuXV2Vo3Mey90VQSA0daQUiDB6XQYDd1QaoYQh95l9zk

Debug level 1: CLIENT -> SERVER: WkkEauOAMRHcOx9992XERPjgmoCU7qZ768ng7JxJBtctNEjyRXMLnpJq3Mm+LCMUbf968qhzdS5w

Debug level 1: CLIENT -> SERVER: m4dBAntffaHiD/QGFPaFjOTPUjZJxb+T2xdW2deYq/wub/xYEfqfS7wzSINjD7mVqXwfBVIHQMjc

Debug level 1: CLIENT -> SERVER: 9elHFG7opuQDQkVrxPua6tHeoEG3yDBYm1uuY7uyoA1JPgxzb5uh4cM+h4vbnsk/P2Xzb1BLBwjn

Debug level 1: CLIENT -> SERVER: ESsbegEAAM8JAABQSwECFAAUAAAIAAAxWkFbXsYyDCcAAAAnAAAACAAAAAAAAAAAAAAAAAAAAAAA

Debug level 1: CLIENT -> SERVER: bWltZXR5cGVQSwECFAAUAAAIAAAxWkFbAAAAAAAAAAAAAAAAGgAAAAAAAAAAAAAAAABNAAAAQ29u

Debug level 1: CLIENT -> SERVER: ZmlndXJhdGlvbnMyL3N0YXR1c2Jhci9QSwECFAAUAAgICAAxWkFbAAAAAAIAAAAAAAAAJwAAAAAA

Debug level 1: CLIENT -> SERVER: AAAAAAAAAACFAAAAQ29uZmlndXJhdGlvbnMyL2FjY2VsZXJhdG9yL2N1cnJlbnQueG1sUEsBAhQA

Debug level 1: CLIENT -> SERVER: FAAACAAAMVpBWwAAAAAAAAAAAAAAABgAAAAAAAAAAAAAAAAA3AAAAENvbmZpZ3VyYXRpb25zMi9m

Debug level 1: CLIENT -> SERVER: bG9hdGVyL1BLAQIUABQAAAgAADFaQVsAAAAAAAAAAAAAAAAaAAAAAAAAAAAAAAAAABIBAABDb25m

Debug level 1: CLIENT -> SERVER: aWd1cmF0aW9uczIvcG9wdXBtZW51L1BLAQIUABQAAAgAADFaQVsAAAAAAAAAAAAAAAAcAAAAAAAA

Debug level 1: CLIENT -> SERVER: AAAAAAAAAEoBAABDb25maWd1cmF0aW9uczIvcHJvZ3Jlc3NiYXIvUEsBAhQAFAAACAAAMVpBWwAA

Debug level 1: CLIENT -> SERVER: AAAAAAAAAAAAABgAAAAAAAAAAAAAAAAAhAEAAENvbmZpZ3VyYXRpb25zMi9tZW51YmFyL1BLAQIU

Debug level 1: CLIENT -> SERVER: ABQAAAgAADFaQVsAAAAAAAAAAAAAAAAYAAAAAAAAAAAAAAAAALoBAABDb25maWd1cmF0aW9uczIv

Debug level 1: CLIENT -> SERVER: dG9vbGJhci9QSwECFAAUAAAIAAAxWkFbAAAAAAAAAAAAAAAAHwAAAAAAAAAAAAAAAADwAQAAQ29u

Debug level 1: CLIENT -> SERVER: ZmlndXJhdGlvbnMyL2ltYWdlcy9CaXRtYXBzL1BLAQIUABQACAgIADFaQVvSNN/JkQEAAPADAAAb

Debug level 1: CLIENT -> SERVER: AAAAAAAAAAAAAAAAAC0CAABPYmplY3RSZXBsYWNlbWVudHMvT2JqZWN0IDFQSwECFAAUAAgICAAx

Debug level 1: CLIENT -> SERVER: WkFbiOSB5QMFAAD1EgAACwAAAAAAAAAAAAAAAAAHBAAAY29udGVudC54bWxQSwECFAAUAAgICAAx

Debug level 1: CLIENT -> SERVER: WkFbnXDNV4ULAAD2VQAACgAAAAAAAAAAAAAAAABDCQAAc3R5bGVzLnhtbFBLAQIUABQACAgIADFa

Debug level 1: CLIENT -> SERVER: QVtA+RXElwUAACMaAAAUAAAAAAAAAAAAAAAAAAAVAABPYmplY3QgMS9jb250ZW50LnhtbFBLAQIU

Debug level 1: CLIENT -> SERVER: ABQACAgIADFaQVvpdoziBQoAACxTAAATAAAAAAAAAAAAAAAAANkaAABPYmplY3QgMS9zdHlsZXMu

Debug level 1: CLIENT -> SERVER: eG1sUEsBAhQAFAAICAgAMVpBW6u1qODfAgAAgw4AABUAAAAAAAAAAAAAAAAAHyUAAE9iamVjdCAx

Debug level 1: CLIENT -> SERVER: L3NldHRpbmdzLnhtbFBLAQIUABQAAAgAADFaQVupNY5+/AMAAPwDAAAIAAAAAAAAAAAAAAAAAEEo

Debug level 1: CLIENT -> SERVER: AABtZXRhLnhtbFBLAQIUABQACAgIADFaQVvuB9BTUAoAAJQMAAAYAAAAAAAAAAAAAAAAAGMsAABU

Debug level 1: CLIENT -> SERVER: aHVtYm5haWxzL3RodW1ibmFpbC5wbmdQSwECFAAUAAgICAAxWkFbV3lW6wEFAACeHwAADAAAAAAA

Debug level 1: CLIENT -> SERVER: AAAAAAAAAAD5NgAAc2V0dGluZ3MueG1sUEsBAhQAFAAICAgAMVpBW+cRKxt6AQAAzwkAABUAAAAA

Debug level 1: CLIENT -> SERVER: AAAAAAAAAAAANDwAAE1FVEEtSU5GL21hbmlmZXN0LnhtbFBLBQYAAAAAEwATAP0EAADxPQAAAAA=

Debug level 1: CLIENT -> SERVER: 

Debug level 1: CLIENT -> SERVER: --b1=_Y2Bdd3vErg5yyL3vPq4yh6dBDOirthIX3ZRfpPF4--

Debug level 1: CLIENT -> SERVER: 

Debug level 1: CLIENT -> SERVER: .

Debug level 2: SERVER -> CLIENT: 250 2.0.0 Ok: queued as 91960200180E

Debug level 1: CLIENT -> SERVER: QUIT

Debug level 2: SERVER -> CLIENT: 221 2.0.0 Bye

