Debug level 2: SERVER -> CLIENT: 220 smtp-sp217-154.kinghost.net ESMTP

Debug level 1: CLIENT -> SERVER: EHLO localhost

Debug level 2: SERVER -> CLIENT: 250-smtp-sp217-154.kinghost.net
250-PIPELINING
250-SIZE 62914560
250-VRFY
250-ETRN
250-STARTTLS
250-AUTH PLAIN LOGIN
250-AUTH=PLAIN LOGIN
250-ENHANCEDSTATUSCODES
250-8BITMIME
250-DSN
250 CHUNKING

Debug level 1: CLIENT -> SERVER: AUTH LOGIN

Debug level 2: SERVER -> CLIENT: 334 VXNlcm5hbWU6

Debug level 1: CLIENT -> SERVER: [credentials hidden]
Debug level 2: SERVER -> CLIENT: 334 UGFzc3dvcmQ6

Debug level 1: CLIENT -> SERVER: [credentials hidden]
Debug level 2: SERVER -> CLIENT: 235 2.7.0 Authentication successful

Debug level 1: CLIENT -> SERVER: MAIL FROM:<ourodosul@ourodosul.com.br>

Debug level 2: SERVER -> CLIENT: 250 2.1.0 Ok

Debug level 1: CLIENT -> SERVER: RCPT TO:<gotzfabiano2001@gmail.com>

Debug level 2: SERVER -> CLIENT: 250 2.1.5 Ok

Debug level 1: CLIENT -> SERVER: DATA

Debug level 2: SERVER -> CLIENT: 354 End data with <CR><LF>.<CR><LF>

Debug level 1: CLIENT -> SERVER: Date: Wed, 1 Oct 2025 13:06:06 +0200

Debug level 1: CLIENT -> SERVER: To: gotzfabiano2001@gmail.com

Debug level 1: CLIENT -> SERVER: From: ourodosul@ourodosul.com.br

Debug level 1: CLIENT -> SERVER: Subject: =?iso-8859-1?Q?Atualiza=C3=A7=C3=A3o_de_Cadastro?=

Debug level 1: CLIENT -> SERVER: Message-ID: <PWwjHF7akLRxAwAYTEX1fReD1ORE4TpesPazerfdjbg@localhost>

Debug level 1: CLIENT -> SERVER: X-Mailer: PHPMailer 6.10.0 (https://github.com/PHPMailer/PHPMailer)

Debug level 1: CLIENT -> SERVER: MIME-Version: 1.0

Debug level 1: CLIENT -> SERVER: Content-Type: multipart/mixed;

Debug level 1: CLIENT -> SERVER:  boundary="b1=_PWwjHF7akLRxAwAYTEX1fReD1ORE4TpesPazerfdjbg"

Debug level 1: CLIENT -> SERVER: Content-Transfer-Encoding: 8bit

Debug level 1: CLIENT -> SERVER: 

Debug level 1: CLIENT -> SERVER: --b1=_PWwjHF7akLRxAwAYTEX1fReD1ORE4TpesPazerfdjbg

Debug level 1: CLIENT -> SERVER: Content-Type: multipart/alternative;

Debug level 1: CLIENT -> SERVER:  boundary="b2=_PWwjHF7akLRxAwAYTEX1fReD1ORE4TpesPazerfdjbg"

Debug level 1: CLIENT -> SERVER: 

Debug level 1: CLIENT -> SERVER: --b2=_PWwjHF7akLRxAwAYTEX1fReD1ORE4TpesPazerfdjbg

Debug level 1: CLIENT -> SERVER: Content-Type: text/plain; charset=iso-8859-1

Debug level 1: CLIENT -> SERVER: Content-Transfer-Encoding: 8bit

Debug level 1: CLIENT -> SERVER: 

Debug level 1: CLIENT -> SERVER: (Sem conteúdo)

Debug level 1: CLIENT -> SERVER: 

Debug level 1: CLIENT -> SERVER: --b2=_PWwjHF7akLRxAwAYTEX1fReD1ORE4TpesPazerfdjbg

Debug level 1: CLIENT -> SERVER: Content-Type: text/html; charset=iso-8859-1

Debug level 1: CLIENT -> SERVER: Content-Transfer-Encoding: 8bit

Debug level 1: CLIENT -> SERVER: 

Debug level 1: CLIENT -> SERVER: <p>(Sem conteúdo)</p>

Debug level 1: CLIENT -> SERVER: 

Debug level 1: CLIENT -> SERVER: 

Debug level 1: CLIENT -> SERVER: --b2=_PWwjHF7akLRxAwAYTEX1fReD1ORE4TpesPazerfdjbg--

Debug level 1: CLIENT -> SERVER: 

Debug level 1: CLIENT -> SERVER: --b1=_PWwjHF7akLRxAwAYTEX1fReD1ORE4TpesPazerfdjbg

Debug level 1: CLIENT -> SERVER: Content-Type: application/octet-stream; name="4709  .0 RENATO GOTZ.odt"

Debug level 1: CLIENT -> SERVER: Content-Transfer-Encoding: base64

Debug level 1: CLIENT -> SERVER: Content-Disposition: attachment; filename="4709  .0 RENATO GOTZ.odt"

Debug level 1: CLIENT -> SERVER: 

Debug level 1: CLIENT -> SERVER: UEsDBBQAAAgAALlYQVtexjIMJwAAACcAAAAIAAAAbWltZXR5cGVhcHBsaWNhdGlvbi92bmQub2Fz

Debug level 1: CLIENT -> SERVER: aXMub3BlbmRvY3VtZW50LnRleHRQSwMEFAAACAAAuVhBWwAAAAAAAAAAAAAAABoAAABDb25maWd1

Debug level 1: CLIENT -> SERVER: cmF0aW9uczIvc3RhdHVzYmFyL1BLAwQUAAgICAC5WEFbAAAAAAAAAAAAAAAAJwAAAENvbmZpZ3Vy

Debug level 1: CLIENT -> SERVER: YXRpb25zMi9hY2NlbGVyYXRvci9jdXJyZW50LnhtbAMAUEsHCAAAAAACAAAAAAAAAFBLAwQUAAAI

Debug level 1: CLIENT -> SERVER: AAC5WEFbAAAAAAAAAAAAAAAAGAAAAENvbmZpZ3VyYXRpb25zMi9mbG9hdGVyL1BLAwQUAAAIAAC5

Debug level 1: CLIENT -> SERVER: WEFbAAAAAAAAAAAAAAAAGgAAAENvbmZpZ3VyYXRpb25zMi9wb3B1cG1lbnUvUEsDBBQAAAgAALlY

Debug level 1: CLIENT -> SERVER: QVsAAAAAAAAAAAAAAAAcAAAAQ29uZmlndXJhdGlvbnMyL3Byb2dyZXNzYmFyL1BLAwQUAAAIAAC5

Debug level 1: CLIENT -> SERVER: WEFbAAAAAAAAAAAAAAAAGAAAAENvbmZpZ3VyYXRpb25zMi9tZW51YmFyL1BLAwQUAAAIAAC5WEFb

Debug level 1: CLIENT -> SERVER: AAAAAAAAAAAAAAAAGAAAAENvbmZpZ3VyYXRpb25zMi90b29sYmFyL1BLAwQUAAAIAAC5WEFbAAAA

Debug level 1: CLIENT -> SERVER: AAAAAAAAAAAAHwAAAENvbmZpZ3VyYXRpb25zMi9pbWFnZXMvQml0bWFwcy9QSwMEFAAICAgAuVhB

Debug level 1: CLIENT -> SERVER: WwAAAAAAAAAAAAAAABsAAABPYmplY3RSZXBsYWNlbWVudHMvT2JqZWN0IDHFUz1Lw1AUPS9VGy0F

Debug level 1: CLIENT -> SERVER: d5f6UVxU6geWCA6lxC7agATBbnWRioPWugrW+FkzOER/hrO7/0BnNycXR3HweZK8tCGDi4iB++47

Debug level 1: CLIENT -> SERVER: 971zzs17yUZ5dc1eEZhF+AiMIP6IZMzlgQ/OJgluWdKYB9FRMykvORvtCmUDkU1XyqQQPKY+5RLR

Debug level 1: CLIENT -> SERVER: c2gruhbQtaBqNGnXUjRk834d1wo6zP1Rt6cKSCkhtgmGldsSJd4mAL2VYPScj9X2908p3T3gfhp4

Debug level 1: CLIENT -> SERVER: OuwZXTEbzCnMc0yjXN9tbDUboYwjoFQjZZnqnqGaXigrgfNemxJnsXO4iS2IuzjYJ7VA8EKjowOQ

Debug level 1: CLIENT -> SERVER: sVAsGH72uQ+MJlemqP+qBasocr/xZ13/3OkYweNA2KmGmUJ0kzuMcRHU2J2/s87K4lC4M4N1s1qy

Debug level 1: CLIENT -> SERVER: rVzFsms+zHDxmeGS4pHvsKVlvq9JM49xQotOmlgHvvRAACaqKMGGxSutcLRR+83n9T/U+L8R1b4B

Debug level 1: CLIENT -> SERVER: UEsHCB51m3pjAQAAqgMAAFBLAwQUAAgICAC5WEFbAAAAAAAAAAAAAAAACwAAAGNvbnRlbnQueG1s

Debug level 1: CLIENT -> SERVER: vVhRbuM2EP3vKVgXKNoPmXGyATZq7KDdTYoCziaos2h/GWpssRVFLUnFcb56h56gX4seoCfITXqS

Debug level 1: CLIENT -> SERVER: DimJkWsrK9dBfxxp+B7ncWZIjnJ6di8zcgfaCJWPB6PhwYBAzlUi8sV48P7mIno9OJt8dqrmc8Eh

Debug level 1: CLIENT -> SERVER: ThQvJeQ24iq3+JcgOzdxNToelDqPFTPCxDmTYGLLY1VA3rDiNjr2viqLsausN92D22wL97Yv2WHX

Debug level 1: CLIENT -> SERVER: uOy2v2cPbrMTzZZ9yQ6LQW3T56ov+d5k0Vxh1GXBrPiXivtM5L+OB6m1RUzpcrkcLo+GSi/o6OTk

Debug level 1: CLIENT -> SERVER: hPrRIJgHXFHqzKMSTiED58zQ0XBEG6wEy/rqc9i2pLyUt6B7h4ZZtpFVc7foXRF3i47Q8JTp3rXh

Debug level 1: CLIENT -> SERVER: wevpPUr6p/coaXMls2lHTl7TSxz0P5fTp1rQsq8vh10LFdei6L3MCt3mK6WCVEeoNqiXe3hw8IpW

Debug level 1: CLIENT -> SERVER: 7y308ln4UgsLugXnz8I5y3iIuJLbgoa4EUVEBHeuTEPhu0CYDsIhrYYD2CSdU/98OZ3xFCR7AotP

Debug level 1: CLIENT -> SERVER: gyORG8vyp8hol4TOlR5TDYXSNgRm3v/AxGwdBi/JnAU3iDRDP0PkiN5XewbqdiZ1lC9CpQnImrIO

Debug level 1: CLIENT -> SERVER: Imv/cF+AFo7IMpe5SBpcJWZTFXGLXRVPzWxdHoeDSXNTVFVmaDDM8caI5oxDlADPzOS02vHBTKp3

Debug level 1: CLIENT -> SERVER: p2M8uGGpctnAnd0gpMhWYYA+T3/DMnGrxRb+00ib7saiBeS4dqxVjR7yNUQhLMfdfMe0cFdAT/dk

Debug level 1: CLIENT -> SERVER: Khap3SLiS1Yo880aqjL9j7JGL6bLLIUx++i62CLleY8rY0Hu43JacpEwMmO5Ie9zgf0OdMZjC7ZP

Debug level 1: CLIENT -> SERVER: VPbWeDkj3yubCt6pLCBeTA/t2qy1nZUWq9AKHvl5wi72v2vqr0fBV625YJotNCvSZgANrpX0L1HF

Debug level 1: CLIENT -> SERVER: muF5mjCdNBCJfQHoqGCLDUTjOkwbFXhKgbYCTHDgaHUr4qT7JbYUd8uf6w393onPRpf6q+l5kFWj

Debug level 1: CLIENT -> SERVER: N0WlSosH5Q7YCJM2HnDI/W25MaohWwuaayBjhc7cQ8RMARyvm9HmmmhnsuqBW5WswovriCenvi82

Debug level 1: CLIENT -> SERVER: 8KHE5j8kfdNIvCkRpsjYKlKlxeYSogyvZdSKV4IfroLxQ5aVxmr0r3Knca/JbpoC3W8WfNx7krdV

Debug level 1: CLIENT -> SERVER: H+/D3h21oqK0qwN3xOQ7JUki2Ofk2w+lII9/EjxYrkqtSKLIrMyG5BpPF6kMwe8rd68yTbBlIMyh

Debug level 1: CLIENT -> SERVER: z2p/RbeL1ubw1TLXaK4Kpw3zxe2tdd3e/gJWjeplYkeDVRjZVQHrmxYPoaVIXFt7Mjw+HHFZ2VJw

Debug level 1: CLIENT -> SERVER: FwWGaXh88MoZ/cwP2DckcO+iV4tR6IXjF6P7HolTDdj+DOlVZUTflb3yaoQsMmhsJnUNJ+A2ThoT

Debug level 1: CLIENT -> SERVER: 47ZkFpEqnyqWuGR4H0Lilt/q4kfA1PL6M+flvNKnOE/OsRt0uUMXGvOgCEiXR8usIi6OhCE9Ew+Y

Debug level 1: CLIENT -> SERVER: VAMl4SzB002rKukOORdaVoMGCyPBqc7ILkl/pyTEOzHeXF+Qv3/7fSfOW/xaIyj4HTPct4oq3oV+

Debug level 1: CLIENT -> SERVER: LpnIyFeFW7MB7WaaiyxVX6NyT8Ov7LC3es14g5+veGHB+gSferzB7PyUMmtYUZztxPyPMs9xP2h4

Debug level 1: CLIENT -> SERVER: /Kh2S1FzIpTuMABjINQURs7WS6/qq2DGnxjYKarHj49/4Z3jisiUeANJ0NyV1E6nyKxVpujbPv6B

Debug level 1: CLIENT -> SERVER: KZME01/XQB5qYLjDvPTlMHTtFqNrFxzt+KfV5B9QSwcIMxVOQAMFAAD1EgAAUEsDBBQACAgIALlY

Debug level 1: CLIENT -> SERVER: QVsAAAAAAAAAAAAAAAAKAAAAc3R5bGVzLnhtbN1czZLbuBG+5ylUciU3SiT1r3i8lTjrJFV2Jdmx

Debug level 1: CLIENT -> SERVER: z1sQCUmMKYIFgqPRvk4OOeUp/GJpAAQJkiBF/Vme2alyrdANoPH1D5oNkG9/et6FvSdMk4BED31n

Debug level 1: CLIENT -> SERVER: YPd7OPKIH0Sbh/6Xzx+sef+nd797S9brwMNLn3jpDkfMStghxEkPOkfJUhIf+imNlgQlQbKM0A4n

Debug level 1: CLIENT -> SERVER: S+YtSYwj1Wmpcy/FVLJFDNa1u2DWezP8zLp25rylvmjVfWbBrPf2Kdp37cx5AVO9+5p07fychNaa

Debug level 1: CLIENT -> SERVER: WB7ZxYgFFSmewyD6+tDfMhYvh8P9fj/YjwaEbobOYrEYCmousJfzxSkNBZfvDXGI+WTJ0Bk4Q8W7

Debug level 1: CLIENT -> SERVER: wwx1lY/z6iJF6W6FaWdoEEM1rSZPm84W8bRpgMbbItrZNgRzWb0jv7t6R77ed4fYtkEn8+EnIIp/

Debug level 1: CLIENT -> SERVER: Pn0sbIHuus7FeUtQeTSIOy9Tcuv9CSG5qLyDdFAhrmvb46H8rXHvW9n3NGCYauxeK7uHQi9HnOxM

Debug level 1: CLIENT -> SERVER: oAGfMwQOCz9xM1XclC+6ceTJkOKYUJYLsu4eoAAdN5/FX6N8GuBMBmIEi3cUc+kjDLknDHmXN/1e

Debug level 1: CLIENT -> SERVER: Fui04Or236lIuiYQRdfIw5aPvTB591Z6QN7ck7+5nA/9z2hLdqjfA0tXHLsgPOSEYXv39ygMVjQw

Debug level 1: CLIENT -> SERVER: 9C8oendOszY4wjQA3VGYISpxxAHzwLqfEA14SOw4fe9jsNkygxB/QDFJ/ljikk3fUSznanIl+yBJ

Debug level 1: CLIENT -> SERVER: LpHrg0GU9hkPCcO7S6b8mHqBj3qPKEp6X6IAtn/ciIeBtwsqF8v46bH3V8K2gdcoWc5xNXmGTc6a

Debug level 1: CLIENT -> SERVER: tcssSMnt4zVKwyw3UiNnEm4oirnsijf7bcUUwgdlAeRSPENYJlvkk70F4yeYWc8PfXsw8kBOA/FQ

Debug level 1: CLIENT -> SERVER: ITLYvizY7bGVxMiDXMPaEhr8BqKjkLO681bmJy6GV2eF4NZ11BqrYcwMlhDWsQ/Y1pLZ2xqFiWYB

Debug level 1: CLIENT -> SERVER: MaJIIKTjsyZLMfgWc0+EcGrPf6/G46NYKGWEzwzGEviYyAFQGG+RYhP9VxQjyJcSBobAFIVvWlzi

Debug level 1: CLIENT -> SERVER: HZjzQz+kFluVjCOIfMzjPM999SUq0ZXkkCOC/kmccOtpXkzOzuXW1ihb0wQDOBHXtZjcIyGBbIrR

Debug level 1: CLIENT -> SERVER: FNwSYBCNSfAbSOo4MRNtIYo2KdpAU9bgkTRiFIzkz7/ky8cMdmbrK6aREF0OqK2Sj2nB7oYiNXLW

Debug level 1: CLIENT -> SERVER: MRtc0XAeeLNZFOHLY308npqF+LlhxJyKaHXMnPT4p34BZ8nLurhejn//mHntEN0EkQXqA4Plxlq0

Debug level 1: CLIENT -> SERVER: rQhjPDnhduxmJIM1Quv2EG9xBLkoiawQ+T4ALhb00I8ImM4uYCcabZxGHkvlgHsgQzIC4IECj1u1

Debug level 1: CLIENT -> SERVER: skbLD8DjIz4JJCETp3DEst3HoJHCC88wTk33ldTjlmbLp1IWaN7KbmfiYu7cUj/cyPx1w8Iq5lSt

Debug level 1: CLIENT -> SERVER: jeIdAlPlzzHK5NwaU5wm2wrLBb4lHon14Bdi3WLkE/OKUO4F3MRgJwB7CVGccPu9dGKLkn1lcmip

Debug level 1: CLIENT -> SERVER: OPVXjGNw6Q1mW/5Iyv3t2MT6hNKMH8F7fET9fmNsUcoLUZKAeOA6R8MNoeDlUaK0tA/Ap+Sv5j3p

Debug level 1: CLIENT -> SERVER: AucsFn1ksZ8DFuKjK4WGvBBkmVGKuIw6w2do+NW1f10R/3AOYqUAPRi7o6Yg7Ywdc5C2ZZAWRiHy

Debug level 1: CLIENT -> SERVER: j0jkHyjco0NyDN16XMsfHsrhzZ2r8CZDV54sWPbAduZF+D0ptOkZsDmgyXnPik6ia3cTMSgS9pg4

Debug level 1: CLIENT -> SERVER: RAdN1T2dfIkhnW0jjZu4wzfxzsv9CNvnOetosfeQD9nR3AotFc/73QR/j2Ie9a+oA5CUohMdVaLd

Debug level 1: CLIENT -> SERVER: ooieqMvKqqFIr5N8jxMU4cSqqGg3u2klyXAzL5RtvAckWfDc0uJBso9OFJBkVENno35akgDz+Dk9

Debug level 1: CLIENT -> SERVER: m6Gzgv8OjyTPV1RvIMZrVe+VdHU1G/8bRvy0gvuZY45FGUfP+W6bmkorSMoEHiF+4rmPc/mmNx1N

Debug level 1: CLIENT -> SERVER: jm96p25vIu8WmcIbdz0ZL6bNmbyq4lU2PLtq1vquVCWesCvZp+xKmiW47Zbg3tsS3MstoXgQ/ZEs

Debug level 1: CLIENT -> SERVER: wZm2WEKNeMLT0/RMSxi1W8Lo3pYwejmWUNH0uE3TVeIJmh6fqelxu6bH99b0+HJNF+qsadqe3ULT

Debug level 1: CLIENT -> SERVER: zUnTSXnRB0Pfs3MeTeWTdpVP7q3yyctReYvuztHMtF0z03trZnq5Zgr4q5q5XCuTBf97OY44a1f3

Debug level 1: CLIENT -> SERVER: 7N7qnr0MdV/ZCeftWpnfWyvzi7VyM424M/73chxw0a7qxb1VvfjxVX0N53tMV+we5XNvi2J+6+oY

Debug level 1: CLIENT -> SERVER: ovLMMQw2YKseCIDzY6d/pwkL1geLn8zAjHtC/dq5/CkblvaMYCiEQzh1p5nqTinP1Z45LnG++mPH

Debug level 1: CLIENT -> SERVER: FX3zXylhl5nB1R4CC9LN1D+2+d81wuWFsPNSPfeRf1aRLsdFztar8dxSTSFeM3H8PiuricqjKVvX

Debug level 1: CLIENT -> SERVER: UCAummSNcnR+bmmViLlyulaKGY4SzLEpmWYZl4yr992sV8EyccdGXAyU45XQgnSWwZ+jB94nRj7f

Debug level 1: CLIENT -> SERVER: bLM1KY2q1oqiVXO2mtFkVCEUyylo2VG6nCAiEdZbswmqzSp95eeOvYSEgd/Tn/MzLu2p0sD4fWsH

Debug level 1: CLIENT -> SERVER: F4aAv8gMpBQF+I8PMLbZ6rMeRUDo6bz5nQOesgyb5/387X8sDYk4iOD/vN8Wlzoqh6OSs+f0dJ7S

Debug level 1: CLIENT -> SERVER: PK+8VK9h5XbDyr0DVj9GMVvDatQNq9FVsPoRy70aFuNuWIyvi8XZQe2Gj4EaKJNuoExu4UxnPTBp

Debug level 1: CLIENT -> SERVER: sk+7yT69SPYXUVjTQJl1A2V2FVCurNB5N9nnlxnjSyjUaKAsuoGyuAooV1bocbFPFvrE5OVqF+vu

Debug level 1: CLIENT -> SERVER: cm2OV4e6oFnwXTfWdazJ3HuTfw/u9e2/3/5zBKWc7SKQfpjKhfaA/vMu3vKXDNuf0atc98ttLlx5

Debug level 1: CLIENT -> SERVER: Sd9ydair6jP2HyTJu54J/ILXmOLIO1KnqbF1XbsQV7zrxmsYyQ6FoeWhOOk3AGMIFvZCL+DuszvW

Debug level 1: CLIENT -> SERVER: KxL6JUwkQYHWRM4xEwydEfvHx5+rK+/wqp24qIgib0uoxQ4xLpe2njbLZ1Xzgf8/lOo/8g0cWWOR

Debug level 1: CLIENT -> SERVER: LeolNysm/FyDxDUC5QcgteJZ8R6d7FkuT2nUSvcaNmI16rjFAJGk9CuM4lwmY5cXNyt3FKN0Z/FX

Debug level 1: CLIENT -> SERVER: zREoNQeTX1vOulbx1EkkCcTbJijyhclg9RIDWgFZ1OP469KmYSss2diicU3CkOyxb60O8gI1Q6u+

Debug level 1: CLIENT -> SERVER: Nnn+upOan5vpbOqaSquWTinVIhWhwNm4aKA24dkRafdVIe1AAjY1Iq1TKlVfSbg50qNXhnR+hlAF

Debug level 1: CLIENT -> SERVER: unq4UDp0uDnM41cGc3HyUMW5diZRPsa4OdKTV4b0bDZvQLqgVJCWhJsjPX1VSLsDe2TeDnVKCWlF

Debug level 1: CLIENT -> SERVER: uDnSs1eGtDs3b4c6pYK0JNwc6fkrQ3piDtMaoYLz5LsE6cUrg3m2aMK5oFSAloSbI+3Yrwrq0cAe

Debug level 1: CLIENT -> SERVER: m/dDnVKCWhEugbpM0vGPCMMJPKJH62CTUvEhgV5OsLIraGtCWKTdGtFV4WQrlt+deUJhivnLgbJR

Debug level 1: CLIENT -> SERVER: dUw0CMSXKPQ+8o1Cfi+Cj6e+t8XX211CHPlNAgZmAdXwHJFCAtM0je9Dyq/1iPfVF4uijmBCJxuk

Debug level 1: CLIENT -> SERVER: QIHrNqMFkUfFV/p48qd9mkiMVnyRiF9PgTEDz1IEOR3HE6z0ANotFQc+xTunb2CqVIsEZR/4/KN2

Debug level 1: CLIENT -> SERVER: rj1YLFTpRxDU6/XuYjBtWWM2CUDILEIDWAvKlE0ooyhgtUs+rsKsfsnHQMo8wXiNSPv2UMunfrK1

Debug level 1: CLIENT -> SERVER: b2jgq08nvPFs/mfiyJTtjme2Y6KvUFJgk3+uoM5H09Wh4DPzSGH1slNtBAg2/Mt8me3VmQTwLfSs

Debug level 1: CLIENT -> SERVER: wFjhUM5p7dBzScjia10ZQ4JjhbA0lMqRjPoGDQgKRiH4xfsttmPgQWtRbTSwIJ/f3JKeIP1DtlMI

Debug level 1: CLIENT -> SERVER: ZMpCJ/mHoZQWbfGfFh7Ntq4WtcWIX4oSP4b6SrXG+kCFV9bdMCPsUJKPkc+WNfKRysdFlQvBusya

Debug level 1: CLIENT -> SERVER: +2rRoDL80PzZ1nf/B1BLBwidcM1XhQsAAPZVAABQSwMEFAAICAgAuVhBWwAAAAAAAAAAAAAAABQA

Debug level 1: CLIENT -> SERVER: AABPYmplY3QgMS9jb250ZW50LnhtbOVZS2/jNhC+91cYXqA3Wn5ks7EbZxH0eUi6wG4WaHspaGkk

Debug level 1: CLIENT -> SERVER: s6FEgaT8OO5v6x/rUJQoyrG8chYbtGgOSkTOzPdxOJzhKNdvdykfbEAqJrLlcDIaDweQhSJiWbIc

Debug level 1: CLIENT -> SERVER: fnz4iVwN3958cy3imIWwiERYpJBpEopM4+8BamdqYWeXw0JmC0EVU4uMpqAWOlyIHLJaa+FLL0os

Debug level 1: CLIENT -> SERVER: O6L0nvdWL4V9bQ073VfZyLZ06ao/cinsa0eSbvsqG1l0qq8ei77KO8VJLNDraU41O2Cx4yx7XA7X

Debug level 1: CLIENT -> SERVER: WueLINhut6PtbCRkEkzm83lQzjrCoZPLC8lLqSgMgIMBU8FkNAlq2RQ07cvPyPqUsiJdgeztGqrp

Debug level 1: CLIENT -> SERVER: k13NJSgUweWawOxnyNdpxdcm6R1dm6TDzeGayt5xVgq3Q2UW9Q+VWeTrplSvO/b3KrjHyfJxf9fE

Debug level 1: CLIENT -> SERVER: lUz7YhnZlqtCyfLey7TSvr4QwlE1Cvawl3Sn4/FFYN896e1J8a1kGqQnHp4UDykPncdFesxpKDcJ

Debug level 1: CLIENT -> SERVER: UILAxoS8O0TGEapDYRrYaSesok7Tv93ffQjXkNJGmH1emLBMaZo1npFmEzpX+jqQkAupnWPi/skX

Debug level 1: CLIENT -> SERVER: d2vqUKKYOhiUVKPSAjGKJZZvITCnPDAqr1ykMeB1WDuSFT7scpDMKFJudo6kCleJuynyhaftBw8X

Debug level 1: CLIENT -> SERVER: TSqXias2sSiyyB7qY6YtqGfBmqzGvdo2Hd7UhcwGrgrcQIwFjcQ0BBJByNXNtU1Ibnhg3w3+cvg9

Debug level 1: CLIENT -> SERVER: 5Wwl2XCA2aIWSRnf+zO+upkjCWRIGuNXbZlSw+A0xK1klE+OIJQTPez7EjnTIWaQDUVdzGqfw75j

Debug level 1: CLIENT -> SERVER: mLxLfw8+0EwdIfEtzYX67kDODn5davXqn+GVvdKQfpFbipBFtFzq4GPG8JIE3a55KtvHPV/M8Z6F

Debug level 1: CLIENT -> SERVER: UigR68Hv9Bc4FqGWxoHci3B7oGth0uITSm7iS9GDrsNcjdNCI5BmISntuFNePltcQzFxYBXL8vaH

Debug level 1: CLIENT -> SERVER: dwNepNmw1vQHSY6pDaRmoAaxWKwk0EeyAqwcaNBA1xYr8S2LTF2fjN6M52Fa8vfonOI2fSlu49HV

Debug level 1: CLIENT -> SERVER: 1ZncZi/F7XI0n87O43bxUtymo+nlm3O4ya54k2J7QAxHfFZ2ygyugSVrbTbt4vUUwU8TLhRgmdcs

Debug level 1: CLIENT -> SERVER: pZz42jHlCs4h3hGMzyM+v3w2cS2LM3hretzh9WCKHQlIktMEiNX4AWJacH2wKG9Btj2MmMo53Vd8

Debug level 1: CLIENT -> SERVER: KmvmGovNH0mxDiyHXBK9OiNuoSsXAXc1L6fS9OXly0nCRukwqmn4mEhzyTJRL7BvexWXPy64Kx0N

Debug level 1: CLIENT -> SERVER: ITq6+gMihy1Z80mgvXDTbxO8EyUZUaKQ5iNBzHb1LF5igXqaNvYMpa2kebnL5uaWCWLea62ISYQv

Debug level 1: CLIENT -> SERVER: Z7iWzpawfR+hWWJa+vHTCUPDWMscPbVG6o9ECxKzBt9eIjfGQdhQkL8KpVm8b0ehm62sroTG2tKU

Debug level 1: CLIENT -> SERVER: QNwPmiDp9YGvG4eYjc3K5gaHUyoTlhEOsTkHYXo8cEw0nhM3XXXiPxk3G8oLIHqfw/84fL5GnGj6

Debug level 1: CLIENT -> SERVER: JxKWEB9PiH3zXUfhCDrvXtXESkT7pi/LMe9Hag2gb64tgOnpC273QIE2y6yxQ4q1QEGmcPEbcBtg

Debug level 1: CLIENT -> SERVER: JxvAmGGEcroCrg5kTC2RkKB5SbCplKBMr+ikagrmG4Ttc+x7SncsLVISsTgGPD8mPMejMXb05fq7

Debug level 1: CLIENT -> SERVER: edcGy2dlrLq4376/ffj7U03MP4+mVLUUq7vJEdHy2lrtiz3F9tweO95Bb5vTr2Bz9lybWPKPGJTN

Debug level 1: CLIENT -> SERVER: wu23RyOniM0QEOFt8fWhDxGvrWHZ+kozbzsdej860264liNMba+/VLgEh/HHBdXtmeXwAhsFY9ak

Debug level 1: CLIENT -> SERVER: l/zGvCE5+9JmacB6wk+PwiuNiS1psEbjl0J6/+Ovtw/vBj+/e/jjJORzd+UzQXJxOf/XxMm5cP5I

Debug level 1: CLIENT -> SERVER: k3dbGTVo5dyg4786N/8AUEsHCGamLgCKBQAAFhoAAFBLAwQUAAgICAC5WEFbAAAAAAAAAAAAAAAA

Debug level 1: CLIENT -> SERVER: EwAAAE9iamVjdCAxL3N0eWxlcy54bWzlXOtu2zgW/r9PYaiDQQusooudxvEkLuays7PANCgyHSz2

Debug level 1: CLIENT -> SERVER: 14CRKJmoJAoUFSfzNvss+2JLUhJFXU3LdpJmXKCtyMPD71x5RFG6+vAQR7N7SDKEk2vDObONGUw8

Debug level 1: CLIENT -> SERVER: 7KMkvDZ+//yzuTQ+rP92hYMAeXDlYy+PYULNjD5GMJuxwUm2KjqvjZwkKwwylK0SEMNsRb0VTmFS

Debug level 1: CLIENT -> SERVER: DVqp1CsxVdEimOkOF8TqaAofqO5gTtsYC+70ZxbE6mifgK3uYE7LdKoOD7Du4IcsMgNsejhOAUUt

Debug level 1: CLIENT -> SERVER: FA8RSr5cGxtK05Vlbbfbs+38DJPQci4vLy3RKwF7ki7NSSSofM+CEeSTZZZz5lgVbQwp0MXHaVVI

Debug level 1: CLIENT -> SERVER: SR7fQaKtGkBBx6opgRkjYeJyv9RjpI5p+Nd9qO1d9+GAmr0NINp+JoibrjL39V1l7qtjY0A3A/Zd

Debug level 1: CLIENT -> SERVER: Wh9Zp/jr46+1X5FYdy5O21CVR1CqLWZBrY7HGEuofEAR7AKua9sLq7hWqLej5FuCKCQKuTdK7oHI

Debug level 1: CLIENT -> SERVER: kxrHcZ/SGJ1jMQoT3nOXr6gJF3qQ87lFYIoJlUAC/WTHtOPKWfwAyGkYZXYmOJh8oJhL5WDxqLL4

Debug level 1: CLIENT -> SERVER: kDfV+AjXuY6EMhsHOE/8wusLLPAhhQTxLhBV+VbhUBisbFdyv2usq0QfYJbkA+BB04delK2vigCV

Debug level 1: CLIENT -> SERVER: zbPimk93bfwIInRHkDFj0VORxCh6VHvU4bzPDGHCMDJ7ZluUZYY1PsX3BIHI6ZlBdGjwVylSRD0W

Debug level 1: CLIENT -> SERVER: UfeAjWVRvmvuXxFLZkK9s99AkvWA+BakOPuuRVc0nhZaJf0ErTxmFMYHqSX3kA+EqLPfE8RqBjis

Debug level 1: CLIENT -> SERVER: mi6tjnoOxvgReQRnOKCz/4BfYJ+HFjBadE+C7TPY4Bj0QJIdh85uDQVz2V4UcRVKHwYgj8rSruJc

Debug level 1: CLIENT -> SERVER: QhKlj+nBKDIq8rrJTAnLW4QiVhBWrDwUA9YRsUmza8OtdZECAkIC0k13FOPIJsep6aOMgoRXlCwn

Debug level 1: CLIENT -> SERVER: nXtxPZrXb92BQr6BWA3wKgJJmIOQ9aZUNHgsX1LCxPrh1mizMFlCBkmf5wi6ildF9uem6imZVh0/

Debug level 1: CLIENT -> SERVER: 3nRZ88Iigg+t8JQsZfcGtZnKrn/dCMP2WGx9VVRdZfHVMGOhmxvbaBHNyqsYJSZKKAzZOB+FiDKb

Debug level 1: CLIENT -> SERVER: OWKiHp6Sh5cTwu4VHvumcuzFJ7uS4h5HzCS80KYkh0YPg8f4DkcVmqa9KlrFZuvbbySyFg/Jm3vK

Debug level 1: CLIENT -> SERVER: eibJxGW/8F1nHVdL1RsSnKfiNklIpWirqRhdfRlDTi48NsKsnn4TBDb78blUucx+MV+begvtxCCV

Debug level 1: CLIENT -> SERVER: wZH4qLg/uAdRDt+++zak311LtwNpGpXKNhtuudtUwzHk2Be7HVuo4/abSfqxJ+tnzDSjgTwqbUuq

Debug level 1: CLIENT -> SERVER: t88q1rvW1EdxiYumS+ytouVfyiGW0/PUK/Sd5WG+49in9Z3pyfYUvuPYR0omxxHrFA4hDHqIQzh/

Debug level 1: CLIENT -> SERVER: KYdwnj6ZvGDfcTR8xwcU9uvSNRSixxZeq19VMbs32eiRPkIgdVpu2Ec4CVXANTYNuPOpcGdKTw6i

Debug level 1: CLIENT -> SERVER: fvuMCDEV8OLogCfBODeeUh0UxQM43tc4NjgnWWvG1YBCUJJTFt79jjSWY8oLEJtprGCuAWpgvjgx

Debug level 1: CLIENT -> SERVER: 5gEGGeTp4LRCDzvM8tnygoZkwgzTNTtumhG/HlmUXI2abHyJeVkVu9upul5XDe4eWHK5GiXXV2Xv

Debug level 1: CLIENT -> SERVER: Q4qqV+YaOhXVmCrnh7rGy6q33fkxUsHLraCFvQ6xt8am9Vdl7wM2lV+baywOdA2Nbd+vapW4+ORo

Debug level 1: CLIENT -> SERVER: bTS8oCXhAFldLVnNvbQrQqp/viZfkzks5Sc6xk2p5+bjXl7uZWuwinazcvRY7Qg8rnz13kVqTcd0

Debug level 1: CLIENT -> SERVER: c939sNmr2F1n4upFJRf3FUQmk1cvMrm8R4rOufNc0Tl3jhadwlGOEJ3CANOj85XVS0yeEy6KpymO

Debug level 1: CLIENT -> SERVER: DpBVc1E8fprpFJtHiuzFs0X24niRvThSZC8Oimzdh9pT190XFvjLU6+7Lyz4l/usu19PAlg+WwJY

Debug level 1: CLIENT -> SERVER: Hi8BLI+UAJY7E8Dgk5L5pfKU6bSPP6Y8yFnU3sV8NvH4/j5OTHwPSRDxVwoCEGXwJT7smSSt8zTG

Debug level 1: CLIENT -> SERVER: GAplZwfwkTyzUB5KZx5ioYgC5JnjqcPRTJW8Fz6kOOEvpGkcWy2gdWH+VByjled1p515Jrh48cgE

Debug level 1: CLIENT -> SERVER: EQpZjCYMl0yxnNJjIpZ9d5hSPHKsWdmcs8Wvc5ZYebWCEYvmDP3JT0w7KW1Q8+bqUHKns3ksue9t

Debug level 1: CLIENT -> SERVER: DTFcUggG9QHkHYq9hdm4XsueFBD5TqHZtMmIhgp4hf8iyqB7FT9BnCc+JBFKYEWT4Qj5AyRb5PN3

Debug level 1: CLIENT -> SERVER: rEBO8QBFaQ8xqfh/rfgtROGGcqtGflN3QqBS902IysCKYGC41P0wA0kiWOxpHneSfZqm5W/wdQ7a

Debug level 1: CLIENT -> SERVER: 1u7dnfoXCPgbpqdyjXbwNEPEXZTvAagelGAS8zP5u42qxFPBacjiFcs9LN4ItgHusn+Y/0SHKK3i

Debug level 1: CLIENT -> SERVER: TDJLZdL9cmUScuVf2nuD/MO1/5BAfZSxxeOxiWR2JDmGMk+Rbpdj6ba3s06my32SqSK3Oy73tIje

Debug level 1: CLIENT -> SERVER: U253TO7ezlpudx+5PzMcB+WJkTR0gymcxFuAGvd0pq874H3h93OJb9bP2oLA82r7gRAnrC64i0xK

Debug level 1: CLIENT -> SERVER: mjWD7KOsW/Zxrpj4/OVq+8x233vxTKxrszdLm//Rqinm4qdvgp8xpslxVDUMqsQ/vrJrLav966Z+

Debug level 1: CLIENT -> SERVER: oD2mYs3/clJx+cIEpUZPWLFUM2nL/xvLzXl2qpD7J8b+JN4lrClB53ki6PTK7ffv7T1WoxuYU6Is

Debug level 1: CLIENT -> SERVER: wk8kUZlGdCS6vNxPoh/Ak9uHy6IpjedVZxX0pPk3IMnUQrMt0fFQ/YMQfgPx1FFQgdwpTyB+GsXw

Debug level 1: CLIENT -> SERVER: jnr2sHL0e89j4p/09vE5BRupYAuCiQVsqbYpLlLeL+3hIhNkHqheS5mnFa8HyLxH3TRd5vmozPOn

Debug level 1: CLIENT -> SERVER: ltkXv64gVuvDAOUlLzJidsPmmVVHBSqEJpMG57Qh98c0rs+gKkQ9b+4jkrFmTlLs1V0bfMseJbks

Debug level 1: CLIENT -> SERVER: jfgnYFgGN2Ps841KYtK72lgbdtPS3uAr2wJWtLJ/mrrgW4abMubtswv+bQHRDEjIeiIY8PZmIymp

Debug level 1: CLIENT -> SERVER: m63FDh5nUn2gwBpGVEJ5epQUpz0Qm3Csjpk0zOvqmfektnOOZbzWTdVyWd9UKRtIKfCLj6IxEmdZ

Debug level 1: CLIENT -> SERVER: DetZZm3+R+pHoUAx01XHUzqyntSVpitN9aWXqrHdnm0NprSyIwaZZCETXdnIOY09OVBjoScTFvDX

Debug level 1: CLIENT -> SERVER: V3yFWaXlv9kGwoJ6/eHDhyur3Vi2pC0ltGzP7dhcYapnYFbTc+Tsn/73X2ZVMCuv6wy8dqoplbYO

Debug level 1: CLIENT -> SERVER: iopbQ++jKKyOKndp97b85taIct2OcosrAkO+vcgB7anv2duCjiIaqSTF9buOIhozNZpEGLVm528i

Debug level 1: CLIENT -> SERVER: De6Zs9JHEpniEe+14druuenYps3cyHYsx7Z4S4mCE67/PqsAM/T2cmWfrySBaBuCXOJ7TreaWSqh

Debug level 1: CLIENT -> SERVER: +AbJ+vJSJSzaTuR+Vn/MW/0fu1z/H1BLBwgBLsJUBAoAACxTAABQSwMEFAAICAgAuVhBWwAAAAAA

Debug level 1: CLIENT -> SERVER: AAAAAAAAABUAAABPYmplY3QgMS9zZXR0aW5ncy54bWy1V11zmkAUfe+vcHg3KMZMZdQMMZPGtvkY

Debug level 1: CLIENT -> SERVER: IenH2wpX2cmyl9ldRPrW39Y/1kU0Ywi2xsgTw36cc/Zy7r1L/3wZscYChKTIB0b7pGU0gPsYUD4f

Debug level 1: CLIENT -> SERVER: GA/eVfOjcT780MfZjPpgB+gnEXDVlKCUXiIbejuXdjE9MBLBbSSSSpuTCKStfBtj4Jtt9vZqe0VW

Debug level 1: CLIENT -> SERVER: jCwZ5U8DI1Qqtk0zTdOTtHOCYm62e72euZrdLPWRz+h8X6pi9TYVIj4T5RsKMSsyq9U6NYt3o7EW

Debug level 1: CLIENT -> SERVER: uRUayxhu4rA5/rC/JigeTaogymPTWA/n0gaGprQXFNLnqBlV+17ueaSSThk4AoiHsbGZVFmsJylX

Debug level 1: CLIENT -> SERVER: xtDqdbrtvvka6E3gX2GmqtBb70b+RgMVVkH3utb7dV8DnYeVyrutzr7ozYjETcoDWEJQZoK0+jOt

Debug level 1: CLIENT -> SERVER: 9miDiez/eh1f0QV4RGsuKZVKaCMYwxtn4nh/flcLrhjcZt81vT5Q9QJtwf1NWwwkgiidAm9xrxti

Debug level 1: CLIENT -> SERVER: +hMEPhKWgCydfYrIgHBjqEQChxkhx79FVRf0J0GD4yPnqCNkKErQDHMntK2zjmV1zw5XfU/mcKFT

Debug level 1: CLIENT -> SERVER: 46mGqHzVFfghDoiCGwxemTlEoRNv77R7CX1NpI5KEvEJptdAAl1wj69fk7ghgNK5WAP6WN4lSjcp

Debug level 1: CLIENT -> SERVER: cLNoiky6UK5MRyFxOYk9nBCpoOyhZ/wZYfJAggJ4LNdVtjaGCUj9vfOS8r2qfrdbrQObTxn+Rx3w

Debug level 1: CLIENT -> SERVER: bjIN6ILKnfKPBF4t/lDrFPDOkko3434okNNfUEONcxKFI8L8hOlScXz4e9019Tlu9Ut1QzX3xtA5

Debug level 1: CLIENT -> SERVER: mpTvVVMi4ez0gnIisn2gnDhm2YMEcUkUOf5pRyERxNdaRxjFAmRuC0+DV5ffA109ll9AcEdSwu8T

Debug level 1: CLIENT -> SERVER: 7qtk1exrSH6XLOCxuE3f8RFDWUeFKXrUlcDIgyiux4QOY7rZ5i76jNMR4T6wGhoukmCiuyFyltUQ

Debug level 1: CLIENT -> SERVER: p7G8XP8oudpkuyvBPyh23i7NVz9J5q7fx+FfUEsHCOtlu+LgAgAAgA4AAFBLAwQUAAAIAAC5WEFb

Debug level 1: CLIENT -> SERVER: tgJ+mvwDAAD8AwAACAAAAG1ldGEueG1sPD94bWwgdmVyc2lvbj0iMS4wIiBlbmNvZGluZz0iVVRG

Debug level 1: CLIENT -> SERVER: LTgiPz4KPG9mZmljZTpkb2N1bWVudC1tZXRhIHhtbG5zOm9mZmljZT0idXJuOm9hc2lzOm5hbWVz

Debug level 1: CLIENT -> SERVER: OnRjOm9wZW5kb2N1bWVudDp4bWxuczpvZmZpY2U6MS4wIiB4bWxuczp4bGluaz0iaHR0cDovL3d3

Debug level 1: CLIENT -> SERVER: dy53My5vcmcvMTk5OS94bGluayIgeG1sbnM6ZGM9Imh0dHA6Ly9wdXJsLm9yZy9kYy9lbGVtZW50

Debug level 1: CLIENT -> SERVER: cy8xLjEvIiB4bWxuczptZXRhPSJ1cm46b2FzaXM6bmFtZXM6dGM6b3BlbmRvY3VtZW50OnhtbG5z

Debug level 1: CLIENT -> SERVER: Om1ldGE6MS4wIiB4bWxuczpvb289Imh0dHA6Ly9vcGVub2ZmaWNlLm9yZy8yMDA0L29mZmljZSIg

Debug level 1: CLIENT -> SERVER: b2ZmaWNlOnZlcnNpb249IjEuMiI+PG9mZmljZTptZXRhPjxtZXRhOmluaXRpYWwtY3JlYXRvcj5l

Debug level 1: CLIENT -> SERVER: bGlzZXU8L21ldGE6aW5pdGlhbC1jcmVhdG9yPjxtZXRhOmVkaXRpbmctY3ljbGVzPjI8L21ldGE6

Debug level 1: CLIENT -> SERVER: ZWRpdGluZy1jeWNsZXM+PG1ldGE6Y3JlYXRpb24tZGF0ZT4yMDI1LTA5LTI5VDEyOjI1OjAwPC9t

Debug level 1: CLIENT -> SERVER: ZXRhOmNyZWF0aW9uLWRhdGU+PGRjOmRhdGU+MjAyNS0xMC0wMVQwODowNTo1MS43OTwvZGM6ZGF0

Debug level 1: CLIENT -> SERVER: ZT48bWV0YTplZGl0aW5nLWR1cmF0aW9uPlBUMDBIMDBNMDBTPC9tZXRhOmVkaXRpbmctZHVyYXRp

Debug level 1: CLIENT -> SERVER: b24+PG1ldGE6Z2VuZXJhdG9yPkJyT2ZmaWNlLm9yZy8zLjEkV2luMzIgT3Blbk9mZmljZS5vcmdf

Debug level 1: CLIENT -> SERVER: cHJvamVjdC8zMTBtMTEkQnVpbGQtOTM5OTwvbWV0YTpnZW5lcmF0b3I+PG1ldGE6ZG9jdW1lbnQt

Debug level 1: CLIENT -> SERVER: c3RhdGlzdGljIG1ldGE6dGFibGUtY291bnQ9IjAiIG1ldGE6aW1hZ2UtY291bnQ9IjAiIG1ldGE6

Debug level 1: CLIENT -> SERVER: b2JqZWN0LWNvdW50PSIxIiBtZXRhOnBhZ2UtY291bnQ9IjEiIG1ldGE6cGFyYWdyYXBoLWNvdW50

Debug level 1: CLIENT -> SERVER: PSIxMCIgbWV0YTp3b3JkLWNvdW50PSI2MCIgbWV0YTpjaGFyYWN0ZXItY291bnQ9IjM2OCIvPjxt

Debug level 1: CLIENT -> SERVER: ZXRhOnRlbXBsYXRlIHhsaW5rOnR5cGU9InNpbXBsZSIgeGxpbms6YWN0dWF0ZT0ib25SZXF1ZXN0

Debug level 1: CLIENT -> SERVER: IiB4bGluazp0aXRsZT0iTm9ybWFsIiB4bGluazpocmVmPSIiLz48L29mZmljZTptZXRhPjwvb2Zm

Debug level 1: CLIENT -> SERVER: aWNlOmRvY3VtZW50LW1ldGE+UEsDBBQACAgIALlYQVsAAAAAAAAAAAAAAAAYAAAAVGh1bWJuYWls

Debug level 1: CLIENT -> SERVER: cy90aHVtYm5haWwucG5n7ZdpNBuIFsf1aFGli3bUWKejy1DL2HeZtlO6SYopVSF2YwkqJLFWS2U6

Debug level 1: CLIENT -> SERVER: CC2tVkJGLWlqX4qKxk4tsUtIkMaSVCVCSFL7c868M28579P7+t6ne3/nnvM/98O9/3vuk9tAW1lp

Debug level 1: CLIENT -> SERVER: RWkxMTHZ69d+dtiP78TEDohJSexnAnUTupiYjOv1ny/9gsRycwHhc6byKNxb1g8JjwgfpG4+Ca1k

Debug level 1: CLIENT -> SERVER: JqdGJPaYfxliFp/UsF88CDsk+T2vrRMiVzj94QPdqnZ7TRTV++xawsE3g4GrZPEVuqGdxB8dobxp

Debug level 1: CLIENT -> SERVER: sQSIrEOi8jXZ8O+MPj4c+07yvwSL61bA+grnGsfQGRul5NYmkd/AKwOL1DmotGsb6Pwyr3H5xxkS

Debug level 1: CLIENT -> SERVER: MDE9MiQ/+PTRk6rtF9ngCQTmcn6tdhawO627xjUW+n7XFLjaefwox5n9dqGd5GoKMx+4W4JvL6dh

Debug level 1: CLIENT -> SERVER: 0htq1eWluemuc/e93eiWxdZwZoc3x35C/stRwpmbubfPZgUA7y0x2ryde5PUeC+EaYvI91ZMgSdO

Debug level 1: CLIENT -> SERVER: xPOu4l0QHC9qoi/wvUAgtlZV3+zV7kwpQtKx0ElTWVH2yraTT7ocmBMPcGV0x4l+6cE3epdiZ770

Debug level 1: CLIENT -> SERVER: Kiwdg1zeuGDhQlOJ02JrLiT6DBNdDX2l5PDPHs/pIb9BhxNpO3JCbGIHNWzAMcTT3CXW1AaE4nAz

Debug level 1: CLIENT -> SERVER: NjPRkYcjB6w/IncCKbjgr9FVKbntIG2l3imQcCoNnhJXNR/TKPFiK9T7B1izGhnnxYBtjag9Eknt

Debug level 1: CLIENT -> SERVER: qMCf0VQaSbqDxBWbcuGhSXA8iz8Hrn5QB47Adg0/PlbDvkIdjyv6heBoLcimrgaIgt81YeqhvSgG

Debug level 1: CLIENT -> SERVER: 4bclZ9RSIKZxZjM6dQMbx+2dQo0v3fZf9ibMsUgNdq/u8/GOm1Q8lB2+TBPtVi6qxiYe4+fSVCIY

Debug level 1: CLIENT -> SERVER: /XsUkwXSnlXsccKBeOVCCbMMxfmfAjPECZeO/jvA+0eU+tEzXujBsCC5lzfqZpZu1eecEI2Xw6tJ

Debug level 1: CLIENT -> SERVER: Ka+i5gznS3HPXOp7hpSoLhGMXmwJe9AlWrBBnwxPDDVYfcHXcAxrsqOeYZkuZJWYBfEwLnAd/6ON

Debug level 1: CLIENT -> SERVER: vrjnQnbjwleKnzy6JLWVNhgxM0TBRimU98UuT6AmuoN+ZWsYab7LJ2tu5wu1qXVQdono84GaQ4jd

Debug level 1: CLIENT -> SERVER: Qp3T3agUvSluuEnMDQ28UVBID9JVfxbNvCDHaFiRSIqGLNta4G8Rjed0mhrqXSIEDUJNmA6Owcc4

Debug level 1: CLIENT -> SERVER: 4aibToWaXMGVp0a+B1j89uN9ucUTqOyYEEiwyEF3wVili2ledKXLeEGLSICC+lsscsO3HEc8Iemh

Debug level 1: CLIENT -> SERVER: G01mNZU9Cso3znv/EPvELfVyp1b3CI3/2fY0GoaFdC/pjZW2jYpoVLb389T2WCiVC55R9zeT/VqV

Debug level 1: CLIENT -> SERVER: hOa8LKL6LHQgeqHVgpzS9+sxmMf+RrByQj15COPI33w/gBVS/AY668fG3QQbpmkzFTUL4NHX7+Ps

Debug level 1: CLIENT -> SERVER: CxcsBzG3rKjY0cidfBydVt/pELNZrNa3FrJIecswa6+syw8dIAaHLubcpJapkhikexQynQ5vHD+g

Debug level 1: CLIENT -> SERVER: ajD6O2/MwKedkPDX3nKURiyet74zWs9qu2VWOD8idUcUhhhZWZ3gZW7+Cm+WeJi+X5KsmPEG86bI

Debug level 1: CLIENT -> SERVER: 9pIJON/mDHe2caLHWkr5EunO4U97j3j/EDsv4MIxDg5kQYqbex5nG5t5X2gOiFWFH1ksQiFRyO3p

Debug level 1: CLIENT -> SERVER: PHT8iWhlfFU/rB7k+lOuW4Haogs1FP5eXOP0ykWmxT87Cgdgs1pW9XAN2WDaNUSvtItXxOjFQirk

Debug level 1: CLIENT -> SERVER: 2bBdlmmXYZdOmuSZHP71SaN8gowMOF3WEOMs/rL7XF0P6BII4r+BSHRzd+csInvFLzMUuu86S4UV

Debug level 1: CLIENT -> SERVER: ZsXegx9bLHJeRBgAK9GHgrvOlT/DgQHpaTEhEsYkI/QqdzV65dWnf+1CcWQN7ztQpfi6Rs/24vcB

Debug level 1: CLIENT -> SERVER: QRZcKmY06HlANYtQQ9MvmB6JcPWD7AbAd0tw6UZTIcwhjeRrb0DYOABh+iWek4Nv4fvmletDKX5P

Debug level 1: CLIENT -> SERVER: +wXr95yKW6rlumqqE/xcu1SaAMBF5b1KrYhczT71dX9PUUA3S+sDeczzfnXnij3J5WxNrnuQhR2l

Debug level 1: CLIENT -> SERVER: CerWFYky1b5bn6N5UbfyMC4RtQFU8d1WSh/I8sL9hnqq+Mn57x0TH6/PJjE1tAPyevYCqcyX/kwI

Debug level 1: CLIENT -> SERVER: eRZnwLPuMvSBNtO+kfGa1wcVqp6U9rZ2wt6OIypesth6EO2+tZdQs/bgLDwl3hRwC/6B/mktdktj

Debug level 1: CLIENT -> SERVER: VaeYMn5HTGsgAbIv0GvoQ48f/0YGu7FlJAj9bfJxt+dh3WKZzuEvh65ZNUM4fH+XO60AFmdb7ckO

Debug level 1: CLIENT -> SERVER: Kb5heYg64bodIY27gfkMjp8R0XPSyW8hdvSt+EUqvDMxK++uCAXaGs3MBe0mbp8BWMfi4xFeDU+R

Debug level 1: CLIENT -> SERVER: cxUH/zIbZLbWB2yWsyQN7ntiwPdpr+KXTQVPK6ThzIWbvGiZR/Xi/oldelrythmDR9yKV5OlZPcM

Debug level 1: CLIENT -> SERVER: eJlFJrYtOQ9rzpXpxBqD8g6rMy8gG3hjHYFM/yjTfVOT/1N6Qq8QYWQhiGqsPFUbdCWa6wGmyjSp

Debug level 1: CLIENT -> SERVER: jCI4lp/q/Gq1xUPKDh+gNX18A+2tX+NMFy99grUUTaWyoNyW6YmsM+RFhCzUWoDPus/GBLcpPMMO

Debug level 1: CLIENT -> SERVER: RhLtIivDpKe+KqL7t7xeZ0LIkp9Z1aSg6pOOd2E9tJi16EKSMszGw8DUbPBKA7gGvtuq4948dhQj

Debug level 1: CLIENT -> SERVER: qYVv7XsH8FZyIvNeMJQRv9bFJcm0qbBHLJKPWCYvhaddD4Cbb50vpMp0Wb2wX9C7auBbLRjVLCDz

Debug level 1: CLIENT -> SERVER: E+iuPaw13/xhy+9M3Fcsce5n/fferXGKyjaaT+nXVkItwkykMtBQIZ+dojKn9lotJ7gtrFzXSd5Q

Debug level 1: CLIENT -> SERVER: 9oHlmgeT6Lbvh655e7o8YhJpV7VXCHsz0is227fjM+j22ZaAQ+uVngaSqepHfxJqKCtGbcx52UI2

Debug level 1: CLIENT -> SERVER: ueGIcArkWw9seW5fYpYjEUhQyQb05+26teE9BzOqD1M970BYxsFsk1TJtCMNm2xrFe7wY3RTH19h

Debug level 1: CLIENT -> SERVER: pyRjxu/Hcm3fpfj6Gd9psEm8l7E4tOA24yVIN4THdoikK4kj+pKXKxoLXolCI3UwszKlZl6jLrms

Debug level 1: CLIENT -> SERVER: QfLWQH7uuZxMwGTQ3M3JKgKDwnWiqpPnczbH1ViEg0syLyPRbcbilVh1kdGYLBeZR2eWvh+qYKnH

Debug level 1: CLIENT -> SERVER: Xqyp5DUK6iRRvDFAp0hiffejB0NN6fg2zHNg0OSzwp+DJkyJn0qW+/Yz640NbdRGc+SUF5NSHJSH

Debug level 1: CLIENT -> SERVER: Ids/VCz7aJ9ezTgGO+WDlhj79hXL/H7kQyHamurmpHqXh1HXd6t/cq9D/xyg6Inq/LVkSBm6ZY/1

Debug level 1: CLIENT -> SERVER: ACAk2q9TFyGQNpWvk9mrUTvzYBIRPW+xTFQZ/RGQvUxKJ00Nmwz/7omOnt/pCzx4zitcFrEpjFHl

Debug level 1: CLIENT -> SERVER: ZQPdnE5XCtGkuiUB6ZxiRvetYuJejLIpRikK1y5nFH18UOTDnmA1ml8GdtHYI20X4coFCstTODZb

Debug level 1: CLIENT -> SERVER: 0GPucKJAmTwd5371jxf9pQWqlFKboedXLE1EQgysFrG+FkDZci8DZizvLvUEfTCOHsqrSHvWEtOK

Debug level 1: CLIENT -> SERVER: +M/X/f/wPwnoPbHZDvvAQOeKvf1vQ+z6VeDP5Zc9Hv0NUEsHCO4H0FNQCgAAlAwAAFBLAwQUAAgI

Debug level 1: CLIENT -> SERVER: CAC5WEFbAAAAAAAAAAAAAAAADAAAAHNldHRpbmdzLnhtbLVZW1PiShB+P7/Cyjui7q6rlLIVcNnD

Debug level 1: CLIENT -> SERVER: ikIBrnX2bUgamMNkOjUzEfj3p2cClsvFgyTzhObS9/7668nNt0UiTl5AaY7yNjg/PQtOQEYYczm5

Debug level 1: CLIENT -> SERVER: DZ6GrcpV8K3+1w2OxzyCWoxRloA0FQ3G0CP6hF6Xupbfvg0yJWvINNc1yRLQNRPVMAW5fq329uma

Debug level 1: CLIENT -> SERVER: U5ZfWQguZ7fB1Ji0Vq3O5/PT+adTVJPq+fX1ddXdXT8aoRzzyaGq8qffqkLEV0X2hdwYp+zi7Oxz

Debug level 1: CLIENT -> SERVER: Nf8/OFkZ+SY0F0F9HYe1+/WblYL8p8INJDY2J6vL1rTbgFTWXjjMX6MW7Hrvz3d+0fOhAjbENFjf

Debug level 1: CLIENT -> SERVER: McuU7nBpgvrZTXVbwuFSOzA2HsQ+89hMd8n9dPHl60Ux2X8Dn0x3Gn1xfn55dZzwwRTnfYipvqA5

Debug level 1: CLIENT -> SERVER: ZXICekPBCFEAk0HdqAyO09GWDYVzDQ8Ywz7pYyb0weIrCUsrXMawgHg7VruLy71DbaGWh0W8HW+Y

Debug level 1: CLIENT -> SERVER: qo2iyg3qto4LZHJf4V19vbo8XuqeJvlydnW0qZqPBJTeJk5q2S3thPb3dYdtvWKiG2gMJvs67+tx

Debug level 1: CLIENT -> SERVER: sn8jJkOStFlmU1TFcKjDlpiZJooskZvdXJb0BuKstHbejkuLRQbVbtvPz460vq0HICAyELcUXTjC

Debug level 1: CLIENT -> SERVER: 9B0X38LKvtsrpNr9AE3Ew2dofiFTzNBE/sgwDeO4xxQbMqrmQcoii2Tlp65HCGn6YBkDbMJnGfK7

Debug level 1: CLIENT -> SERVER: mbGDqkMaxD8cRKwfs2QEyo83HeJcT2nMzK7BtS7GAoH6nqRm2WN+Ru5EooIWV9qQG9CmCpSmLX2G

Debug level 1: CLIENT -> SERVER: i+iDorYF1cQkVaAtaSwd31zgBuSAgJ842hu4Am7kGW8pAmdIUkF/l58d50WPpaCsngGYbHMeluEJ

Debug level 1: CLIENT -> SERVER: 9bwDuu54TEjhI1bOD0sRPFXxipj2FBrCbaqne1huamEaLj83uGRqGVQPNNnBoAd7V4a2UG2ShbIa

Debug level 1: CLIENT -> SERVER: zISZwbxEPZVlE2mYofASHRIPame5fzCLObxRGnUo44ZgcqYp6BbpmkxEmXDz0VfBh1KicRr2z4Uj

Debug level 1: CLIENT -> SERVER: 4a2DLO4Di1GKrUIvBxEsC1gRgCG6PmiC8JFt0vV9QemWTHTIo3dmTgEdaSqWTxrUHTOsfPEtSzF8

Debug level 1: CLIENT -> SERVER: NtyAvcCv/HilK5sCtQ8+bZX8EDhi4m51MmSJjY9x0Nb3lO9QcyZ7mYxM5qsNQ8Enkop3YDDtoebv

Debug level 1: CLIENT -> SERVER: qTk+O03B01C/0ppQRtTbED8relS1xNINVx9xbGZKUZpsUVtgtL8DzFS0hTX5icQBeEmxCt2gzokg

Debug level 1: CLIENT -> SERVER: YaXFgYli6VS3ZYfrzcW5DDfu8BFNk6UmU3Cn2Lw7+ld3paUKHpQ5KOvj/B7AB5daza7H7b3x8CQ4

Debug level 1: CLIENT -> SERVER: GS22KCSExrPmMaghLMwz5a8rKazUAz6YsIauiFeePwCZGHkjke7wxtcupDtsBK/o5ydSlvOBYyD+

Debug level 1: CLIENT -> SERVER: 1usdS3xoBoZYYflBe3VpXWipH58cSPSBFhTrWmiMskyO9tQWeklVvnop1CkRdV/yf1hgfadbCjAe

Debug level 1: CLIENT -> SERVER: IXDudND622QyAuFh8P05f2ifT5iMd+zyRU5tXeJ/Ztrw8dK2jX7mZvrAZMZEQwGb+ZkRug92OXiB

Debug level 1: CLIENT -> SERVER: Ieaj0CcaEDJTka0JiscjN1DWGfvtz7I7d0C75+PFlHC2okCjyKxNRQaDz7Ok1QHJBBosmk0UZnLv

Debug level 1: CLIENT -> SERVER: cWLZZV5svFue445k/WzPtOpGM4uMXua9XFDdRvAbFNLq9j9b2wePyd0xd3Xr43F132f1+n9QSwcI

Debug level 1: CLIENT -> SERVER: 0AY7+PkEAACYHwAAUEsDBBQACAgIALlYQVsAAAAAAAAAAAAAAAAVAAAATUVUQS1JTkYvbWFuaWZl

Debug level 1: CLIENT -> SERVER: c3QueG1stZbPbsIwDMbvPEWVO83gNFUUpE3addLEHsCkbsmUJlHsIHj7tUz8GUMToOaWRMnv++w0

Debug level 1: CLIENT -> SERVER: dmeLbWuyDQbSzpZikj+JDK1ylbZNKT6Xb+NnsZiPZi1YXSNxcRhk3TlLx2kpYrCFA9JUWGiRClaF

Debug level 1: CLIENT -> SERVER: 82grp2KLlovf+4teaT7KTuBaGxx3G8MuO4lhpWHMO4+lAO+NVsCdT7mxVb7Xys8lcsYti9Pps6im

Debug level 1: CLIENT -> SERVER: Z8t1NGbsgdelkELe5eE65dXZWjcx7L3RVBIDR1pBSIMHpdBgN3VBqhhCH3mX3ORaSQRq44AxEdw7

Debug level 1: CLIENT -> SERVER: H333ZcRE+OCagJTupnvryeDsnEkG1y00SPJFcwuekmrcyb4sIxRt/3ryqHN1LnCbh0ECe199oeIP

Debug level 1: CLIENT -> SERVER: 9AYU9oWM5M9SNknFv5PbF1bZ15ir/C5v/FgR+p9LvDNIg2MPuZWpfB8FUgdAyNz16UcUbuim5ANC

Debug level 1: CLIENT -> SERVER: RWvE+5rq0d6gQbfIMFibW65ju7KgDUk+DHNvm6Hhwz6Hi9ueyT8/ZfNvUEsHCOcRKxt6AQAAzwkA

Debug level 1: CLIENT -> SERVER: AFBLAQIUABQAAAgAALlYQVtexjIMJwAAACcAAAAIAAAAAAAAAAAAAAAAAAAAAABtaW1ldHlwZVBL

Debug level 1: CLIENT -> SERVER: AQIUABQAAAgAALlYQVsAAAAAAAAAAAAAAAAaAAAAAAAAAAAAAAAAAE0AAABDb25maWd1cmF0aW9u

Debug level 1: CLIENT -> SERVER: czIvc3RhdHVzYmFyL1BLAQIUABQACAgIALlYQVsAAAAAAgAAAAAAAAAnAAAAAAAAAAAAAAAAAIUA

Debug level 1: CLIENT -> SERVER: AABDb25maWd1cmF0aW9uczIvYWNjZWxlcmF0b3IvY3VycmVudC54bWxQSwECFAAUAAAIAAC5WEFb

Debug level 1: CLIENT -> SERVER: AAAAAAAAAAAAAAAAGAAAAAAAAAAAAAAAAADcAAAAQ29uZmlndXJhdGlvbnMyL2Zsb2F0ZXIvUEsB

Debug level 1: CLIENT -> SERVER: AhQAFAAACAAAuVhBWwAAAAAAAAAAAAAAABoAAAAAAAAAAAAAAAAAEgEAAENvbmZpZ3VyYXRpb25z

Debug level 1: CLIENT -> SERVER: Mi9wb3B1cG1lbnUvUEsBAhQAFAAACAAAuVhBWwAAAAAAAAAAAAAAABwAAAAAAAAAAAAAAAAASgEA

Debug level 1: CLIENT -> SERVER: AENvbmZpZ3VyYXRpb25zMi9wcm9ncmVzc2Jhci9QSwECFAAUAAAIAAC5WEFbAAAAAAAAAAAAAAAA

Debug level 1: CLIENT -> SERVER: GAAAAAAAAAAAAAAAAACEAQAAQ29uZmlndXJhdGlvbnMyL21lbnViYXIvUEsBAhQAFAAACAAAuVhB

Debug level 1: CLIENT -> SERVER: WwAAAAAAAAAAAAAAABgAAAAAAAAAAAAAAAAAugEAAENvbmZpZ3VyYXRpb25zMi90b29sYmFyL1BL

Debug level 1: CLIENT -> SERVER: AQIUABQAAAgAALlYQVsAAAAAAAAAAAAAAAAfAAAAAAAAAAAAAAAAAPABAABDb25maWd1cmF0aW9u

Debug level 1: CLIENT -> SERVER: czIvaW1hZ2VzL0JpdG1hcHMvUEsBAhQAFAAICAgAuVhBWx51m3pjAQAAqgMAABsAAAAAAAAAAAAA

Debug level 1: CLIENT -> SERVER: AAAALQIAAE9iamVjdFJlcGxhY2VtZW50cy9PYmplY3QgMVBLAQIUABQACAgIALlYQVszFU5AAwUA

Debug level 1: CLIENT -> SERVER: APUSAAALAAAAAAAAAAAAAAAAANkDAABjb250ZW50LnhtbFBLAQIUABQACAgIALlYQVudcM1XhQsA

Debug level 1: CLIENT -> SERVER: APZVAAAKAAAAAAAAAAAAAAAAABUJAABzdHlsZXMueG1sUEsBAhQAFAAICAgAuVhBW2amLgCKBQAA

Debug level 1: CLIENT -> SERVER: FhoAABQAAAAAAAAAAAAAAAAA0hQAAE9iamVjdCAxL2NvbnRlbnQueG1sUEsBAhQAFAAICAgAuVhB

Debug level 1: CLIENT -> SERVER: WwEuwlQECgAALFMAABMAAAAAAAAAAAAAAAAAnhoAAE9iamVjdCAxL3N0eWxlcy54bWxQSwECFAAU

Debug level 1: CLIENT -> SERVER: AAgICAC5WEFb62W74uACAACADgAAFQAAAAAAAAAAAAAAAADjJAAAT2JqZWN0IDEvc2V0dGluZ3Mu

Debug level 1: CLIENT -> SERVER: eG1sUEsBAhQAFAAACAAAuVhBW7YCfpr8AwAA/AMAAAgAAAAAAAAAAAAAAAAABigAAG1ldGEueG1s

Debug level 1: CLIENT -> SERVER: UEsBAhQAFAAICAgAuVhBW+4H0FNQCgAAlAwAABgAAAAAAAAAAAAAAAAAKCwAAFRodW1ibmFpbHMv

Debug level 1: CLIENT -> SERVER: dGh1bWJuYWlsLnBuZ1BLAQIUABQACAgIALlYQVvQBjv4+QQAAJgfAAAMAAAAAAAAAAAAAAAAAL42

Debug level 1: CLIENT -> SERVER: AABzZXR0aW5ncy54bWxQSwECFAAUAAgICAC5WEFb5xErG3oBAADPCQAAFQAAAAAAAAAAAAAAAADx

Debug level 1: CLIENT -> SERVER: OwAATUVUQS1JTkYvbWFuaWZlc3QueG1sUEsFBgAAAAATABMA/QQAAK49AAAAAA==

Debug level 1: CLIENT -> SERVER: 

Debug level 1: CLIENT -> SERVER: --b1=_PWwjHF7akLRxAwAYTEX1fReD1ORE4TpesPazerfdjbg--

Debug level 1: CLIENT -> SERVER: 

Debug level 1: CLIENT -> SERVER: .

Debug level 2: SERVER -> CLIENT: 250 2.0.0 Ok: queued as CCF2E20018CA

Debug level 1: CLIENT -> SERVER: QUIT

Debug level 2: SERVER -> CLIENT: 221 2.0.0 Bye

