Debug level 2: SERVER -> CLIENT: 220 smtp-sp217-197.kinghost.net ESMTP

Debug level 1: CLIENT -> SERVER: EHLO localhost

Debug level 2: SERVER -> CLIENT: 250-smtp-sp217-197.kinghost.net
250-PIPELINING
250-SIZE 62914560
250-VRFY
250-ETRN
250-STARTTLS
250-AUTH PLAIN LOGIN
250-AUTH=PLAIN LOGIN
250-ENHANCEDSTATUSCODES
250-8BITMIME
250-DSN
250 CHUNKING

Debug level 1: CLIENT -> SERVER: AUTH LOGIN

Debug level 2: SERVER -> CLIENT: 334 VXNlcm5hbWU6

Debug level 1: CLIENT -> SERVER: [credentials hidden]
Debug level 2: SERVER -> CLIENT: 334 UGFzc3dvcmQ6

Debug level 1: CLIENT -> SERVER: [credentials hidden]
Debug level 2: SERVER -> CLIENT: 235 2.7.0 Authentication successful

Debug level 1: CLIENT -> SERVER: MAIL FROM:<ourodosul@ourodosul.com.br>

Debug level 2: SERVER -> CLIENT: 250 2.1.0 Ok

Debug level 1: CLIENT -> SERVER: RCPT TO:<henriqueflach@hotmail.com>

Debug level 2: SERVER -> CLIENT: 250 2.1.5 Ok

Debug level 1: CLIENT -> SERVER: DATA

Debug level 2: SERVER -> CLIENT: 354 End data with <CR><LF>.<CR><LF>

Debug level 1: CLIENT -> SERVER: Date: Thu, 2 Oct 2025 15:51:41 +0200

Debug level 1: CLIENT -> SERVER: To: henriqueflach@hotmail.com

Debug level 1: CLIENT -> SERVER: From: ourodosul@ourodosul.com.br

Debug level 1: CLIENT -> SERVER: Subject: =?iso-8859-1?Q?Atualiza=C3=A7=C3=A3o_de_Cadastro?=

Debug level 1: CLIENT -> SERVER: Message-ID: <YFQ8LZiE0EAU4hhYyWud1MS63WjE1MyuHjotPKls1hA@localhost>

Debug level 1: CLIENT -> SERVER: X-Mailer: PHPMailer 6.10.0 (https://github.com/PHPMailer/PHPMailer)

Debug level 1: CLIENT -> SERVER: MIME-Version: 1.0

Debug level 1: CLIENT -> SERVER: Content-Type: multipart/mixed;

Debug level 1: CLIENT -> SERVER:  boundary="b1=_YFQ8LZiE0EAU4hhYyWud1MS63WjE1MyuHjotPKls1hA"

Debug level 1: CLIENT -> SERVER: Content-Transfer-Encoding: 8bit

Debug level 1: CLIENT -> SERVER: 

Debug level 1: CLIENT -> SERVER: --b1=_YFQ8LZiE0EAU4hhYyWud1MS63WjE1MyuHjotPKls1hA

Debug level 1: CLIENT -> SERVER: Content-Type: multipart/alternative;

Debug level 1: CLIENT -> SERVER:  boundary="b2=_YFQ8LZiE0EAU4hhYyWud1MS63WjE1MyuHjotPKls1hA"

Debug level 1: CLIENT -> SERVER: 

Debug level 1: CLIENT -> SERVER: --b2=_YFQ8LZiE0EAU4hhYyWud1MS63WjE1MyuHjotPKls1hA

Debug level 1: CLIENT -> SERVER: Content-Type: text/plain; charset=iso-8859-1

Debug level 1: CLIENT -> SERVER: Content-Transfer-Encoding: 8bit

Debug level 1: CLIENT -> SERVER: 

Debug level 1: CLIENT -> SERVER: (Sem conteúdo)

Debug level 1: CLIENT -> SERVER: 

Debug level 1: CLIENT -> SERVER: --b2=_YFQ8LZiE0EAU4hhYyWud1MS63WjE1MyuHjotPKls1hA

Debug level 1: CLIENT -> SERVER: Content-Type: text/html; charset=iso-8859-1

Debug level 1: CLIENT -> SERVER: Content-Transfer-Encoding: 8bit

Debug level 1: CLIENT -> SERVER: 

Debug level 1: CLIENT -> SERVER: <p>(Sem conteúdo)</p>

Debug level 1: CLIENT -> SERVER: 

Debug level 1: CLIENT -> SERVER: 

Debug level 1: CLIENT -> SERVER: --b2=_YFQ8LZiE0EAU4hhYyWud1MS63WjE1MyuHjotPKls1hA--

Debug level 1: CLIENT -> SERVER: 

Debug level 1: CLIENT -> SERVER: --b1=_YFQ8LZiE0EAU4hhYyWud1MS63WjE1MyuHjotPKls1hA

Debug level 1: CLIENT -> SERVER: Content-Type: application/octet-stream; name="14275  .1 HENRIQUE FLACH.odt"

Debug level 1: CLIENT -> SERVER: Content-Transfer-Encoding: base64

Debug level 1: CLIENT -> SERVER: Content-Disposition: attachment; filename="14275  .1 HENRIQUE FLACH.odt"

Debug level 1: CLIENT -> SERVER: 

Debug level 1: CLIENT -> SERVER: UEsDBBQAAAgAAG1uQltexjIMJwAAACcAAAAIAAAAbWltZXR5cGVhcHBsaWNhdGlvbi92bmQub2Fz

Debug level 1: CLIENT -> SERVER: aXMub3BlbmRvY3VtZW50LnRleHRQSwMEFAAACAAAbW5CWwAAAAAAAAAAAAAAABoAAABDb25maWd1

Debug level 1: CLIENT -> SERVER: cmF0aW9uczIvc3RhdHVzYmFyL1BLAwQUAAgICABtbkJbAAAAAAAAAAAAAAAAJwAAAENvbmZpZ3Vy

Debug level 1: CLIENT -> SERVER: YXRpb25zMi9hY2NlbGVyYXRvci9jdXJyZW50LnhtbAMAUEsHCAAAAAACAAAAAAAAAFBLAwQUAAAI

Debug level 1: CLIENT -> SERVER: AABtbkJbAAAAAAAAAAAAAAAAGAAAAENvbmZpZ3VyYXRpb25zMi9mbG9hdGVyL1BLAwQUAAAIAABt

Debug level 1: CLIENT -> SERVER: bkJbAAAAAAAAAAAAAAAAGgAAAENvbmZpZ3VyYXRpb25zMi9wb3B1cG1lbnUvUEsDBBQAAAgAAG1u

Debug level 1: CLIENT -> SERVER: QlsAAAAAAAAAAAAAAAAcAAAAQ29uZmlndXJhdGlvbnMyL3Byb2dyZXNzYmFyL1BLAwQUAAAIAABt

Debug level 1: CLIENT -> SERVER: bkJbAAAAAAAAAAAAAAAAGAAAAENvbmZpZ3VyYXRpb25zMi9tZW51YmFyL1BLAwQUAAAIAABtbkJb

Debug level 1: CLIENT -> SERVER: AAAAAAAAAAAAAAAAGAAAAENvbmZpZ3VyYXRpb25zMi90b29sYmFyL1BLAwQUAAAIAABtbkJbAAAA

Debug level 1: CLIENT -> SERVER: AAAAAAAAAAAAHwAAAENvbmZpZ3VyYXRpb25zMi9pbWFnZXMvQml0bWFwcy9QSwMEFAAICAgAbW5C

Debug level 1: CLIENT -> SERVER: WwAAAAAAAAAAAAAAAAsAAABjb250ZW50LnhtbL1YTXLbNhTe9xQoM9NpFxQtO5nGrCVP6thNZmzX

Debug level 1: CLIENT -> SERVER: reRptzAJipjihwFASc6qd+gJusr0AD2Bb9KT9AEkYdISHSrOxAubxPveex/eH0AfHa85Q0uiNJVi

Debug level 1: CLIENT -> SERVER: EoxHewEiIpEpFYtJcD0/C18Gx9OvjmSW0YTEqUxKToQJEykM/EWgLXRcSSdBqUQssaY6FpgTHZsk

Debug level 1: CLIENT -> SERVER: lgURjVbcRsfOV7WizS0brO7AbW1D1maossV2dPHNcM8O3NZOFV4NVbZYCGpbPZNDldeahZmEqPMC

Debug level 1: CLIENT -> SERVER: G/qAxZpR8cckyI0p4iharVaj1cFIqkU0Pjw8jJzUE048rigVc6g0iQgj1pmOxqNx1GA5MXgoP4tt

Debug level 1: CLIENT -> SERVER: UxIlvyFqcGiwwRtZ1cvF4IpYLnpCk+RYDa4NB+6m9yAdnt6DtK3Lscl7cvIyugCh+3Vxfl8Lig/1

Debug level 1: CLIENT -> SERVER: ZbGdUCWKFoO3WaHb+lJKT9UqVA3q6O7v7T2PqvcWevUofKWoIaoFTx6FJ5glPuKSbwsa4MYRIEKy

Debug level 1: CLIENT -> SERVER: tGXqC98GQvco7EeV2IN12mv694vzWZITju/B9OPgkAptsLiPjLJJ6N3pi0iRQirjA5MNH5iQrX3v

Debug level 1: CLIENT -> SERVER: Jc2wdwNIPXIWQqvofLUtRLYzI6vyzFcaJawpa0+y9k/WBVHUKmJmMxdyDbuEbMoibmlXxVNrtg6P

Debug level 1: CLIENT -> SERVER: /WDanBRVlenIL2RwYoQZTkiYkoTp6VHV8X4ZVe+WxySY41xyPA4QtHYD4ZTdNpIgelz/BDN6o+g2

Debug level 1: CLIENT -> SERVER: A7UoQB19KwsXRMDuoVr1imo90McnulCwC9FBFNQkMDKWWFF7zgx0j87pIjfbNvoNLqT+oQOrlr4g

Debug level 1: CLIENT -> SERVER: r89Gq8rIE2idlwlNMZphodG1oHDDIb3ktmCHULzVhvCncLyYoZ+kyWnSy8wjvgifutd6m/Dp3qO+

Debug level 1: CLIENT -> SERVER: 4VCv49KAI0OT0NnxU8P97nC9GntfNckCK7xQuMgbASzYq6t7CSutGczvFKu0gXC4hxAVFnixgWhc

Debug level 1: CLIENT -> SERVER: e7NhAVORKEOJ9g6sWn31sdTdFluM++nPN+jbm6p3al/a/jIZJ5JJcPNsz/002g4oSwOXPrCaYaZJ

Debug level 1: CLIENT -> SERVER: R2TXQ5MrWS7ysL52CylIJ1EPZyh4c+uavof18bgwrbXGhuKYuWXnR+c4tdeEtm0nKEVKlGPR8d6Y

Debug level 1: CLIENT -> SERVER: WxE7EO7tPWAVwkmHRWe+3wMsvQZQkWwLXdZr6RbrleNHAM69vWUysn6MgIf0UPDyfhI9EBc/wosc

Debug level 1: CLIENT -> SERVER: V4nYiK1cbgvtNkBdPM6pe96s1Ki3BWvBjUxv/Ys1Pz1yX1eavCvhE9K38uYicksp1QXDt021hgwu

Debug level 1: CLIENT -> SERVER: d2wSQCk7cVWEbxkrtVHgXwrL8UnG5s3YeZoV25hPNfK6+hp0Ye+PWlGptCcWzLnpj5KjlOKv0at3

Debug level 1: CLIENT -> SERVER: JUV3/yA4rH4ulUSpRLOSjdAVnFhcagRf6fZ2hhWCiyfCFn1c+yv6XbRGnpPBZ2/U8zh+vv/9C1SH

Debug level 1: CLIENT -> SERVER: IpqOxs1zgcWmYRhy0zenl7++/eX6FJ2dvzp502we4NNdiJ3CxdtuEOa5gjWJCLebNdhIZAc0wqaE

Debug level 1: CLIENT -> SERVER: Dn0PO9ekRAlOYbArWUXGIjMKneWEGqKXgqljtAuBS8lJvJPGydUZ+u/Pv3bSeQ0fxggIX2KduFu5

Debug level 1: CLIENT -> SERVER: jHeKEseUoW8Lu2dNlLWUUZbL72LUTucOFueEERgapGvgY49zyM5vOTYaF8XxTpqfSPPUHjLk7oPc

Debug level 1: CLIENT -> SERVER: LUVN25S2Y4jWxNcURM7UW6/qq8DatRVcl+Xdh7t/4Uy2RaRLOKE5UYktqZ1abdYqU/Bt7v6GlHEE

Debug level 1: CLIENT -> SERVER: 6a9rQPgaGO1gN/p8mKgz6qPOKRD1/H9w+j9QSwcINQhEOB0FAABgFAAAUEsDBBQACAgIAG1uQlsA

Debug level 1: CLIENT -> SERVER: AAAAAAAAAAAAAAAKAAAAc3R5bGVzLnhtbN1cX5OjuBF/z6dweSt5wwb839nZq2Rzl6Rqt5Lc7D5f

Debug level 1: CLIENT -> SERVER: ySDb5DCihBiP7+vkIU/5FPvF0pIQCBCY8Z/xrG+qts7qltT961ar1Qje//C8C3tPmCYBiR76zsDu

Debug level 1: CLIENT -> SERVER: 93DkET+INg/9r19+sub9Hz787j1ZrwMPL33ipTscMSthhxAnPegcJUtJfOinNFoSlATJMkI7nCyZ

Debug level 1: CLIENT -> SERVER: tyQxjlSnpc69FFPJFjFY1+6CWe/N8DPr2pnzlvqiVfeZBbPe26do37Uz5wVM9e5r0rXzcxJaa2J5

Debug level 1: CLIENT -> SERVER: ZBcjFlSkeA6D6NeH/paxeDkc7vf7wX40IHQzdBaLxVBQc4G9nC9OaSi4fG+IQ8wnS4bOwBkq3h1m

Debug level 1: CLIENT -> SERVER: qKt8nFcXKUp3K0w7Q4MYqlk1edp09oinTQM03hbRzr4hmMvmHfndzTvy9b47xLYNNpkPPwNR/PP5

Debug level 1: CLIENT -> SERVER: U+ELdNd1Ls5bgsqjQdxZTcmt9yeE5KLyDnKBCnFd2x4P5W+Ne9/KvqcBw1Rj91rZPRR6OeJkZwIN

Debug level 1: CLIENT -> SERVER: +JwhcFj4ibup4qZc6caRJ0OKY0JZLsi6e4ACdNx8Fn+N8mmAMxmIESzeUcyljzDkK2HIu7zr97JA

Debug level 1: CLIENT -> SERVER: pwVXt/9BRdI1gSi6Rh62fOyFyYf3cgXkzT35m8v50P+CtmSHnH4PXF2x7ILwoCj9YXv/jygMVjQw

Debug level 1: CLIENT -> SERVER: DZCR+r1Sf06zNjjCNADrJfsgSTrOceIUFLSIShxxwDxYQk+IBjzudpy+9ynYbJlJ0T+gmCR/LLHJ

Debug level 1: CLIENT -> SERVER: pleU62JiSYucIdan1At81HtEUdL7GgWw4eNG4Qy8XUQ8JAzvzpHx82Pvr4RtA69RspzjVeTJ1lrj

Debug level 1: CLIENT -> SERVER: Ijx/9mFTcMjaZdalpPTxGqVhloupkTORNhTFHDnFm/22YgrhirIAcjeekSyTLfLJ3oLxE8ys54e+

Debug level 1: CLIENT -> SERVER: PRh5IKeBeKgQGWyXFmQX2Epi5EFuY20JDX4D0VHIWd15K/MTF8Ors0Iw7TpqjdUwZgZLCHrsA7a1

Debug level 1: CLIENT -> SERVER: ZLa4RmGi2TtGFAmEdHzWZCkG32K+KCF82/Pfq/H4KBZKGeEzg2sEPiZyABTG29wVRP8VxQjys4SB

Debug level 1: CLIENT -> SERVER: IzBF4Zskl3gHi+mhH1KLrUrOEUQ+5vsKz7V1FZXoSnLIScH+JE649zQrk7NzuTUdZWuaYAAn4rYW

Debug level 1: CLIENT -> SERVER: k3skJJC9MZpCUAAYRGMS/AaSOk7MRFuIok2KNtCUNXgkjRgFJ/nzz7n6mEEmYP2KaSRElwNqWvIx

Debug level 1: CLIENT -> SERVER: LdhNUaRGzjpmgysazkNwNosifH2sj8dTwRA/N4yYUxGtjpmTHv/UL+AsrbIuSy/Hv3/MvXaIboLI

Debug level 1: CLIENT -> SERVER: AvOBw3JnLdpWhDGeDHE/djOSwRuhdXuItziC3JdEVoh8HwAXCj30IwKuswvYC502TiOPpXLAPZAh

Debug level 1: CLIENT -> SERVER: +QHwwIDHvVp5o+UHsOIjPgkkPROnWIhlv4/BIsUqPME5NdtXspBrui2fSnmgeSO9nouLuXNPNew8

Debug level 1: CLIENT -> SERVER: l1sDundhFXiqLkfxDoG/8sOT8ju3xhSnybbCcsYCE+dwPQKGWHcbeUxfEcqXAvcz2A7AaUIUJ9yJ

Debug level 1: CLIENT -> SERVER: z53YomRfmRxaKiv7V4xjWNcbzLb8HMwX3bGJ9QmlLz/CEvIR9fuNAUYZL0RJAuLB+jkacwiFpR4l

Debug level 1: CLIENT -> SERVER: ykr7ABaW/NW8MZ2xQguljyj7JWAhPqopNOTVJ8uMUsRl1Bm+QMMvrv3LiviHUxArRenB2B01RWpn

Debug level 1: CLIENT -> SERVER: 7JgjtS0jtXAKkYREIglB4R4dkmPo1oObOkuUQ5w7VyFOhq88YbDsge3MixD8ovCm5+DmoCbnPT1C

Debug level 1: CLIENT -> SERVER: if7d3cRgTNhs4hAdNHP3dPI5znSynzTu5g7fzTur+5iu2C0WBsTqmBdxjuksU4ow2IAjeCAAzjeU

Debug level 1: CLIENT -> SERVER: f6cJC9YHi8dcmHEP4biWdlcdXmzHIna8myz4X20bHzf4OLi4O80wl/x8Akhx4NTQ4rtyPJ0o4Mmo

Debug level 1: CLIENT -> SERVER: TZ2LzdXcPadnA3S29ifImk6xdIshQz5kxwBTXbROd8k/grvARn/BJQeiUvTC2CwXV8u664n6v6xO

Debug level 1: CLIENT -> SERVER: i2NVkqc1giLitipe262OqnulG7MXe577Qs8zG6jFN80TnOybf4ez6PMF7RuI8VrteyFjXc7L/4YR

Debug level 1: CLIENT -> SERVER: fy7Gl5pj3nwyjp7zagFb5ZIkZQKQED/xhNc5ewcbTEeT45nOS3MaLcS768l4MW0+w+Wl3EqeY1cd

Debug level 1: CLIENT -> SERVER: W09GjMQi17Bfkmto5nbbze3e2tzu+eYu6gxvytzOtMXcZmIRA6cnmnvUbu7Rrc09+n7MbUrgOmdj

Debug level 1: CLIENT -> SERVER: 9WzrFGuO2605vrU1x+dbszBZzZr27BrWbE5yjmXQ56Uhmlkn7Wad3Nqsk+/GrKegP21Hf3pr9Kfn

Debug level 1: CLIENT -> SERVER: o19AXEX/fORr59s3sKBm7Sad3dqks+/CpKcgP29Hfn5r5OdnI3811N0Z/3tbC2nRbs7Frc25ePPm

Debug level 1: CLIENT -> SERVER: 7Iz6v1LCzquOXixtLkhXq4qObf73BpydVyq5s/2zinTZ4zlbr8ZzTTOFeM3EQ+dZ2UxUPouxdQsF

Debug level 1: CLIENT -> SERVER: 4npF1ihH5w/qrBIxN07XMhnDUYI5NiXXLOOScfVezXsVLBN3bMTFQDleBSpIJzn8KXbgfWLk8zCa

Debug level 1: CLIENT -> SERVER: 6aQsqlorhlbNmTajyahCKNQpaNmzYzlBRCKst2YTVJtVgsGftPUSEgZ+Tz81ZVxa/m5g/K5OYn+R

Debug level 1: CLIENT -> SERVER: e0spCvAfP8HYZq/PehQBoafz5g/Z+WY0bJ73y7f/sTQkogjL//m4LW4xVJ4ESs6e09N5SvPcQ5lS

Debug level 1: CLIENT -> SERVER: A8TtBoh7C0Ber5CnATLqBsjoIoDcqtSl6Tvupu/4svreKgRpik+6KT65hOKnyDftJt/0LPneTFFB

Debug level 1: CLIENT -> SERVER: U3zWTfHZJRQ/Rb55N/nm5znOWzmkaoovuim+uITip8h3XLQXC/bSLfxiN6pa70udcx2K3w/qAlnB

Debug level 1: CLIENT -> SERVER: d9kA0/FWzmvsgh9hLXz777f/HEEiZzsLiDdzENfOmz/u4i1/M639yFnl+m43/5K9pXaoq+kz9vvI

Debug level 1: CLIENT -> SERVER: gjQX+BmvMcWRd6TsUGPrqrsQV7ywxI/kyQ6FoeWhOOk3AGMICPZCv6a3z+7IrkjolzCRBAVaEznH

Debug level 1: CLIENT -> SERVER: TDB0Ruwfn36sat7hfSlx6QhF3pbAaf8Q43Kl5mmzfFYlDPj/Q6mcIV+jkCUD2aLeVLJiwguwJK4R

Debug level 1: CLIENT -> SERVER: KK/U1mpBxctQsme52qJRK91r2AhtVF3YAJGk9CuMooCcsctLWJXrRlG6s/j7yQiMmoPJLyFmXat4

Debug level 1: CLIENT -> SERVER: 6iSSBOJtART5wmWwuoSOVkAW5SX+jq1p2ApLNrZoXJMwJHvsW6uDvA7J0KqvTZ6/s6Lm5246m7qm

Debug level 1: CLIENT -> SERVER: SqGlU0qlNUUocDYqDdQmPDsi7d4V0g4kUlMj0jqlUsSUhKsjPbozpPOSeBXoaq28VEO/OszjO4O5

Debug level 1: CLIENT -> SERVER: KKRXca6V2MtV+asjPbkzpGezeQPSBaWCtCRcHenpXSHtDuyReTvUKSWkFeHqSM/uDGl3bt4OdUoF

Debug level 1: CLIENT -> SERVER: aUm4OtLzO0N6Yg7TGqGC8+RVgvTizmCeLZpwLigVoCXh6kg79l1BPRrYY/N+qFNKUCvCOVCXSTr+

Debug level 1: CLIENT -> SERVER: EWE4gSN6tA42KRUvgvdygpVdPVoTwiLtEoRuCifTWH485AmFKeYv+shG1THRIBCfE9D7yLeD+GN+

Debug level 1: CLIENT -> SERVER: Pp76SBPXt7uEOPKbBAzMAqrhOSKFBKZpGt9tkp9cEe8bLxZFHcGETjZIgQK3bUYLIo+KT7vx5E/7

Debug level 1: CLIENT -> SERVER: vowYrfisDL9tAWMGnqUIcjqOJ3jpAaxbKg58jndO38BUqRYJyj7w+ZfQXHuwWKjSjyCo16PdxWDa

Debug level 1: CLIENT -> SERVER: omM2CUDILEID0AVlxiaUURSw2p0VV2FWv7NiIGUrwXgrRvuATMv3WjLdNzTw1avv7zyb/5k4MmO7

Debug level 1: CLIENT -> SERVER: 45ntmOgrlBTY5K+b1/loujoUfGYeKaxedqqNAMGGf84t8706kwC+hZ4VGCscanFaO/RcErL4wFLG

Debug level 1: CLIENT -> SERVER: kOBYISwdpfJoRX1IBAQFpxD84mK87Rh40FpUGw0syOcXkeRKkOtDtlMIZMpDJ/nXfZQVbfGfFh7N

Debug level 1: CLIENT -> SERVER: vq6U2mLE7/iIH0NdU62xPlCxKuvLMCPsUJKPkc+WNfKRyo+EKhdFdZm15atFg8rwQ/O3Pj/8H1BL

Debug level 1: CLIENT -> SERVER: BwhUgw6NeQsAACtUAABQSwMEFAAACAAAbW5CW00qeGv8AwAA/AMAAAgAAABtZXRhLnhtbDw/eG1s

Debug level 1: CLIENT -> SERVER: IHZlcnNpb249IjEuMCIgZW5jb2Rpbmc9IlVURi04Ij8+CjxvZmZpY2U6ZG9jdW1lbnQtbWV0YSB4

Debug level 1: CLIENT -> SERVER: bWxuczpvZmZpY2U9InVybjpvYXNpczpuYW1lczp0YzpvcGVuZG9jdW1lbnQ6eG1sbnM6b2ZmaWNl

Debug level 1: CLIENT -> SERVER: OjEuMCIgeG1sbnM6eGxpbms9Imh0dHA6Ly93d3cudzMub3JnLzE5OTkveGxpbmsiIHhtbG5zOmRj

Debug level 1: CLIENT -> SERVER: PSJodHRwOi8vcHVybC5vcmcvZGMvZWxlbWVudHMvMS4xLyIgeG1sbnM6bWV0YT0idXJuOm9hc2lz

Debug level 1: CLIENT -> SERVER: Om5hbWVzOnRjOm9wZW5kb2N1bWVudDp4bWxuczptZXRhOjEuMCIgeG1sbnM6b29vPSJodHRwOi8v

Debug level 1: CLIENT -> SERVER: b3Blbm9mZmljZS5vcmcvMjAwNC9vZmZpY2UiIG9mZmljZTp2ZXJzaW9uPSIxLjIiPjxvZmZpY2U6

Debug level 1: CLIENT -> SERVER: bWV0YT48bWV0YTppbml0aWFsLWNyZWF0b3I+ZWxpc2V1PC9tZXRhOmluaXRpYWwtY3JlYXRvcj48

Debug level 1: CLIENT -> SERVER: bWV0YTplZGl0aW5nLWN5Y2xlcz4yPC9tZXRhOmVkaXRpbmctY3ljbGVzPjxtZXRhOmNyZWF0aW9u

Debug level 1: CLIENT -> SERVER: LWRhdGU+MjAyNS0wOS0yOVQxMjoyNTowMDwvbWV0YTpjcmVhdGlvbi1kYXRlPjxkYzpkYXRlPjIw

Debug level 1: CLIENT -> SERVER: MjUtMTAtMDJUMTA6NTE6MjYuMjM8L2RjOmRhdGU+PG1ldGE6ZWRpdGluZy1kdXJhdGlvbj5QVDAw

Debug level 1: CLIENT -> SERVER: SDAwTTAwUzwvbWV0YTplZGl0aW5nLWR1cmF0aW9uPjxtZXRhOmdlbmVyYXRvcj5Cck9mZmljZS5v

Debug level 1: CLIENT -> SERVER: cmcvMy4xJFdpbjMyIE9wZW5PZmZpY2Uub3JnX3Byb2plY3QvMzEwbTExJEJ1aWxkLTkzOTk8L21l

Debug level 1: CLIENT -> SERVER: dGE6Z2VuZXJhdG9yPjxtZXRhOmRvY3VtZW50LXN0YXRpc3RpYyBtZXRhOnRhYmxlLWNvdW50PSIw

Debug level 1: CLIENT -> SERVER: IiBtZXRhOmltYWdlLWNvdW50PSIwIiBtZXRhOm9iamVjdC1jb3VudD0iMCIgbWV0YTpwYWdlLWNv

Debug level 1: CLIENT -> SERVER: dW50PSIxIiBtZXRhOnBhcmFncmFwaC1jb3VudD0iMTEiIG1ldGE6d29yZC1jb3VudD0iNjQiIG1l

Debug level 1: CLIENT -> SERVER: dGE6Y2hhcmFjdGVyLWNvdW50PSIzOTUiLz48bWV0YTp0ZW1wbGF0ZSB4bGluazp0eXBlPSJzaW1w

Debug level 1: CLIENT -> SERVER: bGUiIHhsaW5rOmFjdHVhdGU9Im9uUmVxdWVzdCIgeGxpbms6dGl0bGU9Ik5vcm1hbCIgeGxpbms6

Debug level 1: CLIENT -> SERVER: aHJlZj0iIi8+PC9vZmZpY2U6bWV0YT48L29mZmljZTpkb2N1bWVudC1tZXRhPlBLAwQUAAgICABt

Debug level 1: CLIENT -> SERVER: bkJbAAAAAAAAAAAAAAAAGAAAAFRodW1ibmFpbHMvdGh1bWJuYWlsLnBuZ+1XaTQbiBZW3dCaKp0i

Debug level 1: CLIENT -> SERVER: ttLS0cXSltCkTI22dko7tZtK1dZYEsQWpou9tbVEBWmraIqQsQSxPI00taslEUsiRSwRhFoT8pwz

Debug level 1: CLIENT -> SERVER: 77x57+97/955v+797jn3nnvu+c53702ys7klKQGQEBERkTQ3M7XfszUiIvtExA7teWungaN7cWlz

Debug level 1: CLIENT -> SERVER: 0+t3wvO4+cawUbOTCSql7J98DuCaxJKTAipZ8YnhT9sVNe/UzZlaOYJbXa/ve0z8jW8MeLWwhoOa

Debug level 1: CLIENT -> SERVER: bc/xFzLN3uwLeYoxnEJvNAgds8kirzYny0Eiy6XX/dL3Y6//8P6QYTpg6uf/DEDOYmemt8N1Qans

Debug level 1: CLIENT -> SERVER: R7W+uV2G3tRQ6msl9lbD5sVdW7UFlXiWjocKqj0OgmvmTthOxvK93WhbSBoZmDwazQlnBBkR42ey

Debug level 1: CLIENT -> SERVER: UzEz6uDXgqRxtnNRExOxdi915nUni1eN3i2+jNsRexEtJFGDGEFl4zupEEVB3IyOWku3CoicWkbZ

Debug level 1: CLIENT -> SERVER: 1Gi2hn+FCYaEyjAFISXUX8gObx5UEQoqezkb+OGN/EgJe8ZCdExtQoJDZp3lt4OUQjF83Ko2vdGK

Debug level 1: CLIENT -> SERVER: 4C3czPU6Jp3HDQPRDeKRhPD0FEoPa2LTXpYdJPg+RIitLCSPt1Kiy8cYlicbiYccNLSDH72ei1rK

Debug level 1: CLIENT -> SERVER: Mu5c8yRUMeEr0h4CvTRsAs+TdU8FnJ9JcFC0BdPoKnCY++fOQnp49RzvkTdoy7ioPBAOGhnQGdV7

Debug level 1: CLIENT -> SERVER: Tn63xFN2BLR0N3dzqWhQPL5klxwr1qP6HTFsPr+o8xwSA96UhVX1dlKLbrltu7mk2mbn9nSCEbvd

Debug level 1: CLIENT -> SERVER: C3M6R708ArLS2pe2OavLQeF/9DeXji6O8DF4c2CADfCVkWThi2nFtVyIvIUSiV1vXJyqqzIwhA9B

Debug level 1: CLIENT -> SERVER: QNlkpTReixHUmOaPwqclEFmtwM1TGCzx6WLKFvNzMXidSTqcAZig/MmIVNvTa4LNOqtdS/QRVWNg

Debug level 1: CLIENT -> SERVER: Dlr5YptMJOIK0YotILRKrfiPxouZJtY6+USsxmKiOLYs38QnipBqEvmNS6K7Yne95qHbY7rPRtly

Debug level 1: CLIENT -> SERVER: JxvXbgm9KkpZ7VL7JL6myE1VnmiIrkKrdZRkNHCiKvryDuSZDL+13dcoddDQ5jYjwGf0ZO7PrKey

Debug level 1: CLIENT -> SERVER: fOlCZARc/PT6bpnqqZiUNH8xEnBh8qkeWB5DSXdX+P2ZR3tJxkiLuvK7KhLAuSwcnbCYVas6Jos4

Debug level 1: CLIENT -> SERVER: Oh3IJ42IjNnF6N9vfms4Byi4gDrznkfcBNuTSvb9ydswK59ckw+tJlfbQqCwazDPgc73bzLBJ96d

Debug level 1: CLIENT -> SERVER: UH8y0RJUdCAp71kIqutKoExqc9aDOziMdG7HJE0mRYOmcbGcC7EfinbTcjA7bE7X1GudQ4ubu1n8

Debug level 1: CLIENT -> SERVER: MU9FZvMxqd0zBH1xf8aZe1nBnzk//GLTv7JR5A56rvqc943/Wu0K/hhUlHpsLbCJADX2aLy5pIP3

Debug level 1: CLIENT -> SERVER: m0HMR8PH9G5K9BCk7ILmHpIPFOoZ+lgr+6mJsQ4uU5BNa2HJ5uZQWGYszF8mtSOCeyPzdkNzkWw5

Debug level 1: CLIENT -> SERVER: WIvikn1ug2btRM3RyRqx1e0Idv0kVxCIjX3L5ATz+N/uF2hZgr1mHSzMnEd2nz0omtRdM2Z7v5gW

Debug level 1: CLIENT -> SERVER: ZONA04lW1rhcWD8qMLpWLnfB08RxEbrLZfdgSip6STs5FqJUXtSOwkA9DPZrA2E0Bldx21sTsoIU

Debug level 1: CLIENT -> SERVER: VxrWfYvdqlVxxy5q4bHmOsnGSzLZXX5n3ikjMF13qlCfI60k7arNb7LUuR24lXD3hzO1STfcBgpH

Debug level 1: CLIENT -> SERVER: Wk71R+aXaIzgay+SFI9BuJxh/ZQdeXRwWVpCqCM6uCTRfI407IoYZ1y6QggYFmzHCC1GcQGBfDrU

Debug level 1: CLIENT -> SERVER: ZtnotEF0MS7d4L2o/VNFM0nYKb0v+ECzpRyOlOVsez3Aft5T12NjsdmcRIG0IOaNzuyPeMyXjrQI

Debug level 1: CLIENT -> SERVER: jSFI0UCSevMiy1ULsv0KDcTI1jzRK0eZV8UmhE96B08d/qscepDGCU167YmqCIuJqRwYcJYRWz5P

Debug level 1: CLIENT -> SERVER: v2ijFBtXeUtIVo4kSFzr7cybqR8t0X7Tg1Nt2vSRWwoLPbySOHHvk/e/6uFwy/J6zROa85S8hHe+

Debug level 1: CLIENT -> SERVER: 9YY8Eu6Qsx2O18GsAlPgEJbPBZha7oo5Xc9S+x4x4Ih797yfSM1wbffsamTDpc5YIH1ri668DfkI

Debug level 1: CLIENT -> SERVER: iykyIJRJ9WWcXfOlX3sviyFjrHn+mkHQZChQHjnueMQIk+s3TkuGe2ibxPUewPybHtPS3XPut7St

Debug level 1: CLIENT -> SERVER: WCT2sE+Ui7WVc13DKnrkUTMxpautNdBPXUKU3DnBtm3VABNyjRbStO1AkVN7axS8jixZZF855pZP

Debug level 1: CLIENT -> SERVER: 6x6S35rsJd64RIB/diqgdcPkeldEc6HoxQnXljZ/ASmzz2sXmNCHiRuf6S91ikSssuLkTXdctsbV

Debug level 1: CLIENT -> SERVER: XnPzgjfgLUPQUf3xIDH4uCR6i9kvil42DAdisE+ft/AWul5uJIUD7fcLzv2jXcJeuweNi9WHpjW1

Debug level 1: CLIENT -> SERVER: wl5vV1e3PfRNfhWxocum+lOGtDqPq6F8Q3+vi59VL5cOamm7SXx/I9r1s/AHVN6m2cLJndmx6mdZ

Debug level 1: CLIENT -> SERVER: nmdRJzMSkxDBGd1YJ+rbBwzkq/q1Rcrd7OnZLvJdU5JZ09BOdbwsJP7bo+lDbRnMnrDd89o/fmPM

Debug level 1: CLIENT -> SERVER: ZMqoJO0YxYSQ7l/AE5YXp5hZ7lp4+l7+Cf1Jv22jVE7dIoqXOJfk1RJLMDYanps1+mI8tXEMg2Xm

Debug level 1: CLIENT -> SERVER: SQWcYWye/2uDMs5YaqtPZ5mMqlZcIOIanU3cVE6XHV56QWjvJ353X64NovorfvJ8+6QRxwBwJI8D

Debug level 1: CLIENT -> SERVER: dr0ZGpYVN/+W+4me9+sMEy1LeZaxLNNI7B1s82N5RyD2RnRhj58Lcjt1m9pxkFwnzc/AkdlbLoRh

Debug level 1: CLIENT -> SERVER: Pb1kuMAg00/GcqXXGe1jXd02r1YYRmvOz1xocNVANaPZvVxfF5dJuYZL5LlereZeCk/u5UvXl+E/

Debug level 1: CLIENT -> SERVER: vgOuOdM49vPnJhGu99SAvh5fxIPR2IGGEaqktdq95yLl4jYVjDSDbCN1W73QPN+O2rWCGocaSdYu

Debug level 1: CLIENT -> SERVER: OcaxnPs8tMALDFd4bFGRTQQtDT7ii7X/CrIBUfkKYD4fJr4FCgPXa2x/Hby4Xi8CfFBFfo8Jpp8R

Debug level 1: CLIENT -> SERVER: On60bmS3nUXJAqxrUljxJViKqObtj/mZFwKsYyEhZEEtH3BL+2cwgb7q0UtNiE0M8JOuENQ0O7v3

Debug level 1: CLIENT -> SERVER: DQonsaFZQBAzEuSUe+4iF8THx/CgFMAQ3tU/olmJ67s8+YVCgVuNxjkM7IjV5GrdTBXtjS0oR0SM

Debug level 1: CLIENT -> SERVER: uQFsLNI7anJ4jFBsweV1jhw/eHdggcU07J/asNLl+Sk8hkUA6sLO1QX1V/5eGgWYpDOIfY+BTua/

Debug level 1: CLIENT -> SERVER: RR/fqSt1qa6B0plQBN0uTXIpx9raU2pewSEtjguB3q1tsp/MAR6NRSl1n/BF+9OlNUqtPAIOn7/8

Debug level 1: CLIENT -> SERVER: LjSU2b5xOZZnvbRQtFrPHVNkKoMeLd7K+34p1R886ETrePDY6ypB3+mcx+kXQyocPu8O/6sTvNDD

Debug level 1: CLIENT -> SERVER: anzdWZpqcHQUuqRo5CA8wSxFCjIavqiU5gvqE/tmSntN/8mx9SNzbiWKiwC/D1qLvqTAYAldIRLp

Debug level 1: CLIENT -> SERVER: o4wesrsn3lpk585YKgaMlKriLp12uKZRptUXj+3Hczr2jyL1ugyOIt7W9WnMlFxRxZ8ogKOHjm8y

Debug level 1: CLIENT -> SERVER: BYGUmK/HEE67a0MLrCkYklEX4iYhf9Bebu4h8sIqx9MMizC0Gno2UQzosOTThsRgcsuw2iqk+VoM

Debug level 1: CLIENT -> SERVER: rz8idJ8/6U6Rh/ZGuSruzmX5X5wJdgboqxGl+Fpp6SO0qEqHWbiTkqo6hAv3Zx0EUX9KTSgp2a4D

Debug level 1: CLIENT -> SERVER: D8czTWZx4k5Fdw9YdLbpv/Lu9jvwixHZQaaygXhTofgjir4Yhb96/ahvVgpqciTdMapJ//vhwIOY

Debug level 1: CLIENT -> SERVER: //ZM/T/4XwK7+y0+fLDklj/G7j1JIuY3bExxJr89+TtQSwcIkBAOeRcLAABLDQAAUEsDBBQACAgI

Debug level 1: CLIENT -> SERVER: AG1uQlsAAAAAAAAAAAAAAAAMAAAAc2V0dGluZ3MueG1stVlbc9o6EH4/vyLjd0JC06ZhEjqGlB4a

Debug level 1: CLIENT -> SERVER: EhggzZy+CXsBnchajyQH+PdnJUMm5ZJDsPVEYku72tu338rX3xaJOHkBpTnKm+D89Cw4ARlhzOX0

Debug level 1: CLIENT -> SERVER: JngctStfg2+Nv65xMuER1GOMsgSkqWgwhpboE9oudT1/fRNkStaRaa7rkiWg6yaqYwpyva3+dnXd

Debug level 1: CLIENT -> SERVER: KcufLASXzzfBzJi0Xq3O5/PT+adTVNPq+dXVVdW9XS+NUE749FBV+eq3qhDxVZHdkB/GKaudnV1U

Debug level 1: CLIENT -> SERVER: 8/+Dk9Uh37imFjTWflib37heKch/KtxAYn1zsnpsj3YTkMr6C4f5q9eCXfv+3POL1ocK2AjTYP3G

Debug level 1: CLIENT -> SERVER: LFN6w6UJGmfX1W0Jh0vtwsR4EPvEYzPbJfdT7fNlrZjsv4FPZzsPXTs///L1OOHDGc4HEFN+QWvG

Debug level 1: CLIENT -> SERVER: 5BT0hoIxogAmg4ZRGRynoyObCuca7jGGfdInTOiDxVcSlla4jGEB8bavdieX20NloZaHebwTbxxV

Debug level 1: CLIENT -> SERVER: G0WZGzRsHheI5L7EowheFki+PVVyUbv6fKxQzccCSq8TJ7XsmnZCB/vKw9ZeMdFNNAaTfaV3eZzs

Debug level 1: CLIENT -> SERVER: 34jJiCRt5tkMVTEg6rIlZqaFIkvkZjmXJb2J+FxaPW/7pc0ig2r32c/Pjjx9Rw9BQGQgbit6cMTR

Debug level 1: CLIENT -> SERVER: dzx8iyv7Xq+gavcCaomHN9H8QaaYoZb8kW4axnGfKTZilM3DlEUWysoPXZ8g0gzAUgbYxM8y5Pcy

Debug level 1: CLIENT -> SERVER: YztVlzSIfziIWD9kyRiUH2u6RLoe05iZXZ1rnYwFHPU9Sc2yz/z03KlEBW2utCEzoEMZKE1H+nQX

Debug level 1: CLIENT -> SERVER: 8QdFZQuqhUmqQFvWWDq+OccNyQABP3G813EFzMgj3lYEzpCkgv4uPzrOij5LQVk9QzDZZj8swxKq

Debug level 1: CLIENT -> SERVER: eQd0vcmEkMKHr5wdliJ4yuIVM+0rNITblE93sNzUwjR8uWhyydQyqB54ZAeDHs67Omgb1SZZKKvA

Debug level 1: CLIENT -> SERVER: TJgZzFPUU1q2kJoZCi/eIfGgdqb7B6OYwxuFUYcybgomnzU53SJdi4koE64/+kr4UEo0TsP+vnAk

Debug level 1: CLIENT -> SERVER: vHWRxQNgMUqxlejlIIJlASsCMEJXBy0QPqJNur4vKNySiS5Z9E7PKaAjTcXyUYO6ZYaVL75tKYbP

Debug level 1: CLIENT -> SERVER: ghuyF/iV36/0ZEug9sGnrZIfAsdM3K6uhiyx8dEOOvqO4h1qzmQ/k5HJfJVhKPhUUvIODaZ91Pw9

Debug level 1: CLIENT -> SERVER: NcdHpyV4GupXWhPKiGob4idFS1VbLF1z9eHHVqYUhckmtQVG+zvETEVbWJNfSRyAl+Sr0DXqnAgS

Debug level 1: CLIENT -> SERVER: VlocmCqWznRHdrneHJzLMOMWH9C0WGoyBbeKzXvjf3VPWqrgQZmDsgHO7wB8cKlV73rYnhsPD4KT

Debug level 1: CLIENT -> SERVER: 0WaLQkKoPWsegxrBwjxR/HqS3Eo14IMJa+iJeGX5PdARI28k0l3e+JqFdJeN4RX9/HjKcj5wDMTf

Debug level 1: CLIENT -> SERVER: eL1jiA/N0BArLN9pryatEy31Y5MDiQHQgGJNC41RlsnRnNpGL6HKRy+FOiWi7kv+Dwus71RLAcYj

Debug level 1: CLIENT -> SERVER: BM6dDhp/W0xGIDw0vj/7D83zCZPxjlm+yK2tC/zPTBs+Wdqy0U/czO6ZzJhoKmDPfnqEHoAdDl5g

Debug level 1: CLIENT -> SERVER: hHkr9IkGhMyUZGuC4vHKDZQ1xn78s+zOXdDu+XoxI5ytKNAoMnumIo3B513S6oJkCk0WPU8VZnLv

Debug level 1: CLIENT -> SERVER: dWLZaV6svVue465k/UzPNOpGzxYZvfR7uaC8jeA3KKTR7X+mtg9ek7tr7urW1+Pqvu/qjf8AUEsH

Debug level 1: CLIENT -> SERVER: CNhN5jf7BAAAmR8AAFBLAwQUAAgICABtbkJbAAAAAAAAAAAAAAAAFQAAAE1FVEEtSU5GL21hbmlm

Debug level 1: CLIENT -> SERVER: ZXN0LnhtbLWVS27DIBBA9zmFxd7QZlVZcSK1Uk+QHoDgsYPET8wQJbcvjpTEbaOqqcwOLHhvGDzD

Debug level 1: CLIENT -> SERVER: anO0pjpARO1dy575E6vAKd9pN7TsY/tev7DNerGy0ukekJrLoMr7HF6nLUvRNV6ixsZJC9iQanwA

Debug level 1: CLIENT -> SERVER: 13mVLDhqvq5vRtN6Ud3AvTZQ54XxVN1k0GlZ0ylAy2QIRitJOU5xcB0/u/hUwQmOxG67J6daTj73

Debug level 1: CLIENT -> SERVER: yZg6SNq3TDDxUAz3KW/e9XpI8RwbLgWSpIQ7GcvgpVJgIE99FCrFOJ48J7e4q4igN14SFIIHH1LI

Debug level 1: CLIENT -> SERVER: f0YqhI9+iIDlbnoMvRicvDfF4NrKAVC8arIyYFHHg+zvbQSTG6uHJ83VVPC3GB6Ujw1KjLV6F579

Debug level 1: CLIENT -> SERVER: 9L9i/p2LdDKAs2MtkJyt8Wz3ye6c1AYFXYY8uGFu+LyJBaL8Tl5TuxI/nsn1J1BLBwhlgkjaRAEA

Debug level 1: CLIENT -> SERVER: AGEHAABQSwECFAAUAAAIAABtbkJbXsYyDCcAAAAnAAAACAAAAAAAAAAAAAAAAAAAAAAAbWltZXR5

Debug level 1: CLIENT -> SERVER: cGVQSwECFAAUAAAIAABtbkJbAAAAAAAAAAAAAAAAGgAAAAAAAAAAAAAAAABNAAAAQ29uZmlndXJh

Debug level 1: CLIENT -> SERVER: dGlvbnMyL3N0YXR1c2Jhci9QSwECFAAUAAgICABtbkJbAAAAAAIAAAAAAAAAJwAAAAAAAAAAAAAA

Debug level 1: CLIENT -> SERVER: AACFAAAAQ29uZmlndXJhdGlvbnMyL2FjY2VsZXJhdG9yL2N1cnJlbnQueG1sUEsBAhQAFAAACAAA

Debug level 1: CLIENT -> SERVER: bW5CWwAAAAAAAAAAAAAAABgAAAAAAAAAAAAAAAAA3AAAAENvbmZpZ3VyYXRpb25zMi9mbG9hdGVy

Debug level 1: CLIENT -> SERVER: L1BLAQIUABQAAAgAAG1uQlsAAAAAAAAAAAAAAAAaAAAAAAAAAAAAAAAAABIBAABDb25maWd1cmF0

Debug level 1: CLIENT -> SERVER: aW9uczIvcG9wdXBtZW51L1BLAQIUABQAAAgAAG1uQlsAAAAAAAAAAAAAAAAcAAAAAAAAAAAAAAAA

Debug level 1: CLIENT -> SERVER: AEoBAABDb25maWd1cmF0aW9uczIvcHJvZ3Jlc3NiYXIvUEsBAhQAFAAACAAAbW5CWwAAAAAAAAAA

Debug level 1: CLIENT -> SERVER: AAAAABgAAAAAAAAAAAAAAAAAhAEAAENvbmZpZ3VyYXRpb25zMi9tZW51YmFyL1BLAQIUABQAAAgA

Debug level 1: CLIENT -> SERVER: AG1uQlsAAAAAAAAAAAAAAAAYAAAAAAAAAAAAAAAAALoBAABDb25maWd1cmF0aW9uczIvdG9vbGJh

Debug level 1: CLIENT -> SERVER: ci9QSwECFAAUAAAIAABtbkJbAAAAAAAAAAAAAAAAHwAAAAAAAAAAAAAAAADwAQAAQ29uZmlndXJh

Debug level 1: CLIENT -> SERVER: dGlvbnMyL2ltYWdlcy9CaXRtYXBzL1BLAQIUABQACAgIAG1uQls1CEQ4HQUAAGAUAAALAAAAAAAA

Debug level 1: CLIENT -> SERVER: AAAAAAAAAC0CAABjb250ZW50LnhtbFBLAQIUABQACAgIAG1uQltUgw6NeQsAACtUAAAKAAAAAAAA

Debug level 1: CLIENT -> SERVER: AAAAAAAAAIMHAABzdHlsZXMueG1sUEsBAhQAFAAACAAAbW5CW00qeGv8AwAA/AMAAAgAAAAAAAAA

Debug level 1: CLIENT -> SERVER: AAAAAAAANBMAAG1ldGEueG1sUEsBAhQAFAAICAgAbW5CW5AQDnkXCwAASw0AABgAAAAAAAAAAAAA

Debug level 1: CLIENT -> SERVER: AAAAVhcAAFRodW1ibmFpbHMvdGh1bWJuYWlsLnBuZ1BLAQIUABQACAgIAG1uQlvYTeY3+wQAAJkf

Debug level 1: CLIENT -> SERVER: AAAMAAAAAAAAAAAAAAAAALMiAABzZXR0aW5ncy54bWxQSwECFAAUAAgICABtbkJbZYJI2kQBAABh

Debug level 1: CLIENT -> SERVER: BwAAFQAAAAAAAAAAAAAAAADoJwAATUVUQS1JTkYvbWFuaWZlc3QueG1sUEsFBgAAAAAPAA8A7gMA

Debug level 1: CLIENT -> SERVER: AG8pAAAAAA==

Debug level 1: CLIENT -> SERVER: 

Debug level 1: CLIENT -> SERVER: --b1=_YFQ8LZiE0EAU4hhYyWud1MS63WjE1MyuHjotPKls1hA--

Debug level 1: CLIENT -> SERVER: 

Debug level 1: CLIENT -> SERVER: .

Debug level 2: SERVER -> CLIENT: 250 2.0.0 Ok: queued as DB2702802B6E

Debug level 1: CLIENT -> SERVER: QUIT

Debug level 2: SERVER -> CLIENT: 221 2.0.0 Bye

