Debug level 2: SERVER -> CLIENT: 220 smtp-sp217-2.kinghost.net ESMTP

Debug level 1: CLIENT -> SERVER: EHLO localhost

Debug level 2: SERVER -> CLIENT: 250-smtp-sp217-2.kinghost.net
250-PIPELINING
250-SIZE 62914560
250-VRFY
250-ETRN
250-STARTTLS
250-AUTH PLAIN LOGIN
250-AUTH=PLAIN LOGIN
250-ENHANCEDSTATUSCODES
250-8BITMIME
250-DSN
250 CHUNKING

Debug level 1: CLIENT -> SERVER: AUTH LOGIN

Debug level 2: SERVER -> CLIENT: 334 VXNlcm5hbWU6

Debug level 1: CLIENT -> SERVER: [credentials hidden]
Debug level 2: SERVER -> CLIENT: 334 UGFzc3dvcmQ6

Debug level 1: CLIENT -> SERVER: [credentials hidden]
Debug level 2: SERVER -> CLIENT: 235 2.7.0 Authentication successful

Debug level 1: CLIENT -> SERVER: MAIL FROM:<ourodosul@ourodosul.com.br>

Debug level 2: SERVER -> CLIENT: 250 2.1.0 Ok

Debug level 1: CLIENT -> SERVER: RCPT TO:<andreluis.meioambiente@gmail.com>

Debug level 2: SERVER -> CLIENT: 250 2.1.5 Ok

Debug level 1: CLIENT -> SERVER: DATA

Debug level 2: SERVER -> CLIENT: 354 End data with <CR><LF>.<CR><LF>

Debug level 1: CLIENT -> SERVER: Date: Wed, 1 Oct 2025 13:49:49 +0200

Debug level 1: CLIENT -> SERVER: To: andreluis.meioambiente@gmail.com

Debug level 1: CLIENT -> SERVER: From: ourodosul@ourodosul.com.br

Debug level 1: CLIENT -> SERVER: Subject: =?iso-8859-1?Q?Atualiza=C3=A7=C3=A3o_de_Cadastro?=

Debug level 1: CLIENT -> SERVER: Message-ID: <SyLxYFqc18PKm3VwsiXS0RvjjmDDDng09IggqcQVwQ@localhost>

Debug level 1: CLIENT -> SERVER: X-Mailer: PHPMailer 6.10.0 (https://github.com/PHPMailer/PHPMailer)

Debug level 1: CLIENT -> SERVER: MIME-Version: 1.0

Debug level 1: CLIENT -> SERVER: Content-Type: multipart/mixed;

Debug level 1: CLIENT -> SERVER:  boundary="b1=_SyLxYFqc18PKm3VwsiXS0RvjjmDDDng09IggqcQVwQ"

Debug level 1: CLIENT -> SERVER: Content-Transfer-Encoding: 8bit

Debug level 1: CLIENT -> SERVER: 

Debug level 1: CLIENT -> SERVER: --b1=_SyLxYFqc18PKm3VwsiXS0RvjjmDDDng09IggqcQVwQ

Debug level 1: CLIENT -> SERVER: Content-Type: multipart/alternative;

Debug level 1: CLIENT -> SERVER:  boundary="b2=_SyLxYFqc18PKm3VwsiXS0RvjjmDDDng09IggqcQVwQ"

Debug level 1: CLIENT -> SERVER: 

Debug level 1: CLIENT -> SERVER: --b2=_SyLxYFqc18PKm3VwsiXS0RvjjmDDDng09IggqcQVwQ

Debug level 1: CLIENT -> SERVER: Content-Type: text/plain; charset=iso-8859-1

Debug level 1: CLIENT -> SERVER: Content-Transfer-Encoding: 8bit

Debug level 1: CLIENT -> SERVER: 

Debug level 1: CLIENT -> SERVER: (Sem conteúdo)

Debug level 1: CLIENT -> SERVER: 

Debug level 1: CLIENT -> SERVER: --b2=_SyLxYFqc18PKm3VwsiXS0RvjjmDDDng09IggqcQVwQ

Debug level 1: CLIENT -> SERVER: Content-Type: text/html; charset=iso-8859-1

Debug level 1: CLIENT -> SERVER: Content-Transfer-Encoding: 8bit

Debug level 1: CLIENT -> SERVER: 

Debug level 1: CLIENT -> SERVER: <p>(Sem conteúdo)</p>

Debug level 1: CLIENT -> SERVER: 

Debug level 1: CLIENT -> SERVER: 

Debug level 1: CLIENT -> SERVER: --b2=_SyLxYFqc18PKm3VwsiXS0RvjjmDDDng09IggqcQVwQ--

Debug level 1: CLIENT -> SERVER: 

Debug level 1: CLIENT -> SERVER: --b1=_SyLxYFqc18PKm3VwsiXS0RvjjmDDDng09IggqcQVwQ

Debug level 1: CLIENT -> SERVER: Content-Type: application/octet-stream; name="13708  .1 ANDRE LUIS BRUMMELHAUS.odt"

Debug level 1: CLIENT -> SERVER: Content-Transfer-Encoding: base64

Debug level 1: CLIENT -> SERVER: Content-Disposition: attachment; filename="13708  .1 ANDRE LUIS BRUMMELHAUS.odt"

Debug level 1: CLIENT -> SERVER: 

Debug level 1: CLIENT -> SERVER: UEsDBBQAAAgAADVeQVtexjIMJwAAACcAAAAIAAAAbWltZXR5cGVhcHBsaWNhdGlvbi92bmQub2Fz

Debug level 1: CLIENT -> SERVER: aXMub3BlbmRvY3VtZW50LnRleHRQSwMEFAAACAAANV5BWwAAAAAAAAAAAAAAABoAAABDb25maWd1

Debug level 1: CLIENT -> SERVER: cmF0aW9uczIvc3RhdHVzYmFyL1BLAwQUAAgICAA1XkFbAAAAAAAAAAAAAAAAJwAAAENvbmZpZ3Vy

Debug level 1: CLIENT -> SERVER: YXRpb25zMi9hY2NlbGVyYXRvci9jdXJyZW50LnhtbAMAUEsHCAAAAAACAAAAAAAAAFBLAwQUAAAI

Debug level 1: CLIENT -> SERVER: AAA1XkFbAAAAAAAAAAAAAAAAGAAAAENvbmZpZ3VyYXRpb25zMi9mbG9hdGVyL1BLAwQUAAAIAAA1

Debug level 1: CLIENT -> SERVER: XkFbAAAAAAAAAAAAAAAAGgAAAENvbmZpZ3VyYXRpb25zMi9wb3B1cG1lbnUvUEsDBBQAAAgAADVe

Debug level 1: CLIENT -> SERVER: QVsAAAAAAAAAAAAAAAAcAAAAQ29uZmlndXJhdGlvbnMyL3Byb2dyZXNzYmFyL1BLAwQUAAAIAAA1

Debug level 1: CLIENT -> SERVER: XkFbAAAAAAAAAAAAAAAAGAAAAENvbmZpZ3VyYXRpb25zMi9tZW51YmFyL1BLAwQUAAAIAAA1XkFb

Debug level 1: CLIENT -> SERVER: AAAAAAAAAAAAAAAAGAAAAENvbmZpZ3VyYXRpb25zMi90b29sYmFyL1BLAwQUAAAIAAA1XkFbAAAA

Debug level 1: CLIENT -> SERVER: AAAAAAAAAAAAHwAAAENvbmZpZ3VyYXRpb25zMi9pbWFnZXMvQml0bWFwcy9QSwMEFAAICAgANV5B

Debug level 1: CLIENT -> SERVER: WwAAAAAAAAAAAAAAAAsAAABjb250ZW50LnhtbL1YUW7jNhD97ylYL1C0H7LipEUTNXaQ3STtAnYa

Debug level 1: CLIENT -> SERVER: rB20v4xEWURJUUtStrNfvUNPUPRj0QP0BL5JT9IhJTFSbHnleNF8OBbnzczjzHA48vnFijO0IFJR

Debug level 1: CLIENT -> SERVER: kQ57g/5RD5E0FBFN58Pe/ezGO+1djL44F3FMQxJEIsw5SbUXilTDfwTaqQoK6bCXyzQQWFEVpJgT

Debug level 1: CLIENT -> SERVER: FegwEBlJK62gjg6sr2JF6UfWWd2C69qarHRXZYNt6OKH7p4tuK4dSbzsqmywENS6eiy6Kq8U82IB

Debug level 1: CLIENT -> SERVER: UecZ1vQZixWj6W/DXqJ1Fvj+crnsL0/6Qs79wdnZmW+ljnDocFkumUVFoU8YMc6UP+gP/ArLicZd

Debug level 1: CLIENT -> SERVER: +RlsnVKa8wciO4cGa7yRVbWYd66IxbwlNGGCZefasOBmek+i7uk9ieq6HOukJSen/gSE9mMyfqoF

Debug level 1: CLIENT -> SERVER: ybv6MthGqEJJs87bLNB1fSGEo2oUigNq6R4fHX3rF8819HInfCmpJrIGD3fCQ8xCF3HBtwUNcAMf

Debug level 1: CLIENT -> SERVER: EB5ZmDJ1hW8CoVoUjv1C7MAqajX962Q8DRPC8ROYfhrs0VRpnD5FRpoktO70O1+STEjtAhN3b5iQ

Debug level 1: CLIENT -> SERVER: rWPnJYqxcwNI1bcWPKNofdUt+OZk+kbllas0SlhV1o5k6Z+sMiKpUcTMZM7jCnYJ2RRZUNMuiqfU

Debug level 1: CLIENT -> SERVER: rF0ex71RdVMUVaZ8txDDjeHFOCReREKmRufFiXfLqHg2PIa9GU6EyQac7ArBKXt0An+3+hvM6IOk

Debug level 1: CLIENT -> SERVER: gy0GSlEPNfSNzJuTFDYPxaqWVKmOPl7oQsIu0gYiozqEjrHAkpprpqN7NKbzRG8h8RXOhPqhgSqW

Debug level 1: CLIENT -> SERVER: /kda2+L/Ml5FRg7gdbOFym6Pj0oTfojLcR7SCKMpThW6TynMVKQ1HluwXaJyMMfJFP0odELDVmYO

Debug level 1: CLIENT -> SERVER: 8dn4+G0NoVzHuYYq1DT0rB3XKexng/3dwPkqOWdY4rnEWVIJYMGMq/bBK7Sm0LMjLKMKwmH2INLL

Debug level 1: CLIENT -> SERVER: 8HwDUbl2Zr0MOiGRmhLlHBi1ctwx1O0Wa4zb6c826Jvp1Dk1D3V/sQhCwQS4eXVk/yptCxS5hkEP

Debug level 1: CLIENT -> SERVER: rMaYKdIQmXVPJ1Lk88QrR+1UpKSRqOeNE7zZdUU/wPpgkOnaWmVDcszssvWjEhyZ0aBu2wryNCLS

Debug level 1: CLIENT -> SERVER: smh4r8wtiekCT/aesfLgdsNpo6k/AQy9ClCQrAtt1kvpFuuF4x0A695MloysdhFwkBYKTt5OogVi

Debug level 1: CLIENT -> SERVER: 40d4luAiERuxFYttod0GKIvHOrXfNyvVbz2CpeBBRI/uwZgfnds3KkXe5/Da6I7y5iKySxFVGcOP

Debug level 1: CLIENT -> SERVER: VbV6DAY6NuxBKVtxUYRvGcuVluBfpIbjQcZmVds5zIo5mIcauSreAG3Y26OWFSr1jgV9bvRacBRR

Debug level 1: CLIENT -> SERVER: /CW6fJ9TtP4bwXXxcy4FigSa5qyP7uDO4EIheDM3ExmWCIZNhA36ovSXtbuotTwrg1ddf+dXleF0

Debug level 1: CLIENT -> SERVER: 0wy0tNHg5PujU1Si/FF/gC5vr95do/H92yl6/e5+Mrke/3R5P62CAIZG+xC8hqHbbBT6uoQ1gQg3

Debug level 1: CLIENT -> SERVER: m9ZYC2QaNcI6h5P6ASKgSI5CHEGDl6KIkEHGFE6YFSqIYgSmLtA+BG4FJ8FeGm/ubtC/v/+xl84V

Debug level 1: CLIENT -> SERVER: vBQjIHyLVWgnchHsFSWOKUNfZ2bPikhjKaYsEd8EqJ7LPSzOCCPQPEjTwKe+ziA7vyRYK5xlF3tp

Debug level 1: CLIENT -> SERVER: vpDmtblsyPqj2C9F1fHJzckhShFXUxA5XW69qK8MK3u8YFgW64/rf+BuNkWkcripOZGhKam9jty0

Debug level 1: CLIENT -> SERVER: VqbgW6//hJRxBOkvayB1NYCIW8QRh6F4/Zfo7+HL/3wYv3EN+I0bwm/5vXD0H1BLBwisN6Y7MQUA

Debug level 1: CLIENT -> SERVER: AHAUAABQSwMEFAAICAgANV5BWwAAAAAAAAAAAAAAAAoAAABzdHlsZXMueG1s3VzNktu4Eb7nKVRy

Debug level 1: CLIENT -> SERVER: JTdKJPWveLyVOOskVXYl2bHPWxAJSYwpggWCo9G+Tg455Sn8YmkABAmSIEX9WZ7ZqXKt0A2g8fUP

Debug level 1: CLIENT -> SERVER: mg2Qb3963oW9J0yTgEQPfWdg93s48ogfRJuH/pfPH6x5/6d3v3tL1uvAw0ufeOkOR8xK2CHESQ86

Debug level 1: CLIENT -> SERVER: R8lSEh/6KY2WBCVBsozQDidL5i1JjCPVaalzL8VUskUM1rW7YNZ7M/zMunbmvKW+aNV9ZsGs9/Yp

Debug level 1: CLIENT -> SERVER: 2nftzHkBU737mnTt/JyE1ppYHtnFiAUVKZ7DIPr60N8yFi+Hw/1+P9iPBoRuhs5isRgKai6wl/PF

Debug level 1: CLIENT -> SERVER: KQ0Fl+8NcYj5ZMnQGThDxbvDDHWVj/PqIkXpboVpZ2gQQzWtJk+bzhbxtGmAxtsi2tk2BHNZvSO/

Debug level 1: CLIENT -> SERVER: u3pHvt53h9i2QSfz4Scgin8+fSxsge66zsV5S1B5NIg7L1Ny6/0JIbmovIN0UCGua9vjofytce9b

Debug level 1: CLIENT -> SERVER: 2fc0YJhq7F4ru4dCL0ec7EygAZ8zBA4LP3EzVdyUL7px5MmQ4phQlguy7h6gAB03n8Vfo3wa4EwG

Debug level 1: CLIENT -> SERVER: YgSLdxRz6SMMuScMeZc3/V4W6LTg6vbfqUi6JhBF18jDlo+9MHn3VnpA3tyTv7mcD/3PaEt2qN8D

Debug level 1: CLIENT -> SERVER: S1ccuyA85IRhe/f3KAxWNHAMA2Skfq/Un9OsDY4wDUB5yT5Iko5znDkFhVVEJY44YB540BOiAQ+7

Debug level 1: CLIENT -> SERVER: HafvfQw2W2YQ4g8oJskfS1yy6TuKZcL/PLmkRi6Q64NBlPYZDwnDu0um/Jh6gY96jyhKel+iAFIM

Debug level 1: CLIENT -> SERVER: 3IiHgbcLKhfL+Omx91fCtoHXKFnOcTV5hk0BIWuXmZaS28drlIZZ/qVGziTcUBRz2RVv9tuKKYQo

Debug level 1: CLIENT -> SERVER: ygLI13gWsky2yCd7C8ZPMLOeH/r2YOSBnAbioUJksEVakFFgK4mRB/mMtSU0+A1ERyFndeetzE9c

Debug level 1: CLIENT -> SERVER: DK/OCgG066g1VsOYGSwhrGMfsK0lM8Q1ChPNAmJEkUBIx2dNlmLwLeaeCCHbnv9ejcdHsVDKCJ8Z

Debug level 1: CLIENT -> SERVER: jCXwMZEDoDDeIsUm+q8oRpCTJQwMgSkK3xi5xDsw54d+SC22KhlHEPmY7yU8v9aXqERXkkMeCvon

Debug level 1: CLIENT -> SERVER: ccKtp3kxOTuXW1ujbE0TDOBEXNdico+EBDI2RlNwS4BBNCbBbyCp48RMtIUo2qRoA01Zg0fSiFEw

Debug level 1: CLIENT -> SERVER: kj//ki8fM9j9ra+YRkJ0OaC2Sj6mBTsoitTIWcdscEXDeeDNZlGEL4/18Xj6F+LnhhFzKqLVMXPS

Debug level 1: CLIENT -> SERVER: 45/6BZwlL+viejn+/WPmtUN0E0QWqA8Mlhtr0bYijPEEiNuxm5EM1git20O8xRHkuySyQuT7ALhY

Debug level 1: CLIENT -> SERVER: 0EM/ImA6u4CdaLRxGnkslQPugQwJD4AHCjxu1coaLT8Aj4/4JJDoTJzCEct2H4NGCi88wzg13VdS

Debug level 1: CLIENT -> SERVER: j1uaLZ9KWaB5K7udiYu5c0v9cCPz1w0Lq5hTtTaKdwhMlT8rKZNza0xxmmwrLBf4lnjs1oNfiHWL

Debug level 1: CLIENT -> SERVER: kU/lK0K5F3ATg50A7CVEccLt99KJLUr2lcmhpeLUXzGOwaU3mG35Yy/3t2MT6xNKM34E7/ER9fuN

Debug level 1: CLIENT -> SERVER: sUUpL0RJAuKB6xwNN4SCl0eJ0tI+AJ+Sv5r3pAucs1j0kcV+DliIj64UGvJik2VGKeIy6gyfoeFX

Debug level 1: CLIENT -> SERVER: 1/51RfzDOYiVAvRg7I6agrQzdsxB2pZBWhiFyD8ikX+gcI8OyTF063Etf3gohzd3rsKbDF15smDZ

Debug level 1: CLIENT -> SERVER: A9uZF+H3pNCmZ8DmgCbnPSs6ia7dTcSgSNhj4hAdNFX3dPIlhnS2jTRu4g7fxDsv9yNsn+eso8Xe

Debug level 1: CLIENT -> SERVER: Qz5kR3MrtFTUFLoJ/h7FPOpfUQcgKUUnOqpEu0URPVH7lZVJkV4n+R4nKMKJVeHSbnbTSpLhZl4o

Debug level 1: CLIENT -> SERVER: 23gPSLLguaXFg2QfnSggyaiGzkb9tCQB5vFzejZDZwX/HR5Jnq+o3kCM16reK+nqajb+N4z4iQj3

Debug level 1: CLIENT -> SERVER: M8ccizKOnvPdNjWVVpCUCTxC/MRzH+fyTW86mhzf9E7d3kTeLTKFN+56Ml5MmzN5VcWrbHh21az1

Debug level 1: CLIENT -> SERVER: XalKPGFXsk/ZlTRLcNstwb23JbiXW0LxIPojWYIzbbGEGvGEp6fpmZYwareE0b0tYfRyLKGi6XGb

Debug level 1: CLIENT -> SERVER: pqvEEzQ9PlPT43ZNj++t6fHlmi7UWdO0PbuFppuTppPyog+GvmfnPJrKJ+0qn9xb5ZOXo/IW3Z2j

Debug level 1: CLIENT -> SERVER: mWm7Zqb31sz0cs0U8Fc1c7lWJgv+93Iccdau7tm91T17Geq+shPO27Uyv7dW5hdr5WYacWf87+U4

Debug level 1: CLIENT -> SERVER: 4KJd1Yt7q3rx46v6Gs73mK7YPcrn3hbF/GbXMUTlmWMYbMBWPRAA58dO/04TFqwPFj+ZgRn3hPq1

Debug level 1: CLIENT -> SERVER: c/lTNiztGcFQCIdw6k4z1Z1Snqs9c1zifPXHjiv65r9Swi4zg6s9BBakm6l/bPO/a4TLC2HnpXru

Debug level 1: CLIENT -> SERVER: I/+sIl2Oi5ytV+O5pZpCvGbi+H1WVhOVR1O2rqFAXDTJGuXo/NzSKhFz5XStFDMcJZhjUzLNMi4Z

Debug level 1: CLIENT -> SERVER: V++7Wa+CZeKOjbgYKMcroQXpLIM/Rw+8T4x8vtlma1IaVa0VRavmbDWjyahCKJZT0LKjdDlBRCKs

Debug level 1: CLIENT -> SERVER: t2YTVJtV+srPHXsJCQO/pz/nZ1zaU6WB8fvWDi4MAX+RGUgpCvAfH2Bss9VnPYqA0NN58zsHPGUZ

Debug level 1: CLIENT -> SERVER: Ns/7+dv/WBoScRDB/3m/LS51VA5HJWfP6ek8pXleealew8rthpV7B6x+jGK2htWoG1ajq2D1I5Z7

Debug level 1: CLIENT -> SERVER: NSzG3bAYXxeLs4PaDR8DNVAm3UCZ3MKZznpg0mSfdpN9epHsL6KwpoEy6wbK7CqgXFmh826yzy8z

Debug level 1: CLIENT -> SERVER: xpdQqNFAWXQDZXEVUK6s0ONinyz0icnL1S7W3eXaHK8OdUGz4LturOtYk7n3Jv8e3Ovbf7/95whK

Debug level 1: CLIENT -> SERVER: OdtFIP0wlQvtAf3nXbzlLzK2P6NXue6X21y48pK+5epQV9Vn7D9Iknc9E/gFrzHFkXekTlNj67p2

Debug level 1: CLIENT -> SERVER: Ia54143XMJIdCkPLQ3HSbwDGECzshV7A3Wd3rFck9EuYSIICrYmcYyYYOiP2j48/V1fe4VU7cVER

Debug level 1: CLIENT -> SERVER: Rd6WUIsdYlwubT1tls+q5gP/fyjVf+QbOLLGIlvUS25WTPi5BolrBMoPQGrFs+I9OtmzXJ7SqJXu

Debug level 1: CLIENT -> SERVER: NWzEatRxiwEiSelXGMW5TMYuL25W7ihG6c7ir7MjUGoOJr+2nHWt4qmTSBKIt01Q5AuTweolBrQC

Debug level 1: CLIENT -> SERVER: sqjH8VeyTcNWWLKxReOahCHZY99aHeQFaoZWfW3y/HUnNT8309nUNZVWLZ1SqkUqQoGzcdFAbcKz

Debug level 1: CLIENT -> SERVER: I9Luq0LagQRsakRap1SqvpJwc6RHrwzp/AyhCnT1cKF06HBzmMevDObi5KGKc+1MonyMcXOkJ68M

Debug level 1: CLIENT -> SERVER: 6dls3oB0QakgLQk3R3r6qpB2B/bIvB3qlBLSinBzpGevDGl3bt4OdUoFaUm4OdLzV4b0xBymNUIF

Debug level 1: CLIENT -> SERVER: 58l3CdKLVwbzbNGEc0GpAC0JN0fasV8V1KOBPTbvhzqlBLUiXAJ1maTjHxGGE3hEj9bBJqXiQwK9

Debug level 1: CLIENT -> SERVER: nGBlV9DWhLBIuzWiq8LJViy/O/OEwhTzlwNlo+qYaBCIL1HofeQbhfxeBB9PfdOLr7e7hDjymwQM

Debug level 1: CLIENT -> SERVER: zAKq4TkihQSmaRrfh5Rf6xHvqy8WRR3BhE42SIEC121GCyKPii8B8uRP+zSRGK34IhG/ngJjBp6l

Debug level 1: CLIENT -> SERVER: CHI6jidY6QG0WyoOfIp3Tt/AVKkWCco+8PmH81x7sFio0o8gqNfr3cVg2rLGbBKAkFmEBrAWlCmb

Debug level 1: CLIENT -> SERVER: UEZRwGqXfFyFWf2Sj4GUeYLxGpH27aGWT/1ka9/QwFefTnjj2fzPxJEp2x3PbMdEX6GkwCb/XEGd

Debug level 1: CLIENT -> SERVER: j6arQ8Fn5pHC6mWn2ggQbPjX/zLbqzMJ4FvoWYGxwqGc09qh55KQxde6MoYExwphaSiVIxn1DRoQ

Debug level 1: CLIENT -> SERVER: FIxC8Iv3W2zHwIPWotpoYEE+v7klPUH6h2ynEMiUhU7yD0MpLdriPy08mm1dLWqLEb8UJX4M9ZVq

Debug level 1: CLIENT -> SERVER: jfWBCq+su2FG2KEkHyOfLWvkI5WPiyoXgnWZNffVokFl+KH507Dv/g9QSwcIJ6iOFpALAABaVgAA

Debug level 1: CLIENT -> SERVER: UEsDBBQAAAgAADVeQVt/tWVW/AMAAPwDAAAIAAAAbWV0YS54bWw8P3htbCB2ZXJzaW9uPSIxLjAi

Debug level 1: CLIENT -> SERVER: IGVuY29kaW5nPSJVVEYtOCI/Pgo8b2ZmaWNlOmRvY3VtZW50LW1ldGEgeG1sbnM6b2ZmaWNlPSJ1

Debug level 1: CLIENT -> SERVER: cm46b2FzaXM6bmFtZXM6dGM6b3BlbmRvY3VtZW50OnhtbG5zOm9mZmljZToxLjAiIHhtbG5zOnhs

Debug level 1: CLIENT -> SERVER: aW5rPSJodHRwOi8vd3d3LnczLm9yZy8xOTk5L3hsaW5rIiB4bWxuczpkYz0iaHR0cDovL3B1cmwu

Debug level 1: CLIENT -> SERVER: b3JnL2RjL2VsZW1lbnRzLzEuMS8iIHhtbG5zOm1ldGE9InVybjpvYXNpczpuYW1lczp0YzpvcGVu

Debug level 1: CLIENT -> SERVER: ZG9jdW1lbnQ6eG1sbnM6bWV0YToxLjAiIHhtbG5zOm9vbz0iaHR0cDovL29wZW5vZmZpY2Uub3Jn

Debug level 1: CLIENT -> SERVER: LzIwMDQvb2ZmaWNlIiBvZmZpY2U6dmVyc2lvbj0iMS4yIj48b2ZmaWNlOm1ldGE+PG1ldGE6aW5p

Debug level 1: CLIENT -> SERVER: dGlhbC1jcmVhdG9yPmVsaXNldTwvbWV0YTppbml0aWFsLWNyZWF0b3I+PG1ldGE6ZWRpdGluZy1j

Debug level 1: CLIENT -> SERVER: eWNsZXM+MjwvbWV0YTplZGl0aW5nLWN5Y2xlcz48bWV0YTpjcmVhdGlvbi1kYXRlPjIwMjUtMDkt

Debug level 1: CLIENT -> SERVER: MjlUMTI6MjU6MDA8L21ldGE6Y3JlYXRpb24tZGF0ZT48ZGM6ZGF0ZT4yMDI1LTEwLTAxVDA4OjQ5

Debug level 1: CLIENT -> SERVER: OjQyLjYxPC9kYzpkYXRlPjxtZXRhOmVkaXRpbmctZHVyYXRpb24+UFQwMEgwME0wMFM8L21ldGE6

Debug level 1: CLIENT -> SERVER: ZWRpdGluZy1kdXJhdGlvbj48bWV0YTpnZW5lcmF0b3I+QnJPZmZpY2Uub3JnLzMuMSRXaW4zMiBP

Debug level 1: CLIENT -> SERVER: cGVuT2ZmaWNlLm9yZ19wcm9qZWN0LzMxMG0xMSRCdWlsZC05Mzk5PC9tZXRhOmdlbmVyYXRvcj48

Debug level 1: CLIENT -> SERVER: bWV0YTpkb2N1bWVudC1zdGF0aXN0aWMgbWV0YTp0YWJsZS1jb3VudD0iMCIgbWV0YTppbWFnZS1j

Debug level 1: CLIENT -> SERVER: b3VudD0iMCIgbWV0YTpvYmplY3QtY291bnQ9IjAiIG1ldGE6cGFnZS1jb3VudD0iMSIgbWV0YTpw

Debug level 1: CLIENT -> SERVER: YXJhZ3JhcGgtY291bnQ9IjExIiBtZXRhOndvcmQtY291bnQ9IjY5IiBtZXRhOmNoYXJhY3Rlci1j

Debug level 1: CLIENT -> SERVER: b3VudD0iNDIyIi8+PG1ldGE6dGVtcGxhdGUgeGxpbms6dHlwZT0ic2ltcGxlIiB4bGluazphY3R1

Debug level 1: CLIENT -> SERVER: YXRlPSJvblJlcXVlc3QiIHhsaW5rOnRpdGxlPSJOb3JtYWwiIHhsaW5rOmhyZWY9IiIvPjwvb2Zm

Debug level 1: CLIENT -> SERVER: aWNlOm1ldGE+PC9vZmZpY2U6ZG9jdW1lbnQtbWV0YT5QSwMEFAAICAgANV5BWwAAAAAAAAAAAAAA

Debug level 1: CLIENT -> SERVER: ABgAAABUaHVtYm5haWxzL3RodW1ibmFpbC5wbmftl2k0G+gax3WhqijV1gxFjS6opWqJXVs6pSpa

Debug level 1: CLIENT -> SERVER: RbV2ihKkEiFia5kppY1uljZJaZWOLUQkSkKqaFqRqDVIJBSxxBbEUsTtnPkwcz/ec7/dcz8973n/

Debug level 1: CLIENT -> SERVER: 5zznOc/ye9/nwRXgRRkpJSkxMTEZB3s7lx+WICa2Q0xS4sdJqAFg/bjPdrA75wpHz2IsIKP2hy+o

Debug level 1: CLIENT -> SERVER: aSC07JUO4eV3q8z6tRv4R+2Z/fJUC8omTp6uSuGcS5PeGd80pmh/1gXm5Gps5425pnJB7rM+PNOJ

Debug level 1: CLIENT -> SERVER: Dddfqg19KX32AdcaISZGUbKTgRwNe7zrauqRdKWxsz1H97yRMJMz/nzvj3Oy/4FEBb5RfSeaCouZ

Debug level 1: CLIENT -> SERVER: bh+43Xw6D8ooDy03sHgYaLNuKHL+xQvMWjm94tw9fB7DyY1INBT1UkAvP/nyT/pqvloqCiS9tuI3

Debug level 1: CLIENT -> SERVER: xzsKqVFSYAlulafQrW0D1DBvRjTMmcYN9MKvZdJMz6vbiO6Y1ChPD/KMGTihSpb/ryJ0pUXLPR1Y

Debug level 1: CLIENT -> SERVER: grxv8XRNz/wWCEVbs8He+AT4tNIF39xots7nTgRwwdPq6YvBubRMK0v0s3TUMXKBQPM3j4/rWeHo

Debug level 1: CLIENT -> SERVER: +6xMmzl8f6qkXgwJU8H/SPAsHwsYMnBFqsH8pYVpF31FTcDD+nuseI2QOP3qApK1ZtDCL8jjhtRC

Debug level 1: CLIENT -> SERVER: Zja4iDI4+60S3ZBe2dhxTcl/Rod8JBWY9palzjhJhAlgDEam4PutPkw4vL6/lSFy1uLT2MAVNrIv

Debug level 1: CLIENT -> SERVER: rc6jJ568J4cHLtSHklTomI/s7rVvNrsn5JZj+x166K9n6xPY3/dDYPTMCoeLTgiMY0xHTgay29RE

Debug level 1: CLIENT -> SERVER: RJtZ/0ocv6mXzR8Db40nmobnVzwH86CoRdG8x9spdzoh6HJEiHdo4Bz+1LUXE1WIeX47tB32Mk6P

Debug level 1: CLIENT -> SERVER: XtxuWtetJeK+U53oin0RH9t/eT9n5NlmcaRsvRqPS3eKm9uWzrfrEbOR/avIgiA7K2srp9Tk21C8

Debug level 1: CLIENT -> SERVER: +NotJui0WcqoPPp3PUtX1enqiCqxje3LWbl74k1Jk9VC59TKsX3i1I82wwOw07EQPGiELaeScbZq

Debug level 1: CLIENT -> SERVER: +f5tmfuQdeN6RVsjT/YUryx/Bq5sQnWMf52CR8lgS5UrPpjcfK4GBcyj9DWmefD2HN+FkTdHyQVZ

Debug level 1: CLIENT -> SERVER: FwAmqLGy6ibzTZqoGrwyO53i/2R3xDoBnt75xlFGxrZqAtiHEAgDG63HkiVtBWVgwZZx/solH+TE

Debug level 1: CLIENT -> SERVER: SnsGOK/cSR/umAI0OQb8HJ/w89WNyhFb3NzTn+rbnvA5esozjXPOoOu5GU8zaj3KKa5JAmG1m8eN

Debug level 1: CLIENT -> SERVER: FzQQyRyvRGP79DqDQBZ33BSJCSpXm3N3/NXk/QYFWpZ7zfaNyNn6tiLGPhQzz507Dp/8ghWpl4Bs

Debug level 1: CLIENT -> SERVER: 5Z4l33HcccBMMlSh3Qi7C8nZd0Z7693dYshmjF/n8HRBUVGCdKnShpblMMYL0YbehebI2Ie5PHbD

Debug level 1: CLIENT -> SERVER: e+EtRa6AWjBMru+9FFZ76eFW8J5jNXXLQ9STX15TvkedoB5Dvpb98P21QHeVqDpR1jEpu6ssRlTM

Debug level 1: CLIENT -> SERVER: AFDXUQbsGYhhfHpn3PEPt/fK3kxJQw4cklRDb4slNFBZnQwDzRJZoFI13X0n8hJpRfuzphA8ZXuK

Debug level 1: CLIENT -> SERVER: WtSoe9++pvu+Tt9Pp7PbQtICpaDwuiKBmXIpImfmw4h564nmPJezXa5ZJ3efwgBDNw2sy07Nek7H

Debug level 1: CLIENT -> SERVER: ft5fAL3T+zi1MWHEMS9AzlVSklZIr4wMT7CgridGX7kk1jcVP8p38RxIdFiNsWKMG4bpXLjMyS3Y

Debug level 1: CLIENT -> SERVER: ZSFh5Ca6tvb2pZPftUN+B7c5Ejo3olRLESy/YjNECcQwWOG11BkptdBretmjUUoYzz2HjXvTeQJx

Debug level 1: CLIENT -> SERVER: dd0tnYi+IJoRyRaQRSjLbBVE91rmjMa86AvjfJHXCpwsTcpdMo6A8Qd7aavU2hjYx3UEml56b2P5

Debug level 1: CLIENT -> SERVER: 4LqTle3wY6m/ubVCWAaa7cd5OHcGX8pxUXi2/pIU//R+BzWJ23MR75l+2+IwX2t8fSilMjYyhLlj

Debug level 1: CLIENT -> SERVER: OGSgowuEcmr0k50O3Uu/57uPUvJP6JEe1M9vaP2a4a02u7joNxECmRnO9wfkmze2tHwAr9yJziyg

Debug level 1: CLIENT -> SERVER: RiktmcduPBTvGejtyrw4e0KtKlS2Rb6p8jfuP0GK3FIAcy/BMc8sbb+Fe5SCFDoB7g9KnK/v45tR

Debug level 1: CLIENT -> SERVER: UGhlhYuBTxUi2xSDmJoN6Nl6INwYFbsr71kEP91a3/m6+zpYgkQm9zcLnlejufYMXYvdRi0OiTdi

Debug level 1: CLIENT -> SERVER: ape/kdZiszdvHvAqu8Vys/P10NahxGOrYdxLjESLvYcaD2wW/xPlM2FTdd3Vj31wk+GXIy8cfVXB

Debug level 1: CLIENT -> SERVER: rI6H0t+TV1hkVS/v4BprrHrIyhoYv5Q/xO77uto4NakeIHyAnwfADIthkzzYkBchIMnDB9zgwEPQ

Debug level 1: CLIENT -> SERVER: TWn8+htEgQ644EZuqCxD5V0/laKzt758mye3fN1/lbDM02ygI+D+4le33RoHjuF9DCNJK6yESO/i

Debug level 1: CLIENT -> SERVER: 0P3+FaQYgshz0E+hUSJ2CWWeLlALx8AWG+ViNcLu+or/lTYcqkjRvSnL32Fp5eB1kiy1htASBso4

Debug level 1: CLIENT -> SERVER: GLdq1tdXNuEGpsmjaf4cG6PI3YOESmL/H7U16dQgUez78ZaQAMBqYVTzLWYVFMSxM9RUj8wzc2WZ

Debug level 1: CLIENT -> SERVER: P/9M6qgmcmJ8gjyRn9izShOA3yY/jlb1Zxqcj6qB7PrWDlYkbT6plYparfvTByVfzSl+MmP1cCNm

Debug level 1: CLIENT -> SERVER: s7brE8aR6l1bEcct57k9auDnxEXUCtJHHozXbxNtrPrXx6y/2IxtpHF71IBVygLl5ON/t6T1sUv6

Debug level 1: CLIENT -> SERVER: 4uPZdiyTeR3SDPlmObbDn9/UIDC4imAWKsIxpvygI+G4x+es5zlKSzLyRpvchMvPOTN33R7gzcoZ

Debug level 1: CLIENT -> SERVER: yQBnpLjGyMn3JG4PnLCAZ2P+2JF0+M9iTiZ5bdn657q7Z4h+nU3qict0yi40/ZSvoQXA7d7WqXvg

Debug level 1: CLIENT -> SERVER: XnfcBHwmDLUofHprK1rFC2FCp7C668ypBtJB6bR876085yEtiZN12gva7wFQ30SbbHLb2kN+BvQZ

Debug level 1: CLIENT -> SERVER: 9vc8udqb5hUvaPVEqbEM2a8Hhpd5W+lQs+LhEu0sQ90BIhuPKCGasCmmsiioReCrkBcdHhZXproh

Debug level 1: CLIENT -> SERVER: qJi0aXaIJHEwagBXSGkqpOgz5SiB7/Bl7CxtsCBP4c6PB0L6+1Sx20JWEbvFeo91Hbnzdpu3NMBS

Debug level 1: CLIENT -> SERVER: 1+qw/T2XH6EKwr/r15/idURAjzSIBbCC9ZPJ/QabttG2h+DjG4ga8uuSbarhhBtnBmIxONDlEjo1

Debug level 1: CLIENT -> SERVER: 2NohROmz6FjkuBeNNnuroyL/IlaN9VOf8rviDXmIsXc0cqc+xXdmcpGMMsIcPJoNNRhtALlYhxxh

Debug level 1: CLIENT -> SERVER: aiFHF0kDzcn47rFKaYOFsNmzdWRpr4aDXreNwoenX5H6Bxv2mS+oW+yNrmRnOXHe6AbRhMGJXwbr

Debug level 1: CLIENT -> SERVER: Itc+lUMOpBZwbiB00PM8l3G2shly3W4jpO6K7hPiNK24yiMI8T6iojy9r53JSEKvNwES8blNE9WB

Debug level 1: CLIENT -> SERVER: bhQsCzt30Wv5DKPMor0Mm926kwaJhFW5zmnQe5nCUfgraqcHrNBXd2jFXc6dSeRDY2UpJckZ8+PW

Debug level 1: CLIENT -> SERVER: InufsaxxoAitsSxcNJT/e6xDpoS2RNLgQGnm9bANXT11Xj6TNd0fTqzPEM8tJycMyeAJAE+voAvF

Debug level 1: CLIENT -> SERVER: dcB+7wJiictQ0MQ9IWEgOJz16JBi29ja87YDjitoz1lklQpoaH4j5xuinDmc8sqFUXh8SUPZ1GAq

Debug level 1: CLIENT -> SERVER: iiiQ1PLA52+MYLuTVemqDL2JCdi17mM0zcfhb1EqgS99FXSLCmkmbkFNMvjsXKw+Sf6W8gICl5no

Debug level 1: CLIENT -> SERVER: uJ6E45NJd3tN3H5m8kGZrdmQE4VFsEylDGEknumug/vKTcU059HmJMtw9U6UoHYnohrIEafqXP39

Debug level 1: CLIENT -> SERVER: qTA401vxUb2fi56JT3cS7mQTxZ96pHVuYdNSLTeVsHW4nNRWHeYiX+Zj4v5K190T2x/dke1PmCok

Debug level 1: CLIENT -> SERVER: lvAi+5g+s0A53YquuJLrngGwZILwepbwUdIErjcnwKqvojevkvX9GCRJ5t+B/9/8jf8v/Y9Km/v5

Debug level 1: CLIENT -> SERVER: 7vJKd8zkTH7saWIOF4B22PN+Kf8CUEsHCG4EpnyMCwAAzg0AAFBLAwQUAAgICAA1XkFbAAAAAAAA

Debug level 1: CLIENT -> SERVER: AAAAAAAADAAAAHNldHRpbmdzLnhtbLVZW1PiShB+P7/CyjsieDkrpWwFXPawolCAa519G5IGcpxM

Debug level 1: CLIENT -> SERVER: p2YmAv9+eyZguRA8SDJPaC5976+/ntx8Xcb85BWkilDcerXTM+8ERIBhJGa33tO4U/nifW3+dYPT

Debug level 1: CLIENT -> SERVER: aRRAI8QgjUHoigKt6RF1Qq8L1chu33qpFA1kKlINwWJQDR00MAGxea3x/umGVZZdWfJIvNx6c62T

Debug level 1: CLIENT -> SERVER: RrW6WCxOF+enKGfV2vX1ddXe3TwaoJhGs0NVZU+/V4WIb4rMC5kxVln97Oyimv3vnayNfBeautfc

Debug level 1: CLIENT -> SERVER: xGHjfvNmrSD7qUQaYhObk/VlY9qtRyobrxEs3qLm5b335zs/6XlfAhtj4m3u6FVCdyKhvWbt4kv9

Debug level 1: CLIENT -> SERVER: pror5HDBPZjqPMlnxcQ+R6Ge58k9r1/+XdDkfyCazXONrtdqV1+OEz6a42IIIZUYtOdMzEBtKZgg

Debug level 1: CLIENT -> SERVER: cmDCa2qZwnE6uqIlcaHgAUPYJ33KuDpYfCVmSSUSISwh3I1Vfn3Zd6gz5OqwiHfDLVOVllS8XtOU

Debug level 1: CLIENT -> SERVER: coFM7iu8Wv3y/MgcGrF7GuWifn15rFAVTTiU3idWqoO2tnKH+zrEtF8xk1uoNca53Ve/ujgyc78Q

Debug level 1: CLIENT -> SERVER: 4zFJ2i61OcpiWNRjK0x1G3kai+2OLkt6C/GltJbejUuHBRplvu21syOt76oRcAg0hB1JF44wPefi

Debug level 1: CLIENT -> SERVER: e2jZd3uNVvkP0GA8fJRmF1LJNA3mz8xUPwwHTLIxo2oeJSwwaFZ+6gaEknoIhjjANoSWIb+fajOs

Debug level 1: CLIENT -> SERVER: eqSB/xsBD9VjGk9AuvGmR9TrKQmZzhtem2IsEKhvcaJXA+Zm7M4ESuhEUmlyA7pUgUJ3hctwEYWQ

Debug level 1: CLIENT -> SERVER: 1LYg2xgnEpThjqXjmw3ciBzg8AMnewNXwI0s4x1J4Axxwunv8rNjvRiwBKTRMwKdbo/EMjyhnrdA

Debug level 1: CLIENT -> SERVER: 159OCSlcxMr6YViCoypek9OBRE24TfV0D6ttLUzB1UUrEkyuvOqBJlsYdGDv2tAOym2yUFaDaT/V

Debug level 1: CLIENT -> SERVER: mJWoo7JsIw0z5E6iQ+JB5pb7J7OYwRulUfkibHEmXhQF3SBdm/Eg5XY+uip4XwjUVsP+uXAkvPWQ

Debug level 1: CLIENT -> SERVER: hUNgIQq+U+jlIIJhAWsCMEbbB23gLrJNur4tKd2C8R559MHMKaAjSfjqSYG8Y5qVL75jKIbLhhux

Debug level 1: CLIENT -> SERVER: V/iZnbL0RZujcsGnjZLvHCeM360PiAyxcTEOuuqe8u2riIlBKgKdumpDn0czQcU70pgMUEUfqTk+

Debug level 1: CLIENT -> SERVER: O20eJb56ozW+CKi3IXyW9Kjs8JUdri7i2E6lpDSZojbAaH5HmMpgB2uyU4kD8JJi5dtBnRFBwkqD

Debug level 1: CLIENT -> SERVER: AzPJkrnqil6kthfnMty4w0fUbZboVMKdZIv+5D/VF4YqOFBmoWyIi3sAF1xqPbsed/fGw5NgZXTY

Debug level 1: CLIENT -> SERVER: spAQGs8qCkGOYamfKX99QWGlHnDBhBX0ebj2/AHIxMAZibSHN652IdVjE3hDPzeRMpwPLANxt17n

Debug level 1: CLIENT -> SERVER: LPG+HmliheUH7c2lTaElbnyyIDEEWlCMa77W0jA52lM76CRV2eolUSVE1F3J/26A9YNuKcB4OMeF

Debug level 1: CLIENT -> SERVER: 1UHrb5uJALiDwffn/KF9PmYizNnli5wG28T/SJWOpivTNuo50vMHJlLGWxLYi5sZoYZgloNXGGM2

Debug level 1: CLIENT -> SERVER: Cl2iASEzFdmGoDg8cgNpnDGfAA27swe0ez5gzAlnKxIU8tTYVGQwuDxLWh+QzKDFgpeZxFTsPU4s

Debug level 1: CLIENT -> SERVER: u8yLjXfDc+yRrJvtmVbd4MUgo5N5L5ZUtwH8Aom0uv3P1vbJY3J7zF3d+YZc3fd1vfkbUEsHCI7U

Debug level 1: CLIENT -> SERVER: mDYDBQAAnx8AAFBLAwQUAAgICAA1XkFbAAAAAAAAAAAAAAAAFQAAAE1FVEEtSU5GL21hbmlmZXN0

Debug level 1: CLIENT -> SERVER: LnhtbLWVS27DIBBA9zmFxd7QZlVZcSK1Uk+QHoDgsYPET8wQJbcvjpTEbaOqqcwOLHhvGDzDanO0

Debug level 1: CLIENT -> SERVER: pjpARO1dy575E6vAKd9pN7TsY/tev7DNerGy0ukekJrLoMr7HF6nLUvRNV6ixsZJC9iQanwA13mV

Debug level 1: CLIENT -> SERVER: LDhqvq5vRtN6Ud3AvTZQ54XxVN1k0GlZ0ylAy2QIRitJOU5xcB0/u/hUwQmOxG67J6daTj73yZg6

Debug level 1: CLIENT -> SERVER: SNq3TDDxUAz3KW/e9XpI8RwbLgWSpIQ7GcvgpVJgIE99FCrFOJ48J7e4q4igN14SFIIHH1LIf0Yq

Debug level 1: CLIENT -> SERVER: hI9+iIDlbnoMvRicvDfF4NrKAVC8arIyYFHHg+zvbQSTG6uHJ83VVPC3GB6Ujw1KjLV6F5799L9i

Debug level 1: CLIENT -> SERVER: /p2LdDKAs2MtkJyt8Wz3ye6c1AYFXYY8uGFu+LyJBaL8Tl5TuxI/nsn1J1BLBwhlgkjaRAEAAGEH

Debug level 1: CLIENT -> SERVER: AABQSwECFAAUAAAIAAA1XkFbXsYyDCcAAAAnAAAACAAAAAAAAAAAAAAAAAAAAAAAbWltZXR5cGVQ

Debug level 1: CLIENT -> SERVER: SwECFAAUAAAIAAA1XkFbAAAAAAAAAAAAAAAAGgAAAAAAAAAAAAAAAABNAAAAQ29uZmlndXJhdGlv

Debug level 1: CLIENT -> SERVER: bnMyL3N0YXR1c2Jhci9QSwECFAAUAAgICAA1XkFbAAAAAAIAAAAAAAAAJwAAAAAAAAAAAAAAAACF

Debug level 1: CLIENT -> SERVER: AAAAQ29uZmlndXJhdGlvbnMyL2FjY2VsZXJhdG9yL2N1cnJlbnQueG1sUEsBAhQAFAAACAAANV5B

Debug level 1: CLIENT -> SERVER: WwAAAAAAAAAAAAAAABgAAAAAAAAAAAAAAAAA3AAAAENvbmZpZ3VyYXRpb25zMi9mbG9hdGVyL1BL

Debug level 1: CLIENT -> SERVER: AQIUABQAAAgAADVeQVsAAAAAAAAAAAAAAAAaAAAAAAAAAAAAAAAAABIBAABDb25maWd1cmF0aW9u

Debug level 1: CLIENT -> SERVER: czIvcG9wdXBtZW51L1BLAQIUABQAAAgAADVeQVsAAAAAAAAAAAAAAAAcAAAAAAAAAAAAAAAAAEoB

Debug level 1: CLIENT -> SERVER: AABDb25maWd1cmF0aW9uczIvcHJvZ3Jlc3NiYXIvUEsBAhQAFAAACAAANV5BWwAAAAAAAAAAAAAA

Debug level 1: CLIENT -> SERVER: ABgAAAAAAAAAAAAAAAAAhAEAAENvbmZpZ3VyYXRpb25zMi9tZW51YmFyL1BLAQIUABQAAAgAADVe

Debug level 1: CLIENT -> SERVER: QVsAAAAAAAAAAAAAAAAYAAAAAAAAAAAAAAAAALoBAABDb25maWd1cmF0aW9uczIvdG9vbGJhci9Q

Debug level 1: CLIENT -> SERVER: SwECFAAUAAAIAAA1XkFbAAAAAAAAAAAAAAAAHwAAAAAAAAAAAAAAAADwAQAAQ29uZmlndXJhdGlv

Debug level 1: CLIENT -> SERVER: bnMyL2ltYWdlcy9CaXRtYXBzL1BLAQIUABQACAgIADVeQVusN6Y7MQUAAHAUAAALAAAAAAAAAAAA

Debug level 1: CLIENT -> SERVER: AAAAAC0CAABjb250ZW50LnhtbFBLAQIUABQACAgIADVeQVsnqI4WkAsAAFpWAAAKAAAAAAAAAAAA

Debug level 1: CLIENT -> SERVER: AAAAAJcHAABzdHlsZXMueG1sUEsBAhQAFAAACAAANV5BW3+1ZVb8AwAA/AMAAAgAAAAAAAAAAAAA

Debug level 1: CLIENT -> SERVER: AAAAXxMAAG1ldGEueG1sUEsBAhQAFAAICAgANV5BW24EpnyMCwAAzg0AABgAAAAAAAAAAAAAAAAA

Debug level 1: CLIENT -> SERVER: gRcAAFRodW1ibmFpbHMvdGh1bWJuYWlsLnBuZ1BLAQIUABQACAgIADVeQVuO1Jg2AwUAAJ8fAAAM

Debug level 1: CLIENT -> SERVER: AAAAAAAAAAAAAAAAAFMjAABzZXR0aW5ncy54bWxQSwECFAAUAAgICAA1XkFbZYJI2kQBAABhBwAA

Debug level 1: CLIENT -> SERVER: FQAAAAAAAAAAAAAAAACQKAAATUVUQS1JTkYvbWFuaWZlc3QueG1sUEsFBgAAAAAPAA8A7gMAABcq

Debug level 1: CLIENT -> SERVER: AAAAAA==

Debug level 1: CLIENT -> SERVER: 

Debug level 1: CLIENT -> SERVER: --b1=_SyLxYFqc18PKm3VwsiXS0RvjjmDDDng09IggqcQVwQ--

Debug level 1: CLIENT -> SERVER: 

Debug level 1: CLIENT -> SERVER: .

Debug level 2: SERVER -> CLIENT: 250 2.0.0 Ok: queued as 60A4C1006332

Debug level 1: CLIENT -> SERVER: QUIT

Debug level 2: SERVER -> CLIENT: 221 2.0.0 Bye

