Debug level 2: SERVER -> CLIENT: 220 smtp-sp217-38.kinghost.net ESMTP

Debug level 1: CLIENT -> SERVER: EHLO localhost

Debug level 2: SERVER -> CLIENT: 250-smtp-sp217-38.kinghost.net
250-PIPELINING
250-SIZE 62914560
250-VRFY
250-ETRN
250-STARTTLS
250-AUTH PLAIN LOGIN
250-AUTH=PLAIN LOGIN
250-ENHANCEDSTATUSCODES
250-8BITMIME
250-DSN
250 CHUNKING

Debug level 1: CLIENT -> SERVER: AUTH LOGIN

Debug level 2: SERVER -> CLIENT: 334 VXNlcm5hbWU6

Debug level 1: CLIENT -> SERVER: [credentials hidden]
Debug level 2: SERVER -> CLIENT: 334 UGFzc3dvcmQ6

Debug level 1: CLIENT -> SERVER: [credentials hidden]
Debug level 2: SERVER -> CLIENT: 235 2.7.0 Authentication successful

Debug level 1: CLIENT -> SERVER: MAIL FROM:<ourodosul@ourodosul.com.br>

Debug level 2: SERVER -> CLIENT: 250 2.1.0 Ok

Debug level 1: CLIENT -> SERVER: RCPT TO:<herbon@hotmail.com.br>

Debug level 2: SERVER -> CLIENT: 250 2.1.5 Ok

Debug level 1: CLIENT -> SERVER: DATA

Debug level 2: SERVER -> CLIENT: 354 End data with <CR><LF>.<CR><LF>

Debug level 1: CLIENT -> SERVER: Date: Wed, 1 Oct 2025 14:23:32 +0200

Debug level 1: CLIENT -> SERVER: To: herbon@hotmail.com.br

Debug level 1: CLIENT -> SERVER: From: ourodosul@ourodosul.com.br

Debug level 1: CLIENT -> SERVER: Subject: =?iso-8859-1?Q?Atualiza=C3=A7=C3=A3o_de_Cadastro?=

Debug level 1: CLIENT -> SERVER: Message-ID: <idc1JSHX4Cpq8gX72sd9W0r1QcAyvob2U7dlC6BJpFk@localhost>

Debug level 1: CLIENT -> SERVER: X-Mailer: PHPMailer 6.10.0 (https://github.com/PHPMailer/PHPMailer)

Debug level 1: CLIENT -> SERVER: MIME-Version: 1.0

Debug level 1: CLIENT -> SERVER: Content-Type: multipart/mixed;

Debug level 1: CLIENT -> SERVER:  boundary="b1=_idc1JSHX4Cpq8gX72sd9W0r1QcAyvob2U7dlC6BJpFk"

Debug level 1: CLIENT -> SERVER: Content-Transfer-Encoding: 8bit

Debug level 1: CLIENT -> SERVER: 

Debug level 1: CLIENT -> SERVER: --b1=_idc1JSHX4Cpq8gX72sd9W0r1QcAyvob2U7dlC6BJpFk

Debug level 1: CLIENT -> SERVER: Content-Type: multipart/alternative;

Debug level 1: CLIENT -> SERVER:  boundary="b2=_idc1JSHX4Cpq8gX72sd9W0r1QcAyvob2U7dlC6BJpFk"

Debug level 1: CLIENT -> SERVER: 

Debug level 1: CLIENT -> SERVER: --b2=_idc1JSHX4Cpq8gX72sd9W0r1QcAyvob2U7dlC6BJpFk

Debug level 1: CLIENT -> SERVER: Content-Type: text/plain; charset=iso-8859-1

Debug level 1: CLIENT -> SERVER: Content-Transfer-Encoding: 8bit

Debug level 1: CLIENT -> SERVER: 

Debug level 1: CLIENT -> SERVER: (Sem conteúdo)

Debug level 1: CLIENT -> SERVER: 

Debug level 1: CLIENT -> SERVER: --b2=_idc1JSHX4Cpq8gX72sd9W0r1QcAyvob2U7dlC6BJpFk

Debug level 1: CLIENT -> SERVER: Content-Type: text/html; charset=iso-8859-1

Debug level 1: CLIENT -> SERVER: Content-Transfer-Encoding: 8bit

Debug level 1: CLIENT -> SERVER: 

Debug level 1: CLIENT -> SERVER: <p>(Sem conteúdo)</p>

Debug level 1: CLIENT -> SERVER: 

Debug level 1: CLIENT -> SERVER: 

Debug level 1: CLIENT -> SERVER: --b2=_idc1JSHX4Cpq8gX72sd9W0r1QcAyvob2U7dlC6BJpFk--

Debug level 1: CLIENT -> SERVER: 

Debug level 1: CLIENT -> SERVER: --b1=_idc1JSHX4Cpq8gX72sd9W0r1QcAyvob2U7dlC6BJpFk

Debug level 1: CLIENT -> SERVER: Content-Type: application/octet-stream; name="12972  .0 JOAO GUILHERME GAUER.odt"

Debug level 1: CLIENT -> SERVER: Content-Transfer-Encoding: base64

Debug level 1: CLIENT -> SERVER: Content-Disposition: attachment; filename="12972  .0 JOAO GUILHERME GAUER.odt"

Debug level 1: CLIENT -> SERVER: 

Debug level 1: CLIENT -> SERVER: UEsDBBQAAAgAAOtiQVtexjIMJwAAACcAAAAIAAAAbWltZXR5cGVhcHBsaWNhdGlvbi92bmQub2Fz

Debug level 1: CLIENT -> SERVER: aXMub3BlbmRvY3VtZW50LnRleHRQSwMEFAAACAAA62JBWwAAAAAAAAAAAAAAABoAAABDb25maWd1

Debug level 1: CLIENT -> SERVER: cmF0aW9uczIvc3RhdHVzYmFyL1BLAwQUAAgICADrYkFbAAAAAAAAAAAAAAAAJwAAAENvbmZpZ3Vy

Debug level 1: CLIENT -> SERVER: YXRpb25zMi9hY2NlbGVyYXRvci9jdXJyZW50LnhtbAMAUEsHCAAAAAACAAAAAAAAAFBLAwQUAAAI

Debug level 1: CLIENT -> SERVER: AADrYkFbAAAAAAAAAAAAAAAAGAAAAENvbmZpZ3VyYXRpb25zMi9mbG9hdGVyL1BLAwQUAAAIAADr

Debug level 1: CLIENT -> SERVER: YkFbAAAAAAAAAAAAAAAAGgAAAENvbmZpZ3VyYXRpb25zMi9wb3B1cG1lbnUvUEsDBBQAAAgAAOti

Debug level 1: CLIENT -> SERVER: QVsAAAAAAAAAAAAAAAAcAAAAQ29uZmlndXJhdGlvbnMyL3Byb2dyZXNzYmFyL1BLAwQUAAAIAADr

Debug level 1: CLIENT -> SERVER: YkFbAAAAAAAAAAAAAAAAGAAAAENvbmZpZ3VyYXRpb25zMi9tZW51YmFyL1BLAwQUAAAIAADrYkFb

Debug level 1: CLIENT -> SERVER: AAAAAAAAAAAAAAAAGAAAAENvbmZpZ3VyYXRpb25zMi90b29sYmFyL1BLAwQUAAAIAADrYkFbAAAA

Debug level 1: CLIENT -> SERVER: AAAAAAAAAAAAHwAAAENvbmZpZ3VyYXRpb25zMi9pbWFnZXMvQml0bWFwcy9QSwMEFAAICAgA62JB

Debug level 1: CLIENT -> SERVER: WwAAAAAAAAAAAAAAAAsAAABjb250ZW50LnhtbL1YUXLbNhD97ylQZabTflCw5HQas5Y8bmK76dix

Debug level 1: CLIENT -> SERVER: J5Kn/YVJSMQUJBAAlOR89Q49Qb8yPUBP4Jv0JF2AJExaokJZmfpDFrFvdx92F4uljk9WKUcLqjQT

Debug level 1: CLIENT -> SERVER: 2ag36B/0EM0iEbNsPurdTs+DV72T8VfHYjZjEQ1jEeUpzUwQiczAfwTamQ4L6aiXqywURDMdZiSl

Debug level 1: CLIENT -> SERVER: OjRRKCTNKq2wjg6dr2JFm3veWd2B69qGrkxXZYtt6JK77p4duK4dK7LsqmyxENS6+kx0VV5pHswE

Debug level 1: CLIENT -> SERVER: RD2VxLAnLFacZb+PeokxMsR4uVz2l4d9oeZ4cHR0hJ3UE448TuaKO1QcYcqpdabxoD/AFTalhnTl

Debug level 1: CLIENT -> SERVER: Z7F1Slme3lHVOTTEkLWs6sW8c0Us5i2hiRKiOteGAzfTexh3T+9hXNdNiUlacvIKX4HQfVxdPtaC

Debug level 1: CLIENT -> SERVER: Srv6sthGqCLFZOdtFui6vhDCU7UKxQF1dIcHBy9x8VxDL7fCl4oZqmrwaCs8IjzyERfppqABboAB

Debug level 1: CLIENT -> SERVER: EdCFLVNf+DYQukVhiAuxB+u41fRvV5eTKKEpeQSzz4MDlmlDssfIKJuE1p1+jxWVQhkfmFn3hgnZ

Debug level 1: CLIENT -> SERVER: Gnov8Yx4N4DUfWchsIrOV90CticTW5UXvtIY5VVZe5Klf7qSVDGrSLjNXJBq2CVkU8iwpl0UT6lZ

Debug level 1: CLIENT -> SERVER: uzyGvXF1UxRVprFfmMGNEcxIRIOYRlyPj4sT75dR8Wx5jHpTkgibDTjZFSJl/N4L8Hb114SzO8UG

Debug level 1: CLIENT -> SERVER: GwyUoh5q6FtZMKcZbB6KVS+Z1h19PNOFgl1kDYRkJoKOsSCK2Wumo3t0yeaJ2UDiGyKF/rGBKpb+

Debug level 1: CLIENT -> SERVER: R1qb4v88XkVG9uB1voHKdo/32tB0H5eXecRigiYk0+g2YzBT0dZ4bMB2icreHK8m6EKYhEWtzDzi

Debug level 1: CLIENT -> SERVER: i/HBbQ2hXCe5gSo0LAqcHd8p3GeD/c3A+yo5S6LIXBGZVAJYsOOqewgKrQn07JiouIKkMHtQFUgy

Debug level 1: CLIENT -> SERVER: X0NUrr3ZQEInpMowqr0Dq1aOO5a622KNcTv96Rp9O516p/ah7m8mwkhwAW5eHLi/StsBRW5g0AOr

Debug level 1: CLIENT -> SERVER: M8I1bYjsemASJfJ5EpSjdiYy2kjU08YJ3ty6Zh9hfTCQprZW2VAp4W7Z+dEJie1oULftBHkWU+VY

Debug level 1: CLIENT -> SERVER: NLxX5pbUdoFHe09YBXC7kazR1B8Bll4FKEjWhS7rpXSD9cLxFoBzbydLTlfbCHhICwUvbyfRAnHx

Debug level 1: CLIENT -> SERVER: o6lMSJGItdiKxabQbgKUxeOcuu/rlYpbj2ApuBPxvX+w5sfH7o1K0w85vDb6o7y+iNxSzLTk5L6q

Debug level 1: CLIENT -> SERVER: 1oDDQMdHPShlJy6K8C3nuTYK/IvMctzL2LRqO/tZsQdzXyNvijdAF/b2qMlCpd6xoM+NfxIpihn5

Debug level 1: CLIENT -> SERVER: Gp1+yBl6+BvBdXGdK4FigSY576MbuDNSoRG8mduJjCgEwyYiFn1S+pPtLmotz8ngVRe3fB0Mj34Y

Debug level 1: CLIENT -> SERVER: lpGQJFu3BX1tjEoAHvcP0C/Xp9fo4vbt5c9n76/O0MXp7dn7KgRgYbwLvTMYue02oasrWBOIpnbL

Debug level 1: CLIENT -> SERVER: hhiBbJtGxORwTj/C/jXNUURiaO9KFPGxyBmD8+WEGmIYg6kTtAuBdyKl4U4ar2/O0b9//LmTzht4

Debug level 1: CLIENT -> SERVER: JUZA+B3RkZvHRbhTlFLCOPpW2j1rqqylGeOJ+C5E9aTuYHFKOYXWQZsGPvd1Ctn5NSFGEylPdtJ8

Debug level 1: CLIENT -> SERVER: Js0ze9XQh09itxRVhye354ZqTX1NQeRMufWiviTR7nDBqCwePj38AzezLSKdwz2dUhXZktrpwE1q

Debug level 1: CLIENT -> SERVER: ZQq+zcNfkLIUQfrLGsh8DfR3sIu/HAY3Gj5u3AW45ZfB8X9QSwcIbpTqmSYFAABaFAAAUEsDBBQA

Debug level 1: CLIENT -> SERVER: CAgIAOtiQVsAAAAAAAAAAAAAAAAKAAAAc3R5bGVzLnhtbN1czZLbuBG+5ylUciU3SiT1r3i8lTjr

Debug level 1: CLIENT -> SERVER: JFV2Jdmxz1sQCUmMKYIFgqPRvk4OOeUp/GJpAAQJkiBF/Vme2alyrdANoPH1D5oNkG9/et6FvSdM

Debug level 1: CLIENT -> SERVER: k4BED31nYPd7OPKIH0Sbh/6Xzx+sef+nd797S9brwMNLn3jpDkfMStghxEkPOkfJUhIf+imNlgQl

Debug level 1: CLIENT -> SERVER: QbKM0A4nS+YtSYwj1Wmpcy/FVLJFDNa1u2DWezP8zLp25rylvmjVfWbBrPf2Kdp37cx5AVO9+5p0

Debug level 1: CLIENT -> SERVER: 7fychNaaWB7ZxYgFFSmewyD6+tDfMhYvh8P9fj/YjwaEbobOYrEYCmousJfzxSkNBZfvDXGI+WTJ

Debug level 1: CLIENT -> SERVER: 0Bk4Q8W7wwx1lY/z6iJF6W6FaWdoEEM1rSZPm84W8bRpgMbbItrZNgRzWb0jv7t6R77ed4fYtkEn

Debug level 1: CLIENT -> SERVER: 8+EnIIp/Pn0sbIHuus7FeUtQeTSIOy9Tcuv9CSG5qLyDdFAhrmvb46H8rXHvW9n3NGCYauxeK7uH

Debug level 1: CLIENT -> SERVER: Qi9HnOxMoAGfMwQOCz9xM1XclC+6ceTJkOKYUJYLsu4eoAAdN5/FX6N8GuBMBmIEi3cUc+kjDLkn

Debug level 1: CLIENT -> SERVER: DHmXN/1eFui04Or236lIuiYQRdfIw5aPvTB591Z6QN7ck7+5nA/9z2hLdqjfA0tXHLsgPOSEYXv3

Debug level 1: CLIENT -> SERVER: 9ygMVjRwDANkpH6v1J/TrA2OMA1Aeck+SJKOc5w5BYVVRCWOOGAeeNATogEPux2n730MNltmEOIP

Debug level 1: CLIENT -> SERVER: KCbJH0tcsuk7imXC/zy5pEYukOuDQZT2GQ8Jw7tLpvyYeoGPeo8oSnpfogBSDNyIh4G3CyoXy/jp

Debug level 1: CLIENT -> SERVER: sfdXwraB1yhZznE1eYZNASFrl5mWktvHa5SGWf6lRs4k3FAUc9kVb/bbiimEKMoCyNd4FrJMtsgn

Debug level 1: CLIENT -> SERVER: ewvGTzCznh/69mDkgZwG4qFCZLBFWpBRYCuJkQf5jLUlNPgNREchZ3XnrcxPXAyvzgoBtOuoNVbD

Debug level 1: CLIENT -> SERVER: mBksIaxjH7CtJTPENQoTzQJiRJFASMdnTZZi8C3mnggh257/Xo3HR7FQygifGYwl8DGRA6Aw3iLF

Debug level 1: CLIENT -> SERVER: JvqvKEaQkyUMDIEpCt8YucQ7MOeHfkgttioZRxD5mO8lPL/Wl6hEV5JDHgr6J3HCrad5MTk7l1tb

Debug level 1: CLIENT -> SERVER: o2xNEwzgRFzXYnKPhAQyNkZTcEuAQTQmwW8gqePETLSFKNqkaANNWYNH0ohRMJI//5IvHzPY/a2v

Debug level 1: CLIENT -> SERVER: mEZCdDmgtko+pgU7KIrUyFnHbHBFw3ngzWZRhC+P9fF4+hfi54YRcyqi1TFz0uOf+gWcJS/r4no5

Debug level 1: CLIENT -> SERVER: /v1j5rVDdBNEFqgPDJYba9G2IozxBIjbsZuRDNYIrdtDvMUR5LskskLk+wC4WNBDPyJgOruAnWi0

Debug level 1: CLIENT -> SERVER: cRp5LJUD7oEMCQ+ABwo8btXKGi0/AI+P+CSQ6EycwhHLdh+DRgovPMM4Nd1XUo9bmi2fSlmgeSu7

Debug level 1: CLIENT -> SERVER: nYmLuXNL/XAj89cNC6uYU7U2incITJU/KymTc2tMcZpsKywX+JZ47NaDX4h1i5FP5StCuRdwE4Od

Debug level 1: CLIENT -> SERVER: AOwlRHHC7ffSiS1K9pXJoaXi1F8xjsGlN5ht+WMv97djE+sTSjN+BO/xEfX7jbFFKS9ESQLigesc

Debug level 1: CLIENT -> SERVER: DTeEgpdHidLSPgCfkr+a96QLnLNY9JHFfg5YiI+uFBryYpNlRiniMuoMn6HhV9f+dUX8wzmIlQL0

Debug level 1: CLIENT -> SERVER: YOyOmoK0M3bMQdqWQVoYhcg/IpF/oHCPDskxdOtxLX94KIc3d67CmwxdebJg2QPbmRfh96TQpmfA

Debug level 1: CLIENT -> SERVER: 5oAm5z0rOomu3U3EoEjYY+IQHTRV93TyJYZ0to00buIO38Q7L/cjbJ/nrKPF3kM+ZEdzK7RU1BS6

Debug level 1: CLIENT -> SERVER: Cf4exTzqX1EHIClFJzqqRLtFET1R+5WVSZFeJ/keJyjCiVXh0m5200qS4WZeKNt4D0iy4LmlxYNk

Debug level 1: CLIENT -> SERVER: H50oIMmohs5G/bQkAebxc3o2Q2cF/x0eSZ6vqN5AjNeq3ivp6mo2/jeM+IkI9zPHHIsyjp7z3TY1

Debug level 1: CLIENT -> SERVER: lVaQlAk8QvzEcx/n8k1vOpoc3/RO3d5E3i0yhTfuejJeTJszeVXFq2x4dtWs9V2pSjxhV7JP2ZU0

Debug level 1: CLIENT -> SERVER: S3DbLcG9tyW4l1tC8SD6I1mCM22xhBrxhKen6ZmWMGq3hNG9LWH0ciyhoulxm6arxBM0PT5T0+N2

Debug level 1: CLIENT -> SERVER: TY/vrenx5Zou1FnTtD27haabk6aT8qIPhr5n5zyayiftKp/cW+WTl6PyFt2do5lpu2am99bM9HLN

Debug level 1: CLIENT -> SERVER: FPBXNXO5ViYL/vdyHHHWru7ZvdU9exnqvrITztu1Mr+3VuYXa+VmGnFn/O/lOOCiXdWLe6t68eOr

Debug level 1: CLIENT -> SERVER: +hrO95iu2D3K594Wxfxm1zFE5ZljGGzAVj0QAOfHTv9OExasDxY/mYEZ94T6tXP5UzYs7RnBUAiH

Debug level 1: CLIENT -> SERVER: cOpOM9WdUp6rPXNc4nz1x44r+ua/UsIuM4OrPQQWpJupf2zzv2uEywth56V67iP/rCJdjoucrVfj

Debug level 1: CLIENT -> SERVER: uaWaQrxm4vh9VlYTlUdTtq6hQFw0yRrl6Pzc0ioRc+V0rRQzHCWYY1MyzTIuGVfvu1mvgmXijo24

Debug level 1: CLIENT -> SERVER: GCjHK6EF6SyDP0cPvE+MfL7ZZmtSGlWtFUWr5mw1o8moQiiWU9Cyo3Q5QUQirLdmE1SbVfrKzx17

Debug level 1: CLIENT -> SERVER: CQkDv6c/52dc2lOlgfH71g4uDAF/kRlIKQrwHx9gbLPVZz2KgNDTefM7BzxlGTbP+/nb/1gaEnEQ

Debug level 1: CLIENT -> SERVER: wf95vy0udVQORyVnz+npPKV5XnmpXsPK7YaVewesfoxitobVqBtWo6tg9SOWezUsxt2wGF8Xi7OD

Debug level 1: CLIENT -> SERVER: 2g0fAzVQJt1AmdzCmc56YNJkn3aTfXqR7C+isKaBMusGyuwqoFxZofNuss8vM8aXUKjRQFl0A2Vx

Debug level 1: CLIENT -> SERVER: FVCurNDjYp8s9InJy9Uu1t3l2hyvDnVBs+C7bqzrWJO59yb/Htzr23+//ecISjnbRSD9MJUL7QH9

Debug level 1: CLIENT -> SERVER: 51285S8ytj+jV7nul9tcuPKSvuXqUFfVZ+w/SJJ3PRP4Ba8xxZF3pE5TY+u6diGueNeN1zCSHQpD

Debug level 1: CLIENT -> SERVER: y0Nx0m8AxhAs7IVewN1nd6xXJPRLmEiCAq2JnGMmGDoj9o+PP1dX3uFVO3FREUXellCLHWJcLm09

Debug level 1: CLIENT -> SERVER: bZbPquYD/38o1X/kGziyxiJb1EtuVkz4uQaJawTKD0BqxbPiPTrZs1ye0qiV7jVsxGrUcYsBIknp

Debug level 1: CLIENT -> SERVER: VxjFuUzGLi9uVu4oRunO4q+zI1BqDia/tpx1reKpk0gSiLdNUOQLk8HqJQa0ArKox/FXsk3DVliy

Debug level 1: CLIENT -> SERVER: sUXjmoQh2WPfWh3kBWqGVn1t8vx1JzU/N9PZ1DWVVi2dUqpFKkKBs3HRQG3CsyPS7qtC2oEEbGpE

Debug level 1: CLIENT -> SERVER: WqdUqr6ScHOkR68M6fwMoQp09XChdOhwc5jHrwzm4uShinPtTKJ8jHFzpCevDOnZbN6AdEGpIC0J

Debug level 1: CLIENT -> SERVER: N0d6+qqQdgf2yLwd6pQS0opwc6Rnrwxpd27eDnVKBWlJuDnS81eG9MQcpjVCBefJdwnSi1cG82zR

Debug level 1: CLIENT -> SERVER: hHNBqQAtCTdH2rFfFdSjgT0274c6pQS1IlwCdZmk4x8RhhN4RI/WwSal4kMCvZxgZVfQ1oSwSLs1

Debug level 1: CLIENT -> SERVER: oqvCyVYsvzvzhMIU85cDZaPqmGgQiC9R6H3kG4X8XgQfT33Ti6+3u4Q48psEDMwCquE5IoUEpmka

Debug level 1: CLIENT -> SERVER: 34eUX+sR76svFkUdwYRONkiBAtdtRgsij4ovAfLkT/s0kRit+CIRv54CYwaepQhyOo4nWOkBtFsq

Debug level 1: CLIENT -> SERVER: DnyKd07fwFSpFgnKPvD5h/Nce7BYqNKPIKjX693FYNqyxmwSgJBZhAawFpQpm1BGUcBql3xchVn9

Debug level 1: CLIENT -> SERVER: ko+BlHmC8RqR9u2hlk/9ZGvf0MBXn05449n8z8SRKdsdz2zHRF+hpMAm/1xBnY+mq0PBZ+aRwupl

Debug level 1: CLIENT -> SERVER: p9oIEGz41/8y26szCeBb6FmBscKhnNPaoeeSkMXXujKGBMcKYWkolSMZ9Q0aEBSMQvCL91tsx8CD

Debug level 1: CLIENT -> SERVER: 1qLaaGBBPr+5JT1B+odspxDIlIVO8g9DKS3a4j8tPJptXS1qixG/FCV+DPWVao31gQqvrLthRtih

Debug level 1: CLIENT -> SERVER: JB8jny1r5COVj4sqF4J1mTX31aJBZfih+dOw7/4PUEsHCCeojhaQCwAAWlYAAFBLAwQUAAAIAADr

Debug level 1: CLIENT -> SERVER: YkFbyE46DfwDAAD8AwAACAAAAG1ldGEueG1sPD94bWwgdmVyc2lvbj0iMS4wIiBlbmNvZGluZz0i

Debug level 1: CLIENT -> SERVER: VVRGLTgiPz4KPG9mZmljZTpkb2N1bWVudC1tZXRhIHhtbG5zOm9mZmljZT0idXJuOm9hc2lzOm5h

Debug level 1: CLIENT -> SERVER: bWVzOnRjOm9wZW5kb2N1bWVudDp4bWxuczpvZmZpY2U6MS4wIiB4bWxuczp4bGluaz0iaHR0cDov

Debug level 1: CLIENT -> SERVER: L3d3dy53My5vcmcvMTk5OS94bGluayIgeG1sbnM6ZGM9Imh0dHA6Ly9wdXJsLm9yZy9kYy9lbGVt

Debug level 1: CLIENT -> SERVER: ZW50cy8xLjEvIiB4bWxuczptZXRhPSJ1cm46b2FzaXM6bmFtZXM6dGM6b3BlbmRvY3VtZW50Onht

Debug level 1: CLIENT -> SERVER: bG5zOm1ldGE6MS4wIiB4bWxuczpvb289Imh0dHA6Ly9vcGVub2ZmaWNlLm9yZy8yMDA0L29mZmlj

Debug level 1: CLIENT -> SERVER: ZSIgb2ZmaWNlOnZlcnNpb249IjEuMiI+PG9mZmljZTptZXRhPjxtZXRhOmluaXRpYWwtY3JlYXRv

Debug level 1: CLIENT -> SERVER: cj5lbGlzZXU8L21ldGE6aW5pdGlhbC1jcmVhdG9yPjxtZXRhOmVkaXRpbmctY3ljbGVzPjI8L21l

Debug level 1: CLIENT -> SERVER: dGE6ZWRpdGluZy1jeWNsZXM+PG1ldGE6Y3JlYXRpb24tZGF0ZT4yMDI1LTA5LTI5VDEyOjI1OjAw

Debug level 1: CLIENT -> SERVER: PC9tZXRhOmNyZWF0aW9uLWRhdGU+PGRjOmRhdGU+MjAyNS0xMC0wMVQwOToyMzoyMy40MjwvZGM6

Debug level 1: CLIENT -> SERVER: ZGF0ZT48bWV0YTplZGl0aW5nLWR1cmF0aW9uPlBUMDBIMDBNMDBTPC9tZXRhOmVkaXRpbmctZHVy

Debug level 1: CLIENT -> SERVER: YXRpb24+PG1ldGE6Z2VuZXJhdG9yPkJyT2ZmaWNlLm9yZy8zLjEkV2luMzIgT3Blbk9mZmljZS5v

Debug level 1: CLIENT -> SERVER: cmdfcHJvamVjdC8zMTBtMTEkQnVpbGQtOTM5OTwvbWV0YTpnZW5lcmF0b3I+PG1ldGE6ZG9jdW1l

Debug level 1: CLIENT -> SERVER: bnQtc3RhdGlzdGljIG1ldGE6dGFibGUtY291bnQ9IjAiIG1ldGE6aW1hZ2UtY291bnQ9IjAiIG1l

Debug level 1: CLIENT -> SERVER: dGE6b2JqZWN0LWNvdW50PSIwIiBtZXRhOnBhZ2UtY291bnQ9IjEiIG1ldGE6cGFyYWdyYXBoLWNv

Debug level 1: CLIENT -> SERVER: dW50PSIxMSIgbWV0YTp3b3JkLWNvdW50PSI2NSIgbWV0YTpjaGFyYWN0ZXItY291bnQ9IjQwMSIv

Debug level 1: CLIENT -> SERVER: PjxtZXRhOnRlbXBsYXRlIHhsaW5rOnR5cGU9InNpbXBsZSIgeGxpbms6YWN0dWF0ZT0ib25SZXF1

Debug level 1: CLIENT -> SERVER: ZXN0IiB4bGluazp0aXRsZT0iTm9ybWFsIiB4bGluazpocmVmPSIiLz48L29mZmljZTptZXRhPjwv

Debug level 1: CLIENT -> SERVER: b2ZmaWNlOmRvY3VtZW50LW1ldGE+UEsDBBQACAgIAOtiQVsAAAAAAAAAAAAAAAAYAAAAVGh1bWJu

Debug level 1: CLIENT -> SERVER: YWlscy90aHVtYm5haWwucG5n7Zd5NBv4FseZdlplLFUtRamiqqXKIFJbaTultja21DooRi1JaGwV

Debug level 1: CLIENT -> SERVER: 2lKqlFaRBmVMBdGS2pfYt0woKUGQRmgQQkTsSySv5505b+bv9+97f/3u955zz7nnnns/3/NLvmN7

Debug level 1: CLIENT -> SERVER: S1RYVlhAQEDU0uIG6PtbKyAgKCB05Hu0qQygfM8bW94wc4jMY70zDaUbnEoqKJu/cDge0yJklQz5

Debug level 1: CLIENT -> SERVER: NJOY+jCecDV0AUpKziyNfNr49FBGxMw3rWN9K/lToeLBfC4iv0pF8qwgs9olZl2AW6eRIniBQ3kE

Debug level 1: CLIENT -> SERVER: EJh2jh85exQUL28hGnpW788n/53Am4GI/auRPxtuzwfVBeR8BvqP6Y69fTcfBeae4r8R2sdVGA50

Debug level 1: CLIENT -> SERVER: 0XUa7/iv+hrGyfAXPPVs6NuiKVpS9bvDnIaZSP0EcjaTuC7pYc1rD4moAE2x5bgoOmweZKwQTp56

Debug level 1: CLIENT -> SERVER: 2F1+pvAVJG5cNk2OOUn1WfZh2BklKewGt65IyVWNcm7GoJhFaN60Is6tl9/gF0iTT0dO0j0L0qL4

Debug level 1: CLIENT -> SERVER: JtL4WJCdWd9QBdn/UWSDSnKuigfU6IWElQE/e6Bf12SfcT3b2AJaC2sG05IQPh9nvalAhzQI3Ets

Debug level 1: CLIENT -> SERVER: swTSyo1/p7kiZjIfNrfmUTVNlbBGNXdX3i8ObnHmXega6P1AC+NI0rhAIuYZ5/5MoWi+LYGivqWm

Debug level 1: CLIENT -> SERVER: sMRccstDcrZ+GysIjm6eHL3MK8nc9O2tNoZXixZqnUKkk9tB/OAt395KvQgxhB0rJU5oUGlD3MCC

Debug level 1: CLIENT -> SERVER: OT+yiYid2gWE1hP7x4r8baLdrLbssl8M9hsBeF3LiyNwX8/LWUuzdgcseOSk8T112kfKSt8+rdKC

Debug level 1: CLIENT -> SERVER: xBYjZ+nDWzbnZJaA+8NZteI4cuvgJN6t5N7+8NcslHSECT4OwQwPYVxGsO0iqPHsVctWe4AaFbDO

Debug level 1: CLIENT -> SERVER: 3iv+uh2XaHdOr5341zJ4/sLc5cBQXJtcOYXgUIbMgcyBnZx5ov34WNKFSfWpTDFALpdV1kb47NUh

Debug level 1: CLIENT -> SERVER: dQ/WGvOTtq3jOFQmWz1RMw8I6Fm4cS6oGdWzcPN5XoJEoSk7eA17iw+tC/+JiJM5meOtwsim+C2C

Debug level 1: CLIENT -> SERVER: W/uc6mvEeWlaynBSHXCWXGwAi4SvE68f9hamMIfLy83CLhWaa33bCVKacnvu1QXuRoeS3jLnoymE

Debug level 1: CLIENT -> SERVER: 9flPGFFzCNpc6ApPKcE0T6Zzo4qML1sK7dqxjzmNOcAzMVbpi3BS+etGuOskTNirTe/w+EPg3hdW

Debug level 1: CLIENT -> SERVER: StYB1WW4TMYTuNqknsCQPHB6ICpXAeu+uLzt4r5zujVtZNX32oNXhzBmaYdO5HRSX6cA/Eh35qJn

Debug level 1: CLIENT -> SERVER: u4uRlmaqUQtDIbx5DNtckpSnLKp6bPEyKmBKTR6hRSjNM1XVzWJg1U7ZVNi6TPbhi8qiwJ02tAk0

Debug level 1: CLIENT -> SERVER: rk+vYxF3zNLmRbEuxaSfZQdf55TbduZEEBzRBZzm1nJ1y0vUT0214oXpANqglGVycOmJT7FlCEpt

Debug level 1: CLIENT -> SERVER: OWX3m/He42THo3EgRgqd27Mase0cF8+XqF6//XQoW75GVbwWCJKYMuAf2Ymm9Y5d1lbH2NquafVe

Debug level 1: CLIENT -> SERVER: nSmVJ3uonEavu0aT+tZBtCqHxpaQvqreTx4XC86dYKhuzERZs0RYU8yeR80kI2p25J9fijNf1Yyw

Debug level 1: CLIENT -> SERVER: jhFuM8IexH0mMvs5mu8Aql6OBEd72721Z9jCFLNSqdDU8oH0kBAubHIT3qBgb9l+lV+KQFx1EhND

Debug level 1: CLIENT -> SERVER: B+IgjC0FvWyd86bZX558H15ZpENkSQ6uu/hixwVeqx24KuO+wyjOzs9FWc6x5ncH7JvUTtfJTPe5

Debug level 1: CLIENT -> SERVER: 3ebPg6wTKTllNwP3n1pQoup8xnytAPv2bXW12JSerQ1H0zoGdazcvc0+s6imEDvoeitQv4k5DMcl

Debug level 1: CLIENT -> SERVER: KdZjM4PHWHDDXKqgiV/qa/bIJRUxzOP/sElebtiQAXuuuiHVZa1eNNLdETOQhHuTSMTDCkbKJ2R0

Debug level 1: CLIENT -> SERVER: RiYlo2/Tub0SZNzDwBHB6XJ56eGlHBzn6eLNbZdsiXa5acN/ok7+/OaVn6w+S+EQ1Uvr8e75oMSJ

Debug level 1: CLIENT -> SERVER: u4wkbJcXjLkjgacchIiXUxLyGb6D61/PkE7dYXx55RETbjpVEWA7e7wDm8D+JzNh3HYK+UhzRbxR

Debug level 1: CLIENT -> SERVER: V/s9fxLiF5qbqDWi+d5b4i4uPozePmTwZ/JvfdJzXzRajCbhptOjQe6iv54JcvXfiDJ2R821oZb3

Debug level 1: CLIENT -> SERVER: uEHiLODL0FhfaMg9pd+V7Jj9oZEWWq0v2j50YH0fB+qNhyOHyBtLj4klD2pWAuPDPBUThD2Ptdr/

Debug level 1: CLIENT -> SERVER: E9uFSi06gby6T37jWX+cfNJQm9+/Mgqkr32FLMVA4aiJRIOkvIn6uFx3HpPsY9M1LX7G53nCXjdw

Debug level 1: CLIENT -> SERVER: 683VwRxPzY+nGVARwzU3aETK/RVGarURNnfuSv7cj7pLOgOExvBkxg5StbCfCxErbBNOIqLr/Rap

Debug level 1: CLIENT -> SERVER: A0nSfhKbinPfK8bCeqnEg7oQCjL5Z75zNa8EdZ3+Q+6q3s4VGiY+lT89hFJji3C8io7sOP7VrZdS

Debug level 1: CLIENT -> SERVER: yxWRWGsrF2RJw0TwA9KwJA6tDpqnMt66YlecWzRuPXcrHhU0N/dym61me2hU3tUKOF6A5MW1q6qZ

Debug level 1: CLIENT -> SERVER: nEi6aSoL0AyXo/dVwE5m/GruthFalg2/gIoo8A1p2Y/N8gXKhtE1tyDCE89YNc+kfRK/Bc390J2f

Debug level 1: CLIENT -> SERVER: 7ozjoZDCMMUwQjKxG+ZpmrMyghx33XnoIt35VWu2yW8KcSr8oGxyatu1bQXJeb6Y7NvGrzE1HZ9b

Debug level 1: CLIENT -> SERVER: NiEoruGT2CNsWyGAJISb9bdvsjPQyIy1vmuUy1gNXHmzi7l7gfLHo4ovtwnDuFqP1ejpj2SDhJ5O

Debug level 1: CLIENT -> SERVER: oTX45pjBlEThDH8eUbUxJgTWg+qXjO4S53u0vVSan4hvv8sBazZniavptbuaPXhFb1/AD9CktgL8

Debug level 1: CLIENT -> SERVER: 0DK00veKmw09xbLvDfBY5YAgb0veRO95l5OalfDXd3GXPO0s9TXqCehHJG6LcfAHvEFisTVsrzoX

Debug level 1: CLIENT -> SERVER: st5oip9VcVb1eLYwEF3hBe5r6ItMX7o9e54lAlQKAcBdqrPh7ll/nlS+5vqU9IGsvIW2IdiPGgzq

Debug level 1: CLIENT -> SERVER: +lLCB5iYySbogbdh0BnKaXxUNu8z/PDFFteVlQb7WtbPKq5nDFjgJa3VZWy/5ix7fPdb2cItvZDK

Debug level 1: CLIENT -> SERVER: gUPQ6/qu1nuLSPe1dHRl8nXbmNCowiHdcG23Vd1N8FnV26P2GT3li20y7tptrNjU99JnFSjLu0T/

Debug level 1: CLIENT -> SERVER: wC7FP3LLui/FVUCypXU344yWGr7bvE+gtJU9Go1wppFpiInYl0ywQmDUGeLWyG7s7B5HhhQ7M/LQ

Debug level 1: CLIENT -> SERVER: uBNsI6186wnDtGKs6Sv7PFxN1WKu8i1nUi/AyD+IDKyj7yVNdMWFFRHYKO9voyY/zK3pQjcdoDO/

Debug level 1: CLIENT -> SERVER: ewk6b4/g3yMeFh5iV2Vc45/bgwFChuqqfOOqab5UF0CMt5OPZPwdGipaI4hNBvlSLvnIryeuYKve

Debug level 1: CLIENT -> SERVER: 55wLjrjs2nk/a3G+rlpH2aV6BbcTPi9H2yB4yBb0DzoeNIXU4xRgw/3jWF7NYJPTeRENUuMoAbQr

Debug level 1: CLIENT -> SERVER: j8G2VkDwpMm03jKRA29mHTnj014FBbI/vfpuz4b72zKdmJrCbax8A0kRQrRwUH9fN0ypxatvpiJE

Debug level 1: CLIENT -> SERVER: dLTHGL6jaas0zybjmI0TssyLSg1Sff371JrErTEJZ9TrgPITTtKlXQ6Ylbq19liarN9yE+6O24U3

Debug level 1: CLIENT -> SERVER: 6/Zlr8DCxEYqU4gL4W3TGxaScJr8Xb8tKCwqxqNN10b49I8gmYAafbH1QG8LDBxo7fhsulgvE7kF

Debug level 1: CLIENT -> SERVER: +XB89so064HzvvHL7ZSSwQ8i4DPFF1nRjRARGFr7jXaRXuKTasxrumzgJaVKaOtRXII+cvQ4SGdM

Debug level 1: CLIENT -> SERVER: G3nKAzot08Pb2Kgx0bLbmqmXaPpg7hRw8glIp1J87l6trBlSnOPw48eVwbtJmDHS8nYL+N3ZxJo+

Debug level 1: CLIENT -> SERVER: glXLVRWnAqzYQcejjoh/e7hY0RHgK9nZa/8X/9sijS/YYdDTTu9skfj+nxKwvGl7o8L816f/AlBL

Debug level 1: CLIENT -> SERVER: BwhjsNzdRwsAAHYNAABQSwMEFAAICAgA62JBWwAAAAAAAAAAAAAAAAwAAABzZXR0aW5ncy54bWy1

Debug level 1: CLIENT -> SERVER: Wdty2kgQfd+vcOkdYwjJ2pRNSuCQJcaGAhzX5m2QGtB6NK2aGRn4+/SMwOWA8GKkecLWpe99+vTo

Debug level 1: CLIENT -> SERVER: +usq5mcvIFWE4sarnV94ZyACDCMxv/EeJ93Kpfe19dc1zmZRAM0QgzQGoSsKtKZH1Bm9LlQzu33j

Debug level 1: CLIENT -> SERVER: pVI0kalINQWLQTV10MQExPa15tunm1ZZdmXFI/F84y20TprV6nK5PF9+Okc5r9aurq6q9u720QDF

Debug level 1: CLIENT -> SERVER: LJofqyp7+q0qRHxVZF7IjLHK6hcXjWr2v3e2MfJNaOpeaxuHrfut642C7KcSaYhNbM42l41pNx6p

Debug level 1: CLIENT -> SERVER: bL5EsHyNmpf33p/v/KTnfQlsgom3vaPXCd2JhPZatcZl/bq6L+R4wX2Y6TzJF8XEPkWhXuTJ/VT/

Debug level 1: CLIENT -> SERVER: /HdBk/+BaL7INbpeq325PE34eIHLEYRUYtBZMDEHtaNgisiBCa+lZQqn6eiJtsSlgnsM4ZD0GePq

Debug level 1: CLIENT -> SERVER: aPGVmCWVSISwgnA/Vvn1Zd+hzpDr4yLeC3dMVVpS8XotU8oFMnmo8GqXtUaB4jvQKI361edThapo

Debug level 1: CLIENT -> SERVER: yqH0PrFSHbS1lTs61CGm/YqZ3EatMc7tvvqXxond9wsxnpCk3VJboCyGRX22xlR3kKex2O3osqS3

Debug level 1: CLIENT -> SERVER: EZ9La+n9uHRZoFHm2167ONH6nhoDh0BD2JV04QTTcy6+hZZDtzdolf8ADcbjR2l2IZVM02D+yEz1

Debug level 1: CLIENT -> SERVER: w3DIJJswquZxwgKDZuWnbkgoqUdgiAPsQmgZ8gepNsOqTxr4vxHwUD2k8RSkG2/6RL0ek5DpvOG1

Debug level 1: CLIENT -> SERVER: LcYCgfoWJ3o9ZG7G7lyghG4klSY3oEcVKHRPuAwXUQhJbQuyg3EiQRnuWDq+2cCNyQEOP3B6MHAF

Debug level 1: CLIENT -> SERVER: 3Mgy3pUEzhAnnP4uPzvWiyFLQBo9Y9Dp7kgswxPqeQt0g9mMkMJFrKwfhiU4quINOR1K1ITbVE93

Debug level 1: CLIENT -> SERVER: sN7VwhR8abQjweTaqx5psoVBB/ZuDO2i3CULZTWY9lONWYk6KssO0jBD7iQ6JB5kbrl/MIsZvFEa

Debug level 1: CLIENT -> SERVER: lS/CNmfiWVHQDdJ1GA9Sbuejq4L3hUBtNRyeCyfCWx9ZOAIWouB7hV4OIhgWsCEAE7R90AHuItuk

Debug level 1: CLIENT -> SERVER: 69uK0i0Y75NH78ycAjqShK8fFchbpln54ruGYrhsuDF7gZ/ZKctAdDgqF3zaKPnOccr47eaAyBAb

Debug level 1: CLIENT -> SERVER: F+Ogp+4o376KmBimItCpqzb0eTQXVLxjjckQVfSemtOz0+FR4qtXWuOLgHobwidJj8ouX9vh6iKO

Debug level 1: CLIENT -> SERVER: nVRKSpMpagOM5neMqQz2sCY7lTgCLylWvh3UGREkrDQ4MJcsWaie6Edqd3Euw41bfEDdYYlOJdxK

Debug level 1: CLIENT -> SERVER: thxM/1MDYaiCA2UWyka4vANwwaU2s+thf288PglWRpetCgmh8ayiEOQEVvqJ8jcQFFbqARdMWMGA

Debug level 1: CLIENT -> SERVER: hxvP74FMDJyRSHt442oXUn02hVf0cxMpw/nAMhB363XOEu/rsSZWWH7QXl3aFlrixicLEiOgBcW4

Debug level 1: CLIENT -> SERVER: 5mstDZOjPbWLTlKVrV4SVUJE3ZX87wZY3+mWAoyHc1xaHbT+dpgIgDsYfH/OH9rnYybCnF2+yGmw

Debug level 1: CLIENT -> SERVER: TfyPVOlotjZto54ivbhnImW8LYE9u5kRagRmOXiBCWaj0CUaEDJTkW0JisMjN5DGGfMJ0LA7e0B7

Debug level 1: CLIENT -> SERVER: 4APGgnC2IkEhT41NRQaDy7OkzQHJHNoseJ5LTMXB48Syy7zYeDc8xx7JutmeadUNng0yOpn3YkV1

Debug level 1: CLIENT -> SERVER: G8AvkEir2/9sbR88JrfH3NW9b8jVQ1/XW78BUEsHCLnXyHwCBQAAnx8AAFBLAwQUAAgICADrYkFb

Debug level 1: CLIENT -> SERVER: AAAAAAAAAAAAAAAAFQAAAE1FVEEtSU5GL21hbmlmZXN0LnhtbLWVS27DIBBA9zmFxd7QZlVZcSK1

Debug level 1: CLIENT -> SERVER: Uk+QHoDgsYPET8wQJbcvjpTEbaOqqcwOLHhvGDzDanO0pjpARO1dy575E6vAKd9pN7TsY/tev7DN

Debug level 1: CLIENT -> SERVER: erGy0ukekJrLoMr7HF6nLUvRNV6ixsZJC9iQanwA13mVLDhqvq5vRtN6Ud3AvTZQ54XxVN1k0GlZ

Debug level 1: CLIENT -> SERVER: 0ylAy2QIRitJOU5xcB0/u/hUwQmOxG67J6daTj73yZg6SNq3TDDxUAz3KW/e9XpI8RwbLgWSpIQ7

Debug level 1: CLIENT -> SERVER: GcvgpVJgIE99FCrFOJ48J7e4q4igN14SFIIHH1LIf0YqhI9+iIDlbnoMvRicvDfF4NrKAVC8arIy

Debug level 1: CLIENT -> SERVER: YFHHg+zvbQSTG6uHJ83VVPC3GB6Ujw1KjLV6F5799L9i/p2LdDKAs2MtkJyt8Wz3ye6c1AYFXYY8

Debug level 1: CLIENT -> SERVER: uGFu+LyJBaL8Tl5TuxI/nsn1J1BLBwhlgkjaRAEAAGEHAABQSwECFAAUAAAIAADrYkFbXsYyDCcA

Debug level 1: CLIENT -> SERVER: AAAnAAAACAAAAAAAAAAAAAAAAAAAAAAAbWltZXR5cGVQSwECFAAUAAAIAADrYkFbAAAAAAAAAAAA

Debug level 1: CLIENT -> SERVER: AAAAGgAAAAAAAAAAAAAAAABNAAAAQ29uZmlndXJhdGlvbnMyL3N0YXR1c2Jhci9QSwECFAAUAAgI

Debug level 1: CLIENT -> SERVER: CADrYkFbAAAAAAIAAAAAAAAAJwAAAAAAAAAAAAAAAACFAAAAQ29uZmlndXJhdGlvbnMyL2FjY2Vs

Debug level 1: CLIENT -> SERVER: ZXJhdG9yL2N1cnJlbnQueG1sUEsBAhQAFAAACAAA62JBWwAAAAAAAAAAAAAAABgAAAAAAAAAAAAA

Debug level 1: CLIENT -> SERVER: AAAA3AAAAENvbmZpZ3VyYXRpb25zMi9mbG9hdGVyL1BLAQIUABQAAAgAAOtiQVsAAAAAAAAAAAAA

Debug level 1: CLIENT -> SERVER: AAAaAAAAAAAAAAAAAAAAABIBAABDb25maWd1cmF0aW9uczIvcG9wdXBtZW51L1BLAQIUABQAAAgA

Debug level 1: CLIENT -> SERVER: AOtiQVsAAAAAAAAAAAAAAAAcAAAAAAAAAAAAAAAAAEoBAABDb25maWd1cmF0aW9uczIvcHJvZ3Jl

Debug level 1: CLIENT -> SERVER: c3NiYXIvUEsBAhQAFAAACAAA62JBWwAAAAAAAAAAAAAAABgAAAAAAAAAAAAAAAAAhAEAAENvbmZp

Debug level 1: CLIENT -> SERVER: Z3VyYXRpb25zMi9tZW51YmFyL1BLAQIUABQAAAgAAOtiQVsAAAAAAAAAAAAAAAAYAAAAAAAAAAAA

Debug level 1: CLIENT -> SERVER: AAAAALoBAABDb25maWd1cmF0aW9uczIvdG9vbGJhci9QSwECFAAUAAAIAADrYkFbAAAAAAAAAAAA

Debug level 1: CLIENT -> SERVER: AAAAHwAAAAAAAAAAAAAAAADwAQAAQ29uZmlndXJhdGlvbnMyL2ltYWdlcy9CaXRtYXBzL1BLAQIU

Debug level 1: CLIENT -> SERVER: ABQACAgIAOtiQVtulOqZJgUAAFoUAAALAAAAAAAAAAAAAAAAAC0CAABjb250ZW50LnhtbFBLAQIU

Debug level 1: CLIENT -> SERVER: ABQACAgIAOtiQVsnqI4WkAsAAFpWAAAKAAAAAAAAAAAAAAAAAIwHAABzdHlsZXMueG1sUEsBAhQA

Debug level 1: CLIENT -> SERVER: FAAACAAA62JBW8hOOg38AwAA/AMAAAgAAAAAAAAAAAAAAAAAVBMAAG1ldGEueG1sUEsBAhQAFAAI

Debug level 1: CLIENT -> SERVER: CAgA62JBW2Ow3N1HCwAAdg0AABgAAAAAAAAAAAAAAAAAdhcAAFRodW1ibmFpbHMvdGh1bWJuYWls

Debug level 1: CLIENT -> SERVER: LnBuZ1BLAQIUABQACAgIAOtiQVu518h8AgUAAJ8fAAAMAAAAAAAAAAAAAAAAAAMjAABzZXR0aW5n

Debug level 1: CLIENT -> SERVER: cy54bWxQSwECFAAUAAgICADrYkFbZYJI2kQBAABhBwAAFQAAAAAAAAAAAAAAAAA/KAAATUVUQS1J

Debug level 1: CLIENT -> SERVER: TkYvbWFuaWZlc3QueG1sUEsFBgAAAAAPAA8A7gMAAMYpAAAAAA==

Debug level 1: CLIENT -> SERVER: 

Debug level 1: CLIENT -> SERVER: --b1=_idc1JSHX4Cpq8gX72sd9W0r1QcAyvob2U7dlC6BJpFk--

Debug level 1: CLIENT -> SERVER: 

Debug level 1: CLIENT -> SERVER: .

Debug level 2: SERVER -> CLIENT: 250 2.0.0 Ok: queued as 57AAA1005E55

Debug level 1: CLIENT -> SERVER: QUIT

Debug level 2: SERVER -> CLIENT: 221 2.0.0 Bye

