Debug level 2: SERVER -> CLIENT: 220 smtp-sp217-41.kinghost.net ESMTP

Debug level 1: CLIENT -> SERVER: EHLO localhost

Debug level 2: SERVER -> CLIENT: 250-smtp-sp217-41.kinghost.net
250-PIPELINING
250-SIZE 62914560
250-VRFY
250-ETRN
250-STARTTLS
250-AUTH PLAIN LOGIN
250-AUTH=PLAIN LOGIN
250-ENHANCEDSTATUSCODES
250-8BITMIME
250-DSN
250 CHUNKING

Debug level 1: CLIENT -> SERVER: AUTH LOGIN

Debug level 2: SERVER -> CLIENT: 334 VXNlcm5hbWU6

Debug level 1: CLIENT -> SERVER: [credentials hidden]
Debug level 2: SERVER -> CLIENT: 334 UGFzc3dvcmQ6

Debug level 1: CLIENT -> SERVER: [credentials hidden]
Debug level 2: SERVER -> CLIENT: 235 2.7.0 Authentication successful

Debug level 1: CLIENT -> SERVER: MAIL FROM:<ourodosul@ourodosul.com.br>

Debug level 2: SERVER -> CLIENT: 250 2.1.0 Ok

Debug level 1: CLIENT -> SERVER: RCPT TO:<aline_mombach@sicredi.com.br>

Debug level 2: SERVER -> CLIENT: 250 2.1.5 Ok

Debug level 1: CLIENT -> SERVER: DATA

Debug level 2: SERVER -> CLIENT: 354 End data with <CR><LF>.<CR><LF>

Debug level 1: CLIENT -> SERVER: Date: Wed, 1 Oct 2025 13:26:24 +0200

Debug level 1: CLIENT -> SERVER: To: aline_mombach@sicredi.com.br

Debug level 1: CLIENT -> SERVER: From: ourodosul@ourodosul.com.br

Debug level 1: CLIENT -> SERVER: Subject: =?iso-8859-1?Q?Atualiza=C3=A7=C3=A3o_de_Cadastro?=

Debug level 1: CLIENT -> SERVER: Message-ID: <K251MoTYnHplu1xE8ukoxsuZXrppRutoYGrfBarHJ8@localhost>

Debug level 1: CLIENT -> SERVER: X-Mailer: PHPMailer 6.10.0 (https://github.com/PHPMailer/PHPMailer)

Debug level 1: CLIENT -> SERVER: MIME-Version: 1.0

Debug level 1: CLIENT -> SERVER: Content-Type: multipart/mixed;

Debug level 1: CLIENT -> SERVER:  boundary="b1=_K251MoTYnHplu1xE8ukoxsuZXrppRutoYGrfBarHJ8"

Debug level 1: CLIENT -> SERVER: Content-Transfer-Encoding: 8bit

Debug level 1: CLIENT -> SERVER: 

Debug level 1: CLIENT -> SERVER: --b1=_K251MoTYnHplu1xE8ukoxsuZXrppRutoYGrfBarHJ8

Debug level 1: CLIENT -> SERVER: Content-Type: multipart/alternative;

Debug level 1: CLIENT -> SERVER:  boundary="b2=_K251MoTYnHplu1xE8ukoxsuZXrppRutoYGrfBarHJ8"

Debug level 1: CLIENT -> SERVER: 

Debug level 1: CLIENT -> SERVER: --b2=_K251MoTYnHplu1xE8ukoxsuZXrppRutoYGrfBarHJ8

Debug level 1: CLIENT -> SERVER: Content-Type: text/plain; charset=iso-8859-1

Debug level 1: CLIENT -> SERVER: Content-Transfer-Encoding: 8bit

Debug level 1: CLIENT -> SERVER: 

Debug level 1: CLIENT -> SERVER: (Sem conteúdo)

Debug level 1: CLIENT -> SERVER: 

Debug level 1: CLIENT -> SERVER: --b2=_K251MoTYnHplu1xE8ukoxsuZXrppRutoYGrfBarHJ8

Debug level 1: CLIENT -> SERVER: Content-Type: text/html; charset=iso-8859-1

Debug level 1: CLIENT -> SERVER: Content-Transfer-Encoding: 8bit

Debug level 1: CLIENT -> SERVER: 

Debug level 1: CLIENT -> SERVER: <p>(Sem conteúdo)</p>

Debug level 1: CLIENT -> SERVER: 

Debug level 1: CLIENT -> SERVER: 

Debug level 1: CLIENT -> SERVER: --b2=_K251MoTYnHplu1xE8ukoxsuZXrppRutoYGrfBarHJ8--

Debug level 1: CLIENT -> SERVER: 

Debug level 1: CLIENT -> SERVER: --b1=_K251MoTYnHplu1xE8ukoxsuZXrppRutoYGrfBarHJ8

Debug level 1: CLIENT -> SERVER: Content-Type: application/octet-stream; name="10605  .4 JOAO ADEMAR MOMBACH.odt"

Debug level 1: CLIENT -> SERVER: Content-Transfer-Encoding: base64

Debug level 1: CLIENT -> SERVER: Content-Disposition: attachment; filename="10605  .4 JOAO ADEMAR MOMBACH.odt"

Debug level 1: CLIENT -> SERVER: 

Debug level 1: CLIENT -> SERVER: UEsDBBQAAAgAAENbQVtexjIMJwAAACcAAAAIAAAAbWltZXR5cGVhcHBsaWNhdGlvbi92bmQub2Fz

Debug level 1: CLIENT -> SERVER: aXMub3BlbmRvY3VtZW50LnRleHRQSwMEFAAACAAAQ1tBWwAAAAAAAAAAAAAAABoAAABDb25maWd1

Debug level 1: CLIENT -> SERVER: cmF0aW9uczIvc3RhdHVzYmFyL1BLAwQUAAgICABDW0FbAAAAAAAAAAAAAAAAJwAAAENvbmZpZ3Vy

Debug level 1: CLIENT -> SERVER: YXRpb25zMi9hY2NlbGVyYXRvci9jdXJyZW50LnhtbAMAUEsHCAAAAAACAAAAAAAAAFBLAwQUAAAI

Debug level 1: CLIENT -> SERVER: AABDW0FbAAAAAAAAAAAAAAAAGAAAAENvbmZpZ3VyYXRpb25zMi9mbG9hdGVyL1BLAwQUAAAIAABD

Debug level 1: CLIENT -> SERVER: W0FbAAAAAAAAAAAAAAAAGgAAAENvbmZpZ3VyYXRpb25zMi9wb3B1cG1lbnUvUEsDBBQAAAgAAENb

Debug level 1: CLIENT -> SERVER: QVsAAAAAAAAAAAAAAAAcAAAAQ29uZmlndXJhdGlvbnMyL3Byb2dyZXNzYmFyL1BLAwQUAAAIAABD

Debug level 1: CLIENT -> SERVER: W0FbAAAAAAAAAAAAAAAAGAAAAENvbmZpZ3VyYXRpb25zMi9tZW51YmFyL1BLAwQUAAAIAABDW0Fb

Debug level 1: CLIENT -> SERVER: AAAAAAAAAAAAAAAAGAAAAENvbmZpZ3VyYXRpb25zMi90b29sYmFyL1BLAwQUAAAIAABDW0FbAAAA

Debug level 1: CLIENT -> SERVER: AAAAAAAAAAAAHwAAAENvbmZpZ3VyYXRpb25zMi9pbWFnZXMvQml0bWFwcy9QSwMEFAAICAgAQ1tB

Debug level 1: CLIENT -> SERVER: WwAAAAAAAAAAAAAAAAsAAABjb250ZW50LnhtbL1YUXLbNhD97ylQZabTzpSiZCedmLXkcRw7bceK

Debug level 1: CLIENT -> SERVER: PZUy7S9MgiKmAMEAoCTnq3foCTr9yPQAPYFu0pN0AZIwaYkKZWXqD5vEvt192F0slj49W3GGFkQq

Debug level 1: CLIENT -> SERVER: KtJRb9gf9BBJQxHRdD7qvZtdeS97Z+MvTkUc05AEkQhzTlLthSLV8BeBdqqCQjrq5TINBFZUBSnm

Debug level 1: CLIENT -> SERVER: RAU6DERG0korqKMD66tYUfqedVa34Lq2JivdVdlgG7r4rrtnC65rRxIvuyobLAS1rh6LrsorxbxY

Debug level 1: CLIENT -> SERVER: QNR5hjV9xGLFaPrbqJdonQW+v1wu+8vjvpBzf3hycuJbqSMcOlyWS2ZRUegTRowz5Q/7Q7/CcqJx

Debug level 1: CLIENT -> SERVER: V34GW6eU5vyOyM6hwRpvZFUt5p0rYjFvCU2YYNm5Niy4md7jqHt6j6O6Lsc6acnJS38CQvtrcv1Q

Debug level 1: CLIENT -> SERVER: C5J39WWwjVCFkmadt1mg6/pCCEfVKBQH1NI9Ggye+8V7Db3cCV9KqomswcOd8BCz0EVc8G1BA9zQ

Debug level 1: CLIENT -> SERVER: B4RHFqZMXeGbQKgWhSO/EDuwilpN/zq5noYJ4fgBTD8N9miqNE4fIiNNElp3+sKXJBNSu8DE3Rsm

Debug level 1: CLIENT -> SERVER: ZOvIeYli7NwAUvWtBc8oWl91C745mb5ReeYqjRJWlbUjWfonq4xIahQxM5nzuIJdQjZFFtS0i+Ip

Debug level 1: CLIENT -> SERVER: NWuXx1FvXN0URZUp3y3EcGN4MQ6JF5GQqfFpceLdMireDY9Rb4YTYbIBJ7tCcMruncDfrX6BGb2T

Debug level 1: CLIENT -> SERVER: dLjFQCnqoYa+kXlzksLmoVjVkirV0ccTXUjYRdpAZFSH0DEWWFJzzXR0j67pPNFbSHyFM6G+b6CK

Debug level 1: CLIENT -> SERVER: pf+R1rb4P41XkZEDeF1tobLb473ShB/i8joPaYTRFKcKvUspzFSkNR5bsF2icjDHyRS9ETqhYSsz

Debug level 1: CLIENT -> SERVER: h/hsfPy2hlCu41xDFWoaetaO6xT2d4P97dD5KjlnWOK5xFlSCWDBjKv2xSu0ptCzIyyjCsJh9iDS

Debug level 1: CLIENT -> SERVER: y/B8A1G5dma9DDohkZoS5RwYtXLcMdTtFmuM2+nPNuib6dQ5NS91f7EIQsEEuHk2sD+VtgWKXMOg

Debug level 1: CLIENT -> SERVER: B1ZjzBRpiMy6pxMp8nnilaN2KlLSSNTjxgne7LqiH2B9OMx0ba2yITlmdtn6UQmOzGhQt20FeRoR

Debug level 1: CLIENT -> SERVER: aVk0vFfmlsR0gQd7j1h5cLvhtNHUHwCGXgUoSNaFNuuldIv1wvEOgHVvJktGVrsIOEgLBSdvJ9EC

Debug level 1: CLIENT -> SERVER: sfEjPEtwkYiN2IrFttBuA5TFY53a581K9VuPYCm4E9G9ezHmx6f2i0qR9zl8NrqjvLmI7FJEVcbw

Debug level 1: CLIENT -> SERVER: fVWtHoOBjo16UMpWXBThj4zlSkvwL1LD8SBjs6rtHGbFHMxDjbwuvgBt2NujlhUq9Y4FfW78SnAU

Debug level 1: CLIENT -> SERVER: UfwlOn+fU7T+G8F1cZNLgSKBpjnro1u4M7hQCL7MzUSGJYJhE2GDPiv9Ze0uai3PyuBT1295HA6+

Debug level 1: CLIENT -> SERVER: G7xAZSj8cf959ZzhdNMwNLnxTzfnN+j89eXk/Gc0uZm8Or/4oYoA6Iz3YXcJE7fZJTR1CWsCEW52

Debug level 1: CLIENT -> SERVER: rLEWyHRphHUOx/QDbF+RHIU4gu4uRREeg4wpHC8rVBDCCEydoX0IvBWcBHtpXNxeoX9//2Mvndfw

Debug level 1: CLIENT -> SERVER: RYyA8FusQjuOi2CvKHFMGfo6M3tWRBpLMWWJ+CZA9ZzuYXFGGIHOQZoGPvU4g+z8kmCtcJad7aX5

Debug level 1: CLIENT -> SERVER: RJqX5qYh649ivxRVZyc3x4YoRVxNQeR0ufWivjKs7NmCSVmsP67/gYvZFJHK4ZrmRIampPY6b9Na

Debug level 1: CLIENT -> SERVER: mYJvvf4TUsYRpL+sgdTVwLduDUccBuL1X6CBYPgg0jINCcsZlv093PufD+M3rgW/cWP4Lf8/HP8H

Debug level 1: CLIENT -> SERVER: UEsHCOpTeZg8BQAAgBQAAFBLAwQUAAgICABDW0FbAAAAAAAAAAAAAAAACgAAAHN0eWxlcy54bWzd

Debug level 1: CLIENT -> SERVER: XM2S27gRvucpVHIlN0ok9a94vJU46yRVdiXZsc9bEAlJjCmCBYKj0b5ODjnlKfxiaQAECZIgRf1Z

Debug level 1: CLIENT -> SERVER: ntmpcq3QDaDx9Q+aDZBvf3rehb0nTJOARA99Z2D3ezjyiB9Em4f+l88frHn/p3e/e0vW68DDS594

Debug level 1: CLIENT -> SERVER: 6Q5HzErYIcRJDzpHyVISH/opjZYEJUGyjNAOJ0vmLUmMI9VpqXMvxVSyRQzWtbtg1nsz/My6dua8

Debug level 1: CLIENT -> SERVER: pb5o1X1mwaz39inad+3MeQFTvfuadO38nITWmlge2cWIBRUpnsMg+vrQ3zIWL4fD/X4/2I8GhG6G

Debug level 1: CLIENT -> SERVER: zmKxGApqLrCX88UpDQWX7w1xiPlkydAZOEPFu8MMdZWP8+oiReluhWlnaBBDNa0mT5vOFvG0aYDG

Debug level 1: CLIENT -> SERVER: 2yLa2TYEc1m9I7+7eke+3neH2LZBJ/PhJyCKfz59LGyB7rrOxXlLUHk0iDsvU3Lr/Qkhuai8g3RQ

Debug level 1: CLIENT -> SERVER: Ia5r2+Oh/K1x71vZ9zRgmGrsXiu7h0IvR5zsTKABnzMEDgs/cTNV3JQvunHkyZDimFCWC7LuHqAA

Debug level 1: CLIENT -> SERVER: HTefxV+jfBrgTAZiBIt3FHPpIwy5Jwx5lzf9XhbotODq9t+pSLomEEXXyMOWj70wefdWekDe3JO/

Debug level 1: CLIENT -> SERVER: uZwP/c9oS3ao3wNLVxy7IDzkhGF79/coDFY0cAwDZKR+r9Sf06wNjjANQHnJPkiSjnOcOQWFVUQl

Debug level 1: CLIENT -> SERVER: jjhgHnjQE6IBD7sdp+99DDZbZhDiDygmyR9LXLLpO4plwv88uaRGLpDrg0GU9hkPCcO7S6b8mHqB

Debug level 1: CLIENT -> SERVER: j3qPKEp6X6IAUgzciIeBtwsqF8v46bH3V8K2gdcoWc5xNXmGTQEha5eZlpLbx2uUhln+pUbOJNxQ

Debug level 1: CLIENT -> SERVER: FHPZFW/224ophCjKAsjXeBayTLbIJ3sLxk8ws54f+vZg5IGcBuKhQmSwRVqQUWAriZEH+Yy1JTT4

Debug level 1: CLIENT -> SERVER: DURHIWd1563MT1wMr84KAbTrqDVWw5gZLCGsYx+wrSUzxDUKE80CYkSRQEjHZ02WYvAt5p4IIdue

Debug level 1: CLIENT -> SERVER: /16Nx0exUMoInxmMJfAxkQOgMN4ixSb6ryhGkJMlDAyBKQrfGLnEOzDnh35ILbYqGUcQ+ZjvJTy/

Debug level 1: CLIENT -> SERVER: 1peoRFeSQx4K+idxwq2neTE5O5dbW6NsTRMM4ERc12Jyj4QEMjZGU3BLgEE0JsFvIKnjxEy0hSja

Debug level 1: CLIENT -> SERVER: pGgDTVmDR9KIUTCSP/+SLx8z2P2tr5hGQnQ5oLZKPqYFOyiK1MhZx2xwRcN54M1mUYQvj/XxePoX

Debug level 1: CLIENT -> SERVER: 4ueGEXMqotUxc9Ljn/oFnCUv6+J6Of79Y+a1Q3QTRBaoDwyWG2vRtiKM8QSI27GbkQzWCK3bQ7zF

Debug level 1: CLIENT -> SERVER: EeS7JLJC5PsAuFjQQz8iYDq7gJ1otHEaeSyVA+6BDAkPgAcKPG7VyhotPwCPj/gkkOhMnMIRy3Yf

Debug level 1: CLIENT -> SERVER: g0YKLzzDODXdV1KPW5otn0pZoHkru52Ji7lzS/1wI/PXDQurmFO1Nop3CEyVPyspk3NrTHGabCss

Debug level 1: CLIENT -> SERVER: F/iWeOzWg1+IdYuRT+UrQrkXcBODnQDsJURxwu330oktSvaVyaGl4tRfMY7BpTeYbfljL/e3YxPr

Debug level 1: CLIENT -> SERVER: E0ozfgTv8RH1+42xRSkvREkC4oHrHA03hIKXR4nS0j4An5K/mvekC5yzWPSRxX4OWIiPrhQa8mKT

Debug level 1: CLIENT -> SERVER: ZUYp4jLqDJ+h4VfX/nVF/MM5iJUC9GDsjpqCtDN2zEHalkFaGIXIPyKRf6Bwjw7JMXTrcS1/eCiH

Debug level 1: CLIENT -> SERVER: N3euwpsMXXmyYNkD25kX4fek0KZnwOaAJuc9KzqJrt1NxKBI2GPiEB00Vfd08iWGdLaNNG7iDt/E

Debug level 1: CLIENT -> SERVER: Oy/3I2yf56yjxd5DPmRHcyu0VNQUugn+HsU86l9RByApRSc6qkS7RRE9UfuVlUmRXif5HicowolV

Debug level 1: CLIENT -> SERVER: 4dJudtNKkuFmXijbeA9IsuC5pcWDZB+dKCDJqIbORv20JAHm8XN6NkNnBf8dHkmer6jeQIzXqt4r

Debug level 1: CLIENT -> SERVER: 6epqNv43jPiJCPczxxyLMo6e8902NZVWkJQJPEL8xHMf5/JNbzqaHN/0Tt3eRN4tMoU37noyXkyb

Debug level 1: CLIENT -> SERVER: M3lVxatseHbVrPVdqUo8YVeyT9mVNEtw2y3BvbcluJdbQvEg+iNZgjNtsYQa8YSnp+mZljBqt4TR

Debug level 1: CLIENT -> SERVER: vS1h9HIsoaLpcZumq8QTND0+U9Pjdk2P763p8eWaLtRZ07Q9u4Wmm5Omk/KiD4a+Z+c8mson7Sqf

Debug level 1: CLIENT -> SERVER: 3Fvlk5ej8hbdnaOZabtmpvfWzPRyzRTwVzVzuVYmC/73chxx1q7u2b3VPXsZ6r6yE87btTK/t1bm

Debug level 1: CLIENT -> SERVER: F2vlZhpxZ/zv5Tjgol3Vi3urevHjq/oazveYrtg9yufeFsX8ZtcxROWZYxhswFY9EADnx07/ThMW

Debug level 1: CLIENT -> SERVER: rA8WP5mBGfeE+rVz+VM2LO0ZwVAIh3DqTjPVnVKeqz1zXOJ89ceOK/rmv1LCLjODqz0EFqSbqX9s

Debug level 1: CLIENT -> SERVER: 879rhMsLYeeleu4j/6wiXY6LnK1X47mlmkK8ZuL4fVZWE5VHU7auoUBcNMka5ej83NIqEXPldK0U

Debug level 1: CLIENT -> SERVER: MxwlmGNTMs0yLhlX77tZr4Jl4o6NuBgoxyuhBeksgz9HD7xPjHy+2WZrUhpVrRVFq+ZsNaPJqEIo

Debug level 1: CLIENT -> SERVER: llPQsqN0OUFEIqy3ZhNUm1X6ys8dewkJA7+nP+dnXNpTpYHx+9YOLgwBf5EZSCkK8B8fYGyz1Wc9

Debug level 1: CLIENT -> SERVER: ioDQ03nzOwc8ZRk2z/v52/9YGhJxEMH/eb8tLnVUDkclZ8/p6TyleV55qV7Dyu2GlXsHrH6MYraG

Debug level 1: CLIENT -> SERVER: 1agbVqOrYPUjlns1LMbdsBhfF4uzg9oNHwM1UCbdQJncwpnOemDSZJ92k316kewvorCmgTLrBsrs

Debug level 1: CLIENT -> SERVER: KqBcWaHzbrLPLzPGl1Co0UBZdANlcRVQrqzQ42KfLPSJycvVLtbd5docrw51QbPgu26s61iTufcm

Debug level 1: CLIENT -> SERVER: /x7c69t/v/3nCEo520Ug/TCVC+0B/eddvOUvMrY/o1e57pfbXLjykr7l6lBX1WfsP0iSdz0T+AWv

Debug level 1: CLIENT -> SERVER: McWRd6ROU2PrunYhrnjXjdcwkh0KQ8tDcdJvAMYQLOyFXsDdZ3esVyT0S5hIggKtiZxjJhg6I/aP

Debug level 1: CLIENT -> SERVER: jz9XV97hVTtxURFF3pZQix1iXC5tPW2Wz6rmA/9/KNV/5Bs4ssYiW9RLblZM+LkGiWsEyg9AasWz

Debug level 1: CLIENT -> SERVER: 4j062bNcntKole41bMRq1HGLASJJ6VcYxblMxi4vblbuKEbpzuKvsyNQag4mv7acda3iqZNIEoi3

Debug level 1: CLIENT -> SERVER: TVDkC5PB6iUGtAKyqMfxV7JNw1ZYsrFF45qEIdlj31od5AVqhlZ9bfL8dSc1PzfT2dQ1lVYtnVKq

Debug level 1: CLIENT -> SERVER: RSpCgbNx0UBtwrMj0u6rQtqBBGxqRFqnVKq+knBzpEevDOn8DKEKdPVwoXTocHOYx68M5uLkoYpz

Debug level 1: CLIENT -> SERVER: 7UyifIxxc6Qnrwzp2WzegHRBqSAtCTdHevqqkHYH9si8HeqUEtKKcHOkZ68MaXdu3g51SgVpSbg5

Debug level 1: CLIENT -> SERVER: 0vNXhvTEHKY1QgXnyXcJ0otXBvNs0YRzQakALQk3R9qxXxXUo4E9Nu+HOqUEtSJcAnWZpOMfEYYT

Debug level 1: CLIENT -> SERVER: eESP1sEmpeJDAr2cYGVX0NaEsEi7NaKrwslWLL8784TCFPOXA2Wj6phoEIgvUeh95BuF/F4EH099

Debug level 1: CLIENT -> SERVER: 04uvt7uEOPKbBAzMAqrhOSKFBKZpGt+HlF/rEe+rLxZFHcGETjZIgQLXbUYLIo+KLwHy5E/7NJEY

Debug level 1: CLIENT -> SERVER: rfgiEb+eAmMGnqUIcjqOJ1jpAbRbKg58indO38BUqRYJyj7w+YfzXHuwWKjSjyCo1+vdxWDassZs

Debug level 1: CLIENT -> SERVER: EoCQWYQGsBaUKZtQRlHAapd8XIVZ/ZKPgZR5gvEakfbtoZZP/WRr39DAV59OeOPZ/M/EkSnbHc9s

Debug level 1: CLIENT -> SERVER: x0RfoaTAJv9cQZ2PpqtDwWfmkcLqZafaCBBs+Nf/MturMwngW+hZgbHCoZzT2qHnkpDF17oyhgTH

Debug level 1: CLIENT -> SERVER: CmFpKJUjGfUNGhAUjELwi/dbbMfAg9ai2mhgQT6/uSU9QfqHbKcQyJSFTvIPQykt2uI/LTyabV0t

Debug level 1: CLIENT -> SERVER: aosRvxQlfgz1lWqN9YEKr6y7YUbYoSQfI58ta+QjlY+LKheCdZk199WiQWX4ofnTsO/+D1BLBwgn

Debug level 1: CLIENT -> SERVER: qI4WkAsAAFpWAABQSwMEFAAACAAAQ1tBW5Ekukr8AwAA/AMAAAgAAABtZXRhLnhtbDw/eG1sIHZl

Debug level 1: CLIENT -> SERVER: cnNpb249IjEuMCIgZW5jb2Rpbmc9IlVURi04Ij8+CjxvZmZpY2U6ZG9jdW1lbnQtbWV0YSB4bWxu

Debug level 1: CLIENT -> SERVER: czpvZmZpY2U9InVybjpvYXNpczpuYW1lczp0YzpvcGVuZG9jdW1lbnQ6eG1sbnM6b2ZmaWNlOjEu

Debug level 1: CLIENT -> SERVER: MCIgeG1sbnM6eGxpbms9Imh0dHA6Ly93d3cudzMub3JnLzE5OTkveGxpbmsiIHhtbG5zOmRjPSJo

Debug level 1: CLIENT -> SERVER: dHRwOi8vcHVybC5vcmcvZGMvZWxlbWVudHMvMS4xLyIgeG1sbnM6bWV0YT0idXJuOm9hc2lzOm5h

Debug level 1: CLIENT -> SERVER: bWVzOnRjOm9wZW5kb2N1bWVudDp4bWxuczptZXRhOjEuMCIgeG1sbnM6b29vPSJodHRwOi8vb3Bl

Debug level 1: CLIENT -> SERVER: bm9mZmljZS5vcmcvMjAwNC9vZmZpY2UiIG9mZmljZTp2ZXJzaW9uPSIxLjIiPjxvZmZpY2U6bWV0

Debug level 1: CLIENT -> SERVER: YT48bWV0YTppbml0aWFsLWNyZWF0b3I+ZWxpc2V1PC9tZXRhOmluaXRpYWwtY3JlYXRvcj48bWV0

Debug level 1: CLIENT -> SERVER: YTplZGl0aW5nLWN5Y2xlcz4yPC9tZXRhOmVkaXRpbmctY3ljbGVzPjxtZXRhOmNyZWF0aW9uLWRh

Debug level 1: CLIENT -> SERVER: dGU+MjAyNS0wOS0yOVQxMjoyNTowMDwvbWV0YTpjcmVhdGlvbi1kYXRlPjxkYzpkYXRlPjIwMjUt

Debug level 1: CLIENT -> SERVER: MTAtMDFUMDg6MjY6MDYuMzM8L2RjOmRhdGU+PG1ldGE6ZWRpdGluZy1kdXJhdGlvbj5QVDAwSDAw

Debug level 1: CLIENT -> SERVER: TTAwUzwvbWV0YTplZGl0aW5nLWR1cmF0aW9uPjxtZXRhOmdlbmVyYXRvcj5Cck9mZmljZS5vcmcv

Debug level 1: CLIENT -> SERVER: My4xJFdpbjMyIE9wZW5PZmZpY2Uub3JnX3Byb2plY3QvMzEwbTExJEJ1aWxkLTkzOTk8L21ldGE6

Debug level 1: CLIENT -> SERVER: Z2VuZXJhdG9yPjxtZXRhOmRvY3VtZW50LXN0YXRpc3RpYyBtZXRhOnRhYmxlLWNvdW50PSIwIiBt

Debug level 1: CLIENT -> SERVER: ZXRhOmltYWdlLWNvdW50PSIwIiBtZXRhOm9iamVjdC1jb3VudD0iMCIgbWV0YTpwYWdlLWNvdW50

Debug level 1: CLIENT -> SERVER: PSIxIiBtZXRhOnBhcmFncmFwaC1jb3VudD0iMTEiIG1ldGE6d29yZC1jb3VudD0iNzIiIG1ldGE6

Debug level 1: CLIENT -> SERVER: Y2hhcmFjdGVyLWNvdW50PSI0MzgiLz48bWV0YTp0ZW1wbGF0ZSB4bGluazp0eXBlPSJzaW1wbGUi

Debug level 1: CLIENT -> SERVER: IHhsaW5rOmFjdHVhdGU9Im9uUmVxdWVzdCIgeGxpbms6dGl0bGU9Ik5vcm1hbCIgeGxpbms6aHJl

Debug level 1: CLIENT -> SERVER: Zj0iIi8+PC9vZmZpY2U6bWV0YT48L29mZmljZTpkb2N1bWVudC1tZXRhPlBLAwQUAAgICABDW0Fb

Debug level 1: CLIENT -> SERVER: AAAAAAAAAAAAAAAAGAAAAFRodW1ibmFpbHMvdGh1bWJuYWlsLnBuZ+2XaTQbiBbHdZhqdaTVqtbe

Debug level 1: CLIENT -> SERVER: WqpUqxSxq5ZqaKxFNXZDagm1JCSIjuqQUqZqj6XTLVprqRAJqraxVxFL7AlRGmKNJBKv78yb9855

Debug level 1: CLIENT -> SERVER: n9457+t8+t1zP/3vfi7GzsZSVERKREBAQBR009zhO2sFBA4IHDr43dpWBFK++2kgc7Pb0QWMQuMM

Debug level 1: CLIENT -> SERVER: SofEDY1SUmaIkFqo0KNEQ7vda+a9HkvBLw6rRC4nHz5ygSlxTqDqFIlvKXi9C6WjpU2KSHNTwPCF

Debug level 1: CLIENT -> SERVER: TQdpLizEPl49ReDefJ2n8YEHxaIvDsLPBNoJ//+QUVpGShaFKrhrOPvnvQGV1Sp0JIvp921W1V9Y

Debug level 1: CLIENT -> SERVER: tW3LqYPF5CfR/aqb+maX8RXSrCUPSV+38ap6q7n8UlnONq9r1tM62HQgJV6TkMbwL3ObyRINoX0e

Debug level 1: CLIENT -> SERVER: KMAmhQA3nxhXbDKzJvd4TjOVoReInVUdZFEj7klCUAVD/Fw1PszJrTDw8yT6fjrsHZV/p6Y/FMBr

Debug level 1: CLIENT -> SERVER: Z9eP4nynmzvnx2yXu1LCM1e2nfrp1uLvMZ82pY5eO6RTFtOz6CflObV5FjOVMqtGjX7axPLzvffz

Debug level 1: CLIENT -> SERVER: dco4EBAK999h4FRc9tULE30qO7Wd362ZL8KB0a9v2bT97v8ioKDCTaMV3FF6gaAnNjOZ617gfbrX

Debug level 1: CLIENT -> SERVER: VNsD5zjMECef4DQ06J5aaYuOkfhqmFdUGZ6Vwn220mDgq6LBUH/omSLUmBRzJoynRTSgjiUz9iao

Debug level 1: CLIENT -> SERVER: e59MhYLEtqL0bg4vDu/EoaYbgOGOi23+81dOyFv38S18RpB5UKpJr4cNDNvjUD58Lm65spI3tGMR

Debug level 1: CLIENT -> SERVER: HudYwVgmNl8/ORTaELRZMOHBmbSUrBmwVg0aIyFg3VKO0o5kHwR8sR3hvttsazwA/0ba4X+AyMU+

Debug level 1: CLIENT -> SERVER: FGbbwGxQM73xd7GLtfuGRsklB9Ay5qLLV4efp9kqLrPZyDyOzbf7z1T3xONslAv/0MPAmw82Lpxa

Debug level 1: CLIENT -> SERVER: BrRqjZOJgV0Sqf2Ps+wT2vWc8N5Vsu7ywKjXYac67TtGbzT0LF3armBBMQuDCltp3cxvHSs3kKhA

Debug level 1: CLIENT -> SERVER: WuwObyycseLydJ//tTMa4Ivs/IMo2yL+9B6cnyG9ezVWyh77BpRdzJpd9GpGEsu+pn5AiDi/B4W0

Debug level 1: CLIENT -> SERVER: iZMadF3FxtUiFWQ927l9eYSxtCdRAi79vl921bEbXmy26u7GqN4pkDOiYYcYe/haP8K/REz940RV

Debug level 1: CLIENT -> SERVER: 4tp6gDnDZN7GrAaG53N8WEiNiouAh/q1MM98yaFzrN/LlyvLnN0loSyDHHppS1FK5bvH/vGw0fSA

Debug level 1: CLIENT -> SERVER: 91fRmQOKgbvaf3X36c+0eH3X9bljQ3btqFcf39SZmelHL7mGfAHNcM6cY7WqH7z56swr98tDJFE9

Debug level 1: CLIENT -> SERVER: jvNv9nKmB7UX6CzBlHMQ4Yvl29ftRozU+cLeUN9Iq8P3Of5XMzAhj117lPpM8WCetWyiTmhC6YZB

Debug level 1: CLIENT -> SERVER: az0Mm/BhL51ihPd86Ent66s58kwkokSwCn0PvdJYTmcvGnMe/OIkHO+Aw/pO9eXeIKQp0I8V5gim

Debug level 1: CLIENT -> SERVER: kmef60SXdMm1HJ8WGF0NCKZlyKTq6KmOSTp9tF91mRaSbF9XbgpgI0M0QLcDmhBWPqJ4jzJTcJNH

Debug level 1: CLIENT -> SERVER: 3a4OKS0MjZ4OIjJj1rRt65Qjv9LFBTOyUSbTcV8b9PaPFY/Q+cpphsqWb4RcwKpLPU5NHGWUmUWP

Debug level 1: CLIENT -> SERVER: Zq+u8cR4PTp/Y2ImXVXYCz6D9ZTnWrW4rk+H0AlNljd82midxz/QPz54szxKjMf1Xqp6K3JZJH5N

Debug level 1: CLIENT -> SERVER: MFtJWNKJsdNySxkVANewSrST/VlpsOIKlr6pBSGKqmuNpHbvkX4jh5FNVhqQeby3GhGMlUBvk7ja

Debug level 1: CLIENT -> SERVER: tG0k8VJQzerSA5r+1kj9ynY+vgHOWJzjbvbAwQSPgaFgg93ctJ9m3h4RAgQcsH9ocEynRPA70mq3

Debug level 1: CLIENT -> SERVER: GjKTcstxXlcsrLsSDx3anEODWqlhkypwRa3pggfYYON2o+ZBLioHXw8QWFvQs67UIca2iC9GaFgd

Debug level 1: CLIENT -> SERVER: mpVlFkoN/1JiJpv8J5IwqNO/Kps/niqicVDZPT35Jw4xr+j34gBHz5qupRRIE0VQRTn6jIioXrer

Debug level 1: CLIENT -> SERVER: hkl3UXOuWfunNHJPhJkzr8wZ/qnoL2G2pMYc5t0Mo7j5sqwA+UGgC+btAHCdqx9/RR+olParkspk

Debug level 1: CLIENT -> SERVER: pm337/YoVQocy1RzsBE834WHmxc/w/UR97CgisrK8JCG3IVYFX1g8TGv5GecDzIhXx+5zK2psXVU

Debug level 1: CLIENT -> SERVER: 6p278Nhkk6GcxIEcNQjLI3yVp3R799Z/R3MXhYcAv/RIFPYOljMTS7c9EFGsVOuY5ize7LJBzU/e

Debug level 1: CLIENT -> SERVER: R/Wf4ioVcpq5X0a1f/LuRGfEbEd8U6nNo5pE+nkCsbrF1jEtDEDX5KqkSoAnEKRb9EpQe8Vg8WdY

Debug level 1: CLIENT -> SERVER: TaImOuf8Emkfa/G5+FEr68sFexSRx9wDvFh9GRt1078ROoleqwuHQVS+7XkyOPJRAFHh4E/02dZY

Debug level 1: CLIENT -> SERVER: 3I7P3qkYaDHJti1JTOfjwA9/Zox62XpgLUH+U0b3ujiQAAYb3fWJ0LZIJcWkNm4vw0c6w6PpWkWA

Debug level 1: CLIENT -> SERVER: WUGROKNsU2Wv+LYbca8sootG9w+kF0QrASJMUwslCOwTvtSzx88yL8nk6jt1GtD+IFqOQ0KbK2LV

Debug level 1: CLIENT -> SERVER: k8QMpz9xzsm7j90qbTytIA7tAp4piyV1b1dG3k7m5VraGB3vjONdZrwdmMbuR74DNJc9wRxHss4H

Debug level 1: CLIENT -> SERVER: k536GtdG4Yz09UNzGMJk3EQUlBC5Y8Y/Gx+7a8PrWUcooqkDQv+pOhqU6fFTdw8GDzNwRRgjdSDu

Debug level 1: CLIENT -> SERVER: 6d4rLZbUUfOvU1IqTIMwctcYxcfkIalgWmpDVEx7b2Yv/3zj/AMnTI1qWX+crka2qOKcbGz92nB0

Debug level 1: CLIENT -> SERVER: LdPDpKDkwPSRf+6oJfTkZPonk9Uy8b0nE7ySTQlw1ku9pEpFTaCm8H4ZAeNAUHYASGa581DW1d4E

Debug level 1: CLIENT -> SERVER: sC5fFzxDodYadA7a+olQiqcmC4hNR1pAeBHSxipYMuh0doGLJJo68W2yTUv+hA8QgstzGMU7nXG5

Debug level 1: CLIENT -> SERVER: /4AsgCOyFMteY1ocneSgk9WwRui2M6y8Od5bziHc8HoR1GPAzdBufaqaiMYtTygKQWTrGXeoIcxv

Debug level 1: CLIENT -> SERVER: qz19nWs3o95nce0XLuqqHhi1rHn0vBg9LrR/sxcs4zD7DCz8pGPSIr6VSvYtOn3eKRQkUdGxn0BU

Debug level 1: CLIENT -> SERVER: WJ0w6Rw8fGbr4gZntFSbL/+i8N3HC0Dys1eC4CnTogwX/W54ME0hrPTDHQQ8iDe/vNM+8jQzCClr

Debug level 1: CLIENT -> SERVER: iAyYMnDgfu78YKynM320uDTgYQQNyaOqPQGv6Ibpa15VW/D5NQbqYwLNdTm1GMa7TtuDhue7dYn/

Debug level 1: CLIENT -> SERVER: UIkHZIIpH0cgLWwb3oGKnddHG+MizWLQXaAfeNIs35y680FTbiF4iy/ZeP6Jmm7QVgKng+zLR3kG

Debug level 1: CLIENT -> SERVER: LgRFhcsMPdpZc7ODPcVLWks0u/rthVGspsX6MqtTsFDOnLTp+CbNcYoQ6FkHA7IUg1GS5JHi7oog

Debug level 1: CLIENT -> SERVER: ZM1HUiFEVj2rIzkIDpsy8ug2Sr0N5PSRYayEKg5+yoM7yyzkuMdqsNYtNxTi1aM24tI+03sGzIef

Debug level 1: CLIENT -> SERVER: A/51vKnqjd5WCBdIWYOdAyXU+4gmK6axvChFvPQC5P5gt/UCQo3s8b5+I+3W6yem7s/xb30o27Rf

Debug level 1: CLIENT -> SERVER: YK7vJSkIaDvbQNXkdXXbC2MoEKdII1QgKCwb23rfwUfdCl3ckg3JlxbjtUSufd+okrTGRMKKLozL

Debug level 1: CLIENT -> SERVER: jY63riOl1cu65YVWO8ifjZ3TY7VOZ+8bYQo0dBfo2ymag1ob5tIBmedesfO8VHV0x29n/Qg8eUEj

Debug level 1: CLIENT -> SERVER: uxInpiTNRGSVxmLYaO+lyIYHw7pORaOU6pH5x/rPWr5Ixc0HF9DukPDBGPZ6f/h6RD9OUZxYVU3h

Debug level 1: CLIENT -> SERVER: z20JEYstN4CtY2A/YVTHnahG+ZXYl6ITFx2rf2yUVcnpriYG+XVwL6eVNgLBLiyOG98MOSF87Psp

Debug level 1: CLIENT -> SERVER: kmnnb204FNFVINw+SFSWn5/PybdyCOeiMmdI4D1OTnfVxBN7ym2/XNg4duhwwuss4QFGoHWZXCWe

Debug level 1: CLIENT -> SERVER: 7zNDOFqj0XxlehHVYDkILl0d7E8IZmW7BdbhZybCWOW90el4sjvRsM9M7mCT479H/W/8jf8V1Pix

Debug level 1: CLIENT -> SERVER: k17vs9h0/ve3TwBkYWNecc0r4R9QSwcIsC6WTbkLAAAdDgAAUEsDBBQACAgIAENbQVsAAAAAAAAA

Debug level 1: CLIENT -> SERVER: AAAAAAAMAAAAc2V0dGluZ3MueG1stVlbU+JKEH4/v8LKOyLoukopWwGXPawoFOBaZ9+GpIEcJ9Op

Debug level 1: CLIENT -> SERVER: mYnAvz89E7BcCB4kmSc0l773119Pbr4tY37yClJFKG692umZdwIiwDASs1vvadypXHnfmn/d4HQa

Debug level 1: CLIENT -> SERVER: BdAIMUhjELqiQGt6RJ3Q60I1stu3XipFA5mKVEOwGFRDBw1MQGxea7x/umGVZVeWPBIvt95c66RR

Debug level 1: CLIENT -> SERVER: rS4Wi9PF+SnKWbV2fX1dtXc3jwYoptHsUFXZ0+9VIeKbIvNCZoxVVj87u6hm/3snayPfhabuNTdx

Debug level 1: CLIENT -> SERVER: 2LjfvFkryH4qkYbYxOZkfdmYduuRysZrBIu3qHl57/35zi963pfAxph4mzt6ldCdSGivWbu4qt9U

Debug level 1: CLIENT -> SERVER: d4UcLrgHU50n+ayY2Oco1PM8uef1L18Lmvw3RLN5rtH1Wu3y6jjhozkuhhBSiUF7zsQM1JaCCSIH

Debug level 1: CLIENT -> SERVER: Jrymlikcp6MrWhIXCh4whH3Sp4yrg8VXYpZUIhHCEsLdWOXXl32HOkOuDot4N9wyVWlJxes1TSkX

Debug level 1: CLIENT -> SERVER: yOS+wqtdnde/Hi92T6Nc1K+/HCtURRMOpfeJleqgra3c4b4OMe1XzOQWao1xbvfVLy+O7L7fiPGY

Debug level 1: CLIENT -> SERVER: JG2X2hxlMSzqsRWmuo08jcV2R5clvYX4UlpL78alwwKNMt/22tmR1nfVCDgEGsKOpAtHmJ5z8T20

Debug level 1: CLIENT -> SERVER: 7Lu9Rqv8B2gwHj5KswupZJoG82dmqh+GAybZmFE1jxIWGDQrP3UDQkk9BEMcYBtCy5DfT7UZVj3S

Debug level 1: CLIENT -> SERVER: wP+JgIfqMY0nIN140yPq9ZSETOcNr00xFgjU9zjRqwFzM3ZnAiV0Iqk0uQFdqkChu8JluIhCSGpb

Debug level 1: CLIENT -> SERVER: kG2MEwnKcMfS8c0GbkQOcPiJk72BK+BGlvGOJHCGOOH0d/nZsV4MWALS6BmBTrdHYhmeUM9boOtP

Debug level 1: CLIENT -> SERVER: p4QULmJl/TAswVEVr8npQKIm3KZ6uofVtham4PKiFQkmV171QJMtDDqwd21oB+U2WSirwbSfasxK

Debug level 1: CLIENT -> SERVER: 1FFZtpGGGXIn0SHxIHPL/ZNZzOCN0qh8EbY4Ey+Kgm6Qrs14kHI7H10VvC8Eaqth/1w4Et56yMIh

Debug level 1: CLIENT -> SERVER: sBAF3yn0chDBsIA1ARij7YM2cBfZJl3fl5RuwXiPPPpg5hTQkSR89aRA3jHNyhffMRTDZcON2Cv8

Debug level 1: CLIENT -> SERVER: yk5Z+qLNUbng00bJD44Txu/WB0SG2LgYB111T/n2VcTEIBWBTl21oc+jmaDiHWlMBqiij9Qcn502

Debug level 1: CLIENT -> SERVER: jxJfvdEaXwTU2xA+S3pUdvjKDlcXcWynUlKaTFEbYDS/I0xlsIM12anEAXhJsfLtoM6IIGGlwYGZ

Debug level 1: CLIENT -> SERVER: ZMlcdUUvUtuLcxlu3OEj6jZLdCrhTrJFf/Kv6gtDFRwos1A2xMU9gAsutZ5dj7t74+FJsDI6bFlI

Debug level 1: CLIENT -> SERVER: CI1nFYUgx7DUz5S/vqCwUg+4YMIK+jxce/4AZGLgjETawxtXu5DqsQm8oZ+bSBnOB5aBuFuvc5Z4

Debug level 1: CLIENT -> SERVER: X480scLyg/bm0qbQEjc+WZAYAi0oxjVfa2mYHO2pHXSSqmz1kqgSIuqu5P8wwPpBtxRgPJzjwuqg

Debug level 1: CLIENT -> SERVER: 9bfNRADcweD7c/7QPh8zEebs8kVOg23if6ZKR9OVaRv1HOn5AxMp4y0J7MXNjFBDMMvBK4wxG4Uu

Debug level 1: CLIENT -> SERVER: 0YCQmYpsQ1AcHrmBNM6YT4CG3dkD2j0fMOaEsxUJCnlqbCoyGFyeJa0PSGbQYsHLTGIq9h4nll3m

Debug level 1: CLIENT -> SERVER: xca74Tn2SNbN9kyrbvBikNHJvBdLqtsAfoNEWt3+Z2v75DG5Peau7nxDru77ut78D1BLBwjRXPD7

Debug level 1: CLIENT -> SERVER: AgUAAJ8fAABQSwMEFAAICAgAQ1tBWwAAAAAAAAAAAAAAABUAAABNRVRBLUlORi9tYW5pZmVzdC54

Debug level 1: CLIENT -> SERVER: bWy1lUtuwyAQQPc5hcXe0GZVWXEitVJPkB6A4LGDxE/MECW3L46UxG2jqqnMDix4bxg8w2pztKY6

Debug level 1: CLIENT -> SERVER: QETtXcue+ROrwCnfaTe07GP7Xr+wzXqxstLpHpCay6DK+xxepy1L0TVeosbGSQvYkGp8ANd5lSw4

Debug level 1: CLIENT -> SERVER: ar6ub0bTelHdwL02UOeF8VTdZNBpWdMpQMtkCEYrSTlOcXAdP7v4VMEJjsRuuyenWk4+98mYOkja

Debug level 1: CLIENT -> SERVER: t0ww8VAM9ylv3vV6SPEcGy4FkqSEOxnL4KVSYCBPfRQqxTiePCe3uKuIoDdeEhSCBx9SyH9GKoSP

Debug level 1: CLIENT -> SERVER: foiA5W56DL0YnLw3xeDaygFQvGqyMmBRx4Ps720EkxurhyfN1VTwtxgelI8NSoy1ehee/fS/Yv6d

Debug level 1: CLIENT -> SERVER: i3QygLNjLZCcrfFs98nunNQGBV2GPLhhbvi8iQWi/E5eU7sSP57J9SdQSwcIZYJI2kQBAABhBwAA

Debug level 1: CLIENT -> SERVER: UEsBAhQAFAAACAAAQ1tBW17GMgwnAAAAJwAAAAgAAAAAAAAAAAAAAAAAAAAAAG1pbWV0eXBlUEsB

Debug level 1: CLIENT -> SERVER: AhQAFAAACAAAQ1tBWwAAAAAAAAAAAAAAABoAAAAAAAAAAAAAAAAATQAAAENvbmZpZ3VyYXRpb25z

Debug level 1: CLIENT -> SERVER: Mi9zdGF0dXNiYXIvUEsBAhQAFAAICAgAQ1tBWwAAAAACAAAAAAAAACcAAAAAAAAAAAAAAAAAhQAA

Debug level 1: CLIENT -> SERVER: AENvbmZpZ3VyYXRpb25zMi9hY2NlbGVyYXRvci9jdXJyZW50LnhtbFBLAQIUABQAAAgAAENbQVsA

Debug level 1: CLIENT -> SERVER: AAAAAAAAAAAAAAAYAAAAAAAAAAAAAAAAANwAAABDb25maWd1cmF0aW9uczIvZmxvYXRlci9QSwEC

Debug level 1: CLIENT -> SERVER: FAAUAAAIAABDW0FbAAAAAAAAAAAAAAAAGgAAAAAAAAAAAAAAAAASAQAAQ29uZmlndXJhdGlvbnMy

Debug level 1: CLIENT -> SERVER: L3BvcHVwbWVudS9QSwECFAAUAAAIAABDW0FbAAAAAAAAAAAAAAAAHAAAAAAAAAAAAAAAAABKAQAA

Debug level 1: CLIENT -> SERVER: Q29uZmlndXJhdGlvbnMyL3Byb2dyZXNzYmFyL1BLAQIUABQAAAgAAENbQVsAAAAAAAAAAAAAAAAY

Debug level 1: CLIENT -> SERVER: AAAAAAAAAAAAAAAAAIQBAABDb25maWd1cmF0aW9uczIvbWVudWJhci9QSwECFAAUAAAIAABDW0Fb

Debug level 1: CLIENT -> SERVER: AAAAAAAAAAAAAAAAGAAAAAAAAAAAAAAAAAC6AQAAQ29uZmlndXJhdGlvbnMyL3Rvb2xiYXIvUEsB

Debug level 1: CLIENT -> SERVER: AhQAFAAACAAAQ1tBWwAAAAAAAAAAAAAAAB8AAAAAAAAAAAAAAAAA8AEAAENvbmZpZ3VyYXRpb25z

Debug level 1: CLIENT -> SERVER: Mi9pbWFnZXMvQml0bWFwcy9QSwECFAAUAAgICABDW0Fb6lN5mDwFAACAFAAACwAAAAAAAAAAAAAA

Debug level 1: CLIENT -> SERVER: AAAtAgAAY29udGVudC54bWxQSwECFAAUAAgICABDW0FbJ6iOFpALAABaVgAACgAAAAAAAAAAAAAA

Debug level 1: CLIENT -> SERVER: AACiBwAAc3R5bGVzLnhtbFBLAQIUABQAAAgAAENbQVuRJLpK/AMAAPwDAAAIAAAAAAAAAAAAAAAA

Debug level 1: CLIENT -> SERVER: AGoTAABtZXRhLnhtbFBLAQIUABQACAgIAENbQVuwLpZNuQsAAB0OAAAYAAAAAAAAAAAAAAAAAIwX

Debug level 1: CLIENT -> SERVER: AABUaHVtYm5haWxzL3RodW1ibmFpbC5wbmdQSwECFAAUAAgICABDW0Fb0Vzw+wIFAACfHwAADAAA

Debug level 1: CLIENT -> SERVER: AAAAAAAAAAAAAACLIwAAc2V0dGluZ3MueG1sUEsBAhQAFAAICAgAQ1tBW2WCSNpEAQAAYQcAABUA

Debug level 1: CLIENT -> SERVER: AAAAAAAAAAAAAAAAxygAAE1FVEEtSU5GL21hbmlmZXN0LnhtbFBLBQYAAAAADwAPAO4DAABOKgAA

Debug level 1: CLIENT -> SERVER: AAA=

Debug level 1: CLIENT -> SERVER: 

Debug level 1: CLIENT -> SERVER: --b1=_K251MoTYnHplu1xE8ukoxsuZXrppRutoYGrfBarHJ8--

Debug level 1: CLIENT -> SERVER: 

Debug level 1: CLIENT -> SERVER: .

Debug level 2: SERVER -> CLIENT: 250 2.0.0 Ok: queued as 231D418003EF

Debug level 1: CLIENT -> SERVER: QUIT

Debug level 2: SERVER -> CLIENT: 221 2.0.0 Bye

