Debug level 2: SERVER -> CLIENT: 220 smtp-sp217-197.kinghost.net ESMTP

Debug level 1: CLIENT -> SERVER: EHLO localhost

Debug level 2: SERVER -> CLIENT: 250-smtp-sp217-197.kinghost.net
250-PIPELINING
250-SIZE 62914560
250-VRFY
250-ETRN
250-STARTTLS
250-AUTH PLAIN LOGIN
250-AUTH=PLAIN LOGIN
250-ENHANCEDSTATUSCODES
250-8BITMIME
250-DSN
250 CHUNKING

Debug level 1: CLIENT -> SERVER: AUTH LOGIN

Debug level 2: SERVER -> CLIENT: 334 VXNlcm5hbWU6

Debug level 1: CLIENT -> SERVER: [credentials hidden]
Debug level 2: SERVER -> CLIENT: 334 UGFzc3dvcmQ6

Debug level 1: CLIENT -> SERVER: [credentials hidden]
Debug level 2: SERVER -> CLIENT: 235 2.7.0 Authentication successful

Debug level 1: CLIENT -> SERVER: MAIL FROM:<ourodosul@ourodosul.com.br>

Debug level 2: SERVER -> CLIENT: 250 2.1.0 Ok

Debug level 1: CLIENT -> SERVER: RCPT TO:<marques.filho2011@hotmail.com>

Debug level 2: SERVER -> CLIENT: 250 2.1.5 Ok

Debug level 1: CLIENT -> SERVER: DATA

Debug level 2: SERVER -> CLIENT: 354 End data with <CR><LF>.<CR><LF>

Debug level 1: CLIENT -> SERVER: Date: Tue, 30 Sep 2025 14:05:45 +0200

Debug level 1: CLIENT -> SERVER: To: marques.filho2011@hotmail.com

Debug level 1: CLIENT -> SERVER: From: ourodosul@ourodosul.com.br

Debug level 1: CLIENT -> SERVER: Subject: =?iso-8859-1?Q?Distribui=C3=A7=C3=A3o_de_Sobras?=

Debug level 1: CLIENT -> SERVER: Message-ID: <eGLHXd2M0H1dRPEN2G0b9DVPPAHHOao26aPqe2mhfU@localhost>

Debug level 1: CLIENT -> SERVER: X-Mailer: PHPMailer 6.10.0 (https://github.com/PHPMailer/PHPMailer)

Debug level 1: CLIENT -> SERVER: MIME-Version: 1.0

Debug level 1: CLIENT -> SERVER: Content-Type: multipart/mixed;

Debug level 1: CLIENT -> SERVER:  boundary="b1=_eGLHXd2M0H1dRPEN2G0b9DVPPAHHOao26aPqe2mhfU"

Debug level 1: CLIENT -> SERVER: Content-Transfer-Encoding: 8bit

Debug level 1: CLIENT -> SERVER: 

Debug level 1: CLIENT -> SERVER: --b1=_eGLHXd2M0H1dRPEN2G0b9DVPPAHHOao26aPqe2mhfU

Debug level 1: CLIENT -> SERVER: Content-Type: multipart/alternative;

Debug level 1: CLIENT -> SERVER:  boundary="b2=_eGLHXd2M0H1dRPEN2G0b9DVPPAHHOao26aPqe2mhfU"

Debug level 1: CLIENT -> SERVER: 

Debug level 1: CLIENT -> SERVER: --b2=_eGLHXd2M0H1dRPEN2G0b9DVPPAHHOao26aPqe2mhfU

Debug level 1: CLIENT -> SERVER: Content-Type: text/plain; charset=iso-8859-1

Debug level 1: CLIENT -> SERVER: Content-Transfer-Encoding: 8bit

Debug level 1: CLIENT -> SERVER: 

Debug level 1: CLIENT -> SERVER: (Sem conteúdo)

Debug level 1: CLIENT -> SERVER: 

Debug level 1: CLIENT -> SERVER: --b2=_eGLHXd2M0H1dRPEN2G0b9DVPPAHHOao26aPqe2mhfU

Debug level 1: CLIENT -> SERVER: Content-Type: text/html; charset=iso-8859-1

Debug level 1: CLIENT -> SERVER: Content-Transfer-Encoding: 8bit

Debug level 1: CLIENT -> SERVER: 

Debug level 1: CLIENT -> SERVER: <p>(Sem conteúdo)</p>

Debug level 1: CLIENT -> SERVER: 

Debug level 1: CLIENT -> SERVER: 

Debug level 1: CLIENT -> SERVER: --b2=_eGLHXd2M0H1dRPEN2G0b9DVPPAHHOao26aPqe2mhfU--

Debug level 1: CLIENT -> SERVER: 

Debug level 1: CLIENT -> SERVER: --b1=_eGLHXd2M0H1dRPEN2G0b9DVPPAHHOao26aPqe2mhfU

Debug level 1: CLIENT -> SERVER: Content-Type: application/octet-stream; name=".4 HUGO GUILHERME LUDWIG.odt"

Debug level 1: CLIENT -> SERVER: Content-Transfer-Encoding: base64

Debug level 1: CLIENT -> SERVER: Content-Disposition: attachment; filename=".4 HUGO GUILHERME LUDWIG.odt"

Debug level 1: CLIENT -> SERVER: 

Debug level 1: CLIENT -> SERVER: UEsDBBQAAAgAANddPltexjIMJwAAACcAAAAIAAAAbWltZXR5cGVhcHBsaWNhdGlvbi92bmQub2Fz

Debug level 1: CLIENT -> SERVER: aXMub3BlbmRvY3VtZW50LnRleHRQSwMEFAAACAAA110+WwAAAAAAAAAAAAAAABoAAABDb25maWd1

Debug level 1: CLIENT -> SERVER: cmF0aW9uczIvc3RhdHVzYmFyL1BLAwQUAAgICADXXT5bAAAAAAAAAAAAAAAAJwAAAENvbmZpZ3Vy

Debug level 1: CLIENT -> SERVER: YXRpb25zMi9hY2NlbGVyYXRvci9jdXJyZW50LnhtbAMAUEsHCAAAAAACAAAAAAAAAFBLAwQUAAAI

Debug level 1: CLIENT -> SERVER: AADXXT5bAAAAAAAAAAAAAAAAGAAAAENvbmZpZ3VyYXRpb25zMi9mbG9hdGVyL1BLAwQUAAAIAADX

Debug level 1: CLIENT -> SERVER: XT5bAAAAAAAAAAAAAAAAGgAAAENvbmZpZ3VyYXRpb25zMi9wb3B1cG1lbnUvUEsDBBQAAAgAANdd

Debug level 1: CLIENT -> SERVER: PlsAAAAAAAAAAAAAAAAcAAAAQ29uZmlndXJhdGlvbnMyL3Byb2dyZXNzYmFyL1BLAwQUAAAIAADX

Debug level 1: CLIENT -> SERVER: XT5bAAAAAAAAAAAAAAAAGAAAAENvbmZpZ3VyYXRpb25zMi9tZW51YmFyL1BLAwQUAAAIAADXXT5b

Debug level 1: CLIENT -> SERVER: AAAAAAAAAAAAAAAAGAAAAENvbmZpZ3VyYXRpb25zMi90b29sYmFyL1BLAwQUAAAIAADXXT5bAAAA

Debug level 1: CLIENT -> SERVER: AAAAAAAAAAAAHwAAAENvbmZpZ3VyYXRpb25zMi9pbWFnZXMvQml0bWFwcy9QSwMEFAAICAgA110+

Debug level 1: CLIENT -> SERVER: WwAAAAAAAAAAAAAAABsAAABPYmplY3RSZXBsYWNlbWVudHMvT2JqZWN0IDHFUj1PAkEQfcsJiIrS

Debug level 1: CLIENT -> SERVER: EBO1ODC2JAYaEzvAg+QuJMSTVm0QY6OFiaUEvy208CPxB1jyF9RKaW39CcTGGDrXd3d7cKG1cJPZ

Debug level 1: CLIENT -> SERVER: mXk7b97u3K3lTWt1RWAR3hKYRXCJYevOAT1GKSa3hEL0MVyoSMozRql+ozgyPSmXf6QcboQbuhGl

Debug level 1: CLIENT -> SERVER: 4tN1NBU95NJDLvrM+rbm0N5GgfsFB8el1wUt+rB/2yOVSCkh6kwSTDokvbB4n8QrbYgxUD5U5c6a

Debug level 1: CLIENT -> SERVER: oWUzwHp4IHROv0SvIcs9ivzGTmNzr+ERWgKqq99Zav0ZqvBUSQmcDK4pcRyYw3XgQNwFk11S00y6

Debug level 1: CLIENT -> SERVER: fExEcyaQyfnz2abNCxdDDk7lI5HpCa8yiZJtVHTDLpulYtUq6qZdqJUN5yDJsk/aB8kddnpneZp3

Debug level 1: CLIENT -> SERVER: SVBW0rYifGgU+Ka1KdyMAU9jwME48EqrU8KOA/lJ4GGKb+f8vhKuJGwYqHCsBqMyTCJFVGFx15nZ

Debug level 1: CLIENT -> SERVER: KKBG3PjLp/8favC/9bFfUEsHCELuQedyAQAARgMAAFBLAwQUAAgICADXXT5bAAAAAAAAAAAAAAAA

Debug level 1: CLIENT -> SERVER: CwAAAGNvbnRlbnQueG1svVhdbuM2EH7vKVgXKFqgMuNkg27U2MF2N1kUcH7QZNG+MtTYYiuKWpKK

Debug level 1: CLIENT -> SERVER: 4zz1Dj1B0Yei58hNepIOKZmRaisr14t9caTh93E+zgzJUY5P7mVG7kAbofLxYDTcGxDIuUpEPh8P

Debug level 1: CLIENT -> SERVER: 3t2cRS8HJ5PPjtVsJjjEieKlhNxGXOUW/xJk5yauRseDUuexYkaYOGcSTGx5rArIV6y4iY69r8pi

Debug level 1: CLIENT -> SERVER: 7DLrTffgJtvCve1LdtgWl9329+zBTXai2aIv2WExqE36TPUl35ssmimMuiyYFf9RcZ+J/NfxILW2

Debug level 1: CLIENT -> SERVER: iCldLBbDxcFQ6TkdHR0dUT8aBPOAK0qdeVTCKWTgnBk6Go7oCivBsr76HLYpKS/lLejeoWGWrWXV

Debug level 1: CLIENT -> SERVER: 3M17V8TdvCM0PGW6d214cDu9B0n/9B4kTa5kNu3IyUt6joP+53z6VAta9vXlsK1QcS2K3sus0E2+

Debug level 1: CLIENT -> SERVER: UipIdYRqg3q5+3t7L2j13kAvnoUvtLCgG3D+LJyzjIeIK7kpaIgbUUREcOfKNBS+C4TpIOzTajiA

Debug level 1: CLIENT -> SERVER: TdI59c/n02uegmRPYPFhcCRyY1n+FBntktC50kOqoVDahsDM+h+YmK394CWZseAGkWboZ4gc0ftq

Debug level 1: CLIENT -> SERVER: zkDdzqSO8kWoNAHZqqyDyNo/3BeghSOyzGUukgZXidlURdxgV8VTMxuXx/5gsropqiozNBhmeGNE

Debug level 1: CLIENT -> SERVER: M8YhSoBnZnJc7fhgJtW70zEe3LBUuWzgzl4hpMiWYYA+T3/NMnGrxQb+00iT7saiOeS4dqxVjR7y

Debug level 1: CLIENT -> SERVER: FqIQluNuvmNauCugp3syFfPUbhDxJSuU+a6FqkyfUNboo+kyC2HMLrrONkh53uPSWJC7uJyWXCSM

Debug level 1: CLIENT -> SERVER: XLPckHe5wH4HOuOxAdsnKjtrPL8mb5VNBe9UFhAfTQ/t2qy1nZUWq9AKHvl5wi72vy31V6Pgq9Zc

Debug level 1: CLIENT -> SERVER: MM3mmhXpagANrpX0L1HFusbzNGE6WUEk9gWgo4LN1xAr12HaqMBTCrQVYIIDR6tbESfdL7GhuFv+

Debug level 1: CLIENT -> SERVER: TK/p9058NrrUX05Pg6wavS4qVVo8KHfARpi08YBD7m/LtVENWStoroGMFTpzDxEzBXC8bkbra6Kd

Debug level 1: CLIENT -> SERVER: yaoHblWyDC+uI54c+77YwPsSm/+Q9HUj8aZEmCJjy0iVFptLiDK8llErXgl+uArGD1lWGqvRv8qd

Debug level 1: CLIENT -> SERVER: xp0mu1kV6G6z4OPOk7yp+ngf9u6oFRWlWR24IybfK0kSwT4nr96Xgjz+TfBguSy1Ioki12U2JFd4

Debug level 1: CLIENT -> SERVER: ukhlCH5fuXuVaYItA2EOfVL7K7pdNDaHr5aZRnNVOE2YL25vrev29hewalQvEzsarMLILgtob1o8

Debug level 1: CLIENT -> SERVER: hBYicW3tt8MXe4dcVrYU3EWBYRoe7h04o5/5AfuGBO5d9GoxCr1w/GJ03yNxqgHbnyG9rIzou7JX

Debug level 1: CLIENT -> SERVER: Xo2QRQYrm0ldwwm4jZOViXFbMotIlU8VS1wyvA8hcctvdPEjYGp5/Znz8bzSpzhPTrEbdLlDFxrz

Debug level 1: CLIENT -> SERVER: oAhIl0fLrCIujoQhPRMPmFQDJeEswdNNqyrpDjkTWlaDBgsjwalOyDZJv1AS4q0Yr6/OyD+//b4V

Debug level 1: CLIENT -> SERVER: 5w1+rREUfMEM962iirehn0omMvJV4dZsQLuZZiJL1deo3NPwKzvsrV4z3uDnK15Y0J7gQ483mJ2f

Debug level 1: CLIENT -> SERVER: UmbNq6I42Yr5P2We4n7Q8PiX2i5FF6pVLQSMffwDTZJgFupU5CEV3zSsLJHYmT3+iRyiCN6D4A4a

Debug level 1: CLIENT -> SERVER: rDTIyozp4RYq6KfF0NbdRFvXFu34V9TkX1BLBwgee+qS8AQAAMsSAABQSwMEFAAICAgA110+WwAA

Debug level 1: CLIENT -> SERVER: AAAAAAAAAAAAAAoAAABzdHlsZXMueG1s3VzNktu4Eb7nKVRyJTdKJPWveLyVOOskVXYl2bHPWxAJ

Debug level 1: CLIENT -> SERVER: SYwpggWCo9G+Tg455Sn8YmkABAmSIEX9WZ7ZqXKt0A2g8fUPmg2Qb3963oW9J0yTgEQPfWdg93s4

Debug level 1: CLIENT -> SERVER: 8ogfRJuH/pfPH6x5/6d3v3tL1uvAw0ufeOkOR8xK2CHESQ86R8lSEh/6KY2WBCVBsozQDidL5i1J

Debug level 1: CLIENT -> SERVER: jCPVaalzL8VUskUM1rW7YNZ7M/zMunbmvKW+aNV9ZsGs9/Yp2nftzHkBU737mnTt/JyE1ppYHtnF

Debug level 1: CLIENT -> SERVER: iAUVKZ7DIPr60N8yFi+Hw/1+P9iPBoRuhs5isRgKai6wl/PFKQ0Fl+8NcYj5ZMnQGThDxbvDDHWV

Debug level 1: CLIENT -> SERVER: j/PqIkXpboVpZ2gQQzWtJk+bzhbxtGmAxtsi2tk2BHNZvSO/u3pHvt53h9i2QSfz4Scgin8+fSxs

Debug level 1: CLIENT -> SERVER: ge66zsV5S1B5NIg7L1Ny6/0JIbmovIN0UCGua9vjofytce9b2fc0YJhq7F4ru4dCL0ec7EygAZ8z

Debug level 1: CLIENT -> SERVER: BA4LP3EzVdyUL7px5MmQ4phQlguy7h6gAB03n8Vfo3wa4EwGYgSLdxRz6SMMuScMeZc3/V4W6LTg

Debug level 1: CLIENT -> SERVER: 6vbfqUi6JhBF18jDlo+9MHn3VnpA3tyTv7mcD/3PaEt2qN8DS1ccuyA85IRhe/f3KAxWNDD0Lyh6

Debug level 1: CLIENT -> SERVER: d06zNjjCNADdUZghKnHEAfPAup8QDXhI7Dh972Ow2TKDEH9AMUn+WOKSTd9RLOdqciX7IEkukeuD

Debug level 1: CLIENT -> SERVER: QZT2GQ8Jw7tLpvyYeoGPeo8oSnpfogC2f9yIh4G3CyoXy/jpsfdXwraB1yhZznE1eYZNzpq1yyxI

Debug level 1: CLIENT -> SERVER: ye3jNUrDLDdSI2cSbiiKueyKN/ttxRTCB2UB5FI8Q1gmW+STvQXjJ5hZzw99ezDyQE4D8VAhMti+

Debug level 1: CLIENT -> SERVER: LNjtsZXEyINcw9oSGvwGoqOQs7rzVuYnLoZXZ4Xg1nXUGqthzAyWENaxD9jWktnbGoWJZgExokgg

Debug level 1: CLIENT -> SERVER: pOOzJksx+BZzT4Rwas9/r8bjo1goZYTPDMYS+JjIAVAYb5FiE/1XFCPIlxIGhsAUhW9aXOIdmPND

Debug level 1: CLIENT -> SERVER: P6QWW5WMI4h8zOM8z331JSrRleSQI4L+SZxw62leTM7O5dbWKFvTBAM4Ede1mNwjIYFsitEU3BJg

Debug level 1: CLIENT -> SERVER: EI1J8BtI6jgxE20hijYp2kBT1uCRNGIUjOTPv+TLxwx2ZusrppEQXQ6orZKPacHuhiI1ctYxG1zR

Debug level 1: CLIENT -> SERVER: cB54s1kU4ctjfTyemoX4uWHEnIpodcyc9PinfgFnycu6uF6Of/+Yee0Q3QSRBeoDg+XGWrStCGM8

Debug level 1: CLIENT -> SERVER: OeF27GYkgzVC6/YQb3EEuSiJrBD5PgAuFvTQjwiYzi5gJxptnEYeS+WAeyBDMgLggQKPW7WyRssP

Debug level 1: CLIENT -> SERVER: wOMjPgkkIROncMSy3cegkcILzzBOTfeV1OOWZsunUhZo3spuZ+Ji7txSP9zI/HXDwirmVK2N4h0C

Debug level 1: CLIENT -> SERVER: U+XPMcrk3BpTnCbbCssFviUeifXgF2LdYuQT84pQ7gXcxGAnAHsJUZxw+710YouSfWVyaKk49VeM

Debug level 1: CLIENT -> SERVER: Y3DpDWZb/kjK/e3YxPqE0owfwXt8RP1+Y2xRygtRkoB44DpHww2h4OVRorS0D8Cn5K/mPekC5ywW

Debug level 1: CLIENT -> SERVER: fWSxnwMW4qMrhYa8EGSZUYq4jDrDZ2j41bV/XRH/cA5ipQA9GLujpiDtjB1zkLZlkBZGIfKPSOQf

Debug level 1: CLIENT -> SERVER: KNyjQ3IM3Xpcyx8eyuHNnavwJkNXnixY9sB25kX4PSm06RmwOaDJec+KTqJrdxMxKBL2mDhEB03V

Debug level 1: CLIENT -> SERVER: PZ18iSGdbSONm7jDN/HOy/0I2+c562ix95AP2dHcCi0Vz/vdBH+PYh71r6gDkJSiEx1Vot2iiJ6o

Debug level 1: CLIENT -> SERVER: y8qqoUivk3yPExThxKqoaDe7aSXJcDMvlG28ByRZ8NzS4kGyj04UkGRUQ2ejflqSAPP4OT2bobOC

Debug level 1: CLIENT -> SERVER: /w6PJM9XVG8gxmtV75V0dTUb/xtG/LSC+5ljjkUZR8/5bpuaSitIygQeIX7iuY9z+aY3HU2Ob3qn

Debug level 1: CLIENT -> SERVER: bm8i7xaZwht3PRkvps2ZvKriVTY8u2rW+q5UJZ6wK9mn7EqaJbjtluDe2xLcyy2heBD9kSzBmbZY

Debug level 1: CLIENT -> SERVER: Qo14wtPT9ExLGLVbwujeljB6OZZQ0fS4TdNV4gmaHp+p6XG7psf31vT4ck0X6qxp2p7dQtPNSdNJ

Debug level 1: CLIENT -> SERVER: edEHQ9+zcx5N5ZN2lU/urfLJy1F5i+7O0cy0XTPTe2tmerlmCvirmrlcK5MF/3s5jjhrV/fs3uqe

Debug level 1: CLIENT -> SERVER: vQx1X9kJ5+1amd9bK/OLtXIzjbgz/vdyHHDRrurFvVW9+PFVfQ3ne0xX7B7lc2+LYn7r6hii8swx

Debug level 1: CLIENT -> SERVER: DDZgqx4IgPNjp3+nCQvWB4ufzMCMe0L92rn8KRuW9oxgKIRDOHWnmepOKc/Vnjkucb76Y8cVffNf

Debug level 1: CLIENT -> SERVER: KWGXmcHVHgIL0s3UP7b53zXC5YWw81I995F/VpEux0XO1qvx3FJNIV4zcfw+K6uJyqMpW9dQIC6a

Debug level 1: CLIENT -> SERVER: ZI1ydH5uaZWIuXK6VooZjhLMsSmZZhmXjKv33axXwTJxx0ZcDJTjldCCdJbBn6MH3idGPt9sszUp

Debug level 1: CLIENT -> SERVER: jarWiqJVc7aa0WRUIRTLKWjZUbqcICIR1luzCarNKn3l5469hISB39Of8zMu7anSwPh9awcXhoC/

Debug level 1: CLIENT -> SERVER: yAykFAX4jw8wttnqsx5FQOjpvPmdA56yDJvn/fztfywNiTiI4P+83xaXOiqHo5Kz5/R0ntI8r7xU

Debug level 1: CLIENT -> SERVER: r2HldsPKvQNWP0YxW8Nq1A2r0VWw+hHLvRoW425YjK+LxdlB7YaPgRook26gTG7hTGc9MGmyT7vJ

Debug level 1: CLIENT -> SERVER: Pr1I9hdRWNNAmXUDZXYVUK6s0Hk32eeXGeNLKNRooCy6gbK4CihXVuhxsU8W+sTk5WoX6+5ybY5X

Debug level 1: CLIENT -> SERVER: h7qgWfBdN9Z1rMnce5N/D+717b/f/nMEpZztIpB+mMqF9oD+8y7e8pcM25/Rq1z3y20uXHlJ33J1

Debug level 1: CLIENT -> SERVER: qKvqM/YfJMm7ngn8gteY4sg7UqepsXVduxBXvOvGaxjJDoWh5aE46TcAYwgW9kIv4O6zO9YrEvol

Debug level 1: CLIENT -> SERVER: TCRBgdZEzjETDJ0R+8fHn6sr7/CqnbioiCJvS6jFDjEul7aeNstnVfOB/z+U6j/yDRxZY5Et6iU3

Debug level 1: CLIENT -> SERVER: Kyb8XIPENQLlByC14lnxHp3sWS5PadRK9xo2YjXquMUAkaT0K4ziXCZjlxc3K3cUo3Rn8VfNESg1

Debug level 1: CLIENT -> SERVER: B5NfW866VvHUSSQJxNsmKPKFyWD1EgNaAVnU4/jr0qZhKyzZ2KJxTcKQ7LFvrQ7yAjVDq742ef66

Debug level 1: CLIENT -> SERVER: k5qfm+ls6ppKq5ZOKdUiFaHA2bhooDbh2RFp91Uh7UACNjUirVMqVV9JuDnSo1eGdH6GUAW6erhQ

Debug level 1: CLIENT -> SERVER: OnS4OczjVwZzcfJQxbl2JlE+xrg50pNXhvRsNm9AuqBUkJaEmyM9fVVIuwN7ZN4OdUoJaUW4OdKz

Debug level 1: CLIENT -> SERVER: V4a0OzdvhzqlgrQk3Bzp+StDemIO0xqhgvPkuwTpxSuDebZowrmgVICWhJsj7divCurRwB6b90Od

Debug level 1: CLIENT -> SERVER: UoJaES6BukzS8Y8Iwwk8okfrYJNS8SGBXk6wsitoa0JYpN0a0VXhZCuW3515QmGK+cuBslF1TDQI

Debug level 1: CLIENT -> SERVER: xJco9D7yjUJ+L4KPp763xdfbXUIc+U0CBmYB1fAckUIC0zSN70PKr/WI99UXi6KOYEInG6RAges2

Debug level 1: CLIENT -> SERVER: owWRR8VX+njyp32aSIxWfJGIX0+BMQPPUgQ5HccTrPQA2i0VBz7FO6dvYKpUiwRlH/j8o3auPVgs

Debug level 1: CLIENT -> SERVER: VOlHENTr9e5iMG1ZYzYJQMgsQgNYC8qUTSijKGC1Sz6uwqx+ycdAyjzBeI1I+/ZQy6d+srVvaOCr

Debug level 1: CLIENT -> SERVER: Tye88Wz+Z+LIlO2OZ7Zjoq9QUmCTf66gzkfT1aHgM/NIYfWyU20ECDb8y3yZ7dWZBPAt9KzAWOFQ

Debug level 1: CLIENT -> SERVER: zmnt0HNJyOJrXRlDgmOFsDSUypGM+gYNCApGIfjF+y22Y+BBa1FtNLAgn9/ckp4g/UO2UwhkykIn

Debug level 1: CLIENT -> SERVER: +YehlBZt8Z8WHs22rha1xYhfihI/hvpKtcb6QIVX1t0wI+xQko+Rz5Y18pHKx0WVC8G6zJr7atGg

Debug level 1: CLIENT -> SERVER: MvzQ/NnWd/8HUEsHCJ1wzVeFCwAA9lUAAFBLAwQUAAgICADXXT5bAAAAAAAAAAAAAAAAFAAAAE9i

Debug level 1: CLIENT -> SERVER: amVjdCAxL2NvbnRlbnQueG1sxVjfb9s2EH7fX2G4wN5o+UecJV6Soli7tkCyDWuDbU8DLZ1kLpQo

Debug level 1: CLIENT -> SERVER: kJQd//c7khJNOZYrp2uWB8Uiv7v7eHc88nT1+jHngzVIxURxPZyMxsMBFLFIWJFdD+8//0wuhq9v

Debug level 1: CLIENT -> SERVER: vrsSacpiWCQirnIoNIlFofH/AKULtXCz18NKFgtBFVOLguagFjpeiBKKRmoRohfWlhtRest7i1tw

Debug level 1: CLIENT -> SERVER: KK3hUfcVNtiWLF32t2zBoXQi6aavsMGiU0PxVPQVflScpAK9npdUsz0Wj5wVD9fDldblIoo2m81o

Debug level 1: CLIENT -> SERVER: MxsJmUWTy8vLyM56wrHHlZXkFpXEEXAwxlQ0GU2iBpuDpn35GWxIqajyJcjerqGaPolqKUEhBJdr

Debug level 1: CLIENT -> SERVER: ErOfolCmlV/rrHd2rbMON8crKnvnmQW3U2WW9E+VWRLK5lSvOuJ7Ed3hpH3c3e7ySuZ9bRlsy1Wx

Debug level 1: CLIENT -> SERVER: ZGXvZTp0KC+E8FSNgNvslu50PD6L3HuA3hyFbyTTIAN4fBQeUx57j4v8kNMQN4kQQWBtUt5vIuMI

Debug level 1: CLIENT -> SERVER: 1SEwjdy0B6ukU/Wfd7ef4hXkdAdmXwYTVihNi51npAlC50rnkYRSSO0dk/YvvhitqbeSpNSbQaQa

Debug level 1: CLIENT -> SERVER: WQ3ECFpboYbI7PLIiLzymcaAN2ntSdb24bEEyYwg5SZyJFe4SoymKBeBdJg8XOxKucz8aZOKqkjc

Debug level 1: CLIENT -> SERVER: pj6k2hkNNDiV9Xhwtk2HN81B5hJXRX4gxQONpDQGkkDM1c2VK0h+eODejf3r4U+Us6VkwwFWiwaS

Debug level 1: CLIENT -> SERVER: M74NZ0JxM0cyKJA05q/aMKWG0XETbySjfHLAgp3ooT9ElEzHWEHWFGWxqn3J9i3D4m39PfhEC3WA

Debug level 1: CLIENT -> SERVER: xPe0FOrHPZwb/LbUmtU/wytbpSH/KrdUMUuoXergvmB4SYJu1zzF9nHPV3O8Y7EUSqR68Bf9AIcy

Debug level 1: CLIENT -> SERVER: 1NHYw70It890JUxZfELJT3yt9ahrM9fjtNJoSLOYWD1+l9tni2ssJt5YzdLe/vBuwKu8GDaS4SAp

Debug level 1: CLIENT -> SERVER: sbSB1AzUIBWLpQT6QJaAJwcqNKYbjTV8wxJzrk9H0/lFnFv+AZ1j3KYvxW08upicyG32UtzOR/OL

Debug level 1: CLIENT -> SERVER: +Wnczl4wpuc/nMJNduWbFJs9YjgSsnJTZnAFLFtpE7Sz+RSNHydcKcBjXrOcchJKp5QrOIV4RzI+

Debug level 1: CLIENT -> SERVER: j/jl+bOJa1mdwFvTww5vBnPsSECSkmZAnMRbSGnF9d6iggW59jBhquR0W/OptZlrLDZ/JMdz4HrI

Debug level 1: CLIENT -> SERVER: JdHLE/IWumoRcH/mlVSavty+HCVshPazmsYPmTSXLJP1Avu2V6n988ldy2iI0dH1D0i8bcl2nwTa

Debug level 1: CLIENT -> SERVER: Czf9NsE7UVYQJSppPhKsKa+A6G3pQXiXBRoocClomG0kLW2wzQWuEMS8N1IJk8jCznAtvS7h2j9C

Debug level 1: CLIENT -> SERVER: i8x09uOnE4aN0VZ4AmqFK3ggWpCU7ey7u+Ta+An7CvJPpTRLt+1k9LO11qXQeMTsTkIMC82Q9GrP

Debug level 1: CLIENT -> SERVER: 5TmVGSsIh9TkfZwfThSTfaek9N9IWEJ6OLH75m1HAYg6z9B6YimS7e5+ja04TdQKQN9cOQOmN6u4

Debug level 1: CLIENT -> SERVER: i4ECbZbZ2I4p7mns3BUufg0+AG5yZzBlmKGcLoGrPYypCRIyVC8JNgcSlLnze1RDwfSS7r7q3nP6

Debug level 1: CLIENT -> SERVER: yPIqJwlLU8D9Y9JzPBpjZ2bX3827UWiftbL6knP/25tf3n5siIX70ZSclmB9xhyA2utHHRe3i92+

Debug level 1: CLIENT -> SERVER: PbS9o946p99A5+y5OrF0H1BozsE926iv8bD9qlSzUcSVDcD+cxaEy2vvZ256wNz+6ncMWms3Zblp

Debug level 1: CLIENT -> SERVER: Mn1Nw6uqxmKSGbWmfJQ3ozOk5n62ORq9/6mlD/fvfx28v/94++Hd73fvBrf3b//4+P6o8ef6rB0Q

Debug level 1: CLIENT -> SERVER: xIXROJ/PZ7P/P4rPNBeO7Kpeq55FrYoXdXwbv/kXUEsHCKni2YxkBQAAXBcAAFBLAwQUAAgICADX

Debug level 1: CLIENT -> SERVER: XT5bAAAAAAAAAAAAAAAAEwAAAE9iamVjdCAxL3N0eWxlcy54bWzlXOtu2zgW/r9PYaiDQQusoovd

Debug level 1: CLIENT -> SERVER: xvYkDuays7PANCgyHSz214CRKJmoJAoUlcu8zT7LvtiSlERRV9OynaQZF2gr8vDwO1ceUZQurh7i

Debug level 1: CLIENT -> SERVER: aHYHSYZwcmk4Z7Yxg4mHfZSEl8bvn382l8bV5m8XOAiQB9c+9vIYJtTM6GMEsxkbnGTrovPSyEmy

Debug level 1: CLIENT -> SERVER: xiBD2ToBMczW1FvjFCbVoLVKvRZTFS2Cme5wQayOpvCB6g7mtI2x4FZ/ZkGsjvYJuNcdzGmZTtXh

Debug level 1: CLIENT -> SERVER: AdYd/JBFZoBND8cpoKiF4iFCyZdLY0tpuras+/v7s/v5GSah5axWK0v0SsCepEtzEgkq37NgBPlk

Debug level 1: CLIENT -> SERVER: meWcOVZFG0MKdPFxWhVSkse3kGirBlDQsWpKYMZImLjcL/UYqWMa/nUXanvXXTigZm8LiLafCeKm

Debug level 1: CLIENT -> SERVER: q8x9fVeZ++rYGNDtgH2X1kfWKf76+GvtVyTWnYvTNlTlEZRqi1lQq+MxxhIqH1AEu4Dr2vbCKq4V

Debug level 1: CLIENT -> SERVER: 6vtR8nuCKCQKuTdK7oHIkxrHcZ/SGJ1jMQoT3nGXr6gJF3qQ83uLwBQTKoEE+smOaceVs/gBkNMw

Debug level 1: CLIENT -> SERVER: yuxMcDD5QDGXysHiUWXxIW+q8RGucx0JZTYOcJ74hdcXWOBDCgniXSCq8q3CoTBY2a7kftfYVIk+

Debug level 1: CLIENT -> SERVER: wCzJB8CDpg+9KNtcFAEqm2fFNZ/u0vgRROiWIGPGoqciiVH0qPaow3mfGcKEYWT2zO5RlhnW+BTf

Debug level 1: CLIENT -> SERVER: EwQip2cG0aHBX6VIEfVYRN0BNpZF+a65f0UsmQn1zn4DSdYD4luQ4uy7Fl3ReFpolfQTtPKYURgf

Debug level 1: CLIENT -> SERVER: pJbcQz4Qos5+TxCrGeCwarq0Ouo5GONH5BGc4YDO/gN+gX0eWsBo0T0Jts9gi2PQA0l2HDq7NRTM

Debug level 1: CLIENT -> SERVER: ZXtRxFUofRiAPCpLu4pzCUmUPqYHo8ioyOsmMyUsbxGKWEFYsfJQDFhHxCbNLg231kUKCAgJSLfd

Debug level 1: CLIENT -> SERVER: UYwjmxynpo8yChJeUbKc9N6L69G8fusOFPINxGqA1xFIwhyErDelosFj+ZISJtYPN0abhckSMkj6

Debug level 1: CLIENT -> SERVER: PEfQVbwqsj+3VU/JtOr48brLmhcWEXxohadkKbu3qM1Udv3rWhi2x2Kbi6LqKouvhhkL3VzbRoto

Debug level 1: CLIENT -> SERVER: Vl7FKDFRQmHIxvkoRJTZzBET9fCUPLycEHav8Ng3lWMvPtmVFHc4YibhhTYlOTR6GDzGtziq0DTt

Debug level 1: CLIENT -> SERVER: VdEqNtvcfCORtXhI3txTNjNJJi77he8667haqt6Q4DwVt0lCKkVbTcXo6ssYcnLhsRFm9fSbILDZ

Debug level 1: CLIENT -> SERVER: j8+lymX2i/na1FtoJwapDI7ER8X9wR2Icvj23bch/e5Suh1I06hUttlwy92mGo4hxz7f7dhCHTff

Debug level 1: CLIENT -> SERVER: TNKPPVk/Y6YZDeRRaVtSvX1Wsd61pj6KS5w3XWJvFS3/Ug6xnJ6nXqHvLA/zHcc+re9MT7an8B3H

Debug level 1: CLIENT -> SERVER: PlIyOY5Yp3AIYdBDHML5SzmE8/TJ5AX7jqPhOz6gsF+XrqEQPbbwWv2qitm9yVaP9BECqdNywz7C

Debug level 1: CLIENT -> SERVER: SagCrrFpwJ1PhTtTenIQ9dtnRIipgBdHBzwJxnvjKdVBUTyA40ONY4tzkrVmXA8oBCU5ZeHd70hj

Debug level 1: CLIENT -> SERVER: Oaa8ALGZxgrmGqAG5vMTYx5gkEGeDk4r9LDDLJ8tL2hIJswwXbPjphnx65FFydWoycaXmJdVsbud

Debug level 1: CLIENT -> SERVER: qut11eDugSWXq1FyfVX2PqSoemWuoVNRjalyfqhrvKx6250fIxW83Apa2OsQe2tsWn9V9j5gU/m1

Debug level 1: CLIENT -> SERVER: ucbiQNfQ2Pb9qlaJ80+O1kbDC1oSDpDV1ZLV3Eu7IqT652vyNZnDUn6iY9yUem4+7uXlXrYGq2g3

Debug level 1: CLIENT -> SERVER: K0eP1Y7A48pX712k1nRMN9fdD5u9it11Jq5eVHJxX0FkMnn1IpPLe6TonDvPFZ1z52jRKRzlCNEp

Debug level 1: CLIENT -> SERVER: DDA9Ol9ZvcTkOeGieJri6ABZNRfF46eZTrF5pMhePFtkL44X2YsjRfbioMjWfag9dd19YYG/PPW6

Debug level 1: CLIENT -> SERVER: +8KCf7nPuvv1JIDlsyWA5fESwPJICWC5MwEMPimZr5SnTKd9/DHlQc6i9i7ms4nH9/dxYuI7SIKI

Debug level 1: CLIENT -> SERVER: v1IQgCiDL/FhzyRpnacxxlAoOzuAj+SZhfJQOvMQC0UUIM8cTx2OZqrkvfAhxQl/IU3j2GoBrQvz

Debug level 1: CLIENT -> SERVER: p+IYrTyvO+3MM8HFi0cmiFDIYjRhuGSK5ZQeE7Hsu8WU4pFjzcrmnC1+nbPEyqsVjFg0Z+hPfmLa

Debug level 1: CLIENT -> SERVER: SWmDmjdXh5I7nc1jyX1va4jhkkIwqA8g71DsDczG9Vr2pIDIdwrNpk1GNFTAK/wXUQbdq/gJ4jzx

Debug level 1: CLIENT -> SERVER: IYlQAiuaDEfIHyC5Rz5/xwrkFA9QlPYQk4r/14q/hyjcUm7VyG/qTghU6r4JURlYEQwMl7ofZiBJ

Debug level 1: CLIENT -> SERVER: BIs9zeNOsk/TtPwNvs5B29q9u1P/AgF/w/RUrtEOnmaIuIvyPQDVgxJMYn4mf7dRlXgqOA1ZvGK5

Debug level 1: CLIENT -> SERVER: h8UbwTbAXfYP85/oEKVVnElmqUy6X65MQq78lb03yD9c+w8J1EcZWzwem0hmR5JjKPMU6XY5lm57

Debug level 1: CLIENT -> SERVER: O+tkutwnmSpyu+NyT4voPeV2x+Tu7azldveR+zPDcVCeGElD15jCSbwFqHFPZ/q6Bd4Xfj+X+Gb9

Debug level 1: CLIENT -> SERVER: rC0IPK+2HwhxwuqC28ikpFkzyD7KumUf54qJz1+uts9s94MXz8S6NnuztPkfrZpiLn76JvgZY5oc

Debug level 1: CLIENT -> SERVER: R1XDoEr84yu71rLav27qB9pjKtb8LycVly9MUGr0hBVLNZO2/L+x3Jxnpwq5f2LsT+JdwpoSdJ4n

Debug level 1: CLIENT -> SERVER: gk6v3P7wwd5jNbqGOSXKIvxEEpVpREei1Wo/iX4AT24fLoumNJ5XnVXQk+bfgCRTC822RMdD9Q9C

Debug level 1: CLIENT -> SERVER: +A3EU0dBBXKnPIH4aRTDO+rZw8rR7z2PiX/S28fnFGykgi0IJhawpdqmuEh5v7SHi0yQeaB6LWWe

Debug level 1: CLIENT -> SERVER: VrweIPMeddN0meejMs+fWmZf/LqCWK0PA5SXvMiI2Q2bZ1YdFagQmkwanNOG3B/TuD6DqhD1vLmP

Debug level 1: CLIENT -> SERVER: SMaaOUmxV3dp8C17lOSyNOKfgGEZ3IyxzzcqiUlva2Nt2U1Le4OvbAtY0cr+aeqCbxluy5i3z875

Debug level 1: CLIENT -> SERVER: twVEMyAh64lgwNubjaSkbrYWO3icSfWBAmsYUQnl6VFSnPZAbMKxOmbSMK+rZ96T2s45lvFaN1XL

Debug level 1: CLIENT -> SERVER: ZX1TpWwgpcAvPorGSJxlNaxnmbX5H6kfhQLFTFcdT+nIelJXmq401ZdeqsZ2e7Y1mNLKjhhkkoVM

Debug level 1: CLIENT -> SERVER: dGUj5zT25ECNhZ5MWMDfXPAVZp2W/2ZbCAvqzdXV1YXVbixb0pYSWrbndmyuMNUzMKvpOXL2T//7

Debug level 1: CLIENT -> SERVER: L7MqmJXXdQbeONWUSlsHRcWtofdRFFZHlbu0e1N+c2tEuW5HucUVgSHfXuSA9tT37G1BRxGNVJLi

Debug level 1: CLIENT -> SERVER: +l1HEY2ZGk0ijFqz8zeRBvfMWekjiUzxiPfScG33vWmvzDmLj7lt2SuLt5QoOOHm77MKMENvL9eL

Debug level 1: CLIENT -> SERVER: +Xo+l6D7PKiJ7zndamaphOIbJJvVSiUs2k7kflZ/zFv9H7vc/B9QSwcIFHf0igUKAAAsUwAAUEsD

Debug level 1: CLIENT -> SERVER: BBQACAgIANddPlsAAAAAAAAAAAAAAAAVAAAAT2JqZWN0IDEvc2V0dGluZ3MueG1stVfbctowEH3v

Debug level 1: CLIENT -> SERVER: VzB+Jzbk0sYDZBwyaWjThMGQXt6EvWBNZK1HkjH067vGkKHEtITgJ491OedofXZXbl3NY1GbgdIc

Debug level 1: CLIENT -> SERVER: ZdtqnDhWDWSAIZfTtjUa3tY/WVedDy2cTHgAbohBGoM0dQ3G0BJdo+1Su8V020qVdJFprl3JYtCu

Debug level 1: CLIENT -> SERVER: CVxMQK63uZur3SVZMTIXXD63rciYxLXtLMtOstMTVFO7cXl5aS9n10sDlBM+3ZeqWL1JhYgvRPmG

Debug level 1: CLIENT -> SERVER: QsySrOk4Z3bxbtVWIjdC07Q66zisj99prQiKR50biPPY1FbDubS2RZTujEP2EjWrbN/fe5645mMB

Debug level 1: CLIENT -> SERVER: ngI2xMRaT5pFQpNcGqtzdt5s2a9h3gR9DxNTht1snn96N/h3HpqoDP3jmXP6bvQ74NOoVPy5s3dg

Debug level 1: CLIENT -> SERVER: 6jFL6lyGMIdwmwmy8u+03EMOU4v/6/UCw2cwZKR5S6k2ipxgdYajvvdw0ysXXDK4yb5renWg8gXk

Debug level 1: CLIENT -> SERVER: wf1dWwykihnKgbfY148w+wUKn5hIQW+dfYwogEmrY1QKhxkhx39AUxX0Z8XD4yPnqF0UqLagBeZO

Debug level 1: CLIENT -> SERVER: aDQvTinvLg5X3WdTuKbUeK4gKvdUgkdJyAx8w/CVmSNUlHgHJvUd0xSVNJYDzO6AhVRxj6+fSPwI

Debug level 1: CLIENT -> SERVER: wFAuVoDe04+poS4F/iIeo9A+bFemo5D4kiVDHDBtYNtDL/gTJvSBBAVwT6+qbGUMA9D0vfOS8qOs

Debug level 1: CLIENT -> SERVER: fjccxzkO/M8q4P10HPIZ1zvlHwm8XPyh1ingvTnX/kIGkULJf0MFNc5LDXaZCFJBpeL48H3qmnSO

Debug level 1: CLIENT -> SERVER: B3opb6j23hiUo+n2xWrMNFycXXPJ1GIfKC9JxGKkQd0ww45/2m7EFAtIaxfjRIHObTEk8PLye6Cr

Debug level 1: CLIENT -> SERVER: e/orKOlpzmQ/lYFJl82+guT32Qyeiuv0o+wK1FVUmKJH3SqMhxAn1ZjQE4Kabe6iLzjuMhmAqKDh

Debug level 1: CLIENT -> SERVER: IgsH1A1RikUFcerpm9Wfkk8m210J/kGx83Zpv/pLsnf9P3b+AFBLBwg39NBR2gIAAIEOAABQSwME

Debug level 1: CLIENT -> SERVER: FAAACAAA110+W2cP28D7AwAA+wMAAAgAAABtZXRhLnhtbDw/eG1sIHZlcnNpb249IjEuMCIgZW5j

Debug level 1: CLIENT -> SERVER: b2Rpbmc9IlVURi04Ij8+CjxvZmZpY2U6ZG9jdW1lbnQtbWV0YSB4bWxuczpvZmZpY2U9InVybjpv

Debug level 1: CLIENT -> SERVER: YXNpczpuYW1lczp0YzpvcGVuZG9jdW1lbnQ6eG1sbnM6b2ZmaWNlOjEuMCIgeG1sbnM6eGxpbms9

Debug level 1: CLIENT -> SERVER: Imh0dHA6Ly93d3cudzMub3JnLzE5OTkveGxpbmsiIHhtbG5zOmRjPSJodHRwOi8vcHVybC5vcmcv

Debug level 1: CLIENT -> SERVER: ZGMvZWxlbWVudHMvMS4xLyIgeG1sbnM6bWV0YT0idXJuOm9hc2lzOm5hbWVzOnRjOm9wZW5kb2N1

Debug level 1: CLIENT -> SERVER: bWVudDp4bWxuczptZXRhOjEuMCIgeG1sbnM6b29vPSJodHRwOi8vb3Blbm9mZmljZS5vcmcvMjAw

Debug level 1: CLIENT -> SERVER: NC9vZmZpY2UiIG9mZmljZTp2ZXJzaW9uPSIxLjIiPjxvZmZpY2U6bWV0YT48bWV0YTppbml0aWFs

Debug level 1: CLIENT -> SERVER: LWNyZWF0b3I+ZWxpc2V1PC9tZXRhOmluaXRpYWwtY3JlYXRvcj48bWV0YTplZGl0aW5nLWN5Y2xl

Debug level 1: CLIENT -> SERVER: cz4yPC9tZXRhOmVkaXRpbmctY3ljbGVzPjxtZXRhOmNyZWF0aW9uLWRhdGU+MjAyNS0wOS0yOVQx

Debug level 1: CLIENT -> SERVER: MjoyNTowMDwvbWV0YTpjcmVhdGlvbi1kYXRlPjxkYzpkYXRlPjIwMjUtMDktMzBUMDg6NDQ6NDYu

Debug level 1: CLIENT -> SERVER: MjY8L2RjOmRhdGU+PG1ldGE6ZWRpdGluZy1kdXJhdGlvbj5QVDAwSDAwTTAwUzwvbWV0YTplZGl0

Debug level 1: CLIENT -> SERVER: aW5nLWR1cmF0aW9uPjxtZXRhOmdlbmVyYXRvcj5Cck9mZmljZS5vcmcvMy4xJFdpbjMyIE9wZW5P

Debug level 1: CLIENT -> SERVER: ZmZpY2Uub3JnX3Byb2plY3QvMzEwbTExJEJ1aWxkLTkzOTk8L21ldGE6Z2VuZXJhdG9yPjxtZXRh

Debug level 1: CLIENT -> SERVER: OmRvY3VtZW50LXN0YXRpc3RpYyBtZXRhOnRhYmxlLWNvdW50PSIwIiBtZXRhOmltYWdlLWNvdW50

Debug level 1: CLIENT -> SERVER: PSIwIiBtZXRhOm9iamVjdC1jb3VudD0iMSIgbWV0YTpwYWdlLWNvdW50PSIxIiBtZXRhOnBhcmFn

Debug level 1: CLIENT -> SERVER: cmFwaC1jb3VudD0iOSIgbWV0YTp3b3JkLWNvdW50PSI1OSIgbWV0YTpjaGFyYWN0ZXItY291bnQ9

Debug level 1: CLIENT -> SERVER: IjMzNSIvPjxtZXRhOnRlbXBsYXRlIHhsaW5rOnR5cGU9InNpbXBsZSIgeGxpbms6YWN0dWF0ZT0i

Debug level 1: CLIENT -> SERVER: b25SZXF1ZXN0IiB4bGluazp0aXRsZT0iTm9ybWFsIiB4bGluazpocmVmPSIiLz48L29mZmljZTpt

Debug level 1: CLIENT -> SERVER: ZXRhPjwvb2ZmaWNlOmRvY3VtZW50LW1ldGE+UEsDBBQACAgIANddPlsAAAAAAAAAAAAAAAAYAAAA

Debug level 1: CLIENT -> SERVER: VGh1bWJuYWlscy90aHVtYm5haWwucG5n7ZZpVBKIFsctK02ScZpGTdHSZrLFJU1xKTOXcksxbdEU

Debug level 1: CLIENT -> SERVER: l0zTRBkX3IFKx/2ppUC5YJbKoxRSC1RKMhNK0koLd1CpMBQsDcFAmM6cd9724X14n+fTvb8v955z

Debug level 1: CLIENT -> SERVER: //d/zy3083XX1NDTUFFR0fT0cPP/Hh+qqKxTUd/0PRPvsp1QUQFoeLo5n0qvEdb6JN3x0j5ONub4

Debug level 1: CLIENT -> SERVER: b9V04BxX93mUE7p+F/n2ccNMnao9gc7wHtVwixSFy1Xou9NQcbl8FeQeqG5VccKOHfCBlrEah7+o

Debug level 1: CLIENT -> SERVER: 6jdLzkpTmYbkvN2p5p8D8tBM2mnz/Mr/B0xnf0iyMukgLYU9eoFnd27YOnrw5sFDPgFOMkeFyY+l

Debug level 1: CLIENT -> SERVER: 1Pisqm+4DJhLLQcXjzyoeEdPHlyNXFsA9CG7U2C2Dy4i0+FEhfXAzMCcfgKYv+/DWiunzp5yECNo

Debug level 1: CLIENT -> SERVER: HfNBBxTHObkYcZX3bR/oC8ZFNqWtYhP80wL5kbC0EoOgealx9wnEkD9dQo4356H1qCvwImGjQioh

Debug level 1: CLIENT -> SERVER: RIq4/NlRiMDSw35U/C0aAnnleR73DFDq/uP5Qga3LdYw35Y+dXEsZ8NZ/byL812/wQowVYFpGhhe

Debug level 1: CLIENT -> SERVER: i/mJeoV0AIduK+7r7WFmk0I43tqP5nP23sHZYV/WvOLs53qh22cEZYezCuGKGtzb3vS2z0lAfOmL

Debug level 1: CLIENT -> SERVER: CctSEwpCjMDrW/CEfc20UWnSw3uOsjp/Nm67+cq4Lzu/NfCrY6iqN4/6Arc9r90Gd2DlLV2a/9pa

Debug level 1: CLIENT -> SERVER: fU0VeH28dpzEmmihX6uODAXjKCGZUK9UMrbId9naXhmxknlpIskU149YIii+HYFRyGf6aVFc0iOl

Debug level 1: CLIENT -> SERVER: QXFHwnBI8Le3qWwMGJucGrWHpQteRNZGlXSWBjNmU6OaOjtDZtFIAYrEN49c9KXN9KRJf+ESpzwl

Debug level 1: CLIENT -> SERVER: 0Qpy696ytbqZCg/Nz8v/U+bE8EpOTGqC6TNpCfLnJ5V3xBz3LkxBhw5trK8L7PbRZ/nGbVTShSlz

Debug level 1: CLIENT -> SERVER: F/j48TdIiyRSjdOxTxhh2Z0PjKbSZ8EspkcPsQ4eWZDoZXTW+y0n7c5CSBEoZd6StQZBJMvOuGv7

Debug level 1: CLIENT -> SERVER: Vhf0WA2mh3JHtmXMkVlJogN5BxjVi/xfU/et1JfukxMVLSMUEZ+W9fXym6tqaH9+8bC02BKYavAS

Debug level 1: CLIENT -> SERVER: f/55bGFV8C4Ou6CjXbk5V58Pv0yWxNtNJJc8uLdLJK+uL729XzhOe96ZgvK2bYHhvmEb+9fiGaZx

Debug level 1: CLIENT -> SERVER: JetPfGBaVtJeRmyBuwrC5iTnLBjg2qYvYOZu1zr/yqkQiYnbNNScqLScu79fGOwALzJtNt7EBL2Y

Debug level 1: CLIENT -> SERVER: A4T1auX4GfVbSsB0cMWysAYnmcks+fXu56U7CgSxBZR4gySk1M07JmGfXt7hPffkysnM06d8OwIS

Debug level 1: CLIENT -> SERVER: dFrOHhvo48r2HN5/Lfn0Y2QuZ+v1ETME9j7VIcl80v8sECOMxVdF65vx7xqarQGMW/gZU8cEnYIa

Debug level 1: CLIENT -> SERVER: ktB3amiEZK4tGz7NC6ROIAKrEwnqvUP5JIfFLnpTizn0u7MTlV5B1AWy7BNY83B0w89cok5BXsA6

Debug level 1: CLIENT -> SERVER: ojOwYZN9ud57u1Svxes6I1giwW6gsqkyJKReYCgKG/q8aieq+AYDTz56wrcSV2qTgRGhi53QaAMV

Debug level 1: CLIENT -> SERVER: FI7X9PUcNXhDNedBvOyxl4pSJ5vwZ6mjl8p5B4iy7rpIvwFhNZSLX1i12cgDIVBSBxC4USfsKV3r

Debug level 1: CLIENT -> SERVER: lbKNkNyu4eizXLk8aTCs48d/PVbW8S6V5ipye75R7in1/fc1Y5JPymPip9sMzZstYbBJNSefd3rd

Debug level 1: CLIENT -> SERVER: uOrfswe5UKbuyGifeOfLpuyTQM2YfoAqNU51AEtYZzq/dX7ahHwxoE1Oe0OCw1dSuhs21u9ojjSF

Debug level 1: CLIENT -> SERVER: qP+WW5kdBKwbKl6cXbxUGx4ECGzxntzg1JkQpC85ZwaTxxjwmPPi6f09aZfKVf81oRQvcmezPbN/

Debug level 1: CLIENT -> SERVER: W61PLMVYS8KOpR85QcYMXzAjtgusKsSWU9gxKrraUUkIHteTcWwN+Fo3BT/xRyGXbBsrod4azbv5

Debug level 1: CLIENT -> SERVER: n/pj21N/eDHZNNJWs561ZI3/oBbDjpokxg4mH2ZysbnmxDa9XMU+ED4VVjg00QgEvNBec18VGd1E

Debug level 1: CLIENT -> SERVER: ZLYgq5qjuJSSOIiRWSDNE4MxvL85LCd/1dfgglwt2KRxVGc2omGTNOAfdzciINMoIn2L9zmrVe4C

Debug level 1: CLIENT -> SERVER: GB+grfDRVm7LkNgPlb/j3a0L14o2DzAWa/npzra6uIjXhtUZKU+qLMumRsogWulPFuR1hb3RTiEH

Debug level 1: CLIENT -> SERVER: B1P15T7eqyuR01D1lv2QdffL19HdOEis9QVZIsZE1y4uLxjE1b0NeMVzeKy7a5t3nsI2jBCGD9cK

Debug level 1: CLIENT -> SERVER: dWUrKK5z3JkO8g6SIyJKZJZtJYM0TS2EjIu6kAPM6IOku4tQammc8lmOLj6wyZj10xY5Fh3v1Ldj

Debug level 1: CLIENT -> SERVER: ObI3TUBr97W1EkovHv2nBKKtjbirS/0uE2Cn3GSkR1RGwQf+DXaOO+/IyUxqu86jULt5G+Dw+YiN

Debug level 1: CLIENT -> SERVER: q0u3WB0crfoZXCekkmOlesasZiACoWjPSPDQ3Uzv6UUSFCDl8EbDm/kVetNpzn82KKU5gr5OuYzH

Debug level 1: CLIENT -> SERVER: FnEJw93WjdSPo/eSPokzNCPbsYXDVxPXJVQsfxK3mw3nRNUnFN5KZp2ffJuPAorv2vTseC9hAdAy

Debug level 1: CLIENT -> SERVER: FPCK94DFewnNej6dhynoVFCE5DUUurkkMqggG3ANvXfrgcH0KrOAWyz7CQQMsZa5xYjxC4w80lAG

Debug level 1: CLIENT -> SERVER: uFXNjh+UJDrJMxjWFIE9OdYsJkuJfs/9NHNrr+NotFF8P04neWajAJQVEbZH56mtK7A7/QtDXv7G

Debug level 1: CLIENT -> SERVER: 6JjYZq+yoTE7sxH12I/q9hoTY4/+At1zaDTDA5BGr+OS/xbFfM0wM9VVjMlR9mnh2+EvxNTtwZ1H

Debug level 1: CLIENT -> SERVER: F8swlKoodNHH4qUg7N+t/WaP551iH7KDC8oy6nb0TktkTk+t8dk+jIl3pBUYOT7w5eGPv7+SoQKr

Debug level 1: CLIENT -> SERVER: sI8fj32XvJzkDHofPjIzO89FswWlP6hNWTRACZIjRQnBrIfzos9xsQ9axhHewO40IXxwZnYbr+rE

Debug level 1: CLIENT -> SERVER: ktrqmulX+j3tLUoXFF3g0Iy8x1ghcReTAd36r/ybu0Jpx54Lu1GjfJYprrlrNykLmk9huXesRIZR

Debug level 1: CLIENT -> SERVER: BoQdHVBoHu3pfxjy6F/wF/w3SC0Il5gRKYHu8d+fYxXPY75uJJfwq38AUEsHCD/ewin6CAAAQwsA

Debug level 1: CLIENT -> SERVER: AFBLAwQUAAgICADXXT5bAAAAAAAAAAAAAAAADAAAAHNldHRpbmdzLnhtbLVZW3PaOhB+P78i43dK

Debug level 1: CLIENT -> SERVER: kra5MAkdQ0oPDQkMkGZO34S9gA6y1iPJAf79WcmQSbnkEGw9kdjSrvb27bfyzbdFIk5eQGmO8jY4

Debug level 1: CLIENT -> SERVER: +3QanICMMOZychs8DVuVq+Bb/a8bHI95BLUYoywBaSoajKEl+oS2S13LX98GmZI1ZJrrmmQJ6JqJ

Debug level 1: CLIENT -> SERVER: apiCXG+rvV1dc8ryJwvB5ew2mBqT1qrV+Xz+af75E6pJ9ez6+rrq3q6XRijHfHKoqnz1W1WI+KrI

Debug level 1: CLIENT -> SERVER: bsgP45Sdn55+qeb/ByerQ75xzXlQX/thbX79ZqUg/6lwA4n1zcnqsT3abUAqay8c5q9eC3bt+3PP

Debug level 1: CLIENT -> SERVER: L1ofKmBDTIP1G7NM6Q2XJqif3lS3JRwutQNj40HsM4/NdJfcz+dfL8+Lyf4b+GS689DnZ2cXV8cJ

Debug level 1: CLIENT -> SERVER: H0xx3oeY8guaUyYnoDcUjBAFMBnUjcrgOB1t2VA41/CAMeyTPmZCHyy+krC0wmUMC4i3fbU7udwe

Debug level 1: CLIENT -> SERVER: Kgu1PMzj7XjjqNooytygbvO4QCT3Jd7V5dXF8VL3FMnF5enXY4VqPhJQepk4qWWXtBPa31cdtvSK

Debug level 1: CLIENT -> SERVER: iW6gMZjsq7zL42T/RkyGJGkzzaaoiuFQhy0xM00UWSI3q7ks6Q3EWWnlvO2XFosMqt1nPzs98vRt

Debug level 1: CLIENT -> SERVER: PQABkYG4pejBEUff8fAtrOx7vUKq3QuoIx7eQ/MHmWKGOvJHmmkYxz2m2JBRNg9SFlkkKz90PUJI

Debug level 1: CLIENT -> SERVER: 0wfLGGATPsuQ382MbVQd0iD+4SBi/ZglI1B+rOkQ53pKY2Z2Na51MhZw1PckNcse89NyJxIVtLjS

Debug level 1: CLIENT -> SERVER: hsyANmWgNG3p011EHxSVLagmJqkCbUlj6fjmHDcgAwT8xNFexxUwI494SxE4Q5IK+rv86DgreiwF

Debug level 1: CLIENT -> SERVER: ZfUMwGSb/bAMS6jmHdB1x2NCCh++cnZYiuApi1fEtKfQEG5TPt3DclML03DxpcElU8ugeuCRHQx6

Debug level 1: CLIENT -> SERVER: OO/qoC1Um2ShrAIzYWYwT1FPadlEamYovHiHxIPame4fjGIObxRGHcq4IZicaXK6RbomE1EmXH/0

Debug level 1: CLIENT -> SERVER: lfChlGichv194Uh46yCL+8BilGIr0ctBBMsCVgRgiK4OmiB8RJt0fV9QuCUTHbLonZ5TQEeaiuWT

Debug level 1: CLIENT -> SERVER: BnXHDCtffMtSDJ8FN2Av8Cu/XunKpkDtg09bJT8Ejpi4W90MWWLjox209T3FO9ScyV4mI5P5KsNQ

Debug level 1: CLIENT -> SERVER: 8Imk5B0YTHuo+Xtqjo9OU/A01K+0JpQR1TbEz4qWqpZYuubqw4/NTCkKk01qC4z2d4CZirawJr+R

Debug level 1: CLIENT -> SERVER: OAAvyVeha9Q5ESSstDgwUSyd6rbscL05OJdhxh0+ommy1GQK7hSbd0f/6q60VMGDMgdlfZzfA/jg

Debug level 1: CLIENT -> SERVER: Uqve9bg9Nx4eBCejxRaFhFB71jwGNYSFeab4dSW5lWrABxPW0BXxyvIHoCNG3kiku7zxNQvpDhvB

Debug level 1: CLIENT -> SERVER: K/r58ZTlfOAYiL/xescQH5qBIVZYvtNeTVonWurHJgcSfaABxZoWGqMsk6M5tYVeQpWPXgp1SkTd

Debug level 1: CLIENT -> SERVER: l/wfFljfqZYCjEcInDsdNP42mYxAeGh8f/YfmucTJuMds3yRW1sX+J+ZNny8tGWjn7mZPjCZMdFQ

Debug level 1: CLIENT -> SERVER: wGZ+eoTugx0OXmCIeSv0iQaEzJRka4Li8coNlDXGfvuz7M5d0O75eDElnK0o0Cgye6YijcHnXdLq

Debug level 1: CLIENT -> SERVER: gmQCDRbNJgozufc6sew0L9beLc9xV7J+pmcadaOZRUYv/V4uKG8j+A0KaXT7n6ntg9fk7pq7uvXx

Debug level 1: CLIENT -> SERVER: uLrvs3r9P1BLBwiGh1t1+wQAAJgfAABQSwMEFAAICAgA110+WwAAAAAAAAAAAAAAABUAAABNRVRB

Debug level 1: CLIENT -> SERVER: LUlORi9tYW5pZmVzdC54bWy1ls9uwjAMxu88RZU7zeA0VRSkTdp10sQewKRuyZQmUewgePu1TPwZ

Debug level 1: CLIENT -> SERVER: QxOg5pZEye/77DR2Z4tta7INBtLOlmKSP4kMrXKVtk0pPpdv42exmI9mLVhdI3FxGGTdOUvHaSli

Debug level 1: CLIENT -> SERVER: sIUD0lRYaJEKVoXzaCunYouWi9/7i15pPspO4FobHHcbwy47iWGlYcw7j6UA741WwJ1PubFVvtfK

Debug level 1: CLIENT -> SERVER: zyVyxi2L0+mzqKZny3U0ZuyB16WQQt7l4Trl1dlaNzHsvdFUEgNHWkFIgwel0GA3dUGqGEIfeZfc

Debug level 1: CLIENT -> SERVER: 5FpJBGrjgDER3DsfffdlxET44JqAlO6me+vJ4OycSQbXLTRI8kVzC56SatzJviwjFG3/evKoc3Uu

Debug level 1: CLIENT -> SERVER: cJuHQQJ7X32h4g/0BhT2hYzkz1I2ScW/k9sXVtnXmKv8Lm/8WBH6n0u8M0iDYw+5lal8HwVSB0DI

Debug level 1: CLIENT -> SERVER: 3PXpRxRu6KbkA0JFa8T7murR3qBBt8gwWJtbrmO7sqANST4Mc2+boeHDPoeL257JPz9l829QSwcI

Debug level 1: CLIENT -> SERVER: 5xErG3oBAADPCQAAUEsBAhQAFAAACAAA110+W17GMgwnAAAAJwAAAAgAAAAAAAAAAAAAAAAAAAAA

Debug level 1: CLIENT -> SERVER: AG1pbWV0eXBlUEsBAhQAFAAACAAA110+WwAAAAAAAAAAAAAAABoAAAAAAAAAAAAAAAAATQAAAENv

Debug level 1: CLIENT -> SERVER: bmZpZ3VyYXRpb25zMi9zdGF0dXNiYXIvUEsBAhQAFAAICAgA110+WwAAAAACAAAAAAAAACcAAAAA

Debug level 1: CLIENT -> SERVER: AAAAAAAAAAAAhQAAAENvbmZpZ3VyYXRpb25zMi9hY2NlbGVyYXRvci9jdXJyZW50LnhtbFBLAQIU

Debug level 1: CLIENT -> SERVER: ABQAAAgAANddPlsAAAAAAAAAAAAAAAAYAAAAAAAAAAAAAAAAANwAAABDb25maWd1cmF0aW9uczIv

Debug level 1: CLIENT -> SERVER: ZmxvYXRlci9QSwECFAAUAAAIAADXXT5bAAAAAAAAAAAAAAAAGgAAAAAAAAAAAAAAAAASAQAAQ29u

Debug level 1: CLIENT -> SERVER: ZmlndXJhdGlvbnMyL3BvcHVwbWVudS9QSwECFAAUAAAIAADXXT5bAAAAAAAAAAAAAAAAHAAAAAAA

Debug level 1: CLIENT -> SERVER: AAAAAAAAAABKAQAAQ29uZmlndXJhdGlvbnMyL3Byb2dyZXNzYmFyL1BLAQIUABQAAAgAANddPlsA

Debug level 1: CLIENT -> SERVER: AAAAAAAAAAAAAAAYAAAAAAAAAAAAAAAAAIQBAABDb25maWd1cmF0aW9uczIvbWVudWJhci9QSwEC

Debug level 1: CLIENT -> SERVER: FAAUAAAIAADXXT5bAAAAAAAAAAAAAAAAGAAAAAAAAAAAAAAAAAC6AQAAQ29uZmlndXJhdGlvbnMy

Debug level 1: CLIENT -> SERVER: L3Rvb2xiYXIvUEsBAhQAFAAACAAA110+WwAAAAAAAAAAAAAAAB8AAAAAAAAAAAAAAAAA8AEAAENv

Debug level 1: CLIENT -> SERVER: bmZpZ3VyYXRpb25zMi9pbWFnZXMvQml0bWFwcy9QSwECFAAUAAgICADXXT5bQu5B53IBAABGAwAA

Debug level 1: CLIENT -> SERVER: GwAAAAAAAAAAAAAAAAAtAgAAT2JqZWN0UmVwbGFjZW1lbnRzL09iamVjdCAxUEsBAhQAFAAICAgA

Debug level 1: CLIENT -> SERVER: 110+Wx576pLwBAAAyxIAAAsAAAAAAAAAAAAAAAAA6AMAAGNvbnRlbnQueG1sUEsBAhQAFAAICAgA

Debug level 1: CLIENT -> SERVER: 110+W51wzVeFCwAA9lUAAAoAAAAAAAAAAAAAAAAAEQkAAHN0eWxlcy54bWxQSwECFAAUAAgICADX

Debug level 1: CLIENT -> SERVER: XT5bqeLZjGQFAABcFwAAFAAAAAAAAAAAAAAAAADOFAAAT2JqZWN0IDEvY29udGVudC54bWxQSwEC

Debug level 1: CLIENT -> SERVER: FAAUAAgICADXXT5bFHf0igUKAAAsUwAAEwAAAAAAAAAAAAAAAAB0GgAAT2JqZWN0IDEvc3R5bGVz

Debug level 1: CLIENT -> SERVER: LnhtbFBLAQIUABQACAgIANddPls39NBR2gIAAIEOAAAVAAAAAAAAAAAAAAAAALokAABPYmplY3Qg

Debug level 1: CLIENT -> SERVER: MS9zZXR0aW5ncy54bWxQSwECFAAUAAAIAADXXT5bZw/bwPsDAAD7AwAACAAAAAAAAAAAAAAAAADX

Debug level 1: CLIENT -> SERVER: JwAAbWV0YS54bWxQSwECFAAUAAgICADXXT5bP97CKfoIAABDCwAAGAAAAAAAAAAAAAAAAAD4KwAA

Debug level 1: CLIENT -> SERVER: VGh1bWJuYWlscy90aHVtYm5haWwucG5nUEsBAhQAFAAICAgA110+W4aHW3X7BAAAmB8AAAwAAAAA

Debug level 1: CLIENT -> SERVER: AAAAAAAAAAAAODUAAHNldHRpbmdzLnhtbFBLAQIUABQACAgIANddPlvnESsbegEAAM8JAAAVAAAA

Debug level 1: CLIENT -> SERVER: AAAAAAAAAAAAAG06AABNRVRBLUlORi9tYW5pZmVzdC54bWxQSwUGAAAAABMAEwD9BAAAKjwAAAAA

Debug level 1: CLIENT -> SERVER: 

Debug level 1: CLIENT -> SERVER: --b1=_eGLHXd2M0H1dRPEN2G0b9DVPPAHHOao26aPqe2mhfU--

Debug level 1: CLIENT -> SERVER: 

Debug level 1: CLIENT -> SERVER: .

Debug level 2: SERVER -> CLIENT: 250 2.0.0 Ok: queued as 25D722801265

Debug level 1: CLIENT -> SERVER: QUIT

Debug level 2: SERVER -> CLIENT: 221 2.0.0 Bye

