Debug level 2: SERVER -> CLIENT: 220 smtp-sp217-198.kinghost.net ESMTP

Debug level 1: CLIENT -> SERVER: EHLO localhost

Debug level 2: SERVER -> CLIENT: 250-smtp-sp217-198.kinghost.net
250-PIPELINING
250-SIZE 62914560
250-VRFY
250-ETRN
250-STARTTLS
250-AUTH PLAIN LOGIN
250-AUTH=PLAIN LOGIN
250-ENHANCEDSTATUSCODES
250-8BITMIME
250-DSN
250 CHUNKING

Debug level 1: CLIENT -> SERVER: AUTH LOGIN

Debug level 2: SERVER -> CLIENT: 334 VXNlcm5hbWU6

Debug level 1: CLIENT -> SERVER: [credentials hidden]
Debug level 2: SERVER -> CLIENT: 334 UGFzc3dvcmQ6

Debug level 1: CLIENT -> SERVER: [credentials hidden]
Debug level 2: SERVER -> CLIENT: 235 2.7.0 Authentication successful

Debug level 1: CLIENT -> SERVER: MAIL FROM:<ourodosul@ourodosul.com.br>

Debug level 2: SERVER -> CLIENT: 250 2.1.0 Ok

Debug level 1: CLIENT -> SERVER: RCPT TO:<herbon@hotmail.com.br>

Debug level 2: SERVER -> CLIENT: 250 2.1.5 Ok

Debug level 1: CLIENT -> SERVER: DATA

Debug level 2: SERVER -> CLIENT: 354 End data with <CR><LF>.<CR><LF>

Debug level 1: CLIENT -> SERVER: Date: Wed, 1 Oct 2025 14:25:56 +0200

Debug level 1: CLIENT -> SERVER: To: herbon@hotmail.com.br

Debug level 1: CLIENT -> SERVER: From: ourodosul@ourodosul.com.br

Debug level 1: CLIENT -> SERVER: Subject: =?iso-8859-1?Q?Atualiza=C3=A7=C3=A3o_de_Cadastro?=

Debug level 1: CLIENT -> SERVER: Message-ID: <woQj0pVEXvmEAR7R1lCVOHr5GUTZWuJN9wwZBqRAWc@localhost>

Debug level 1: CLIENT -> SERVER: X-Mailer: PHPMailer 6.10.0 (https://github.com/PHPMailer/PHPMailer)

Debug level 1: CLIENT -> SERVER: MIME-Version: 1.0

Debug level 1: CLIENT -> SERVER: Content-Type: multipart/mixed;

Debug level 1: CLIENT -> SERVER:  boundary="b1=_woQj0pVEXvmEAR7R1lCVOHr5GUTZWuJN9wwZBqRAWc"

Debug level 1: CLIENT -> SERVER: Content-Transfer-Encoding: 8bit

Debug level 1: CLIENT -> SERVER: 

Debug level 1: CLIENT -> SERVER: --b1=_woQj0pVEXvmEAR7R1lCVOHr5GUTZWuJN9wwZBqRAWc

Debug level 1: CLIENT -> SERVER: Content-Type: multipart/alternative;

Debug level 1: CLIENT -> SERVER:  boundary="b2=_woQj0pVEXvmEAR7R1lCVOHr5GUTZWuJN9wwZBqRAWc"

Debug level 1: CLIENT -> SERVER: 

Debug level 1: CLIENT -> SERVER: --b2=_woQj0pVEXvmEAR7R1lCVOHr5GUTZWuJN9wwZBqRAWc

Debug level 1: CLIENT -> SERVER: Content-Type: text/plain; charset=iso-8859-1

Debug level 1: CLIENT -> SERVER: Content-Transfer-Encoding: 8bit

Debug level 1: CLIENT -> SERVER: 

Debug level 1: CLIENT -> SERVER: (Sem conteúdo)

Debug level 1: CLIENT -> SERVER: 

Debug level 1: CLIENT -> SERVER: --b2=_woQj0pVEXvmEAR7R1lCVOHr5GUTZWuJN9wwZBqRAWc

Debug level 1: CLIENT -> SERVER: Content-Type: text/html; charset=iso-8859-1

Debug level 1: CLIENT -> SERVER: Content-Transfer-Encoding: 8bit

Debug level 1: CLIENT -> SERVER: 

Debug level 1: CLIENT -> SERVER: <p>(Sem conteúdo)</p>

Debug level 1: CLIENT -> SERVER: 

Debug level 1: CLIENT -> SERVER: 

Debug level 1: CLIENT -> SERVER: --b2=_woQj0pVEXvmEAR7R1lCVOHr5GUTZWuJN9wwZBqRAWc--

Debug level 1: CLIENT -> SERVER: 

Debug level 1: CLIENT -> SERVER: --b1=_woQj0pVEXvmEAR7R1lCVOHr5GUTZWuJN9wwZBqRAWc

Debug level 1: CLIENT -> SERVER: Content-Type: application/octet-stream; name="13005  .2  ALINE GAUER.odt"

Debug level 1: CLIENT -> SERVER: Content-Transfer-Encoding: base64

Debug level 1: CLIENT -> SERVER: Content-Disposition: attachment; filename="13005  .2  ALINE GAUER.odt"

Debug level 1: CLIENT -> SERVER: 

Debug level 1: CLIENT -> SERVER: UEsDBBQAAAgAACpjQVtexjIMJwAAACcAAAAIAAAAbWltZXR5cGVhcHBsaWNhdGlvbi92bmQub2Fz

Debug level 1: CLIENT -> SERVER: aXMub3BlbmRvY3VtZW50LnRleHRQSwMEFAAACAAAKmNBWwAAAAAAAAAAAAAAABoAAABDb25maWd1

Debug level 1: CLIENT -> SERVER: cmF0aW9uczIvc3RhdHVzYmFyL1BLAwQUAAgICAAqY0FbAAAAAAAAAAAAAAAAJwAAAENvbmZpZ3Vy

Debug level 1: CLIENT -> SERVER: YXRpb25zMi9hY2NlbGVyYXRvci9jdXJyZW50LnhtbAMAUEsHCAAAAAACAAAAAAAAAFBLAwQUAAAI

Debug level 1: CLIENT -> SERVER: AAAqY0FbAAAAAAAAAAAAAAAAGAAAAENvbmZpZ3VyYXRpb25zMi9mbG9hdGVyL1BLAwQUAAAIAAAq

Debug level 1: CLIENT -> SERVER: Y0FbAAAAAAAAAAAAAAAAGgAAAENvbmZpZ3VyYXRpb25zMi9wb3B1cG1lbnUvUEsDBBQAAAgAACpj

Debug level 1: CLIENT -> SERVER: QVsAAAAAAAAAAAAAAAAcAAAAQ29uZmlndXJhdGlvbnMyL3Byb2dyZXNzYmFyL1BLAwQUAAAIAAAq

Debug level 1: CLIENT -> SERVER: Y0FbAAAAAAAAAAAAAAAAGAAAAENvbmZpZ3VyYXRpb25zMi9tZW51YmFyL1BLAwQUAAAIAAAqY0Fb

Debug level 1: CLIENT -> SERVER: AAAAAAAAAAAAAAAAGAAAAENvbmZpZ3VyYXRpb25zMi90b29sYmFyL1BLAwQUAAAIAAAqY0FbAAAA

Debug level 1: CLIENT -> SERVER: AAAAAAAAAAAAHwAAAENvbmZpZ3VyYXRpb25zMi9pbWFnZXMvQml0bWFwcy9QSwMEFAAICAgAKmNB

Debug level 1: CLIENT -> SERVER: WwAAAAAAAAAAAAAAAAsAAABjb250ZW50LnhtbL1YUW7jNhD97ylYL1C0H7LipAU2auwg3U0WCyRp

Debug level 1: CLIENT -> SERVER: UDtofxmKsohSpJakbGe/eoeeoF+LHqAnyE16kg4piZZiyyvHi+YjkThvZh5nhsNRzs5XGUcLqjST

Debug level 1: CLIENT -> SERVER: YjwYDY8GiAoiYybm48H97Cp4PTiffHUmk4QRGsWSFBkVJiBSGPiLQFvoqJSOB4USkcSa6UjgjOrI

Debug level 1: CLIENT -> SERVER: kEjmVNRaURMdOV/lijaPvLe6Aze1DV2ZvsoW29LFD/09O3BTO1Z42VfZYiGoTfVE9lVeaR4kEqKe

Debug level 1: CLIENT -> SERVER: 5diwZyxWnInfx4PUmDwKw+VyOVyeDKWah6PT09PQST1h4nF5obhDxSSknFpnOhwNR2GNzajBfflZ

Debug level 1: CLIENT -> SERVER: bJOSKLIHqnqHBhu8kVW9mPeuiMW8IzQkxap3bThwO70ncf/0nsRN3QybtCMnr8MbELpfN9frWlBZ

Debug level 1: CLIENT -> SERVER: X18W2woVUSzvvc0S3dSXUnqqVqE8oI7u8dHR92H53kAvd8KXihmqGnCyE04wJz7iMtsWNMCNQkAE

Debug level 1: CLIENT -> SERVER: dGHL1Be+DYTuUDgOS7EH67jT9G8311OS0gyvwezz4IAJbbBYR0bZJHTu9IdQ0Vwq4wOT9G+YkK1j

Debug level 1: CLIENT -> SERVER: 7yVOsHcDSD10FgKr6Hw1LYT2ZIZW5ZWvNEZ5XdaeZOWfrnKqmFXE3GYuyDTsErIp86ihXRZPpdm4

Debug level 1: CLIENT -> SERVER: PI4Hk/qmKKtMh34hgRsjSDChQUwJ15Oz8sT7ZVS+Wx7jwQyn0mYDTnaNyBh/9IJwt/obzNmDYqMt

Debug level 1: CLIENT -> SERVER: BirRALX0rSyYUwGbh2LVS6Z1Tx8vdKFgF6KFyJkh0DEWWDF7zfR0j67ZPDVbSHyDc6l/bKHKpf+R

Debug level 1: CLIENT -> SERVER: 1rb4v4xXmZEDeF1tobLb46M2NDvE5XVBWIzRFAuN7gWDmYp2xmMLtk9UDuZ4M0XvpEkZ6WTmEV+M

Debug level 1: CLIENT -> SERVER: T9jVEKp1XBioQsNI4Oz4TuF+t9jfjbyvinOOFZ4rnKe1ABbsuOpeglJrCj07xiquIRnMHlQFOZ5v

Debug level 1: CLIENT -> SERVER: IGrX3myQQyekyjCqvQOrVo07lrrbYoNxN/3ZBn07nXqn9qXpL5ERkVyCm1dH7qfWdkBZGBj0wGqC

Debug level 1: CLIENT -> SERVER: uaYtkV0PTKpkMU+DatQWUtBWop43TvDm1jX7COujUW4aa7UNlWHulp0fneLYjgZN205QiJgqx6Ll

Debug level 1: CLIENT -> SERVER: vTa3pLYLrO09YxXA7YZFq6mvAZZeDShJNoUu65V0i/XS8Q6Ac28nS05Xuwh4SAcFL+8m0QFx8aNZ

Debug level 1: CLIENT -> SERVER: nuIyERuxlYttod0GqIrHOXXPm5Uadh7BSvAg40f/Ys1PztwXlaYfCvhs9Ed5cxG5pZjpnOPHuloD

Debug level 1: CLIENT -> SERVER: DgMdHw+glJ24LML3nBfaKPAvheV4kLFZ3XYOs2IP5qFG3pZfgC7s3VHLS5Vmx4I+N/lJZihm+Gt0

Debug level 1: CLIENT -> SERVER: 8aFg6OlvBNfFz4WSKJZoWvAhuoM7I5MawZe5nciwQjBsImzR55W/vNtFo+U5GXzqhh2PoxOYZatI

Debug level 1: CLIENT -> SERVER: 5Fhs2oK+NkEVIJwMj9fPF9fvby/Ru4v7y1/qEICFyT70LmHkttuErq5gTSKa2S0bbCSybRphU8A5

Debug level 1: CLIENT -> SERVER: /Qj717RABMfQ3pUs42ORCYPz5YQaYhiDqXO0D4FbmdFoL403d1fo3z/+3EvnLXwSIyB8izVx87iM

Debug level 1: CLIENT -> SERVER: 9opShhlH3+Z2z5oqaylhPJXfRaiZ1D0sziin0Dpo28DnHmeQnV9TbDTO8/O9NF9I89JeNfTpk9wv

Debug level 1: CLIENT -> SERVER: RfXhKey5oVpTX1MQOVNtvayvHGt3uGBUlk+fnv6Bm9kWkS7gns6oIrak9jpw00aZgm/z9BekLEOQ

Debug level 1: CLIENT -> SERVER: /qoGhK8BBC/wWaccLUJ5wbEa7uEr/HKYsHUJhK37Iez4b+HkP1BLBwi7j2HhKAUAAG4UAABQSwME

Debug level 1: CLIENT -> SERVER: FAAICAgAKmNBWwAAAAAAAAAAAAAAAAoAAABzdHlsZXMueG1s3VzNktu4Eb7nKVRyJTdKJPWveLyV

Debug level 1: CLIENT -> SERVER: OOskVXYl2bHPWxAJSYwpggWCo9G+Tg455Sn8YmkABAmSIEX9WZ7ZqXKt0A2g8fUPmg2Qb3963oW9

Debug level 1: CLIENT -> SERVER: J0yTgEQPfWdg93s48ogfRJuH/pfPH6x5/6d3v3tL1uvAw0ufeOkOR8xK2CHESQ86R8lSEh/6KY2W

Debug level 1: CLIENT -> SERVER: BCVBsozQDidL5i1JjCPVaalzL8VUskUM1rW7YNZ7M/zMunbmvKW+aNV9ZsGs9/Yp2nftzHkBU737

Debug level 1: CLIENT -> SERVER: mnTt/JyE1ppYHtnFiAUVKZ7DIPr60N8yFi+Hw/1+P9iPBoRuhs5isRgKai6wl/PFKQ0Fl+8NcYj5

Debug level 1: CLIENT -> SERVER: ZMnQGThDxbvDDHWVj/PqIkXpboVpZ2gQQzWtJk+bzhbxtGmAxtsi2tk2BHNZvSO/u3pHvt53h9i2

Debug level 1: CLIENT -> SERVER: QSfz4Scgin8+fSxsge66zsV5S1B5NIg7L1Ny6/0JIbmovIN0UCGua9vjofytce9b2fc0YJhq7F4r

Debug level 1: CLIENT -> SERVER: u4dCL0ec7EygAZ8zBA4LP3EzVdyUL7px5MmQ4phQlguy7h6gAB03n8Vfo3wa4EwGYgSLdxRz6SMM

Debug level 1: CLIENT -> SERVER: uScMeZc3/V4W6LTg6vbfqUi6JhBF18jDlo+9MHn3VnpA3tyTv7mcD/3PaEt2qN8DS1ccuyA85IRh

Debug level 1: CLIENT -> SERVER: e/f3KAxWNHAMA2Skfq/Un9OsDY4wDUB5yT5Iko5znDkFhVVEJY44YB540BOiAQ+7HafvfQw2W2YQ

Debug level 1: CLIENT -> SERVER: 4g8oJskfS1yy6TuKZcL/PLmkRi6Q64NBlPYZDwnDu0um/Jh6gY96jyhKel+iAFIM3IiHgbcLKhfL

Debug level 1: CLIENT -> SERVER: +Omx91fCtoHXKFnOcTV5hk0BIWuXmZaS28drlIZZ/qVGziTcUBRz2RVv9tuKKYQoygLI13gWsky2

Debug level 1: CLIENT -> SERVER: yCd7C8ZPMLOeH/r2YOSBnAbioUJksEVakFFgK4mRB/mMtSU0+A1ERyFndeetzE9cDK/OCgG066g1

Debug level 1: CLIENT -> SERVER: VsOYGSwhrGMfsK0lM8Q1ChPNAmJEkUBIx2dNlmLwLeaeCCHbnv9ejcdHsVDKCJ8ZjCXwMZEDoDDe

Debug level 1: CLIENT -> SERVER: IsUm+q8oRpCTJQwMgSkK3xi5xDsw54d+SC22KhlHEPmY7yU8v9aXqERXkkMeCvonccKtp3kxOTuX

Debug level 1: CLIENT -> SERVER: W1ujbE0TDOBEXNdico+EBDI2RlNwS4BBNCbBbyCp48RMtIUo2qRoA01Zg0fSiFEwkj//ki8fM9j9

Debug level 1: CLIENT -> SERVER: ra+YRkJ0OaC2Sj6mBTsoitTIWcdscEXDeeDNZlGEL4/18Xj6F+LnhhFzKqLVMXPS45/6BZwlL+vi

Debug level 1: CLIENT -> SERVER: ejn+/WPmtUN0E0QWqA8Mlhtr0bYijPEEiNuxm5EM1git20O8xRHkuySyQuT7ALhY0EM/ImA6u4Cd

Debug level 1: CLIENT -> SERVER: aLRxGnkslQPugQwJD4AHCjxu1coaLT8Aj4/4JJDoTJzCEct2H4NGCi88wzg13VdSj1uaLZ9KWaB5

Debug level 1: CLIENT -> SERVER: K7udiYu5c0v9cCPz1w0Lq5hTtTaKdwhMlT8rKZNza0xxmmwrLBf4lnjs1oNfiHWLkU/lK0K5F3AT

Debug level 1: CLIENT -> SERVER: g50A7CVEccLt99KJLUr2lcmhpeLUXzGOwaU3mG35Yy/3t2MT6xNKM34E7/ER9fuNsUUpL0RJAuKB

Debug level 1: CLIENT -> SERVER: 6xwNN4SCl0eJ0tI+AJ+Sv5r3pAucs1j0kcV+DliIj64UGvJik2VGKeIy6gyfoeFX1/51RfzDOYiV

Debug level 1: CLIENT -> SERVER: AvRg7I6agrQzdsxB2pZBWhiFyD8ikX+gcI8OyTF063Etf3gohzd3rsKbDF15smDZA9uZF+H3pNCm

Debug level 1: CLIENT -> SERVER: Z8DmgCbnPSs6ia7dTcSgSNhj4hAdNFX3dPIlhnS2jTRu4g7fxDsv9yNsn+eso8XeQz5kR3MrtFTU

Debug level 1: CLIENT -> SERVER: FLoJ/h7FPOpfUQcgKUUnOqpEu0URPVH7lZVJkV4n+R4nKMKJVeHSbnbTSpLhZl4o23gPSLLguaXF

Debug level 1: CLIENT -> SERVER: g2QfnSggyaiGzkb9tCQB5vFzejZDZwX/HR5Jnq+o3kCM16reK+nqajb+N4z4iQj3M8ccizKOnvPd

Debug level 1: CLIENT -> SERVER: NjWVVpCUCTxC/MRzH+fyTW86mhzf9E7d3kTeLTKFN+56Ml5MmzN5VcWrbHh21az1XalKPGFXsk/Z

Debug level 1: CLIENT -> SERVER: lTRLcNstwb23JbiXW0LxIPojWYIzbbGEGvGEp6fpmZYwareE0b0tYfRyLKGi6XGbpqvEEzQ9PlPT

Debug level 1: CLIENT -> SERVER: 43ZNj++t6fHlmi7UWdO0PbuFppuTppPyog+GvmfnPJrKJ+0qn9xb5ZOXo/IW3Z2jmWm7Zqb31sz0

Debug level 1: CLIENT -> SERVER: cs0U8Fc1c7lWJgv+93Iccdau7tm91T17Geq+shPO27Uyv7dW5hdr5WYacWf87+U44KJd1Yt7q3rx

Debug level 1: CLIENT -> SERVER: 46v6Gs73mK7YPcrn3hbF/GbXMUTlmWMYbMBWPRAA58dO/04TFqwPFj+ZgRn3hPq1c/lTNiztGcFQ

Debug level 1: CLIENT -> SERVER: CIdw6k4z1Z1Snqs9c1zifPXHjiv65r9Swi4zg6s9BBakm6l/bPO/a4TLC2HnpXruI/+sIl2Oi5yt

Debug level 1: CLIENT -> SERVER: V+O5pZpCvGbi+H1WVhOVR1O2rqFAXDTJGuXo/NzSKhFz5XStFDMcJZhjUzLNMi4ZV++7Wa+CZeKO

Debug level 1: CLIENT -> SERVER: jbgYKMcroQXpLIM/Rw+8T4x8vtlma1IaVa0VRavmbDWjyahCKJZT0LKjdDlBRCKst2YTVJtV+srP

Debug level 1: CLIENT -> SERVER: HXsJCQO/pz/nZ1zaU6WB8fvWDi4MAX+RGUgpCvAfH2Bss9VnPYqA0NN58zsHPGUZNs/7+dv/WBoS

Debug level 1: CLIENT -> SERVER: cRDB/3m/LS51VA5HJWfP6ek8pXleealew8rthpV7B6x+jGK2htWoG1ajq2D1I5Z7NSzG3bAYXxeL

Debug level 1: CLIENT -> SERVER: s4PaDR8DNVAm3UCZ3MKZznpg0mSfdpN9epHsL6KwpoEy6wbK7CqgXFmh826yzy8zxpdQqNFAWXQD

Debug level 1: CLIENT -> SERVER: ZXEVUK6s0ONinyz0icnL1S7W3eXaHK8OdUGz4LturOtYk7n3Jv8e3Ovbf7/95whKOdtFIP0wlQvt

Debug level 1: CLIENT -> SERVER: Af3nXbzlLzK2P6NXue6X21y48pK+5epQV9Vn7D9Iknc9E/gFrzHFkXekTlNj67p2Ia54143XMJId

Debug level 1: CLIENT -> SERVER: CkPLQ3HSbwDGECzshV7A3Wd3rFck9EuYSIICrYmcYyYYOiP2j48/V1fe4VU7cVERRd6WUIsdYlwu

Debug level 1: CLIENT -> SERVER: bT1tls+q5gP/fyjVf+QbOLLGIlvUS25WTPi5BolrBMoPQGrFs+I9OtmzXJ7SqJXuNWzEatRxiwEi

Debug level 1: CLIENT -> SERVER: SelXGMW5TMYuL25W7ihG6c7ir7MjUGoOJr+2nHWt4qmTSBKIt01Q5AuTweolBrQCsqjH8VeyTcNW

Debug level 1: CLIENT -> SERVER: WLKxReOahCHZY99aHeQFaoZWfW3y/HUnNT8309nUNZVWLZ1SqkUqQoGzcdFAbcKzI9Luq0LagQRs

Debug level 1: CLIENT -> SERVER: akRap1SqvpJwc6RHrwzp/AyhCnT1cKF06HBzmMevDObi5KGKc+1MonyMcXOkJ68M6dls3oB0Qakg

Debug level 1: CLIENT -> SERVER: LQk3R3r6qpB2B/bIvB3qlBLSinBzpGevDGl3bt4OdUoFaUm4OdLzV4b0xBymNUIF58l3CdKLVwbz

Debug level 1: CLIENT -> SERVER: bNGEc0GpAC0JN0fasV8V1KOBPTbvhzqlBLUiXAJ1maTjHxGGE3hEj9bBJqXiQwK9nGBlV9DWhLBI

Debug level 1: CLIENT -> SERVER: uzWiq8LJViy/O/OEwhTzlwNlo+qYaBCIL1HofeQbhfxeBB9PfdOLr7e7hDjymwQMzAKq4TkihQSm

Debug level 1: CLIENT -> SERVER: aRrfh5Rf6xHvqy8WRR3BhE42SIEC121GCyKPii8B8uRP+zSRGK34IhG/ngJjBp6lCHI6jidY6QG0

Debug level 1: CLIENT -> SERVER: WyoOfIp3Tt/AVKkWCco+8PmH81x7sFio0o8gqNfr3cVg2rLGbBKAkFmEBrAWlCmbUEZRwGqXfFyF

Debug level 1: CLIENT -> SERVER: Wf2Sj4GUeYLxGpH27aGWT/1ka9/QwFefTnjj2fzPxJEp2x3PbMdEX6GkwCb/XEGdj6arQ8Fn5pHC

Debug level 1: CLIENT -> SERVER: 6mWn2ggQbPjX/zLbqzMJ4FvoWYGxwqGc09qh55KQxde6MoYExwphaSiVIxn1DRoQFIxC8Iv3W2zH

Debug level 1: CLIENT -> SERVER: wIPWotpoYEE+v7klPUH6h2ynEMiUhU7yD0MpLdriPy08mm1dLWqLEb8UJX4M9ZVqjfWBCq+su2FG

Debug level 1: CLIENT -> SERVER: 2KEkHyOfLWvkI5WPiyoXgnWZNffVokFl+KH507Dv/g9QSwcIJ6iOFpALAABaVgAAUEsDBBQAAAgA

Debug level 1: CLIENT -> SERVER: ACpjQVuV3KT0/AMAAPwDAAAIAAAAbWV0YS54bWw8P3htbCB2ZXJzaW9uPSIxLjAiIGVuY29kaW5n

Debug level 1: CLIENT -> SERVER: PSJVVEYtOCI/Pgo8b2ZmaWNlOmRvY3VtZW50LW1ldGEgeG1sbnM6b2ZmaWNlPSJ1cm46b2FzaXM6

Debug level 1: CLIENT -> SERVER: bmFtZXM6dGM6b3BlbmRvY3VtZW50OnhtbG5zOm9mZmljZToxLjAiIHhtbG5zOnhsaW5rPSJodHRw

Debug level 1: CLIENT -> SERVER: Oi8vd3d3LnczLm9yZy8xOTk5L3hsaW5rIiB4bWxuczpkYz0iaHR0cDovL3B1cmwub3JnL2RjL2Vs

Debug level 1: CLIENT -> SERVER: ZW1lbnRzLzEuMS8iIHhtbG5zOm1ldGE9InVybjpvYXNpczpuYW1lczp0YzpvcGVuZG9jdW1lbnQ6

Debug level 1: CLIENT -> SERVER: eG1sbnM6bWV0YToxLjAiIHhtbG5zOm9vbz0iaHR0cDovL29wZW5vZmZpY2Uub3JnLzIwMDQvb2Zm

Debug level 1: CLIENT -> SERVER: aWNlIiBvZmZpY2U6dmVyc2lvbj0iMS4yIj48b2ZmaWNlOm1ldGE+PG1ldGE6aW5pdGlhbC1jcmVh

Debug level 1: CLIENT -> SERVER: dG9yPmVsaXNldTwvbWV0YTppbml0aWFsLWNyZWF0b3I+PG1ldGE6ZWRpdGluZy1jeWNsZXM+Mzwv

Debug level 1: CLIENT -> SERVER: bWV0YTplZGl0aW5nLWN5Y2xlcz48bWV0YTpjcmVhdGlvbi1kYXRlPjIwMjUtMDktMjlUMTI6MjU6

Debug level 1: CLIENT -> SERVER: MDA8L21ldGE6Y3JlYXRpb24tZGF0ZT48ZGM6ZGF0ZT4yMDI1LTEwLTAxVDA5OjI1OjIxLjQxPC9k

Debug level 1: CLIENT -> SERVER: YzpkYXRlPjxtZXRhOmVkaXRpbmctZHVyYXRpb24+UFQwMUgzNU0yM1M8L21ldGE6ZWRpdGluZy1k

Debug level 1: CLIENT -> SERVER: dXJhdGlvbj48bWV0YTpnZW5lcmF0b3I+QnJPZmZpY2Uub3JnLzMuMSRXaW4zMiBPcGVuT2ZmaWNl

Debug level 1: CLIENT -> SERVER: Lm9yZ19wcm9qZWN0LzMxMG0xMSRCdWlsZC05Mzk5PC9tZXRhOmdlbmVyYXRvcj48bWV0YTpkb2N1

Debug level 1: CLIENT -> SERVER: bWVudC1zdGF0aXN0aWMgbWV0YTp0YWJsZS1jb3VudD0iMCIgbWV0YTppbWFnZS1jb3VudD0iMCIg

Debug level 1: CLIENT -> SERVER: bWV0YTpvYmplY3QtY291bnQ9IjAiIG1ldGE6cGFnZS1jb3VudD0iMSIgbWV0YTpwYXJhZ3JhcGgt

Debug level 1: CLIENT -> SERVER: Y291bnQ9IjExIiBtZXRhOndvcmQtY291bnQ9IjY4IiBtZXRhOmNoYXJhY3Rlci1jb3VudD0iNDEz

Debug level 1: CLIENT -> SERVER: Ii8+PG1ldGE6dGVtcGxhdGUgeGxpbms6dHlwZT0ic2ltcGxlIiB4bGluazphY3R1YXRlPSJvblJl

Debug level 1: CLIENT -> SERVER: cXVlc3QiIHhsaW5rOnRpdGxlPSJOb3JtYWwiIHhsaW5rOmhyZWY9IiIvPjwvb2ZmaWNlOm1ldGE+

Debug level 1: CLIENT -> SERVER: PC9vZmZpY2U6ZG9jdW1lbnQtbWV0YT5QSwMEFAAICAgAKmNBWwAAAAAAAAAAAAAAABgAAABUaHVt

Debug level 1: CLIENT -> SERVER: Ym5haWxzL3RodW1ibmFpbC5wbmftl2k0GwoWx7WW6kItHWoprXr6PNtYW7Gk+qjat6olRCuWKqJE

Debug level 1: CLIENT -> SERVER: YqtoaZXaa5cora1KxZbYRamlQlTthJCIPTQlpFRM583MmZlvc858fZ9+99xP//s/9/zvufHWlsZ8

Debug level 1: CLIENT -> SERVER: p8RPcXBw8JncMrT9SSwHxzEOXp6fFfPy1ZmffT8TQ4PboWh6vh6CelPkpvQQw/adwA6D34sbnvrw

Debug level 1: CLIENT -> SERVER: hDDA8OOFa3bF1q/tjM1DG48HGBx73HZ3TZr71iw1F1pUXhYxJmJSiPxgpcHI33uHdMoy4tBgEIak

Debug level 1: CLIENT -> SERVER: ODpSeGxiAAKabzn/f/ALMVtJBQEyhxfveOWWmlRiZXriBLUHtyMZxj+sZNAhxPylg221KevlTQKA

Debug level 1: CLIENT -> SERVER: nBi1g0lUZZMiGc8oqm4AnMR0ekSoUjlbV2Whe1ECh2o3DYva3IxIpg+UhPsh1OdGKYBk674UoCQf

Debug level 1: CLIENT -> SERVER: Pba5NiIRFtxO1R7ok96Gl11LxSarUAga+Vn7IUcrQWJHkEFAuzYuu4fqVpAcdqQv0ou0tTLIKHLB

Debug level 1: CLIENT -> SERVER: YIL03V7GWQiBP4eeu6F47xCkpTLCWisg103G8FapJYuKxT6EJmb6Veo872e8Vx54zd5ZJBSUZIcC

Debug level 1: CLIENT -> SERVER: VlT3MgkRadyzszG2cioUR7URONihPfPAoqcCCGPItH/XP9DonHQKXYm2LCuekSdewcGZcOXxBMau

Debug level 1: CLIENT -> SERVER: otqOmp4b7TfRI7v+fTWIigo0KyInwbCt1/eiD1vtQI06GU/vIo2wKNLRWN59CUnZB7CgrtQCnaOb

Debug level 1: CLIENT -> SERVER: UGJYTe7OQHGvc1Bo2u1g8NIU62xddjqM5qKcub5odciEh66BizOuMierWo8uJOTcG0ErQIJizpQk

Debug level 1: CLIENT -> SERVER: TS9bl9ouV4fR10e1lwClxO6N/oEE+gErqgCB9iV7bnb5XNVjnZJe1MFqr0aqH82QNIYOCxZi4sTn

Debug level 1: CLIENT -> SERVER: t2LeGlyIEx9l+BjqAYEq6XifuuHjZ6o+pZOq3Ip19mSKgJQtnhiaKMFLYZis4AWqSSHGwtJ/7GJs

Debug level 1: CLIENT -> SERVER: iFE7w4EtwIPwtoQq4rn8HFRG7bjlsHVN5EOLl3orDxX5F0bipoNdcT96PFwIokcqrMCbaNF5PdDn

Debug level 1: CLIENT -> SERVER: eGVJkXKcu2hysR1+XwQ63NrHdwWv7fy0xk/ldZmPOERnmLgiOxNpPLgL2/YxpAO9rLqbzaCdD8a4

Debug level 1: CLIENT -> SERVER: VYia0ertfsjxyRerTDOqcfPrSeTYCT8/HQclfbuj4/O8+ilvF0Ye/2OiwLvX0/F2a5WTHiKVNVLa

Debug level 1: CLIENT -> SERVER: 1av+1tYnpcKzUPjv4i687t+uQuWvy5y4RI/OXfLvGJ6ITjQ9ki8s140CVt+v9f/8xVmfx35wj6b1

Debug level 1: CLIENT -> SERVER: 7GFqsLATJ7pdPNXDNjXTachEKuodaiZbi9d3jsshM6wHmU8wcGY3j7Z3SXZKBiDRn+LjIfc5q9nj

Debug level 1: CLIENT -> SERVER: rHHfmeTtwYidx0/sT0TZLidADrtzbjYlyyyfz3c4njg+X6gZ+jZhySBYplNifl0vKd/F3dpWAr3o

Debug level 1: CLIENT -> SERVER: lujfYePjMMclVsL+pc2HFlau4nQ7rBXR7550zK78UZDW/i8DC3Bzap2aJpOiR/F5BTXzU0uU55ZV

Debug level 1: CLIENT -> SERVER: oofeqLYllzF6WZWv61XKyfI6apqND/oN3Nq/apqr8v7G9ZQ2vGSsI0G2dHB7vq6ayVHJBlElbEHa

Debug level 1: CLIENT -> SERVER: 1xRcZ+jXJvb6br3IeaRocIL/zP3pydMMvMVdO+G756K2OLOKucQ0mbsfzDXDywMlTJlafb+2lpSi

Debug level 1: CLIENT -> SERVER: fxta9sQhJBw98gTHGNyX3h+2bkTnmY+UBXaVAxQ9zQdDY72k1mENlr7qW4u1GapnLPDrDJEJF0BD

Debug level 1: CLIENT -> SERVER: GGuXZepkl9JA1UDxSI0ULerAn3VcUrr4wPrEGx74T/TWZIELtgUSmOf8Sz3kc3MGvKU2LcX1pXoj

Debug level 1: CLIENT -> SERVER: bUMuCfSdblQYt+vflojBhASOwTlY4OS6HfQU7XSpKLEJY3+chZ/X+e+kEmYeIt3ciyfpJlUY76bW

Debug level 1: CLIENT -> SERVER: Su0nHMCXXY/WWALbzPa+prqKwuWw3G1ASG8idz3sbYloAX2bmagtaMwFFGq3+8/co7I+zuwJgX1f

Debug level 1: CLIENT -> SERVER: et9CY9Xol/eX5FSZ3+Xu6S1j5JZ7Pg7nLD5FfTPR1jBV8W6BCoON1qAcmlO4pJXtb/WemVHqn5hM

Debug level 1: CLIENT -> SERVER: e6JrQS2abEJU0uE6TynWV3oOCmfY/5iVxWdxTchNIYSHRbNOETDTnvg5M2Ik8ORf9IUflf1hyr+8

Debug level 1: CLIENT -> SERVER: eZ0FdoJHzTqqo02hRh2ltP2rvtg2V3VlzOGdiRhfwkBQim9fvO4haPHbhPVM3mYIOXhHoGY/A7Zx

Debug level 1: CLIENT -> SERVER: Be4Cx085qlctiFguYucRKA/oRGJ6axXKQ8LqG0+evxisFgdyl8abCgU7HQ3KrAx1Lviujv3aNhse

Debug level 1: CLIENT -> SERVER: eo/b5simfUa2zlUdit8F6eGUICT5Sviy1jq+hE9rAfb1r+TymPNHH8adrmwJM/76hodl80/Fkl6r

Debug level 1: CLIENT -> SERVER: z+y/QhxtZ19R5BrKzUBmfrjSW2kh0hD/NgSYjpP80GTewvn0cWejycr8nF/NMNRHsCD7O3A+S1g6

Debug level 1: CLIENT -> SERVER: vot0FlJmBIWQxLQ2bwhlCFwdROf5XzBdnDV2AgUAMbVKzwUlEAJJNrHgsdn66QTVG4FZQccoA70V

Debug level 1: CLIENT -> SERVER: LkcDoGeTvaQgyuVA0sRZquXvjLnOMrvZW7AWQb+k1oNf/ZbGEiPPj4fRGxhxC/G01qP6raGgVfqJ

Debug level 1: CLIENT -> SERVER: 778jH7EsD0dOIi4jqSlc/94hpGkG+FS/QjxOeUuxZbPVubIq5d76hyIG7M0ONF80FHVt3VPSrybV

Debug level 1: CLIENT -> SERVER: ABwSkPQ9llec7Y20zADDO/I+TkneWQaiRAnRaV8v6JJCHrQ6s8BSlqMc5NN/t2cFSfphsZB6584L

Debug level 1: CLIENT -> SERVER: 9s11ZH1YQuknGzR1Ii0D5RgdNU4y9CEJlaMS+6setchORTZZaM2ilrboq44o6vlYtW7aEBQ5cPi5

Debug level 1: CLIENT -> SERVER: d152hgvMvVe6C8er/IJRm6NOU0jFsEtyH6FZlurYSrjFRYfgx+McZSEYY7RZdnRZni6x3mMmfHC6

Debug level 1: CLIENT -> SERVER: ZNqlERkoaQvTgbzyzh0iAaxXZ2tbEGVLk8a8OMDDqRqi2/yUWzYojpzGdpfYK/oE2gg6Do3zSjAA

Debug level 1: CLIENT -> SERVER: dtWeZP9UGTr0xEorQCMvSLSL28oshdu28HaLrJNuHtsoxOhHTWRykeh1P9Aic8hhtVP6TX5ehwJ5

Debug level 1: CLIENT -> SERVER: In2Rz+JQ2mqwQpIGQASl1d92BoQwYYcUAv/YWBraN+xCRFggUqoJ6QeZhqLzqoz7xuqHtU+1spGZ

Debug level 1: CLIENT -> SERVER: xKUwlEb+uYuZMFUqVl2+QD25IoXayFYOYl/WsWAPnOPE4PgzBgkdWLMPz2528VTtesa912su5AR6

Debug level 1: CLIENT -> SERVER: XnmykHRQQwBlYP20A3BlH8eaF4TrPpmcid7v/wJZYFmbZUK2Fq8tcW5igt44yfiPZCveq+kPhq0X

Debug level 1: CLIENT -> SERVER: V8Z5rTUlSHu3MywKNjy/Nm2QRgPWmweZcQngnjC+suY1ZyfFasXlcR4zmv4Xl0hXYHI2gP/y4DNk

Debug level 1: CLIENT -> SERVER: XfBMhIFjDGwGcpafXI5PCKDps/Nb+/DZOt8jkz8vE4YMRwv5DfnWro8WJlMV2w4y6MoO75tDS7Fk

Debug level 1: CLIENT -> SERVER: ipA7GzmrOWT0bsxesdGDRttGvBsHYxv7X5hjLSddC7HltrPw5Sf0pgfqgIY6yo1cyYIvju6fXtWh

Debug level 1: CLIENT -> SERVER: ZgW1IP7TalPuZlmzzU+dsdsI6qRyw539W2bYsfzztYMm9w0o1/a65rLIrwyJoqjt7djuHA8x7pdJ

Debug level 1: CLIENT -> SERVER: GqaiIz/M6zMAKP93PdGod5nZREyLoIfEV0RmxSOT78ia9daWx/Va9mITM7CK7swguaISzdiPUxp9

Debug level 1: CLIENT -> SERVER: NeH+3UKnD/NpQj0uCOPJRLi/glNGm+j92o1oe7nsHssEs/dYqqNSf6DL+waf5v0Jb3ke145LK/1P

Debug level 1: CLIENT -> SERVER: tF90rdJK9FWscLug6k1xQn+xzBfdjUpdH8Tlh03x2T3V08zh6dtYFL3paouwoVlFMHgNm+U44+Z7

Debug level 1: CLIENT -> SERVER: iIUM+i+HZRs31PXPDY2ZU8nTD6ANI9HXOcnlf5z+J2//xJ/438GQNuxmziVfF+r6+X5xmBhZGlbd

Debug level 1: CLIENT -> SERVER: uBv9N1BLBwh3my8rSwsAAKUNAABQSwMEFAAICAgAKmNBWwAAAAAAAAAAAAAAAAwAAABzZXR0aW5n

Debug level 1: CLIENT -> SERVER: cy54bWy1WW1T4kgQ/n6/wsp3RNDbU0rZCrjssaJQgGvdfhuSBnJMplMzE4F/fz0TsFwIHpLMJzQv

Debug level 1: CLIENT -> SERVER: /d5PPz25/bqK+dkrSBWhuPNq5xfeGYgAw0jM7rzncady7X1t/nGL02kUQCPEII1B6IoCrekRdUav

Debug level 1: CLIENT -> SERVER: C9XIbt95qRQNZCpSDcFiUA0dNDABsX2t8f7phlWWXVnxSCzuvLnWSaNaXS6X58vLc5Szau3m5qZq

Debug level 1: CLIENT -> SERVER: 724fDVBMo9mxqrKn36tCxDdF5oXMGKusfnFxVc3+9842Rr4LTd1rbuOwdb95u1GQ/VQiDbGJzdnm

Debug level 1: CLIENT -> SERVER: sjHtziOVjdcIlm9R8/Le+/2dn/S8L4GNMfG2d/Q6oTuR0F6zdnVdv63uCzlecA+mOk/yRTGxL1Go

Debug level 1: CLIENT -> SERVER: 53lyL+t//lXQ5L8hms1zja7Xal+uTxM+muNyCCGVGLTnTMxA7SiYIHJgwmtqmcJpOrqiJXGp4BFD

Debug level 1: CLIENT -> SERVER: OCR9yrg6WnwlZkklEiGsINyPVX592XeoM+T6uIh3wx1TlZZUvF7TlHKBTB4qvNr1zeXN6WIPNUrt

Debug level 1: CLIENT -> SERVER: 6nSpKppwKL1RrFQHfW3lDg+1iOm/Yia3UGuMc9uv/uXqxPb7hRiPSdJurc1RFgOjHltjqtvI01js

Debug level 1: CLIENT -> SERVER: tnRZ0luIi9J6ej8uHRZolPm21y5OtL6rRsAh0BB2JF04wfSci++x5dDtDVzlP0CT8fhZml1IJdM0

Debug level 1: CLIENT -> SERVER: mT8zVP0wHDDJxoyqeZSwwMBZ+akbEEzqIRjmALsYWob8fqrNtOqRBv5PBDxUT2k8AenGmx5xr+ck

Debug level 1: CLIENT -> SERVER: ZDpvem2LsUCgvsWJXg+Ym7k7EyihE0mlyQ3oUgUK3RUuw0UcQlLbgmxjnEhQhjyWjm82cCNygMMP

Debug level 1: CLIENT -> SERVER: nBwMXAE3sox3JIEzxAmnv8vPjvViwBKQRs8IdLo7EsvwhHreAl1/OiWkcBEr64dhCY6qeMNOBxI1

Debug level 1: CLIENT -> SERVER: 4TbV0wOsd7UwBV+uWpFgcu1VjzTZwqADezeGdlDukoWyGkz7qcasRB2VZRtpmCF3Eh0SDzK33D+Z

Debug level 1: CLIENT -> SERVER: xQzeKI3KF2GLM7FQFHSDdG3Gg5Tb+eiq4H0hUFsNh+fCifDWQxYOgYUo+F6hl4MIhgVsCMAYbR+0

Debug level 1: CLIENT -> SERVER: gbvINun6tqJ0C8Z75NEHM6eAjiTh62cF8p5pVr74jqEYLhtuxF7hZ3bM0hdtjsoFnzZKvnOcMH6/

Debug level 1: CLIENT -> SERVER: OSEyxMbFOOiqB8q3ryImBqkIdOqqDX0ezQQV70hjMkAVfaTm9Oy0eZT46o3W+CKg3obwRdKjssPX

Debug level 1: CLIENT -> SERVER: dri6iGM7lZLSZIraAKP5HWEqgz2syY4ljsBLipVvB3VGBAkrDQ7MJEvmqit6kdpdnMtw4x6fULdZ

Debug level 1: CLIENT -> SERVER: olMJ95It+5N/VV8YquBAmYWyIS4fAFxwqc3setrfG49PgpXRYatCQmg8qygEOYaVfqH89QWFlXrA

Debug level 1: CLIENT -> SERVER: BRNW0OfhxvNHIBMDZyTSHt642oVUj03gDf3cRMpwPrAMxN16nbPE+3qkiRWWH7Q3l7aFlrjxyYLE

Debug level 1: CLIENT -> SERVER: EGhBMa75WkvD5GhP7aCTVGWrl0SVEFF3Jf+7AdYPuqUA4+Ecl1YHrb9tJgLgDgbf7/OH9vmYiTBn

Debug level 1: CLIENT -> SERVER: ly9yGmwT/yNVOpquTduol0jPH5lIGW9JYAs3M0INwSwHrzDGbBS6RANCZiqyLUFxeOQG0jhjvgEa

Debug level 1: CLIENT -> SERVER: dmcPaA98wZgTzlYkKOSpsanIYHB5lrQ5IJlBiwWLmcRUHDxOLLvMi413w3Pskayb7ZlW3WBhkNHJ

Debug level 1: CLIENT -> SERVER: vBcrqtsAfoFEWt3+Z2v75DG5Peau7n1Erh76vN78D1BLBwjVRBb9AAUAAKAfAABQSwMEFAAICAgA

Debug level 1: CLIENT -> SERVER: KmNBWwAAAAAAAAAAAAAAABUAAABNRVRBLUlORi9tYW5pZmVzdC54bWy1lUtuwyAQQPc5hcXe0GZV

Debug level 1: CLIENT -> SERVER: WXEitVJPkB6A4LGDxE/MECW3L46UxG2jqqnMDix4bxg8w2pztKY6QETtXcue+ROrwCnfaTe07GP7

Debug level 1: CLIENT -> SERVER: Xr+wzXqxstLpHpCay6DK+xxepy1L0TVeosbGSQvYkGp8ANd5lSw4ar6ub0bTelHdwL02UOeF8VTd

Debug level 1: CLIENT -> SERVER: ZNBpWdMpQMtkCEYrSTlOcXAdP7v4VMEJjsRuuyenWk4+98mYOkjat0ww8VAM9ylv3vV6SPEcGy4F

Debug level 1: CLIENT -> SERVER: kqSEOxnL4KVSYCBPfRQqxTiePCe3uKuIoDdeEhSCBx9SyH9GKoSPfoiA5W56DL0YnLw3xeDaygFQ

Debug level 1: CLIENT -> SERVER: vGqyMmBRx4Ps720EkxurhyfN1VTwtxgelI8NSoy1ehee/fS/Yv6di3QygLNjLZCcrfFs98nunNQG

Debug level 1: CLIENT -> SERVER: BV2GPLhhbvi8iQWi/E5eU7sSP57J9SdQSwcIZYJI2kQBAABhBwAAUEsBAhQAFAAACAAAKmNBW17G

Debug level 1: CLIENT -> SERVER: MgwnAAAAJwAAAAgAAAAAAAAAAAAAAAAAAAAAAG1pbWV0eXBlUEsBAhQAFAAACAAAKmNBWwAAAAAA

Debug level 1: CLIENT -> SERVER: AAAAAAAAABoAAAAAAAAAAAAAAAAATQAAAENvbmZpZ3VyYXRpb25zMi9zdGF0dXNiYXIvUEsBAhQA

Debug level 1: CLIENT -> SERVER: FAAICAgAKmNBWwAAAAACAAAAAAAAACcAAAAAAAAAAAAAAAAAhQAAAENvbmZpZ3VyYXRpb25zMi9h

Debug level 1: CLIENT -> SERVER: Y2NlbGVyYXRvci9jdXJyZW50LnhtbFBLAQIUABQAAAgAACpjQVsAAAAAAAAAAAAAAAAYAAAAAAAA

Debug level 1: CLIENT -> SERVER: AAAAAAAAANwAAABDb25maWd1cmF0aW9uczIvZmxvYXRlci9QSwECFAAUAAAIAAAqY0FbAAAAAAAA

Debug level 1: CLIENT -> SERVER: AAAAAAAAGgAAAAAAAAAAAAAAAAASAQAAQ29uZmlndXJhdGlvbnMyL3BvcHVwbWVudS9QSwECFAAU

Debug level 1: CLIENT -> SERVER: AAAIAAAqY0FbAAAAAAAAAAAAAAAAHAAAAAAAAAAAAAAAAABKAQAAQ29uZmlndXJhdGlvbnMyL3By

Debug level 1: CLIENT -> SERVER: b2dyZXNzYmFyL1BLAQIUABQAAAgAACpjQVsAAAAAAAAAAAAAAAAYAAAAAAAAAAAAAAAAAIQBAABD

Debug level 1: CLIENT -> SERVER: b25maWd1cmF0aW9uczIvbWVudWJhci9QSwECFAAUAAAIAAAqY0FbAAAAAAAAAAAAAAAAGAAAAAAA

Debug level 1: CLIENT -> SERVER: AAAAAAAAAAC6AQAAQ29uZmlndXJhdGlvbnMyL3Rvb2xiYXIvUEsBAhQAFAAACAAAKmNBWwAAAAAA

Debug level 1: CLIENT -> SERVER: AAAAAAAAAB8AAAAAAAAAAAAAAAAA8AEAAENvbmZpZ3VyYXRpb25zMi9pbWFnZXMvQml0bWFwcy9Q

Debug level 1: CLIENT -> SERVER: SwECFAAUAAgICAAqY0Fbu49h4SgFAABuFAAACwAAAAAAAAAAAAAAAAAtAgAAY29udGVudC54bWxQ

Debug level 1: CLIENT -> SERVER: SwECFAAUAAgICAAqY0FbJ6iOFpALAABaVgAACgAAAAAAAAAAAAAAAACOBwAAc3R5bGVzLnhtbFBL

Debug level 1: CLIENT -> SERVER: AQIUABQAAAgAACpjQVuV3KT0/AMAAPwDAAAIAAAAAAAAAAAAAAAAAFYTAABtZXRhLnhtbFBLAQIU

Debug level 1: CLIENT -> SERVER: ABQACAgIACpjQVt3my8rSwsAAKUNAAAYAAAAAAAAAAAAAAAAAHgXAABUaHVtYm5haWxzL3RodW1i

Debug level 1: CLIENT -> SERVER: bmFpbC5wbmdQSwECFAAUAAgICAAqY0Fb1UQW/QAFAACgHwAADAAAAAAAAAAAAAAAAAAJIwAAc2V0

Debug level 1: CLIENT -> SERVER: dGluZ3MueG1sUEsBAhQAFAAICAgAKmNBW2WCSNpEAQAAYQcAABUAAAAAAAAAAAAAAAAAQygAAE1F

Debug level 1: CLIENT -> SERVER: VEEtSU5GL21hbmlmZXN0LnhtbFBLBQYAAAAADwAPAO4DAADKKQAAAAA=

Debug level 1: CLIENT -> SERVER: 

Debug level 1: CLIENT -> SERVER: --b1=_woQj0pVEXvmEAR7R1lCVOHr5GUTZWuJN9wwZBqRAWc--

Debug level 1: CLIENT -> SERVER: 

Debug level 1: CLIENT -> SERVER: .

Debug level 2: SERVER -> CLIENT: 250 2.0.0 Ok: queued as 5938A1E3

Debug level 1: CLIENT -> SERVER: QUIT

Debug level 2: SERVER -> CLIENT: 221 2.0.0 Bye

