Debug level 2: SERVER -> CLIENT: 220 smtp-sp217-129.kinghost.net ESMTP

Debug level 1: CLIENT -> SERVER: EHLO localhost

Debug level 2: SERVER -> CLIENT: 250-smtp-sp217-129.kinghost.net
250-PIPELINING
250-SIZE 62914560
250-VRFY
250-ETRN
250-STARTTLS
250-AUTH PLAIN LOGIN
250-AUTH=PLAIN LOGIN
250-ENHANCEDSTATUSCODES
250-8BITMIME
250-DSN
250 CHUNKING

Debug level 1: CLIENT -> SERVER: AUTH LOGIN

Debug level 2: SERVER -> CLIENT: 334 VXNlcm5hbWU6

Debug level 1: CLIENT -> SERVER: [credentials hidden]
Debug level 2: SERVER -> CLIENT: 334 UGFzc3dvcmQ6

Debug level 1: CLIENT -> SERVER: [credentials hidden]
Debug level 2: SERVER -> CLIENT: 235 2.7.0 Authentication successful

Debug level 1: CLIENT -> SERVER: MAIL FROM:<ourodosul@ourodosul.com.br>

Debug level 2: SERVER -> CLIENT: 250 2.1.0 Ok

Debug level 1: CLIENT -> SERVER: RCPT TO:<granjaschommer1@gmail.com>

Debug level 2: SERVER -> CLIENT: 250 2.1.5 Ok

Debug level 1: CLIENT -> SERVER: DATA

Debug level 2: SERVER -> CLIENT: 354 End data with <CR><LF>.<CR><LF>

Debug level 1: CLIENT -> SERVER: Date: Wed, 1 Oct 2025 13:52:07 +0200

Debug level 1: CLIENT -> SERVER: To: granjaschommer1@gmail.com

Debug level 1: CLIENT -> SERVER: From: ourodosul@ourodosul.com.br

Debug level 1: CLIENT -> SERVER: Subject: =?iso-8859-1?Q?Atualiza=C3=A7=C3=A3o_de_Cadastro?=

Debug level 1: CLIENT -> SERVER: Message-ID: <qDgIWWZrcW5hwK0l53oPSLp2wUzVjFf5cWTIhDnGSs@localhost>

Debug level 1: CLIENT -> SERVER: X-Mailer: PHPMailer 6.10.0 (https://github.com/PHPMailer/PHPMailer)

Debug level 1: CLIENT -> SERVER: MIME-Version: 1.0

Debug level 1: CLIENT -> SERVER: Content-Type: multipart/mixed;

Debug level 1: CLIENT -> SERVER:  boundary="b1=_qDgIWWZrcW5hwK0l53oPSLp2wUzVjFf5cWTIhDnGSs"

Debug level 1: CLIENT -> SERVER: Content-Transfer-Encoding: 8bit

Debug level 1: CLIENT -> SERVER: 

Debug level 1: CLIENT -> SERVER: --b1=_qDgIWWZrcW5hwK0l53oPSLp2wUzVjFf5cWTIhDnGSs

Debug level 1: CLIENT -> SERVER: Content-Type: multipart/alternative;

Debug level 1: CLIENT -> SERVER:  boundary="b2=_qDgIWWZrcW5hwK0l53oPSLp2wUzVjFf5cWTIhDnGSs"

Debug level 1: CLIENT -> SERVER: 

Debug level 1: CLIENT -> SERVER: --b2=_qDgIWWZrcW5hwK0l53oPSLp2wUzVjFf5cWTIhDnGSs

Debug level 1: CLIENT -> SERVER: Content-Type: text/plain; charset=iso-8859-1

Debug level 1: CLIENT -> SERVER: Content-Transfer-Encoding: 8bit

Debug level 1: CLIENT -> SERVER: 

Debug level 1: CLIENT -> SERVER: (Sem conteúdo)

Debug level 1: CLIENT -> SERVER: 

Debug level 1: CLIENT -> SERVER: --b2=_qDgIWWZrcW5hwK0l53oPSLp2wUzVjFf5cWTIhDnGSs

Debug level 1: CLIENT -> SERVER: Content-Type: text/html; charset=iso-8859-1

Debug level 1: CLIENT -> SERVER: Content-Transfer-Encoding: 8bit

Debug level 1: CLIENT -> SERVER: 

Debug level 1: CLIENT -> SERVER: <p>(Sem conteúdo)</p>

Debug level 1: CLIENT -> SERVER: 

Debug level 1: CLIENT -> SERVER: 

Debug level 1: CLIENT -> SERVER: --b2=_qDgIWWZrcW5hwK0l53oPSLp2wUzVjFf5cWTIhDnGSs--

Debug level 1: CLIENT -> SERVER: 

Debug level 1: CLIENT -> SERVER: --b1=_qDgIWWZrcW5hwK0l53oPSLp2wUzVjFf5cWTIhDnGSs

Debug level 1: CLIENT -> SERVER: Content-Type: application/octet-stream; name="13822  .3 MARIA IRELI LERNER SCHOMMER.odt"

Debug level 1: CLIENT -> SERVER: Content-Transfer-Encoding: base64

Debug level 1: CLIENT -> SERVER: Content-Disposition: attachment; filename="13822  .3 MARIA IRELI LERNER SCHOMMER.odt"

Debug level 1: CLIENT -> SERVER: 

Debug level 1: CLIENT -> SERVER: UEsDBBQAAAgAAH1eQVtexjIMJwAAACcAAAAIAAAAbWltZXR5cGVhcHBsaWNhdGlvbi92bmQub2Fz

Debug level 1: CLIENT -> SERVER: aXMub3BlbmRvY3VtZW50LnRleHRQSwMEFAAACAAAfV5BWwAAAAAAAAAAAAAAABoAAABDb25maWd1

Debug level 1: CLIENT -> SERVER: cmF0aW9uczIvc3RhdHVzYmFyL1BLAwQUAAgICAB9XkFbAAAAAAAAAAAAAAAAJwAAAENvbmZpZ3Vy

Debug level 1: CLIENT -> SERVER: YXRpb25zMi9hY2NlbGVyYXRvci9jdXJyZW50LnhtbAMAUEsHCAAAAAACAAAAAAAAAFBLAwQUAAAI

Debug level 1: CLIENT -> SERVER: AAB9XkFbAAAAAAAAAAAAAAAAGAAAAENvbmZpZ3VyYXRpb25zMi9mbG9hdGVyL1BLAwQUAAAIAAB9

Debug level 1: CLIENT -> SERVER: XkFbAAAAAAAAAAAAAAAAGgAAAENvbmZpZ3VyYXRpb25zMi9wb3B1cG1lbnUvUEsDBBQAAAgAAH1e

Debug level 1: CLIENT -> SERVER: QVsAAAAAAAAAAAAAAAAcAAAAQ29uZmlndXJhdGlvbnMyL3Byb2dyZXNzYmFyL1BLAwQUAAAIAAB9

Debug level 1: CLIENT -> SERVER: XkFbAAAAAAAAAAAAAAAAGAAAAENvbmZpZ3VyYXRpb25zMi9tZW51YmFyL1BLAwQUAAAIAAB9XkFb

Debug level 1: CLIENT -> SERVER: AAAAAAAAAAAAAAAAGAAAAENvbmZpZ3VyYXRpb25zMi90b29sYmFyL1BLAwQUAAAIAAB9XkFbAAAA

Debug level 1: CLIENT -> SERVER: AAAAAAAAAAAAHwAAAENvbmZpZ3VyYXRpb25zMi9pbWFnZXMvQml0bWFwcy9QSwMEFAAICAgAfV5B

Debug level 1: CLIENT -> SERVER: WwAAAAAAAAAAAAAAAAsAAABjb250ZW50LnhtbL1YUW7jNhD97ylYL1C0H7JipwUSNXaQZpM2gJ0N

Debug level 1: CLIENT -> SERVER: Yi/aX0aiLKIUqSUp29mv3qEn6NeiB+gJcpOepENKYqTY8srxovlwLM6bmceZ4XDks/N1ytCSSEUF

Debug level 1: CLIENT -> SERVER: H/UG/aMeIjwUEeWLUe/9/No76Z2PvzoTcUxDEkQizFPCtRcKruE/Am2ugkI66uWSBwIrqgKOU6IC

Debug level 1: CLIENT -> SERVER: HQYiI7zSCurowPoqVpR+ZJ3VLbiurclad1U22IYufuju2YLr2pHEq67KBgtBravHoqvyWjEvFhD1

Debug level 1: CLIENT -> SERVER: NMOavmCxZpT/PuolWmeB769Wq/7quC/kwh+cnp76VuoIhw6X5ZJZVBT6hBHjTPmD/sCvsCnRuCs/

Debug level 1: CLIENT -> SERVER: g61T4nn6QGTn0GCNN7KqlovOFbFctIQmTLDsXBsW3EzvcdQ9vcdRXTfFOmnJyYk/BaH9mE6ea0Gm

Debug level 1: CLIENT -> SERVER: XX0ZbCNUoaRZ520W6Lq+EMJRNQrFAbV0h0dH3/vFcw292glfSaqJrMHDnfAQs9BFXKTbgga4gQ8I

Debug level 1: CLIENT -> SERVER: jyxNmbrCN4FQLQpDvxA7sIpaTf82nczChKT4GUw/D/YoVxrz58hIk4TWnf7gS5IJqV1g4u4NE7I1

Debug level 1: CLIENT -> SERVER: dF6iGDs3gFR9a8EzitZX3YJvTqZvVN64SqOEVWXtSJb+yTojkhpFzEzmvFTBLiGbIgtq2kXxlJq1

Debug level 1: CLIENT -> SERVER: y2PYG1c3RVFlyncLMdwYXoxD4kUkZGp8Vpx4t4yKZ8Nj1JvjRJhswMmuECllj07g71a/xIw+SDrY

Debug level 1: CLIENT -> SERVER: YqAU9VBD38i8BeGweShWtaJKdfTxShcSdsEbiIzqEDrGEktqrpmO7tGELhK9hcQ3OBPqxwaqWPof

Debug level 1: CLIENT -> SERVER: aW2L/+t4FRk5gNf1Fiq7PT4qTdJDXE7ykEYYzTBX6D2nMFOR1nhswXaJysEcpzP0s9AJDVuZOcQX

Debug level 1: CLIENT -> SERVER: 4+O3NYRyHecaqlDT0LN2XKewnw32dwPnq+ScYYkXEmdJJYAFM67aB6/QmkHPjrCMKkgKsweRXoYX

Debug level 1: CLIENT -> SERVER: G4jKtTPrZdAJidSUKOfAqJXjjqFut1hj3E5/vkHfTKfOqXmo+4tFEAomwM2bI/tXaVugyDUMemA1

Debug level 1: CLIENT -> SERVER: xkyRhsisezqRIl8kXjlqc8FJI1EvGyd4s+uKfoT1wSDTtbXKhkwxs8vWj0pwZEaDum0ryHlEpGXR

Debug level 1: CLIENT -> SERVER: 8F6ZWxHTBZ7tvWDlwe2GeaOpPwMMvQpQkKwLbdZL6RbrheMdAOveTJaMrHcRcJAWCk7eTqIFYuNH

Debug level 1: CLIENT -> SERVER: 0izBRSI2YiuW20K7DVAWj3Vqv29Wqt96BEvBg4ge3YMxPz6zb1SKfMjhtdEd5c1FZJciqjKGH6tq

Debug level 1: CLIENT -> SERVER: 9RgMdGzUg1K24qIIbxjLlZbgX3DD8SBj86rtHGbFHMxDjbwt3gBt2NujlhUq9Y4FfW78k0hRRPHX

Debug level 1: CLIENT -> SERVER: 6OJDTtHT3wiui3e5FCgSaJazPrqDOyMVCsGbuZnIsEQwbCJs0Oelv6zdRa3lWRm86vo7v6oM800z

Debug level 1: CLIENT -> SERVER: 0NLGg+OT4RCVKH/cP0bTi/ubC3RzfzW5QZOr+9urezS7/OXddHp1X0UCrI33YXkFk7fZLTR3CWsC

Debug level 1: CLIENT -> SERVER: kdTsXGMtkOnWCOscjutHCIMiOQpxBF1eiiJMBhlTOGZWqCCUEZg6R/sQuBUpCfbSuLy7Rv/+8ede

Debug level 1: CLIENT -> SERVER: Om/hzRgB4VusQjuWi2CvKKWYMvRtZvasiDSWYsoS8V2A6gndw+KcMAIdhDQNfO7rHLLza4K1wll2

Debug level 1: CLIENT -> SERVER: vpfmK2lemRuHPH0S+6WoOkO5OT5EKeJqCiKny60X9ZVhZc8YTMzi6dPTP3BBmyJSOVzXKZGhKam9

Debug level 1: CLIENT -> SERVER: zt2sVqbgWz/9BSlLEaS/rAHuaqC/h13/y2H8Rt/3G1eC3/ID4fg/UEsHCOVZQvoqBQAAYRQAAFBL

Debug level 1: CLIENT -> SERVER: AwQUAAgICAB9XkFbAAAAAAAAAAAAAAAACgAAAHN0eWxlcy54bWzdXM2S27gRvucpVHIlN0ok9a94

Debug level 1: CLIENT -> SERVER: vJU46yRVdiXZsc9bEAlJjCmCBYKj0b5ODjnlKfxiaQAECZIgRf1Zntmpcq3QDaDx9Q+aDZBvf3re

Debug level 1: CLIENT -> SERVER: hb0nTJOARA99Z2D3ezjyiB9Em4f+l88frHn/p3e/e0vW68DDS5946Q5HzErYIcRJDzpHyVISH/op

Debug level 1: CLIENT -> SERVER: jZYEJUGyjNAOJ0vmLUmMI9VpqXMvxVSyRQzWtbtg1nsz/My6dua8pb5o1X1mwaz39inad+3MeQFT

Debug level 1: CLIENT -> SERVER: vfuadO38nITWmlge2cWIBRUpnsMg+vrQ3zIWL4fD/X4/2I8GhG6GzmKxGApqLrCX88UpDQWX7w1x

Debug level 1: CLIENT -> SERVER: iPlkydAZOEPFu8MMdZWP8+oiReluhWlnaBBDNa0mT5vOFvG0aYDG2yLa2TYEc1m9I7+7eke+3neH

Debug level 1: CLIENT -> SERVER: 2LZBJ/PhJyCKfz59LGyB7rrOxXlLUHk0iDsvU3Lr/Qkhuai8g3RQIa5r2+Oh/K1x71vZ9zRgmGrs

Debug level 1: CLIENT -> SERVER: Xiu7h0IvR5zsTKABnzMEDgs/cTNV3JQvunHkyZDimFCWC7LuHqAAHTefxV+jfBrgTAZiBIt3FHPp

Debug level 1: CLIENT -> SERVER: Iwy5Jwx5lzf9XhbotODq9t+pSLomEEXXyMOWj70wefdWekDe3JO/uZwP/c9oS3ao3wNLVxy7IDzk

Debug level 1: CLIENT -> SERVER: hGF79/coDFY0cAwDZKR+r9Sf06wNjjANQHnJPkiSjnOcOQWFVUQljjhgHnjQE6IBD7sdp+99DDZb

Debug level 1: CLIENT -> SERVER: ZhDiDygmyR9LXLLpO4plwv88uaRGLpDrg0GU9hkPCcO7S6b8mHqBj3qPKEp6X6IAUgzciIeBtwsq

Debug level 1: CLIENT -> SERVER: F8v46bH3V8K2gdcoWc5xNXmGTQEha5eZlpLbx2uUhln+pUbOJNxQFHPZFW/224ophCjKAsjXeBay

Debug level 1: CLIENT -> SERVER: TLbIJ3sLxk8ws54f+vZg5IGcBuKhQmSwRVqQUWAriZEH+Yy1JTT4DURHIWd1563MT1wMr84KAbTr

Debug level 1: CLIENT -> SERVER: qDVWw5gZLCGsYx+wrSUzxDUKE80CYkSRQEjHZ02WYvAt5p4IIdue/16Nx0exUMoInxmMJfAxkQOg

Debug level 1: CLIENT -> SERVER: MN4ixSb6ryhGkJMlDAyBKQrfGLnEOzDnh35ILbYqGUcQ+ZjvJTy/1peoRFeSQx4K+idxwq2neTE5

Debug level 1: CLIENT -> SERVER: O5dbW6NsTRMM4ERc12Jyj4QEMjZGU3BLgEE0JsFvIKnjxEy0hSjapGgDTVmDR9KIUTCSP/+SLx8z

Debug level 1: CLIENT -> SERVER: 2P2tr5hGQnQ5oLZKPqYFOyiK1MhZx2xwRcN54M1mUYQvj/XxePoX4ueGEXMqotUxc9Ljn/oFnCUv

Debug level 1: CLIENT -> SERVER: 6+J6Of79Y+a1Q3QTRBaoDwyWG2vRtiKM8QSI27GbkQzWCK3bQ7zFEeS7JLJC5PsAuFjQQz8iYDq7

Debug level 1: CLIENT -> SERVER: gJ1otHEaeSyVA+6BDAkPgAcKPG7VyhotPwCPj/gkkOhMnMIRy3Yfg0YKLzzDODXdV1KPW5otn0pZ

Debug level 1: CLIENT -> SERVER: oHkru52Ji7lzS/1wI/PXDQurmFO1Nop3CEyVPyspk3NrTHGabCssF/iWeOzWg1+IdYuRT+UrQrkX

Debug level 1: CLIENT -> SERVER: cBODnQDsJURxwu330oktSvaVyaGl4tRfMY7BpTeYbfljL/e3YxPrE0ozfgTv8RH1+42xRSkvREkC

Debug level 1: CLIENT -> SERVER: 4oHrHA03hIKXR4nS0j4An5K/mvekC5yzWPSRxX4OWIiPrhQa8mKTZUYp4jLqDJ+h4VfX/nVF/MM5

Debug level 1: CLIENT -> SERVER: iJUC9GDsjpqCtDN2zEHalkFaGIXIPyKRf6Bwjw7JMXTrcS1/eCiHN3euwpsMXXmyYNkD25kX4fek

Debug level 1: CLIENT -> SERVER: 0KZnwOaAJuc9KzqJrt1NxKBI2GPiEB00Vfd08iWGdLaNNG7iDt/EOy/3I2yf56yjxd5DPmRHcyu0

Debug level 1: CLIENT -> SERVER: VNQUugn+HsU86l9RByApRSc6qkS7RRE9UfuVlUmRXif5HicowolV4dJudtNKkuFmXijbeA9IsuC5

Debug level 1: CLIENT -> SERVER: pcWDZB+dKCDJqIbORv20JAHm8XN6NkNnBf8dHkmer6jeQIzXqt4r6epqNv43jPiJCPczxxyLMo6e

Debug level 1: CLIENT -> SERVER: 8902NZVWkJQJPEL8xHMf5/JNbzqaHN/0Tt3eRN4tMoU37noyXkybM3lVxatseHbVrPVdqUo8YVey

Debug level 1: CLIENT -> SERVER: T9mVNEtw2y3BvbcluJdbQvEg+iNZgjNtsYQa8YSnp+mZljBqt4TRvS1h9HIsoaLpcZumq8QTND0+

Debug level 1: CLIENT -> SERVER: U9Pjdk2P763p8eWaLtRZ07Q9u4Wmm5Omk/KiD4a+Z+c8mson7Sqf3Fvlk5ej8hbdnaOZabtmpvfW

Debug level 1: CLIENT -> SERVER: zPRyzRTwVzVzuVYmC/73chxx1q7u2b3VPXsZ6r6yE87btTK/t1bmF2vlZhpxZ/zv5Tjgol3Vi3ur

Debug level 1: CLIENT -> SERVER: evHjq/oazveYrtg9yufeFsX8ZtcxROWZYxhswFY9EADnx07/ThMWrA8WP5mBGfeE+rVz+VM2LO0Z

Debug level 1: CLIENT -> SERVER: wVAIh3DqTjPVnVKeqz1zXOJ89ceOK/rmv1LCLjODqz0EFqSbqX9s879rhMsLYeeleu4j/6wiXY6L

Debug level 1: CLIENT -> SERVER: nK1X47mlmkK8ZuL4fVZWE5VHU7auoUBcNMka5ej83NIqEXPldK0UMxwlmGNTMs0yLhlX77tZr4Jl

Debug level 1: CLIENT -> SERVER: 4o6NuBgoxyuhBeksgz9HD7xPjHy+2WZrUhpVrRVFq+ZsNaPJqEIollPQsqN0OUFEIqy3ZhNUm1X6

Debug level 1: CLIENT -> SERVER: ys8dewkJA7+nP+dnXNpTpYHx+9YOLgwBf5EZSCkK8B8fYGyz1Wc9ioDQ03nzOwc8ZRk2z/v52/9Y

Debug level 1: CLIENT -> SERVER: GhJxEMH/eb8tLnVUDkclZ8/p6TyleV55qV7Dyu2GlXsHrH6MYraG1agbVqOrYPUjlns1LMbdsBhf

Debug level 1: CLIENT -> SERVER: F4uzg9oNHwM1UCbdQJncwpnOemDSZJ92k316kewvorCmgTLrBsrsKqBcWaHzbrLPLzPGl1Co0UBZ

Debug level 1: CLIENT -> SERVER: dANlcRVQrqzQ42KfLPSJycvVLtbd5docrw51QbPgu26s61iTufcm/x7c69t/v/3nCEo520Ug/TCV

Debug level 1: CLIENT -> SERVER: C+0B/eddvOUvMrY/o1e57pfbXLjykr7l6lBX1WfsP0iSdz0T+AWvMcWRd6ROU2PrunYhrnjXjdcw

Debug level 1: CLIENT -> SERVER: kh0KQ8tDcdJvAMYQLOyFXsDdZ3esVyT0S5hIggKtiZxjJhg6I/aPjz9XV97hVTtxURFF3pZQix1i

Debug level 1: CLIENT -> SERVER: XC5tPW2Wz6rmA/9/KNV/5Bs4ssYiW9RLblZM+LkGiWsEyg9AasWz4j062bNcntKole41bMRq1HGL

Debug level 1: CLIENT -> SERVER: ASJJ6VcYxblMxi4vblbuKEbpzuKvsyNQag4mv7acda3iqZNIEoi3TVDkC5PB6iUGtAKyqMfxV7JN

Debug level 1: CLIENT -> SERVER: w1ZYsrFF45qEIdlj31od5AVqhlZ9bfL8dSc1PzfT2dQ1lVYtnVKqRSpCgbNx0UBtwrMj0u6rQtqB

Debug level 1: CLIENT -> SERVER: BGxqRFqnVKq+knBzpEevDOn8DKEKdPVwoXTocHOYx68M5uLkoYpz7UyifIxxc6Qnrwzp2WzegHRB

Debug level 1: CLIENT -> SERVER: qSAtCTdHevqqkHYH9si8HeqUEtKKcHOkZ68MaXdu3g51SgVpSbg50vNXhvTEHKY1QgXnyXcJ0otX

Debug level 1: CLIENT -> SERVER: BvNs0YRzQakALQk3R9qxXxXUo4E9Nu+HOqUEtSJcAnWZpOMfEYYTeESP1sEmpeJDAr2cYGVX0NaE

Debug level 1: CLIENT -> SERVER: sEi7NaKrwslWLL8784TCFPOXA2Wj6phoEIgvUeh95BuF/F4EH09904uvt7uEOPKbBAzMAqrhOSKF

Debug level 1: CLIENT -> SERVER: BKZpGt+HlF/rEe+rLxZFHcGETjZIgQLXbUYLIo+KLwHy5E/7NJEYrfgiEb+eAmMGnqUIcjqOJ1jp

Debug level 1: CLIENT -> SERVER: AbRbKg58indO38BUqRYJyj7w+YfzXHuwWKjSjyCo1+vdxWDassZsEoCQWYQGsBaUKZtQRlHAapd8

Debug level 1: CLIENT -> SERVER: XIVZ/ZKPgZR5gvEakfbtoZZP/WRr39DAV59OeOPZ/M/EkSnbHc9sx0RfoaTAJv9cQZ2PpqtDwWfm

Debug level 1: CLIENT -> SERVER: kcLqZafaCBBs+Nf/MturMwngW+hZgbHCoZzT2qHnkpDF17oyhgTHCmFpKJUjGfUNGhAUjELwi/db

Debug level 1: CLIENT -> SERVER: bMfAg9ai2mhgQT6/uSU9QfqHbKcQyJSFTvIPQykt2uI/LTyabV0taosRvxQlfgz1lWqN9YEKr6y7

Debug level 1: CLIENT -> SERVER: YUbYoSQfI58ta+QjlY+LKheCdZk199WiQWX4ofnTsO/+D1BLBwgnqI4WkAsAAFpWAABQSwMEFAAA

Debug level 1: CLIENT -> SERVER: CAAAfV5BW0aZkOf8AwAA/AMAAAgAAABtZXRhLnhtbDw/eG1sIHZlcnNpb249IjEuMCIgZW5jb2Rp

Debug level 1: CLIENT -> SERVER: bmc9IlVURi04Ij8+CjxvZmZpY2U6ZG9jdW1lbnQtbWV0YSB4bWxuczpvZmZpY2U9InVybjpvYXNp

Debug level 1: CLIENT -> SERVER: czpuYW1lczp0YzpvcGVuZG9jdW1lbnQ6eG1sbnM6b2ZmaWNlOjEuMCIgeG1sbnM6eGxpbms9Imh0

Debug level 1: CLIENT -> SERVER: dHA6Ly93d3cudzMub3JnLzE5OTkveGxpbmsiIHhtbG5zOmRjPSJodHRwOi8vcHVybC5vcmcvZGMv

Debug level 1: CLIENT -> SERVER: ZWxlbWVudHMvMS4xLyIgeG1sbnM6bWV0YT0idXJuOm9hc2lzOm5hbWVzOnRjOm9wZW5kb2N1bWVu

Debug level 1: CLIENT -> SERVER: dDp4bWxuczptZXRhOjEuMCIgeG1sbnM6b29vPSJodHRwOi8vb3Blbm9mZmljZS5vcmcvMjAwNC9v

Debug level 1: CLIENT -> SERVER: ZmZpY2UiIG9mZmljZTp2ZXJzaW9uPSIxLjIiPjxvZmZpY2U6bWV0YT48bWV0YTppbml0aWFsLWNy

Debug level 1: CLIENT -> SERVER: ZWF0b3I+ZWxpc2V1PC9tZXRhOmluaXRpYWwtY3JlYXRvcj48bWV0YTplZGl0aW5nLWN5Y2xlcz4y

Debug level 1: CLIENT -> SERVER: PC9tZXRhOmVkaXRpbmctY3ljbGVzPjxtZXRhOmNyZWF0aW9uLWRhdGU+MjAyNS0wOS0yOVQxMjoy

Debug level 1: CLIENT -> SERVER: NTowMDwvbWV0YTpjcmVhdGlvbi1kYXRlPjxkYzpkYXRlPjIwMjUtMTAtMDFUMDg6NTE6NTguOTc8

Debug level 1: CLIENT -> SERVER: L2RjOmRhdGU+PG1ldGE6ZWRpdGluZy1kdXJhdGlvbj5QVDAwSDAwTTAwUzwvbWV0YTplZGl0aW5n

Debug level 1: CLIENT -> SERVER: LWR1cmF0aW9uPjxtZXRhOmdlbmVyYXRvcj5Cck9mZmljZS5vcmcvMy4xJFdpbjMyIE9wZW5PZmZp

Debug level 1: CLIENT -> SERVER: Y2Uub3JnX3Byb2plY3QvMzEwbTExJEJ1aWxkLTkzOTk8L21ldGE6Z2VuZXJhdG9yPjxtZXRhOmRv

Debug level 1: CLIENT -> SERVER: Y3VtZW50LXN0YXRpc3RpYyBtZXRhOnRhYmxlLWNvdW50PSIwIiBtZXRhOmltYWdlLWNvdW50PSIw

Debug level 1: CLIENT -> SERVER: IiBtZXRhOm9iamVjdC1jb3VudD0iMCIgbWV0YTpwYWdlLWNvdW50PSIxIiBtZXRhOnBhcmFncmFw

Debug level 1: CLIENT -> SERVER: aC1jb3VudD0iMTEiIG1ldGE6d29yZC1jb3VudD0iNjYiIG1ldGE6Y2hhcmFjdGVyLWNvdW50PSI0

Debug level 1: CLIENT -> SERVER: MDgiLz48bWV0YTp0ZW1wbGF0ZSB4bGluazp0eXBlPSJzaW1wbGUiIHhsaW5rOmFjdHVhdGU9Im9u

Debug level 1: CLIENT -> SERVER: UmVxdWVzdCIgeGxpbms6dGl0bGU9Ik5vcm1hbCIgeGxpbms6aHJlZj0iIi8+PC9vZmZpY2U6bWV0

Debug level 1: CLIENT -> SERVER: YT48L29mZmljZTpkb2N1bWVudC1tZXRhPlBLAwQUAAgICAB9XkFbAAAAAAAAAAAAAAAAGAAAAFRo

Debug level 1: CLIENT -> SERVER: dW1ibmFpbHMvdGh1bWJuYWlsLnBuZ+1XV1ATiBYFdfeJiiiwRvpSIyAigkAgggLSm4AiAkGISBcC

Debug level 1: CLIENT -> SERVER: hF5cRQOCFEOHkFVKKBIWkMQQkkiNdJQSSkILJCIGRAihynNmZ/btvL837/O9r3vnnpn7c+8959wU

Debug level 1: CLIENT -> SERVER: e1szwWPix/j4+AQtzE0cfsQmPj5+vqM//8i48jpTP+reFibXnKKKOagroUzdMw/R1Zvn+B5jCUdT

Debug level 1: CLIENT -> SERVER: U4Ivzj1NC3/cLQly0l0ysXQCt9Lv9vJ3E0PW7DIjeJu5sb7bS7sxNYpZfEftPQLK8ELvKLnep/ls

Debug level 1: CLIENT -> SERVER: 9pYb9fm+1lzzt/+Hw2O9TPGR30Z+P1n2M/zXy5WHq65JmQt+vvofQJIK3JYT6jpZWIBqo/Wwwtid

Debug level 1: CLIENT -> SERVER: 09CO5GJW9G36aR5wfhAfFFuIyPNuIA/M9uCwYrxPEDEoneAJe9Km4az3ZnkK2UrJvZ1YAjjwChWc

Debug level 1: CLIENT -> SERVER: 6m8KjY58EOJ8ktNHiPGNGJ4Zn58U8njPnZHhcnaaG2JPQAMZT3wM5SL7RlFGZmN62GRVR3ctmgwd

Debug level 1: CLIENT -> SERVER: WtTz1nDs9X6RcWy94Qp3KZ+3GgD7AuQulEsuxsTnYDBh2eMmay3Ma0n2bc34QEjF2ugVmRdfII9q

Debug level 1: CLIENT -> SERVER: 0pguO9NoCWNFic8D5NCoGs3GOsMrxG92Hy10OfHWNMtF1L1pYmvRJVCKcbfJsG6dm2q7TVeNfliE

Debug level 1: CLIENT -> SERVER: 8Az9MnG8PUTjYCjKDvOJI9olMtncrOezfK+FlLyBslZ3JvRM7Hd7uxfUI630e2epcq28ECGFdI/7

Debug level 1: CLIENT -> SERVER: zvclJepRMrFfPLYQd9WMDh4+LtPG4FaH18dIWUVhttoi6IKt25abgJTrbO+S57sXicWT2mircgfU

Debug level 1: CLIENT -> SERVER: RhWFvGk3lbrwrUJyKicyESFXMaNFYxk0kTYIz0P7DYTK0zzXJ0eVodZwa7HUiZwCwBR8jmIAN6QF

Debug level 1: CLIENT -> SERVER: sOt5GMbXWf24rNURVhmvf88DOgzeTHyqLnf53eDjPycJThtZ7+29RJAJ0k7iC0o22Ko0DYugVgDW

Debug level 1: CLIENT -> SERVER: XrZrXxcNHR80M3wKcG6WWNx2WViip9DjKuuOZ51UxTsN5kjQ+WmzXK7FgIHDi9Kzsod0n5incOKO

Debug level 1: CLIENT -> SERVER: KI5SbDTGQ6ek0F7JMPGnpxaP9ndIEynu8rLil5o/o7SgX6ZWB5/vRQ8EvWZGOUmb+g9rKS/odL1r

Debug level 1: CLIENT -> SERVER: YheJKCTRPkJb8/yg516tHSI926NKwRfdNDXC2fLvZRd0rU5WJhvyVAKiVm2ADgXKBun4rdArD8qa

Debug level 1: CLIENT -> SERVER: HE9osJiOaVK29WVhMeH75lyHmYT1us84mT3EYrs5x+CSHSgcUCoQL8CrtZPr2lCeP2XkpyHq/GwB

Debug level 1: CLIENT -> SERVER: qDTiWnRxzk1AFlfjMucGms7b4XrTmFU2SONnFc2sGNJ7XHCAREY/01xQ6PCfBwC7a4Q8gEM7McbW

Debug level 1: CLIENT -> SERVER: xjnLWcJF00o/LS68BBAsgPHLyHyW9zMBYWUBv7w+rWCRdHLevew6GZHCb+s8kVQlV6Ba7aKxwyj4

Debug level 1: CLIENT -> SERVER: vGyyJ1No8MXsBiNJQQT5ui/G1uEAyhghj1jcXlciqGRoutG4l5X8CLsOWA51lhoVtp92o3AIoce/

Debug level 1: CLIENT -> SERVER: jNnBT081o4OnS/WtX+ttIfUYkssPurR64KLRxyaiQa2+NifvIBGFG8QZCmxFMIRbQjUdkFWusrX9

Debug level 1: CLIENT -> SERVER: 5tmoN3cOrxr8Im2eq0j2247GqltUj3joK7oYtzmdN7Qhu+G3NFrS6xNxSQy52rygZrWX3QOspKry

Debug level 1: CLIENT -> SERVER: lQy7W5+bxw8y0aPsTUWIjpLnze6bjpY7oU/qEpIh59CncmOKpDmBbvo20VKvgCD+mt0bBzvjt55N

Debug level 1: CLIENT -> SERVER: d8QSOewdabEUMSRP8Q37XVKFysDCjHKjVWC1cFrbzG6Soov8ifJpg4KqJOnqc1exEKCYxQlaQf96

Debug level 1: CLIENT -> SERVER: dEEtQ+lMQbVZeSKkjKsXUASfAPd9H8kjb8Lrh9BkcepOizuiSSwyLWnBYGMUTmNeDoIvT/a3Z+zm

Debug level 1: CLIENT -> SERVER: 9RaGtqxgJrRC0PXGZEeAueTHQ38RVzrUOMa9EJFvbCfbJ2psqWTN0ozkWYmTpanxDogj0sAQpLEd

Debug level 1: CLIENT -> SERVER: rGTmEzOGjTOR4jPogcmSxr6wjncBOBcKjs6WfkX9nRqZF6sQnreNKsY5oAEmseNEYylWKKPdE/b5

Debug level 1: CLIENT -> SERVER: 6ynWh3gkpgtrNLh+CQNfSV867sseyoRE4dBmPn0pYLmtnH/rtJWCX7WJUkOC9ztcVIcNSoOxShVk

Debug level 1: CLIENT -> SERVER: ekcde4/RTfCc981fMNFavAbSslLvj2DYRv2iTOTP7sbBTdHDw6yb3/sVaDTnaP9m3d5tVDchGsFn

Debug level 1: CLIENT -> SERVER: XDLSHhplrt5yLNEZ6bF+hObfwFEqHVT/JRfiXj3RvGozEJ8orAIWjsP8neN1tcp8iHBZkuQrJMhU

Debug level 1: CLIENT -> SERVER: FTznS8plEAO6yptmemJC4GKUVwdqScfQiQDQASMPt9ezFyThlZy0kx32BdhUwNQL93bXcb21KJS4

Debug level 1: CLIENT -> SERVER: qt1Nx4oB/dx1LDzBFhK+Y9593ZP3BWhbNq+Govd1Uocy2uYClnLOkxgxUQk/3eDdIE8pNEI0H1A2

Debug level 1: CLIENT -> SERVER: XUE4Negk0mMZy3h9cEZnPIk6+4DsGCt20DrmAlz97a1EFX/CL3+KEdVT9grlWIK5lcqUI31B+zIs

Debug level 1: CLIENT -> SERVER: IKV/TFRjfSXgda1zRs10brvZBeYKnydl0JWueJfSaUoqvx5VQk1EuNrGKZ5MTTirrxYq4d0AE0nJ

Debug level 1: CLIENT -> SERVER: jAJoNxZXB0mFshjOLq7BhtgWNcTpoojvxXERnpq1c52ZL3WtyPyeCwkYOuXjLdlNA3zxlqUkj9v+

Debug level 1: CLIENT -> SERVER: BmNAnd7DODbV35fKP1cQ6fGk/201mbevh93Xlpa9ooGORG8ykMX6u9e/y84YxmG+h8e9zYpi1h35

Debug level 1: CLIENT -> SERVER: S1KpmHtLnWUt4A84G/1erH4dy55GO7rcSloDucTguwQgdsVw8d0/8tHXIBHBguuCp8W/BxsArepM

Debug level 1: CLIENT -> SERVER: 3lWnNCrXDsRrq+f+JD93mM6I9Pdq+npjxdb/YcajH2t+uFRGh1f6R4aq6pMtU6n9SrZaoX/6vCQ5

Debug level 1: CLIENT -> SERVER: vYOQAtr2QRWdu/nGpEeptEHVQ91C+zy+u2umYik2FnxrELbhXtD2zUeHxsauGoW+qBWui9uocAs4

Debug level 1: CLIENT -> SERVER: mwuuu7TX1QQKFRncLj5FdNHrz27A1QoTjI742oTE8BKS6rU0oqsLqWJ5ga6rLiQn1+VVj0+IbALK

Debug level 1: CLIENT -> SERVER: s8RHetDN7Pd5onckx3a0vi4zED7bAH1ObG0kquugKfKMiVsfMvynvZBKszuBuMyNYfWiBZmUMBFE

Debug level 1: CLIENT -> SERVER: 9ta9YdNS2MoryhxsScPOOrs6T+G4GfPAKPw6vX5f0gx41dd1gVvn7LdnaKJ/M8V55c7gC20t+EFU

Debug level 1: CLIENT -> SERVER: T0vPDSxU3ifFqrwzzFlnLBgb6PFK7wXrDoRqe6FWwqxaZjIfJ4Hp2p1j+0+eAn1r+Q7L6aqAFekW

Debug level 1: CLIENT -> SERVER: 5/+aw/J6GuszHzcwVHdhg7mDeD+MVv64MGAtu+Yv8VuDn9jbGGXdmcqZd6OQnaFJ0nHOdjbqyI7O

Debug level 1: CLIENT -> SERVER: hwxGy3WXXtb6/VjLSQdaotetMGGS/YxLTJ/MqlVV3BcUKH3p6m6kwQ21LBwh93xCfc8WE5fTIleo

Debug level 1: CLIENT -> SERVER: zB7AopcQwXv3BlF23uzqBHc8g57xxyfvs86JKjXYxc5D66EP4A1OzaaSNTXLOzDl/YsOjE86VnhS

Debug level 1: CLIENT -> SERVER: XtIonrM5jmqP/Cy0VkrIMNRU/8Zm2Sacl9uIWtfM+pdPA3yUqBBd8beqvFBc1R7sKaDBiyXVlqRm

Debug level 1: CLIENT -> SERVER: 2zufbO20h+gFY4QnVWWxLXKOVcxIQGW7U/1K8/q7TTcBTRzngii7t2wvW0XhTHtYRKP+oQOdAzbM

Debug level 1: CLIENT -> SERVER: baN9OjfRMBWMCipE09S7OjKzgE+zTP3atAxFjCyf23hWqxzRybGHgCkrppltD/E1bouuxauAC6gI

Debug level 1: CLIENT -> SERVER: QKaedc4ud5MuPv8sTMnYPGBDxAcKpAoH9MpqJJKAoF0DNuO016UxDfyZ6ZBZyc7v4YRs9na39h7L

Debug level 1: CLIENT -> SERVER: OPLme5UVuUwrU9xLcFWEvK+jSJ7K3SaiqVSFSt5ESWyj/rWjfoup7Bi4+WsyRGrn8eCj1f/G3f4f

Debug level 1: CLIENT -> SERVER: +l+A9gCxZyaJkYPKX3/8XXwW121NsEZ3H/0TUEsHCDW/yONgCwAAng0AAFBLAwQUAAgICAB9XkFb

Debug level 1: CLIENT -> SERVER: AAAAAAAAAAAAAAAADAAAAHNldHRpbmdzLnhtbLVZW1PiShB+P7/CyjsieDkrpWwFXPawolCAa519

Debug level 1: CLIENT -> SERVER: G5IGcpxMp2YmAv9+eyZguRA8SDJPaC5976+/ntx8Xcb85BWkilDcerXTM+8ERIBhJGa33tO4U/ni

Debug level 1: CLIENT -> SERVER: fW3+dYPTaRRAI8QgjUHoigKt6RF1Qq8L1chu33qpFA1kKlINwWJQDR00MAGxea3x/umGVZZdWfJI

Debug level 1: CLIENT -> SERVER: vNx6c62TRrW6WCxOF+enKGfV2vX1ddXe3TwaoJhGs0NVZU+/V4WIb4rMC5kxVln97Oyimv3vnayN

Debug level 1: CLIENT -> SERVER: fBeautfcxGHjfvNmrSD7qUQaYhObk/VlY9qtRyobrxEs3qLm5b335zs/6XlfAhtj4m3u6FVCdyKh

Debug level 1: CLIENT -> SERVER: vWbt4kv9pror5HDBPZjqPMlnxcQ+R6Ge58k9r1/+XdDkfyCazXONrtdqV1+OEz6a42IIIZUYtOdM

Debug level 1: CLIENT -> SERVER: zEBtKZggcmDCa2qZwnE6uqIlcaHgAUPYJ33KuDpYfCVmSSUSISwh3I1Vfn3Zd6gz5OqwiHfDLVOV

Debug level 1: CLIENT -> SERVER: llS8XtOUcoFM7iu8Wv3y/MgcGrF7GuWifn15rFAVTTiU3idWqoO2tnKH+zrEtF8xk1uoNca53Ve/

Debug level 1: CLIENT -> SERVER: ujgyc78Q4zFJ2i61OcpiWNRjK0x1G3kai+2OLkt6C/GltJbejUuHBRplvu21syOt76oRcAg0hB1J

Debug level 1: CLIENT -> SERVER: F44wPefie2jZd3uNVvkP0GA8fJRmF1LJNA3mz8xUPwwHTLIxo2oeJSwwaFZ+6gaEknoIhjjANoSW

Debug level 1: CLIENT -> SERVER: Ib+fajOseqSB/xsBD9VjGk9AuvGmR9TrKQmZzhtem2IsEKhvcaJXA+Zm7M4ESuhEUmlyA7pUgUJ3

Debug level 1: CLIENT -> SERVER: hctwEYWQ1LYg2xgnEpThjqXjmw3ciBzg8AMnewNXwI0s4x1J4Axxwunv8rNjvRiwBKTRMwKdbo/E

Debug level 1: CLIENT -> SERVER: MjyhnrdA159OCSlcxMr6YViCoypek9OBRE24TfV0D6ttLUzB1UUrEkyuvOqBJlsYdGDv2tAOym2y

Debug level 1: CLIENT -> SERVER: UFaDaT/VmJWoo7JsIw0z5E6iQ+JB5pb7J7OYwRulUfkibHEmXhQF3SBdm/Eg5XY+uip4XwjUVsP+

Debug level 1: CLIENT -> SERVER: uXAkvPWQhUNgIQq+U+jlIIJhAWsCMEbbB23gLrJNur4tKd2C8R559MHMKaAjSfjqSYG8Y5qVL75j

Debug level 1: CLIENT -> SERVER: KIbLhhuxV/iZnbL0RZujcsGnjZLvHCeM360PiAyxcTEOuuqe8u2riIlBKgKdumpDn0czQcU70pgM

Debug level 1: CLIENT -> SERVER: UEUfqTk+O20eJb56ozW+CKi3IXyW9Kjs8JUdri7i2E6lpDSZojbAaH5HmMpgB2uyU4kD8JJi5dtB

Debug level 1: CLIENT -> SERVER: nRFBwkqDAzPJkrnqil6kthfnMty4w0fUbZboVMKdZIv+5D/VF4YqOFBmoWyIi3sAF1xqPbsed/fG

Debug level 1: CLIENT -> SERVER: w5NgZXTYspAQGs8qCkGOYamfKX99QWGlHnDBhBX0ebj2/AHIxMAZibSHN652IdVjE3hDPzeRMpwP

Debug level 1: CLIENT -> SERVER: LANxt17nLPG+HmliheUH7c2lTaElbnyyIDEEWlCMa77W0jA52lM76CRV2eolUSVE1F3J/26A9YNu

Debug level 1: CLIENT -> SERVER: KcB4OMeF1UHrb5uJALiDwffn/KF9PmYizNnli5wG28T/SJWOpivTNuo50vMHJlLGWxLYi5sZoYZg

Debug level 1: CLIENT -> SERVER: loNXGGM2Cl2iASEzFdmGoDg8cgNpnDGfAA27swe0ez5gzAlnKxIU8tTYVGQwuDxLWh+QzKDFgpeZ

Debug level 1: CLIENT -> SERVER: xFTsPU4su8yLjXfDc+yRrJvtmVbd4MUgo5N5L5ZUtwH8Aom0uv3P1vbJY3J7zF3d+YZc3fd1vfkb

Debug level 1: CLIENT -> SERVER: UEsHCI7UmDYDBQAAnx8AAFBLAwQUAAgICAB9XkFbAAAAAAAAAAAAAAAAFQAAAE1FVEEtSU5GL21h

Debug level 1: CLIENT -> SERVER: bmlmZXN0LnhtbLWVS27DIBBA9zmFxd7QZlVZcSK1Uk+QHoDgsYPET8wQJbcvjpTEbaOqqcwOLHhv

Debug level 1: CLIENT -> SERVER: GDzDanO0pjpARO1dy575E6vAKd9pN7TsY/tev7DNerGy0ukekJrLoMr7HF6nLUvRNV6ixsZJC9iQ

Debug level 1: CLIENT -> SERVER: anwA13mVLDhqvq5vRtN6Ud3AvTZQ54XxVN1k0GlZ0ylAy2QIRitJOU5xcB0/u/hUwQmOxG67J6da

Debug level 1: CLIENT -> SERVER: Tj73yZg6SNq3TDDxUAz3KW/e9XpI8RwbLgWSpIQ7GcvgpVJgIE99FCrFOJ48J7e4q4igN14SFIIH

Debug level 1: CLIENT -> SERVER: H1LIf0YqhI9+iIDlbnoMvRicvDfF4NrKAVC8arIyYFHHg+zvbQSTG6uHJ83VVPC3GB6Ujw1KjLV6

Debug level 1: CLIENT -> SERVER: F5799L9i/p2LdDKAs2MtkJyt8Wz3ye6c1AYFXYY8uGFu+LyJBaL8Tl5TuxI/nsn1J1BLBwhlgkja

Debug level 1: CLIENT -> SERVER: RAEAAGEHAABQSwECFAAUAAAIAAB9XkFbXsYyDCcAAAAnAAAACAAAAAAAAAAAAAAAAAAAAAAAbWlt

Debug level 1: CLIENT -> SERVER: ZXR5cGVQSwECFAAUAAAIAAB9XkFbAAAAAAAAAAAAAAAAGgAAAAAAAAAAAAAAAABNAAAAQ29uZmln

Debug level 1: CLIENT -> SERVER: dXJhdGlvbnMyL3N0YXR1c2Jhci9QSwECFAAUAAgICAB9XkFbAAAAAAIAAAAAAAAAJwAAAAAAAAAA

Debug level 1: CLIENT -> SERVER: AAAAAACFAAAAQ29uZmlndXJhdGlvbnMyL2FjY2VsZXJhdG9yL2N1cnJlbnQueG1sUEsBAhQAFAAA

Debug level 1: CLIENT -> SERVER: CAAAfV5BWwAAAAAAAAAAAAAAABgAAAAAAAAAAAAAAAAA3AAAAENvbmZpZ3VyYXRpb25zMi9mbG9h

Debug level 1: CLIENT -> SERVER: dGVyL1BLAQIUABQAAAgAAH1eQVsAAAAAAAAAAAAAAAAaAAAAAAAAAAAAAAAAABIBAABDb25maWd1

Debug level 1: CLIENT -> SERVER: cmF0aW9uczIvcG9wdXBtZW51L1BLAQIUABQAAAgAAH1eQVsAAAAAAAAAAAAAAAAcAAAAAAAAAAAA

Debug level 1: CLIENT -> SERVER: AAAAAEoBAABDb25maWd1cmF0aW9uczIvcHJvZ3Jlc3NiYXIvUEsBAhQAFAAACAAAfV5BWwAAAAAA

Debug level 1: CLIENT -> SERVER: AAAAAAAAABgAAAAAAAAAAAAAAAAAhAEAAENvbmZpZ3VyYXRpb25zMi9tZW51YmFyL1BLAQIUABQA

Debug level 1: CLIENT -> SERVER: AAgAAH1eQVsAAAAAAAAAAAAAAAAYAAAAAAAAAAAAAAAAALoBAABDb25maWd1cmF0aW9uczIvdG9v

Debug level 1: CLIENT -> SERVER: bGJhci9QSwECFAAUAAAIAAB9XkFbAAAAAAAAAAAAAAAAHwAAAAAAAAAAAAAAAADwAQAAQ29uZmln

Debug level 1: CLIENT -> SERVER: dXJhdGlvbnMyL2ltYWdlcy9CaXRtYXBzL1BLAQIUABQACAgIAH1eQVvlWUL6KgUAAGEUAAALAAAA

Debug level 1: CLIENT -> SERVER: AAAAAAAAAAAAAC0CAABjb250ZW50LnhtbFBLAQIUABQACAgIAH1eQVsnqI4WkAsAAFpWAAAKAAAA

Debug level 1: CLIENT -> SERVER: AAAAAAAAAAAAAJAHAABzdHlsZXMueG1sUEsBAhQAFAAACAAAfV5BW0aZkOf8AwAA/AMAAAgAAAAA

Debug level 1: CLIENT -> SERVER: AAAAAAAAAAAAWBMAAG1ldGEueG1sUEsBAhQAFAAICAgAfV5BWzW/yONgCwAAng0AABgAAAAAAAAA

Debug level 1: CLIENT -> SERVER: AAAAAAAAehcAAFRodW1ibmFpbHMvdGh1bWJuYWlsLnBuZ1BLAQIUABQACAgIAH1eQVuO1Jg2AwUA

Debug level 1: CLIENT -> SERVER: AJ8fAAAMAAAAAAAAAAAAAAAAACAjAABzZXR0aW5ncy54bWxQSwECFAAUAAgICAB9XkFbZYJI2kQB

Debug level 1: CLIENT -> SERVER: AABhBwAAFQAAAAAAAAAAAAAAAABdKAAATUVUQS1JTkYvbWFuaWZlc3QueG1sUEsFBgAAAAAPAA8A

Debug level 1: CLIENT -> SERVER: 7gMAAOQpAAAAAA==

Debug level 1: CLIENT -> SERVER: 

Debug level 1: CLIENT -> SERVER: --b1=_qDgIWWZrcW5hwK0l53oPSLp2wUzVjFf5cWTIhDnGSs--

Debug level 1: CLIENT -> SERVER: 

Debug level 1: CLIENT -> SERVER: .

Debug level 2: SERVER -> CLIENT: 250 2.0.0 Ok: queued as D1FE93001B04

Debug level 1: CLIENT -> SERVER: QUIT

Debug level 2: SERVER -> CLIENT: 221 2.0.0 Bye

