Debug level 2: SERVER -> CLIENT: 220 smtp-sp217-40.kinghost.net ESMTP

Debug level 1: CLIENT -> SERVER: EHLO localhost

Debug level 2: SERVER -> CLIENT: 250-smtp-sp217-40.kinghost.net
250-PIPELINING
250-SIZE 62914560
250-VRFY
250-ETRN
250-STARTTLS
250-AUTH PLAIN LOGIN
250-AUTH=PLAIN LOGIN
250-ENHANCEDSTATUSCODES
250-8BITMIME
250-DSN
250 CHUNKING

Debug level 1: CLIENT -> SERVER: AUTH LOGIN

Debug level 2: SERVER -> CLIENT: 334 VXNlcm5hbWU6

Debug level 1: CLIENT -> SERVER: [credentials hidden]
Debug level 2: SERVER -> CLIENT: 334 UGFzc3dvcmQ6

Debug level 1: CLIENT -> SERVER: [credentials hidden]
Debug level 2: SERVER -> CLIENT: 235 2.7.0 Authentication successful

Debug level 1: CLIENT -> SERVER: MAIL FROM:<ourodosul@ourodosul.com.br>

Debug level 2: SERVER -> CLIENT: 250 2.1.0 Ok

Debug level 1: CLIENT -> SERVER: RCPT TO:<edelson@madelprint.com.br>

Debug level 2: SERVER -> CLIENT: 250 2.1.5 Ok

Debug level 1: CLIENT -> SERVER: DATA

Debug level 2: SERVER -> CLIENT: 354 End data with <CR><LF>.<CR><LF>

Debug level 1: CLIENT -> SERVER: Date: Wed, 1 Oct 2025 13:32:45 +0200

Debug level 1: CLIENT -> SERVER: To: edelson@madelprint.com.br

Debug level 1: CLIENT -> SERVER: From: ourodosul@ourodosul.com.br

Debug level 1: CLIENT -> SERVER: Subject: =?iso-8859-1?Q?Atualiza=C3=A7=C3=A3o_de_Cadastro?=

Debug level 1: CLIENT -> SERVER: Message-ID: <0qm9ND6hKxc0IQupV5rcLkB1FsYrQBw2aElKjv9LxeI@localhost>

Debug level 1: CLIENT -> SERVER: X-Mailer: PHPMailer 6.10.0 (https://github.com/PHPMailer/PHPMailer)

Debug level 1: CLIENT -> SERVER: MIME-Version: 1.0

Debug level 1: CLIENT -> SERVER: Content-Type: multipart/mixed;

Debug level 1: CLIENT -> SERVER:  boundary="b1=_0qm9ND6hKxc0IQupV5rcLkB1FsYrQBw2aElKjv9LxeI"

Debug level 1: CLIENT -> SERVER: Content-Transfer-Encoding: 8bit

Debug level 1: CLIENT -> SERVER: 

Debug level 1: CLIENT -> SERVER: --b1=_0qm9ND6hKxc0IQupV5rcLkB1FsYrQBw2aElKjv9LxeI

Debug level 1: CLIENT -> SERVER: Content-Type: multipart/alternative;

Debug level 1: CLIENT -> SERVER:  boundary="b2=_0qm9ND6hKxc0IQupV5rcLkB1FsYrQBw2aElKjv9LxeI"

Debug level 1: CLIENT -> SERVER: 

Debug level 1: CLIENT -> SERVER: --b2=_0qm9ND6hKxc0IQupV5rcLkB1FsYrQBw2aElKjv9LxeI

Debug level 1: CLIENT -> SERVER: Content-Type: text/plain; charset=iso-8859-1

Debug level 1: CLIENT -> SERVER: Content-Transfer-Encoding: 8bit

Debug level 1: CLIENT -> SERVER: 

Debug level 1: CLIENT -> SERVER: (Sem conteúdo)

Debug level 1: CLIENT -> SERVER: 

Debug level 1: CLIENT -> SERVER: --b2=_0qm9ND6hKxc0IQupV5rcLkB1FsYrQBw2aElKjv9LxeI

Debug level 1: CLIENT -> SERVER: Content-Type: text/html; charset=iso-8859-1

Debug level 1: CLIENT -> SERVER: Content-Transfer-Encoding: 8bit

Debug level 1: CLIENT -> SERVER: 

Debug level 1: CLIENT -> SERVER: <p>(Sem conteúdo)</p>

Debug level 1: CLIENT -> SERVER: 

Debug level 1: CLIENT -> SERVER: 

Debug level 1: CLIENT -> SERVER: --b2=_0qm9ND6hKxc0IQupV5rcLkB1FsYrQBw2aElKjv9LxeI--

Debug level 1: CLIENT -> SERVER: 

Debug level 1: CLIENT -> SERVER: --b1=_0qm9ND6hKxc0IQupV5rcLkB1FsYrQBw2aElKjv9LxeI

Debug level 1: CLIENT -> SERVER: Content-Type: application/octet-stream; name="13449  .0 EDELSON HOLDEFER.odt"

Debug level 1: CLIENT -> SERVER: Content-Transfer-Encoding: base64

Debug level 1: CLIENT -> SERVER: Content-Disposition: attachment; filename="13449  .0 EDELSON HOLDEFER.odt"

Debug level 1: CLIENT -> SERVER: 

Debug level 1: CLIENT -> SERVER: UEsDBBQAAAgAABFcQVtexjIMJwAAACcAAAAIAAAAbWltZXR5cGVhcHBsaWNhdGlvbi92bmQub2Fz

Debug level 1: CLIENT -> SERVER: aXMub3BlbmRvY3VtZW50LnRleHRQSwMEFAAACAAAEVxBWwAAAAAAAAAAAAAAABoAAABDb25maWd1

Debug level 1: CLIENT -> SERVER: cmF0aW9uczIvc3RhdHVzYmFyL1BLAwQUAAgICAARXEFbAAAAAAAAAAAAAAAAJwAAAENvbmZpZ3Vy

Debug level 1: CLIENT -> SERVER: YXRpb25zMi9hY2NlbGVyYXRvci9jdXJyZW50LnhtbAMAUEsHCAAAAAACAAAAAAAAAFBLAwQUAAAI

Debug level 1: CLIENT -> SERVER: AAARXEFbAAAAAAAAAAAAAAAAGAAAAENvbmZpZ3VyYXRpb25zMi9mbG9hdGVyL1BLAwQUAAAIAAAR

Debug level 1: CLIENT -> SERVER: XEFbAAAAAAAAAAAAAAAAGgAAAENvbmZpZ3VyYXRpb25zMi9wb3B1cG1lbnUvUEsDBBQAAAgAABFc

Debug level 1: CLIENT -> SERVER: QVsAAAAAAAAAAAAAAAAcAAAAQ29uZmlndXJhdGlvbnMyL3Byb2dyZXNzYmFyL1BLAwQUAAAIAAAS

Debug level 1: CLIENT -> SERVER: XEFbAAAAAAAAAAAAAAAAGAAAAENvbmZpZ3VyYXRpb25zMi9tZW51YmFyL1BLAwQUAAAIAAASXEFb

Debug level 1: CLIENT -> SERVER: AAAAAAAAAAAAAAAAGAAAAENvbmZpZ3VyYXRpb25zMi90b29sYmFyL1BLAwQUAAAIAAASXEFbAAAA

Debug level 1: CLIENT -> SERVER: AAAAAAAAAAAAHwAAAENvbmZpZ3VyYXRpb25zMi9pbWFnZXMvQml0bWFwcy9QSwMEFAAICAgAElxB

Debug level 1: CLIENT -> SERVER: WwAAAAAAAAAAAAAAAAsAAABjb250ZW50LnhtbL1YXW7jNhB+7ylYL1C0D7LiJAU2auyg3SRtAecH

Debug level 1: CLIENT -> SERVER: tRftK0NRFlFK5JKU7exT79AT9GnRA/QEuUlP0iElMVJseeX1onlwLM43Mx9nhsORzy/WGUdLqjQT

Debug level 1: CLIENT -> SERVER: +XgwGh4NEM2JiFm+GA/ezq+D14OLyRfnIkkYoVEsSJHR3ARE5Ab+I9DOdVRKx4NC5ZHAmukoxxnV

Debug level 1: CLIENT -> SERVER: kSGRkDSvtaImOnK+yhVtHnlvdQduahu6Nn2VLbalix/6e3bgpnas8KqvssVCUJvqieirvNY8SARE

Debug level 1: CLIENT -> SERVER: PZPYsBcs1pzlv48HqTEyCsPVajVcnQyFWoSjs7Oz0Ek9YeJxslDcoWISUk6tMx2OhqOwxmbU4L78

Debug level 1: CLIENT -> SERVER: LLZJKS+yB6p6hwYbvJFVvVz0rojloiM0JMWqd204cDu9J3H/9J7ETd0Mm7QjJ6/DGxC6j5vpcy2o

Debug level 1: CLIENT -> SERVER: rK8vi22Fiigme2+zRDf1hRCeqlUoD6ije3x0dBqWzw30aid8pZihqgEnO+EEc+IjLrJtQQPcKARE

Debug level 1: CLIENT -> SERVER: QJe2TH3h20DoDoXjsBR7sI47Tf92M52RlGb4Gcw+Dg5Yrg3OnyOjbBI6d/ptqKgUyvjAJP0bJmTr

Debug level 1: CLIENT -> SERVER: 2HuJE+zdAFIPnYXAKjpfTQuhPZmhVXnlK41RXpe1J1n5p2tJFbOKmNvMBZmGXUI2hYwa2mXxVJqN

Debug level 1: CLIENT -> SERVER: y+N4MKlvirLKdOgXErgxggQTGsSUcD05L0+8X0bls+UxHsxxKmw24GTXiIzxRy8Id6u/wZw9KDba

Debug level 1: CLIENT -> SERVER: YqASDVBL38qCBc1h81CsesW07unjE10o2EXeQkhmCHSMJVbMXjM93aMpW6RmC4mvsBT6uxaqXPof

Debug level 1: CLIENT -> SERVER: aW2L/6fxKjNyAK/rLVR2e3zUhmaHuJwWhMUYzXCu0ducwUxFO+OxBdsnKgdzvJmhH4VJGelk5hGf

Debug level 1: CLIENT -> SERVER: jU/Y1RCqdVwYqELDSODs+E7hPlvs70feV8VZYoUXCsu0FsCCHVfdQ1BqzaBnx1jFNSSD2YOqQOLF

Debug level 1: CLIENT -> SERVER: BqJ27c0GEjohVYZR7R1YtWrcsdTdFhuMu+nPN+jb6dQ7tQ9Nf4mIiOAC3Lw6cn+1tgOKwsCgB1YT

Debug level 1: CLIENT -> SERVER: zDVtiex6YFIlikUaVKN2LnLaStTLxgne3Lpm72F9NJKmsVbbUBnmbtn50SmO7WjQtO0ERR5T5Vi0

Debug level 1: CLIENT -> SERVER: vNfmVtR2gWd7L1gFcLvhvNXUnwGWXg0oSTaFLuuVdIv10vEOgHNvJ0tO17sIeEgHBS/vJtEBcfGj

Debug level 1: CLIENT -> SERVER: mUxxmYiN2IrlttBuA1TF45y675uVGnYewUrwIOJH/2DNT87dG5Wm7wp4bfRHeXMRuaWYacnxY12t

Debug level 1: CLIENT -> SERVER: AYeBjo8HUMpOXBbhz5wX2ijwL3LL8SBj87rtHGbFHsxDjVyWb4Au7N1Rk6VKs2NBn5v8IDIUM/wl

Debug level 1: CLIENT -> SERVER: +v5dwdDT3wiui7tCCRQLNCv4EN3DnZEJjeDN3E5kWCEYNhG26IvKn+x20Wh5TgavuuHOr1rifNMM

Debug level 1: CLIENT -> SERVER: tLTJ6OT09AxVqHAyPEJXl1fT2d0t+uluenl1ffVLvX0wMdmH2hWM23aL0NEVrAlEM7tdg41AtkUj

Debug level 1: CLIENT -> SERVER: bAo4o+9h75oWiOAYWrsSZWwsMmFwtpxQQ/xiMHWB9iFwKzIa7aXx5v4a/fvHn3vpXMLrMALCt1gT

Debug level 1: CLIENT -> SERVER: N4uLaK8oZZhx9LW0e9ZUWUsJ46n4JkLNLO5hcU45hbZB2wY+9nUO2fk1xUZjKS/20vxEmlf2mqFP

Debug level 1: CLIENT -> SERVER: H8R+KaoPTmHPDNWa+pqCyJlq62V9SazdwYIxWTx9ePoHbmVbRLqAOzqjitiS2uuwzRplCr7N01+Q

Debug level 1: CLIENT -> SERVER: sgxB+qsayH0NIHiAVzrlaBHKC47VcA9f4efDhK0LIGzdDWHHL4WT/wBQSwcI+Q5bcSwFAABqFAAA

Debug level 1: CLIENT -> SERVER: UEsDBBQACAgIABJcQVsAAAAAAAAAAAAAAAAKAAAAc3R5bGVzLnhtbN1czZLbuBG+5ylUciU3SiT1

Debug level 1: CLIENT -> SERVER: r3i8lTjrJFV2Jdmxz1sQCUmMKYIFgqPRvk4OOeUp/GJpAAQJkiBF/Vme2alyrdANoPH1D5oNkG9/

Debug level 1: CLIENT -> SERVER: et6FvSdMk4BED31nYPd7OPKIH0Sbh/6Xzx+sef+nd797S9brwMNLn3jpDkfMStghxEkPOkfJUhIf

Debug level 1: CLIENT -> SERVER: +imNlgQlQbKM0A4nS+YtSYwj1Wmpcy/FVLJFDNa1u2DWezP8zLp25rylvmjVfWbBrPf2Kdp37cx5

Debug level 1: CLIENT -> SERVER: AVO9+5p07fychNaaWB7ZxYgFFSmewyD6+tDfMhYvh8P9fj/YjwaEbobOYrEYCmousJfzxSkNBZfv

Debug level 1: CLIENT -> SERVER: DXGI+WTJ0Bk4Q8W7wwx1lY/z6iJF6W6FaWdoEEM1rSZPm84W8bRpgMbbItrZNgRzWb0jv7t6R77e

Debug level 1: CLIENT -> SERVER: d4fYtkEn8+EnIIp/Pn0sbIHuus7FeUtQeTSIOy9Tcuv9CSG5qLyDdFAhrmvb46H8rXHvW9n3NGCY

Debug level 1: CLIENT -> SERVER: auxeK7uHQi9HnOxMoAGfMwQOCz9xM1XclC+6ceTJkOKYUJYLsu4eoAAdN5/FX6N8GuBMBmIEi3cU

Debug level 1: CLIENT -> SERVER: c+kjDLknDHmXN/1eFui04Or236lIuiYQRdfIw5aPvTB591Z6QN7ck7+5nA/9z2hLdqjfA0tXHLsg

Debug level 1: CLIENT -> SERVER: POSEYXv39ygMVjRwDANkpH6v1J/TrA2OMA1Aeck+SJKOc5w5BYVVRCWOOGAeeNATogEPux2n730M

Debug level 1: CLIENT -> SERVER: NltmEOIPKCbJH0tcsuk7imXC/zy5pEYukOuDQZT2GQ8Jw7tLpvyYeoGPeo8oSnpfogBSDNyIh4G3

Debug level 1: CLIENT -> SERVER: CyoXy/jpsfdXwraB1yhZznE1eYZNASFrl5mWktvHa5SGWf6lRs4k3FAUc9kVb/bbiimEKMoCyNd4

Debug level 1: CLIENT -> SERVER: FrJMtsgnewvGTzCznh/69mDkgZwG4qFCZLBFWpBRYCuJkQf5jLUlNPgNREchZ3XnrcxPXAyvzgoB

Debug level 1: CLIENT -> SERVER: tOuoNVbDmBksIaxjH7CtJTPENQoTzQJiRJFASMdnTZZi8C3mnggh257/Xo3HR7FQygifGYwl8DGR

Debug level 1: CLIENT -> SERVER: A6Aw3iLFJvqvKEaQkyUMDIEpCt8YucQ7MOeHfkgttioZRxD5mO8lPL/Wl6hEV5JDHgr6J3HCrad5

Debug level 1: CLIENT -> SERVER: MTk7l1tbo2xNEwzgRFzXYnKPhAQyNkZTcEuAQTQmwW8gqePETLSFKNqkaANNWYNH0ohRMJI//5Iv

Debug level 1: CLIENT -> SERVER: HzPY/a2vmEZCdDmgtko+pgU7KIrUyFnHbHBFw3ngzWZRhC+P9fF4+hfi54YRcyqi1TFz0uOf+gWc

Debug level 1: CLIENT -> SERVER: JS/r4no5/v1j5rVDdBNEFqgPDJYba9G2IozxBIjbsZuRDNYIrdtDvMUR5LskskLk+wC4WNBDPyJg

Debug level 1: CLIENT -> SERVER: OruAnWi0cRp5LJUD7oEMCQ+ABwo8btXKGi0/AI+P+CSQ6EycwhHLdh+DRgovPMM4Nd1XUo9bmi2f

Debug level 1: CLIENT -> SERVER: SlmgeSu7nYmLuXNL/XAj89cNC6uYU7U2incITJU/KymTc2tMcZpsKywX+JZ47NaDX4h1i5FP5StC

Debug level 1: CLIENT -> SERVER: uRdwE4OdAOwlRHHC7ffSiS1K9pXJoaXi1F8xjsGlN5ht+WMv97djE+sTSjN+BO/xEfX7jbFFKS9E

Debug level 1: CLIENT -> SERVER: SQLigescDTeEgpdHidLSPgCfkr+a96QLnLNY9JHFfg5YiI+uFBryYpNlRiniMuoMn6HhV9f+dUX8

Debug level 1: CLIENT -> SERVER: wzmIlQL0YOyOmoK0M3bMQdqWQVoYhcg/IpF/oHCPDskxdOtxLX94KIc3d67CmwxdebJg2QPbmRfh

Debug level 1: CLIENT -> SERVER: 96TQpmfA5oAm5z0rOomu3U3EoEjYY+IQHTRV93TyJYZ0to00buIO38Q7L/cjbJ/nrKPF3kM+ZEdz

Debug level 1: CLIENT -> SERVER: K7RU1BS6Cf4exTzqX1EHIClFJzqqRLtFET1R+5WVSZFeJ/keJyjCiVXh0m5200qS4WZeKNt4D0iy

Debug level 1: CLIENT -> SERVER: 4LmlxYNkH50oIMmohs5G/bQkAebxc3o2Q2cF/x0eSZ6vqN5AjNeq3ivp6mo2/jeM+IkI9zPHHIsy

Debug level 1: CLIENT -> SERVER: jp7z3TY1lVaQlAk8QvzEcx/n8k1vOpoc3/RO3d5E3i0yhTfuejJeTJszeVXFq2x4dtWs9V2pSjxh

Debug level 1: CLIENT -> SERVER: V7JP2ZU0S3DbLcG9tyW4l1tC8SD6I1mCM22xhBrxhKen6ZmWMGq3hNG9LWH0ciyhoulxm6arxBM0

Debug level 1: CLIENT -> SERVER: PT5T0+N2TY/vrenx5Zou1FnTtD27haabk6aT8qIPhr5n5zyayiftKp/cW+WTl6PyFt2do5lpu2am

Debug level 1: CLIENT -> SERVER: 99bM9HLNFPBXNXO5ViYL/vdyHHHWru7ZvdU9exnqvrITztu1Mr+3VuYXa+VmGnFn/O/lOOCiXdWL

Debug level 1: CLIENT -> SERVER: e6t68eOr+hrO95iu2D3K594Wxfxm1zFE5ZljGGzAVj0QAOfHTv9OExasDxY/mYEZ94T6tXP5UzYs

Debug level 1: CLIENT -> SERVER: 7RnBUAiHcOpOM9WdUp6rPXNc4nz1x44r+ua/UsIuM4OrPQQWpJupf2zzv2uEywth56V67iP/rCJd

Debug level 1: CLIENT -> SERVER: joucrVfjuaWaQrxm4vh9VlYTlUdTtq6hQFw0yRrl6Pzc0ioRc+V0rRQzHCWYY1MyzTIuGVfvu1mv

Debug level 1: CLIENT -> SERVER: gmXijo24GCjHK6EF6SyDP0cPvE+MfL7ZZmtSGlWtFUWr5mw1o8moQiiWU9Cyo3Q5QUQirLdmE1Sb

Debug level 1: CLIENT -> SERVER: VfrKzx17CQkDv6c/52dc2lOlgfH71g4uDAF/kRlIKQrwHx9gbLPVZz2KgNDTefM7BzxlGTbP+/nb

Debug level 1: CLIENT -> SERVER: /1gaEnEQwf95vy0udVQORyVnz+npPKV5XnmpXsPK7YaVewesfoxitobVqBtWo6tg9SOWezUsxt2w

Debug level 1: CLIENT -> SERVER: GF8Xi7OD2g0fAzVQJt1AmdzCmc56YNJkn3aTfXqR7C+isKaBMusGyuwqoFxZofNuss8vM8aXUKjR

Debug level 1: CLIENT -> SERVER: QFl0A2VxFVCurNDjYp8s9InJy9Uu1t3l2hyvDnVBs+C7bqzrWJO59yb/Htzr23+//ecISjnbRSD9

Debug level 1: CLIENT -> SERVER: MJUL7QH951285S8ytj+jV7nul9tcuPKSvuXqUFfVZ+w/SJJ3PRP4Ba8xxZF3pE5TY+u6diGueNeN

Debug level 1: CLIENT -> SERVER: 1zCSHQpDy0Nx0m8AxhAs7IVewN1nd6xXJPRLmEiCAq2JnGMmGDoj9o+PP1dX3uFVO3FREUXellCL

Debug level 1: CLIENT -> SERVER: HWJcLm09bZbPquYD/38o1X/kGziyxiJb1EtuVkz4uQaJawTKD0BqxbPiPTrZs1ye0qiV7jVsxGrU

Debug level 1: CLIENT -> SERVER: cYsBIknpVxjFuUzGLi9uVu4oRunO4q+zI1BqDia/tpx1reKpk0gSiLdNUOQLk8HqJQa0ArKox/FX

Debug level 1: CLIENT -> SERVER: sk3DVliysUXjmoQh2WPfWh3kBWqGVn1t8vx1JzU/N9PZ1DWVVi2dUqpFKkKBs3HRQG3CsyPS7qtC

Debug level 1: CLIENT -> SERVER: 2oEEbGpEWqdUqr6ScHOkR68M6fwMoQp09XChdOhwc5jHrwzm4uShinPtTKJ8jHFzpCevDOnZbN6A

Debug level 1: CLIENT -> SERVER: dEGpIC0JN0d6+qqQdgf2yLwd6pQS0opwc6Rnrwxpd27eDnVKBWlJuDnS81eG9MQcpjVCBefJdwnS

Debug level 1: CLIENT -> SERVER: i1cG82zRhHNBqQAtCTdH2rFfFdSjgT0274c6pQS1IlwCdZmk4x8RhhN4RI/WwSal4kMCvZxgZVfQ

Debug level 1: CLIENT -> SERVER: 1oSwSLs1oqvCyVYsvzvzhMIU85cDZaPqmGgQiC9R6H3kG4X8XgQfT33Ti6+3u4Q48psEDMwCquE5

Debug level 1: CLIENT -> SERVER: IoUEpmka34eUX+sR76svFkUdwYRONkiBAtdtRgsij4ovAfLkT/s0kRit+CIRv54CYwaepQhyOo4n

Debug level 1: CLIENT -> SERVER: WOkBtFsqDnyKd07fwFSpFgnKPvD5h/Nce7BYqNKPIKjX693FYNqyxmwSgJBZhAawFpQpm1BGUcBq

Debug level 1: CLIENT -> SERVER: l3xchVn9ko+BlHmC8RqR9u2hlk/9ZGvf0MBXn05449n8z8SRKdsdz2zHRF+hpMAm/1xBnY+mq0PB

Debug level 1: CLIENT -> SERVER: Z+aRwuplp9oIEGz41/8y26szCeBb6FmBscKhnNPaoeeSkMXXujKGBMcKYWkolSMZ9Q0aEBSMQvCL

Debug level 1: CLIENT -> SERVER: 91tsx8CD1qLaaGBBPr+5JT1B+odspxDIlIVO8g9DKS3a4j8tPJptXS1qixG/FCV+DPWVao31gQqv

Debug level 1: CLIENT -> SERVER: rLthRtihJB8jny1r5COVj4sqF4J1mTX31aJBZfih+dOw7/4PUEsHCCeojhaQCwAAWlYAAFBLAwQU

Debug level 1: CLIENT -> SERVER: AAAIAAASXEFb8TKby/wDAAD8AwAACAAAAG1ldGEueG1sPD94bWwgdmVyc2lvbj0iMS4wIiBlbmNv

Debug level 1: CLIENT -> SERVER: ZGluZz0iVVRGLTgiPz4KPG9mZmljZTpkb2N1bWVudC1tZXRhIHhtbG5zOm9mZmljZT0idXJuOm9h

Debug level 1: CLIENT -> SERVER: c2lzOm5hbWVzOnRjOm9wZW5kb2N1bWVudDp4bWxuczpvZmZpY2U6MS4wIiB4bWxuczp4bGluaz0i

Debug level 1: CLIENT -> SERVER: aHR0cDovL3d3dy53My5vcmcvMTk5OS94bGluayIgeG1sbnM6ZGM9Imh0dHA6Ly9wdXJsLm9yZy9k

Debug level 1: CLIENT -> SERVER: Yy9lbGVtZW50cy8xLjEvIiB4bWxuczptZXRhPSJ1cm46b2FzaXM6bmFtZXM6dGM6b3BlbmRvY3Vt

Debug level 1: CLIENT -> SERVER: ZW50OnhtbG5zOm1ldGE6MS4wIiB4bWxuczpvb289Imh0dHA6Ly9vcGVub2ZmaWNlLm9yZy8yMDA0

Debug level 1: CLIENT -> SERVER: L29mZmljZSIgb2ZmaWNlOnZlcnNpb249IjEuMiI+PG9mZmljZTptZXRhPjxtZXRhOmluaXRpYWwt

Debug level 1: CLIENT -> SERVER: Y3JlYXRvcj5lbGlzZXU8L21ldGE6aW5pdGlhbC1jcmVhdG9yPjxtZXRhOmVkaXRpbmctY3ljbGVz

Debug level 1: CLIENT -> SERVER: PjI8L21ldGE6ZWRpdGluZy1jeWNsZXM+PG1ldGE6Y3JlYXRpb24tZGF0ZT4yMDI1LTA5LTI5VDEy

Debug level 1: CLIENT -> SERVER: OjI1OjAwPC9tZXRhOmNyZWF0aW9uLWRhdGU+PGRjOmRhdGU+MjAyNS0xMC0wMVQwODozMjozNS45

Debug level 1: CLIENT -> SERVER: MzwvZGM6ZGF0ZT48bWV0YTplZGl0aW5nLWR1cmF0aW9uPlBUMDBIMDBNMDBTPC9tZXRhOmVkaXRp

Debug level 1: CLIENT -> SERVER: bmctZHVyYXRpb24+PG1ldGE6Z2VuZXJhdG9yPkJyT2ZmaWNlLm9yZy8zLjEkV2luMzIgT3Blbk9m

Debug level 1: CLIENT -> SERVER: ZmljZS5vcmdfcHJvamVjdC8zMTBtMTEkQnVpbGQtOTM5OTwvbWV0YTpnZW5lcmF0b3I+PG1ldGE6

Debug level 1: CLIENT -> SERVER: ZG9jdW1lbnQtc3RhdGlzdGljIG1ldGE6dGFibGUtY291bnQ9IjAiIG1ldGE6aW1hZ2UtY291bnQ9

Debug level 1: CLIENT -> SERVER: IjAiIG1ldGE6b2JqZWN0LWNvdW50PSIwIiBtZXRhOnBhZ2UtY291bnQ9IjEiIG1ldGE6cGFyYWdy

Debug level 1: CLIENT -> SERVER: YXBoLWNvdW50PSIxMSIgbWV0YTp3b3JkLWNvdW50PSI2OCIgbWV0YTpjaGFyYWN0ZXItY291bnQ9

Debug level 1: CLIENT -> SERVER: IjQxNyIvPjxtZXRhOnRlbXBsYXRlIHhsaW5rOnR5cGU9InNpbXBsZSIgeGxpbms6YWN0dWF0ZT0i

Debug level 1: CLIENT -> SERVER: b25SZXF1ZXN0IiB4bGluazp0aXRsZT0iTm9ybWFsIiB4bGluazpocmVmPSIiLz48L29mZmljZTpt

Debug level 1: CLIENT -> SERVER: ZXRhPjwvb2ZmaWNlOmRvY3VtZW50LW1ldGE+UEsDBBQACAgIABJcQVsAAAAAAAAAAAAAAAAYAAAA

Debug level 1: CLIENT -> SERVER: VGh1bWJuYWlscy90aHVtYm5haWwucG5n7Zd7NBMMH8dFIoVQzSWU8tIFJdfc8rgncm3WbCjkNmLW

Debug level 1: CLIENT -> SERVER: DJuiXHIr7NExrDwuCSO3MYxyy20ql7HFElnMJTxjM9rreZ5z3st/7znvv89fn9/5/fE7v+v3nF+K

Debug level 1: CLIENT -> SERVER: k6ONuJi8mICAgLidraXLHhsEBPYJiB7Ys9in9el7/sd2luZuUfnLBSZZdFtp62wp+NGjaSltooKO

Debug level 1: CLIENT -> SERVER: DO8hXZ+1A7N9QXVDiN6izo6D82IwgaZDjedYIsKR9hWQwJP3N2NoR+xGzTgpFhgciE0nEQS9UxgY

Debug level 1: CLIENT -> SERVER: 9n4BjF6y/ODDV29P/P8Iz3qVi4glp/6eYADyLbwbTknRSddRyfWTA8Z181MerRNYmgOcVopmvRx6

Debug level 1: CLIENT -> SERVER: ioKcVd6tKA2MnWzavhY9RB3HWMRpJ1Kl6VoD8tBB8h2iwnnqlt9vyiAeKAK+fF+fMTGrl+nUN2zm

Debug level 1: CLIENT -> SERVER: Kb6b2BgRNap7H/NFtfK91wbsbsH78R7gGuK1OZz30ex+eQZ/Ng+GSd0EMGe9vCgovulxJsZl2Dwn

Debug level 1: CLIENT -> SERVER: +3No9frvkekqoUU/4nvcRW91cokhIObCmJly9kSCaKi2A1Au0Ukv8HQZLPeDB2NxUJo27BW7q7Zg

Debug level 1: CLIENT -> SERVER: lZqgNOJRTgaAPkzJ5mjHSAUPWdKjIVxoT8t1fa8ItgqZd4lnYKF4wbjevAw+ulzJ+kgOJQ+NoS5N

Debug level 1: CLIENT -> SERVER: 460SofNM3Oe5Rf4ciUwZHbAnvpcdV3mNbBORpmqlVl92qGoyrTSh3OCfMkh60f7WrihUc+piMbMg

Debug level 1: CLIENT -> SERVER: 7jTSDxriEDve1esCj3rmgQDllqwp+2vlEgb8ym8GZZuyidSZwC2VZowrQXGR195w7fISibWeTzJP

Debug level 1: CLIENT -> SERVER: /GwjB39vfzZ4om0T1i/viiutLDEcBd2kbm174aML6ROo5c5vNcYcMeU5IwT8Dc//J7EBBOUxOkWk

Debug level 1: CLIENT -> SERVER: dDu2Ev4a5VqgZZuxWXUd/+N8rbBBpvRgWiMyq7XhSxHkd5uFqC3EAf5siHNwWDSsBC2NMMqvVlYU

Debug level 1: CLIENT -> SERVER: S7n54lYy2TtoTK5PAlLzy+iQqN8nNdwHYrCFWfbmZDuHXB8Xx71SvDZjw9UpCqXpgTDZ8tS6z3Ns

Debug level 1: CLIENT -> SERVER: NjIQrHWPSBRyRxGiuW7IMzTyBqwnQL4XmuCxGhRku8nzd6/JkC3IbFwZOQZw4uH9wtAd/KEyqQb+

Debug level 1: CLIENT -> SERVER: q1ZflibpIG6qjG9jXT7hGb8MXDLlL0DdU4EtbqWS6ccj3VH1QqntRBPWEy+P5jh3/g9XjnFR4g2h

Debug level 1: CLIENT -> SERVER: ogPwk0EXe1P2Oczkth/6R0LigxyPzKMTv+upq4tImvAYXm2HIaK3b40bHrAtPllscXGkVtJg+9ZT

Debug level 1: CLIENT -> SERVER: ZyWzAzrfmKsix4cIErdoi8FOY9qELcPnSmtAv4P3toOuusgkVOZVXf+0c4c+2j5q7jGg2XSu2rV3

Debug level 1: CLIENT -> SERVER: mXS0+NuqvZxR5anKtRXmJKs4UgIhMI4cCmshso0ZrTaSsh6IdTUEyZDCSENl0Y9iOC1RdTodAYck

Debug level 1: CLIENT -> SERVER: aPFJNF/5R/qU9n3kqdxybMUB1bG3dnW3/MAdzivA6f1y3Wuq5EAuKlTLzi2QHOp4e+xBuUdc4Vgp

Debug level 1: CLIENT -> SERVER: uFMeWmZgBrzQagvo0mMAl11gnTF7EqG2/zwbnd/ec1e8OS5llrJgE3iQkOf6Ibc69pD94XixfT6B

Debug level 1: CLIENT -> SERVER: jZNBnvKMG2BohUy2UM122FBYMloV/I9p+q4xcevVM9lLXI94iXzZD25c95mCIImHDu4Pnv1EH/bI

Debug level 1: CLIENT -> SERVER: GnJXX854e101OlAd9qTKWUTuMbG+z4rLrdWkLAul5gVZ+2HMbekGYDxiqnVwRjunWQKhWzDsVHUn

Debug level 1: CLIENT -> SERVER: Zho2QKsyOnDnm+HhsSY6O49AQkytzNA3BhC4iLbCu3WsL5dMbMmuANETtYJ/zU5kD/nBC+yzkpfA

Debug level 1: CLIENT -> SERVER: N4IuW9mXf/Qlz89g7Dp7Z1tvLN70JcXsI05GP0FhXH+wCZBwRQFMzsaFNoLh3KEeAMTGQHLHk+Mo

Debug level 1: CLIENT -> SERVER: Pn911FvC8k9kjFiaZMy+fnZ7SysiBp3Fsk+7aBQcyzHOn3dlWdSY0BjfyhG4F7l+kE+mSOagcCX8

Debug level 1: CLIENT -> SERVER: dUnZMGnGadQz+XQ8/iCj/L+0EPN1OeZgtWrf5TOUxKomCSm0Pfb5dmxuDX4DmA3XDXfLzr/nanq2

Debug level 1: CLIENT -> SERVER: zHqhJISKfldhayj+4gx9XAoNLdRcXWcM7mWALWvMBFFWzzDnZQTlvxabapSBo7ev8QlZXvD4YGxI

Debug level 1: CLIENT -> SERVER: S+r3Q+DHJUAt98aVmL7mVbWX7+7Gr/6rmj9gMPYJvtv4DNr43Tcl1Opq9XjMZFvLXU8ar2pJBEgF

Debug level 1: CLIENT -> SERVER: +Y6azFmSd1zntqlO23m9H5FVSio38eGU3eLQX5skIZPUoZIh5ifovSQL7a2YHjsa1SErXW1BYIjk

Debug level 1: CLIENT -> SERVER: CA8nQBBpcbZHI6f5Q6e+D79biFnAqrd1YqJ8RJz5zhiDM3XTl1eatsDNjdUjkbk1VAiRztdQqjmI

Debug level 1: CLIENT -> SERVER: T0jiOip2cfQ3KaYofHLSnuQMCzonGB7RfT6rY6+1FF/tY/ct6knLZ6aeksYbozwV62l0Wht7ETHW

Debug level 1: CLIENT -> SERVER: G7GfqV0ocURQzML4poHql6gua3TxY9NhVlzHaTVT6bJm5XQc9V7X0tLXU9LyUYBfWOsfj0tnIN4/

Debug level 1: CLIENT -> SERVER: Qyr7hbXNktbfnEhvWiCwcBaRPkZhm0XW6ppZYQ8IsaS+5eFIt+SYwT+iMNG7AaSBp23EHwtuik9B

Debug level 1: CLIENT -> SERVER: CjKq6yu/1YCBuls+E+MI4x6LThl4M79+FT9Ha5Fcl+SuzRixtdQm0jnpZjL/bjtH1Tn6krqWGu3+

Debug level 1: CLIENT -> SERVER: gu/k8txYCAJ9GCyplO4lU4IMa+tgdYG0Zr1THx9ej4iumFdQCeDgubrO0d37KqTvunoU8EOgigrW

Debug level 1: CLIENT -> SERVER: 7yR/3GOUrwXN2KAMnIV21P9YqSJe+JaZWFJTXda2QgPPmamh557xtcjL5nbobYmfkxEyJRH2xSe0

Debug level 1: CLIENT -> SERVER: zyVts3/1nY3GQ3ZgeWRibzAi487z/ko6fmo3n/eS+uUMUBgqvFWappsRTKkYZTRpGum/udD1qGlq

Debug level 1: CLIENT -> SERVER: PNChnEU699Re8YVGx8IU72Vw4J0fbtheOWIIfQXU5g4GrOApFtdCy+ZR8+wLDULHGBrI70gCAf3I

Debug level 1: CLIENT -> SERVER: u0KGqBi8Kw7dQTcncRQXqgkRZq9bu/VUvyQG6Ilvy41DfmR2fe66JGzaHPkhYBByWN841OR48kOX

Debug level 1: CLIENT -> SERVER: vUSjdX/emDq2Rs0wzIAK0IjvWfjqT4lxyaEEweodD68zigGL/LWc1n67UNfzwBRwSXctzou1Sl5x

Debug level 1: CLIENT -> SERVER: 8lS0a/6VWJ6bS6k+3UA1nd99W76GeeTpUEZx/sLOxNVrVrWkDKTsczkLcF2FyGwYIqBtlNnNpPcj

Debug level 1: CLIENT -> SERVER: 7dkjc/b+4q00IydNmBAwTBhwRVykiZRrHhMTaS6C6bMT7FTYmn1KVAdPeU4vpRafh3Wq+WOzZfez

Debug level 1: CLIENT -> SERVER: sVW979gvR/up033h1wGk9gjzBita6AVQpz92rRemhrKpL82B7BqPSDI4fYVq+EVNdx4JRmxRJi2U

Debug level 1: CLIENT -> SERVER: EIKbciDUdf+HKCPiFY9z6VLURfo2qjUHpeMy9V0fTGwDPNKNnPpJS+hELip/BTdnMrIBXHRzttm8

Debug level 1: CLIENT -> SERVER: KJq8c/0/Tnr4kwLTF4nofj2SRcOMaHTtrLIJ0ZoulYSQt1bntbAtzR4x3V/7jbSxejORD2mlT2DE

Debug level 1: CLIENT -> SERVER: bJFNv27/JVLCMcBiMSenXzp1M59ekFGDCx4DZl9oDJiEgV8dM1q9mLl7PxiV1uQONkw5NZn/6Lgl

Debug level 1: CLIENT -> SERVER: BW72Gb1LBTwrq7DnojppOh+1xSwVArNujuzIN+Tcyg153R+PS8UCBogjolniUe19DphMLuZK5BXI

Debug level 1: CLIENT -> SERVER: 1SDcuWEWbNI/vDvfrqG+9KmBgprhsWoN8G2fVrXmREPmiNR9+NT2k+N+q8LyGi3e2L6G2pHIioZo

Debug level 1: CLIENT -> SERVER: JZyVoQOOrTesz9+2qzUHfD8SOdN1ontmfd2lkKkWw9PwQGL9xrrOuZicqDQudzz93QWghfVByP7W

Debug level 1: CLIENT -> SERVER: WN5/kVerXybzqgQrMrwcZF+pVN34c7G5lDxC2riDrOmfHh5L22DQg6ZmioUfipFd/9QcIee/8Tf+

Debug level 1: CLIENT -> SERVER: d8yayQhztp6mZ57c+8sE7KwcLQm/eMf/E1BLBwj7d8VqXAsAAL4NAABQSwMEFAAICAgAElxBWwAA

Debug level 1: CLIENT -> SERVER: AAAAAAAAAAAAAAwAAABzZXR0aW5ncy54bWy1WVtT4koQfj+/wso7Ing5K6VsBVz2sKJQgGudfRuS

Debug level 1: CLIENT -> SERVER: BnKcTKdmJgL/fnsmYLkQPEgyT2gufe+vv57cfF3G/OQVpIpQ3Hq10zPvBESAYSRmt97TuFP54n1t

Debug level 1: CLIENT -> SERVER: /nWD02kUQCPEII1B6IoCrekRdUKvC9XIbt96qRQNZCpSDcFiUA0dNDABsXmt8f7phlWWXVnySLzc

Debug level 1: CLIENT -> SERVER: enOtk0a1ulgsThfnpyhn1dr19XXV3t08GqCYRrNDVWVPv1eFiG+KzAuZMVZZ/ezsopr9752sjXwX

Debug level 1: CLIENT -> SERVER: mrrX3MRh437zZq0g+6lEGmITm5P1ZWParUcqG68RLN6i5uW99+c7P+l5XwIbY+Jt7uhVQnciob1m

Debug level 1: CLIENT -> SERVER: 7eJL/aa6K+RwwT2Y6jzJZ8XEPkehnufJPa9f/l3Q5H8gms1zja7XaldfjhM+muNiCCGVGLTnTMxA

Debug level 1: CLIENT -> SERVER: bSmYIHJgwmtqmcJxOrqiJXGh4AFD2Cd9yrg6WHwlZkklEiEsIdyNVX592XeoM+TqsIh3wy1TlZZU

Debug level 1: CLIENT -> SERVER: vF7TlHKBTO4rvFr98vzIHBqxexrlon59eaxQFU04lN4nVqqDtrZyh/s6xLRfMZNbqDXGud1Xv7o4

Debug level 1: CLIENT -> SERVER: MnO/EOMxSdoutTnKYljUYytMdRt5Govtji5LegvxpbSW3o1LhwUaZb7ttbMjre+qEXAINIQdSReO

Debug level 1: CLIENT -> SERVER: MD3n4nto2Xd7jVb5D9BgPHyUZhdSyTQN5s/MVD8MB0yyMaNqHiUsMGhWfuoGhJJ6CIY4wDaEliG/

Debug level 1: CLIENT -> SERVER: n2ozrHqkgf8bAQ/VYxpPQLrxpkfU6ykJmc4bXptiLBCob3GiVwPmZuzOBEroRFJpcgO6VIFCd4XL

Debug level 1: CLIENT -> SERVER: cBGFkNS2INsYJxKU4Y6l45sN3Igc4PADJ3sDV8CNLOMdSeAMccLp7/KzY70YsASk0TMCnW6PxDI8

Debug level 1: CLIENT -> SERVER: oZ63QNefTgkpXMTK+mFYgqMqXpPTgURNuE31dA+rbS1MwdVFKxJMrrzqgSZbGHRg79rQDsptslBW

Debug level 1: CLIENT -> SERVER: g2k/1ZiVqKOybCMNM+ROokPiQeaW+yezmMEbpVH5ImxxJl4UBd0gXZvxIOV2ProqeF8I1FbD/rlw

Debug level 1: CLIENT -> SERVER: JLz1kIVDYCEKvlPo5SCCYQFrAjBG2wdt4C6yTbq+LSndgvEeefTBzCmgI0n46kmBvGOalS++YyiG

Debug level 1: CLIENT -> SERVER: y4YbsVf4mZ2y9EWbo3LBp42S7xwnjN+tD4gMsXExDrrqnvLtq4iJQSoCnbpqQ59HM0HFO9KYDFBF

Debug level 1: CLIENT -> SERVER: H6k5PjttHiW+eqM1vgiotyF8lvSo7PCVHa4u4thOpaQ0maI2wGh+R5jKYAdrslOJA/CSYuXbQZ0R

Debug level 1: CLIENT -> SERVER: QcJKgwMzyZK56opepLYX5zLcuMNH1G2W6FTCnWSL/uQ/1ReGKjhQZqFsiIt7ABdcaj27Hnf3xsOT

Debug level 1: CLIENT -> SERVER: YGV02LKQEBrPKgpBjmGpnyl/fUFhpR5wwYQV9Hm49vwByMTAGYm0hzeudiHVYxN4Qz83kTKcDywD

Debug level 1: CLIENT -> SERVER: cbde5yzxvh5pYoXlB+3NpU2hJW58siAxBFpQjGu+1tIwOdpTO+gkVdnqJVElRNRdyf9ugPWDbinA

Debug level 1: CLIENT -> SERVER: eDjHhdVB62+biQC4g8H35/yhfT5mIszZ5YucBtvE/0iVjqYr0zbqOdLzByZSxlsS2IubGaGGYJaD

Debug level 1: CLIENT -> SERVER: VxhjNgpdogEhMxXZhqA4PHIDaZwxnwANu7MHtHs+YMwJZysSFPLU2FRkMLg8S1ofkMygxYKXmcRU

Debug level 1: CLIENT -> SERVER: 7D1OLLvMi413w3Pskayb7ZlW3eDFIKOTeS+WVLcB/AKJtLr9z9b2yWNye8xd3fmGXN33db35G1BL

Debug level 1: CLIENT -> SERVER: BwiO1Jg2AwUAAJ8fAABQSwMEFAAICAgAElxBWwAAAAAAAAAAAAAAABUAAABNRVRBLUlORi9tYW5p

Debug level 1: CLIENT -> SERVER: ZmVzdC54bWy1lUtuwyAQQPc5hcXe0GZVWXEitVJPkB6A4LGDxE/MECW3L46UxG2jqqnMDix4bxg8

Debug level 1: CLIENT -> SERVER: w2pztKY6QETtXcue+ROrwCnfaTe07GP7Xr+wzXqxstLpHpCay6DK+xxepy1L0TVeosbGSQvYkGp8

Debug level 1: CLIENT -> SERVER: ANd5lSw4ar6ub0bTelHdwL02UOeF8VTdZNBpWdMpQMtkCEYrSTlOcXAdP7v4VMEJjsRuuyenWk4+

Debug level 1: CLIENT -> SERVER: 98mYOkjat0ww8VAM9ylv3vV6SPEcGy4FkqSEOxnL4KVSYCBPfRQqxTiePCe3uKuIoDdeEhSCBx9S

Debug level 1: CLIENT -> SERVER: yH9GKoSPfoiA5W56DL0YnLw3xeDaygFQvGqyMmBRx4Ps720EkxurhyfN1VTwtxgelI8NSoy1ehee

Debug level 1: CLIENT -> SERVER: /fS/Yv6di3QygLNjLZCcrfFs98nunNQGBV2GPLhhbvi8iQWi/E5eU7sSP57J9SdQSwcIZYJI2kQB

Debug level 1: CLIENT -> SERVER: AABhBwAAUEsBAhQAFAAACAAAEVxBW17GMgwnAAAAJwAAAAgAAAAAAAAAAAAAAAAAAAAAAG1pbWV0

Debug level 1: CLIENT -> SERVER: eXBlUEsBAhQAFAAACAAAEVxBWwAAAAAAAAAAAAAAABoAAAAAAAAAAAAAAAAATQAAAENvbmZpZ3Vy

Debug level 1: CLIENT -> SERVER: YXRpb25zMi9zdGF0dXNiYXIvUEsBAhQAFAAICAgAEVxBWwAAAAACAAAAAAAAACcAAAAAAAAAAAAA

Debug level 1: CLIENT -> SERVER: AAAAhQAAAENvbmZpZ3VyYXRpb25zMi9hY2NlbGVyYXRvci9jdXJyZW50LnhtbFBLAQIUABQAAAgA

Debug level 1: CLIENT -> SERVER: ABFcQVsAAAAAAAAAAAAAAAAYAAAAAAAAAAAAAAAAANwAAABDb25maWd1cmF0aW9uczIvZmxvYXRl

Debug level 1: CLIENT -> SERVER: ci9QSwECFAAUAAAIAAARXEFbAAAAAAAAAAAAAAAAGgAAAAAAAAAAAAAAAAASAQAAQ29uZmlndXJh

Debug level 1: CLIENT -> SERVER: dGlvbnMyL3BvcHVwbWVudS9QSwECFAAUAAAIAAARXEFbAAAAAAAAAAAAAAAAHAAAAAAAAAAAAAAA

Debug level 1: CLIENT -> SERVER: AABKAQAAQ29uZmlndXJhdGlvbnMyL3Byb2dyZXNzYmFyL1BLAQIUABQAAAgAABJcQVsAAAAAAAAA

Debug level 1: CLIENT -> SERVER: AAAAAAAYAAAAAAAAAAAAAAAAAIQBAABDb25maWd1cmF0aW9uczIvbWVudWJhci9QSwECFAAUAAAI

Debug level 1: CLIENT -> SERVER: AAASXEFbAAAAAAAAAAAAAAAAGAAAAAAAAAAAAAAAAAC6AQAAQ29uZmlndXJhdGlvbnMyL3Rvb2xi

Debug level 1: CLIENT -> SERVER: YXIvUEsBAhQAFAAACAAAElxBWwAAAAAAAAAAAAAAAB8AAAAAAAAAAAAAAAAA8AEAAENvbmZpZ3Vy

Debug level 1: CLIENT -> SERVER: YXRpb25zMi9pbWFnZXMvQml0bWFwcy9QSwECFAAUAAgICAASXEFb+Q5bcSwFAABqFAAACwAAAAAA

Debug level 1: CLIENT -> SERVER: AAAAAAAAAAAtAgAAY29udGVudC54bWxQSwECFAAUAAgICAASXEFbJ6iOFpALAABaVgAACgAAAAAA

Debug level 1: CLIENT -> SERVER: AAAAAAAAAACSBwAAc3R5bGVzLnhtbFBLAQIUABQAAAgAABJcQVvxMpvL/AMAAPwDAAAIAAAAAAAA

Debug level 1: CLIENT -> SERVER: AAAAAAAAAFoTAABtZXRhLnhtbFBLAQIUABQACAgIABJcQVv7d8VqXAsAAL4NAAAYAAAAAAAAAAAA

Debug level 1: CLIENT -> SERVER: AAAAAHwXAABUaHVtYm5haWxzL3RodW1ibmFpbC5wbmdQSwECFAAUAAgICAASXEFbjtSYNgMFAACf

Debug level 1: CLIENT -> SERVER: HwAADAAAAAAAAAAAAAAAAAAeIwAAc2V0dGluZ3MueG1sUEsBAhQAFAAICAgAElxBW2WCSNpEAQAA

Debug level 1: CLIENT -> SERVER: YQcAABUAAAAAAAAAAAAAAAAAWygAAE1FVEEtSU5GL21hbmlmZXN0LnhtbFBLBQYAAAAADwAPAO4D

Debug level 1: CLIENT -> SERVER: AADiKQAAAAA=

Debug level 1: CLIENT -> SERVER: 

Debug level 1: CLIENT -> SERVER: --b1=_0qm9ND6hKxc0IQupV5rcLkB1FsYrQBw2aElKjv9LxeI--

Debug level 1: CLIENT -> SERVER: 

Debug level 1: CLIENT -> SERVER: .

Debug level 2: SERVER -> CLIENT: 250 2.0.0 Ok: queued as 3659C3019584

Debug level 1: CLIENT -> SERVER: QUIT

Debug level 2: SERVER -> CLIENT: 221 2.0.0 Bye

