Debug level 2: SERVER -> CLIENT: 220 smtp-sp217-31.kinghost.net ESMTP

Debug level 1: CLIENT -> SERVER: EHLO localhost

Debug level 2: SERVER -> CLIENT: 250-smtp-sp217-31.kinghost.net
250-PIPELINING
250-SIZE 62914560
250-VRFY
250-ETRN
250-STARTTLS
250-AUTH PLAIN LOGIN
250-AUTH=PLAIN LOGIN
250-ENHANCEDSTATUSCODES
250-8BITMIME
250-DSN
250 CHUNKING

Debug level 1: CLIENT -> SERVER: AUTH LOGIN

Debug level 2: SERVER -> CLIENT: 334 VXNlcm5hbWU6

Debug level 1: CLIENT -> SERVER: [credentials hidden]
Debug level 2: SERVER -> CLIENT: 334 UGFzc3dvcmQ6

Debug level 1: CLIENT -> SERVER: [credentials hidden]
Debug level 2: SERVER -> CLIENT: 235 2.7.0 Authentication successful

Debug level 1: CLIENT -> SERVER: MAIL FROM:<ourodosul@ourodosul.com.br>

Debug level 2: SERVER -> CLIENT: 250 2.1.0 Ok

Debug level 1: CLIENT -> SERVER: RCPT TO:<alfeuschuh@gmail.com>

Debug level 2: SERVER -> CLIENT: 250 2.1.5 Ok

Debug level 1: CLIENT -> SERVER: DATA

Debug level 2: SERVER -> CLIENT: 354 End data with <CR><LF>.<CR><LF>

Debug level 1: CLIENT -> SERVER: Date: Tue, 30 Sep 2025 14:08:58 +0200

Debug level 1: CLIENT -> SERVER: To: alfeuschuh@gmail.com

Debug level 1: CLIENT -> SERVER: From: ourodosul@ourodosul.com.br

Debug level 1: CLIENT -> SERVER: Subject: =?iso-8859-1?Q?Distribui=C3=A7=C3=A3o_de_Sobras?=

Debug level 1: CLIENT -> SERVER: Message-ID: <z9fNEf09SRm5xDyoXWog5sKjYTPOhBfGi8utJDwQDE@localhost>

Debug level 1: CLIENT -> SERVER: X-Mailer: PHPMailer 6.10.0 (https://github.com/PHPMailer/PHPMailer)

Debug level 1: CLIENT -> SERVER: MIME-Version: 1.0

Debug level 1: CLIENT -> SERVER: Content-Type: multipart/mixed;

Debug level 1: CLIENT -> SERVER:  boundary="b1=_z9fNEf09SRm5xDyoXWog5sKjYTPOhBfGi8utJDwQDE"

Debug level 1: CLIENT -> SERVER: Content-Transfer-Encoding: 8bit

Debug level 1: CLIENT -> SERVER: 

Debug level 1: CLIENT -> SERVER: --b1=_z9fNEf09SRm5xDyoXWog5sKjYTPOhBfGi8utJDwQDE

Debug level 1: CLIENT -> SERVER: Content-Type: multipart/alternative;

Debug level 1: CLIENT -> SERVER:  boundary="b2=_z9fNEf09SRm5xDyoXWog5sKjYTPOhBfGi8utJDwQDE"

Debug level 1: CLIENT -> SERVER: 

Debug level 1: CLIENT -> SERVER: --b2=_z9fNEf09SRm5xDyoXWog5sKjYTPOhBfGi8utJDwQDE

Debug level 1: CLIENT -> SERVER: Content-Type: text/plain; charset=iso-8859-1

Debug level 1: CLIENT -> SERVER: Content-Transfer-Encoding: 8bit

Debug level 1: CLIENT -> SERVER: 

Debug level 1: CLIENT -> SERVER: (Sem conteúdo)

Debug level 1: CLIENT -> SERVER: 

Debug level 1: CLIENT -> SERVER: --b2=_z9fNEf09SRm5xDyoXWog5sKjYTPOhBfGi8utJDwQDE

Debug level 1: CLIENT -> SERVER: Content-Type: text/html; charset=iso-8859-1

Debug level 1: CLIENT -> SERVER: Content-Transfer-Encoding: 8bit

Debug level 1: CLIENT -> SERVER: 

Debug level 1: CLIENT -> SERVER: <p>(Sem conteúdo)</p>

Debug level 1: CLIENT -> SERVER: 

Debug level 1: CLIENT -> SERVER: 

Debug level 1: CLIENT -> SERVER: --b2=_z9fNEf09SRm5xDyoXWog5sKjYTPOhBfGi8utJDwQDE--

Debug level 1: CLIENT -> SERVER: 

Debug level 1: CLIENT -> SERVER: --b1=_z9fNEf09SRm5xDyoXWog5sKjYTPOhBfGi8utJDwQDE

Debug level 1: CLIENT -> SERVER: Content-Type: application/octet-stream; name="3986  .1 CARLOS ALFEU SCHUH.odt"

Debug level 1: CLIENT -> SERVER: Content-Transfer-Encoding: base64

Debug level 1: CLIENT -> SERVER: Content-Disposition: attachment; filename="3986  .1 CARLOS ALFEU SCHUH.odt"

Debug level 1: CLIENT -> SERVER: 

Debug level 1: CLIENT -> SERVER: UEsDBBQAAAgAABdhPltexjIMJwAAACcAAAAIAAAAbWltZXR5cGVhcHBsaWNhdGlvbi92bmQub2Fz

Debug level 1: CLIENT -> SERVER: aXMub3BlbmRvY3VtZW50LnRleHRQSwMEFAAACAAAF2E+WwAAAAAAAAAAAAAAABoAAABDb25maWd1

Debug level 1: CLIENT -> SERVER: cmF0aW9uczIvc3RhdHVzYmFyL1BLAwQUAAgICAAXYT5bAAAAAAAAAAAAAAAAJwAAAENvbmZpZ3Vy

Debug level 1: CLIENT -> SERVER: YXRpb25zMi9hY2NlbGVyYXRvci9jdXJyZW50LnhtbAMAUEsHCAAAAAACAAAAAAAAAFBLAwQUAAAI

Debug level 1: CLIENT -> SERVER: AAAXYT5bAAAAAAAAAAAAAAAAGAAAAENvbmZpZ3VyYXRpb25zMi9mbG9hdGVyL1BLAwQUAAAIAAAX

Debug level 1: CLIENT -> SERVER: YT5bAAAAAAAAAAAAAAAAGgAAAENvbmZpZ3VyYXRpb25zMi9wb3B1cG1lbnUvUEsDBBQAAAgAABdh

Debug level 1: CLIENT -> SERVER: PlsAAAAAAAAAAAAAAAAcAAAAQ29uZmlndXJhdGlvbnMyL3Byb2dyZXNzYmFyL1BLAwQUAAAIAAAX

Debug level 1: CLIENT -> SERVER: YT5bAAAAAAAAAAAAAAAAGAAAAENvbmZpZ3VyYXRpb25zMi9tZW51YmFyL1BLAwQUAAAIAAAXYT5b

Debug level 1: CLIENT -> SERVER: AAAAAAAAAAAAAAAAGAAAAENvbmZpZ3VyYXRpb25zMi90b29sYmFyL1BLAwQUAAAIAAAXYT5bAAAA

Debug level 1: CLIENT -> SERVER: AAAAAAAAAAAAHwAAAENvbmZpZ3VyYXRpb25zMi9pbWFnZXMvQml0bWFwcy9QSwMEFAAICAgAF2E+

Debug level 1: CLIENT -> SERVER: WwAAAAAAAAAAAAAAABsAAABPYmplY3RSZXBsYWNlbWVudHMvT2JqZWN0IDHFUj1Lw1AUPUnVWrUo

Debug level 1: CLIENT -> SERVER: XRWsdlTE0lJaRCWElgyRQmPcdZEWF4ujaFtqq9ZFofpXdHV1ExfdnVycRAV5niQvbejqYODmfrx7

Debug level 1: CLIENT -> SERVER: zj28+7Z0c2OzoCAJ71MwjeCnDNp6AvhkNM/kmiWVPoKOjIQ4YzTXI4p6LHUhBonQpRuSU3x4HA0J

Debug level 1: CLIENT -> SERVER: V1246lZbR8BBTcIwk3DquJBpk37YV3siEyEElF0mU3JamxRflGzXBhD9yXXZ/v4txMshcLsAzDb6

Debug level 1: CLIENT -> SERVER: g87pc/QhpPgPQ9/eK+9Uyx5NU4Fk9ZlFqHeHMjyVoxS0+zIFWoF7uAwcKDfBZJ/QZSZr5Ho4BhGp

Debug level 1: CLIENT -> SERVER: XDbjeAd7R6tSwiL5X1X3lFqzyMDBOauqjHg4FUtJ/14rtITi1rh/p/PKWWrE64xB10pm0YprZiFv

Debug level 1: CLIENT -> SERVER: xy3dsA2nGmPPE+2eyC5p0lS0ShEftDz1pjnpkdYJMx8FUuRr0FbGgMlx4If2NgE8R90Z0FCCiSIs

Debug level 1: CLIENT -> SERVER: 7kBjVEAeNmOLZwYj4y+v43+gwaft134BUEsHCBbl/zl7AQAAaQMAAFBLAwQUAAgICAAXYT5bAAAA

Debug level 1: CLIENT -> SERVER: AAAAAAAAAAAACwAAAGNvbnRlbnQueG1svVjNbuM2EL73KVgXKNqDzNjZBTZq7GC7mxQFnB80WbRX

Debug level 1: CLIENT -> SERVER: hqIstqLIJSn/5NR36BP0VPQ58iZ9kg4pmZFqKyvXwV4cafh9nI8zQ3KU07OVyNGCacNlMRmMhkcD

Debug level 1: CLIENT -> SERVER: xAoqE17MJ4MPdxfRm8HZ9ItTmaacsjiRtBSssBGVhYW/CNiFiavRyaDURSyJ4SYuiGAmtjSWihUb

Debug level 1: CLIENT -> SERVER: VtxEx95XZTF2nfeme3CTbdnK9iU7bItL7vt79uAmO9Fk2ZfssBDUJj2Vfckrk0ephKgLRSz/j4pV

Debug level 1: CLIENT -> SERVER: zovfJoPMWhVjvFwuh8vjodRzPDo5OcF+NAimAadKnXtUQjHLmXNm8Gg4whusYJb01eewTUlFKe6Z

Debug level 1: CLIENT -> SERVER: 7h0aYslWVs1i3rsiFvOO0NCM6N614cHt9B4n/dN7nDS5gtisIydv8CUM+p/L2VMtaNHXl8O2QkU1

Debug level 1: CLIENT -> SERVER: V72XWaGbfCllkOoI1Qb1csdHR69w9d5AL5+FLzW3TDfg9Fk4JTkNEZdiV9AAN8KAiNjClWkofBcI

Debug level 1: CLIENT -> SERVER: 00EY42o4gE3SOfUvl7NbmjFBnsD80+CIF8aS4iky2iWhc6WvsWZKahsCk/Y/MCFb4+AlSUlwA0gz

Debug level 1: CLIENT -> SERVER: 9DNEjuh9NWfAbmdiR/kqVBpn+aasg8jaP1spprkjktxlLhIGVgnZlCpusKviqZmNy2M8mG5uiqrK

Debug level 1: CLIENT -> SERVER: DA6GFG6MKCWURQmjuZmeVjs+mFH17nRMBnckky4bsLM3CMHzdRjAz9PfkZzfa76D/zTSpLuxaM4K

Debug level 1: CLIENT -> SERVER: WDvUqgYPRQuhuKWwmxdEc3cF9HSPZnye2R0iviZKmu9aqMr0GWWNXkyXWXJjDtF1sUPK8x7XxjJx

Debug level 1: CLIENT -> SERVER: iMtZSXlC0C0pDPpQcOh3WGc8dmD7ROVgjZe36AdpM047lQXEi+nBXZu1tpPSQhVaTiM/T9jF/rel

Debug level 1: CLIENT -> SERVER: /mYUfNWaFdFkronKNgNgcK2kf4kq1i2cpwnRyQYioC9gOlJkvoXYuA7TRgpOKaYtZyY4cLS6FXHS

Debug level 1: CLIENT -> SERVER: /RIbirvlp3pLv3fis9Gl/np2HmTV6G1RmdT8QboDNoKkTQaUFf623BrVLG8FzTWQsQRn7iEiRjEK

Debug level 1: CLIENT -> SERVER: 181oe024M1n1wL1M1uHFdcTTU98XG/axhOY/JH3biLwp4UblZB3J0kJzyaIcrmXQCleCH66C8WOe

Debug level 1: CLIENT -> SERVER: l8Zq8C8Lp/Ggye42BXrYLPB48CTvqz7eh707aqqiNKsDdsT0eylQwsmX6O3HkqPHvxEcLNelliiR

Debug level 1: CLIENT -> SERVER: 6LbMh+gGThchDYLvK3evEo2gZUDEoc9qf6rbRWNz+GpJNZirwmnCfHF7a123978yK0f1MqGjgSqM

Debug level 1: CLIENT -> SERVER: 7Fqx9qaFQ2jJE9fWngyPxmMqKlvG3EUBYRq+PnrljH7mB+gbErZy0avFSPBC4YvRfY/EmWbQ/gzx

Debug level 1: CLIENT -> SERVER: dWUE35W98mq4UDnb2EzmGk4G2zjZmAi1JbGAlMVMksQlw/vgArb8Thc/MUgtrT9zXs4rforz9By6

Debug level 1: CLIENT -> SERVER: QZc7cKEhDxIx4fJoiZXIxRERoOf8AZJqWIkoSeB007JKukOmXItq0EBhJDDVGdon6VdSsHgvxrub

Debug level 1: CLIENT -> SERVER: C/TP73/sxXkPX2sIBF8RQ32rKON96OeC8Bx9o9yaDdNuppTnmfwWlHsafGWHvdVrxjv4fIULi7Un

Debug level 1: CLIENT -> SERVER: +NTjHWTn54xY81aps72Y/1PmOewHzR7/kvul6Eq2qgUxYx//BJNAkIU6FUVIxXCPqfHnxeDWhYNb

Debug level 1: CLIENT -> SERVER: dxHu+P/S9F9QSwcIsD9BhtYEAACgEgAAUEsDBBQACAgIABdhPlsAAAAAAAAAAAAAAAAKAAAAc3R5

Debug level 1: CLIENT -> SERVER: bGVzLnhtbN1czZLbuBG+5ylUciU3SiT1r3i8lTjrJFV2Jdmxz1sQCUmMKYIFgqPRvk4OOeUp/GJp

Debug level 1: CLIENT -> SERVER: AAQJkiBF/Vme2alyrdANoPH1D5oNkG9/et6FvSdMk4BED31nYPd7OPKIH0Sbh/6Xzx+sef+nd797

Debug level 1: CLIENT -> SERVER: S9brwMNLn3jpDkfMStghxEkPOkfJUhIf+imNlgQlQbKM0A4nS+YtSYwj1Wmpcy/FVLJFDNa1u2DW

Debug level 1: CLIENT -> SERVER: ezP8zLp25rylvmjVfWbBrPf2Kdp37cx5AVO9+5p07fychNaaWB7ZxYgFFSmewyD6+tDfMhYvh8P9

Debug level 1: CLIENT -> SERVER: fj/YjwaEbobOYrEYCmousJfzxSkNBZfvDXGI+WTJ0Bk4Q8W7wwx1lY/z6iJF6W6FaWdoEEM1rSZP

Debug level 1: CLIENT -> SERVER: m84W8bRpgMbbItrZNgRzWb0jv7t6R77ed4fYtkEn8+EnIIp/Pn0sbIHuus7FeUtQeTSIOy9Tcuv9

Debug level 1: CLIENT -> SERVER: CSG5qLyDdFAhrmvb46H8rXHvW9n3NGCYauxeK7uHQi9HnOxMoAGfMwQOCz9xM1XclC+6ceTJkOKY

Debug level 1: CLIENT -> SERVER: UJYLsu4eoAAdN5/FX6N8GuBMBmIEi3cUc+kjDLknDHmXN/1eFui04Or236lIuiYQRdfIw5aPvTB5

Debug level 1: CLIENT -> SERVER: 91Z6QN7ck7+5nA/9z2hLdqjfA0tXHLsgPOSEYXv39ygMVjQw9C8oendOszY4wjQA3VGYISpxxAHz

Debug level 1: CLIENT -> SERVER: wLqfEA14SOw4fe9jsNkygxB/QDFJ/ljikk3fUSznanIl+yBJLpHrg0GU9hkPCcO7S6b8mHqBj3qP

Debug level 1: CLIENT -> SERVER: KEp6X6IAtn/ciIeBtwsqF8v46bH3V8K2gdcoWc5xNXmGTc6atcssSMnt4zVKwyw3UiNnEm4oirns

Debug level 1: CLIENT -> SERVER: ijf7bcUUwgdlAeRSPENYJlvkk70F4yeYWc8PfXsw8kBOA/FQITLYvizY7bGVxMiDXMPaEhr8BqKj

Debug level 1: CLIENT -> SERVER: kLO681bmJy6GV2eF4NZ11BqrYcwMlhDWsQ/Y1pLZ2xqFiWYBMaJIIKTjsyZLMfgWc0+EcGrPf6/G

Debug level 1: CLIENT -> SERVER: 46NYKGWEzwzGEviYyAFQGG+RYhP9VxQjyJcSBobAFIVvWlziHZjzQz+kFluVjCOIfMzjPM999SUq

Debug level 1: CLIENT -> SERVER: 0ZXkkCOC/kmccOtpXkzOzuXW1ihb0wQDOBHXtZjcIyGBbIrRFNwSYBCNSfAbSOo4MRNtIYo2KdpA

Debug level 1: CLIENT -> SERVER: U9bgkTRiFIzkz7/ky8cMdmbrK6aREF0OqK2Sj2nB7oYiNXLWMRtc0XAeeLNZFOHLY308npqF+Llh

Debug level 1: CLIENT -> SERVER: xJyKaHXMnPT4p34BZ8nLurhejn//mHntEN0EkQXqA4Plxlq0rQhjPDnhduxmJIM1Quv2EG9xBLko

Debug level 1: CLIENT -> SERVER: iawQ+T4ALhb00I8ImM4uYCcabZxGHkvlgHsgQzIC4IECj1u1skbLD8DjIz4JJCETp3DEst3HoJHC

Debug level 1: CLIENT -> SERVER: C88wTk33ldTjlmbLp1IWaN7KbmfiYu7cUj/cyPx1w8Iq5lStjeIdAlPlzzHK5NwaU5wm2wrLBb4l

Debug level 1: CLIENT -> SERVER: Hon14Bdi3WLkE/OKUO4F3MRgJwB7CVGccPu9dGKLkn1lcmipOPVXjGNw6Q1mW/5Iyv3t2MT6hNKM

Debug level 1: CLIENT -> SERVER: H8F7fET9fmNsUcoLUZKAeOA6R8MNoeDlUaK0tA/Ap+Sv5j3pAucsFn1ksZ8DFuKjK4WGvBBkmVGK

Debug level 1: CLIENT -> SERVER: uIw6w2do+NW1f10R/3AOYqUAPRi7o6Yg7Ywdc5C2ZZAWRiHyj0jkHyjco0NyDN16XMsfHsrhzZ2r

Debug level 1: CLIENT -> SERVER: 8CZDV54sWPbAduZF+D0ptOkZsDmgyXnPik6ia3cTMSgS9pg4RAdN1T2dfIkhnW0jjZu4wzfxzsv9

Debug level 1: CLIENT -> SERVER: CNvnOetosfeQD9nR3AotFc/73QR/j2Ie9a+oA5CUohMdVaLdooieqMvKqqFIr5N8jxMU4cSqqGg3

Debug level 1: CLIENT -> SERVER: u2klyXAzL5RtvAckWfDc0uJBso9OFJBkVENno35akgDz+Dk9m6Gzgv8OjyTPV1RvIMZrVe+VdHU1

Debug level 1: CLIENT -> SERVER: G/8bRvy0gvuZY45FGUfP+W6bmkorSMoEHiF+4rmPc/mmNx1Njm96p25vIu8WmcIbdz0ZL6bNmbyq

Debug level 1: CLIENT -> SERVER: 4lU2PLtq1vquVCWesCvZp+xKmiW47Zbg3tsS3MstoXgQ/ZEswZm2WEKNeMLT0/RMSxi1W8Lo3pYw

Debug level 1: CLIENT -> SERVER: ejmWUNH0uE3TVeIJmh6fqelxu6bH99b0+HJNF+qsadqe3ULTzUnTSXnRB0Pfs3MeTeWTdpVP7q3y

Debug level 1: CLIENT -> SERVER: yctReYvuztHMtF0z03trZnq5Zgr4q5q5XCuTBf97OY44a1f37N7qnr0MdV/ZCeftWpnfWyvzi7Vy

Debug level 1: CLIENT -> SERVER: M424M/73chxw0a7qxb1VvfjxVX0N53tMV+we5XNvi2J+6+oYovLMMQw2YKseCIDzY6d/pwkL1geL

Debug level 1: CLIENT -> SERVER: n8zAjHtC/dq5/CkblvaMYCiEQzh1p5nqTinP1Z45LnG++mPHFX3zXylhl5nB1R4CC9LN1D+2+d81

Debug level 1: CLIENT -> SERVER: wuWFsPNSPfeRf1aRLsdFztar8dxSTSFeM3H8PiuricqjKVvXUCAummSNcnR+bmmViLlyulaKGY4S

Debug level 1: CLIENT -> SERVER: zLEpmWYZl4yr992sV8EyccdGXAyU45XQgnSWwZ+jB94nRj7fbLM1KY2q1oqiVXO2mtFkVCEUyylo

Debug level 1: CLIENT -> SERVER: 2VG6nCAiEdZbswmqzSp95eeOvYSEgd/Tn/MzLu2p0sD4fWsHF4aAv8gMpBQF+I8PMLbZ6rMeRUDo

Debug level 1: CLIENT -> SERVER: 6bz5nQOesgyb5/387X8sDYk4iOD/vN8Wlzoqh6OSs+f0dJ7SPK+8VK9h5XbDyr0DVj9GMVvDatQN

Debug level 1: CLIENT -> SERVER: q9FVsPoRy70aFuNuWIyvi8XZQe2Gj4EaKJNuoExu4UxnPTBpsk+7yT69SPYXUVjTQJl1A2V2FVCu

Debug level 1: CLIENT -> SERVER: rNB5N9nnlxnjSyjUaKAsuoGyuAooV1bocbFPFvrE5OVqF+vucm2OV4e6oFnwXTfWdazJ3HuTfw/u

Debug level 1: CLIENT -> SERVER: 9e2/3/5zBKWc7SKQfpjKhfaA/vMu3vKXDNuf0atc98ttLlx5Sd9ydair6jP2HyTJu54J/ILXmOLI

Debug level 1: CLIENT -> SERVER: O1KnqbF1XbsQV7zrxmsYyQ6FoeWhOOk3AGMIFvZCL+DuszvWKxL6JUwkQYHWRM4xEwydEfvHx5+r

Debug level 1: CLIENT -> SERVER: K+/wqp24qIgib0uoxQ4xLpe2njbLZ1Xzgf8/lOo/8g0cWWORLeolNysm/FyDxDUC5QcgteJZ8R6d

Debug level 1: CLIENT -> SERVER: 7FkuT2nUSvcaNmI16rjFAJGk9CuM4lwmY5cXNyt3FKN0Z/FXzREoNQeTX1vOulbx1EkkCcTbJijy

Debug level 1: CLIENT -> SERVER: hclg9RIDWgFZ1OP469KmYSss2diicU3CkOyxb60O8gI1Q6u+Nnn+upOan5vpbOqaSquWTinVIhWh

Debug level 1: CLIENT -> SERVER: wNm4aKA24dkRafdVIe1AAjY1Iq1TKlVfSbg50qNXhnR+hlAFunq4UDp0uDnM41cGc3HyUMW5diZR

Debug level 1: CLIENT -> SERVER: Psa4OdKTV4b0bDZvQLqgVJCWhJsjPX1VSLsDe2TeDnVKCWlFuDnSs1eGtDs3b4c6pYK0JNwc6fkr

Debug level 1: CLIENT -> SERVER: Q3piDtMaoYLz5LsE6cUrg3m2aMK5oFSAloSbI+3Yrwrq0cAem/dDnVKCWhEugbpM0vGPCMMJPKJH

Debug level 1: CLIENT -> SERVER: 62CTUvEhgV5OsLIraGtCWKTdGtFV4WQrlt+deUJhivnLgbJRdUw0CMSXKPQ+8o1Cfi+Cj6e+t8XX

Debug level 1: CLIENT -> SERVER: 211CHPlNAgZmAdXwHJFCAtM0je9Dyq/1iPfVF4uijmBCJxukQIHrNqMFkUfFV/p48qd9mkiMVnyR

Debug level 1: CLIENT -> SERVER: iF9PgTEDz1IEOR3HE6z0ANotFQc+xTunb2CqVIsEZR/4/KN2rj1YLFTpRxDU6/XuYjBtWWM2CUDI

Debug level 1: CLIENT -> SERVER: LEIDWAvKlE0ooyhgtUs+rsKsfsnHQMo8wXiNSPv2UMunfrK1b2jgq08nvPFs/mfiyJTtjme2Y6Kv

Debug level 1: CLIENT -> SERVER: UFJgk3+uoM5H09Wh4DPzSGH1slNtBAg2/Mt8me3VmQTwLfSswFjhUM5p7dBzScjia10ZQ4JjhbA0

Debug level 1: CLIENT -> SERVER: lMqRjPoGDQgKRiH4xfsttmPgQWtRbTSwIJ/f3JKeIP1DtlMIZMpCJ/mHoZQWbfGfFh7Ntq4WtcWI

Debug level 1: CLIENT -> SERVER: X4oSP4b6SrXG+kCFV9bdMCPsUJKPkc+WNfKRysdFlQvBusya+2rRoDL80PzZ1nf/B1BLBwidcM1X

Debug level 1: CLIENT -> SERVER: hQsAAPZVAABQSwMEFAAICAgAF2E+WwAAAAAAAAAAAAAAABQAAABPYmplY3QgMS9jb250ZW50Lnht

Debug level 1: CLIENT -> SERVER: bM1YUW/bNhB+368wXGBvtGwncRMvSRG0Kzog2YalAbangaZOMhdKFEjKjv99j6JEU47lygkarA9u

Debug level 1: CLIENT -> SERVER: SH539/H48Ujq8sNTJgYrUJrL/Go4GY2HA8iZjHmeXg0fvn4m58MP1z9dyiThDOaxZGUGuSFM5gb/

Debug level 1: CLIENT -> SERVER: H6B1rudu9GpYqnwuqeZ6ntMM9NywuSwgb6zmIXpexXI92mxEb/MKHFobeDJ9jS22ZUsX/SNX4NA6

Debug level 1: CLIENT -> SERVER: VnTd19hiMamheSL7Gj9pQRKJWc8KavgOiyfB88er4dKYYh5F6/V6tD4ZSZVGk4uLi6ga9YSZxxWl

Debug level 1: CLIENT -> SERVER: EhUqZhEIsMF0NBlNogabgaF9+VlsSCkvswWo3qmhhj5b1UKBRghO1wqzn6PQpqWvVdpbXau0I81s

Debug level 1: CLIENT -> SERVER: SVVvnVXgtlRO4v5SOYlD24yaZcf6nkd3OFj93N1udaWyvrEstpUqpnjRe5oOHdpLKT1Va+A2e0V3

Debug level 1: CLIENT -> SERVER: Oh6fRq4doNcH4WvFDagAzg7CGRXMZ1xm+5KGuEmECAIrK3m/iWwidIfBNHLDHqzjTtd/393esyVk

Debug level 1: CLIENT -> SERVER: dAvm3wcTnmtD821mlF2EzpmeRQoKqYxPTNK/+OJqTX2UOKE+DCL1qPJArGEVK/QQ2V0eWZN3Xmkc

Debug level 1: CLIENT -> SERVER: RCNrT7KOD08FKG4NqbArRzKNs8TVlMU8sA7FI+S2lKvUnzaJLPPYbep9rl3QwINzWfcHZ9t0eN0c

Debug level 1: CLIENT -> SERVER: ZE64OvIdCR5oJKEMSAxM6OtLV5B898C1bfyr4Ucq+ELx4QCrRQPJuNiEI6G5HSMp5Ega9avXXOth

Debug level 1: CLIENT -> SERVER: dDjEjeJUTPZEqAZ6+A8RBTcMK8iKoi1Wte/FvuVYvKt8D+5prveQ+JkWUv+yg3OdP5ZaM/sXZGWj

Debug level 1: CLIENT -> SERVER: DWSvSkvJeEyrqQ4eco6XJOhOzXNsn/S8muMdZ0pqmZjBP/QL7FOoo7GDexNuX+lS2rL4jJIfeG30

Debug level 1: CLIENT -> SERVER: qGsz1/20NBjIcEYqP36XV78trkxOfLCaZXX7w7uBKLN82FiGnaTA0gbKcNCDRM4XCugjWQCeHOjQ

Debug level 1: CLIENT -> SERVER: hm481vA1j+25PhnNJhcsq/gHdA5xm74Vt/HofHJ+HLeTt+I2G52dnx3H7fStuE1H09n7Y7ipLr0p

Debug level 1: CLIENT -> SERVER: ud4hhj0hKzdkO5fA06Wxi3Z6NsXghwmXGvCYNzyjgoTWCRUajiHeIcaXEb+YvZi4UeURvA3dn/Cm

Debug level 1: CLIENT -> SERVER: M8MXCShS0BSIs/gECS2F2ZlUMCH3PIy5LgTd1Hxqb/Yai48/kuE5cDUUipjFEbqFrloEwp95BVX2

Debug level 1: CLIENT -> SERVER: XV41DhK2RruqpuwxVfaSZVUv8d32Lqn+eXHXNgYYJrr+A2IfW/HtJ4H2xO17m+CdKM2JlqWyHwlW

Debug level 1: CLIENT -> SERVER: VJRAzKbwILzLAg0cOAlaZmtFi2qx7QUul8S2G6uYK2RRjQijvC/pnn+E5ql92Y+fD1g21lvuCegl

Debug level 1: CLIENT -> SERVER: zuCRGEkSvo3v7pIrmyd8V5D/Sm14smmL0Y/WXhfS4BGzPQlxWWiKpJc7Kc+oSnlOBCRW9yzbLxSr

Debug level 1: CLIENT -> SERVER: vmMk/S8SVpDsF3Zf3XYUgKjzDK0HFjLebO/X+BSnsV4CmOtLF8C+zUrh1kCDsdNsYjOKexpf7hon

Debug level 1: CLIENT -> SERVER: vwK/AG5wGzDhqFBBFyD0DsbWBAUpulcEHwcKtL3ze1RDwb4l3X3VtTP6xLMyIzFPEsD9Y+U5Ho3x

Debug level 1: CLIENT -> SERVER: ZVbNv5t347D6rZ3Vl5yHP29+//RbQyzcj7bktAzrM2YPtLp+1OvidrHbt/u2d9Tb5/QH+Dx5qU8s

Debug level 1: CLIENT -> SERVER: 3Xscqu3E3Tcki9PEVQjAp+b76W4OMV7bwrENjU6C5fTR+9E5EK6VCFujmxenL3CoPyGpaY8gnYvz

Debug level 1: CLIENT -> SERVER: mXVry0txbVtIzjXaLG2wV4XXBgtbuo01mrxVpI83f93+cT+4uf3868Pg/uOXhy8HI790cQ5qZXZ2

Debug level 1: CLIENT -> SERVER: Ovv/yOXYcGHPtvy2CmvUKr1Rx0f6629QSwcItcm+am4FAADlFwAAUEsDBBQACAgIABdhPlsAAAAA

Debug level 1: CLIENT -> SERVER: AAAAAAAAAAATAAAAT2JqZWN0IDEvc3R5bGVzLnhtbOVc627bOBb+v09hqINBC6yii93G9iQO5rKz

Debug level 1: CLIENT -> SERVER: s8A0KDIdLPbXgJEomagkChSVy7zNPsu+2JKURFFX07KdpBkXaCvy8PA7Vx5RlC6uHuJodgdJhnBy

Debug level 1: CLIENT -> SERVER: aThntjGDiYd9lISXxu+ffzaXxtXmbxc4CJAH1z728hgm1MzoYwSzGRucZOui89LISbLGIEPZOgEx

Debug level 1: CLIENT -> SERVER: zNbUW+MUJtWgtUq9FlMVLYKZ7nBBrI6m8IHqDua0jbHgVn9mQayO9gm41x3MaZlO1eEB1h38kEVm

Debug level 1: CLIENT -> SERVER: gE0PxymgqIXiIULJl0tjS2m6tqz7+/uz+/kZJqHlrFYrS/RKwJ6kS3MSCSrfs2AE+WSZ5Zw5VkUb

Debug level 1: CLIENT -> SERVER: Qwp08XFaFVKSx7eQaKsGUNCxakpgxkiYuNwv9RipYxr+dRdqe9ddOKBmbwuItp8J4qarzH19V5n7

Debug level 1: CLIENT -> SERVER: 6tgY0O2AfZfWR9Yp/vr4a+1XJNadi9M2VOURlGqLWVCr4zHGEiofUAS7gOva9sIqrhXq+1Hye4Io

Debug level 1: CLIENT -> SERVER: JAq5N0rugciTGsdxn9IYnWMxChPecZevqAkXepDze4vAFBMqgQT6yY5px5Wz+AGQ0zDK7ExwMPlA

Debug level 1: CLIENT -> SERVER: MZfKweJRZfEhb6rxEa5zHQllNg5wnviF1xdY4EMKCeJdIKryrcKhMFjZruR+19hUiT7ALMkHwIOm

Debug level 1: CLIENT -> SERVER: D70o21wUASqbZ8U1n+7S+BFE6JYgY8aipyKJUfSo9qjDeZ8ZwoRhZPbM7lGWGdb4FN8TBCKnZwbR

Debug level 1: CLIENT -> SERVER: ocFfpUgR9VhE3QE2lkX5rrl/RSyZCfXOfgNJ1gPiW5Di7LsWXdF4WmiV9BO08phRGB+kltxDPhCi

Debug level 1: CLIENT -> SERVER: zn5PEKsZ4LBqurQ66jkY40fkEZzhgM7+A36BfR5awGjRPQm2z2CLY9ADSXYcOrs1FMxle1HEVSh9

Debug level 1: CLIENT -> SERVER: GIA8Kku7inMJSZQ+pgejyKjI6yYzJSxvEYpYQVix8lAMWEfEJs0uDbfWRQoICAlIt91RjCObHKem

Debug level 1: CLIENT -> SERVER: jzIKEl5Rspz03ovr0bx+6w4U8g3EaoDXEUjCHISsN6WiwWP5khIm1g83RpuFyRIySPo8R9BVvCqy

Debug level 1: CLIENT -> SERVER: P7dVT8m06vjxusuaFxYRfGiFp2Qpu7eozVR2/etaGLbHYpuLouoqi6+GGQvdXNtGi2hWXsUoMVFC

Debug level 1: CLIENT -> SERVER: YcjG+ShElNnMERP18JQ8vJwQdq/w2DeVYy8+2ZUUdzhiJuGFNiU5NHoYPMa3OKrQNO1V0So229x8

Debug level 1: CLIENT -> SERVER: I5G1eEje3FM2M0kmLvuF7zrruFqq3pDgPBW3SUIqRVtNxejqyxhycuGxEWb19JsgsNmPz6XKZfaL

Debug level 1: CLIENT -> SERVER: +drUW2gnBqkMjsRHxf3BHYhy+PbdtyH97lK6HUjTqFS22XDL3aYajiHHPt/t2EIdN99M0o89WT9j

Debug level 1: CLIENT -> SERVER: phkN5FFpW1K9fVax3rWmPopLnDddYm8VLf9SDrGcnqdeoe8sD/Mdxz6t70xPtqfwHcc+UjI5jlin

Debug level 1: CLIENT -> SERVER: cAhh0EMcwvlLOYTz9MnkBfuOo+E7PqCwX5euoRA9tvBa/aqK2b3JVo/0EQKp03LDPsJJqAKusWnA

Debug level 1: CLIENT -> SERVER: nU+FO1N6chD122dEiKmAF0cHPAnGe+Mp1UFRPIDjQ41ji3OStWZcDygEJTll4d3vSGM5prwAsZnG

Debug level 1: CLIENT -> SERVER: CuYaoAbm8xNjHmCQQZ4OTiv0sMMsny0vaEgmzDBds+OmGfHrkUXJ1ajJxpeYl1Wxu52q63XV4O6B

Debug level 1: CLIENT -> SERVER: JZerUXJ9VfY+pKh6Za6hU1GNqXJ+qGu8rHrbnR8jFbzcClrY6xB7a2xaf1X2PmBT+bW5xuJA19DY

Debug level 1: CLIENT -> SERVER: 9v2qVonzT47WRsMLWhIOkNXVktXcS7sipPrna/I1mcNSfqJj3JR6bj7u5eVetgaraDcrR4/VjsDj

Debug level 1: CLIENT -> SERVER: ylfvXaTWdEw3190Pm72K3XUmrl5UcnFfQWQyefUik8t7pOicO88VnXPnaNEpHOUI0SkMMD06X1m9

Debug level 1: CLIENT -> SERVER: xOQ54aJ4muLoAFk1F8Xjp5lOsXmkyF48W2QvjhfZiyNF9uKgyNZ9qD113X1hgb889br7woJ/uc+6

Debug level 1: CLIENT -> SERVER: +/UkgOWzJYDl8RLA8kgJYLkzAQw+KZmvlKdMp338MeVBzqL2Luazicf393Fi4jtIgoi/UhCAKIMv

Debug level 1: CLIENT -> SERVER: 8WHPJGmdpzHGUCg7O4CP5JmF8lA68xALRRQgzxxPHY5mquS98CHFCX8hTePYagGtC/On4hitPK87

Debug level 1: CLIENT -> SERVER: 7cwzwcWLRyaIUMhiNGG4ZIrllB4Tsey7xZTikWPNyuacLX6ds8TKqxWMWDRn6E9+YtpJaYOaN1eH

Debug level 1: CLIENT -> SERVER: kjudzWPJfW9riOGSQjCoDyDvUOwNzMb1WvakgMh3Cs2mTUY0VMAr/BdRBt2r+AniPPEhiVACK5oM

Debug level 1: CLIENT -> SERVER: R8gfILlHPn/HCuQUD1CU9hCTiv/Xir+HKNxSbtXIb+pOCFTqvglRGVgRDAyXuh9mIEkEiz3N406y

Debug level 1: CLIENT -> SERVER: T9O0/A2+zkHb2r27U/8CAX/D9FSu0Q6eZoi4i/I9ANWDEkxifiZ/t1GVeCo4DVm8YrmHxRvBNsBd

Debug level 1: CLIENT -> SERVER: 9g/zn+gQpVWcSWapTLpfrkxCrvyVvTfIP1z7DwnURxlbPB6bSGZHkmMo8xTpdjmWbns762S63CeZ

Debug level 1: CLIENT -> SERVER: KnK743JPi+g95XbH5O7trOV295H7M8NxUJ4YSUPXmMJJvAWocU9n+roF3hd+P5f4Zv2sLQg8r7Yf

Debug level 1: CLIENT -> SERVER: CHHC6oLbyKSkWTPIPsq6ZR/nionPX662z2z3gxfPxLo2e7O0+R+tmmIufvom+BljmhxHVcOgSvzj

Debug level 1: CLIENT -> SERVER: K7vWstq/buoH2mMq1vwvJxWXL0xQavSEFUs1k7b8v7HcnGenCrl/YuxP4l3CmhJ0nieCTq/c/vDB

Debug level 1: CLIENT -> SERVER: 3mM1uoY5Jcoi/EQSlWlER6LVaj+JfgBPbh8ui6Y0nledVdCT5t+AJFMLzbZEx0P1D0L4DcRTR0EF

Debug level 1: CLIENT -> SERVER: cqc8gfhpFMM76tnDytHvPY+Jf9Lbx+cUbKSCLQgmFrCl2qa4SHm/tIeLTJB5oHotZZ5WvB4g8x51

Debug level 1: CLIENT -> SERVER: 03SZ56Myz59aZl/8uoJYrQ8DlJe8yIjZDZtnVh0VqBCaTBqc04bcH9O4PoOqEPW8uY9Ixpo5SbFX

Debug level 1: CLIENT -> SERVER: d2nwLXuU5LI04p+AYRncjLHPNyqJSW9rY23ZTUt7g69sC1jRyv5p6oJvGW7LmLfPzvm3BUQzICHr

Debug level 1: CLIENT -> SERVER: iWDA25uNpKRuthY7eJxJ9YECaxhRCeXpUVKc9kBswrE6ZtIwr6tn3pPazjmW8Vo3VctlfVOlbCCl

Debug level 1: CLIENT -> SERVER: wC8+isZInGU1rGeZtfkfqR+FAsVMVx1P6ch6UlearjTVl16qxnZ7tjWY0sqOGGSShUx0ZSPnNPbk

Debug level 1: CLIENT -> SERVER: QI2FnkxYwN9c8BVmnZb/ZlsIC+rN1dXVhdVuLFvSlhJatud2bK4w1TMwq+k5cvZP//svsyqYldd1

Debug level 1: CLIENT -> SERVER: Bt441ZRKWwdFxa2h91EUVkeVu7R7U35za0S5bke5xRWBId9e5ID21PfsbUFHEY1UkuL6XUcRjZka

Debug level 1: CLIENT -> SERVER: TSKMWrPzN5EG98xZ6SOJTPGI99Jwbfe9aa/MOYuPuW3ZK4u3lCg44ebvswowQ2+v1vZybc8l6D4P

Debug level 1: CLIENT -> SERVER: auJ7TreaWSqh+AbJZrVSCYu2E7mf1R/zVv/HLjf/B1BLBwg35nSsBQoAACxTAABQSwMEFAAICAgA

Debug level 1: CLIENT -> SERVER: F2E+WwAAAAAAAAAAAAAAABUAAABPYmplY3QgMS9zZXR0aW5ncy54bWy1V11zojAUfd9f4fBuQWw7

Debug level 1: CLIENT -> SERVER: K6N2qJ1u3e2HI9j9eItwlUxDLpME0f31G0Q7LsVda+WJIck95+Rycm/oXi1j1liAkBR5z2idWUYD

Debug level 1: CLIENT -> SERVER: eIAh5fOeMfFvm5+Nq/6nLs5mNAAnxCCNgaumBKX0EtnQ4Vw6xXTPSAV3kEgqHU5ikI4KHEyAb8Oc

Debug level 1: CLIENT -> SERVER: 3dXOmqwYWTLKX3pGpFTimGaWZWdZ+wzF3Gx1Oh1zPbtdGiCf0fmhVMXqXSpEfCXKAwoxazLbss7N

Debug level 1: CLIENT -> SERVER: 4t1obETupMY2+ts8bLff724IikeTKojz3DQ2w7m0nqEpnQWF7DVrRlXc3zHPVNIpA1cA8TExtpNq

Debug level 1: CLIENT -> SERVER: lehJypXRb9sXLbtrvgV6F/g9zFQVuvVh5O80VFEVdMeyP677Dug8qlR+YbUPRW/GJGlSHsISwjIT

Debug level 1: CLIENT -> SERVER: ZNWfaR2jDSZW/9frBoouwCdac0mpVEIbwej7k5H7eDOsFlwxuMu+b3qzoeoF2oKHm7YYSAVR+gi8

Debug level 1: CLIENT -> SERVER: x71ehNkvEPhMWAqytPcpIgPCjb4SKRxnhBz/EVVd0F8EDU+PnKMOkKEoQTPMndCyL9u2fXF5vOoR

Debug level 1: CLIENT -> SERVER: mcO1PhovNWTlXlfgSRISBQ8YvjFzhCIvSMdB3xGps5LGfIzZHZBQF9zT69ckXgSg9FmsAX0on1Kl

Debug level 1: CLIENT -> SERVER: mxR4q3iKTHpQrkwnIfE4SXwcE6mg7KFX/Blh8kiCAngoN1W2NoYxSP2985Lyo6p+tyzryOZThv9Z

Debug level 1: CLIENT -> SERVER: B7yXTkO6oHKv/BOBV4s/1joFvLuk0lvxIBLI6W+ooca5qcIBYUHKdKk4PfxId029j0f9Ut1QzYMx

Debug level 1: CLIENT -> SERVER: 9BlNy/eqKZFweX5NORGrQ6DcJGGriQRxQxQ5/W4HEREk0FoHGCcCZG4LX4NXl98jXT2U30BwV1LC

Debug level 1: CLIENT -> SERVER: RykPVLpu9jUcfo8s4Lm4TT/xAUNZR4UpetStwNiHOKnHhC5jutnmLvqK0wHhAbAaGi6ScKy7IXK2

Debug level 1: CLIENT -> SERVER: qiFPQ3mz+VHytMn2V4J/UOy9XZpvfpLMfb+P/T9QSwcIPyJ1pNkCAACADgAAUEsDBBQAAAgAABdh

Debug level 1: CLIENT -> SERVER: PlvoACgK+wMAAPsDAAAIAAAAbWV0YS54bWw8P3htbCB2ZXJzaW9uPSIxLjAiIGVuY29kaW5nPSJV

Debug level 1: CLIENT -> SERVER: VEYtOCI/Pgo8b2ZmaWNlOmRvY3VtZW50LW1ldGEgeG1sbnM6b2ZmaWNlPSJ1cm46b2FzaXM6bmFt

Debug level 1: CLIENT -> SERVER: ZXM6dGM6b3BlbmRvY3VtZW50OnhtbG5zOm9mZmljZToxLjAiIHhtbG5zOnhsaW5rPSJodHRwOi8v

Debug level 1: CLIENT -> SERVER: d3d3LnczLm9yZy8xOTk5L3hsaW5rIiB4bWxuczpkYz0iaHR0cDovL3B1cmwub3JnL2RjL2VsZW1l

Debug level 1: CLIENT -> SERVER: bnRzLzEuMS8iIHhtbG5zOm1ldGE9InVybjpvYXNpczpuYW1lczp0YzpvcGVuZG9jdW1lbnQ6eG1s

Debug level 1: CLIENT -> SERVER: bnM6bWV0YToxLjAiIHhtbG5zOm9vbz0iaHR0cDovL29wZW5vZmZpY2Uub3JnLzIwMDQvb2ZmaWNl

Debug level 1: CLIENT -> SERVER: IiBvZmZpY2U6dmVyc2lvbj0iMS4yIj48b2ZmaWNlOm1ldGE+PG1ldGE6aW5pdGlhbC1jcmVhdG9y

Debug level 1: CLIENT -> SERVER: PmVsaXNldTwvbWV0YTppbml0aWFsLWNyZWF0b3I+PG1ldGE6ZWRpdGluZy1jeWNsZXM+MjwvbWV0

Debug level 1: CLIENT -> SERVER: YTplZGl0aW5nLWN5Y2xlcz48bWV0YTpjcmVhdGlvbi1kYXRlPjIwMjUtMDktMjlUMTI6MjU6MDA8

Debug level 1: CLIENT -> SERVER: L21ldGE6Y3JlYXRpb24tZGF0ZT48ZGM6ZGF0ZT4yMDI1LTA5LTMwVDA5OjA4OjQ2LjkwPC9kYzpk

Debug level 1: CLIENT -> SERVER: YXRlPjxtZXRhOmVkaXRpbmctZHVyYXRpb24+UFQwMEgwME0wMFM8L21ldGE6ZWRpdGluZy1kdXJh

Debug level 1: CLIENT -> SERVER: dGlvbj48bWV0YTpnZW5lcmF0b3I+QnJPZmZpY2Uub3JnLzMuMSRXaW4zMiBPcGVuT2ZmaWNlLm9y

Debug level 1: CLIENT -> SERVER: Z19wcm9qZWN0LzMxMG0xMSRCdWlsZC05Mzk5PC9tZXRhOmdlbmVyYXRvcj48bWV0YTpkb2N1bWVu

Debug level 1: CLIENT -> SERVER: dC1zdGF0aXN0aWMgbWV0YTp0YWJsZS1jb3VudD0iMCIgbWV0YTppbWFnZS1jb3VudD0iMCIgbWV0

Debug level 1: CLIENT -> SERVER: YTpvYmplY3QtY291bnQ9IjEiIG1ldGE6cGFnZS1jb3VudD0iMSIgbWV0YTpwYXJhZ3JhcGgtY291

Debug level 1: CLIENT -> SERVER: bnQ9IjkiIG1ldGE6d29yZC1jb3VudD0iNTAiIG1ldGE6Y2hhcmFjdGVyLWNvdW50PSIyOTMiLz48

Debug level 1: CLIENT -> SERVER: bWV0YTp0ZW1wbGF0ZSB4bGluazp0eXBlPSJzaW1wbGUiIHhsaW5rOmFjdHVhdGU9Im9uUmVxdWVz

Debug level 1: CLIENT -> SERVER: dCIgeGxpbms6dGl0bGU9Ik5vcm1hbCIgeGxpbms6aHJlZj0iIi8+PC9vZmZpY2U6bWV0YT48L29m

Debug level 1: CLIENT -> SERVER: ZmljZTpkb2N1bWVudC1tZXRhPlBLAwQUAAgICAAXYT5bAAAAAAAAAAAAAAAAGAAAAFRodW1ibmFp

Debug level 1: CLIENT -> SERVER: bHMvdGh1bWJuYWlsLnBuZ+2WaVQSiBbHec2pSc3lvcolF3IaMwVDy8QtmaR1HJcUFDWXIu25ACrj

Debug level 1: CLIENT -> SERVER: kgvaopZatglPKc3zNHKlNMMVl1RSUyZxwkAkNcVAQEVFReB1zpyZM5/eee/rO+/Tvef8z7lf7v//

Debug level 1: CLIENT -> SERVER: u/e2j9cZbc19mgAAQPvc2ZO+X2sTAPAXwM4dX7vVA1AuAKBpf+7kCUTKYzFvKH7mrH721NAtB4vu

Debug level 1: CLIENT -> SERVER: vpMu1z+dNivQQA3kBUVZQZovdl2PP6EFoIcva3zv4+vpfXz/8rx6z/l0i6ybKXnDg/Ti9ZjSK988

Debug level 1: CLIENT -> SERVER: 2lr9aAogQN21nW7uS9h57LNe9FvzsXvw5+a5PnCd8hyT/1TA+zyntGS2FIc4x8Q2xJvURe07KnhX

Debug level 1: CLIENT -> SERVER: /ORZVZnyqMpSg0rDpJVskq7G9jh04LibvPVg9VsnQZjoCv+QmyCYocxRBgLNgjmEkrnF8BUXrAPD

Debug level 1: CLIENT -> SERVER: WqyM6YAlTDARDoVtvBWoOF585u+fFcBSbYU2lyNxKEWLdF2zjy4zNzCM8fuJxvxeWpVO0GupEkPm

Debug level 1: CLIENT -> SERVER: rpf11ynJ0yrfzK0Zlp2Uj3Zae5i6q9xkITWjkUIR7LlEum5wxOyGXrC9yoY8F58ikytM1vSu12i/

Debug level 1: CLIENT -> SERVER: aUwMScHcMj4Wz7WKNeELL2lyC/npCss2VLrTZzsgiCY312oRwX1PA6fHj7iUZdRvhW6StQPUg426

Debug level 1: CLIENT -> SERVER: S8NA2YNUQ1197Ig5BT0oNmRaSkRC2lVsuiEOEsnr6yfVhIg/qh+9pg/HvWQnNbg9zu9rZ/CvVcpo

Debug level 1: CLIENT -> SERVER: AzSjnMZjpDhJVeYSxJ2lNw90PDQmGUsKofM3oQmyEl2yh/xCa0hQEpVY4iWzd1JfXEuN5i4HYYto

Debug level 1: CLIENT -> SERVER: A2Wbopk4WkbT6KQNU8xRwNC72ZgkNtGt6UliBHDIri3Besgp1kyBIeLfcZtnL0zUD9tDSR5bVG8e

Debug level 1: CLIENT -> SERVER: c3V8dqKNJVlZvPbthpfYqxU3p3aGzuLVR82+H+uCnfk3DhB0WXe8X5hAPV8yUlRnWQWIMsK++FtP

Debug level 1: CLIENT -> SERVER: hy5EGog4PsXQYXT15kBRYptmR1TwKfn52QtOhOpRkJxPJRqTW/+GwwBB2ykE+p3yfquiCzbINKD/

Debug level 1: CLIENT -> SERVER: xxaE0/wHNlgOw5DluMSIqVdVhmCBUaFIUWKtq5RGOCU55sbdhfKZHguIBXgIcr1wk6bCiggEuRnv

Debug level 1: CLIENT -> SERVER: YtOn7rKxDRJrPazfcTzRNi3PglIZja1LCQZNj6gsd+IeZ36zlcTPaTzO+LGtdXoEZii0bm0IU9Qn

Debug level 1: CLIENT -> SERVER: HDblj5L9JSSxTa61nGaER6H3hkfD7pbzInQEiw4VqmwCldvHecayn5xrHvqFgoiAspUae1NIHsJM

Debug level 1: CLIENT -> SERVER: sPPCoMrGFIrU9997A11/eeUOdWoP/Kl7EVqCoWMOCuT4ULNcPgNVrQmBCcNIa0UgHZY0ictcPZ5A

Debug level 1: CLIENT -> SERVER: HMySgn7pvoZMRSK9UigT9UHU6pL8TEnNYi1iBMkVg1aID9qxHyOt0mpAgp5g4aDHrMre27OxjohH

Debug level 1: CLIENT -> SERVER: FhJV2fvrGFd5SGGL8B/1Yi/eKLseq69gIQUvJ3FsFudxcrUtOGO+eqaeyeYIA9hYLGGic/SDDZOt

Debug level 1: CLIENT -> SERVER: /JlsOnGlci+/ygDxpmr/70keeQlPJbm2vN51vO/iM/uKz9O7kMnJ6gf9M06Sh5uxDhPpWcyIeSvP

Debug level 1: CLIENT -> SERVER: UNOe5kl8W4EzoFPYbN7xQXyw+9m3GC7h1V8X/da9fjeIib6QLhWgEHhFJJtmmUbw7HM8YwoMY1yE

Debug level 1: CLIENT -> SERVER: py4d3NJa2oKkOUNjnlKiSpedkxkr24U6pspbcg5W/sDlfMI1/m3pn/jyeEZwiA6FxhXrGswZOjhI

Debug level 1: CLIENT -> SERVER: 8sueRevwh4Z7UkeAI+gC/MJ0ut5pP/pzuFbJcm+XeOKHxtlowFB7b+v6AKPRqmar7X09Drf2M71C

Debug level 1: CLIENT -> SERVER: o1z6Dg0O2Bn36FF6YK7ul74zS8zo0vBiLdSwx8QeWAu22Fge5BmbjjObUchWF4sWn/yZavP3QvGB

Debug level 1: CLIENT -> SERVER: bBMQ/GeHyvd5+92CIYpVyXLQ1eLaiC+1rcOXMy5ghxa4ncOlapaNYp9iUup81/zImKVk3DsaWmnR

Debug level 1: CLIENT -> SERVER: RrR4UdLuFRDqEJN8/514OYhI6mpwLbiysa0k0Tg5ukRmUrhEq/yBVNmwb5sSaUJfGPetpAU7g8Gv

Debug level 1: CLIENT -> SERVER: 52GDyQYDtSQ2B/KwyZWGmeH4ofRreeCiosMvblOnsHS/XFtVd0djxbhBArR8B8Hgt5TqGI9qaeUw

Debug level 1: CLIENT -> SERVER: GioiLNRkXj8+KDuzMS+zuj2tIOKtUFZNDdc7fZjlLix/ajuGzt7+qzzggCFL60PBxoRybUlzW3Kz

Debug level 1: CLIENT -> SERVER: s/qAU+zKm2MzsbTuzqioDiUqxeBH0SASAK7NCrOWmkUYNSivFoEMHWNygl077RAGpYzEFDv/Q8S9

Debug level 1: CLIENT -> SERVER: m/wtB2XC9htxxv5inMs2JeiuYnOK4xfQP9lj2ai+zLkzUqkIofGX6ZiRGmEau07Q1Dl9AuwNht+f

Debug level 1: CLIENT -> SERVER: 1dyhKu3EAKchsowZl1VKcK6xUdLW8T92ILNCplYdov70CiM75cjORxDzUW79L8wkwwLEF96I26fV

Debug level 1: CLIENT -> SERVER: 3kDgjC1YP/IexKC1QKatYa/ClflV0gqykLuv4AOfqGNLjfULeiHNbdKxwiVYSBxTcnisi/rdbyhj

Debug level 1: CLIENT -> SERVER: HdbZ5J3kROXxKSx81FlcCJoa5EFl4g3JTZ4m+gW748jtpaEw7hFX1EEhUdOZ9lO/Z8a84EXIMcv1

Debug level 1: CLIENT -> SERVER: J6vK5V4+vQw+5SvzEymWCvn/TB/tO8FaDifffhXV0d6sH+pDfWlQqiV234hE3YB4VZjKTp3ORfzK

Debug level 1: CLIENT -> SERVER: rli1tKmjBLymWn6d2eprI4DPuXO7R+AlzYqlTQIm1iUnY6Ln5lRZIB9SdlTV7N3uOE/4TuzcLg9N

Debug level 1: CLIENT -> SERVER: 5HLqQ8p0MsEumBpla4Q2XbrW6ZSTDy8QXXoAQ/GZ7uq26B5bkYIHovv9V/f7/8L/siDoXBDZNUtd

Debug level 1: CLIENT -> SERVER: 1s59fSMB5055nax3D7/+L1BLBwgGFvR4PQgAAG0KAABQSwMEFAAICAgAF2E+WwAAAAAAAAAAAAAA

Debug level 1: CLIENT -> SERVER: AAwAAABzZXR0aW5ncy54bWy1WVtz2joQfj+/IuN3QqBt0jAJHSClh4YEBkgzp2/CXkAHWeuR5AD/

Debug level 1: CLIENT -> SERVER: /qxkyKRccgi2nkhsaVd7+/Zb+ebbMhZnL6A0R3kbVM4vgjOQIUZcTm+Dp1G79DX4Vv/rBicTHkIt

Debug level 1: CLIENT -> SERVER: wjCNQZqSBmNoiT6j7VLXste3QapkDZnmuiZZDLpmwhomIDfbam9X15yy7MlScDm/DWbGJLVyebFY

Debug level 1: CLIENT -> SERVER: nC8+naOalivX19dl93azNEQ54dNjVWWr36pCxFdFdkN2GKesenHxuZz9H5ytD/nGNdWgvvHDxvz6

Debug level 1: CLIENT -> SERVER: zVpB9lPiBmLrm7P1Y3u024BU1l44LF69Fuzb9+eeX7S+oYCNMAk2b8wqoTdcmqB+cVPelXC81C5M

Debug level 1: CLIENT -> SERVER: jAexzzwys31yP1W/XFXzyf4b+HS299DVSuXy62nChzNcDCCi/ILWjMkp6C0FY0QBTAZ1o1I4TUdH

Debug level 1: CLIENT -> SERVER: NhUuNDxgBIekT5jQR4svxSwpcRnBEqJdX+1PLreHykKtjvN4J9o6qjaKMjeo2zzOEclDiVe5rF5W

Debug level 1: CLIENT -> SERVER: Thd7oEoqF5dXX06VqvlYQOGF4qQWXdRO6OBQfdjiyye6icZgfKj2rk6T/RsxHpGk7USbocqHRF22

Debug level 1: CLIENT -> SERVER: wtS0UKSx3K7noqQ3EeeFFfSuX9osNKj2n71yceLpO3oIAkIDUVvRgxOOvufhW2A59HqNVfsXUE88

Debug level 1: CLIENT -> SERVER: votmD1LFDPXkj7TTRhT1mWIjRtk8TFhosaz40PUJI80ALGeAbQAtQn4vNbZVdUmD+IeDiPRjGo9B

Debug level 1: CLIENT -> SERVER: +bGmS6zrKYmY2de6NsmYw1Hf48Ss+sxP051KVNDmShsyAzqUgdJ0pE93EYFQVLagWhgnCrSljYXj

Debug level 1: CLIENT -> SERVER: m3PckAwQ8BPHBx2Xw4ws4m1F4AxxIujv4qPjrOizBJTVMwSTbvfDIiyhmndA15tMCCl8+MrZYSmC

Debug level 1: CLIENT -> SERVER: pyxeU9O+QkO4Tfl0D6ttLUzD5ecml0ytgvKRR3Yw6OG864O2UW2ThaIKzDRSg1mKekrLFlIzQ+HF

Debug level 1: CLIENT -> SERVER: OyQe1N50/2AUM3ijMOqGjJqCybkmp1ukazERpsL1R18J35ASjdNwuC+cCG9dZNEAWIRS7CR6MYhg

Debug level 1: CLIENT -> SERVER: WcCaAIzQ1UELhI9ok67vSwq3ZKJLFr3Tc3LoSBKxetKg7phhxYtvW4rhs+CG7AV+ZRcsPdkSqH3w

Debug level 1: CLIENT -> SERVER: aavkh8AxE3fruyFLbHy0g46+p3g3NGeyn8rQpL7KsCH4VFLyDg0mfdT8PTWnR6cleNLQr7SmIUOq

Debug level 1: CLIENT -> SERVER: bYieFS1VbbFyzdWHH1upUhQmm9QWGO3vEFMV7mBNdidxBF6SrxquUWdEkLDS4sBUsWSmO7LL9fbg

Debug level 1: CLIENT -> SERVER: XIQZd/iIpsUSkyq4U2zRG/+re9JSBQ/KHJQNcHEP4INLrXvX4+7ceHwQnIw2W+YSQu1Z8wjUCJbm

Debug level 1: CLIENT -> SERVER: meLXk+RWqgEfTFhDT0Rryx+Ajhh6I5Hu8sbXLKS7bAyv6OfHU5bzgWMg/sbrPUN8wwwNscLinfZq

Debug level 1: CLIENT -> SERVER: 0ibREj82OZAYAA0o1rSGMcoyOZpT2+glVNnopVAnRNR9yf9hgfWdasnBeITAhdNB42+LyRCEh8b3

Debug level 1: CLIENT -> SERVER: Z/+heT5mMtozy+e5tXWB/5lqwycrWzb6mZvZA5MpE00FbO6nR+gB2OHgBUaYtUKfaEDITEm2ISge

Debug level 1: CLIENT -> SERVER: r9xAWWPs1z/L7twF7YHPFzPC2ZICjSK1Z8rTGHzeJa0vSKbQZOF8qjCVB68Ti07zfO3d8hx3Jetn

Debug level 1: CLIENT -> SERVER: eqZRN5xbZPTS7+WS8jaE36CQRrf/mdo+eE3urrnLO5+Py4c+rNf/A1BLBwjDeUUA/QQAAJofAABQ

Debug level 1: CLIENT -> SERVER: SwMEFAAICAgAF2E+WwAAAAAAAAAAAAAAABUAAABNRVRBLUlORi9tYW5pZmVzdC54bWy1ls9uwjAM

Debug level 1: CLIENT -> SERVER: xu88RZU7zeA0VRSkTdp10sQewKRuyZQmUewgePu1TPwZQxOg5pZEye/77DR2Z4tta7INBtLOlmKS

Debug level 1: CLIENT -> SERVER: P4kMrXKVtk0pPpdv42exmI9mLVhdI3FxGGTdOUvHaSlisIUD0lRYaJEKVoXzaCunYouWi9/7i15p

Debug level 1: CLIENT -> SERVER: PspO4FobHHcbwy47iWGlYcw7j6UA741WwJ1PubFVvtfKzyVyxi2L0+mzqKZny3U0ZuyB16WQQt7l

Debug level 1: CLIENT -> SERVER: 4Trl1dlaNzHsvdFUEgNHWkFIgwel0GA3dUGqGEIfeZfc5FpJBGrjgDER3DsfffdlxET44JqAlO6m

Debug level 1: CLIENT -> SERVER: e+vJ4OycSQbXLTRI8kVzC56SatzJviwjFG3/evKoc3UucJuHQQJ7X32h4g/0BhT2hYzkz1I2ScW/

Debug level 1: CLIENT -> SERVER: k9sXVtnXmKv8Lm/8WBH6n0u8M0iDYw+5lal8HwVSB0DI3PXpRxRu6KbkA0JFa8T7murR3qBBt8gw

Debug level 1: CLIENT -> SERVER: WJtbrmO7sqANST4Mc2+boeHDPoeL257JPz9l829QSwcI5xErG3oBAADPCQAAUEsBAhQAFAAACAAA

Debug level 1: CLIENT -> SERVER: F2E+W17GMgwnAAAAJwAAAAgAAAAAAAAAAAAAAAAAAAAAAG1pbWV0eXBlUEsBAhQAFAAACAAAF2E+

Debug level 1: CLIENT -> SERVER: WwAAAAAAAAAAAAAAABoAAAAAAAAAAAAAAAAATQAAAENvbmZpZ3VyYXRpb25zMi9zdGF0dXNiYXIv

Debug level 1: CLIENT -> SERVER: UEsBAhQAFAAICAgAF2E+WwAAAAACAAAAAAAAACcAAAAAAAAAAAAAAAAAhQAAAENvbmZpZ3VyYXRp

Debug level 1: CLIENT -> SERVER: b25zMi9hY2NlbGVyYXRvci9jdXJyZW50LnhtbFBLAQIUABQAAAgAABdhPlsAAAAAAAAAAAAAAAAY

Debug level 1: CLIENT -> SERVER: AAAAAAAAAAAAAAAAANwAAABDb25maWd1cmF0aW9uczIvZmxvYXRlci9QSwECFAAUAAAIAAAXYT5b

Debug level 1: CLIENT -> SERVER: AAAAAAAAAAAAAAAAGgAAAAAAAAAAAAAAAAASAQAAQ29uZmlndXJhdGlvbnMyL3BvcHVwbWVudS9Q

Debug level 1: CLIENT -> SERVER: SwECFAAUAAAIAAAXYT5bAAAAAAAAAAAAAAAAHAAAAAAAAAAAAAAAAABKAQAAQ29uZmlndXJhdGlv

Debug level 1: CLIENT -> SERVER: bnMyL3Byb2dyZXNzYmFyL1BLAQIUABQAAAgAABdhPlsAAAAAAAAAAAAAAAAYAAAAAAAAAAAAAAAA

Debug level 1: CLIENT -> SERVER: AIQBAABDb25maWd1cmF0aW9uczIvbWVudWJhci9QSwECFAAUAAAIAAAXYT5bAAAAAAAAAAAAAAAA

Debug level 1: CLIENT -> SERVER: GAAAAAAAAAAAAAAAAAC6AQAAQ29uZmlndXJhdGlvbnMyL3Rvb2xiYXIvUEsBAhQAFAAACAAAF2E+

Debug level 1: CLIENT -> SERVER: WwAAAAAAAAAAAAAAAB8AAAAAAAAAAAAAAAAA8AEAAENvbmZpZ3VyYXRpb25zMi9pbWFnZXMvQml0

Debug level 1: CLIENT -> SERVER: bWFwcy9QSwECFAAUAAgICAAXYT5bFuX/OXsBAABpAwAAGwAAAAAAAAAAAAAAAAAtAgAAT2JqZWN0

Debug level 1: CLIENT -> SERVER: UmVwbGFjZW1lbnRzL09iamVjdCAxUEsBAhQAFAAICAgAF2E+W7A/QYbWBAAAoBIAAAsAAAAAAAAA

Debug level 1: CLIENT -> SERVER: AAAAAAAA8QMAAGNvbnRlbnQueG1sUEsBAhQAFAAICAgAF2E+W51wzVeFCwAA9lUAAAoAAAAAAAAA

Debug level 1: CLIENT -> SERVER: AAAAAAAAAAkAAHN0eWxlcy54bWxQSwECFAAUAAgICAAXYT5btcm+am4FAADlFwAAFAAAAAAAAAAA

Debug level 1: CLIENT -> SERVER: AAAAAAC9FAAAT2JqZWN0IDEvY29udGVudC54bWxQSwECFAAUAAgICAAXYT5bN+Z0rAUKAAAsUwAA

Debug level 1: CLIENT -> SERVER: EwAAAAAAAAAAAAAAAABtGgAAT2JqZWN0IDEvc3R5bGVzLnhtbFBLAQIUABQACAgIABdhPls/InWk

Debug level 1: CLIENT -> SERVER: 2QIAAIAOAAAVAAAAAAAAAAAAAAAAALMkAABPYmplY3QgMS9zZXR0aW5ncy54bWxQSwECFAAUAAAI

Debug level 1: CLIENT -> SERVER: AAAXYT5b6AAoCvsDAAD7AwAACAAAAAAAAAAAAAAAAADPJwAAbWV0YS54bWxQSwECFAAUAAgICAAX

Debug level 1: CLIENT -> SERVER: YT5bBhb0eD0IAABtCgAAGAAAAAAAAAAAAAAAAADwKwAAVGh1bWJuYWlscy90aHVtYm5haWwucG5n

Debug level 1: CLIENT -> SERVER: UEsBAhQAFAAICAgAF2E+W8N5RQD9BAAAmh8AAAwAAAAAAAAAAAAAAAAAczQAAHNldHRpbmdzLnht

Debug level 1: CLIENT -> SERVER: bFBLAQIUABQACAgIABdhPlvnESsbegEAAM8JAAAVAAAAAAAAAAAAAAAAAKo5AABNRVRBLUlORi9t

Debug level 1: CLIENT -> SERVER: YW5pZmVzdC54bWxQSwUGAAAAABMAEwD9BAAAZzsAAAAA

Debug level 1: CLIENT -> SERVER: 

Debug level 1: CLIENT -> SERVER: --b1=_z9fNEf09SRm5xDyoXWog5sKjYTPOhBfGi8utJDwQDE--

Debug level 1: CLIENT -> SERVER: 

Debug level 1: CLIENT -> SERVER: .

Debug level 2: SERVER -> CLIENT: 250 2.0.0 Ok: queued as AEB681005621

Debug level 1: CLIENT -> SERVER: QUIT

Debug level 2: SERVER -> CLIENT: 221 2.0.0 Bye

