Debug level 2: SERVER -> CLIENT: 220 smtp-sp217-120.kinghost.net ESMTP

Debug level 1: CLIENT -> SERVER: EHLO localhost

Debug level 2: SERVER -> CLIENT: 250-smtp-sp217-120.kinghost.net
250-PIPELINING
250-SIZE 62914560
250-VRFY
250-ETRN
250-STARTTLS
250-AUTH PLAIN LOGIN
250-AUTH=PLAIN LOGIN
250-ENHANCEDSTATUSCODES
250-8BITMIME
250-DSN
250 CHUNKING

Debug level 1: CLIENT -> SERVER: AUTH LOGIN

Debug level 2: SERVER -> CLIENT: 334 VXNlcm5hbWU6

Debug level 1: CLIENT -> SERVER: [credentials hidden]
Debug level 2: SERVER -> CLIENT: 334 UGFzc3dvcmQ6

Debug level 1: CLIENT -> SERVER: [credentials hidden]
Debug level 2: SERVER -> CLIENT: 235 2.7.0 Authentication successful

Debug level 1: CLIENT -> SERVER: MAIL FROM:<ourodosul@ourodosul.com.br>

Debug level 2: SERVER -> CLIENT: 250 2.1.0 Ok

Debug level 1: CLIENT -> SERVER: RCPT TO:<flaviodeoliveirasenger@gmail.com>

Debug level 2: SERVER -> CLIENT: 250 2.1.5 Ok

Debug level 1: CLIENT -> SERVER: DATA

Debug level 2: SERVER -> CLIENT: 354 End data with <CR><LF>.<CR><LF>

Debug level 1: CLIENT -> SERVER: Date: Tue, 30 Sep 2025 15:29:21 +0200

Debug level 1: CLIENT -> SERVER: To: flaviodeoliveirasenger@gmail.com

Debug level 1: CLIENT -> SERVER: From: ourodosul@ourodosul.com.br

Debug level 1: CLIENT -> SERVER: Subject: =?iso-8859-1?Q?Atualiza=C3=A7=C3=A3o_de_Cadastro?=

Debug level 1: CLIENT -> SERVER: Message-ID: <Zo8vsW1sWTpeBTkbrzGots0XkuVxEZaJcBrG4YJXDs@localhost>

Debug level 1: CLIENT -> SERVER: X-Mailer: PHPMailer 6.10.0 (https://github.com/PHPMailer/PHPMailer)

Debug level 1: CLIENT -> SERVER: MIME-Version: 1.0

Debug level 1: CLIENT -> SERVER: Content-Type: multipart/mixed;

Debug level 1: CLIENT -> SERVER:  boundary="b1=_Zo8vsW1sWTpeBTkbrzGots0XkuVxEZaJcBrG4YJXDs"

Debug level 1: CLIENT -> SERVER: Content-Transfer-Encoding: 8bit

Debug level 1: CLIENT -> SERVER: 

Debug level 1: CLIENT -> SERVER: --b1=_Zo8vsW1sWTpeBTkbrzGots0XkuVxEZaJcBrG4YJXDs

Debug level 1: CLIENT -> SERVER: Content-Type: multipart/alternative;

Debug level 1: CLIENT -> SERVER:  boundary="b2=_Zo8vsW1sWTpeBTkbrzGots0XkuVxEZaJcBrG4YJXDs"

Debug level 1: CLIENT -> SERVER: 

Debug level 1: CLIENT -> SERVER: --b2=_Zo8vsW1sWTpeBTkbrzGots0XkuVxEZaJcBrG4YJXDs

Debug level 1: CLIENT -> SERVER: Content-Type: text/plain; charset=iso-8859-1

Debug level 1: CLIENT -> SERVER: Content-Transfer-Encoding: 8bit

Debug level 1: CLIENT -> SERVER: 

Debug level 1: CLIENT -> SERVER: (Sem conteúdo)

Debug level 1: CLIENT -> SERVER: 

Debug level 1: CLIENT -> SERVER: --b2=_Zo8vsW1sWTpeBTkbrzGots0XkuVxEZaJcBrG4YJXDs

Debug level 1: CLIENT -> SERVER: Content-Type: text/html; charset=iso-8859-1

Debug level 1: CLIENT -> SERVER: Content-Transfer-Encoding: 8bit

Debug level 1: CLIENT -> SERVER: 

Debug level 1: CLIENT -> SERVER: <p>(Sem conteúdo)</p>

Debug level 1: CLIENT -> SERVER: 

Debug level 1: CLIENT -> SERVER: 

Debug level 1: CLIENT -> SERVER: --b2=_Zo8vsW1sWTpeBTkbrzGots0XkuVxEZaJcBrG4YJXDs--

Debug level 1: CLIENT -> SERVER: 

Debug level 1: CLIENT -> SERVER: --b1=_Zo8vsW1sWTpeBTkbrzGots0XkuVxEZaJcBrG4YJXDs

Debug level 1: CLIENT -> SERVER: Content-Type: application/octet-stream; name="5131 .4  FLAVIO DE OLIVEIRA SENGER.odt"

Debug level 1: CLIENT -> SERVER: Content-Transfer-Encoding: base64

Debug level 1: CLIENT -> SERVER: Content-Disposition: attachment; filename="5131 .4  FLAVIO DE OLIVEIRA SENGER.odt"

Debug level 1: CLIENT -> SERVER: 

Debug level 1: CLIENT -> SERVER: UEsDBBQAAAgAAJxrPltexjIMJwAAACcAAAAIAAAAbWltZXR5cGVhcHBsaWNhdGlvbi92bmQub2Fz

Debug level 1: CLIENT -> SERVER: aXMub3BlbmRvY3VtZW50LnRleHRQSwMEFAAACAAAnGs+WwAAAAAAAAAAAAAAABoAAABDb25maWd1

Debug level 1: CLIENT -> SERVER: cmF0aW9uczIvc3RhdHVzYmFyL1BLAwQUAAgICACcaz5bAAAAAAAAAAAAAAAAJwAAAENvbmZpZ3Vy

Debug level 1: CLIENT -> SERVER: YXRpb25zMi9hY2NlbGVyYXRvci9jdXJyZW50LnhtbAMAUEsHCAAAAAACAAAAAAAAAFBLAwQUAAAI

Debug level 1: CLIENT -> SERVER: AACcaz5bAAAAAAAAAAAAAAAAGAAAAENvbmZpZ3VyYXRpb25zMi9mbG9hdGVyL1BLAwQUAAAIAACc

Debug level 1: CLIENT -> SERVER: az5bAAAAAAAAAAAAAAAAGgAAAENvbmZpZ3VyYXRpb25zMi9wb3B1cG1lbnUvUEsDBBQAAAgAAJxr

Debug level 1: CLIENT -> SERVER: PlsAAAAAAAAAAAAAAAAcAAAAQ29uZmlndXJhdGlvbnMyL3Byb2dyZXNzYmFyL1BLAwQUAAAIAACc

Debug level 1: CLIENT -> SERVER: az5bAAAAAAAAAAAAAAAAGAAAAENvbmZpZ3VyYXRpb25zMi9tZW51YmFyL1BLAwQUAAAIAACcaz5b

Debug level 1: CLIENT -> SERVER: AAAAAAAAAAAAAAAAGAAAAENvbmZpZ3VyYXRpb25zMi90b29sYmFyL1BLAwQUAAAIAACcaz5bAAAA

Debug level 1: CLIENT -> SERVER: AAAAAAAAAAAAHwAAAENvbmZpZ3VyYXRpb25zMi9pbWFnZXMvQml0bWFwcy9QSwMEFAAICAgAnGs+

Debug level 1: CLIENT -> SERVER: WwAAAAAAAAAAAAAAABsAAABPYmplY3RSZXBsYWNlbWVudHMvT2JqZWN0IDHFUztLw1AU/pJWa33V

Debug level 1: CLIENT -> SERVER: BwrFJbY4CEUsrYNjadMSqI20Elx1q4hgB3fFV9VFfCGim/gbXFz8Azo6iropdFHEwfglvWljBxcR

Debug level 1: CLIENT -> SERVER: L3z3vHK+c869N0YyOzGVlhBFdUkYgHtJjTgOA+/Uhmgc0iVT+rEtNNMsUxusEXXYJErFNBuJcEDh

Debug level 1: CLIENT -> SERVER: FVWcdAUrIl2202XbexMArrpFGpbClh87wlylbHK6/WbUSZepdVGrfJjmcCcQigALvXWOLcpxSg9i

Debug level 1: CLIENT -> SERVER: 3H1IzswXZ0tFwSlBsDrMpqd2PELdFKUkbIhvTS6su0bcdQWkI7exyNRRGpMs1McxvRiLxqKWtHIv

Debug level 1: CLIENT -> SERVER: iRIjEfI/yXaUlxUjrLwQo/fN1TwZI3HnyOaIsGT7EP+z+X6e6ZrGmr/aWxDpbMLQdCWlKnpWM1Qt

Debug level 1: CLIENT -> SERVER: n1AKai6j5q1gUAw6zV7SLBRn2TPigifwRjyS+JRjvhCvPmC/Bfgknkl/3goE2oAH4rad1803d0fs

Debug level 1: CLIENT -> SERVER: 8aJP+HLKvPkkW+jvsdtAFgkY0KDzYaSgctfp0+hTuecZVVCgnkOGe/43b/N/Ut0/luP7AlBLBwib

Debug level 1: CLIENT -> SERVER: W5q5lwEAAOcDAABQSwMEFAAICAgAnGs+WwAAAAAAAAAAAAAAAAsAAABjb250ZW50LnhtbL1YwW7c

Debug level 1: CLIENT -> SERVER: NhC99yvYDVC0B61WTgLEqr1GmjhBAdsJagftlaZGK7YUqZCU1/ap/9Av6Knod+RP+iUdUhItZVeO

Debug level 1: CLIENT -> SERVER: Ng7ig707fDNvODMcDn1wdF0KcgXacCUPZ8l8MSMgmcq4XB3O3l28ip7NjpbfHKg85wzSTLG6BGkj

Debug level 1: CLIENT -> SERVER: pqTFvwS1pUmb1cNZrWWqqOEmlbQEk1qWqgpkp5X20annaiTG3ojJ6h7c17ZwbacqO+xAl15OZ/bg

Debug level 1: CLIENT -> SERVER: vnam6XqqssNiUPvquZqqfG1ElCuMellRyz/y4lpw+cfhrLC2SuN4vV7P14/nSq/iZH9/P/arwWEW

Debug level 1: CLIENT -> SERVER: cFWthUdlLAYBjszEyTyJO2wJlk71z2H7Lsm6vAQ9OTTU0o2smqvV5Iq4Wo2EhhVUT64NDx6m93E2

Debug level 1: CLIENT -> SERVER: Pb2Ps75uSW0xkpNn8Sku+l+nJ3e1oMupXA47CBXTvJq8zQbd11dKBVedQnNAvbt7i8WTuPneQ6/v

Debug level 1: CLIENT -> SERVER: ha81t6B7cHYvnFHBQsRVuS1oiEtiRERw5co0FL4LhBlR2Iub5QA22ajp305PzlkBJb0D80+DIy6N

Debug level 1: CLIENT -> SERVER: pfIuMtolYXSnT2MNldI2BCaf3jAxW3uBJctpoEGkmXsLkVP0XH0LsTuZsVN5FCqNg+jKOjjZ8sN1

Debug level 1: CLIENT -> SERVER: BZo7RSpc5qLS4C4xm6pKe9pN8bSavctjb7bsboqmykwcBDneGFFOGUQZMGGWB82JD2LSfHd+HM4u

Debug level 1: CLIENT -> SERVER: aKFcNvBkd4iSi5uwEN+v/oIKfql5ssVAuzQjA323Fq1A4uaxWM2aGzOR4zMpNO5CDhAVtww7xhXV

Debug level 1: CLIENT -> SERVER: 3F0zE+nJCV8VdosT39FKmR8HqEb0Fd3aFv/P86vJyAP8erXFlfsZb4yF8iGUJzXjGSXnVBryTnKc

Debug level 1: CLIENT -> SERVER: qWA0HluwU6LyYB9Pz8lrZQvORj0LiC/mTzzWEFo5rS1WoeUs8nZCp/C/B96/TQJX63NFNV1pWhXd

Debug level 1: CLIENT -> SERVER: AgrcuOq/RI3WOfbsjOqsg5Q4e4COKrraQHTUwWxUYScEbTmYQODU2nHHue632PN43P2LDffddBpI

Debug level 1: CLIENT -> SERVER: 3Zc+X65SpoRCmkcL/9Npe6CqLQ56aDWnwsBgyckjW2hVr4qoHbWlkjBI1MeNE9m83PBblCdJZXuy

Debug level 1: CLIENT -> SERVER: zoYuqfBiz2MKmrnRoG/bL9QyA+29GLB35tbgusCdvY+8ivB2o3LQ1O8Azr0O0DjZX/RZb1e3WG+I

Debug level 1: CLIENT -> SERVER: 7wF4ejdZCri+z4EAGXEhrI87MQLx8YOyKmiTiI3Yqqttod0GaIvHk/rP0ys11xul6o+D7xtj5+zN

Debug level 1: CLIENT -> SERVER: yXGo5Ra9eXwKpfmtcuNGhO3lcMZA+tlxY1WDGBxv95xKFZK5D5jCChiWULK5p3i0rbQLlyq7CV9c

Debug level 1: CLIENT -> SERVER: yJYH/pVo4H2NT+HQnjaFxIsybipBb7oTGAkcUtFXPJ5+uQnGz0LUxmrkV9L5+CBjF10rfZgV12we

Debug level 1: CLIENT -> SERVER: auRl86r1YR+PWtWo9KsDe/fyJ1WSjNNvyfP3NScf/iV4Bb6ptSKZIue1mJO3eA+WyhCmpJsyqSY4

Debug level 1: CLIENT -> SERVER: QBPq0EctXzVO0WvjvlpyjeKmcPowX9xe2tbt5e9gVdJuE+d7rMLI3lQwvF7wulzzzD3y9udJssfK

Debug level 1: CLIENT -> SERVER: Rla0zWwxf7p44oTe8i1O0Zk73YvOGYUszBL/Ok8LDfgYmMdvGiFyN/KG1XDXGjqZKVyPBbxwsk5E

Debug level 1: CLIENT -> SERVER: ma2pRaSSJ4pmLhmeg5d4OW2l+AUwtax99H851vguzstjfBu53CGFxjwoAqXLo6VWERdHQlFd8FtM

Debug level 1: CLIENT -> SERVER: qoGaMJrhPaxVk3SHzDk2Qr9osDAyNHVEdkn6mSoh3UnjxdtX5L8//9pJ5yW1lKDDZ9Qw/3BS6S7q

Debug level 1: CLIENT -> SERVER: xyXlgnxfuT0b0M5SzkWhfkDPvZqll+FsTbJ4AQKwx8PQwKc+XmB2fi2oNc+r6mgnzc9089jNBPDh

Debug level 1: CLIENT -> SERVER: H7Vbis7UoFoIGPvhbxSVBLPQpkKGVBAgiuBwBq6nYFGBqAXV8x0I46+LiQfXUDy4oeKR/8Eu/wdQ

Debug level 1: CLIENT -> SERVER: SwcI6FQu3JUFAADEFQAAUEsDBBQACAgIAJxrPlsAAAAAAAAAAAAAAAAKAAAAc3R5bGVzLnhtbN1c

Debug level 1: CLIENT -> SERVER: zZLbuBG+5ylUciU3SiT1r3i8lTjrJFV2Jdmxz1sQCUmMKYIFgqPRvk4OOeUp/GJpAAQJkiBF/Vme

Debug level 1: CLIENT -> SERVER: 2alyrdANoPH1D5oNkG9/et6FvSdMk4BED31nYPd7OPKIH0Sbh/6Xzx+sef+nd797S9brwMNLn3jp

Debug level 1: CLIENT -> SERVER: DkfMStghxEkPOkfJUhIf+imNlgQlQbKM0A4nS+YtSYwj1Wmpcy/FVLJFDNa1u2DWezP8zLp25ryl

Debug level 1: CLIENT -> SERVER: vmjVfWbBrPf2Kdp37cx5AVO9+5p07fychNaaWB7ZxYgFFSmewyD6+tDfMhYvh8P9fj/YjwaEbobO

Debug level 1: CLIENT -> SERVER: YrEYCmousJfzxSkNBZfvDXGI+WTJ0Bk4Q8W7wwx1lY/z6iJF6W6FaWdoEEM1rSZPm84W8bRpgMbb

Debug level 1: CLIENT -> SERVER: ItrZNgRzWb0jv7t6R77ed4fYtkEn8+EnIIp/Pn0sbIHuus7FeUtQeTSIOy9Tcuv9CSG5qLyDdFAh

Debug level 1: CLIENT -> SERVER: rmvb46H8rXHvW9n3NGCYauxeK7uHQi9HnOxMoAGfMwQOCz9xM1XclC+6ceTJkOKYUJYLsu4eoAAd

Debug level 1: CLIENT -> SERVER: N5/FX6N8GuBMBmIEi3cUc+kjDLknDHmXN/1eFui04Or236lIuiYQRdfIw5aPvTB591Z6QN7ck7+5

Debug level 1: CLIENT -> SERVER: nA/9z2hLdqjfA0tXHLsgPOSEYXv39ygMVjRwDANkpH6v1J/TrA2OMA1Aeck+SJKOc5w5BYVVRCWO

Debug level 1: CLIENT -> SERVER: OGAeeNATogEPux2n730MNltmEOIPKCbJH0tcsuk7imXC/zy5pEYukOuDQZT2GQ8Jw7tLpvyYeoGP

Debug level 1: CLIENT -> SERVER: eo8oSnpfogBSDNyIh4G3CyoXy/jpsfdXwraB1yhZznE1eYZNASFrl5mWktvHa5SGWf6lRs4k3FAU

Debug level 1: CLIENT -> SERVER: c9kVb/bbiimEKMoCyNd4FrJMtsgnewvGTzCznh/69mDkgZwG4qFCZLBFWpBRYCuJkQf5jLUlNPgN

Debug level 1: CLIENT -> SERVER: REchZ3XnrcxPXAyvzgoBtOuoNVbDmBksIaxjH7CtJTPENQoTzQJiRJFASMdnTZZi8C3mnggh257/

Debug level 1: CLIENT -> SERVER: Xo3HR7FQygifGYwl8DGRA6Aw3iLFJvqvKEaQkyUMDIEpCt8YucQ7MOeHfkgttioZRxD5mO8lPL/W

Debug level 1: CLIENT -> SERVER: l6hEV5JDHgr6J3HCrad5MTk7l1tbo2xNEwzgRFzXYnKPhAQyNkZTcEuAQTQmwW8gqePETLSFKNqk

Debug level 1: CLIENT -> SERVER: aANNWYNH0ohRMJI//5IvHzPY/a2vmEZCdDmgtko+pgU7KIrUyFnHbHBFw3ngzWZRhC+P9fF4+hfi

Debug level 1: CLIENT -> SERVER: 54YRcyqi1TFz0uOf+gWcJS/r4no5/v1j5rVDdBNEFqgPDJYba9G2IozxBIjbsZuRDNYIrdtDvMUR

Debug level 1: CLIENT -> SERVER: 5LskskLk+wC4WNBDPyJgOruAnWi0cRp5LJUD7oEMCQ+ABwo8btXKGi0/AI+P+CSQ6EycwhHLdh+D

Debug level 1: CLIENT -> SERVER: RgovPMM4Nd1XUo9bmi2fSlmgeSu7nYmLuXNL/XAj89cNC6uYU7U2incITJU/KymTc2tMcZpsKywX

Debug level 1: CLIENT -> SERVER: +JZ47NaDX4h1i5FP5StCuRdwE4OdAOwlRHHC7ffSiS1K9pXJoaXi1F8xjsGlN5ht+WMv97djE+sT

Debug level 1: CLIENT -> SERVER: SjN+BO/xEfX7jbFFKS9ESQLigescDTeEgpdHidLSPgCfkr+a96QLnLNY9JHFfg5YiI+uFBryYpNl

Debug level 1: CLIENT -> SERVER: RiniMuoMn6HhV9f+dUX8wzmIlQL0YOyOmoK0M3bMQdqWQVoYhcg/IpF/oHCPDskxdOtxLX94KIc3

Debug level 1: CLIENT -> SERVER: d67CmwxdebJg2QPbmRfh96TQpmfA5oAm5z0rOomu3U3EoEjYY+IQHTRV93TyJYZ0to00buIO38Q7

Debug level 1: CLIENT -> SERVER: L/cjbJ/nrKPF3kM+ZEdzK7RU1BS6Cf4exTzqX1EHIClFJzqqRLtFET1R+5WVSZFeJ/keJyjCiVXh

Debug level 1: CLIENT -> SERVER: 0m5200qS4WZeKNt4D0iy4LmlxYNkH50oIMmohs5G/bQkAebxc3o2Q2cF/x0eSZ6vqN5AjNeq3ivp

Debug level 1: CLIENT -> SERVER: 6mo2/jeM+IkI9zPHHIsyjp7z3TY1lVaQlAk8QvzEcx/n8k1vOpoc3/RO3d5E3i0yhTfuejJeTJsz

Debug level 1: CLIENT -> SERVER: eVXFq2x4dtWs9V2pSjxhV7JP2ZU0S3DbLcG9tyW4l1tC8SD6I1mCM22xhBrxhKen6ZmWMGq3hNG9

Debug level 1: CLIENT -> SERVER: LWH0ciyhoulxm6arxBM0PT5T0+N2TY/vrenx5Zou1FnTtD27haabk6aT8qIPhr5n5zyayiftKp/c

Debug level 1: CLIENT -> SERVER: W+WTl6PyFt2do5lpu2am99bM9HLNFPBXNXO5ViYL/vdyHHHWru7ZvdU9exnqvrITztu1Mr+3VuYX

Debug level 1: CLIENT -> SERVER: a+VmGnFn/O/lOOCiXdWLe6t68eOr+hrO95iu2D3K594Wxfxm1zFE5ZljGGzAVj0QAOfHTv9OExas

Debug level 1: CLIENT -> SERVER: DxY/mYEZ94T6tXP5UzYs7RnBUAiHcOpOM9WdUp6rPXNc4nz1x44r+ua/UsIuM4OrPQQWpJupf2zz

Debug level 1: CLIENT -> SERVER: v2uEywth56V67iP/rCJdjoucrVfjuaWaQrxm4vh9VlYTlUdTtq6hQFw0yRrl6Pzc0ioRc+V0rRQz

Debug level 1: CLIENT -> SERVER: HCWYY1MyzTIuGVfvu1mvgmXijo24GCjHK6EF6SyDP0cPvE+MfL7ZZmtSGlWtFUWr5mw1o8moQiiW

Debug level 1: CLIENT -> SERVER: U9Cyo3Q5QUQirLdmE1SbVfrKzx17CQkDv6c/52dc2lOlgfH71g4uDAF/kRlIKQrwHx9gbLPVZz2K

Debug level 1: CLIENT -> SERVER: gNDTefM7BzxlGTbP+/nb/1gaEnEQwf95vy0udVQORyVnz+npPKV5XnmpXsPK7YaVewesfoxitobV

Debug level 1: CLIENT -> SERVER: qBtWo6tg9SOWezUsxt2wGF8Xi7OD2g0fAzVQJt1AmdzCmc56YNJkn3aTfXqR7C+isKaBMusGyuwq

Debug level 1: CLIENT -> SERVER: oFxZofNuss8vM8aXUKjRQFl0A2VxFVCurNDjYp8s9InJy9Uu1t3l2hyvDnVBs+C7bqzrWJO59yb/

Debug level 1: CLIENT -> SERVER: Htzr23+//ecISjnbRSD9MJUL7QH951285S8ytj+jV7nul9tcuPKSvuXqUFfVZ+w/SJJ3PRP4Ba8x

Debug level 1: CLIENT -> SERVER: xZF3pE5TY+u6diGueNeN1zCSHQpDy0Nx0m8AxhAs7IVewN1nd6xXJPRLmEiCAq2JnGMmGDoj9o+P

Debug level 1: CLIENT -> SERVER: P1dX3uFVO3FREUXellCLHWJcLm09bZbPquYD/38o1X/kGziyxiJb1EtuVkz4uQaJawTKD0BqxbPi

Debug level 1: CLIENT -> SERVER: PTrZs1ye0qiV7jVsxGrUcYsBIknpVxjFuUzGLi9uVu4oRunO4q+zI1BqDia/tpx1reKpk0gSiLdN

Debug level 1: CLIENT -> SERVER: UOQLk8HqJQa0ArKox/FXsk3DVliysUXjmoQh2WPfWh3kBWqGVn1t8vx1JzU/N9PZ1DWVVi2dUqpF

Debug level 1: CLIENT -> SERVER: KkKBs3HRQG3CsyPS7qtC2oEEbGpEWqdUqr6ScHOkR68M6fwMoQp09XChdOhwc5jHrwzm4uShinPt

Debug level 1: CLIENT -> SERVER: TKJ8jHFzpCevDOnZbN6AdEGpIC0JN0d6+qqQdgf2yLwd6pQS0opwc6Rnrwxpd27eDnVKBWlJuDnS

Debug level 1: CLIENT -> SERVER: 81eG9MQcpjVCBefJdwnSi1cG82zRhHNBqQAtCTdH2rFfFdSjgT0274c6pQS1IlwCdZmk4x8RhhN4

Debug level 1: CLIENT -> SERVER: RI/WwSal4kMCvZxgZVfQ1oSwSLs1oqvCyVYsvzvzhMIU85cDZaPqmGgQiC9R6H3kG4X8XgQfT33T

Debug level 1: CLIENT -> SERVER: i6+3u4Q48psEDMwCquE5IoUEpmka34eUX+sR76svFkUdwYRONkiBAtdtRgsij4ovAfLkT/s0kRit

Debug level 1: CLIENT -> SERVER: +CIRv54CYwaepQhyOo4nWOkBtFsqDnyKd07fwFSpFgnKPvD5h/Nce7BYqNKPIKjX693FYNqyxmwS

Debug level 1: CLIENT -> SERVER: gJBZhAawFpQpm1BGUcBql3xchVn9ko+BlHmC8RqR9u2hlk/9ZGvf0MBXn05449n8z8SRKdsdz2zH

Debug level 1: CLIENT -> SERVER: RF+hpMAm/1xBnY+mq0PBZ+aRwuplp9oIEGz41/8y26szCeBb6FmBscKhnNPaoeeSkMXXujKGBMcK

Debug level 1: CLIENT -> SERVER: YWkolSMZ9Q0aEBSMQvCL91tsx8CD1qLaaGBBPr+5JT1B+odspxDIlIVO8g9DKS3a4j8tPJptXS1q

Debug level 1: CLIENT -> SERVER: ixG/FCV+DPWVao31gQqvrLthRtihJB8jny1r5COVj4sqF4J1mTX31aJBZfih+dOw7/4PUEsHCCeo

Debug level 1: CLIENT -> SERVER: jhaQCwAAWlYAAFBLAwQUAAgICACcaz5bAAAAAAAAAAAAAAAAFAAAAE9iamVjdCAxL2NvbnRlbnQu

Debug level 1: CLIENT -> SERVER: eG1szVhtb9s2EP6+X2FowL7R8kuS1l6coljTLkDSAE1abJ8GWjrJXClRICm//PsdRb1QjuXKCRrs

Debug level 1: CLIENT -> SERVER: S1rxnrt7eHc88nz5bpvwwRqkYiJdeOPhyBtAGoiQpfHC+/r4kbz13l39cimiiAUwD0WQJ5BqEohU

Debug level 1: CLIENT -> SERVER: 478D1E7V3EoXXi7TuaCKqXlKE1BzHcxFBmmlNXfR88KXXVF6x3urF2BXW8NW91U22JYuXfb3XIBd

Debug level 1: CLIENT -> SERVER: 7VDSTV9lg8WguuqR6Ku8VZxEAqOeZFSzPRZbztLvC2+ldTb3/c1mM9xMh0LG/ng2m/mFtCYc1Lgs

Debug level 1: CLIENT -> SERVER: l7xAhYEPHIwz5Y+HY7/CJqBpX34G61JK82QJsndoqKZPsppJUAjB7ZrC7GfI1WnV1zruXV3ruCPM

Debug level 1: CLIENT -> SERVER: wYrK3nVWgNulMg37l8o0dHUTqlcd+X3r36Gw+HN329SVTPr6MthWqALJst7btGhXXwhRUzUK9rAX

Debug level 1: CLIENT -> SERVER: dCej0Zlvvx305ih8I5kG6cCDo/CA8qCOuEgOBQ1xYx8RBNam5OtDZAKhOhQmvhXXYBV2mv7r7vYh

Debug level 1: CLIENT -> SERVER: WEFCGzD7MZiwVGmaNpGRJgmdOz33JWRC6jowUf/mi9ma1F7CiNZuEKmGhQViFAtfrgXfnHLfqPxa

Debug level 1: CLIENT -> SERVER: VxoDXpV1TbL0D9sMJDOKlJvMkUThLjGbIps72m7xcNG0chnXt00k8jS0h/qQaevUsWBNluvO3Tbx

Debug level 1: CLIENT -> SERVER: rqqLzBau8uuFCC80EtEASAgBV1eXtiHVywP7bfwvvD8oZ0vJvAF2iwqSML5zJa66kZEYUiSN9as2

Debug level 1: CLIENT -> SERVER: TCnPP+7ivWSUjw94KAQ97LuIjOkAO8iaoi52tR/5vmXYvIt4Dx5oqg6Q+I1mQv2+h7OLP5datftn

Debug level 1: CLIENT -> SERVER: RGWnNCQvCksesJAWWx18TRk+kqA7NE+xfcLzYo53LJBCiUgP/qZ/wqEKtTT2cK/C7ZGuhGmLTyjV

Debug level 1: CLIENT -> SERVER: gpd697sOc7lOc42ONAtIYac+5cXfFtdAjGtnJcvi9YdvA54nqVdpuoskw9YGUjNQg0jMlxLod7IE

Debug level 1: CLIENT -> SERVER: vDnQoHFdWSzhGxaae308PJtMg6Tg79A5xm3yWtxGw9nszWncpq/F7WJ4MZucxu3stbhNhpOLk+Im

Debug level 1: CLIENT -> SERVER: u+pNis0eMVxxWVmRWVwBi1faJO3s3ATmOOFcAV7zmiWUE1c7olzBKcQ7ivF5xGcXzyauZX4Cb00P

Debug level 1: CLIENT -> SERVER: B7xaTHAiAUkyGgOxGh8gojnXe5tyNmTHw5CpjNNdyae0Zp6xOPyRBO+Bhccl0csT6ha6ehHw+s7L

Debug level 1: CLIENT -> SERVER: qDRzefFxlLBRepqGalVDgKEs/wNhbV2yZuhvb81M1ARfPXFKlMil+RkgYttKis9UoI6mrS6T4I2k

Debug level 1: CLIENT -> SERVER: WZFH8zZLBTHflVbIJLovJFzL2pawkx2haWyG9tFTgaFhrKU1PbVC6t+JFiRijX/7TFybEODIQP7N

Debug level 1: CLIENT -> SERVER: lWbRrl1ntbS0uhQab4/mksOI0xhJr/Z6RBMQk7q0GF9wOaEyZinhEJlKD5LDpWHq7ZQi/gedSYgO

Debug level 1: CLIENT -> SERVER: l3LfSu048n7nrVkKliLcNS9qHL5pqFYA+urSOjDTWM5tahRos83Kd0DxFOOsrnDza6jzYoWNw4il

Debug level 1: CLIENT -> SERVER: IeF0CVztYUwXkBCjeUlwHMDB37zya1RFwUyP9oVqvxO6ZUmekJBFEeCJMeU6Go5wFiv23827Mlj8

Debug level 1: CLIENT -> SERVER: LY2VT677z4/Xn68/fbmvuLmH0PSZlm55sRyAFm+OMjX26NrDeuhM+71tTn6CzelzbWK/PmBQNhu3

Debug level 1: CLIENT -> SERVER: PxwZnCK2dwDOl7P9EKK7toIl6+pMnYTWzvuxmXS7a8XB9OVqyqQ8B6J3mallLqhuSxbe+XhaFILp

Debug level 1: CLIENT -> SERVER: O9mV+UJy9qPN0jh7kXulsePFja/h2Wmeepj8ePv+28394MP14P725tv1zZf3g4frz5+uvxz19Nxk

Debug level 1: CLIENT -> SERVER: HC2Ni/Pzyfn/pjxOdeeuNA231Ur9VrP1O36Iv/oPUEsHCLKm+ERzBQAAyRcAAFBLAwQUAAgICACc

Debug level 1: CLIENT -> SERVER: az5bAAAAAAAAAAAAAAAAEwAAAE9iamVjdCAxL3N0eWxlcy54bWzlXOtu2zgW/r9PYaiDQQusoovd

Debug level 1: CLIENT -> SERVER: xvYkDuays7PANCgyHSz214CRKJmoJAoUlcu8zT7LvtiSlERRV9OynaQZF2gr8vDwO1ceUZQurh7i

Debug level 1: CLIENT -> SERVER: aHYHSYZwcmk4Z7Yxg4mHfZSEl8bvn382l8bV5m8XOAiQB9c+9vIYJtTM6GMEsxkbnGTrovPSyEmy

Debug level 1: CLIENT -> SERVER: xiBD2ToBMczW1FvjFCbVoLVKvRZTFS2Cme5wQayOpvCB6g7mtI2x4FZ/ZkGsjvYJuNcdzGmZTtXh

Debug level 1: CLIENT -> SERVER: AdYd/JBFZoBND8cpoKiF4iFCyZdLY0tpuras+/v7s/v5GSah5axWK0v0SsCepEtzEgkq37NgBPlk

Debug level 1: CLIENT -> SERVER: meWcOVZFG0MKdPFxWhVSkse3kGirBlDQsWpKYMZImLjcL/UYqWMa/nUXanvXXTigZm8LiLafCeKm

Debug level 1: CLIENT -> SERVER: q8x9fVeZ++rYGNDtgH2X1kfWKf76+GvtVyTWnYvTNlTlEZRqi1lQq+MxxhIqH1AEu4Dr2vbCKq4V

Debug level 1: CLIENT -> SERVER: 6vtR8nuCKCQKuTdK7oHIkxrHcZ/SGJ1jMQoT3nGXr6gJF3qQ83uLwBQTKoEE+smOaceVs/gBkNMw

Debug level 1: CLIENT -> SERVER: yuxMcDD5QDGXysHiUWXxIW+q8RGucx0JZTYOcJ74hdcXWOBDCgniXSCq8q3CoTBY2a7kftfYVIk+

Debug level 1: CLIENT -> SERVER: wCzJB8CDpg+9KNtcFAEqm2fFNZ/u0vgRROiWIGPGoqciiVH0qPaow3mfGcKEYWT2zO5RlhnW+BTf

Debug level 1: CLIENT -> SERVER: EwQip2cG0aHBX6VIEfVYRN0BNpZF+a65f0UsmQn1zn4DSdYD4luQ4uy7Fl3ReFpolfQTtPKYURgf

Debug level 1: CLIENT -> SERVER: pJbcQz4Qos5+TxCrGeCwarq0Ouo5GONH5BGc4YDO/gN+gX0eWsBo0T0Jts9gi2PQA0l2HDq7NRTM

Debug level 1: CLIENT -> SERVER: ZXtRxFUofRiAPCpLu4pzCUmUPqYHo8ioyOsmMyUsbxGKWEFYsfJQDFhHxCbNLg231kUKCAgJSLfd

Debug level 1: CLIENT -> SERVER: UYwjmxynpo8yChJeUbKc9N6L69G8fusOFPINxGqA1xFIwhyErDelosFj+ZISJtYPN0abhckSMkj6

Debug level 1: CLIENT -> SERVER: PEfQVbwqsj+3VU/JtOr48brLmhcWEXxohadkKbu3qM1Udv3rWhi2x2Kbi6LqKouvhhkL3VzbRoto

Debug level 1: CLIENT -> SERVER: Vl7FKDFRQmHIxvkoRJTZzBET9fCUPLycEHav8Ng3lWMvPtmVFHc4YibhhTYlOTR6GDzGtziq0DTt

Debug level 1: CLIENT -> SERVER: VdEqNtvcfCORtXhI3txTNjNJJi77he8667haqt6Q4DwVt0lCKkVbTcXo6ssYcnLhsRFm9fSbILDZ

Debug level 1: CLIENT -> SERVER: j8+lymX2i/na1FtoJwapDI7ER8X9wR2Icvj23bch/e5Suh1I06hUttlwy92mGo4hxz7f7dhCHTff

Debug level 1: CLIENT -> SERVER: TNKPPVk/Y6YZDeRRaVtSvX1Wsd61pj6KS5w3XWJvFS3/Ug6xnJ6nXqHvLA/zHcc+re9MT7an8B3H

Debug level 1: CLIENT -> SERVER: PlIyOY5Yp3AIYdBDHML5SzmE8/TJ5AX7jqPhOz6gsF+XrqEQPbbwWv2qitm9yVaP9BECqdNywz7C

Debug level 1: CLIENT -> SERVER: SagCrrFpwJ1PhTtTenIQ9dtnRIipgBdHBzwJxnvjKdVBUTyA40ONY4tzkrVmXA8oBCU5ZeHd70hj

Debug level 1: CLIENT -> SERVER: Oaa8ALGZxgrmGqAG5vMTYx5gkEGeDk4r9LDDLJ8tL2hIJswwXbPjphnx65FFydWoycaXmJdVsbud

Debug level 1: CLIENT -> SERVER: qut11eDugSWXq1FyfVX2PqSoemWuoVNRjalyfqhrvKx6250fIxW83Apa2OsQe2tsWn9V9j5gU/m1

Debug level 1: CLIENT -> SERVER: ucbiQNfQ2Pb9qlaJ80+O1kbDC1oSDpDV1ZLV3Eu7IqT652vyNZnDUn6iY9yUem4+7uXlXrYGq2g3

Debug level 1: CLIENT -> SERVER: K0eP1Y7A48pX712k1nRMN9fdD5u9it11Jq5eVHJxX0FkMnn1IpPLe6TonDvPFZ1z52jRKRzlCNEp

Debug level 1: CLIENT -> SERVER: DDA9Ol9ZvcTkOeGieJri6ABZNRfF46eZTrF5pMhePFtkL44X2YsjRfbioMjWfag9dd19YYG/PPW6

Debug level 1: CLIENT -> SERVER: +8KCf7nPuvv1JIDlsyWA5fESwPJICWC5MwEMPimZr5SnTKd9/DHlQc6i9i7ms4nH9/dxYuI7SIKI

Debug level 1: CLIENT -> SERVER: v1IQgCiDL/FhzyRpnacxxlAoOzuAj+SZhfJQOvMQC0UUIM8cTx2OZqrkvfAhxQl/IU3j2GoBrQvz

Debug level 1: CLIENT -> SERVER: p+IYrTyvO+3MM8HFi0cmiFDIYjRhuGSK5ZQeE7Hsu8WU4pFjzcrmnC1+nbPEyqsVjFg0Z+hPfmLa

Debug level 1: CLIENT -> SERVER: SWmDmjdXh5I7nc1jyX1va4jhkkIwqA8g71DsDczG9Vr2pIDIdwrNpk1GNFTAK/wXUQbdq/gJ4jzx

Debug level 1: CLIENT -> SERVER: IYlQAiuaDEfIHyC5Rz5/xwrkFA9QlPYQk4r/14q/hyjcUm7VyG/qTghU6r4JURlYEQwMl7ofZiBJ

Debug level 1: CLIENT -> SERVER: BIs9zeNOsk/TtPwNvs5B29q9u1P/AgF/w/RUrtEOnmaIuIvyPQDVgxJMYn4mf7dRlXgqOA1ZvGK5

Debug level 1: CLIENT -> SERVER: h8UbwTbAXfYP85/oEKVVnElmqUy6X65MQq78lb03yD9c+w8J1EcZWzwem0hmR5JjKPMU6XY5lm57

Debug level 1: CLIENT -> SERVER: O+tkutwnmSpyu+NyT4voPeV2x+Tu7azldveR+zPDcVCeGElD15jCSbwFqHFPZ/q6Bd4Xfj+X+Gb9

Debug level 1: CLIENT -> SERVER: rC0IPK+2HwhxwuqC28ikpFkzyD7KumUf54qJz1+uts9s94MXz8S6NnuztPkfrZpiLn76JvgZY5oc

Debug level 1: CLIENT -> SERVER: R1XDoEr84yu71rLav27qB9pjKtb8LycVly9MUGr0hBVLNZO2/L+x3Jxnpwq5f2LsT+JdwpoSdJ4n

Debug level 1: CLIENT -> SERVER: gk6v3P7wwd5jNbqGOSXKIvxEEpVpREei1Wo/iX4AT24fLoumNJ5XnVXQk+bfgCRTC822RMdD9Q9C

Debug level 1: CLIENT -> SERVER: +A3EU0dBBXKnPIH4aRTDO+rZw8rR7z2PiX/S28fnFGykgi0IJhawpdqmuEh5v7SHi0yQeaB6LWWe

Debug level 1: CLIENT -> SERVER: VrweIPMeddN0meejMs+fWmZf/LqCWK0PA5SXvMiI2Q2bZ1YdFagQmkwanNOG3B/TuD6DqhD1vLmP

Debug level 1: CLIENT -> SERVER: SMaaOUmxV3dp8C17lOSyNOKfgGEZ3IyxzzcqiUlva2Nt2U1Le4OvbAtY0cr+aeqCbxluy5i3z875

Debug level 1: CLIENT -> SERVER: twVEMyAh64lgwNubjaSkbrYWO3icSfWBAmsYUQnl6VFSnPZAbMKxOmbSMK+rZ96T2s45lvFaN1XL

Debug level 1: CLIENT -> SERVER: ZX1TpWwgpcAvPorGSJxlNaxnmbX5H6kfhQLFTFcdT+nIelJXmq401ZdeqsZ2e7Y1mNLKjhhkkoVM

Debug level 1: CLIENT -> SERVER: dGUj5zT25ECNhZ5MWMDfXPAVZp2W/2ZbCAvqzdXV1YXVbixb0pYSWrbndmyuMNUzMKvpOXL2T//7

Debug level 1: CLIENT -> SERVER: L7MqmJXXdQbeONWUSlsHRcWtofdRFFZHlbu0e1N+c2tEuW5HucUVgSHfXuSA9tT37G1BRxGNVJLi

Debug level 1: CLIENT -> SERVER: +l1HEY2ZGk0ijFqz8zeRBvfMWekjiUzxiPfScG33vWmvzDmLj7lt2SuLt5QoOOHm77MKMEPv2Gt3

Debug level 1: CLIENT -> SERVER: uZ7PJeg+D2rie063mlkqofgGyWa1UgmLthO5n9Uf81b/xy43/wdQSwcIzFlD9AUKAAAsUwAAUEsD

Debug level 1: CLIENT -> SERVER: BBQACAgIAJxrPlsAAAAAAAAAAAAAAAAVAAAAT2JqZWN0IDEvc2V0dGluZ3MueG1stVfbcqJAEH3f

Debug level 1: CLIENT -> SERVER: r7B4N6Ax1kqpKWJu7iaaEpO9vI3QylSGaWpmEN2v30E0ZRB3jZEnirmcc6Y53T20Lxchq8xBSIq8

Debug level 1: CLIENT -> SERVER: Y9TOLKMC3EOf8lnHeB7fVr8al90vbZxOqQe2j14cAldVCUrpJbKit3NpZ9MdIxbcRiKptDkJQdrK

Debug level 1: CLIENT -> SERVER: szECvtlmb6+2V2TZyIJR/toxAqUi2zSTJDlLzs9QzMxaq9UyV7ObpR7yKZ0dSpWt3qZCxDeidEMm

Debug level 1: CLIENT -> SERVER: ZkVWt6yGmb0blbXIrdDUje4mDpvjd9trguxRpQrCNDaV9XAqrWNoSntOIXmLmlG07/2eFyrphIEj

Debug level 1: CLIENT -> SERVER: gIwxMjaTahnpScqV0W1YzUbb3MX5EPYDTFURuPVp5B/UV0ERdKtWq38a/R7oLChUfmGdH4peDUlU

Debug level 1: CLIENT -> SERVER: pdyHBfh5JkiKv9Jqj/aXWP5fr+MpOocx0ZpzSqUS2gdG93E4GN8Mbu5Gw2LNBYPbAvZNr89UvECb

Debug level 1: CLIENT -> SERVER: 8HDbZgOxIEonwUf86waY/AaBL4TFIHPHnyAyINzoKhHDcV5I8QeoyoK+E9Q/PXKK2kOGIgfNMDVD

Debug level 1: CLIENT -> SERVER: rd48r9cvmserfiIzuNLZ8VpCVB50DX6OfKLgEf0dPwcodO4dnHnvoe+J1FGJQz7C5B6Ir0vu6fVr

Debug level 1: CLIENT -> SERVER: EjcAUDodS0Dvy2GsdJsCdxlOkEkX8sXpJCQuJ9EYR0QqyHvoDX9KmDySIAPuy3WhLY1hBFJ/77Sk

Debug level 1: CLIENT -> SERVER: /Cwq4TXLOrL/5OF/lQHvxhOfzqncK/9E4MXij7VOBu8sqHSX3AsEcvoHSqhxTqywR5gXM10qTg//

Debug level 1: CLIENT -> SERVER: pBunPsdAvxT3VPNgDJ2jcf5mNSESmo0ryolYHgLlRBFbPksQ10SR05+2FxBBPK21h2EkQKa2GGvw

Debug level 1: CLIENT -> SERVER: 4vJ7pKv78jsI7khK+FPMPRWvmn0Jye+SObxk9+kh7zGUZVSYrEfdCgzHEEblmNBhTDfb1EXfcNIj

Debug level 1: CLIENT -> SERVER: 3ANWQsNF4o90N0TOliXEqS+v179KrjbZ/krwD4q9t0tz5zfJ3PcD2f0LUEsHCCltBGDfAgAAgg4A

Debug level 1: CLIENT -> SERVER: AFBLAwQUAAAIAACcaz5bEXmSePsDAAD7AwAACAAAAG1ldGEueG1sPD94bWwgdmVyc2lvbj0iMS4w

Debug level 1: CLIENT -> SERVER: IiBlbmNvZGluZz0iVVRGLTgiPz4KPG9mZmljZTpkb2N1bWVudC1tZXRhIHhtbG5zOm9mZmljZT0i

Debug level 1: CLIENT -> SERVER: dXJuOm9hc2lzOm5hbWVzOnRjOm9wZW5kb2N1bWVudDp4bWxuczpvZmZpY2U6MS4wIiB4bWxuczp4

Debug level 1: CLIENT -> SERVER: bGluaz0iaHR0cDovL3d3dy53My5vcmcvMTk5OS94bGluayIgeG1sbnM6ZGM9Imh0dHA6Ly9wdXJs

Debug level 1: CLIENT -> SERVER: Lm9yZy9kYy9lbGVtZW50cy8xLjEvIiB4bWxuczptZXRhPSJ1cm46b2FzaXM6bmFtZXM6dGM6b3Bl

Debug level 1: CLIENT -> SERVER: bmRvY3VtZW50OnhtbG5zOm1ldGE6MS4wIiB4bWxuczpvb289Imh0dHA6Ly9vcGVub2ZmaWNlLm9y

Debug level 1: CLIENT -> SERVER: Zy8yMDA0L29mZmljZSIgb2ZmaWNlOnZlcnNpb249IjEuMiI+PG9mZmljZTptZXRhPjxtZXRhOmlu

Debug level 1: CLIENT -> SERVER: aXRpYWwtY3JlYXRvcj5lbGlzZXU8L21ldGE6aW5pdGlhbC1jcmVhdG9yPjxtZXRhOmVkaXRpbmct

Debug level 1: CLIENT -> SERVER: Y3ljbGVzPjI8L21ldGE6ZWRpdGluZy1jeWNsZXM+PG1ldGE6Y3JlYXRpb24tZGF0ZT4yMDI1LTA5

Debug level 1: CLIENT -> SERVER: LTI5VDEyOjI1OjAwPC9tZXRhOmNyZWF0aW9uLWRhdGU+PGRjOmRhdGU+MjAyNS0wOS0zMFQxMDoy

Debug level 1: CLIENT -> SERVER: ODo1Ny4xMzwvZGM6ZGF0ZT48bWV0YTplZGl0aW5nLWR1cmF0aW9uPlBUMDBIMDBNMDBTPC9tZXRh

Debug level 1: CLIENT -> SERVER: OmVkaXRpbmctZHVyYXRpb24+PG1ldGE6Z2VuZXJhdG9yPkJyT2ZmaWNlLm9yZy8zLjEkV2luMzIg

Debug level 1: CLIENT -> SERVER: T3Blbk9mZmljZS5vcmdfcHJvamVjdC8zMTBtMTEkQnVpbGQtOTM5OTwvbWV0YTpnZW5lcmF0b3I+

Debug level 1: CLIENT -> SERVER: PG1ldGE6ZG9jdW1lbnQtc3RhdGlzdGljIG1ldGE6dGFibGUtY291bnQ9IjAiIG1ldGE6aW1hZ2Ut

Debug level 1: CLIENT -> SERVER: Y291bnQ9IjAiIG1ldGE6b2JqZWN0LWNvdW50PSIxIiBtZXRhOnBhZ2UtY291bnQ9IjEiIG1ldGE6

Debug level 1: CLIENT -> SERVER: cGFyYWdyYXBoLWNvdW50PSI5IiBtZXRhOndvcmQtY291bnQ9IjU1IiBtZXRhOmNoYXJhY3Rlci1j

Debug level 1: CLIENT -> SERVER: b3VudD0iMzE1Ii8+PG1ldGE6dGVtcGxhdGUgeGxpbms6dHlwZT0ic2ltcGxlIiB4bGluazphY3R1

Debug level 1: CLIENT -> SERVER: YXRlPSJvblJlcXVlc3QiIHhsaW5rOnRpdGxlPSJOb3JtYWwiIHhsaW5rOmhyZWY9IiIvPjwvb2Zm

Debug level 1: CLIENT -> SERVER: aWNlOm1ldGE+PC9vZmZpY2U6ZG9jdW1lbnQtbWV0YT5QSwMEFAAICAgAnGs+WwAAAAAAAAAAAAAA

Debug level 1: CLIENT -> SERVER: ABgAAABUaHVtYm5haWxzL3RodW1ibmFpbC5wbmftVntQEgge9tqrjDTtemg+p5ddaJpPJF+b1Lbm

Debug level 1: CLIENT -> SERVER: Km5kvtFitUEFUtR8IJSl9NjSttRdQa1NpQTFN+KLFJXS1M5H2iKQmC8QCRFREbjmbm7v/rq5+/fm

Debug level 1: CLIENT -> SERVER: /vr9Zr6Zb+b3++b75rsb4H9OH2AC0NHR0ff59syFL7NRR+cPOrrbvmyKwyCujg7gpc+Z0xdTyRKe

Debug level 1: CLIENT -> SERVER: X+Lz1ybZU9Dd7U/O3HrYutt7j/Sj7c1HQVOPiPxsK8Cld2GfdSZ2gggHO1N4S5WxNpYs6Nknisdf

Debug level 1: CLIENT -> SERVER: HzKnBn6ItCK8lcff+MnLs/WrV9JvXhwkBkB2Pcsx89YH3zZJ1HX+ZBj7+uBoHuQ/BXYBFE7KIVC9

Debug level 1: CLIENT -> SERVER: 79UHfi4Pnzv7IWbJ4PoRJ0U9oVvr0yVHcUsqNGkWpBo/KbcJD9JQWHNk+ZCiHrPXUl41jWdraAbK

Debug level 1: CLIENT -> SERVER: EygvP2yz44Y5iITIX9Uw+ZbgpatAEoeH3iCtNq8edlpWG+TmqHNQKKVjCUJs4J7tuJy7juJMPEo2

Debug level 1: CLIENT -> SERVER: FXQzXu4KbZKqh1wYMoIJYxVzT+WrlimhnDZCZH9t6ShCdyZqXEz1cHevMGzd25YnM7498asM88Ep

Debug level 1: CLIENT -> SERVER: l01l8eZqiIbhKGOLKnEXFjL54i7X//L02iUj2AQetyyxXLwiW8jj4GiTfKLNp2oDnwOZdxD9i7hV

Debug level 1: CLIENT -> SERVER: 5nLGAsYlXO2Y69kNIrz1FV12D15L2AU2h6E5qZ4JkUGsAcQ0OzXDRWzr4hkpic3VQJFirp5RBvKY

Debug level 1: CLIENT -> SERVER: mM0MfpuB07cpZvl1DJwkVzFvY6Hq+yxdP8hTwsenAa0wbvJ6iljwegDrGW/LS1yYG67LqB1NKqK8

Debug level 1: CLIENT -> SERVER: WTeoL4RxC+YSqW1+mtFIKZEkuZ+/ik6LH+drzUnN6PrWppWXEpq1Kvjhh3xYyOBlrABTT0bwe0/M

Debug level 1: CLIENT -> SERVER: CVNQFUxmuJCQKcJXc2zn+MUpFKIB7pF0dKlMFaNhYWGeSgLHaIfzZ+Xuf6M/uOY8xskNtD8W19sB

Debug level 1: CLIENT -> SERVER: jOobS8dY886fnaznLV6JMAXKK9K+C/Ri1qGDnoFQ1HnPSrI1BxqYPrOqGktEwIKEVRJE+cfRIYb9

Debug level 1: CLIENT -> SERVER: qGv5T9TyWCkb6FYI3M7bIM9oKCi5pqrahuyy79aM+3RCZiRs5hkhogBBxOrOpcrVbd3+PZ6jgdkE

Debug level 1: CLIENT -> SERVER: KkEcF6aUD2QkEceythMuzBlRZHa9rhPJJzPuHKWUx6KrUsOshYMaqCHfVbttTVKSU+/Re761RTgo

Debug level 1: CLIENT -> SERVER: OCACttRFZsDAhQ8xC37WjP7VAki+ivsjmFYLONloyXm35EDEpppf0HqzxiVXUCNIEwx2MnoeVllH

Debug level 1: CLIENT -> SERVER: EmtuA9r6jyq89punRGsLHpKAO6n3Ou2DHDZ6x6/dOxjwrM9e6aKNt5pTYuFLxHGETWB2oaWC7qvq

Debug level 1: CLIENT -> SERVER: 20dcaOStYjNzyeUOH1WApGtR+fDA/D384wzqe2rlrFCgArpb52PHUlSA9vIj9LCmkD6+qI/5uaBl

Debug level 1: CLIENT -> SERVER: +SLTYwA2Ek+dCR97Xk44+K04AZ6Sn159qiKuFcZYaaSSejRJY2k0BlfR4DJXDNTztWwRNYunG5vS

Debug level 1: CLIENT -> SERVER: F34byLVU0huS+6eTvXgx25UhyJ7roq1j14C/2xi7mMc/Cq0+AYEm/Hxc/zjTFTLG47HKZAozpU+m

Debug level 1: CLIENT -> SERVER: iyna89Wcw8oTK/quy+HS2ohvzG9EJk/mwcUpj6NGiptQXr/prh3HUX7PgJ3JAiXWppLp8UGh6LSI

Debug level 1: CLIENT -> SERVER: vGA/+D2Ho0yYyINv7tZkp2pGLAYHTOaRRZS2QZ595s0WyDkvYVUT12PG/0n4x+tCt38Jl7k18D3p

Debug level 1: CLIENT -> SERVER: gH74LDsbnPPggUpIeVnEVuLqa0rkRLnxtFmrq+XtvzzBiN5lVbjbX3MDvYtnmrxysKu1xS/L4vuA

Debug level 1: CLIENT -> SERVER: WnSD+IvZyXZI73k3uXH/vi1mR48K3k9B0mXwzdaiY8GzWy7J/wTqgVaHzfa2X9xjKiBx1jQ4D9yx

Debug level 1: CLIENT -> SERVER: f57z5Ulmp8rGw987c/oMi/2QDYfu5L7vx7e3tl2CW8WFnKKiHUMsC7kOGRv0D9ORvDp6rVRdPW18

Debug level 1: CLIENT -> SERVER: CJIpfKguS4GF1sWFbKG+ESfNRNenGL2ZtKVHp+2w6WenFtg9DWEkUCrAQzJjbe3e+bqLlyBPWffZ

Debug level 1: CLIENT -> SERVER: heZhlSspvsTsnv3qc+tLh35RLIeqousKOE2o8AxAf1YjqbxueKuLzGNy4LrIsJeQILU5vvpg0u/F

Debug level 1: CLIENT -> SERVER: TUH230xKZuesdGVN1dogQ95oYxgy8qUpAU1YCpR29Dr8oEgbCzqpe7gQeVAREGAsqu3KEqmou39c

Debug level 1: CLIENT -> SERVER: 2BHXi1vCq1K33nQLL9Zag+NX2M7T8YxOFhLZrg5ONTov7gvUsaHdiPxC0+fwg0oODDp57b0eIxWP

Debug level 1: CLIENT -> SERVER: eGHrniv+fIUWYGO9wtpAbcwAtk1dDW5kSXRX6K5LYmIcNOJAxs7St5rHSNCpQvR1Hr5f1QSmV0oj

Debug level 1: CLIENT -> SERVER: GCXjmnvba91r9c4WWBuvhWmuqo7if5GaCl568U5Nvq6Zlp7+R/KQoS+Hfc+mRf+KItl1MeFldeHd

Debug level 1: CLIENT -> SERVER: y3F64ik+zj+fL1n8Cg4lK+x3sa9c3rae+KzfVZD39bSligxsj/4jrciV1C/avCqfrIk6gu/kZVI0

Debug level 1: CLIENT -> SERVER: JtqRrcrFJW/9TeDfRfaUCJ9irIb9YZuexRa+kHSxScZYaHpmCXuChhLWRJFvcD8pVjY+FEx1OnzP

Debug level 1: CLIENT -> SERVER: uPiOGe2AFkG8iJJKcKeUJi08pllVmwEKi0pDBfSluGQcayi6LqHoOyZ3qAE8DsoMhbN70RrnpZYY

Debug level 1: CLIENT -> SERVER: 8NhF9c9WfyZQCKmE4Z7TI8tRpLsNyPa25v3wAHqtkcVOifd6TPAtuw4louP1fF7lRlGDpqxcsdK3

Debug level 1: CLIENT -> SERVER: qjjDu3A6qHJm01Tize0chBQ1q2QbeFS8W07mZNftqdIQAX3FWT+sYvzVsN21ta0HSjdHCBuoIh6+

Debug level 1: CLIENT -> SERVER: dyac3Z5ZOhzn2F3d1gFXS3ufV8Xtt5KAAEmf7xpt50HLIohKPhUdxm0Us6fo0RRUYySD1qmM0ZIQ

Debug level 1: CLIENT -> SERVER: za7dzbZW67cUapsVFtVKT9u9gZeElgeXRNiaCuG0Dn8R3ksa5NDSLLXFTMzim9NJmOAjPdf/u87w

Debug level 1: CLIENT -> SERVER: f+B/Gdg0EJXnGO2Tjzh96a46Pmf9z1R7R2X9FVBLBwiSCT9krggAAOIKAABQSwMEFAAICAgAnGs+

Debug level 1: CLIENT -> SERVER: WwAAAAAAAAAAAAAAAAwAAABzZXR0aW5ncy54bWy1WVtT4koQfj+/wso7ou6uq5SyFXDZw4pCAa51

Debug level 1: CLIENT -> SERVER: 9m1IGpjDZDo1MxH496dnApbLxYMk84Tm0vf++uvJzbdFIk5eQGmO8jY4Pz0LTkBGGHM5uQ2ehq3K

Debug level 1: CLIENT -> SERVER: VfCt/tcNjsc8glqMUZaANBUNxtAj+oRel7qW374NMiVryDTXNckS0DUT1TAFuX6t9vbpmlOWX1kI

Debug level 1: CLIENT -> SERVER: Lme3wdSYtFatzufz0/mnU1ST6vn19XXV3V0/GqEc88mhqvKn36pCxFdF9oXcGKfs4uzsczX/PzhZ

Debug level 1: CLIENT -> SERVER: GfkmNBdBfR2Htfv1m5WC/KfCDSQ2Niery9a024BU1l44zF+jFux67893ftHzoQI2xDRY3zHLlO5w

Debug level 1: CLIENT -> SERVER: aYL62U11W8LhUjswNh7EPvPYTHfJ/XTx5etFMdl/A59Mdxp9cX5+eXWc8MEU532Iqb6gOWVyAnpD

Debug level 1: CLIENT -> SERVER: wQhRAJNB3agMjtPRlg2Fcw0PGMM+6WMm9MHiKwlLK1zGsIB4O1a7i8u9Q22hlodFvB1vmKqNosoN

Debug level 1: CLIENT -> SERVER: 6raOC2RyX+Fdfb26PF7qnib5cnZ1tKmajwSU3iZOatkt7YT293WHbb1iohtoDCb7Ou/rcbJ/IyZD

Debug level 1: CLIENT -> SERVER: krRZZlNUxXCow5aYmSaKLJGb3VyW9AbirLR23o5Li0UG1W7bz8+OtL6tByAgMhC3FF04wvQdF9/C

Debug level 1: CLIENT -> SERVER: yr7bK6Ta/QBNxMNnaH4hU8zQRP7IMA3juMcUGzKq5kHKIotk5aeuRwhp+mAZA2zCZxnyu5mxg6pD

Debug level 1: CLIENT -> SERVER: GsQ/HESsH7NkBMqPNx3iXE9pzMyuwbUuxgKB+p6kZtljfkbuRKKCFlfakBvQpgqUpi19hovog6K2

Debug level 1: CLIENT -> SERVER: BdXEJFWgLWksHd9c4AbkgICfONobuAJu5BlvKQJnSFJBf5efHedFj6WgrJ4BmGxzHpbhCfW8A7ru

Debug level 1: CLIENT -> SERVER: eExI4SNWzg9LETxV8YqY9hQawm2qp3tYbmphGi4/N7hkahlUDzTZwaAHe1eGtlBtkoWyGsyEmcG8

Debug level 1: CLIENT -> SERVER: RD2VZRNpmKHwEh0SD2pnuX8wizm8URp1KOOGYHKmKegW6ZpMRJlw89FXwYdSonEa9s+FI+Gtgyzu

Debug level 1: CLIENT -> SERVER: A4tRiq1CLwcRLAtYEYAhuj5ogvCRbdL1fUHplkx0yKN3Zk4BHWkqlk8a1B0zrHzxLUsxfDbcgL3A

Debug level 1: CLIENT -> SERVER: r/x4pSubArUPPm2V/BA4YuJudTJkiY2PcdDW95TvUHMme5mMTOarDUPBJ5KKd2Aw7aHm76k5PjtN

Debug level 1: CLIENT -> SERVER: wdNQv9KaUEbU2xA/K3pUtcTSDVcfcWxmSlGabFFbYLS/A8xUtIU1+YnEAXhJsQrdoM6JIGGlxYGJ

Debug level 1: CLIENT -> SERVER: YulUt2WH683FuQw37vARTZOlJlNwp9i8O/pXd6WlCh6UOSjr4/wewAeXWs2ux+298fAkOBkttigk

Debug level 1: CLIENT -> SERVER: hMaz5jGoISzMM+WvKyms1AM+mLCGrohXnj8AmRh5I5Hu8MbXLqQ7bASv6OcnUpbzgWMg/tbrHUt8

Debug level 1: CLIENT -> SERVER: aAaGWGH5QXt1aV1oqR+fHEj0gRYU61pojLJMjvbUFnpJVb56KdQpEXVf8n9YYH2nWwowHiFw7nTQ

Debug level 1: CLIENT -> SERVER: +ttkMgLhYfD9OX9on0+YjHfs8kVObV3if2ba8PHSto1+5mb6wGTGREMBm/mZEboPdjl4gSHmo9An

Debug level 1: CLIENT -> SERVER: GhAyU5GtCYrHIzdQ1hn77c+yO3dAu+fjxZRwtqJAo8isTUUGg8+zpNUByQQaLJpNFGZy73Fi2WVe

Debug level 1: CLIENT -> SERVER: bLxbnuOOZP1sz7TqRjOLjF7mvVxQ3UbwGxTS6vY/W9sHj8ndMXd16+Nxdd9n9fp/UEsHCNAGO/j5

Debug level 1: CLIENT -> SERVER: BAAAmB8AAFBLAwQUAAgICACcaz5bAAAAAAAAAAAAAAAAFQAAAE1FVEEtSU5GL21hbmlmZXN0Lnht

Debug level 1: CLIENT -> SERVER: bLWWz27CMAzG7zxFlTvN4DRVFKRN2nXSxB7ApG7JlCZR7CB4+7VM/BlDE6DmlkTJ7/vsNHZni21r

Debug level 1: CLIENT -> SERVER: sg0G0s6WYpI/iQytcpW2TSk+l2/jZ7GYj2YtWF0jcXEYZN05S8dpKWKwhQPSVFhokQpWhfNoK6di

Debug level 1: CLIENT -> SERVER: i5aL3/uLXmk+yk7gWhscdxvDLjuJYaVhzDuPpQDvjVbAnU+5sVW+18rPJXLGLYvT6bOopmfLdTRm

Debug level 1: CLIENT -> SERVER: 7IHXpZBC3uXhOuXV2Vo3Mey90VQSA0daQUiDB6XQYDd1QaoYQh95l9zkWkkEauOAMRHcOx9992XE

Debug level 1: CLIENT -> SERVER: RPjgmoCU7qZ768ng7JxJBtctNEjyRXMLnpJq3Mm+LCMUbf968qhzdS5wm4dBAntffaHiD/QGFPaF

Debug level 1: CLIENT -> SERVER: jOTPUjZJxb+T2xdW2deYq/wub/xYEfqfS7wzSINjD7mVqXwfBVIHQMjc9elHFG7opuQDQkVrxPua

Debug level 1: CLIENT -> SERVER: 6tHeoEG3yDBYm1uuY7uyoA1JPgxzb5uh4cM+h4vbnsk/P2Xzb1BLBwjnESsbegEAAM8JAABQSwEC

Debug level 1: CLIENT -> SERVER: FAAUAAAIAACcaz5bXsYyDCcAAAAnAAAACAAAAAAAAAAAAAAAAAAAAAAAbWltZXR5cGVQSwECFAAU

Debug level 1: CLIENT -> SERVER: AAAIAACcaz5bAAAAAAAAAAAAAAAAGgAAAAAAAAAAAAAAAABNAAAAQ29uZmlndXJhdGlvbnMyL3N0

Debug level 1: CLIENT -> SERVER: YXR1c2Jhci9QSwECFAAUAAgICACcaz5bAAAAAAIAAAAAAAAAJwAAAAAAAAAAAAAAAACFAAAAQ29u

Debug level 1: CLIENT -> SERVER: ZmlndXJhdGlvbnMyL2FjY2VsZXJhdG9yL2N1cnJlbnQueG1sUEsBAhQAFAAACAAAnGs+WwAAAAAA

Debug level 1: CLIENT -> SERVER: AAAAAAAAABgAAAAAAAAAAAAAAAAA3AAAAENvbmZpZ3VyYXRpb25zMi9mbG9hdGVyL1BLAQIUABQA

Debug level 1: CLIENT -> SERVER: AAgAAJxrPlsAAAAAAAAAAAAAAAAaAAAAAAAAAAAAAAAAABIBAABDb25maWd1cmF0aW9uczIvcG9w

Debug level 1: CLIENT -> SERVER: dXBtZW51L1BLAQIUABQAAAgAAJxrPlsAAAAAAAAAAAAAAAAcAAAAAAAAAAAAAAAAAEoBAABDb25m

Debug level 1: CLIENT -> SERVER: aWd1cmF0aW9uczIvcHJvZ3Jlc3NiYXIvUEsBAhQAFAAACAAAnGs+WwAAAAAAAAAAAAAAABgAAAAA

Debug level 1: CLIENT -> SERVER: AAAAAAAAAAAAhAEAAENvbmZpZ3VyYXRpb25zMi9tZW51YmFyL1BLAQIUABQAAAgAAJxrPlsAAAAA

Debug level 1: CLIENT -> SERVER: AAAAAAAAAAAYAAAAAAAAAAAAAAAAALoBAABDb25maWd1cmF0aW9uczIvdG9vbGJhci9QSwECFAAU

Debug level 1: CLIENT -> SERVER: AAAIAACcaz5bAAAAAAAAAAAAAAAAHwAAAAAAAAAAAAAAAADwAQAAQ29uZmlndXJhdGlvbnMyL2lt

Debug level 1: CLIENT -> SERVER: YWdlcy9CaXRtYXBzL1BLAQIUABQACAgIAJxrPlubW5q5lwEAAOcDAAAbAAAAAAAAAAAAAAAAAC0C

Debug level 1: CLIENT -> SERVER: AABPYmplY3RSZXBsYWNlbWVudHMvT2JqZWN0IDFQSwECFAAUAAgICACcaz5b6FQu3JUFAADEFQAA

Debug level 1: CLIENT -> SERVER: CwAAAAAAAAAAAAAAAAANBAAAY29udGVudC54bWxQSwECFAAUAAgICACcaz5bJ6iOFpALAABaVgAA

Debug level 1: CLIENT -> SERVER: CgAAAAAAAAAAAAAAAADbCQAAc3R5bGVzLnhtbFBLAQIUABQACAgIAJxrPluypvhEcwUAAMkXAAAU

Debug level 1: CLIENT -> SERVER: AAAAAAAAAAAAAAAAAKMVAABPYmplY3QgMS9jb250ZW50LnhtbFBLAQIUABQACAgIAJxrPlvMWUP0

Debug level 1: CLIENT -> SERVER: BQoAACxTAAATAAAAAAAAAAAAAAAAAFgbAABPYmplY3QgMS9zdHlsZXMueG1sUEsBAhQAFAAICAgA

Debug level 1: CLIENT -> SERVER: nGs+WyltBGDfAgAAgg4AABUAAAAAAAAAAAAAAAAAniUAAE9iamVjdCAxL3NldHRpbmdzLnhtbFBL

Debug level 1: CLIENT -> SERVER: AQIUABQAAAgAAJxrPlsReZJ4+wMAAPsDAAAIAAAAAAAAAAAAAAAAAMAoAABtZXRhLnhtbFBLAQIU

Debug level 1: CLIENT -> SERVER: ABQACAgIAJxrPluSCT9krggAAOIKAAAYAAAAAAAAAAAAAAAAAOEsAABUaHVtYm5haWxzL3RodW1i

Debug level 1: CLIENT -> SERVER: bmFpbC5wbmdQSwECFAAUAAgICACcaz5b0AY7+PkEAACYHwAADAAAAAAAAAAAAAAAAADVNQAAc2V0

Debug level 1: CLIENT -> SERVER: dGluZ3MueG1sUEsBAhQAFAAICAgAnGs+W+cRKxt6AQAAzwkAABUAAAAAAAAAAAAAAAAACDsAAE1F

Debug level 1: CLIENT -> SERVER: VEEtSU5GL21hbmlmZXN0LnhtbFBLBQYAAAAAEwATAP0EAADFPAAAAAA=

Debug level 1: CLIENT -> SERVER: 

Debug level 1: CLIENT -> SERVER: --b1=_Zo8vsW1sWTpeBTkbrzGots0XkuVxEZaJcBrG4YJXDs--

Debug level 1: CLIENT -> SERVER: 

Debug level 1: CLIENT -> SERVER: .

Debug level 2: SERVER -> CLIENT: 250 2.0.0 Ok: queued as 403FD200D862

Debug level 1: CLIENT -> SERVER: QUIT

Debug level 2: SERVER -> CLIENT: 221 2.0.0 Bye

