Debug level 2: SERVER -> CLIENT: 220 smtp-sp217-16.kinghost.net ESMTP

Debug level 1: CLIENT -> SERVER: EHLO localhost

Debug level 2: SERVER -> CLIENT: 250-smtp-sp217-16.kinghost.net
250-PIPELINING
250-SIZE 62914560
250-VRFY
250-ETRN
250-STARTTLS
250-AUTH PLAIN LOGIN
250-AUTH=PLAIN LOGIN
250-ENHANCEDSTATUSCODES
250-8BITMIME
250-DSN
250 CHUNKING

Debug level 1: CLIENT -> SERVER: AUTH LOGIN

Debug level 2: SERVER -> CLIENT: 334 VXNlcm5hbWU6

Debug level 1: CLIENT -> SERVER: [credentials hidden]
Debug level 2: SERVER -> CLIENT: 334 UGFzc3dvcmQ6

Debug level 1: CLIENT -> SERVER: [credentials hidden]
Debug level 2: SERVER -> CLIENT: 235 2.7.0 Authentication successful

Debug level 1: CLIENT -> SERVER: MAIL FROM:<ourodosul@ourodosul.com.br>

Debug level 2: SERVER -> CLIENT: 250 2.1.0 Ok

Debug level 1: CLIENT -> SERVER: RCPT TO:<gilmar.a.fritzen@gmail.com>

Debug level 2: SERVER -> CLIENT: 250 2.1.5 Ok

Debug level 1: CLIENT -> SERVER: DATA

Debug level 2: SERVER -> CLIENT: 354 End data with <CR><LF>.<CR><LF>

Debug level 1: CLIENT -> SERVER: Date: Thu, 2 Oct 2025 15:39:59 +0200

Debug level 1: CLIENT -> SERVER: To: gilmar.a.fritzen@gmail.com

Debug level 1: CLIENT -> SERVER: From: ourodosul@ourodosul.com.br

Debug level 1: CLIENT -> SERVER: Subject: =?iso-8859-1?Q?Atualiza=C3=A7=C3=A3o_de_Cadastro?=

Debug level 1: CLIENT -> SERVER: Message-ID: <WGUsWfOuwbb6dQbefcBX3Da9yPAPgOxlj7ZXmFDWY@localhost>

Debug level 1: CLIENT -> SERVER: X-Mailer: PHPMailer 6.10.0 (https://github.com/PHPMailer/PHPMailer)

Debug level 1: CLIENT -> SERVER: MIME-Version: 1.0

Debug level 1: CLIENT -> SERVER: Content-Type: multipart/mixed;

Debug level 1: CLIENT -> SERVER:  boundary="b1=_WGUsWfOuwbb6dQbefcBX3Da9yPAPgOxlj7ZXmFDWY"

Debug level 1: CLIENT -> SERVER: Content-Transfer-Encoding: 8bit

Debug level 1: CLIENT -> SERVER: 

Debug level 1: CLIENT -> SERVER: --b1=_WGUsWfOuwbb6dQbefcBX3Da9yPAPgOxlj7ZXmFDWY

Debug level 1: CLIENT -> SERVER: Content-Type: multipart/alternative;

Debug level 1: CLIENT -> SERVER:  boundary="b2=_WGUsWfOuwbb6dQbefcBX3Da9yPAPgOxlj7ZXmFDWY"

Debug level 1: CLIENT -> SERVER: 

Debug level 1: CLIENT -> SERVER: --b2=_WGUsWfOuwbb6dQbefcBX3Da9yPAPgOxlj7ZXmFDWY

Debug level 1: CLIENT -> SERVER: Content-Type: text/plain; charset=iso-8859-1

Debug level 1: CLIENT -> SERVER: Content-Transfer-Encoding: 8bit

Debug level 1: CLIENT -> SERVER: 

Debug level 1: CLIENT -> SERVER: (Sem conteúdo)

Debug level 1: CLIENT -> SERVER: 

Debug level 1: CLIENT -> SERVER: --b2=_WGUsWfOuwbb6dQbefcBX3Da9yPAPgOxlj7ZXmFDWY

Debug level 1: CLIENT -> SERVER: Content-Type: text/html; charset=iso-8859-1

Debug level 1: CLIENT -> SERVER: Content-Transfer-Encoding: 8bit

Debug level 1: CLIENT -> SERVER: 

Debug level 1: CLIENT -> SERVER: <p>(Sem conteúdo)</p>

Debug level 1: CLIENT -> SERVER: 

Debug level 1: CLIENT -> SERVER: 

Debug level 1: CLIENT -> SERVER: --b2=_WGUsWfOuwbb6dQbefcBX3Da9yPAPgOxlj7ZXmFDWY--

Debug level 1: CLIENT -> SERVER: 

Debug level 1: CLIENT -> SERVER: --b1=_WGUsWfOuwbb6dQbefcBX3Da9yPAPgOxlj7ZXmFDWY

Debug level 1: CLIENT -> SERVER: Content-Type: application/octet-stream; name="14165  .8 MARIANE FRITZEN FUSSIEGER.odt"

Debug level 1: CLIENT -> SERVER: Content-Transfer-Encoding: base64

Debug level 1: CLIENT -> SERVER: Content-Disposition: attachment; filename="14165  .8 MARIANE FRITZEN FUSSIEGER.odt"

Debug level 1: CLIENT -> SERVER: 

Debug level 1: CLIENT -> SERVER: UEsDBBQAAAgAAPlsQltexjIMJwAAACcAAAAIAAAAbWltZXR5cGVhcHBsaWNhdGlvbi92bmQub2Fz

Debug level 1: CLIENT -> SERVER: aXMub3BlbmRvY3VtZW50LnRleHRQSwMEFAAACAAA+WxCWwAAAAAAAAAAAAAAABoAAABDb25maWd1

Debug level 1: CLIENT -> SERVER: cmF0aW9uczIvc3RhdHVzYmFyL1BLAwQUAAgICAD5bEJbAAAAAAAAAAAAAAAAJwAAAENvbmZpZ3Vy

Debug level 1: CLIENT -> SERVER: YXRpb25zMi9hY2NlbGVyYXRvci9jdXJyZW50LnhtbAMAUEsHCAAAAAACAAAAAAAAAFBLAwQUAAAI

Debug level 1: CLIENT -> SERVER: AAD5bEJbAAAAAAAAAAAAAAAAGAAAAENvbmZpZ3VyYXRpb25zMi9mbG9hdGVyL1BLAwQUAAAIAAD5

Debug level 1: CLIENT -> SERVER: bEJbAAAAAAAAAAAAAAAAGgAAAENvbmZpZ3VyYXRpb25zMi9wb3B1cG1lbnUvUEsDBBQAAAgAAPls

Debug level 1: CLIENT -> SERVER: QlsAAAAAAAAAAAAAAAAcAAAAQ29uZmlndXJhdGlvbnMyL3Byb2dyZXNzYmFyL1BLAwQUAAAIAAD5

Debug level 1: CLIENT -> SERVER: bEJbAAAAAAAAAAAAAAAAGAAAAENvbmZpZ3VyYXRpb25zMi9tZW51YmFyL1BLAwQUAAAIAAD5bEJb

Debug level 1: CLIENT -> SERVER: AAAAAAAAAAAAAAAAGAAAAENvbmZpZ3VyYXRpb25zMi90b29sYmFyL1BLAwQUAAAIAAD5bEJbAAAA

Debug level 1: CLIENT -> SERVER: AAAAAAAAAAAAHwAAAENvbmZpZ3VyYXRpb25zMi9pbWFnZXMvQml0bWFwcy9QSwMEFAAICAgA+WxC

Debug level 1: CLIENT -> SERVER: WwAAAAAAAAAAAAAAAAsAAABjb250ZW50LnhtbL1Y3W7bNhS+31NwKjBsFzLjtB0SLXaQtU4RIMmC

Debug level 1: CLIENT -> SERVER: 2MGG3TESbRGjRJakbKdXe4c9wa6KPcCeIG+yJ9khJTFSbKVyUzQXicTznXM+nj9SOTpeZxwtqdJM

Debug level 1: CLIENT -> SERVER: 5KNgONgLEM1jkbB8MQpuZqfhQXA8/uZIzOcsplEi4iKjuQljkRv4i0A711EpHQWFyiNBNNNRTjKq

Debug level 1: CLIENT -> SERVER: IxNHQtK81oqa6Mj5Kle0ueO91R24qW3o2vRVttiWLrnt79mBm9qJIqu+yhYLQW2qz0Vf5bXm4VxA

Debug level 1: CLIENT -> SERVER: 1DNJDHvEYs1Z/scoSI2REcar1WqwejkQaoGHh4eH2Ek94djjZKG4QyUxppxaZxoPB0NcYzNqSF9+

Debug level 1: CLIENT -> SERVER: FtuklBfZLVW9Q0MM2ciqXi56V8Ry0RGaOCWqd204cDu9L5P+6X2ZNHUzYtKOnBzgCxC6XxfnD7Wg

Debug level 1: CLIENT -> SERVER: sr6+LLYVqlgx2XubJbqpL4TwVK1C2aCO7v7e3itcvjfQqyfhK8UMVQ14/CQ8Jjz2ERfZtqABbogB

Debug level 1: CLIENT -> SERVER: EdKlLVNf+DYQukNhH5diD9ZJp+nfLs6ncUoz8gBmnwaHLNeG5A+RUTYJnTt9jRWVQhkfmHn/gQnZ

Debug level 1: CLIENT -> SERVER: 2vdekjnxbgCpB85CaBWdr6YFbDsTW5UXvtIY5XVZe5KVf7qWVDGrSLjNXJhp2CVkU8iooV0WT6XZ

Debug level 1: CLIENT -> SERVER: ODz2g3F9UpRVprFfmMOJEc5JTMOExlyPj8qO98uofLc8RsGMpCIjwwBBa9eQjPG7WhLgp/XfEM5u

Debug level 1: CLIENT -> SERVER: FdtmoBIFqKVvZeGC5rB7qFa9Ylr39PGZLhTsIm8hJDMxjIwlUcyeMz3do3O2SM22jX5HpNA/tWDl

Debug level 1: CLIENT -> SERVER: 0lfk9cVolRl5Bq3zImYJQVOSa3STM7jh0E5yW7B9KN5pQ7PncLyYonfCpCzuZOYRX4VP1WudTfh8

Debug level 1: CLIENT -> SERVER: 77hrOFTrpDDgyLA4dHb81HC/W1yvht5XRVISRRaKyLQWwIK9urqXsNSawvxOiEpqSAb3EKpCSRYb

Debug level 1: CLIENT -> SERVER: iNq1NxtKmIpUGUa1d2DVqquPpe622GDcTX+2Qd/eVL1T+9L0NxdRLLgANy/23E+t7YCiMHDpA6tz

Debug level 1: CLIENT -> SERVER: wjVtiex6aFIlikUaVtfuXOS0lajHMxS8uXXNPsD6cChNY622oTLC3bLzo1OS2GtC07YTFHlClWPR

Debug level 1: CLIENT -> SERVER: 8l6bW1E7EB7sPWIVwklH8tZ8fwBYejWgJNkUuqxX0i3WS8dPAJx7e8vkdP0UAQ/poODl3SQ6IC5+

Debug level 1: CLIENT -> SERVER: NJMpKROxEVux3BbabYCqeJxT97xZqbizBSvBrUju/Is1Pz5yX1eavi/gE9K38uYicksJ05KTu7pa

Debug level 1: CLIENT -> SERVER: Qw6XOz4KoJSduCzCM84LbRT4F7nl+Cxjs3rsPM+KbcznGnlbfg26sHdHTZYqzYkFc278s8hQwsi3

Debug level 1: CLIENT -> SERVER: 6OR9wdD9PwgOq18KJVAi0LTgA3QFJ1YmNIKvdHs7IwrBxRMRiz6u/MluF42R52Tw2Ys7Hoevhj++

Debug level 1: CLIENT -> SERVER: RlUo8HhwUD9Lkm8ahiE3vji5Pju5nKDT67PZ75NLdHoznZ5N3k2u6ziA5ngXjhO4g9u9wmhXsCYQ

Debug level 1: CLIENT -> SERVER: zey+DTEC2VmNiCmgWT9AEDQtUEwSmPFKlEGyyDmDJnNCDYFMwNQx2oXApchotJPGm6tT9N+ff+2k

Debug level 1: CLIENT -> SERVER: 8xa+kREQviQ6dhd0Ee0UpYwwjr6Xds+aKmtpzngqfohQM7M7WJxRTmF+0LaBTz3OIDu/psRoIuXx

Debug level 1: CLIENT -> SERVER: TpqfSXNizxt6/1HslqK6gwrbPFRr6msKImeqrZf1JYl2HQY3Z3H/8f5fOJ5tEekCDuuMqtiW1E5d

Debug level 1: CLIENT -> SERVER: N22UKfg2939DyjIE6a9qIPc1MNjBLv5yGNya+rh1IOCOfxWO/wdQSwcItQfysykFAABrFAAAUEsD

Debug level 1: CLIENT -> SERVER: BBQACAgIAPlsQlsAAAAAAAAAAAAAAAAKAAAAc3R5bGVzLnhtbN1cX5OjuBF/z6dweSt5wwb839nZ

Debug level 1: CLIENT -> SERVER: q2Rzl6Rqt5Lc7D5fySDb5DCihBiP7+vkIU/5FPvF0pIQCBCY8Z/xrG+qts7qltT961ar1Qje//C8

Debug level 1: CLIENT -> SERVER: C3tPmCYBiR76zsDu93DkET+INg/9r19+sub9Hz787j1ZrwMPL33ipTscMSthhxAnPegcJUtJfOin

Debug level 1: CLIENT -> SERVER: NFoSlATJMkI7nCyZtyQxjlSnpc69FFPJFjFY1+6CWe/N8DPr2pnzlvqiVfeZBbPe26do37Uz5wVM

Debug level 1: CLIENT -> SERVER: 9e5r0rXzcxJaa2J5ZBcjFlSkeA6D6NeH/paxeDkc7vf7wX40IHQzdBaLxVBQc4G9nC9OaSi4fG+I

Debug level 1: CLIENT -> SERVER: Q8wnS4bOwBkq3h1mqKt8nFcXKUp3K0w7Q4MYqlk1edp09oinTQM03hbRzr4hmMvmHfndzTvy9b47

Debug level 1: CLIENT -> SERVER: xLYNNpkPPwNR/PP5U+ELdNd1Ls5bgsqjQdxZTcmt9yeE5KLyDnKBCnFd2x4P5W+Ne9/KvqcBw1Rj

Debug level 1: CLIENT -> SERVER: 91rZPRR6OeJkZwIN+JwhcFj4ibup4qZc6caRJ0OKY0JZLsi6e4ACdNx8Fn+N8mmAMxmIESzeUcyl

Debug level 1: CLIENT -> SERVER: jzDkK2HIu7zr97JApwVXt/9BRdI1gSi6Rh62fOyFyYf3cgXkzT35m8v50P+CtmSHnH4PXF2x7ILw

Debug level 1: CLIENT -> SERVER: oCj9YXv/jygMVjQwDZCR+r1Sf06zNjjCNADrJfsgSTrOceIUFLSIShxxwDxYQk+IBjzudpy+9ynY

Debug level 1: CLIENT -> SERVER: bJlJ0T+gmCR/LLHJpleU62JiSYucIdan1At81HtEUdL7GgWw4eNG4Qy8XUQ8JAzvzpHx82Pvr4Rt

Debug level 1: CLIENT -> SERVER: A69RspzjVeTJ1lrjIjx/9mFTcMjaZdalpPTxGqVhloupkTORNhTFHDnFm/22YgrhirIAcjeekSyT

Debug level 1: CLIENT -> SERVER: LfLJ3oLxE8ys54e+PRh5IKeBeKgQGWyXFmQX2Epi5EFuY20JDX4D0VHIWd15K/MTF8Ors0Iw7Tpq

Debug level 1: CLIENT -> SERVER: jdUwZgZLCHrsA7a1ZLa4RmGi2TtGFAmEdHzWZCkG32K+KCF82/Pfq/H4KBZKGeEzg2sEPiZyABTG

Debug level 1: CLIENT -> SERVER: 29wVRP8VxQjys4SBIzBF4Zskl3gHi+mhH1KLrUrOEUQ+5vsKz7V1FZXoSnLIScH+JE649zQrk7Nz

Debug level 1: CLIENT -> SERVER: uTUdZWuaYAAn4rYWk3skJJC9MZpCUAAYRGMS/AaSOk7MRFuIok2KNtCUNXgkjRgFJ/nzz7n6mEEm

Debug level 1: CLIENT -> SERVER: YP2KaSRElwNqWvIxLdhNUaRGzjpmgysazkNwNosifH2sj8dTwRA/N4yYUxGtjpmTHv/UL+AsrbIu

Debug level 1: CLIENT -> SERVER: Sy/Hv3/MvXaIboLIAvOBw3JnLdpWhDGeDHE/djOSwRuhdXuItziC3JdEVoh8HwAXCj30IwKuswvY

Debug level 1: CLIENT -> SERVER: C502TiOPpXLAPZAh+QHwwIDHvVp5o+UHsOIjPgkkPROnWIhlv4/BIsUqPME5NdtXspBrui2fSnmg

Debug level 1: CLIENT -> SERVER: eSO9nouLuXNPNew8l1sDundhFXiqLkfxDoG/8sOT8ju3xhSnybbCcsYCE+dwPQKGWHcbeUxfEcqX

Debug level 1: CLIENT -> SERVER: Avcz2A7AaUIUJ9yJz53YomRfmRxaKiv7V4xjWNcbzLb8HMwX3bGJ9QmlLz/CEvIR9fuNAUYZL0RJ

Debug level 1: CLIENT -> SERVER: AuLB+jkacwiFpR4lykr7ABaW/NW8MZ2xQguljyj7JWAhPqopNOTVJ8uMUsRl1Bm+QMMvrv3LiviH

Debug level 1: CLIENT -> SERVER: UxArRenB2B01RWpn7JgjtS0jtXAKkYREIglB4R4dkmPo1oObOkuUQ5w7VyFOhq88YbDsge3MixD8

Debug level 1: CLIENT -> SERVER: ovCm5+DmoCbnPT1Cif7d3cRgTNhs4hAdNHP3dPI5znSynzTu5g7fzTur+5iu2C0WBsTqmBdxjuks

Debug level 1: CLIENT -> SERVER: U4ow2IAjeCAAzjeUf6cJC9YHi8dcmHEP4biWdlcdXmzHIna8myz4X20bHzf4OLi4O80wl/x8Akhx

Debug level 1: CLIENT -> SERVER: 4NTQ4rtyPJ0o4MmoTZ2LzdXcPadnA3S29ifImk6xdIshQz5kxwBTXbROd8k/grvARn/BJQeiUvTC

Debug level 1: CLIENT -> SERVER: 2CwXV8u664n6v6xOi2NVkqc1giLitipe262OqnulG7MXe577Qs8zG6jFN80TnOybf4ez6PMF7RuI

Debug level 1: CLIENT -> SERVER: 8VrteyFjXc7L/4YRfy7Gl5pj3nwyjp7zagFb5ZIkZQKQED/xhNc5ewcbTEeT45nOS3MaLcS768l4

Debug level 1: CLIENT -> SERVER: MW0+w+Wl3EqeY1cdW09GjMQi17Bfkmto5nbbze3e2tzu+eYu6gxvytzOtMXcZmIRA6cnmnvUbu7R

Debug level 1: CLIENT -> SERVER: rc09+n7MbUrgOmdj9WzrFGuO2605vrU1x+dbszBZzZr27BrWbE5yjmXQ56Uhmlkn7Wad3Nqsk+/G

Debug level 1: CLIENT -> SERVER: rKegP21Hf3pr9Kfno19AXEX/fORr59s3sKBm7Sad3dqks+/CpKcgP29Hfn5r5OdnI3811N0Z/3tb

Debug level 1: CLIENT -> SERVER: C2nRbs7Frc25ePPm7Iz6v1LCzquOXixtLkhXq4qObf73BpydVyq5s/2zinTZ4zlbr8ZzTTOFeM3E

Debug level 1: CLIENT -> SERVER: Q+dZ2UxUPouxdQsF4npF1ihH5w/qrBIxN07XMhnDUYI5NiXXLOOScfVezXsVLBN3bMTFQDleBSpI

Debug level 1: CLIENT -> SERVER: Jzn8KXbgfWLk8zCa6aQsqlorhlbNmTajyahCKNQpaNmzYzlBRCKst2YTVJtVgsGftPUSEgZ+Tz81

Debug level 1: CLIENT -> SERVER: ZVxa/m5g/K5OYn+Re0spCvAfP8HYZq/PehQBoafz5g/Z+WY0bJ73y7f/sTQkogjL//m4LW4xVJ4E

Debug level 1: CLIENT -> SERVER: Ss6e09N5SvPcQ5lSA8TtBoh7C0Ber5CnATLqBsjoIoDcqtSl6Tvupu/4svreKgRpik+6KT65hOKn

Debug level 1: CLIENT -> SERVER: yDftJt/0LPneTFFBU3zWTfHZJRQ/Rb55N/nm5znOWzmkaoovuim+uITip8h3XLQXC/bSLfxiN6pa

Debug level 1: CLIENT -> SERVER: 70udcx2K3w/qAlnBd9kA0/FWzmvsgh9hLXz777f/HEEiZzsLiDdzENfOmz/u4i1/M639yFnl+m43

Debug level 1: CLIENT -> SERVER: /5K9pXaoq+kz9vvIgjQX+BmvMcWRd6TsUGPrqrsQV7ywxI/kyQ6FoeWhOOk3AGMICPZCv6a3z+7I

Debug level 1: CLIENT -> SERVER: rkjolzCRBAVaEznHTDB0Ruwfn36sat7hfSlx6QhF3pbAaf8Q43Kl5mmzfFYlDPj/Q6mcIV+jkCUD

Debug level 1: CLIENT -> SERVER: 2aLeVLJiwguwJK4RKK/U1mpBxctQsme52qJRK91r2AhtVF3YAJGk9CuMooCcsctLWJXrRlG6s/j7

Debug level 1: CLIENT -> SERVER: yQiMmoPJLyFmXat46iSSBOJtART5wmWwuoSOVkAW5SX+jq1p2ApLNrZoXJMwJHvsW6uDvA7J0Kqv

Debug level 1: CLIENT -> SERVER: TZ6/s6Lm5246m7qmSqGlU0qlNUUocDYqDdQmPDsi7d4V0g4kUlMj0jqlUsSUhKsjPbozpPOSeBXo

Debug level 1: CLIENT -> SERVER: aq28VEO/OszjO4O5KKRXca6V2MtV+asjPbkzpGezeQPSBaWCtCRcHenpXSHtDuyReTvUKSWkFeHq

Debug level 1: CLIENT -> SERVER: SM/uDGl3bt4OdUoFaUm4OtLzO0N6Yg7TGqGC8+RVgvTizmCeLZpwLigVoCXh6kg79l1BPRrYY/N+

Debug level 1: CLIENT -> SERVER: qFNKUCvCOVCXSTr+EWE4gSN6tA42KRUvgvdygpVdPVoTwiLtEoRuCifTWH485AmFKeYv+shG1THR

Debug level 1: CLIENT -> SERVER: IBCfE9D7yLeD+GN+Pp76SBPXt7uEOPKbBAzMAqrhOSKFBKZpGt9tkp9cEe8bLxZFHcGETjZIgQK3

Debug level 1: CLIENT -> SERVER: bUYLIo+KT7vx5E/7vowYrfisDL9tAWMGnqUIcjqOJ3jpAaxbKg58jndO38BUqRYJyj7w+ZfQXHuw

Debug level 1: CLIENT -> SERVER: WKjSjyCo16PdxWDaomM2CUDILEID0AVlxiaUURSw2p0VV2FWv7NiIGUrwXgrRvuATMv3WjLdNzTw

Debug level 1: CLIENT -> SERVER: 1avv7zyb/5k4MmO745ntmOgrlBTY5K+b1/loujoUfGYeKaxedqqNAMGGf84t8706kwC+hZ4VGCsc

Debug level 1: CLIENT -> SERVER: anFaO/RcErL4wFLGkOBYISwdpfJoRX1IBAQFpxD84mK87Rh40FpUGw0syOcXkeRKkOtDtlMIZMpD

Debug level 1: CLIENT -> SERVER: J/nXfZQVbfGfFh7Nvq6U2mLE7/iIH0NdU62xPlCxKuvLMCPsUJKPkc+WNfKRyo+EKhdFdZm15atF

Debug level 1: CLIENT -> SERVER: g8rwQ/O3Pj/8H1BLBwhUgw6NeQsAACtUAABQSwMEFAAACAAA+WxCWxRU+wf8AwAA/AMAAAgAAABt

Debug level 1: CLIENT -> SERVER: ZXRhLnhtbDw/eG1sIHZlcnNpb249IjEuMCIgZW5jb2Rpbmc9IlVURi04Ij8+CjxvZmZpY2U6ZG9j

Debug level 1: CLIENT -> SERVER: dW1lbnQtbWV0YSB4bWxuczpvZmZpY2U9InVybjpvYXNpczpuYW1lczp0YzpvcGVuZG9jdW1lbnQ6

Debug level 1: CLIENT -> SERVER: eG1sbnM6b2ZmaWNlOjEuMCIgeG1sbnM6eGxpbms9Imh0dHA6Ly93d3cudzMub3JnLzE5OTkveGxp

Debug level 1: CLIENT -> SERVER: bmsiIHhtbG5zOmRjPSJodHRwOi8vcHVybC5vcmcvZGMvZWxlbWVudHMvMS4xLyIgeG1sbnM6bWV0

Debug level 1: CLIENT -> SERVER: YT0idXJuOm9hc2lzOm5hbWVzOnRjOm9wZW5kb2N1bWVudDp4bWxuczptZXRhOjEuMCIgeG1sbnM6

Debug level 1: CLIENT -> SERVER: b29vPSJodHRwOi8vb3Blbm9mZmljZS5vcmcvMjAwNC9vZmZpY2UiIG9mZmljZTp2ZXJzaW9uPSIx

Debug level 1: CLIENT -> SERVER: LjIiPjxvZmZpY2U6bWV0YT48bWV0YTppbml0aWFsLWNyZWF0b3I+ZWxpc2V1PC9tZXRhOmluaXRp

Debug level 1: CLIENT -> SERVER: YWwtY3JlYXRvcj48bWV0YTplZGl0aW5nLWN5Y2xlcz4yPC9tZXRhOmVkaXRpbmctY3ljbGVzPjxt

Debug level 1: CLIENT -> SERVER: ZXRhOmNyZWF0aW9uLWRhdGU+MjAyNS0wOS0yOVQxMjoyNTowMDwvbWV0YTpjcmVhdGlvbi1kYXRl

Debug level 1: CLIENT -> SERVER: PjxkYzpkYXRlPjIwMjUtMTAtMDJUMTA6Mzk6NTAuODY8L2RjOmRhdGU+PG1ldGE6ZWRpdGluZy1k

Debug level 1: CLIENT -> SERVER: dXJhdGlvbj5QVDAwSDAwTTAwUzwvbWV0YTplZGl0aW5nLWR1cmF0aW9uPjxtZXRhOmdlbmVyYXRv

Debug level 1: CLIENT -> SERVER: cj5Cck9mZmljZS5vcmcvMy4xJFdpbjMyIE9wZW5PZmZpY2Uub3JnX3Byb2plY3QvMzEwbTExJEJ1

Debug level 1: CLIENT -> SERVER: aWxkLTkzOTk8L21ldGE6Z2VuZXJhdG9yPjxtZXRhOmRvY3VtZW50LXN0YXRpc3RpYyBtZXRhOnRh

Debug level 1: CLIENT -> SERVER: YmxlLWNvdW50PSIwIiBtZXRhOmltYWdlLWNvdW50PSIwIiBtZXRhOm9iamVjdC1jb3VudD0iMCIg

Debug level 1: CLIENT -> SERVER: bWV0YTpwYWdlLWNvdW50PSIxIiBtZXRhOnBhcmFncmFwaC1jb3VudD0iMTEiIG1ldGE6d29yZC1j

Debug level 1: CLIENT -> SERVER: b3VudD0iNjUiIG1ldGE6Y2hhcmFjdGVyLWNvdW50PSI0MDYiLz48bWV0YTp0ZW1wbGF0ZSB4bGlu

Debug level 1: CLIENT -> SERVER: azp0eXBlPSJzaW1wbGUiIHhsaW5rOmFjdHVhdGU9Im9uUmVxdWVzdCIgeGxpbms6dGl0bGU9Ik5v

Debug level 1: CLIENT -> SERVER: cm1hbCIgeGxpbms6aHJlZj0iIi8+PC9vZmZpY2U6bWV0YT48L29mZmljZTpkb2N1bWVudC1tZXRh

Debug level 1: CLIENT -> SERVER: PlBLAwQUAAgICAD5bEJbAAAAAAAAAAAAAAAAGAAAAFRodW1ibmFpbHMvdGh1bWJuYWlsLnBuZ+2X

Debug level 1: CLIENT -> SERVER: aTAbihbHtdrSpgvV0ljLtZTGUiURlFs7sfRStUvbWG6qBBGqim6U2gVRaxfLVUpRlJC0pYKgSlD7

Debug level 1: CLIENT -> SERVER: kqBiqyUJScjrm3dn7p337c379uZ9OmfOf+bMmXPm/Oac+Cu25seOiB/h4+M7ZmlhYv/T1vHx7eMT

Debug level 1: CLIENT -> SERVER: PPTTY/wCGfsZx1iaXL56J28l/1IwVUf0fuHr+XN8j8paBBPiUW9nYhNDHnVKQq++XzSxuqr/cfw6

Debug level 1: CLIENT -> SERVER: ed9HfOC63ZVQFvMaq29jkxXelW4hdOCPL7fWe/h/jDVV7n8eP2XQtI+PKF50CHNW+w/+sstSFsfo

Debug level 1: CLIENT -> SERVER: v966ImD/SDdVnPKA8vz4fyCRLturL20FiwDNqmvi0LYVdXLtccJQVfI7tuqekjCTFRntWoIbHAns

Debug level 1: CLIENT -> SERVER: ppGZBHHedzgQwSUgGTGzYLjukAQdq9ycFcKtqZiJ2Tw9NtFoFU5EbfgmM0BzP5xXKlvK2t9IvUhF

Debug level 1: CLIENT -> SERVER: RX8Tpx8jdU0glhFrds2PpXf895zFJGqkqAnbmj2W5HVs9DIayEP0DBEUhnCjVHhhcjjPQIwUZY8/

Debug level 1: CLIENT -> SERVER: OwcaXirXv5SPbVOMF5NMkWs7OUT0JtPnnXj3umoEDldqfvEFkt6ikgVG7iyfPJ6Mwtw4TML7wvcs

Debug level 1: CLIENT -> SERVER: D8XjH6XsuDc240B3IAcd8nA6Wd0h+ayuYc0JLwL7kq/6ek8h2kI1UQlwwuMHRQHlsWxXsURPgbqp

Debug level 1: CLIENT -> SERVER: U1dMvSTbWtznVHx5Dl1szc2zuKg05S3Tl2vr4hZ0IojQrR9280kfi0LYfnJd1Sj6yaMicGmU5Obm

Debug level 1: CLIENT -> SERVER: JDENH+kJxhY823KGJYtZmuIwLok8DXwem7BMLt64sOMQHSFVwBRTnrOZCHWa5CWbdr8vr1T3p5sD

Debug level 1: CLIENT -> SERVER: YVKMPMSi1Urrap1hCfOCDOIWvNvjmXddqxCPgRxrzMdvRepPYE4QPirt2Prb3p3q5g1CeiJ5Edvy

Debug level 1: CLIENT -> SERVER: 9vxcnT8niUu7Gx7ukk9E1srSfCOqG8TCV3WhrGvjCSJLa4eMO9RjZUqFkGd2e0bkHL5Buje4oI0Q

Debug level 1: CLIENT -> SERVER: aZMAWQqkzeJJZm7V+dto5cDZsBFZE0ujyBeT9mBTTMAmaCKVng3XW+wFm63OQo12ziiHQClinpzg

Debug level 1: CLIENT -> SERVER: WXLMr1/6SN/TYKd3qJ9lDGOp8Q/H172LwJ7XxRC9sscXDq72h4rJAR4lvLg5YOZt1TcugUFPPufF

Debug level 1: CLIENT -> SERVER: dVcC0ginmgDCtDPB1mM+a6gKzXEKBmy6csuFN1qyO0SzsVvMjgLN9XQ23DxmVKrxKj5l2BX11G/4

Debug level 1: CLIENT -> SERVER: /ZxDVK8NTYKQSNlDsE7lr8A+BGaQ6x3YKk+gjDrro8XFV9yJmaoco+a3Zus5hnEbpOpBLHxBw0zw

Debug level 1: CLIENT -> SERVER: WD1mSKMYRd0DEZJsTmtLjuSJTW5gimLV+f+1F0HXjbAJEBPwRBuqURpavehvf8VS+m5a7lFNpmw8

Debug level 1: CLIENT -> SERVER: 0sXDKrXD0iKs05psMPPdzdJsjqv8okw/2rC6YwSMRJ6Xwb7OQiY9OJG7quL3cAAikm5tVaM5ZtC5

Debug level 1: CLIENT -> SERVER: YkeaZxfbfHIN7XQsLlxvjizEvuNiyhYKZvN94vKcc19qVR/z3z90og6Fr/fXm2o2P5HtjPmhhCHo

Debug level 1: CLIENT -> SERVER: DMGPQsiY45B1sAcIZ+wCnfGFSdP7J6ItrhxB3TdcDV+lSWLTR2nyvJsBIslWLRuKnefy4f251wpw

Debug level 1: CLIENT -> SERVER: VAVY5pifR5a2onXxRm9McKs4+4duKTMmFEX6LNEyMBvgV6H5TllB/o1/hFFNv0YRk8StqKaoLzar

Debug level 1: CLIENT -> SERVER: TYUM0VRwWMK9mfK2vqL4wzca63a+qrUPDwwOz9x9n35f+15VJOL1eSXfYj88aoEpDbQEYlMUQqY/

Debug level 1: CLIENT -> SERVER: PC5RZJ6aVEbjvlHkz3yeYh2G2acn5lBXsc9uMe0lNM8JQCzNZlS1vZ3CCRUJdZw2uYF3f9Srx73L

Debug level 1: CLIENT -> SERVER: 9y2vVXVrgha0jw5Vq4qOXQTvfitguTWE7tp+TemPrYau1bcUo9Q8iBHbURwrF4eGhhUt/BHpiwUd

Debug level 1: CLIENT -> SERVER: YfQj8cauf2Et6LYFqoMqBPuuHPvM3qKz7eO9+ZnVopnNoHEljDV7fX+YwlZG+06PbGXYqh9l37Qv

Debug level 1: CLIENT -> SERVER: VK1oOBe//nDRdAqbw08UJTj8nY6SigwtG7/uU/hLZAbDshenqSg0PRzsnKdr0LYeQSQ7iLfiHntm

Debug level 1: CLIENT -> SERVER: YTo3x6UGRPt6X8i2bC8HjBecQculCEYp3Cv9O191oqZXIvg9l85+0QgE2/DXk7+75TwoU4cc3oRG

Debug level 1: CLIENT -> SERVER: owMDJHXEBaDCNjsvJXOKceb4VYHmp5RBPvr1MfCrL0tIMojX3slgOBY0ySYFR/kGBrjIfkhVYnhD

Debug level 1: CLIENT -> SERVER: 9YvE4J+neqaHfXTVOqvCgJE+FfwG6j2/T7AOLRAMBU8TTv5bFVpFTj6tU6JDR/H27+SEGurRIy16

Debug level 1: CLIENT -> SERVER: vu4FnDe9AsNZLl5P0R3x+jwHGnfYeSl4gFaefMHEKLILysTq9sZOgSqAC4EAvQ33wLAEr9WFRKx+

Debug level 1: CLIENT -> SERVER: VS5No4B2UGtMc97Lv6EdzTVO7/PegyT0wWNaF/rLXe6Gbc7EAE12zXcm5J6t5AWx0MRBf45miWFM

Debug level 1: CLIENT -> SERVER: 4yp7gotCPrDZFtfvDqOfpU45623SImWlzW7dhx/8c5jOFurdD2UG0ukbpyCNjWqqqtVuOXLek5HJ

Debug level 1: CLIENT -> SERVER: jYzRqDpy8OMOb1eps5XH7sLKD4yrV39VQwoX4vYMp9NFCuNbX8q0N2lXUOi3XU3kFCc/f77oUVth

Debug level 1: CLIENT -> SERVER: 3NnMAaGXJljlIPKNtvlBI48OteVxUc9E4NOEDIBQhAF8ju3rqdJmMP/PFFRCVPaeVtY3t+2QW6Lv

Debug level 1: CLIENT -> SERVER: b/OLaG+u1r5dchpgBo2zMcREc2s7EGe3dPeH/MLHqHRDGunJGkXGVhByEsXN/Kvl26mglowMp0Oj

Debug level 1: CLIENT -> SERVER: zHDvEf+5wZN0tuSNS3e0DBRha0PhH8ce1HpShUQBv3Qs0d8ENcsatfJ6SF6Lg4LOFwPBpYM7X+YH

Debug level 1: CLIENT -> SERVER: NW/Icw+cYOXnOKtyQSeUtD98eUh5nsz/SgYS7aBT8izz5r1XSVHvqKI2F82C4uHm/d/a0rm1STYZ

Debug level 1: CLIENT -> SERVER: iq5ymLTfGs9P2VqC30B8B1qQe5MF9XUISWMH97y95fkx/URja9sam1nHuEkK2mbAtd2xPcLdTQ6C

Debug level 1: CLIENT -> SERVER: hHccrsaXDVir+nEU086b3a8/UBpWZb4Mw6WX5gTlIbvqV3LqHOoYM+zPoRZSY0BSeNYeyP+ASosb

Debug level 1: CLIENT -> SERVER: s9Jz+DbnaOc1AVu9oR1A8/ZSMGBHTzPPX2T393bV0HC+gA6fBEtDahNsL00LHNQVbwdW18ppV4sF

Debug level 1: CLIENT -> SERVER: FJRIA4pMykKtat5r74q9Oj/bMJEStLW/rcnUk3cvU40r6zos77mDvgTz7KPw1ilBmbXuC7a96SVW

Debug level 1: CLIENT -> SERVER: ME4loYrIqUEk0S2k/cLzBRq3CDI7285PxtTzcirNz5QjEbRzP9gkR91cjr99mP3Dq9IJwKp8SyoU

Debug level 1: CLIENT -> SERVER: gY/9lrwkI2fH601TJJI+t5VHHuiaR06Plk0bFd/Y5xQBRPinqIVMG187eWbKxHC1XbXrWv0yhOPR

Debug level 1: CLIENT -> SERVER: P4xoVfK5qHhBkJFURvrErM5SGZsEUrMhW9GZUj2nkHh0p7hiuTWkoSUD+NV6Ioy50g0hLGJbtAxw

Debug level 1: CLIENT -> SERVER: HjnUMQRnghGH9WyPSirVXXJ9BnprvTCkCJtDFxHYiEg9tTopsxzArg+9npX+tp0whYoI3LbddbiH

Debug level 1: CLIENT -> SERVER: WqamJCZwq6uxhmLC7LvUi2l/cUqsP9f9eBhD+6oY691Mg05MNhG+lrsgp01xNApUzsCx3JyMI7Tb

Debug level 1: CLIENT -> SERVER: HH28XpMeDx4c1XDUDXULv06sigVy9tROiXXRuBmK8lmf0KENuvt5uTyqjhr7BmqJWGBa0AtO+SLh

Debug level 1: CLIENT -> SERVER: hLDvOJf6yaI2JCi7MF62uHdew1HkIVo7A8dElQvTNKZXVJx2LiWxEkp7ywEWEiUqK3fxKEBQ8QXs

Debug level 1: CLIENT -> SERVER: hSLtJw9qy9LQSXWZqc46U9g841wyXVAZuJQNA6B0AhNn7zS50zc3vGSiAC/wil6Z14TPKYhwrhRo

Debug level 1: CLIENT -> SERVER: lQtvNT6Fibxt0jOXKHldOrIWUat7+SgyE4ujjqY6RxDAWwIyB6f+y4v3/9L/vLStnv/bQIBA1rr3

Debug level 1: CLIENT -> SERVER: zz+Mz9LU1qTS6PrDfwBQSwcIOfjWwWsLAACuDQAAUEsDBBQACAgIAPlsQlsAAAAAAAAAAAAAAAAM

Debug level 1: CLIENT -> SERVER: AAAAc2V0dGluZ3MueG1stVnbcuI4EH3fr0j5nRCYTC5UwpQhwywTEiggk9p5E3YD2shqlyQH+Ptt

Debug level 1: CLIENT -> SERVER: yZDKcMkSsJ5IbKlbfTt9Wr75Nk/EySsozVHeBpXTs+AEZIQxl5Pb4GnYKl0F3+p/3eB4zCOoxRhl

Debug level 1: CLIENT -> SERVER: CUhT0mAMLdEntF3qWv76NsiUrCHTXNckS0DXTFTDFORqW+396ppTlj+ZCy5fboOpMWmtXJ7NZqez

Debug level 1: CLIENT -> SERVER: L6eoJuXK9fV12b1dLY1QjvlkX1X56veqEPFNkd2QH8Ypq56dnZfz/4OT5SHfuaYa1Fd+WJlfv1kq

Debug level 1: CLIENT -> SERVER: yH9K3EBifXOyfGyPdhuQytorh9mb14Jt+/7c84vWhwrYENNg9cYsUnrDpQnqZzflTQn7S+3A2HgQ

Debug level 1: CLIENT -> SERVER: +8xjM90m90v162X1ONl/A59Mtx66WqlcXB0mfDDFWR9iyi9oTpmcgF5TMEIUwGRQNyqDw3S0ZUPh

Debug level 1: CLIENT -> SERVER: TMMDxrBL+pgJvbf4UsLSEpcxzCHe9NX25HJ7qCzUYj+Pt+O1o2qjKHODus3jIyK5K/EqV5fXF4eL

Debug level 1: CLIENT -> SERVER: 3VEl59Xrr4cK1XwkoPA6cVKLrmkntL+rPGztHSe6gcZgsqv0Lg+T/RsxGZKk9TybojoOiDpsgZlp

Debug level 1: CLIENT -> SERVER: osgSuV7ORUlvIL4UVs+bfmmxyKDafvbK2YGnb+sBCIgMxC1FDw44+paH73Fl1+slVG1fQC1x/yaa

Debug level 1: CLIENT -> SERVER: P8gUM9SSP9NNwzjuMcWGjLJ5kLLIQlnxoesRRJo+WMoA6/hZhPxuZmyn6pAG8Q8HEevHLBmB8mNN

Debug level 1: CLIENT -> SERVER: h0jXUxozs61zrZLxCEd9T1Kz6DE/PXciUUGLK23IDGhTBkrTlj7dRfxBUdmCamKSKtCWNRaOb85x

Debug level 1: CLIENT -> SERVER: AzJAwE8c7XTcEWbkEW8pAmdIUkF/Fx8dZ0WPpaCsngGYbL0fFmEJ1bwDuu54TEjhw1fODksRPGXx

Debug level 1: CLIENT -> SERVER: kpn2FBrCbcqne1isa2EaLs4bXDK1CMp7HtnBoIfzLg/aQrVOFooqMBNmBvMU9ZSWTaRmhsKLd0g8

Debug level 1: CLIENT -> SERVER: qK3p/sko5vBGYdShjBuCyRdNTrdI12QiyoTrj74SPpQSjdOwuy8cCG8dZHEfWIxSbCR6MYhgWcCS

Debug level 1: CLIENT -> SERVER: AAzR1UEThI9ok67vcwq3ZKJDFn3Qc47QkaZi8aRB3THDihffshTDZ8EN2Cv8yu9XurIpUPvg01bJ

Debug level 1: CLIENT -> SERVER: D4EjJu6WV0OW2PhoB219T/EONWeyl8nIZL7KMBR8Iil5BwbTHmr+kZrDo9MUPA31G60JZUS1DfGz

Debug level 1: CLIENT -> SERVER: oqWqJRauufrwYzNTisJkk9oCo/0dYKaiDazJryT2wEvyVegadU4ECSstDkwUS6e6LTtcrw/ORZhx

Debug level 1: CLIENT -> SERVER: h49omiw1mYI7xWbd0b+6Ky1V8KDMQVkfZ/cAPrjUsnc9bs6N+wfByWix+VFCqD1rHoMawtw8U/y6

Debug level 1: CLIENT -> SERVER: ktxKNeCDCWvoinhp+QPQESNvJNJd3viahXSHjeAN/fx4ynI+cAzE33i9ZYgPzcAQKyzeaW8mrRIt

Debug level 1: CLIENT -> SERVER: 9WOTA4k+0IBiTQuNUZbJ0ZzaQi+hykcvhTolou5L/g8LrB9UyxGMRwicOR00/jaZjEB4aHx/9h+a

Debug level 1: CLIENT -> SERVER: 5xMm4y2z/DG3ti7wPzNt+Hhhy0Y/czN9YDJjoqGAvfjpEboPdjh4hSHmrdAnGhAyU5KtCIrHKzdQ

Debug level 1: CLIENT -> SERVER: 1hj78c+yO3dBu+PrxZRwtqRAo8jsmY5pDD7vkpYXJBNosOhlojCTO68Ti07z49q75TnuStbP9Eyj

Debug level 1: CLIENT -> SERVER: bvRikdFLv5dzytsIfoNCGt3+Z2r75DW5u+Yub3w9Lu/6rl7/D1BLBwjuU/zA/AQAAJkfAABQSwME

Debug level 1: CLIENT -> SERVER: FAAICAgA+WxCWwAAAAAAAAAAAAAAABUAAABNRVRBLUlORi9tYW5pZmVzdC54bWy1lUtuwyAQQPc5

Debug level 1: CLIENT -> SERVER: hcXe0GZVWXEitVJPkB6A4LGDxE/MECW3L46UxG2jqqnMDix4bxg8w2pztKY6QETtXcue+ROrwCnf

Debug level 1: CLIENT -> SERVER: aTe07GP7Xr+wzXqxstLpHpCay6DK+xxepy1L0TVeosbGSQvYkGp8ANd5lSw4ar6ub0bTelHdwL02

Debug level 1: CLIENT -> SERVER: UOeF8VTdZNBpWdMpQMtkCEYrSTlOcXAdP7v4VMEJjsRuuyenWk4+98mYOkjat0ww8VAM9ylv3vV6

Debug level 1: CLIENT -> SERVER: SPEcGy4FkqSEOxnL4KVSYCBPfRQqxTiePCe3uKuIoDdeEhSCBx9SyH9GKoSPfoiA5W56DL0YnLw3

Debug level 1: CLIENT -> SERVER: xeDaygFQvGqyMmBRx4Ps720EkxurhyfN1VTwtxgelI8NSoy1ehee/fS/Yv6di3QygLNjLZCcrfFs

Debug level 1: CLIENT -> SERVER: 98nunNQGBV2GPLhhbvi8iQWi/E5eU7sSP57J9SdQSwcIZYJI2kQBAABhBwAAUEsBAhQAFAAACAAA

Debug level 1: CLIENT -> SERVER: +WxCW17GMgwnAAAAJwAAAAgAAAAAAAAAAAAAAAAAAAAAAG1pbWV0eXBlUEsBAhQAFAAACAAA+WxC

Debug level 1: CLIENT -> SERVER: WwAAAAAAAAAAAAAAABoAAAAAAAAAAAAAAAAATQAAAENvbmZpZ3VyYXRpb25zMi9zdGF0dXNiYXIv

Debug level 1: CLIENT -> SERVER: UEsBAhQAFAAICAgA+WxCWwAAAAACAAAAAAAAACcAAAAAAAAAAAAAAAAAhQAAAENvbmZpZ3VyYXRp

Debug level 1: CLIENT -> SERVER: b25zMi9hY2NlbGVyYXRvci9jdXJyZW50LnhtbFBLAQIUABQAAAgAAPlsQlsAAAAAAAAAAAAAAAAY

Debug level 1: CLIENT -> SERVER: AAAAAAAAAAAAAAAAANwAAABDb25maWd1cmF0aW9uczIvZmxvYXRlci9QSwECFAAUAAAIAAD5bEJb

Debug level 1: CLIENT -> SERVER: AAAAAAAAAAAAAAAAGgAAAAAAAAAAAAAAAAASAQAAQ29uZmlndXJhdGlvbnMyL3BvcHVwbWVudS9Q

Debug level 1: CLIENT -> SERVER: SwECFAAUAAAIAAD5bEJbAAAAAAAAAAAAAAAAHAAAAAAAAAAAAAAAAABKAQAAQ29uZmlndXJhdGlv

Debug level 1: CLIENT -> SERVER: bnMyL3Byb2dyZXNzYmFyL1BLAQIUABQAAAgAAPlsQlsAAAAAAAAAAAAAAAAYAAAAAAAAAAAAAAAA

Debug level 1: CLIENT -> SERVER: AIQBAABDb25maWd1cmF0aW9uczIvbWVudWJhci9QSwECFAAUAAAIAAD5bEJbAAAAAAAAAAAAAAAA

Debug level 1: CLIENT -> SERVER: GAAAAAAAAAAAAAAAAAC6AQAAQ29uZmlndXJhdGlvbnMyL3Rvb2xiYXIvUEsBAhQAFAAACAAA+WxC

Debug level 1: CLIENT -> SERVER: WwAAAAAAAAAAAAAAAB8AAAAAAAAAAAAAAAAA8AEAAENvbmZpZ3VyYXRpb25zMi9pbWFnZXMvQml0

Debug level 1: CLIENT -> SERVER: bWFwcy9QSwECFAAUAAgICAD5bEJbtQfysykFAABrFAAACwAAAAAAAAAAAAAAAAAtAgAAY29udGVu

Debug level 1: CLIENT -> SERVER: dC54bWxQSwECFAAUAAgICAD5bEJbVIMOjXkLAAArVAAACgAAAAAAAAAAAAAAAACPBwAAc3R5bGVz

Debug level 1: CLIENT -> SERVER: LnhtbFBLAQIUABQAAAgAAPlsQlsUVPsH/AMAAPwDAAAIAAAAAAAAAAAAAAAAAEATAABtZXRhLnht

Debug level 1: CLIENT -> SERVER: bFBLAQIUABQACAgIAPlsQls5+NbBawsAAK4NAAAYAAAAAAAAAAAAAAAAAGIXAABUaHVtYm5haWxz

Debug level 1: CLIENT -> SERVER: L3RodW1ibmFpbC5wbmdQSwECFAAUAAgICAD5bEJb7lP8wPwEAACZHwAADAAAAAAAAAAAAAAAAAAT

Debug level 1: CLIENT -> SERVER: IwAAc2V0dGluZ3MueG1sUEsBAhQAFAAICAgA+WxCW2WCSNpEAQAAYQcAABUAAAAAAAAAAAAAAAAA

Debug level 1: CLIENT -> SERVER: SSgAAE1FVEEtSU5GL21hbmlmZXN0LnhtbFBLBQYAAAAADwAPAO4DAADQKQAAAAA=

Debug level 1: CLIENT -> SERVER: 

Debug level 1: CLIENT -> SERVER: --b1=_WGUsWfOuwbb6dQbefcBX3Da9yPAPgOxlj7ZXmFDWY--

Debug level 1: CLIENT -> SERVER: 

Debug level 1: CLIENT -> SERVER: .

Debug level 2: SERVER -> CLIENT: 250 2.0.0 Ok: queued as D403F8000A6

Debug level 1: CLIENT -> SERVER: QUIT

Debug level 2: SERVER -> CLIENT: 221 2.0.0 Bye

