Debug level 2: SERVER -> CLIENT: 220 smtp-sp217-151.kinghost.net ESMTP

Debug level 1: CLIENT -> SERVER: EHLO localhost

Debug level 2: SERVER -> CLIENT: 250-smtp-sp217-151.kinghost.net
250-PIPELINING
250-SIZE 62914560
250-VRFY
250-ETRN
250-STARTTLS
250-AUTH PLAIN LOGIN
250-AUTH=PLAIN LOGIN
250-ENHANCEDSTATUSCODES
250-8BITMIME
250-DSN
250 CHUNKING

Debug level 1: CLIENT -> SERVER: AUTH LOGIN

Debug level 2: SERVER -> CLIENT: 334 VXNlcm5hbWU6

Debug level 1: CLIENT -> SERVER: [credentials hidden]
Debug level 2: SERVER -> CLIENT: 334 UGFzc3dvcmQ6

Debug level 1: CLIENT -> SERVER: [credentials hidden]
Debug level 2: SERVER -> CLIENT: 235 2.7.0 Authentication successful

Debug level 1: CLIENT -> SERVER: MAIL FROM:<ourodosul@ourodosul.com.br>

Debug level 2: SERVER -> CLIENT: 250 2.1.0 Ok

Debug level 1: CLIENT -> SERVER: RCPT TO:<frutasfink@hotmail.com>

Debug level 2: SERVER -> CLIENT: 250 2.1.5 Ok

Debug level 1: CLIENT -> SERVER: DATA

Debug level 2: SERVER -> CLIENT: 354 End data with <CR><LF>.<CR><LF>

Debug level 1: CLIENT -> SERVER: Date: Wed, 1 Oct 2025 14:28:29 +0200

Debug level 1: CLIENT -> SERVER: To: frutasfink@hotmail.com

Debug level 1: CLIENT -> SERVER: From: ourodosul@ourodosul.com.br

Debug level 1: CLIENT -> SERVER: Subject: =?iso-8859-1?Q?Atualiza=C3=A7=C3=A3o_de_Cadastro?=

Debug level 1: CLIENT -> SERVER: Message-ID: <GDkiiuL2W4Pdu7IcVKcbGGAIzb0ldsviwaQH0oFBqQ@localhost>

Debug level 1: CLIENT -> SERVER: X-Mailer: PHPMailer 6.10.0 (https://github.com/PHPMailer/PHPMailer)

Debug level 1: CLIENT -> SERVER: MIME-Version: 1.0

Debug level 1: CLIENT -> SERVER: Content-Type: multipart/mixed;

Debug level 1: CLIENT -> SERVER:  boundary="b1=_GDkiiuL2W4Pdu7IcVKcbGGAIzb0ldsviwaQH0oFBqQ"

Debug level 1: CLIENT -> SERVER: Content-Transfer-Encoding: 8bit

Debug level 1: CLIENT -> SERVER: 

Debug level 1: CLIENT -> SERVER: --b1=_GDkiiuL2W4Pdu7IcVKcbGGAIzb0ldsviwaQH0oFBqQ

Debug level 1: CLIENT -> SERVER: Content-Type: multipart/alternative;

Debug level 1: CLIENT -> SERVER:  boundary="b2=_GDkiiuL2W4Pdu7IcVKcbGGAIzb0ldsviwaQH0oFBqQ"

Debug level 1: CLIENT -> SERVER: 

Debug level 1: CLIENT -> SERVER: --b2=_GDkiiuL2W4Pdu7IcVKcbGGAIzb0ldsviwaQH0oFBqQ

Debug level 1: CLIENT -> SERVER: Content-Type: text/plain; charset=iso-8859-1

Debug level 1: CLIENT -> SERVER: Content-Transfer-Encoding: 8bit

Debug level 1: CLIENT -> SERVER: 

Debug level 1: CLIENT -> SERVER: (Sem conteúdo)

Debug level 1: CLIENT -> SERVER: 

Debug level 1: CLIENT -> SERVER: --b2=_GDkiiuL2W4Pdu7IcVKcbGGAIzb0ldsviwaQH0oFBqQ

Debug level 1: CLIENT -> SERVER: Content-Type: text/html; charset=iso-8859-1

Debug level 1: CLIENT -> SERVER: Content-Transfer-Encoding: 8bit

Debug level 1: CLIENT -> SERVER: 

Debug level 1: CLIENT -> SERVER: <p>(Sem conteúdo)</p>

Debug level 1: CLIENT -> SERVER: 

Debug level 1: CLIENT -> SERVER: 

Debug level 1: CLIENT -> SERVER: --b2=_GDkiiuL2W4Pdu7IcVKcbGGAIzb0ldsviwaQH0oFBqQ--

Debug level 1: CLIENT -> SERVER: 

Debug level 1: CLIENT -> SERVER: --b1=_GDkiiuL2W4Pdu7IcVKcbGGAIzb0ldsviwaQH0oFBqQ

Debug level 1: CLIENT -> SERVER: Content-Type: application/octet-stream; name="10501  .5 RICARDO FINK.odt"

Debug level 1: CLIENT -> SERVER: Content-Transfer-Encoding: base64

Debug level 1: CLIENT -> SERVER: Content-Disposition: attachment; filename="10501  .5 RICARDO FINK.odt"

Debug level 1: CLIENT -> SERVER: 

Debug level 1: CLIENT -> SERVER: UEsDBBQAAAgAAIljQVtexjIMJwAAACcAAAAIAAAAbWltZXR5cGVhcHBsaWNhdGlvbi92bmQub2Fz

Debug level 1: CLIENT -> SERVER: aXMub3BlbmRvY3VtZW50LnRleHRQSwMEFAAACAAAiWNBWwAAAAAAAAAAAAAAABoAAABDb25maWd1

Debug level 1: CLIENT -> SERVER: cmF0aW9uczIvc3RhdHVzYmFyL1BLAwQUAAgICACJY0FbAAAAAAAAAAAAAAAAJwAAAENvbmZpZ3Vy

Debug level 1: CLIENT -> SERVER: YXRpb25zMi9hY2NlbGVyYXRvci9jdXJyZW50LnhtbAMAUEsHCAAAAAACAAAAAAAAAFBLAwQUAAAI

Debug level 1: CLIENT -> SERVER: AACJY0FbAAAAAAAAAAAAAAAAGAAAAENvbmZpZ3VyYXRpb25zMi9mbG9hdGVyL1BLAwQUAAAIAACJ

Debug level 1: CLIENT -> SERVER: Y0FbAAAAAAAAAAAAAAAAGgAAAENvbmZpZ3VyYXRpb25zMi9wb3B1cG1lbnUvUEsDBBQAAAgAAIlj

Debug level 1: CLIENT -> SERVER: QVsAAAAAAAAAAAAAAAAcAAAAQ29uZmlndXJhdGlvbnMyL3Byb2dyZXNzYmFyL1BLAwQUAAAIAACJ

Debug level 1: CLIENT -> SERVER: Y0FbAAAAAAAAAAAAAAAAGAAAAENvbmZpZ3VyYXRpb25zMi9tZW51YmFyL1BLAwQUAAAIAACJY0Fb

Debug level 1: CLIENT -> SERVER: AAAAAAAAAAAAAAAAGAAAAENvbmZpZ3VyYXRpb25zMi90b29sYmFyL1BLAwQUAAAIAACJY0FbAAAA

Debug level 1: CLIENT -> SERVER: AAAAAAAAAAAAHwAAAENvbmZpZ3VyYXRpb25zMi9pbWFnZXMvQml0bWFwcy9QSwMEFAAICAgAiWNB

Debug level 1: CLIENT -> SERVER: WwAAAAAAAAAAAAAAAAsAAABjb250ZW50LnhtbL1YXW7jNhB+7ylYL1C0QGXFSQNs1NjBNtksgibZ

Debug level 1: CLIENT -> SERVER: YO1F+8pItEWUP1qSsp196h16gqIPix6gJ/BNepIOKYmRYssrx4vmwbE438x8nBkORz49W3KG5kRp

Debug level 1: CLIENT -> SERVER: KsWwN+gf9BARsUyomA177yeXwcve2eirUzmd0phEiYxzToQJYikM/EegLXRUSIe9XIlIYk11JDAn

Debug level 1: CLIENT -> SERVER: OjJxJDMiKq2ojo6cr2JFmwfWWd2B69qGLE1XZYtt6OL77p4duK6dKLzoqmyxENS6+lR2VV5qFkwl

Debug level 1: CLIENT -> SERVER: RJ1n2NAnLJaMit+GvdSYLArDxWLRXxz1pZqFg5OTk9BJPeHY47JcMYdK4pAwYp3pcNAfhBWWE4O7

Debug level 1: CLIENT -> SERVER: 8rPYOiWR83uiOocGG7yWVT2fda6I+awlNHGKVefacOBmeo+S7uk9Suq6HJu0JScvwxsQuo+b68da

Debug level 1: CLIENT -> SERVER: ULyrL4tthCpWNOu8zQJd15dSeqpWoTigju7hwcEPYfFcQy+2wheKGqJq8HgrPMYs9hGXfFPQADcI

Debug level 1: CLIENT -> SERVER: ARGQuS1TX/g2ELpF4TAsxB6sk1bTv95cj+OUcPwIpp8HB1Rog8VjZJRNQutOj0NFMqmMD8y0e8OE

Debug level 1: CLIENT -> SERVER: bB16L8kUezeA1H1nIbCKzlfdQmhPZmhVXvhKo4RVZe1Jlv7JMiOKWkXMbOYCrmGXkE2ZRTXtonhK

Debug level 1: CLIENT -> SERVER: zdrlcdgbVTdFUWU69AtTuDGCKY5JkJCY6dFpceL9MiqeLY9hb4JTabMBJ7tCcMoevCDcrn6OGb1X

Debug level 1: CLIENT -> SERVER: dLDBQCnqoYa+lQUzImDzUKx6QbXu6OOZLhTsQjQQGTUxdIw5VtReMx3do2s6S80GEt/gTOofG6hi

Debug level 1: CLIENT -> SERVER: 6X+ktSn+z+NVZGQPXpcbqGz3+KAN4fu4vM5jmmA0xkKj94LCTEVa47EB2yUqe3O8GaM30qQ0bmXm

Debug level 1: CLIENT -> SERVER: EV+MT9jWEMp1nBuoQkPjwNnxncJ9NtjfDbyvknOGFZ4pnKWVABbsuOoegkJrDD07wSqpIBxmD6KC

Debug level 1: CLIENT -> SERVER: DM/WEJVrbzbIoBMSZSjR3oFVK8cdS91tsca4nf5kjb6dTr1T+1D3N5VRLJkENy8O3F+l7YAyNzDo

Debug level 1: CLIENT -> SERVER: gdUpZpo0RHY9MKmS+SwNylFbSEEaiXraOMGbW9f0I6wPBpmprVU2FMfMLTs/OsWJHQ3qtp0gFwlR

Debug level 1: CLIENT -> SERVER: jkXDe2VuQWwXeLT3hFUAtxsWjab+CLD0KkBBsi50WS+lG6wXjrcAnHs7WTKy3EbAQ1ooeHk7iRaI

Debug level 1: CLIENT -> SERVER: ix/hWYqLRKzFVs43hXYToCwe59R9X6/UsPUIloJ7mTz4B2t+dOreqDT5kMNroz/K64vILSVUZww/

Debug level 1: CLIENT -> SERVER: VNUaMBjo2LAHpezERRFeMZZro8C/FJbjXsYmVdvZz4o9mPsauSjeAF3Y26OWFSr1jgV9bvST5Cih

Debug level 1: CLIENT -> SERVER: +Gv06kNO0epvBNfF21xJlEg0zlkf3cGdwaVG8GZuJzKsEAybCFv0Wekva3dRa3lOBq+6YcvXwcHx

Debug level 1: CLIENT -> SERVER: waCMRIbFui3oayNUAsJR/xi9uzp/9e7iLbq8uv252jpojnah9RpGbbs96OYK1iQi3G7VYCORbc8I

Debug level 1: CLIENT -> SERVER: mxzO50fYtyY5inECbV3JIi4WOaVwrpxQQ+wSMHWGdiFwKzmJdtI4v7tE//7+x046F/AqjIDwLdax

Debug level 1: CLIENT -> SERVER: m8NltFOUOKYMfZvZPWuirKUpZan8LkL1ZO5gcUIYgZZBmgY+93UC2fklxUbjLDvbSfOZNF/bK4as

Debug level 1: CLIENT -> SERVER: PsndUlQdmtyeF6I18TUFkTPl1ov6yrB2hwpGZLn6tPoHbmRbRDqH+5kTFduS2umgjWtlCr7N6k9I

Debug level 1: CLIENT -> SERVER: GUeQ/rIGhK+B7/0aTjhMwqu/QAPB1EGUYxoTljOs+ju4D78cJmzcB2Hjqghbfjgc/QdQSwcIxWhF

Debug level 1: CLIENT -> SERVER: tTUFAAB5FAAAUEsDBBQACAgIAIljQVsAAAAAAAAAAAAAAAAKAAAAc3R5bGVzLnhtbN1czZLbuBG+

Debug level 1: CLIENT -> SERVER: 5ylUciU3SiT1r3i8lTjrJFV2Jdmxz1sQCUmMKYIFgqPRvk4OOeUp/GJpAAQJkiBF/Vme2alyrdAN

Debug level 1: CLIENT -> SERVER: oPH1D5oNkG9/et6FvSdMk4BED31nYPd7OPKIH0Sbh/6Xzx+sef+nd797S9brwMNLn3jpDkfMStgh

Debug level 1: CLIENT -> SERVER: xEkPOkfJUhIf+imNlgQlQbKM0A4nS+YtSYwj1Wmpcy/FVLJFDNa1u2DWezP8zLp25rylvmjVfWbB

Debug level 1: CLIENT -> SERVER: rPf2Kdp37cx5AVO9+5p07fychNaaWB7ZxYgFFSmewyD6+tDfMhYvh8P9fj/YjwaEbobOYrEYCmou

Debug level 1: CLIENT -> SERVER: sJfzxSkNBZfvDXGI+WTJ0Bk4Q8W7wwx1lY/z6iJF6W6FaWdoEEM1rSZPm84W8bRpgMbbItrZNgRz

Debug level 1: CLIENT -> SERVER: Wb0jv7t6R77ed4fYtkEn8+EnIIp/Pn0sbIHuus7FeUtQeTSIOy9Tcuv9CSG5qLyDdFAhrmvb46H8

Debug level 1: CLIENT -> SERVER: rXHvW9n3NGCYauxeK7uHQi9HnOxMoAGfMwQOCz9xM1XclC+6ceTJkOKYUJYLsu4eoAAdN5/FX6N8

Debug level 1: CLIENT -> SERVER: GuBMBmIEi3cUc+kjDLknDHmXN/1eFui04Or236lIuiYQRdfIw5aPvTB591Z6QN7ck7+5nA/9z2hL

Debug level 1: CLIENT -> SERVER: dqjfA0tXHLsgPOSEYXv39ygMVjRwDANkpH6v1J/TrA2OMA1Aeck+SJKOc5w5BYVVRCWOOGAeeNAT

Debug level 1: CLIENT -> SERVER: ogEPux2n730MNltmEOIPKCbJH0tcsuk7imXC/zy5pEYukOuDQZT2GQ8Jw7tLpvyYeoGPeo8oSnpf

Debug level 1: CLIENT -> SERVER: ogBSDNyIh4G3CyoXy/jpsfdXwraB1yhZznE1eYZNASFrl5mWktvHa5SGWf6lRs4k3FAUc9kVb/bb

Debug level 1: CLIENT -> SERVER: iimEKMoCyNd4FrJMtsgnewvGTzCznh/69mDkgZwG4qFCZLBFWpBRYCuJkQf5jLUlNPgNREchZ3Xn

Debug level 1: CLIENT -> SERVER: rcxPXAyvzgoBtOuoNVbDmBksIaxjH7CtJTPENQoTzQJiRJFASMdnTZZi8C3mnggh257/Xo3HR7FQ

Debug level 1: CLIENT -> SERVER: ygifGYwl8DGRA6Aw3iLFJvqvKEaQkyUMDIEpCt8YucQ7MOeHfkgttioZRxD5mO8lPL/Wl6hEV5JD

Debug level 1: CLIENT -> SERVER: Hgr6J3HCrad5MTk7l1tbo2xNEwzgRFzXYnKPhAQyNkZTcEuAQTQmwW8gqePETLSFKNqkaANNWYNH

Debug level 1: CLIENT -> SERVER: 0ohRMJI//5IvHzPY/a2vmEZCdDmgtko+pgU7KIrUyFnHbHBFw3ngzWZRhC+P9fF4+hfi54YRcyqi

Debug level 1: CLIENT -> SERVER: 1TFz0uOf+gWcJS/r4no5/v1j5rVDdBNEFqgPDJYba9G2IozxBIjbsZuRDNYIrdtDvMUR5LskskLk

Debug level 1: CLIENT -> SERVER: +wC4WNBDPyJgOruAnWi0cRp5LJUD7oEMCQ+ABwo8btXKGi0/AI+P+CSQ6EycwhHLdh+DRgovPMM4

Debug level 1: CLIENT -> SERVER: Nd1XUo9bmi2fSlmgeSu7nYmLuXNL/XAj89cNC6uYU7U2incITJU/KymTc2tMcZpsKywX+JZ47NaD

Debug level 1: CLIENT -> SERVER: X4h1i5FP5StCuRdwE4OdAOwlRHHC7ffSiS1K9pXJoaXi1F8xjsGlN5ht+WMv97djE+sTSjN+BO/x

Debug level 1: CLIENT -> SERVER: EfX7jbFFKS9ESQLigescDTeEgpdHidLSPgCfkr+a96QLnLNY9JHFfg5YiI+uFBryYpNlRiniMuoM

Debug level 1: CLIENT -> SERVER: n6HhV9f+dUX8wzmIlQL0YOyOmoK0M3bMQdqWQVoYhcg/IpF/oHCPDskxdOtxLX94KIc3d67Cmwxd

Debug level 1: CLIENT -> SERVER: ebJg2QPbmRfh96TQpmfA5oAm5z0rOomu3U3EoEjYY+IQHTRV93TyJYZ0to00buIO38Q7L/cjbJ/n

Debug level 1: CLIENT -> SERVER: rKPF3kM+ZEdzK7RU1BS6Cf4exTzqX1EHIClFJzqqRLtFET1R+5WVSZFeJ/keJyjCiVXh0m5200qS

Debug level 1: CLIENT -> SERVER: 4WZeKNt4D0iy4LmlxYNkH50oIMmohs5G/bQkAebxc3o2Q2cF/x0eSZ6vqN5AjNeq3ivp6mo2/jeM

Debug level 1: CLIENT -> SERVER: +IkI9zPHHIsyjp7z3TY1lVaQlAk8QvzEcx/n8k1vOpoc3/RO3d5E3i0yhTfuejJeTJszeVXFq2x4

Debug level 1: CLIENT -> SERVER: dtWs9V2pSjxhV7JP2ZU0S3DbLcG9tyW4l1tC8SD6I1mCM22xhBrxhKen6ZmWMGq3hNG9LWH0ciyh

Debug level 1: CLIENT -> SERVER: oulxm6arxBM0PT5T0+N2TY/vrenx5Zou1FnTtD27haabk6aT8qIPhr5n5zyayiftKp/cW+WTl6Py

Debug level 1: CLIENT -> SERVER: Ft2do5lpu2am99bM9HLNFPBXNXO5ViYL/vdyHHHWru7ZvdU9exnqvrITztu1Mr+3VuYXa+VmGnFn

Debug level 1: CLIENT -> SERVER: /O/lOOCiXdWLe6t68eOr+hrO95iu2D3K594Wxfxm1zFE5ZljGGzAVj0QAOfHTv9OExasDxY/mYEZ

Debug level 1: CLIENT -> SERVER: 94T6tXP5UzYs7RnBUAiHcOpOM9WdUp6rPXNc4nz1x44r+ua/UsIuM4OrPQQWpJupf2zzv2uEywth

Debug level 1: CLIENT -> SERVER: 56V67iP/rCJdjoucrVfjuaWaQrxm4vh9VlYTlUdTtq6hQFw0yRrl6Pzc0ioRc+V0rRQzHCWYY1My

Debug level 1: CLIENT -> SERVER: zTIuGVfvu1mvgmXijo24GCjHK6EF6SyDP0cPvE+MfL7ZZmtSGlWtFUWr5mw1o8moQiiWU9Cyo3Q5

Debug level 1: CLIENT -> SERVER: QUQirLdmE1SbVfrKzx17CQkDv6c/52dc2lOlgfH71g4uDAF/kRlIKQrwHx9gbLPVZz2KgNDTefM7

Debug level 1: CLIENT -> SERVER: BzxlGTbP+/nb/1gaEnEQwf95vy0udVQORyVnz+npPKV5XnmpXsPK7YaVewesfoxitobVqBtWo6tg

Debug level 1: CLIENT -> SERVER: 9SOWezUsxt2wGF8Xi7OD2g0fAzVQJt1AmdzCmc56YNJkn3aTfXqR7C+isKaBMusGyuwqoFxZofNu

Debug level 1: CLIENT -> SERVER: ss8vM8aXUKjRQFl0A2VxFVCurNDjYp8s9InJy9Uu1t3l2hyvDnVBs+C7bqzrWJO59yb/Htzr23+/

Debug level 1: CLIENT -> SERVER: /ecISjnbRSD9MJUL7QH951285S8ytj+jV7nul9tcuPKSvuXqUFfVZ+w/SJJ3PRP4Ba8xxZF3pE5T

Debug level 1: CLIENT -> SERVER: Y+u6diGueNeN1zCSHQpDy0Nx0m8AxhAs7IVewN1nd6xXJPRLmEiCAq2JnGMmGDoj9o+PP1dX3uFV

Debug level 1: CLIENT -> SERVER: O3FREUXellCLHWJcLm09bZbPquYD/38o1X/kGziyxiJb1EtuVkz4uQaJawTKD0BqxbPiPTrZs1ye

Debug level 1: CLIENT -> SERVER: 0qiV7jVsxGrUcYsBIknpVxjFuUzGLi9uVu4oRunO4q+zI1BqDia/tpx1reKpk0gSiLdNUOQLk8Hq

Debug level 1: CLIENT -> SERVER: JQa0ArKox/FXsk3DVliysUXjmoQh2WPfWh3kBWqGVn1t8vx1JzU/N9PZ1DWVVi2dUqpFKkKBs3HR

Debug level 1: CLIENT -> SERVER: QG3CsyPS7qtC2oEEbGpEWqdUqr6ScHOkR68M6fwMoQp09XChdOhwc5jHrwzm4uShinPtTKJ8jHFz

Debug level 1: CLIENT -> SERVER: pCevDOnZbN6AdEGpIC0JN0d6+qqQdgf2yLwd6pQS0opwc6Rnrwxpd27eDnVKBWlJuDnS81eG9MQc

Debug level 1: CLIENT -> SERVER: pjVCBefJdwnSi1cG82zRhHNBqQAtCTdH2rFfFdSjgT0274c6pQS1IlwCdZmk4x8RhhN4RI/WwSal

Debug level 1: CLIENT -> SERVER: 4kMCvZxgZVfQ1oSwSLs1oqvCyVYsvzvzhMIU85cDZaPqmGgQiC9R6H3kG4X8XgQfT33Ti6+3u4Q4

Debug level 1: CLIENT -> SERVER: 8psEDMwCquE5IoUEpmka34eUX+sR76svFkUdwYRONkiBAtdtRgsij4ovAfLkT/s0kRit+CIRv54C

Debug level 1: CLIENT -> SERVER: YwaepQhyOo4nWOkBtFsqDnyKd07fwFSpFgnKPvD5h/Nce7BYqNKPIKjX693FYNqyxmwSgJBZhAaw

Debug level 1: CLIENT -> SERVER: FpQpm1BGUcBql3xchVn9ko+BlHmC8RqR9u2hlk/9ZGvf0MBXn05449n8z8SRKdsdz2zHRF+hpMAm

Debug level 1: CLIENT -> SERVER: /1xBnY+mq0PBZ+aRwuplp9oIEGz41/8y26szCeBb6FmBscKhnNPaoeeSkMXXujKGBMcKYWkolSMZ

Debug level 1: CLIENT -> SERVER: 9Q0aEBSMQvCL91tsx8CD1qLaaGBBPr+5JT1B+odspxDIlIVO8g9DKS3a4j8tPJptXS1qixG/FCV+

Debug level 1: CLIENT -> SERVER: DPWVao31gQqvrLthRtihJB8jny1r5COVj4sqF4J1mTX31aJBZfih+dOw7/4PUEsHCCeojhaQCwAA

Debug level 1: CLIENT -> SERVER: WlYAAFBLAwQUAAAIAACJY0Fb30Qsn/wDAAD8AwAACAAAAG1ldGEueG1sPD94bWwgdmVyc2lvbj0i

Debug level 1: CLIENT -> SERVER: MS4wIiBlbmNvZGluZz0iVVRGLTgiPz4KPG9mZmljZTpkb2N1bWVudC1tZXRhIHhtbG5zOm9mZmlj

Debug level 1: CLIENT -> SERVER: ZT0idXJuOm9hc2lzOm5hbWVzOnRjOm9wZW5kb2N1bWVudDp4bWxuczpvZmZpY2U6MS4wIiB4bWxu

Debug level 1: CLIENT -> SERVER: czp4bGluaz0iaHR0cDovL3d3dy53My5vcmcvMTk5OS94bGluayIgeG1sbnM6ZGM9Imh0dHA6Ly9w

Debug level 1: CLIENT -> SERVER: dXJsLm9yZy9kYy9lbGVtZW50cy8xLjEvIiB4bWxuczptZXRhPSJ1cm46b2FzaXM6bmFtZXM6dGM6

Debug level 1: CLIENT -> SERVER: b3BlbmRvY3VtZW50OnhtbG5zOm1ldGE6MS4wIiB4bWxuczpvb289Imh0dHA6Ly9vcGVub2ZmaWNl

Debug level 1: CLIENT -> SERVER: Lm9yZy8yMDA0L29mZmljZSIgb2ZmaWNlOnZlcnNpb249IjEuMiI+PG9mZmljZTptZXRhPjxtZXRh

Debug level 1: CLIENT -> SERVER: OmluaXRpYWwtY3JlYXRvcj5lbGlzZXU8L21ldGE6aW5pdGlhbC1jcmVhdG9yPjxtZXRhOmVkaXRp

Debug level 1: CLIENT -> SERVER: bmctY3ljbGVzPjM8L21ldGE6ZWRpdGluZy1jeWNsZXM+PG1ldGE6Y3JlYXRpb24tZGF0ZT4yMDI1

Debug level 1: CLIENT -> SERVER: LTA5LTI5VDEyOjI1OjAwPC9tZXRhOmNyZWF0aW9uLWRhdGU+PGRjOmRhdGU+MjAyNS0xMC0wMVQw

Debug level 1: CLIENT -> SERVER: OToyODoxOS4wNjwvZGM6ZGF0ZT48bWV0YTplZGl0aW5nLWR1cmF0aW9uPlBUMDFIMzVNMjNTPC9t

Debug level 1: CLIENT -> SERVER: ZXRhOmVkaXRpbmctZHVyYXRpb24+PG1ldGE6Z2VuZXJhdG9yPkJyT2ZmaWNlLm9yZy8zLjEkV2lu

Debug level 1: CLIENT -> SERVER: MzIgT3Blbk9mZmljZS5vcmdfcHJvamVjdC8zMTBtMTEkQnVpbGQtOTM5OTwvbWV0YTpnZW5lcmF0

Debug level 1: CLIENT -> SERVER: b3I+PG1ldGE6ZG9jdW1lbnQtc3RhdGlzdGljIG1ldGE6dGFibGUtY291bnQ9IjAiIG1ldGE6aW1h

Debug level 1: CLIENT -> SERVER: Z2UtY291bnQ9IjAiIG1ldGE6b2JqZWN0LWNvdW50PSIwIiBtZXRhOnBhZ2UtY291bnQ9IjEiIG1l

Debug level 1: CLIENT -> SERVER: dGE6cGFyYWdyYXBoLWNvdW50PSIxMSIgbWV0YTp3b3JkLWNvdW50PSI3MSIgbWV0YTpjaGFyYWN0

Debug level 1: CLIENT -> SERVER: ZXItY291bnQ9IjQzMSIvPjxtZXRhOnRlbXBsYXRlIHhsaW5rOnR5cGU9InNpbXBsZSIgeGxpbms6

Debug level 1: CLIENT -> SERVER: YWN0dWF0ZT0ib25SZXF1ZXN0IiB4bGluazp0aXRsZT0iTm9ybWFsIiB4bGluazpocmVmPSIiLz48

Debug level 1: CLIENT -> SERVER: L29mZmljZTptZXRhPjwvb2ZmaWNlOmRvY3VtZW50LW1ldGE+UEsDBBQACAgIAIljQVsAAAAAAAAA

Debug level 1: CLIENT -> SERVER: AAAAAAAYAAAAVGh1bWJuYWlscy90aHVtYm5haWwucG5n7Zd7NBMMH8eV5OlxK0IuWaQHobnL3FK8

Debug level 1: CLIENT -> SERVER: uY1QkbnkHjUrTI2NhPZ4iMQII0XWwpBMzOji8hhLrstmcyfG5rKF3F7v+3be8/z5nvP++/z1+Z3f

Debug level 1: CLIENT -> SERVER: H7/zO9/zPb9LyiWni2K/yv8qICAgZmdr7brHOgGBfQK/HNyL+CeNGXv5Ujtrq8v3sIuFpk8YtjI2

Debug level 1: CLIENT -> SERVER: gJMxGnk6R2uPHMDSPzwN+DghTtcsd8yfJNqgE6R5MhSBalnHncxzLmFg2wd/us/ykmxVdse0xRGT

Debug level 1: CLIENT -> SERVER: 5G7LnKAjAuCtZZKawFKt1UCxuLXY/Ln/G+mJ1ubATwxwKbuNotVvkFJ3tfWYrgoOoSRzt21bdnka

Debug level 1: CLIENT -> SERVER: yiiaGYfmVcD03zVWstvNG93bj7kbaRFc382EoeNQ8XrrNElGz+qEryMhgCSnSbsblKhgwtOfnXnO

Debug level 1: CLIENT -> SERVER: oCIDMthmyFPG8fGDa2wGhaNbUQMX7Imz4eTfNE1OqYB6Sbvj5A3qASMBBfPvdiuuzRqjdyaQI+x+

Debug level 1: CLIENT -> SERVER: Xe5o5J0FNf6UjQmF/+MMEDir7i+VPGuolHQ4zGMth9pl0EyavSBJkv1wpX1ZC8Xtav/y50NiLUyR

Debug level 1: CLIENT -> SERVER: Nd+9wHCuIuykRkn+QVbq98A3S+XRmGMYPZMj6PyUsjuNEWRRY7kqwtSCNTIyIPrOQz+d3S/3Cp1c

Debug level 1: CLIENT -> SERVER: 6t08nL+x5+nYSqnJRXApNzCGRLnymdPiRRuUM214Wysapy3JU+IktPK7FubTAk4SV29mrIrE/zKk

Debug level 1: CLIENT -> SERVER: 8g12+/ErKn5xk9cEh02VdadQW0N+s8jJ37bxH0TkhUxadJ/BEalB+KthWRZ8Gm0nNDbTazT7JukH

Debug level 1: CLIENT -> SERVER: Z/RSG6+AQzfDEXMt1lzaF1ZdKfJGVd4Fb9oH2rPrnnoXImq8ZXdGcUWzoGif2Hi6tkTzxywkzkiN

Debug level 1: CLIENT -> SERVER: DJuxrASv0uPFnFXC7nOFXRJBhw1fTfb/HhMXCylrljIdCVw503FPKhRpB4xGZnVuF0e2MJx647Ct

Debug level 1: CLIENT -> SERVER: jb7ofwTLsXwSby733VPoG3zq5c2mjzZNzwLUaBli4rZvJaHVgh1lme0F8qxLhwh2XG+QYqrgusEL

Debug level 1: CLIENT -> SERVER: I6fA3pVVJeyhqyxGuRRr2FQcHCSc78YAdz3WmjuxpYvJv1ZWUC+nwF23EQFu+VVE+1dnkov7L03D

Debug level 1: CLIENT -> SERVER: hMX3GqOjkooeJA4Fa1bl7jyhYGPqz5SUK2xbwU7KQHS8NIa8mtd789WJz23DGHGvBFvSe06GrRuc

Debug level 1: CLIENT -> SERVER: CLsk/OIgXPHYl2yvB0YP72d7ZBz9ytNVVxeWIHeCQXMQQKsB0E30sa2VLel6GULhNq/uRIlZnOgN

Debug level 1: CLIENT -> SERVER: Sg9XWAZMFPf0ZKOLXyM8mjZ6h48Vuu7HNss/DvR/jLnWpUq1JIK3HY4nGcIelK+APr2DFjx4O4LS

Debug level 1: CLIENT -> SERVER: CNg0XDdkjZiRdPA6aJAAmzRTz2LEFAFYJcKiFaD1LBBTkR3ebkCBH0Uc6kWYvL8hJu6ZiH6SNSaY

Debug level 1: CLIENT -> SERVER: vaUwRienP8JeuOR6HDvlkwZ/78Jxtzgg17Z8qjl0AxEOtLsc2hxt7y+2z61mx0CoKnz55j3A5NZW

Debug level 1: CLIENT -> SERVER: Ey16HDceWhTu8K2vR+OgqjYfiax2pbVtoNcrLNaAd0Y0THVM3oXZW/kSVgaBvSIU4aSXw2UXTRVo

Debug level 1: CLIENT -> SERVER: zm4+m5u60wIVHMgqO8BX46wmi7FoRlv70zbtKVLLKlZc9MZrr/27Tnne192krx/dYQpr2YnrvaYv

Debug level 1: CLIENT -> SERVER: JubZ81x96UcjX4jrrcDwnTYbG03dQ+GCqY6GJXqWwFI4tq6nMdwnOH6+y2uz0fOps29lAIpF6KJX

Debug level 1: CLIENT -> SERVER: mDaeRoijDDkx5LLKcG8SYv37VoS3G4G2alAgrqSvnswdENqPfnv/ldXx3+UHEvbQ4RnjTbnQPZRV

Debug level 1: CLIENT -> SERVER: 1+aqpxz20WwEGHrPIn2zVPyDudN7MLHIv2j0G4ocCfESvg+YPutQZUhCfjgqMyC5IGgp2+z2b18L

Debug level 1: CLIENT -> SERVER: /rS3jovEp+ok2xpGudeo7xQy5UjwxUcSz9CfkPNLY9CMmdQmg2hpnhkwkj7LedpwP1q8jvexljgq

Debug level 1: CLIENT -> SERVER: nSd1x3pJf9z0v4X+hXTnJnLukucTM9REBSYU0GvsnoKHGS9vmsQbmhirpj9UVRvJdqY8d4nRYMAL

Debug level 1: CLIENT -> SERVER: lk67OgmqdxLh1s+ycFTSVoEdgctd6YvS7dpwigi3UH5/WI0fajLSJ1L1seXKyk2n25VPoMZHUGXA

Debug level 1: CLIENT -> SERVER: Q89yT0PWfCI426qX1x2XCv+jyU9p0J4xRIhxX5dMYXdv5VJSOd8n+u5amkNsC2Z7bB5UK+onYZJJ

Debug level 1: CLIENT -> SERVER: i0/F7nIcfPt1krx37DiDPTXPBuLUdvAgD/2F8RmRPp/bpAt69bHtdnQa+MkjtTkBamO6yTWGll9a

Debug level 1: CLIENT -> SERVER: vN3RKNYuVeVbz8fx2DmMOpkZdy9O2GXNpdlUtZalH96yBmkgVgbQs0bZBObCrozE16SeD5+QuO/+

Debug level 1: CLIENT -> SERVER: W8nkWmeW2oSftdhS7c9Fcba7b5U0hq4ujTBrA4e7SWXkfFUEHznJLQqAkWO8+TWKrIY0nOD6/fOA

Debug level 1: CLIENT -> SERVER: jGnnQ18BNS6A0CNFs3zLsUypnlY/Drqmf8I5rvCWmbXKAVayoBFu3gOtiFjTimUv0jAZ0zr+/fji

Debug level 1: CLIENT -> SERVER: 8ShmsOdi2+HnZx2a9/lNT14hxL8sOb8QoGSy7Ki4xv/0FmcRC9vpx0O5SlXXVLhFydTG1w1r242E

Debug level 1: CLIENT -> SERVER: bV0lZTPdXJLzJsfmcyHqieVUB5o70HIcZjxhvOP4FwPVW8+1FTdhbzDKsoJoWe61g3xFopKZfIua

Debug level 1: CLIENT -> SERVER: PXfobAItpdapnSWzKjc1zRt6DPu9eHx3Zs16Tlq4wh4L9oNzahE1t44dsnz/CYVrL08GTI/v6VOy

Debug level 1: CLIENT -> SERVER: N6M6Ejgd1G31hcnP9h9GXzEzQLDeyyZ/RK6DJCOlIpd68gvUMRCV6ccuw4NV9aoKOYzASVg/j2zu

Debug level 1: CLIENT -> SERVER: Ux6puH25rHp7mEptYJMOYwPL32tyWdk1D/06EZhxYwL1M1hrVVc5uhaerwGHQoQihIRviN1ujLX8

Debug level 1: CLIENT -> SERVER: 6Jl/zOzK9J12bcZQ7FXY4NCPTdkZ5VP1+lOIGX53naD0qDaJffc1wfxC9WACI92Qc7CH0zyC3EqP

Debug level 1: CLIENT -> SERVER: CoE0AK6w/LMkb6MMIL/8mMsFL2W0jrQqC1kMR3250e3NMzYLN59JSXDl5wSOh2353nZv9WbMngXt

Debug level 1: CLIENT -> SERVER: S2q2Ye3G5LbvKtPxvzZFBJDtQV8GtpezmyguhICTISmQl21vyiFsWfd6ICG91KuL/bXzJZxtu3gB

Debug level 1: CLIENT -> SERVER: 0P99bOCeJZJQJvY5c3a7p9zAqJLROt0qgM9OleMUpmxg/Xy8n3bwnTNzd3/DdWIclZfC2OeG34p5

Debug level 1: CLIENT -> SERVER: kaWx3AHAWBgQ9W2xV2hxQ1vtEA8wkuHNelEBj2wYlrGD0H84d59W6xWZ14RkbLBReEwVs/OOoyy9

Debug level 1: CLIENT -> SERVER: JdKqzoYerHVtKxiz3AHVRFw0cKN8Di+aQ8O2AnuynOGzr1FMInMko3ouyMM9/jSJME3dvxodDq++

Debug level 1: CLIENT -> SERVER: LH+SMFgHX32XjTiGD+ehKxkcIT8+lET+PrZU+AO9fpUzuTZlE+fLmcowOf8MaCn1l4FSy3uoMewN

Debug level 1: CLIENT -> SERVER: rZk/bwdtSdZuHeHyiTFnXCsItz7YaAIxDLxHbNsExVQPY7QTlUAv+wNKyxImBrUF32IUSs+yS9ez

Debug level 1: CLIENT -> SERVER: KZKp37FMbPrj2UY6dBRkPp5uI3s6VZVbQglJkwmicTgXDX2zbjXdECEw3i5yJ7e1mSugiejbQc2d

Debug level 1: CLIENT -> SERVER: 9qiHS8mTIxKxkJ3V0ysRRA3LKt+0lJxMNbptiYEyteeAA76ms+y11ju8B6IGaf7oxPD9+nKvaYfu

Debug level 1: CLIENT -> SERVER: NZELuH6hUiJ+pckip1LGvTtPNGfom1TIpGrHRF2QQ3fGmkqI5SwSdL5GRJO0CHByrt5EqMbrpzEv

Debug level 1: CLIENT -> SERVER: RxeHpMFpmzWfjenFTL1TkC+MOxEELRLpanCTxOQ7emx/FLzKlwLIxqH27y2ibpcF51wHRNGzW4vG

Debug level 1: CLIENT -> SERVER: MOaVHEzKldKYr9cQbzyh+OdzQIxfnUIJEU/RYbyRwEkdcNCUKGIM5niY+0C325ojAcG+cSFNVH5U

Debug level 1: CLIENT -> SERVER: xouCq8ySQqFhjnbDQDi0pW6SA8lbVoJWkqLv5ieaiSFxB+E/b4a/8Tf+V3TsCvStqKYJjJ4D7r1t

Debug level 1: CLIENT -> SERVER: AnY2TtaE89cf/BNQSwcIaWlWcX4LAADdDQAAUEsDBBQACAgIAIljQVsAAAAAAAAAAAAAAAAMAAAA

Debug level 1: CLIENT -> SERVER: c2V0dGluZ3MueG1stVlbU+JKEH4/v8LKOyLoXqSUrYDLHlYUCnCts29D0kAOk+nUzETg35+eCVgu

Debug level 1: CLIENT -> SERVER: BA+SzBOaS9/7668nN99WMT97AakiFLde7fzCOwMRYBiJ2a33NO5Uvnrfmn/d4HQaBdAIMUhjELqi

Debug level 1: CLIENT -> SERVER: QGt6RJ3R60I1stu3XipFA5mKVEOwGFRDBw1MQGxfa7x9umGVZVdWPBKLW2+uddKoVpfL5fny8hzl

Debug level 1: CLIENT -> SERVER: rFq7vr6u2rvbRwMU02h2rKrs6beqEPFVkXkhM8Yqq19cXFWz/72zjZFvQlP3mts4bN1v3mwUZD+V

Debug level 1: CLIENT -> SERVER: SENsYnO2uWxMu/VIZeMlguVr1Ly89/585xc970tgY0y87R29TuhOJLTXrNfqN9V9GcfL7cFU5wm+

Debug level 1: CLIENT -> SERVER: KCb2OQr1PE/uZf3Tl4Im/w3RbJ5rdL1W+/z1NOGjOS6HEFKFQXvOxAzUjoIJIgcmvKaWKZymoyta

Debug level 1: CLIENT -> SERVER: EpcKHjCEQ9KnjKujxVdillQiEcIKwv1Y5ZeXfYcaQ66Pi3g33DFVaUm16zVNJRfI5KHCq32+vCog

Debug level 1: CLIENT -> SERVER: 9kCfXNWvP50qVEUTDqX3iZVafldbscNDDWK6r5jFLdQa43yjL7+c2Hy/EeMxSdqttDnKYlDUY2tM

Debug level 1: CLIENT -> SERVER: dRt5Govdhi5LegtxUVpH78elwwKNMt/22sWJ1nfVCDgEGsKOpAsnmJ5z8S2yHLq9Aav8B2gsHj9I

Debug level 1: CLIENT -> SERVER: swupZJrG8kcmqh+GAybZmFE1jxIWGDArP3UDAkk9BEMbYBdBy5DfT7WZVT3SwP+JgIfqMY0nIN14

Debug level 1: CLIENT -> SERVER: 0yPi9ZSETOfNrm0xFgjU9zjR6wFzM3VnAiV0Iqk0uQFdqkChu8JluIhBSGpbkG2MEwnKMMfS8c0G

Debug level 1: CLIENT -> SERVER: bkQOcPiJk4OBK+BGlvGOJHCGOOH0d/nZsV4MWALS6BmBTncnYhmeUM9boOtPp4QULmJl/TAkwVEV

Debug level 1: CLIENT -> SERVER: b7jpQKIm3KZ6uof1rham4PNVKxJMrr3qkSZbGHRg78bQDspdslBWg2k/1ZiVqKOybCMNM+ROokPi

Debug level 1: CLIENT -> SERVER: QeaW+wezmMEbpVH5ImxxJhaKgm6Qrs14kHI7H10VvC8Eaqvh8Fw4Ed56yMIhsBAF3yv0chDBsIAN

Debug level 1: CLIENT -> SERVER: ARij7YM2cBfZJl3fV5RuwXiPPHpn5hTQkSR8/aRA3jHNyhffMRTDZcON2Av8ys5Y+qLNUbng00bJ

Debug level 1: CLIENT -> SERVER: D44Txu82x0OG2LgYB111T/n2VcTEIBWBTl21oc+jmaDiHWlMBqii99Scnp02jxJfvdIaXwTU2xA+

Debug level 1: CLIENT -> SERVER: S3pUdvjaDlcXcWynUlKaTFEbYDS/I0xlsIc12aHEEXhJsfLtoM6IIGGlwYGZZMlcdUUvUruLcxlu

Debug level 1: CLIENT -> SERVER: 3OEj6jZLdCrhTrJlf/Kv6gtDFRwos1A2xOU9gAsutZldj/t74/FJsDI6bFVICI1nFYUgx7DSz5S/

Debug level 1: CLIENT -> SERVER: vqCwUg+4YMIK+jzceP4AZGLgjETawxtXu5DqsQm8op+bSBnOB5aBuFuvc5Z4X480scLyg/bq0rbQ

Debug level 1: CLIENT -> SERVER: Ejc+WZAYAi0oxjVfa2mYHO2pHXSSqmz1kqgSIuqu5P8wwPpOtxRgPJzj0uqg9bfNRADcweD7c/7Q

Debug level 1: CLIENT -> SERVER: Ph8zEebs8kUOg23if6ZKR9O1aRv1HOn5AxMp4y0JbOFmRqghmOXgBcaYjUKXaEDITEW2JSgOj9xA

Debug level 1: CLIENT -> SERVER: GmfMB0DD7uwB7YHvF3PC2YoEhTw1NhUZDC7PkjYHJDNosWAxk5iKg8eJZZd5sfFueI49knWzPdOq

Debug level 1: CLIENT -> SERVER: GywMMjqZ92JFdRvAb5BIq9v/bG0fPCa3x9zVvS/I1UPf1pv/AVBLBwiM23vc/wQAAJ0fAABQSwME

Debug level 1: CLIENT -> SERVER: FAAICAgAiWNBWwAAAAAAAAAAAAAAABUAAABNRVRBLUlORi9tYW5pZmVzdC54bWy1lUtuwyAQQPc5

Debug level 1: CLIENT -> SERVER: hcXe0GZVWXEitVJPkB6A4LGDxE/MECW3L46UxG2jqqnMDix4bxg8w2pztKY6QETtXcue+ROrwCnf

Debug level 1: CLIENT -> SERVER: aTe07GP7Xr+wzXqxstLpHpCay6DK+xxepy1L0TVeosbGSQvYkGp8ANd5lSw4ar6ub0bTelHdwL02

Debug level 1: CLIENT -> SERVER: UOeF8VTdZNBpWdMpQMtkCEYrSTlOcXAdP7v4VMEJjsRuuyenWk4+98mYOkjat0ww8VAM9ylv3vV6

Debug level 1: CLIENT -> SERVER: SPEcGy4FkqSEOxnL4KVSYCBPfRQqxTiePCe3uKuIoDdeEhSCBx9SyH9GKoSPfoiA5W56DL0YnLw3

Debug level 1: CLIENT -> SERVER: xeDaygFQvGqyMmBRx4Ps720EkxurhyfN1VTwtxgelI8NSoy1ehee/fS/Yv6di3QygLNjLZCcrfFs

Debug level 1: CLIENT -> SERVER: 98nunNQGBV2GPLhhbvi8iQWi/E5eU7sSP57J9SdQSwcIZYJI2kQBAABhBwAAUEsBAhQAFAAACAAA

Debug level 1: CLIENT -> SERVER: iWNBW17GMgwnAAAAJwAAAAgAAAAAAAAAAAAAAAAAAAAAAG1pbWV0eXBlUEsBAhQAFAAACAAAiWNB

Debug level 1: CLIENT -> SERVER: WwAAAAAAAAAAAAAAABoAAAAAAAAAAAAAAAAATQAAAENvbmZpZ3VyYXRpb25zMi9zdGF0dXNiYXIv

Debug level 1: CLIENT -> SERVER: UEsBAhQAFAAICAgAiWNBWwAAAAACAAAAAAAAACcAAAAAAAAAAAAAAAAAhQAAAENvbmZpZ3VyYXRp

Debug level 1: CLIENT -> SERVER: b25zMi9hY2NlbGVyYXRvci9jdXJyZW50LnhtbFBLAQIUABQAAAgAAIljQVsAAAAAAAAAAAAAAAAY

Debug level 1: CLIENT -> SERVER: AAAAAAAAAAAAAAAAANwAAABDb25maWd1cmF0aW9uczIvZmxvYXRlci9QSwECFAAUAAAIAACJY0Fb

Debug level 1: CLIENT -> SERVER: AAAAAAAAAAAAAAAAGgAAAAAAAAAAAAAAAAASAQAAQ29uZmlndXJhdGlvbnMyL3BvcHVwbWVudS9Q

Debug level 1: CLIENT -> SERVER: SwECFAAUAAAIAACJY0FbAAAAAAAAAAAAAAAAHAAAAAAAAAAAAAAAAABKAQAAQ29uZmlndXJhdGlv

Debug level 1: CLIENT -> SERVER: bnMyL3Byb2dyZXNzYmFyL1BLAQIUABQAAAgAAIljQVsAAAAAAAAAAAAAAAAYAAAAAAAAAAAAAAAA

Debug level 1: CLIENT -> SERVER: AIQBAABDb25maWd1cmF0aW9uczIvbWVudWJhci9QSwECFAAUAAAIAACJY0FbAAAAAAAAAAAAAAAA

Debug level 1: CLIENT -> SERVER: GAAAAAAAAAAAAAAAAAC6AQAAQ29uZmlndXJhdGlvbnMyL3Rvb2xiYXIvUEsBAhQAFAAACAAAiWNB

Debug level 1: CLIENT -> SERVER: WwAAAAAAAAAAAAAAAB8AAAAAAAAAAAAAAAAA8AEAAENvbmZpZ3VyYXRpb25zMi9pbWFnZXMvQml0

Debug level 1: CLIENT -> SERVER: bWFwcy9QSwECFAAUAAgICACJY0FbxWhFtTUFAAB5FAAACwAAAAAAAAAAAAAAAAAtAgAAY29udGVu

Debug level 1: CLIENT -> SERVER: dC54bWxQSwECFAAUAAgICACJY0FbJ6iOFpALAABaVgAACgAAAAAAAAAAAAAAAACbBwAAc3R5bGVz

Debug level 1: CLIENT -> SERVER: LnhtbFBLAQIUABQAAAgAAIljQVvfRCyf/AMAAPwDAAAIAAAAAAAAAAAAAAAAAGMTAABtZXRhLnht

Debug level 1: CLIENT -> SERVER: bFBLAQIUABQACAgIAIljQVtpaVZxfgsAAN0NAAAYAAAAAAAAAAAAAAAAAIUXAABUaHVtYm5haWxz

Debug level 1: CLIENT -> SERVER: L3RodW1ibmFpbC5wbmdQSwECFAAUAAgICACJY0FbjNt73P8EAACdHwAADAAAAAAAAAAAAAAAAABJ

Debug level 1: CLIENT -> SERVER: IwAAc2V0dGluZ3MueG1sUEsBAhQAFAAICAgAiWNBW2WCSNpEAQAAYQcAABUAAAAAAAAAAAAAAAAA

Debug level 1: CLIENT -> SERVER: gigAAE1FVEEtSU5GL21hbmlmZXN0LnhtbFBLBQYAAAAADwAPAO4DAAAJKgAAAAA=

Debug level 1: CLIENT -> SERVER: 

Debug level 1: CLIENT -> SERVER: --b1=_GDkiiuL2W4Pdu7IcVKcbGGAIzb0ldsviwaQH0oFBqQ--

Debug level 1: CLIENT -> SERVER: 

Debug level 1: CLIENT -> SERVER: .

Debug level 2: SERVER -> CLIENT: 250 2.0.0 Ok: queued as BC65A18059C4

Debug level 1: CLIENT -> SERVER: QUIT

Debug level 2: SERVER -> CLIENT: 221 2.0.0 Bye

