Debug level 2: SERVER -> CLIENT: 220 smtp-sp217-52.kinghost.net ESMTP

Debug level 1: CLIENT -> SERVER: EHLO localhost

Debug level 2: SERVER -> CLIENT: 250-smtp-sp217-52.kinghost.net
250-PIPELINING
250-SIZE 62914560
250-VRFY
250-ETRN
250-STARTTLS
250-AUTH PLAIN LOGIN
250-AUTH=PLAIN LOGIN
250-ENHANCEDSTATUSCODES
250-8BITMIME
250-DSN
250 CHUNKING

Debug level 1: CLIENT -> SERVER: AUTH LOGIN

Debug level 2: SERVER -> CLIENT: 334 VXNlcm5hbWU6

Debug level 1: CLIENT -> SERVER: [credentials hidden]
Debug level 2: SERVER -> CLIENT: 334 UGFzc3dvcmQ6

Debug level 1: CLIENT -> SERVER: [credentials hidden]
Debug level 2: SERVER -> CLIENT: 235 2.7.0 Authentication successful

Debug level 1: CLIENT -> SERVER: MAIL FROM:<ourodosul@ourodosul.com.br>

Debug level 2: SERVER -> CLIENT: 250 2.1.0 Ok

Debug level 1: CLIENT -> SERVER: RCPT TO:<alice.84@yahoo.com>

Debug level 2: SERVER -> CLIENT: 250 2.1.5 Ok

Debug level 1: CLIENT -> SERVER: DATA

Debug level 2: SERVER -> CLIENT: 354 End data with <CR><LF>.<CR><LF>

Debug level 1: CLIENT -> SERVER: Date: Wed, 1 Oct 2025 13:37:31 +0200

Debug level 1: CLIENT -> SERVER: To: alice.84@yahoo.com

Debug level 1: CLIENT -> SERVER: From: ourodosul@ourodosul.com.br

Debug level 1: CLIENT -> SERVER: Subject: =?iso-8859-1?Q?Atualiza=C3=A7=C3=A3o_de_Cadastro?=

Debug level 1: CLIENT -> SERVER: Message-ID: <PTlQNIgUXEXSt7F5DEf1Y0gUkhAUYAuDeqi1ndA@localhost>

Debug level 1: CLIENT -> SERVER: X-Mailer: PHPMailer 6.10.0 (https://github.com/PHPMailer/PHPMailer)

Debug level 1: CLIENT -> SERVER: MIME-Version: 1.0

Debug level 1: CLIENT -> SERVER: Content-Type: multipart/mixed;

Debug level 1: CLIENT -> SERVER:  boundary="b1=_PTlQNIgUXEXSt7F5DEf1Y0gUkhAUYAuDeqi1ndA"

Debug level 1: CLIENT -> SERVER: Content-Transfer-Encoding: 8bit

Debug level 1: CLIENT -> SERVER: 

Debug level 1: CLIENT -> SERVER: --b1=_PTlQNIgUXEXSt7F5DEf1Y0gUkhAUYAuDeqi1ndA

Debug level 1: CLIENT -> SERVER: Content-Type: multipart/alternative;

Debug level 1: CLIENT -> SERVER:  boundary="b2=_PTlQNIgUXEXSt7F5DEf1Y0gUkhAUYAuDeqi1ndA"

Debug level 1: CLIENT -> SERVER: 

Debug level 1: CLIENT -> SERVER: --b2=_PTlQNIgUXEXSt7F5DEf1Y0gUkhAUYAuDeqi1ndA

Debug level 1: CLIENT -> SERVER: Content-Type: text/plain; charset=iso-8859-1

Debug level 1: CLIENT -> SERVER: Content-Transfer-Encoding: 8bit

Debug level 1: CLIENT -> SERVER: 

Debug level 1: CLIENT -> SERVER: (Sem conteúdo)

Debug level 1: CLIENT -> SERVER: 

Debug level 1: CLIENT -> SERVER: --b2=_PTlQNIgUXEXSt7F5DEf1Y0gUkhAUYAuDeqi1ndA

Debug level 1: CLIENT -> SERVER: Content-Type: text/html; charset=iso-8859-1

Debug level 1: CLIENT -> SERVER: Content-Transfer-Encoding: 8bit

Debug level 1: CLIENT -> SERVER: 

Debug level 1: CLIENT -> SERVER: <p>(Sem conteúdo)</p>

Debug level 1: CLIENT -> SERVER: 

Debug level 1: CLIENT -> SERVER: 

Debug level 1: CLIENT -> SERVER: --b2=_PTlQNIgUXEXSt7F5DEf1Y0gUkhAUYAuDeqi1ndA--

Debug level 1: CLIENT -> SERVER: 

Debug level 1: CLIENT -> SERVER: --b1=_PTlQNIgUXEXSt7F5DEf1Y0gUkhAUYAuDeqi1ndA

Debug level 1: CLIENT -> SERVER: Content-Type: application/octet-stream; name="13543  .7 CARLOS LUIZ SOST.odt"

Debug level 1: CLIENT -> SERVER: Content-Transfer-Encoding: base64

Debug level 1: CLIENT -> SERVER: Content-Disposition: attachment; filename="13543  .7 CARLOS LUIZ SOST.odt"

Debug level 1: CLIENT -> SERVER: 

Debug level 1: CLIENT -> SERVER: UEsDBBQAAAgAAKtcQVtexjIMJwAAACcAAAAIAAAAbWltZXR5cGVhcHBsaWNhdGlvbi92bmQub2Fz

Debug level 1: CLIENT -> SERVER: aXMub3BlbmRvY3VtZW50LnRleHRQSwMEFAAACAAAq1xBWwAAAAAAAAAAAAAAABoAAABDb25maWd1

Debug level 1: CLIENT -> SERVER: cmF0aW9uczIvc3RhdHVzYmFyL1BLAwQUAAgICACrXEFbAAAAAAAAAAAAAAAAJwAAAENvbmZpZ3Vy

Debug level 1: CLIENT -> SERVER: YXRpb25zMi9hY2NlbGVyYXRvci9jdXJyZW50LnhtbAMAUEsHCAAAAAACAAAAAAAAAFBLAwQUAAAI

Debug level 1: CLIENT -> SERVER: AACrXEFbAAAAAAAAAAAAAAAAGAAAAENvbmZpZ3VyYXRpb25zMi9mbG9hdGVyL1BLAwQUAAAIAACr

Debug level 1: CLIENT -> SERVER: XEFbAAAAAAAAAAAAAAAAGgAAAENvbmZpZ3VyYXRpb25zMi9wb3B1cG1lbnUvUEsDBBQAAAgAAKtc

Debug level 1: CLIENT -> SERVER: QVsAAAAAAAAAAAAAAAAcAAAAQ29uZmlndXJhdGlvbnMyL3Byb2dyZXNzYmFyL1BLAwQUAAAIAACr

Debug level 1: CLIENT -> SERVER: XEFbAAAAAAAAAAAAAAAAGAAAAENvbmZpZ3VyYXRpb25zMi9tZW51YmFyL1BLAwQUAAAIAACrXEFb

Debug level 1: CLIENT -> SERVER: AAAAAAAAAAAAAAAAGAAAAENvbmZpZ3VyYXRpb25zMi90b29sYmFyL1BLAwQUAAAIAACrXEFbAAAA

Debug level 1: CLIENT -> SERVER: AAAAAAAAAAAAHwAAAENvbmZpZ3VyYXRpb25zMi9pbWFnZXMvQml0bWFwcy9QSwMEFAAICAgAq1xB

Debug level 1: CLIENT -> SERVER: WwAAAAAAAAAAAAAAAAsAAABjb250ZW50LnhtbL1YUXLbNhD97ylQZabTflCw7GQas5Y8aRJ3MiPH

Debug level 1: CLIENT -> SERVER: nkqedvoHg6CIKUgwACjJ+eodeoJ+ZXqAnsA36Um6AEmYtESFsjL1hyxi3+4+7C4WS52dr1OBlkxp

Debug level 1: CLIENT -> SERVER: LrPxYDQ8GiCWURnxbDEe3MwvgpeD88lXZzKOOWVhJGmRsswEVGYG/iPQznRYSseDQmWhJJrrMCMp

Debug level 1: CLIENT -> SERVER: 06GhocxZVmuFTXTofJUr2tyJ3uoO3NQ2bG36KltsS5fc9vfswE3tSJFVX2WLhaA21WPZV3mtRRBL

Debug level 1: CLIENT -> SERVER: iHqaE8MfsVgLnv0+HiTG5CHGq9VquDoZSrXAo9PTU+yknjD1uLxQwqEiiplg1pnGo+EI19iUGdKX

Debug level 1: CLIENT -> SERVER: n8U2KWVFestU79AQQzayqpeL3hWxXHSEhiZE9a4NB26n9yTqn96TqKmbEpN05OQlvgSh+7icPtSC

Debug level 1: CLIENT -> SERVER: Svv6sthWqKjiee9tluimvpTSU7UK5QF1dI+Pjp7j8rmBXu2ErxQ3TDXgdCecEkF9xGW6LWiAG2FA

Debug level 1: CLIENT -> SERVER: BGxpy9QXvg2E7lA4xqXYg3XUafrXy+mMJiwlD2D+eXDAM21I9hAZZZPQudMXWLFcKuMDE/dvmJCt

Debug level 1: CLIENT -> SERVER: Y+8liol3A0g9dBYCq+h8NS1gezKxVXnmK40zUZe1J1n5Z+ucKW4VibCZC1INu4RsyjxsaJfFU2k2

Debug level 1: CLIENT -> SERVER: Lo/jwaS+Kcoq09gvxHBjBDGhLIgYFXpyVp54v4zKZ8tjPJiTRNpswMmuESkXd16Ad6u/JoLfKj7a

Debug level 1: CLIENT -> SERVER: YqASDVBL38qCBctg81CsesW17unjiS4U7CJrIXJuKHSMJVHcXjM93aMpXyRmC4lvSC71Dy1UufQ/

Debug level 1: CLIENT -> SERVER: 0toW/6fxKjNyAK+LLVR2e7zThqWHuJwWlEcEzUim0U3GYaZinfHYgu0TlYM5Xs7QT9IknHYy84gv

Debug level 1: CLIENT -> SERVER: xgd3NYRqnRQGqtBwGjg7vlO4zxb765H3VXHOiSILRfKkFsCCHVfdQ1BqzaBnR0RFNSSF2YOpICeL

Debug level 1: CLIENT -> SERVER: DUTt2psNcuiETBnOtHdg1apxx1J3W2ww7qY/36Bvp1Pv1D40/cUypFJIcPPsyP3V2g4oCwODHliN

Debug level 1: CLIENT -> SERVER: idCsJbLrgUmULBZJUI3amcxYK1GPGyd4c+uaf4T10Sg3jbXahkqJcMvOj05IZEeDpm0nKLKIKcei

Debug level 1: CLIENT -> SERVER: 5b02t2K2CzzYe8QqgNuNZK2m/gCw9GpASbIpdFmvpFusl453AJx7O1kKtt5FwEM6KHh5N4kOiIsf

Debug level 1: CLIENT -> SERVER: S/OElInYiK1cbgvtNkBVPM6p+75ZqbjzCFaCWxnd+QdrfnLm3qg0+1DAa6M/ypuLyC1FXOeC3NXV

Debug level 1: CLIENT -> SERVER: GggY6MR4AKXsxGURvhOi0EaBf5lZjgcZm9dt5zAr9mAeauRN+Qbowt4dtbxUaXYs6HOTH2WKIk6+

Debug level 1: CLIENT -> SERVER: Rq8+FBzd/43gurgqlESRRLNCDNE13Bmp1AjezO1ERhSCYRMRiz6v/OXdLhotz8ngVRfv/Kpzkm2a

Debug level 1: CLIENT -> SERVER: gZY2GZ28eH6CKhSeDL9Hr1/9PL2aoenNu9/Q7Go2r7cPJib7UHsL47bdInR0BWsSsdRu1xAjkW3R

Debug level 1: CLIENT -> SERVER: iJgCzuhH2LtmBaIkgtauZBkbi4w5nC0n1BC/CEydo30IvJcpC/fSeH19gf7948+9dN7A6zACwu+J

Debug level 1: CLIENT -> SERVER: pm4Wl+FeUUoJF+jb3O5ZM2UtxVwk8rsQNbO4h8U5EwzaBmsb+NzXOWTnl4QYTfL8fC/NJ9J8a68Z

Debug level 1: CLIENT -> SERVER: dv9J7pei+uAU9swwrZmvKYicqbZe1ldOtDtYMCbL+0/3/8CtbItIF3BHp0xRW1J7HbZZo0zBt7n/

Debug level 1: CLIENT -> SERVER: C1KWIkh/VQOZrwEED/BKpxwtykQhiBru4Qt/OQxuXQC4dTfgjl8KJ/8BUEsHCGYPiXEtBQAAahQA

Debug level 1: CLIENT -> SERVER: AFBLAwQUAAgICACrXEFbAAAAAAAAAAAAAAAACgAAAHN0eWxlcy54bWzdXM2S27gRvucpVHIlN0ok

Debug level 1: CLIENT -> SERVER: 9a94vJU46yRVdiXZsc9bEAlJjCmCBYKj0b5ODjnlKfxiaQAECZIgRf1Zntmpcq3QDaDx9Q+aDZBv

Debug level 1: CLIENT -> SERVER: f3rehb0nTJOARA99Z2D3ezjyiB9Em4f+l88frHn/p3e/e0vW68DDS5946Q5HzErYIcRJDzpHyVIS

Debug level 1: CLIENT -> SERVER: H/opjZYEJUGyjNAOJ0vmLUmMI9VpqXMvxVSyRQzWtbtg1nsz/My6dua8pb5o1X1mwaz39inad+3M

Debug level 1: CLIENT -> SERVER: eQFTvfuadO38nITWmlge2cWIBRUpnsMg+vrQ3zIWL4fD/X4/2I8GhG6GzmKxGApqLrCX88UpDQWX

Debug level 1: CLIENT -> SERVER: 7w1xiPlkydAZOEPFu8MMdZWP8+oiReluhWlnaBBDNa0mT5vOFvG0aYDG2yLa2TYEc1m9I7+7eke+

Debug level 1: CLIENT -> SERVER: 3neH2LZBJ/PhJyCKfz59LGyB7rrOxXlLUHk0iDsvU3Lr/Qkhuai8g3RQIa5r2+Oh/K1x71vZ9zRg

Debug level 1: CLIENT -> SERVER: mGrsXiu7h0IvR5zsTKABnzMEDgs/cTNV3JQvunHkyZDimFCWC7LuHqAAHTefxV+jfBrgTAZiBIt3

Debug level 1: CLIENT -> SERVER: FHPpIwy5Jwx5lzf9XhbotODq9t+pSLomEEXXyMOWj70wefdWekDe3JO/uZwP/c9oS3ao3wNLVxy7

Debug level 1: CLIENT -> SERVER: IDzkhGF79/coDFY0cAwDZKR+r9Sf06wNjjANQHnJPkiSjnOcOQWFVUQljjhgHnjQE6IBD7sdp+99

Debug level 1: CLIENT -> SERVER: DDZbZhDiDygmyR9LXLLpO4plwv88uaRGLpDrg0GU9hkPCcO7S6b8mHqBj3qPKEp6X6IAUgzciIeB

Debug level 1: CLIENT -> SERVER: twsqF8v46bH3V8K2gdcoWc5xNXmGTQEha5eZlpLbx2uUhln+pUbOJNxQFHPZFW/224ophCjKAsjX

Debug level 1: CLIENT -> SERVER: eBayTLbIJ3sLxk8ws54f+vZg5IGcBuKhQmSwRVqQUWAriZEH+Yy1JTT4DURHIWd1563MT1wMr84K

Debug level 1: CLIENT -> SERVER: AbTrqDVWw5gZLCGsYx+wrSUzxDUKE80CYkSRQEjHZ02WYvAt5p4IIdue/16Nx0exUMoInxmMJfAx

Debug level 1: CLIENT -> SERVER: kQOgMN4ixSb6ryhGkJMlDAyBKQrfGLnEOzDnh35ILbYqGUcQ+ZjvJTy/1peoRFeSQx4K+idxwq2n

Debug level 1: CLIENT -> SERVER: eTE5O5dbW6NsTRMM4ERc12Jyj4QEMjZGU3BLgEE0JsFvIKnjxEy0hSjapGgDTVmDR9KIUTCSP/+S

Debug level 1: CLIENT -> SERVER: Lx8z2P2tr5hGQnQ5oLZKPqYFOyiK1MhZx2xwRcN54M1mUYQvj/XxePoX4ueGEXMqotUxc9Ljn/oF

Debug level 1: CLIENT -> SERVER: nCUv6+J6Of79Y+a1Q3QTRBaoDwyWG2vRtiKM8QSI27GbkQzWCK3bQ7zFEeS7JLJC5PsAuFjQQz8i

Debug level 1: CLIENT -> SERVER: YDq7gJ1otHEaeSyVA+6BDAkPgAcKPG7VyhotPwCPj/gkkOhMnMIRy3Yfg0YKLzzDODXdV1KPW5ot

Debug level 1: CLIENT -> SERVER: n0pZoHkru52Ji7lzS/1wI/PXDQurmFO1Nop3CEyVPyspk3NrTHGabCssF/iWeOzWg1+IdYuRT+Ur

Debug level 1: CLIENT -> SERVER: QrkXcBODnQDsJURxwu330oktSvaVyaGl4tRfMY7BpTeYbfljL/e3YxPrE0ozfgTv8RH1+42xRSkv

Debug level 1: CLIENT -> SERVER: REkC4oHrHA03hIKXR4nS0j4An5K/mvekC5yzWPSRxX4OWIiPrhQa8mKTZUYp4jLqDJ+h4VfX/nVF

Debug level 1: CLIENT -> SERVER: /MM5iJUC9GDsjpqCtDN2zEHalkFaGIXIPyKRf6Bwjw7JMXTrcS1/eCiHN3euwpsMXXmyYNkD25kX

Debug level 1: CLIENT -> SERVER: 4fek0KZnwOaAJuc9KzqJrt1NxKBI2GPiEB00Vfd08iWGdLaNNG7iDt/EOy/3I2yf56yjxd5DPmRH

Debug level 1: CLIENT -> SERVER: cyu0VNQUugn+HsU86l9RByApRSc6qkS7RRE9UfuVlUmRXif5HicowolV4dJudtNKkuFmXijbeA9I

Debug level 1: CLIENT -> SERVER: suC5pcWDZB+dKCDJqIbORv20JAHm8XN6NkNnBf8dHkmer6jeQIzXqt4r6epqNv43jPiJCPczxxyL

Debug level 1: CLIENT -> SERVER: Mo6e8902NZVWkJQJPEL8xHMf5/JNbzqaHN/0Tt3eRN4tMoU37noyXkybM3lVxatseHbVrPVdqUo8

Debug level 1: CLIENT -> SERVER: YVeyT9mVNEtw2y3BvbcluJdbQvEg+iNZgjNtsYQa8YSnp+mZljBqt4TRvS1h9HIsoaLpcZumq8QT

Debug level 1: CLIENT -> SERVER: ND0+U9Pjdk2P763p8eWaLtRZ07Q9u4Wmm5Omk/KiD4a+Z+c8mson7Sqf3Fvlk5ej8hbdnaOZabtm

Debug level 1: CLIENT -> SERVER: pvfWzPRyzRTwVzVzuVYmC/73chxx1q7u2b3VPXsZ6r6yE87btTK/t1bmF2vlZhpxZ/zv5Tjgol3V

Debug level 1: CLIENT -> SERVER: i3urevHjq/oazveYrtg9yufeFsX8ZtcxROWZYxhswFY9EADnx07/ThMWrA8WP5mBGfeE+rVz+VM2

Debug level 1: CLIENT -> SERVER: LO0ZwVAIh3DqTjPVnVKeqz1zXOJ89ceOK/rmv1LCLjODqz0EFqSbqX9s879rhMsLYeeleu4j/6wi

Debug level 1: CLIENT -> SERVER: XY6LnK1X47mlmkK8ZuL4fVZWE5VHU7auoUBcNMka5ej83NIqEXPldK0UMxwlmGNTMs0yLhlX77tZ

Debug level 1: CLIENT -> SERVER: r4Jl4o6NuBgoxyuhBeksgz9HD7xPjHy+2WZrUhpVrRVFq+ZsNaPJqEIollPQsqN0OUFEIqy3ZhNU

Debug level 1: CLIENT -> SERVER: m1X6ys8dewkJA7+nP+dnXNpTpYHx+9YOLgwBf5EZSCkK8B8fYGyz1Wc9ioDQ03nzOwc8ZRk2z/v5

Debug level 1: CLIENT -> SERVER: 2/9YGhJxEMH/eb8tLnVUDkclZ8/p6TyleV55qV7Dyu2GlXsHrH6MYraG1agbVqOrYPUjlns1LMbd

Debug level 1: CLIENT -> SERVER: sBhfF4uzg9oNHwM1UCbdQJncwpnOemDSZJ92k316kewvorCmgTLrBsrsKqBcWaHzbrLPLzPGl1Co

Debug level 1: CLIENT -> SERVER: 0UBZdANlcRVQrqzQ42KfLPSJycvVLtbd5docrw51QbPgu26s61iTufcm/x7c69t/v/3nCEo520Ug

Debug level 1: CLIENT -> SERVER: /TCVC+0B/eddvOUvMrY/o1e57pfbXLjykr7l6lBX1WfsP0iSdz0T+AWvMcWRd6ROU2PrunYhrnjX

Debug level 1: CLIENT -> SERVER: jdcwkh0KQ8tDcdJvAMYQLOyFXsDdZ3esVyT0S5hIggKtiZxjJhg6I/aPjz9XV97hVTtxURFF3pZQ

Debug level 1: CLIENT -> SERVER: ix1iXC5tPW2Wz6rmA/9/KNV/5Bs4ssYiW9RLblZM+LkGiWsEyg9AasWz4j062bNcntKole41bMRq

Debug level 1: CLIENT -> SERVER: 1HGLASJJ6VcYxblMxi4vblbuKEbpzuKvsyNQag4mv7acda3iqZNIEoi3TVDkC5PB6iUGtAKyqMfx

Debug level 1: CLIENT -> SERVER: V7JNw1ZYsrFF45qEIdlj31od5AVqhlZ9bfL8dSc1PzfT2dQ1lVYtnVKqRSpCgbNx0UBtwrMj0u6r

Debug level 1: CLIENT -> SERVER: QtqBBGxqRFqnVKq+knBzpEevDOn8DKEKdPVwoXTocHOYx68M5uLkoYpz7UyifIxxc6Qnrwzp2Wze

Debug level 1: CLIENT -> SERVER: gHRBqSAtCTdHevqqkHYH9si8HeqUEtKKcHOkZ68MaXdu3g51SgVpSbg50vNXhvTEHKY1QgXnyXcJ

Debug level 1: CLIENT -> SERVER: 0otXBvNs0YRzQakALQk3R9qxXxXUo4E9Nu+HOqUEtSJcAnWZpOMfEYYTeESP1sEmpeJDAr2cYGVX

Debug level 1: CLIENT -> SERVER: 0NaEsEi7NaKrwslWLL8784TCFPOXA2Wj6phoEIgvUeh95BuF/F4EH09904uvt7uEOPKbBAzMAqrh

Debug level 1: CLIENT -> SERVER: OSKFBKZpGt+HlF/rEe+rLxZFHcGETjZIgQLXbUYLIo+KLwHy5E/7NJEYrfgiEb+eAmMGnqUIcjqO

Debug level 1: CLIENT -> SERVER: J1jpAbRbKg58indO38BUqRYJyj7w+YfzXHuwWKjSjyCo1+vdxWDassZsEoCQWYQGsBaUKZtQRlHA

Debug level 1: CLIENT -> SERVER: apd8XIVZ/ZKPgZR5gvEakfbtoZZP/WRr39DAV59OeOPZ/M/EkSnbHc9sx0RfoaTAJv9cQZ2PpqtD

Debug level 1: CLIENT -> SERVER: wWfmkcLqZafaCBBs+Nf/MturMwngW+hZgbHCoZzT2qHnkpDF17oyhgTHCmFpKJUjGfUNGhAUjELw

Debug level 1: CLIENT -> SERVER: i/dbbMfAg9ai2mhgQT6/uSU9QfqHbKcQyJSFTvIPQykt2uI/LTyabV0taosRvxQlfgz1lWqN9YEK

Debug level 1: CLIENT -> SERVER: r6y7YUbYoSQfI58ta+QjlY+LKheCdZk199WiQWX4ofnTsO/+D1BLBwgnqI4WkAsAAFpWAABQSwME

Debug level 1: CLIENT -> SERVER: FAAACAAAq1xBW/+b2Ev8AwAA/AMAAAgAAABtZXRhLnhtbDw/eG1sIHZlcnNpb249IjEuMCIgZW5j

Debug level 1: CLIENT -> SERVER: b2Rpbmc9IlVURi04Ij8+CjxvZmZpY2U6ZG9jdW1lbnQtbWV0YSB4bWxuczpvZmZpY2U9InVybjpv

Debug level 1: CLIENT -> SERVER: YXNpczpuYW1lczp0YzpvcGVuZG9jdW1lbnQ6eG1sbnM6b2ZmaWNlOjEuMCIgeG1sbnM6eGxpbms9

Debug level 1: CLIENT -> SERVER: Imh0dHA6Ly93d3cudzMub3JnLzE5OTkveGxpbmsiIHhtbG5zOmRjPSJodHRwOi8vcHVybC5vcmcv

Debug level 1: CLIENT -> SERVER: ZGMvZWxlbWVudHMvMS4xLyIgeG1sbnM6bWV0YT0idXJuOm9hc2lzOm5hbWVzOnRjOm9wZW5kb2N1

Debug level 1: CLIENT -> SERVER: bWVudDp4bWxuczptZXRhOjEuMCIgeG1sbnM6b29vPSJodHRwOi8vb3Blbm9mZmljZS5vcmcvMjAw

Debug level 1: CLIENT -> SERVER: NC9vZmZpY2UiIG9mZmljZTp2ZXJzaW9uPSIxLjIiPjxvZmZpY2U6bWV0YT48bWV0YTppbml0aWFs

Debug level 1: CLIENT -> SERVER: LWNyZWF0b3I+ZWxpc2V1PC9tZXRhOmluaXRpYWwtY3JlYXRvcj48bWV0YTplZGl0aW5nLWN5Y2xl

Debug level 1: CLIENT -> SERVER: cz4yPC9tZXRhOmVkaXRpbmctY3ljbGVzPjxtZXRhOmNyZWF0aW9uLWRhdGU+MjAyNS0wOS0yOVQx

Debug level 1: CLIENT -> SERVER: MjoyNTowMDwvbWV0YTpjcmVhdGlvbi1kYXRlPjxkYzpkYXRlPjIwMjUtMTAtMDFUMDg6Mzc6MjMu

Debug level 1: CLIENT -> SERVER: ODg8L2RjOmRhdGU+PG1ldGE6ZWRpdGluZy1kdXJhdGlvbj5QVDAwSDAwTTAwUzwvbWV0YTplZGl0

Debug level 1: CLIENT -> SERVER: aW5nLWR1cmF0aW9uPjxtZXRhOmdlbmVyYXRvcj5Cck9mZmljZS5vcmcvMy4xJFdpbjMyIE9wZW5P

Debug level 1: CLIENT -> SERVER: ZmZpY2Uub3JnX3Byb2plY3QvMzEwbTExJEJ1aWxkLTkzOTk8L21ldGE6Z2VuZXJhdG9yPjxtZXRh

Debug level 1: CLIENT -> SERVER: OmRvY3VtZW50LXN0YXRpc3RpYyBtZXRhOnRhYmxlLWNvdW50PSIwIiBtZXRhOmltYWdlLWNvdW50

Debug level 1: CLIENT -> SERVER: PSIwIiBtZXRhOm9iamVjdC1jb3VudD0iMCIgbWV0YTpwYWdlLWNvdW50PSIxIiBtZXRhOnBhcmFn

Debug level 1: CLIENT -> SERVER: cmFwaC1jb3VudD0iMTEiIG1ldGE6d29yZC1jb3VudD0iNjkiIG1ldGE6Y2hhcmFjdGVyLWNvdW50

Debug level 1: CLIENT -> SERVER: PSI0MTciLz48bWV0YTp0ZW1wbGF0ZSB4bGluazp0eXBlPSJzaW1wbGUiIHhsaW5rOmFjdHVhdGU9

Debug level 1: CLIENT -> SERVER: Im9uUmVxdWVzdCIgeGxpbms6dGl0bGU9Ik5vcm1hbCIgeGxpbms6aHJlZj0iIi8+PC9vZmZpY2U6

Debug level 1: CLIENT -> SERVER: bWV0YT48L29mZmljZTpkb2N1bWVudC1tZXRhPlBLAwQUAAgICACrXEFbAAAAAAAAAAAAAAAAGAAA

Debug level 1: CLIENT -> SERVER: AFRodW1ibmFpbHMvdGh1bWJuYWlsLnBuZ+2XezwT/B7HqSc89USlSEjlUi4pZYZcurlbF5M7i5Fc

Debug level 1: CLIENT -> SERVER: lzCXsAqVu1loTEuMJLRkM4xy21OYjtu0DWUYIWMYNtvxOs/rnOc557/z9zl//X6v3+ev7+f7eb2/

Debug level 1: CLIENT -> SERVER: 31/KtStWu3ce2ikmJrbbxvqyw9ZZJyYmLiYlsXVbUQUytt4RNpcvOEZj5otM4SxDOUssFY0T+22j

Debug level 1: CLIENT -> SERVER: 2/LO09uSsvDfrc9NdyMvJaPgpUlW2tMnDY+Q5KWFv/ZVFxRoArsSmollVSoP1U5AgkoXTMRELnkW

Debug level 1: CLIENT -> SERVER: YvqLWZAR8fs8iYoLyta7f5wPvCbpkGicfWjgwcAL6VKJyCOAV9v/Cykse4C7FH34MpXsgvYr0MAP

Debug level 1: CLIENT -> SERVER: pR5UtZzQ783qMGeJ1FvhbGZAgskp1G6+SZw7W4YF21SFpo+tusSVrGFgylmKmcezOC59Qm5TkiTK

Debug level 1: CLIENT -> SERVER: /O0IpvI9j3FY2L1oGP7V9DC8fyyivU6lGLmAiDZQAs5pNzKiM6jYaGnnCSyXfwWvOmvWnALrx7yf

Debug level 1: CLIENT -> SERVER: E3GIusRF0RtXPpDCwgnXKOXQBAQ2DTpWUX5k8gSPn+ahS1PD24zvoJRI4ZNXWt7FoDvlESKkn8w+

Debug level 1: CLIENT -> SERVER: pp9STR/Pm3Ew6l3YmNGcEmIw2WjO3HR9Vd7IjqkU183+PE/2/dhoddpvaR8lD13N9VovMZFQWEjo

Debug level 1: CLIENT -> SERVER: GrQzWQt/DpZhfWoFyZsU5RDBTc+j3zSOsQPJ6W211oi8mXXdKNIGAlcFO/t8cupWTFIQcvpe3G41

Debug level 1: CLIENT -> SERVER: z5bu5h5DuE/vdzpYNK7ysE5qU1k6h47xGGPzqaJjQEZTsMbI2RkCYQ6WU0DtMlEU3YKfM3ImTDrF

Debug level 1: CLIENT -> SERVER: YAXVLWbSUSMg23tgLKOOZw6V7YdJs22xHqfijSxN/SG6OK+2KfxYuRd0lDIQpNdowPXpZa+JzELM

Debug level 1: CLIENT -> SERVER: aeH5QQtXG7sSYRwbM3AhahQyhWg06KEJeRybUom1sD/6nHlKdUUgaLIX2hVm7H1xQEEDeeVimVxJ

Debug level 1: CLIENT -> SERVER: wx4uCXOiuxY221L9iJK1R/lRRCsCjfK2JoJtTRwipnkJpWu67YneaXWarvgz1k/ULqUuRT8N1lBT

Debug level 1: CLIENT -> SERVER: 9kzlC8JRnr27FtrykfQIz0zBRWm2hbHMEh/1++R40+MZ0j7TZ9n9k77H3qtMqt+K8lxTfSLpymoz

Debug level 1: CLIENT -> SERVER: Kj3uNW7VnRVCN8hYb84HWpw57v94kleMSjO3Tj916eXeAo46Z2T9jAOfOABO+elQ8KVr3slglfGq

Debug level 1: CLIENT -> SERVER: m1gVhp0N0qnfMk02owt/c33R8lw/NjSee1rUPsNjz1rvhkj8kWbWh4dl2QbDewza92W7zSJ3FXrJ

Debug level 1: CLIENT -> SERVER: 78gdL/ZXmNAh77Kw557BbUvxSHqvfauAuMNqTOuMFvvqDtCkkJFsgQpJyxtaxb8KTNA5etmI4Vjk

Debug level 1: CLIENT -> SERVER: sAvT7Jrt64DMdSXa/ETQgSoQ+rE3MWCPG9Vnn9N4gAMB6zTc83Mel+o7P/LOqgPwMiHiQzIrsPgQ

Debug level 1: CLIENT -> SERVER: RkLzhnL8h9bXiWMV3DToZppexl0VC128cc3+g1UdF4IWr8mjiJzHexHiCS3leFSQjm1gGkqQiD9p

Debug level 1: CLIENT -> SERVER: qEXJdbawnBHkJARMJnyF2D5CbgSV6wTpPLOdBzeEebUCmtIrEAY7kgEHwi4QAlzGj17COlzo61s9

Debug level 1: CLIENT -> SERVER: vl+7qLdChDerPEXJjxh1TBrc7wwiTXcBm+3St4N0pLrIPUS4gdDQM17JK6ti/82iFlqLmbK2vD+O

Debug level 1: CLIENT -> SERVER: Bmf0rkT5qt2wT9Ap3i4pp19ncz9NFLKzsGBbyVo45K0a7vdXX2GQbsfKfK+O3xjHVG0Wi74ysflf

Debug level 1: CLIENT -> SERVER: 6SHeyIBYR778ZbfecMYBAHol9IS18UpdTTxDZ7UcVg0lLwx10T2itDq14qcLudW9xPopXHhh4QKv

Debug level 1: CLIENT -> SERVER: 5j1gZZ2AvRV+Pws9wkE3XPyeLfcnkpQUZ4q4hu37TF3dVdVlJbloGR7okJkKhQyOOsb6tuOn7fLT

Debug level 1: CLIENT -> SERVER: zvWMo7TGhgJjMYEOxSKWOte5q0ySSoLN/8JBfPT/K+My20qloZs+uGGOGi8/zQNW0Tr3ittG+/4W

Debug level 1: CLIENT -> SERVER: YzyaNFzCB+kWeSY/Z/tRuUzlfvkv1GKkVxN7Y0Qj/GWm1KisGfivrFQy56xWiddEZvsfNAzyozsv

Debug level 1: CLIENT -> SERVER: 9/R8GGBfaI2jjilhFCUzOy9cKdWEPL1Uubx0mzZ/3xnZcOi8cjDDaTnGNAQ9OWZ/FxGDtIu6UoIZ

Debug level 1: CLIENT -> SERVER: O4hxd5I6PWAT7yqdtTxeslarIHCTqDdIDAEeiPd+/VYwPZQ+FB905ycj8dp37f8o6JKq6T2v433a

Debug level 1: CLIENT -> SERVER: e4u6Nauk2v0ZpLlRzFnd3k0ndmIQI0mB//jgAbNNu4kNZ0gWwPRw2BBCgveDPRwVeLY8ZvpHUyiB

Debug level 1: CLIENT -> SERVER: 2q2C+Cn3iUlVOB7jBfyk93xihz7DYMo3hNgeLgDnfPETAtO+QJLb2H2VN2Ib1zmtv70UVsURrW+d

Debug level 1: CLIENT -> SERVER: 82cm/CRuMAkZYeWnaUWMblGe3HBSzcfH6/bKvgLFLKpJDOSJjCrgw71/GiY3k+zKgbo6eD73yfb+

Debug level 1: CLIENT -> SERVER: 0de3rxCn6TA5wn7mXkOuhrtKp+xKzgNYXDJ1clG/2dJu2Vhq0QSpFm3XNVpEG+psnoa7+R70excj

Debug level 1: CLIENT -> SERVER: 3nPzokdweGBe5IncKKxfKHkzMtfPKH047AkNmPyjNdSN1eFSbGgXIz6emxVFEqHzd+JVwj+l9LaH

Debug level 1: CLIENT -> SERVER: qZinn1tRv7dr4QqVTBq4VdXE1wmurpy5N1ZDq4N0quYdz5sXjgjjkLNfE3LMJ7JksBUIo6OharC4

Debug level 1: CLIENT -> SERVER: q392XZCjRXZ86ixBb2h6N9ewFJjSYGb1RlIlAwLGASO8OPBvb2iG7T7ev8R4kgGZwMu317DrgBux

Debug level 1: CLIENT -> SERVER: APEgCerUO2PRaJOLRnoS9ltbfJlGZTJ2ss1mN6f2H5xahnIgO/n6tQ7dQPpyiTLxdoFearjAMKdT

Debug level 1: CLIENT -> SERVER: I28cGxn8Uj8gZcDC0o/WXJQzh/8NBRoDcdmryx7nOvUi/FL7sbube9lCpTRUMDj6QF9hbDUFqsnS

Debug level 1: CLIENT -> SERVER: YkV5uOcUvj85kDTcMxBQRqir1pxI/fWL27flqdm9NTi7DnCPIVXfj7FRUAeuI3E2OhKslRkKlJi8

Debug level 1: CLIENT -> SERVER: WTTjF61NwtzPejCX6X+CYHyHjqe2fKhFeD661qLKrgzpy7rF9MmX/PYokOCy3H+qcFzFBiqrQuJ8

Debug level 1: CLIENT -> SERVER: mkq27B/u4Dwsr6Bsq7j2uihHx6xQKN9/YLF3nmIYKz6Ot/DaclhXcJReodm0xI7NaXpRIWJVsLSs

Debug level 1: CLIENT -> SERVER: SFlFHuqg3DzCyGadcIqxChhEmgwtmW3NVUHkxCZLr2y+tWJmRQoKCLHP3HYKwcTVrjeAGjCOR3Ip

Debug level 1: CLIENT -> SERVER: Pp00aukiBg9hD2fxVY7lI9iln2Bon++DBg/exRyqh2vV3/ny9n4leWXxtorn9IdTrjYvELkJc50n

Debug level 1: CLIENT -> SERVER: P9MJwUAGaPxH83flWgXUwaSNzgHo9/VmglYvWa9Tz/y7UEuxQLPPgJ2jbu+EbmYaa559iW6Y/8FH

Debug level 1: CLIENT -> SERVER: t6yVRa32rTPhoaswXmQhTfVKrEJNpfmgK+2z7wM/YyLBRQur6lk5RuOxnPjepTHFENDIqtNepwXm

Debug level 1: CLIENT -> SERVER: KklGeitZqQsZ8QJkGNLcAL7E3ldcAzST/dfmRQlDjkI/h+VXXvdk9nXCwnbqieJHADyLwIEbx+r3

Debug level 1: CLIENT -> SERVER: T07Ow1//zSuj/nO6fST2bcN5RTAunpYrSWAEdk8zdVN3hdyNt5VNwUVTQ52shpfrjPI+7XVPnRvS

Debug level 1: CLIENT -> SERVER: HAjEEGcp8Ia6u5n6N9w9U45SME/l1DLtzOfeCoRqd0l0E7MaSLoN8vqRDuuSiLBn2BSkg3+4/eDl

Debug level 1: CLIENT -> SERVER: O+CMpb7VSMBDpe3SUaQuWEATxCTSy/M8/dnr5dkVAmDcFqoBLQU8elBbgYL20G3V5KhRyKDpcFdl

Debug level 1: CLIENT -> SERVER: 737aiovmS5N7F8C+8i/PkAzC3DCBVfOUQ9czWYfIoP4R82brX6e3SRdrS2Zen7tKdCdDfgaziHtG

Debug level 1: CLIENT -> SERVER: AMhcG1Ap6atFTN8by29LR0NBN+vOWSmCB/uDiWS3oiOWbpMTfi0G+4J6aZaIEAgXz43MdyemfR49

Debug level 1: CLIENT -> SERVER: XIneaMkYZIbidjyQ+Hdi/5eL7/+l/wVpUSXYnW/ueH42ZetHJmZjceVy9cWbD/8OUEsHCKSsHA1y

Debug level 1: CLIENT -> SERVER: CwAAuA0AAFBLAwQUAAgICACrXEFbAAAAAAAAAAAAAAAADAAAAHNldHRpbmdzLnhtbLVZW1PiShB+

Debug level 1: CLIENT -> SERVER: P7/CyjsieDkrpWwFXPawolCAa519G5IGcpxMp2YmAv9+eyZguRA8SDJPaC5976+/ntx8Xcb85BWk

Debug level 1: CLIENT -> SERVER: ilDcerXTM+8ERIBhJGa33tO4U/nifW3+dYPTaRRAI8QgjUHoigKt6RF1Qq8L1chu33qpFA1kKlIN

Debug level 1: CLIENT -> SERVER: wWJQDR00MAGxea3x/umGVZZdWfJIvNx6c62TRrW6WCxOF+enKGfV2vX1ddXe3TwaoJhGs0NVZU+/

Debug level 1: CLIENT -> SERVER: V4WIb4rMC5kxVln97Oyimv3vnayNfBeautfcxGHjfvNmrSD7qUQaYhObk/VlY9qtRyobrxEs3qLm

Debug level 1: CLIENT -> SERVER: 5b335zs/6XlfAhtj4m3u6FVCdyKhvWbt4kv9pror5HDBPZjqPMlnxcQ+R6Ge58k9r1/+XdDkfyCa

Debug level 1: CLIENT -> SERVER: zXONrtdqV1+OEz6a42IIIZUYtOdMzEBtKZggcmDCa2qZwnE6uqIlcaHgAUPYJ33KuDpYfCVmSSUS

Debug level 1: CLIENT -> SERVER: ISwh3I1Vfn3Zd6gz5OqwiHfDLVOVllS8XtOUcoFM7iu8Wv3y/MgcGrF7GuWifn15rFAVTTiU3idW

Debug level 1: CLIENT -> SERVER: qoO2tnKH+zrEtF8xk1uoNca53Ve/ujgyc78Q4zFJ2i61OcpiWNRjK0x1G3kai+2OLkt6C/GltJbe

Debug level 1: CLIENT -> SERVER: jUuHBRplvu21syOt76oRcAg0hB1JF44wPefie2jZd3uNVvkP0GA8fJRmF1LJNA3mz8xUPwwHTLIx

Debug level 1: CLIENT -> SERVER: o2oeJSwwaFZ+6gaEknoIhjjANoSWIb+fajOseqSB/xsBD9VjGk9AuvGmR9TrKQmZzhtem2IsEKhv

Debug level 1: CLIENT -> SERVER: caJXA+Zm7M4ESuhEUmlyA7pUgUJ3hctwEYWQ1LYg2xgnEpThjqXjmw3ciBzg8AMnewNXwI0s4x1J

Debug level 1: CLIENT -> SERVER: 4Axxwunv8rNjvRiwBKTRMwKdbo/EMjyhnrdA159OCSlcxMr6YViCoypek9OBRE24TfV0D6ttLUzB

Debug level 1: CLIENT -> SERVER: 1UUrEkyuvOqBJlsYdGDv2tAOym2yUFaDaT/VmJWoo7JsIw0z5E6iQ+JB5pb7J7OYwRulUfkibHEm

Debug level 1: CLIENT -> SERVER: XhQF3SBdm/Eg5XY+uip4XwjUVsP+uXAkvPWQhUNgIQq+U+jlIIJhAWsCMEbbB23gLrJNur4tKd2C

Debug level 1: CLIENT -> SERVER: 8R559MHMKaAjSfjqSYG8Y5qVL75jKIbLhhuxV/iZnbL0RZujcsGnjZLvHCeM360PiAyxcTEOuuqe

Debug level 1: CLIENT -> SERVER: 8u2riIlBKgKdumpDn0czQcU70pgMUEUfqTk+O20eJb56ozW+CKi3IXyW9Kjs8JUdri7i2E6lpDSZ

Debug level 1: CLIENT -> SERVER: ojbAaH5HmMpgB2uyU4kD8JJi5dtBnRFBwkqDAzPJkrnqil6kthfnMty4w0fUbZboVMKdZIv+5D/V

Debug level 1: CLIENT -> SERVER: F4YqOFBmoWyIi3sAF1xqPbsed/fGw5NgZXTYspAQGs8qCkGOYamfKX99QWGlHnDBhBX0ebj2/AHI

Debug level 1: CLIENT -> SERVER: xMAZibSHN652IdVjE3hDPzeRMpwPLANxt17nLPG+HmliheUH7c2lTaElbnyyIDEEWlCMa77W0jA5

Debug level 1: CLIENT -> SERVER: 2lM76CRV2eolUSVE1F3J/26A9YNuKcB4OMeF1UHrb5uJALiDwffn/KF9PmYizNnli5wG28T/SJWO

Debug level 1: CLIENT -> SERVER: pivTNuo50vMHJlLGWxLYi5sZoYZgloNXGGM2Cl2iASEzFdmGoDg8cgNpnDGfAA27swe0ez5gzAln

Debug level 1: CLIENT -> SERVER: KxIU8tTYVGQwuDxLWh+QzKDFgpeZxFTsPU4su8yLjXfDc+yRrJvtmVbd4MUgo5N5L5ZUtwH8Aom0

Debug level 1: CLIENT -> SERVER: uv3P1vbJY3J7zF3d+YZc3fd1vfkbUEsHCI7UmDYDBQAAnx8AAFBLAwQUAAgICACrXEFbAAAAAAAA

Debug level 1: CLIENT -> SERVER: AAAAAAAAFQAAAE1FVEEtSU5GL21hbmlmZXN0LnhtbLWVS27DIBBA9zmFxd7QZlVZcSK1Uk+QHoDg

Debug level 1: CLIENT -> SERVER: sYPET8wQJbcvjpTEbaOqqcwOLHhvGDzDanO0pjpARO1dy575E6vAKd9pN7TsY/tev7DNerGy0uke

Debug level 1: CLIENT -> SERVER: kJrLoMr7HF6nLUvRNV6ixsZJC9iQanwA13mVLDhqvq5vRtN6Ud3AvTZQ54XxVN1k0GlZ0ylAy2QI

Debug level 1: CLIENT -> SERVER: RitJOU5xcB0/u/hUwQmOxG67J6daTj73yZg6SNq3TDDxUAz3KW/e9XpI8RwbLgWSpIQ7GcvgpVJg

Debug level 1: CLIENT -> SERVER: IE99FCrFOJ48J7e4q4igN14SFIIHH1LIf0YqhI9+iIDlbnoMvRicvDfF4NrKAVC8arIyYFHHg+zv

Debug level 1: CLIENT -> SERVER: bQSTG6uHJ83VVPC3GB6Ujw1KjLV6F5799L9i/p2LdDKAs2MtkJyt8Wz3ye6c1AYFXYY8uGFu+LyJ

Debug level 1: CLIENT -> SERVER: BaL8Tl5TuxI/nsn1J1BLBwhlgkjaRAEAAGEHAABQSwECFAAUAAAIAACrXEFbXsYyDCcAAAAnAAAA

Debug level 1: CLIENT -> SERVER: CAAAAAAAAAAAAAAAAAAAAAAAbWltZXR5cGVQSwECFAAUAAAIAACrXEFbAAAAAAAAAAAAAAAAGgAA

Debug level 1: CLIENT -> SERVER: AAAAAAAAAAAAAABNAAAAQ29uZmlndXJhdGlvbnMyL3N0YXR1c2Jhci9QSwECFAAUAAgICACrXEFb

Debug level 1: CLIENT -> SERVER: AAAAAAIAAAAAAAAAJwAAAAAAAAAAAAAAAACFAAAAQ29uZmlndXJhdGlvbnMyL2FjY2VsZXJhdG9y

Debug level 1: CLIENT -> SERVER: L2N1cnJlbnQueG1sUEsBAhQAFAAACAAAq1xBWwAAAAAAAAAAAAAAABgAAAAAAAAAAAAAAAAA3AAA

Debug level 1: CLIENT -> SERVER: AENvbmZpZ3VyYXRpb25zMi9mbG9hdGVyL1BLAQIUABQAAAgAAKtcQVsAAAAAAAAAAAAAAAAaAAAA

Debug level 1: CLIENT -> SERVER: AAAAAAAAAAAAABIBAABDb25maWd1cmF0aW9uczIvcG9wdXBtZW51L1BLAQIUABQAAAgAAKtcQVsA

Debug level 1: CLIENT -> SERVER: AAAAAAAAAAAAAAAcAAAAAAAAAAAAAAAAAEoBAABDb25maWd1cmF0aW9uczIvcHJvZ3Jlc3NiYXIv

Debug level 1: CLIENT -> SERVER: UEsBAhQAFAAACAAAq1xBWwAAAAAAAAAAAAAAABgAAAAAAAAAAAAAAAAAhAEAAENvbmZpZ3VyYXRp

Debug level 1: CLIENT -> SERVER: b25zMi9tZW51YmFyL1BLAQIUABQAAAgAAKtcQVsAAAAAAAAAAAAAAAAYAAAAAAAAAAAAAAAAALoB

Debug level 1: CLIENT -> SERVER: AABDb25maWd1cmF0aW9uczIvdG9vbGJhci9QSwECFAAUAAAIAACrXEFbAAAAAAAAAAAAAAAAHwAA

Debug level 1: CLIENT -> SERVER: AAAAAAAAAAAAAADwAQAAQ29uZmlndXJhdGlvbnMyL2ltYWdlcy9CaXRtYXBzL1BLAQIUABQACAgI

Debug level 1: CLIENT -> SERVER: AKtcQVtmD4lxLQUAAGoUAAALAAAAAAAAAAAAAAAAAC0CAABjb250ZW50LnhtbFBLAQIUABQACAgI

Debug level 1: CLIENT -> SERVER: AKtcQVsnqI4WkAsAAFpWAAAKAAAAAAAAAAAAAAAAAJMHAABzdHlsZXMueG1sUEsBAhQAFAAACAAA

Debug level 1: CLIENT -> SERVER: q1xBW/+b2Ev8AwAA/AMAAAgAAAAAAAAAAAAAAAAAWxMAAG1ldGEueG1sUEsBAhQAFAAICAgAq1xB

Debug level 1: CLIENT -> SERVER: W6SsHA1yCwAAuA0AABgAAAAAAAAAAAAAAAAAfRcAAFRodW1ibmFpbHMvdGh1bWJuYWlsLnBuZ1BL

Debug level 1: CLIENT -> SERVER: AQIUABQACAgIAKtcQVuO1Jg2AwUAAJ8fAAAMAAAAAAAAAAAAAAAAADUjAABzZXR0aW5ncy54bWxQ

Debug level 1: CLIENT -> SERVER: SwECFAAUAAgICACrXEFbZYJI2kQBAABhBwAAFQAAAAAAAAAAAAAAAAByKAAATUVUQS1JTkYvbWFu

Debug level 1: CLIENT -> SERVER: aWZlc3QueG1sUEsFBgAAAAAPAA8A7gMAAPkpAAAAAA==

Debug level 1: CLIENT -> SERVER: 

Debug level 1: CLIENT -> SERVER: --b1=_PTlQNIgUXEXSt7F5DEf1Y0gUkhAUYAuDeqi1ndA--

Debug level 1: CLIENT -> SERVER: 

Debug level 1: CLIENT -> SERVER: .

Debug level 2: SERVER -> CLIENT: 250 2.0.0 Ok: queued as 5573C802452

Debug level 1: CLIENT -> SERVER: QUIT

Debug level 2: SERVER -> CLIENT: 221 2.0.0 Bye

