Debug level 2: SERVER -> CLIENT: 220 smtp-sp217-47.kinghost.net ESMTP

Debug level 1: CLIENT -> SERVER: EHLO localhost

Debug level 2: SERVER -> CLIENT: 250-smtp-sp217-47.kinghost.net
250-PIPELINING
250-SIZE 62914560
250-VRFY
250-ETRN
250-STARTTLS
250-AUTH PLAIN LOGIN
250-AUTH=PLAIN LOGIN
250-ENHANCEDSTATUSCODES
250-8BITMIME
250-DSN
250 CHUNKING

Debug level 1: CLIENT -> SERVER: AUTH LOGIN

Debug level 2: SERVER -> CLIENT: 334 VXNlcm5hbWU6

Debug level 1: CLIENT -> SERVER: [credentials hidden]
Debug level 2: SERVER -> CLIENT: 334 UGFzc3dvcmQ6

Debug level 1: CLIENT -> SERVER: [credentials hidden]
Debug level 2: SERVER -> CLIENT: 235 2.7.0 Authentication successful

Debug level 1: CLIENT -> SERVER: MAIL FROM:<ourodosul@ourodosul.com.br>

Debug level 2: SERVER -> CLIENT: 250 2.1.0 Ok

Debug level 1: CLIENT -> SERVER: RCPT TO:<simonebarreto87@icloud.com>

Debug level 2: SERVER -> CLIENT: 250 2.1.5 Ok

Debug level 1: CLIENT -> SERVER: DATA

Debug level 2: SERVER -> CLIENT: 354 End data with <CR><LF>.<CR><LF>

Debug level 1: CLIENT -> SERVER: Date: Thu, 2 Oct 2025 14:59:19 +0200

Debug level 1: CLIENT -> SERVER: To: simonebarreto87@icloud.com

Debug level 1: CLIENT -> SERVER: From: ourodosul@ourodosul.com.br

Debug level 1: CLIENT -> SERVER: Subject: =?iso-8859-1?Q?Atualiza=C3=A7=C3=A3o_de_Cadastro?=

Debug level 1: CLIENT -> SERVER: Message-ID: <z7vvu2MA5iymp1r7zjk8lvh3wFYNCnL0FX9duzA74@localhost>

Debug level 1: CLIENT -> SERVER: X-Mailer: PHPMailer 6.10.0 (https://github.com/PHPMailer/PHPMailer)

Debug level 1: CLIENT -> SERVER: MIME-Version: 1.0

Debug level 1: CLIENT -> SERVER: Content-Type: multipart/mixed;

Debug level 1: CLIENT -> SERVER:  boundary="b1=_z7vvu2MA5iymp1r7zjk8lvh3wFYNCnL0FX9duzA74"

Debug level 1: CLIENT -> SERVER: Content-Transfer-Encoding: 8bit

Debug level 1: CLIENT -> SERVER: 

Debug level 1: CLIENT -> SERVER: --b1=_z7vvu2MA5iymp1r7zjk8lvh3wFYNCnL0FX9duzA74

Debug level 1: CLIENT -> SERVER: Content-Type: multipart/alternative;

Debug level 1: CLIENT -> SERVER:  boundary="b2=_z7vvu2MA5iymp1r7zjk8lvh3wFYNCnL0FX9duzA74"

Debug level 1: CLIENT -> SERVER: 

Debug level 1: CLIENT -> SERVER: --b2=_z7vvu2MA5iymp1r7zjk8lvh3wFYNCnL0FX9duzA74

Debug level 1: CLIENT -> SERVER: Content-Type: text/plain; charset=iso-8859-1

Debug level 1: CLIENT -> SERVER: Content-Transfer-Encoding: 8bit

Debug level 1: CLIENT -> SERVER: 

Debug level 1: CLIENT -> SERVER: (Sem conteúdo)

Debug level 1: CLIENT -> SERVER: 

Debug level 1: CLIENT -> SERVER: --b2=_z7vvu2MA5iymp1r7zjk8lvh3wFYNCnL0FX9duzA74

Debug level 1: CLIENT -> SERVER: Content-Type: text/html; charset=iso-8859-1

Debug level 1: CLIENT -> SERVER: Content-Transfer-Encoding: 8bit

Debug level 1: CLIENT -> SERVER: 

Debug level 1: CLIENT -> SERVER: <p>(Sem conteúdo)</p>

Debug level 1: CLIENT -> SERVER: 

Debug level 1: CLIENT -> SERVER: 

Debug level 1: CLIENT -> SERVER: --b2=_z7vvu2MA5iymp1r7zjk8lvh3wFYNCnL0FX9duzA74--

Debug level 1: CLIENT -> SERVER: 

Debug level 1: CLIENT -> SERVER: --b1=_z7vvu2MA5iymp1r7zjk8lvh3wFYNCnL0FX9duzA74

Debug level 1: CLIENT -> SERVER: Content-Type: application/octet-stream; name="13847  .9 ENIO IGNACIO DE OLIVEIRA.odt"

Debug level 1: CLIENT -> SERVER: Content-Transfer-Encoding: base64

Debug level 1: CLIENT -> SERVER: Content-Disposition: attachment; filename="13847  .9 ENIO IGNACIO DE OLIVEIRA.odt"

Debug level 1: CLIENT -> SERVER: 

Debug level 1: CLIENT -> SERVER: UEsDBBQAAAgAAGJnQltexjIMJwAAACcAAAAIAAAAbWltZXR5cGVhcHBsaWNhdGlvbi92bmQub2Fz

Debug level 1: CLIENT -> SERVER: aXMub3BlbmRvY3VtZW50LnRleHRQSwMEFAAACAAAYmdCWwAAAAAAAAAAAAAAABoAAABDb25maWd1

Debug level 1: CLIENT -> SERVER: cmF0aW9uczIvc3RhdHVzYmFyL1BLAwQUAAgICABiZ0JbAAAAAAAAAAAAAAAAJwAAAENvbmZpZ3Vy

Debug level 1: CLIENT -> SERVER: YXRpb25zMi9hY2NlbGVyYXRvci9jdXJyZW50LnhtbAMAUEsHCAAAAAACAAAAAAAAAFBLAwQUAAAI

Debug level 1: CLIENT -> SERVER: AABiZ0JbAAAAAAAAAAAAAAAAGAAAAENvbmZpZ3VyYXRpb25zMi9mbG9hdGVyL1BLAwQUAAAIAABi

Debug level 1: CLIENT -> SERVER: Z0JbAAAAAAAAAAAAAAAAGgAAAENvbmZpZ3VyYXRpb25zMi9wb3B1cG1lbnUvUEsDBBQAAAgAAGJn

Debug level 1: CLIENT -> SERVER: QlsAAAAAAAAAAAAAAAAcAAAAQ29uZmlndXJhdGlvbnMyL3Byb2dyZXNzYmFyL1BLAwQUAAAIAABi

Debug level 1: CLIENT -> SERVER: Z0JbAAAAAAAAAAAAAAAAGAAAAENvbmZpZ3VyYXRpb25zMi9tZW51YmFyL1BLAwQUAAAIAABiZ0Jb

Debug level 1: CLIENT -> SERVER: AAAAAAAAAAAAAAAAGAAAAENvbmZpZ3VyYXRpb25zMi90b29sYmFyL1BLAwQUAAAIAABiZ0JbAAAA

Debug level 1: CLIENT -> SERVER: AAAAAAAAAAAAHwAAAENvbmZpZ3VyYXRpb25zMi9pbWFnZXMvQml0bWFwcy9QSwMEFAAICAgAYmdC

Debug level 1: CLIENT -> SERVER: WwAAAAAAAAAAAAAAAAsAAABjb250ZW50LnhtbL1YTXLbNhTe9xQoM9NpFxQsO5narCWP6zgZz/hv

Debug level 1: CLIENT -> SERVER: KqXtFiYhEVOQQABQkrPqHXqCrjI9QE/gm/QkfQBJmLREh4oy8UIS8b733of3B9DHJ6uMowVVmol8

Debug level 1: CLIENT -> SERVER: FAwHewGieSwSls9Hwbvpm/AwOBl/cyxmMxbTKBFxkdHchLHIDXwj0M51VEpHQaHySBDNdJSTjOrI

Debug level 1: CLIENT -> SERVER: xJGQNK+1oiY6cr7KFW3ueW91B25qG7oyfZUttqVL7vp7duCmdqLIsq+yxUJQm+oz0Vd5pXk4ExD1

Debug level 1: CLIENT -> SERVER: TBLDnrBYcZb/MQpSY2SE8XK5HCwPBkLN8fDo6Ag7qScce5wsFHeoJMaUU+tM4+FgiGtsRg3py89i

Debug level 1: CLIENT -> SERVER: m5TyIrujqndoiCFrWdWLee+KWMw7QhOnRPWuDQdup/cg6Z/eg6SpmxGTduTkEF+B0H1cXT7Wgsr6

Debug level 1: CLIENT -> SERVER: +rLYVqhixWTvbZbopr4QwlO1CmWDOrr7e3svcfncQC+fhS8VM1Q14PGz8Jjw2EdcZJuCBrghBkRI

Debug level 1: CLIENT -> SERVER: F7ZMfeHbQOgOhX1cij1YJ52mf7+6nMQpzcgjmH0aHLJcG5I/RkbZJHTu9BVWVAplfGBm/QcmZGvf

Debug level 1: CLIENT -> SERVER: e0lmxLsBpB44C6FVdL6aFrDtTGxVXvhKY5TXZe1JVv7pSlLFrCLhNnNhpmGXkE0ho4Z2WTyVZuPw

Debug level 1: CLIENT -> SERVER: 2A/G9UlRVpnGfmEGJ0Y4IzENExpzPT4uO94vo/LZ8hgFU5KKjAwDBK1dQzLG72tJgJ/XPyOc3Sm2

Debug level 1: CLIENT -> SERVER: yUAlClBL38rCOc1h91Ctesm07unjM10o2EXeQkhmYhgZC6KYPWd6ukeXbJ6aTRv9jkihf2rByqWv

Debug level 1: CLIENT -> SERVER: yOuL0SozsgOtyyJmCUETkmv0Lmdww6Gd5DZg+1C814Zmu3C8mqC3wqQs7mTmEV+FT9VrnU24u3fc

Debug level 1: CLIENT -> SERVER: NRyqdVIYcGRYHDo7fmq4zxbX26H3VZGURJG5IjKtBbBgr67uISy1JjC/E6KSGpLBPYSqUJL5GqJ2

Debug level 1: CLIENT -> SERVER: 7c2GEqYiVYZR7R1YterqY6m7LTYYd9OfrtG3N1Xv1D40/c1EFAsuwM2LPfdXazugKAxc+sDqjHBN

Debug level 1: CLIENT -> SERVER: WyK7HppUiWKehtW1Oxc5bSXq6QwFb25dsw+wPhxK01irbaiMcLfs/OiUJPaa0LTtBEWeUOVYtLzX

Debug level 1: CLIENT -> SERVER: 5pbUDoRHe09YhXDSkbw13x8Bll4NKEk2hS7rlXSD9dLxMwDn3t4yOV09R8BDOih4eTeJDoiLH81k

Debug level 1: CLIENT -> SERVER: SspErMVWLDaFdhOgKh7n1P1er1Tc2YKV4E4k9/7Bmh8fu7crTd8X8ArpW3l9EbmlhGnJyX1drSGH

Debug level 1: CLIENT -> SERVER: yx0fBVDKTlwW4QXnhTYK/IvcctzJ2LQeO7tZsY25q5HX5dugC3t31GSp0pxYMOfGP4sMJYx8i07f

Debug level 1: CLIENT -> SERVER: Fww9/IPgsLoplECJQJOCD9AtnFiZ0Aje0u3tjCgEF09ELPqk8ie7XTRGnpPBay9u/hweHL78EVX7

Debug level 1: CLIENT -> SERVER: x+PBUf1bknzdGky28fn1xQ26eHt9egbfr8/RzeXFr+cXv5zWewfF8Ta8zuHebfcH41zBmkA0s3s1

Debug level 1: CLIENT -> SERVER: xAhk5zMipoAG/QAb17RAMUlgritRBsYiZwwaywk1BC8BUydoGwLXIqPRVhpnt2/Qf3/+tZXOa3gv

Debug level 1: CLIENT -> SERVER: RkD4mujYXcpFtFWUMsI4+l7aPWuqrKUZ46n4IULNxG5hcUo5hZlB2wY+9XMK2fktJUYTKU+20vxM

Debug level 1: CLIENT -> SERVER: muf2jKEPH8V2Kaq7prANQ7WmvqYgcqbaellfkmjXVXBbFg8fH/6FI9kWkS7ggM6oim1JbdVpk0aZ

Debug level 1: CLIENT -> SERVER: gm/z8DekLEOQ/qoGcl8Dgy3s4i+Hwa1Jj1uHAO749+D4f1BLBwhyMuAbJQUAAF8UAABQSwMEFAAI

Debug level 1: CLIENT -> SERVER: CAgAYmdCWwAAAAAAAAAAAAAAAAoAAABzdHlsZXMueG1s3Vxfk6O4EX/Pp3B5K3nDBvzf2dmrZHOX

Debug level 1: CLIENT -> SERVER: pGq3ktzsPl/JINvkMKKEGI/v6+QhT/kU+8XSkhAIEJjxn/Gsb6q2zuqW1P3rVqvVCN7/8LwLe0+Y

Debug level 1: CLIENT -> SERVER: JgGJHvrOwO73cOQRP4g2D/2vX36y5v0fPvzuPVmvAw8vfeKlOxwxK2GHECc96BwlS0l86Kc0WhKU

Debug level 1: CLIENT -> SERVER: BMkyQjucLJm3JDGOVKelzr0UU8kWMVjX7oJZ783wM+vamfOW+qJV95kFs97bp2jftTPnBUz17mvS

Debug level 1: CLIENT -> SERVER: tfNzElprYnlkFyMWVKR4DoPo14f+lrF4ORzu9/vBfjQgdDN0FovFUFBzgb2cL05pKLh8b4hDzCdL

Debug level 1: CLIENT -> SERVER: hs7AGSreHWaoq3ycVxcpSncrTDtDgxiqWTV52nT2iKdNAzTeFtHOviGYy+Yd+d3NO/L1vjvEtg02

Debug level 1: CLIENT -> SERVER: mQ8/A1H88/lT4Qt013UuzluCyqNB3FlNya33J4TkovIOcoEKcV3bHg/lb41738q+pwHDVGP3Wtk9

Debug level 1: CLIENT -> SERVER: FHo54mRnAg34nCFwWPiJu6niplzpxpEnQ4pjQlkuyLp7gAJ03HwWf43yaYAzGYgRLN5RzKWPMOQr

Debug level 1: CLIENT -> SERVER: Yci7vOv3skCnBVe3/0FF0jWBKLpGHrZ87IXJh/dyBeTNPfmby/nQ/4K2ZIecfg9cXbHsgvCgKP1h

Debug level 1: CLIENT -> SERVER: e/+PKAxWNDANkJH6vVJ/TrM2OMI0AOsl+yBJOs5x4hQUtIhKHHHAPFhCT4gGPO52nL73KdhsmUnR

Debug level 1: CLIENT -> SERVER: P6CYJH8sscmmV5TrYmJJi5wh1qfUC3zUe0RR0vsaBbDh40bhDLxdRDwkDO/OkfHzY++vhG0Dr1Gy

Debug level 1: CLIENT -> SERVER: nONV5MnWWuMiPH/2YVNwyNpl1qWk9PEapWGWi6mRM5E2FMUcOcWb/bZiCuGKsgByN56RLJMt8sne

Debug level 1: CLIENT -> SERVER: gvETzKznh749GHkgp4F4qBAZbJcWZBfYSmLkQW5jbQkNfgPRUchZ3Xkr8xMXw6uzQjDtOmqN1TBm

Debug level 1: CLIENT -> SERVER: BksIeuwDtrVktrhGYaLZO0YUCYR0fNZkKQbfYr4oIXzb89+r8fgoFkoZ4TODawQ+JnIAFMbb3BVE

Debug level 1: CLIENT -> SERVER: /xXFCPKzhIEjMEXhmySXeAeL6aEfUoutSs4RRD7m+wrPtXUVlehKcshJwf4kTrj3NCuTs3O5NR1l

Debug level 1: CLIENT -> SERVER: a5pgACfithaTeyQkkL0xmkJQABhEYxL8BpI6TsxEW4iiTYo20JQ1eCSNGAUn+fPPufqYQSZg/Ypp

Debug level 1: CLIENT -> SERVER: JESXA2pa8jEt2E1RpEbOOmaDKxrOQ3A2iyJ8fayPx1PBED83jJhTEa2OmZMe/9Qv4Cytsi5LL8e/

Debug level 1: CLIENT -> SERVER: f8y9dohugsgC84HDcmct2laEMZ4McT92M5LBG6F1e4i3OILcl0RWiHwfABcKPfQjAq6zC9gLnTZO

Debug level 1: CLIENT -> SERVER: I4+lcsA9kCH5AfDAgMe9Wnmj5Qew4iM+CSQ9E6dYiGW/j8EixSo8wTk121eykGu6LZ9KeaB5I72e

Debug level 1: CLIENT -> SERVER: i4u5c0817DyXWwO6d2EVeKouR/EOgb/yw5PyO7fGFKfJtsJyxgIT53A9AoZYdxt5TF8RypcC9zPY

Debug level 1: CLIENT -> SERVER: DsBpQhQn3InPndiiZF+ZHFoqK/tXjGNY1xvMtvwczBfdsYn1CaUvP8IS8hH1+40BRhkvREkC4sH6

Debug level 1: CLIENT -> SERVER: ORpzCIWlHiXKSvsAFpb81bwxnbFCC6WPKPslYCE+qik05NUny4xSxGXUGb5Awy+u/cuK+IdTECtF

Debug level 1: CLIENT -> SERVER: 6cHYHTVFamfsmCO1LSO1cAqRhEQiCUHhHh2SY+jWg5s6S5RDnDtXIU6GrzxhsOyB7cyLEPyi8Kbn

Debug level 1: CLIENT -> SERVER: 4OagJuc9PUKJ/t3dxGBM2GziEB00c/d08jnOdLKfNO7mDt/NO6v7mK7YLRYGxOqYF3GO6SxTijDY

Debug level 1: CLIENT -> SERVER: gCN4IADON5R/pwkL1geLx1yYcQ/huJZ2Vx1ebMcidrybLPhfbRsfN/g4uLg7zTCX/HwCSHHg1NDi

Debug level 1: CLIENT -> SERVER: u3I8nSjgyahNnYvN1dw9p2cDdLb2J8iaTrF0iyFDPmTHAFNdtE53yT+Cu8BGf8ElB6JS9MLYLBdX

Debug level 1: CLIENT -> SERVER: y7rrifq/rE6LY1WSpzWCIuK2Kl7brY6qe6Ubsxd7nvtCzzMbqMU3zROc7Jt/h7Po8wXtG4jxWu17

Debug level 1: CLIENT -> SERVER: IWNdzsv/hhF/LsaXmmPefDKOnvNqAVvlkiRlApAQP/GE1zl7BxtMR5Pjmc5LcxotxLvryXgxbT7D

Debug level 1: CLIENT -> SERVER: 5aXcSp5jVx1bT0aMxCLXsF+Sa2jmdtvN7d7a3O755i7qDG/K3M60xdxmYhEDpyeae9Ru7tGtzT36

Debug level 1: CLIENT -> SERVER: fsxtSuA6Z2P1bOsUa47brTm+tTXH51uzMFnNmvbsGtZsTnKOZdDnpSGaWSftZp3c2qyT78asp6A/

Debug level 1: CLIENT -> SERVER: bUd/emv0p+ejX0BcRf985Gvn2zewoGbtJp3d2qSz78KkpyA/b0d+fmvk52cjfzXU3Rn/e1sLadFu

Debug level 1: CLIENT -> SERVER: zsWtzbl48+bsjPq/UsLOq45eLG0uSFerio5t/vcGnJ1XKrmz/bOKdNnjOVuvxnNNM4V4zcRD51nZ

Debug level 1: CLIENT -> SERVER: TFQ+i7F1CwXiekXWKEfnD+qsEjE3TtcyGcNRgjk2Jdcs45Jx9V7NexUsE3dsxMVAOV4FKkgnOfwp

Debug level 1: CLIENT -> SERVER: duB9YuTzMJrppCyqWiuGVs2ZNqPJqEIo1Clo2bNjOUFEIqy3ZhNUm1WCwZ+09RISBn5PPzVlXFr+

Debug level 1: CLIENT -> SERVER: bmD8rk5if5F7SykK8B8/wdhmr896FAGhp/PmD9n5ZjRsnvfLt/+xNCSiCMv/+bgtbjFUngRKzp7T

Debug level 1: CLIENT -> SERVER: 03lK89xDmVIDxO0GiHsLQF6vkKcBMuoGyOgigNyq1KXpO+6m7/iy+t4qBGmKT7opPrmE4qfIN+0m

Debug level 1: CLIENT -> SERVER: 3/Qs+d5MUUFTfNZN8dklFD9Fvnk3+ebnOc5bOaRqii+6Kb64hOKnyHdctBcL9tIt/GI3qlrvS51z

Debug level 1: CLIENT -> SERVER: HYrfD+oCWcF32QDT8VbOa+yCH2EtfPvvt/8cQSJnOwuIN3MQ186bP+7iLX8zrf3IWeX6bjf/kr2l

Debug level 1: CLIENT -> SERVER: dqir6TP2+8iCNBf4Ga8xxZF3pOxQY+uquxBXvLDEj+TJDoWh5aE46TcAYwgI9kK/prfP7siuSOiX

Debug level 1: CLIENT -> SERVER: MJEEBVoTOcdMMHRG7B+ffqxq3uF9KXHpCEXelsBp/xDjcqXmabN8ViUM+P9DqZwhX6OQJQPZot5U

Debug level 1: CLIENT -> SERVER: smLCC7AkrhEor9TWakHFy1CyZ7naolEr3WvYCG1UXdgAkaT0K4yigJyxy0tYletGUbqz+PvJCIya

Debug level 1: CLIENT -> SERVER: g8kvIWZdq3jqJJIE4m0BFPnCZbC6hI5WQBblJf6OrWnYCks2tmhckzAke+xbq4O8DsnQqq9Nnr+z

Debug level 1: CLIENT -> SERVER: oubnbjqbuqZKoaVTSqU1RShwNioN1CY8OyLt3hXSDiRSUyPSOqVSxJSEqyM9ujOk85J4FehqrbxU

Debug level 1: CLIENT -> SERVER: Q786zOM7g7kopFdxrpXYy1X5qyM9uTOkZ7N5A9IFpYK0JFwd6eldIe0O7JF5O9QpJaQV4epIz+4M

Debug level 1: CLIENT -> SERVER: aXdu3g51SgVpSbg60vM7Q3piDtMaoYLz5FWC9OLOYJ4tmnAuKBWgJeHqSDv2XUE9Gthj836oU0pQ

Debug level 1: CLIENT -> SERVER: K8I5UJdJOv4RYTiBI3q0DjYpFS+C93KClV09WhPCIu0ShG4KJ9NYfjzkCYUp5i/6yEbVMdEgEJ8T

Debug level 1: CLIENT -> SERVER: 0PvIt4P4Y34+nvpIE9e3u4Q48psEDMwCquE5IoUEpmka322Sn1wR7xsvFkUdwYRONkiBArdtRgsi

Debug level 1: CLIENT -> SERVER: j4pPu/HkT/u+jBit+KwMv20BYwaepQhyOo4neOkBrFsqDnyOd07fwFSpFgnKPvD5l9Bce7BYqNKP

Debug level 1: CLIENT -> SERVER: IKjXo93FYNqiYzYJQMgsQgPQBWXGJpRRFLDanRVXYVa/s2IgZSvBeCtG+4BMy/daMt03NPDVq+/v

Debug level 1: CLIENT -> SERVER: PJv/mTgyY7vjme2Y6CuUFNjkr5vX+Wi6OhR8Zh4prF52qo0AwYZ/zi3zvTqTAL6FnhUYKxxqcVo7

Debug level 1: CLIENT -> SERVER: 9FwSsvjAUsaQ4FghLB2l8mhFfUgEBAWnEPziYrztGHjQWlQbDSzI5xeR5EqQ60O2UwhkykMn+dd9

Debug level 1: CLIENT -> SERVER: lBVt8Z8WHs2+rpTaYsTv+IgfQ11TrbE+ULEq68swI+xQko+Rz5Y18pHKj4QqF0V1mbXlq0WDyvBD

Debug level 1: CLIENT -> SERVER: 87c+P/wfUEsHCFSDDo15CwAAK1QAAFBLAwQUAAAIAABiZ0JbOzH4xfwDAAD8AwAACAAAAG1ldGEu

Debug level 1: CLIENT -> SERVER: eG1sPD94bWwgdmVyc2lvbj0iMS4wIiBlbmNvZGluZz0iVVRGLTgiPz4KPG9mZmljZTpkb2N1bWVu

Debug level 1: CLIENT -> SERVER: dC1tZXRhIHhtbG5zOm9mZmljZT0idXJuOm9hc2lzOm5hbWVzOnRjOm9wZW5kb2N1bWVudDp4bWxu

Debug level 1: CLIENT -> SERVER: czpvZmZpY2U6MS4wIiB4bWxuczp4bGluaz0iaHR0cDovL3d3dy53My5vcmcvMTk5OS94bGluayIg

Debug level 1: CLIENT -> SERVER: eG1sbnM6ZGM9Imh0dHA6Ly9wdXJsLm9yZy9kYy9lbGVtZW50cy8xLjEvIiB4bWxuczptZXRhPSJ1

Debug level 1: CLIENT -> SERVER: cm46b2FzaXM6bmFtZXM6dGM6b3BlbmRvY3VtZW50OnhtbG5zOm1ldGE6MS4wIiB4bWxuczpvb289

Debug level 1: CLIENT -> SERVER: Imh0dHA6Ly9vcGVub2ZmaWNlLm9yZy8yMDA0L29mZmljZSIgb2ZmaWNlOnZlcnNpb249IjEuMiI+

Debug level 1: CLIENT -> SERVER: PG9mZmljZTptZXRhPjxtZXRhOmluaXRpYWwtY3JlYXRvcj5lbGlzZXU8L21ldGE6aW5pdGlhbC1j

Debug level 1: CLIENT -> SERVER: cmVhdG9yPjxtZXRhOmVkaXRpbmctY3ljbGVzPjI8L21ldGE6ZWRpdGluZy1jeWNsZXM+PG1ldGE6

Debug level 1: CLIENT -> SERVER: Y3JlYXRpb24tZGF0ZT4yMDI1LTA5LTI5VDEyOjI1OjAwPC9tZXRhOmNyZWF0aW9uLWRhdGU+PGRj

Debug level 1: CLIENT -> SERVER: OmRhdGU+MjAyNS0xMC0wMlQwOTo1OTowNS40NzwvZGM6ZGF0ZT48bWV0YTplZGl0aW5nLWR1cmF0

Debug level 1: CLIENT -> SERVER: aW9uPlBUMDBIMDBNMDBTPC9tZXRhOmVkaXRpbmctZHVyYXRpb24+PG1ldGE6Z2VuZXJhdG9yPkJy

Debug level 1: CLIENT -> SERVER: T2ZmaWNlLm9yZy8zLjEkV2luMzIgT3Blbk9mZmljZS5vcmdfcHJvamVjdC8zMTBtMTEkQnVpbGQt

Debug level 1: CLIENT -> SERVER: OTM5OTwvbWV0YTpnZW5lcmF0b3I+PG1ldGE6ZG9jdW1lbnQtc3RhdGlzdGljIG1ldGE6dGFibGUt

Debug level 1: CLIENT -> SERVER: Y291bnQ9IjAiIG1ldGE6aW1hZ2UtY291bnQ9IjAiIG1ldGE6b2JqZWN0LWNvdW50PSIwIiBtZXRh

Debug level 1: CLIENT -> SERVER: OnBhZ2UtY291bnQ9IjEiIG1ldGE6cGFyYWdyYXBoLWNvdW50PSIxMSIgbWV0YTp3b3JkLWNvdW50

Debug level 1: CLIENT -> SERVER: PSI2NiIgbWV0YTpjaGFyYWN0ZXItY291bnQ9IjQwNCIvPjxtZXRhOnRlbXBsYXRlIHhsaW5rOnR5

Debug level 1: CLIENT -> SERVER: cGU9InNpbXBsZSIgeGxpbms6YWN0dWF0ZT0ib25SZXF1ZXN0IiB4bGluazp0aXRsZT0iTm9ybWFs

Debug level 1: CLIENT -> SERVER: IiB4bGluazpocmVmPSIiLz48L29mZmljZTptZXRhPjwvb2ZmaWNlOmRvY3VtZW50LW1ldGE+UEsD

Debug level 1: CLIENT -> SERVER: BBQACAgIAGJnQlsAAAAAAAAAAAAAAAAYAAAAVGh1bWJuYWlscy90aHVtYm5haWwucG5n7VdnVBMI

Debug level 1: CLIENT -> SERVER: EmZX1wUBRZalR6RLS0TAIFUiSJCmdIQkUmSFXQImRAhSFCkiAhoCQQmwLhgMkWCkihhORUpQOoQe

Debug level 1: CLIENT -> SERVER: WQiBhCqEnnDcu7L77t+9+3n3a+bN9968eTPzvm8m/ZKLveRhxcMiIiKSDlBbt31bIyLyjYjooX2P

Debug level 1: CLIENT -> SERVER: rw4e3Y+7OtjaeMQQFwotUTxT6dt+nmiZpHf98OSPzeChSMiFhnfBWcq6Y1FqmrqFV6lfzk3D6q/v

Debug level 1: CLIENT -> SERVER: HisVTNANbl0nC+KLXp2UPvENt6qov08koYDjK6K/MuoNFvlSZRN26nu3u2cfKn6603/1SOkh9AmT

Debug level 1: CLIENT -> SERVER: /APkd8pQyZlz/wE0r8E3RiCAaoITLloKrZeJaDVn9cy2gCfUKtZUolpsI6/hQ1T8Y/syDJX+C8d1

Debug level 1: CLIENT -> SERVER: SkVQRQrdpfHmxVPi6VGmlUWu1G3/QEHoE377rOu8F5PBFtAoTSjTLjwlrY86otRVX31efGudB7es

Debug level 1: CLIENT -> SERVER: HMz9HDQbxAFZhGbvWiGiJSR9uZtqdCdMj/8eV+WNR8tefUgoS6ZTbnSqWGUdKzieEc8i2+d+1eKs

Debug level 1: CLIENT -> SERVER: UiwsASXNzjKugKNqydKdTcF9FhNwwbpJO1WayL5pzjg1S/N7Pg0Zd9BLI5gZhQpWhgmJOPj7AL4h

Debug level 1: CLIENT -> SERVER: TC93A0eO9ja5tiadhkuv5cO3qvxBKPMddXvQykdEVbaBhFxfmtd++rqgWVdT5jDzrBloim0XPHst

Debug level 1: CLIENT -> SERVER: 7myHb5ZQm8C/hnxLbHCgjsiJ0dNunaDtnd46XeenR2XSW9dTrA9ypLa15zUw6NlU1fBoYYo/YPWV

Debug level 1: CLIENT -> SERVER: yQ1Kevaz6UicT9STMvJKREjZeSY7iOxRnjPBJ3Aahgs1CBEMujN2z1wmNHVgrmGMhHyoWlzij26D

Debug level 1: CLIENT -> SERVER: 6cT7WG5gLqq4F5LWng3jH4cwNyYRxQ2FHTVoVtoH0q3lA8enjTDolzuBwkq67+KO9Ye7UMll3j/m

Debug level 1: CLIENT -> SERVER: exTEX/t6OlvYkS/+1JLwm7yhRMyjgmpk9+yQavKPlTqfUCv2cL/QbKBtJ1xYD93p3wYFAS/wjB+S

Debug level 1: CLIENT -> SERVER: nt6TiuwW7bAzrn7eo5RpkSxqe2QttFCuaeDivdR6ujibQfs5qz15KBWE7vPaKvaTUMgCTY4Beh64

Debug level 1: CLIENT -> SERVER: Tk0+Q46cSfmKNDxRYSp5B4vprKh318FGIomOQ0vtzPrrUoF473SXVKlInMluWM0DZHN3oJKLOmU5

Debug level 1: CLIENT -> SERVER: 4HnfoOT9FQ5K/0zb3qzKBZVSINsecSbZQBtkwjpknZFGGGkCHEdBgbGXU8YbMD2kuSO0NqmjH++j

Debug level 1: CLIENT -> SERVER: ygMfaE57u6iID5aN5Ol0valrJSzYeDE7U9701T5etjmOCLst+fdFb80Sc1ZUXUbkB0ZebedD050j

Debug level 1: CLIENT -> SERVER: cpJQX7sz9u4PdHSHSvcZZxvaqGmqhuMekzDve7JxD77ygyDuEwnWtOtRmN5eNysNT2emb5P9OjDB

Debug level 1: CLIENT -> SERVER: xkDMxdoJGhaI86xSzukX+oALEVyNF6G5/rk7ClTeqGJONQn7unbdZidmZWH+fAlEiXvwBSKMhYrg

Debug level 1: CLIENT -> SERVER: 3aRjMxdP0cI40dwoNLFJYcq5EywJqY+pgiT14JSrNY7W6Pj8CiImfhP3luOn1/oQ76Gt/TFyGBeJ

Debug level 1: CLIENT -> SERVER: 79KLwD34na9Jv441ZxKk48SbxvODJY9l+8DV9YSQqvVJvuwoJ/AczdbOLDe88dMkPv6IyTp6/Liz

Debug level 1: CLIENT -> SERVER: F3dnSPiw2GR61bER6fS+HEdpwa+xxYtrMnTxWsnPBkn2YBOhRTiWuhH0ScxH0DUCbkY/m34RE8Fc

Debug level 1: CLIENT -> SERVER: 8IeXXAhsmY4Xq5jP7/awk1jLDTuT7uyZdHnzrbMPjhjsMTCqZZQ7/+xpv44CBIN7RC91tsLXlWFR

Debug level 1: CLIENT -> SERVER: yEKffg8D3QX3R3k8fc6LjhnkkbSn1ZjnGSnrEp7WeQvIucFyliEON3rKgwlbZ0YNVPC8jlpHIICj

Debug level 1: CLIENT -> SERVER: eAHGvGBAbNFIov0n7rfp573+4ChaBLTSdUoKPdv+WtotDEKyRUezSidXhpYKzTS/f30mreh306aC

Debug level 1: CLIENT -> SERVER: Fn4WLN1MJA4vgMTCqhRA+b2xZr3YL+hJoz+zXivSDVHJPBt8H1bE3t3WaHX/dGqUt70cP2TgAjhu

Debug level 1: CLIENT -> SERVER: PN8jBLpW+CUXkbAXV8cW+mRfdlJV374ckCw4//mOhdqm06bTn7mTtveX0Y1DjXk2RWaRg+31n2cL

Debug level 1: CLIENT -> SERVER: yu+QQXI9W8REU1OwhLLkXeI9Upz7zc+9jiUw5gG4HSNM5NrL8MIeDj8Km7cXgl/lUSxq4pXZu51f

Debug level 1: CLIENT -> SERVER: xhoh584X9ddd23gIj5FN8L6LWBVhhr1c0C2pVGDc7hqQCViS6IxPlNKN0/63In6GgrpeNem/IKcF

Debug level 1: CLIENT -> SERVER: VkPEbvFez08UGgE/C7xm7lI6nFCS6LZ0iz2/6c2NS50m8MqAkMRDGyM/saK5Wp3LCNlBCXT93B1j

Debug level 1: CLIENT -> SERVER: ubGQR5/4xBu4GUyOTEtO9e0Q2AVv8eucyMxEBxmzrr0Zqe03L3f8YzUdI4xUijpPcFkMcEbwILol

Debug level 1: CLIENT -> SERVER: nJOgtzN4LapGZM9lomImMUP8l/cbX5BW7pQHe1+GH2svKd0Aux2Ik/1n91UtC7+zLtXMZesAUQqj

Debug level 1: CLIENT -> SERVER: 9dXNYaH387Eb8mjegKCcwO5uu+YPOPfDYRMVR2+xISDtMij0WC16bymyPd0+sG7WfqrFFwhWgPnb

Debug level 1: CLIENT -> SERVER: qmlMhIbB4COQKN80InbjJJoXvpNLYF9vnmOUqHZ0+41nOcYYBp90wUWcm91a0Oc09bqpLloRiDEa

Debug level 1: CLIENT -> SERVER: 6zubPVFpqq0Ta+NkXi3FpHkhYGiwMcJLUD5iJeHYVNsRk7zWHDfWNLrhipofv7uryrKOIwlRxmPQ

Debug level 1: CLIENT -> SERVER: xhWjP9R2RdM31lAHdLR6oZfxqoNBOdvPlw+wrAfTtRyXemPf8e5UwYMkM+ZEv76K/Vk+4l73cuKq

Debug level 1: CLIENT -> SERVER: iW+s5rdekkTnUIzwLfamk7yYypdFK/cfKCnZqOj9Jsn8TYflBfWboJTzRF+dZjB31t4SSSO3nHSZ

Debug level 1: CLIENT -> SERVER: nIIqF+TnJObR0t3sHEv1T+sWfOXjg5lbpxs2x43jkdk7XMOsEbyhU+LNlfDFNCsN7de6KxdLwOwr

Debug level 1: CLIENT -> SERVER: TB6x1TN1qR5oj/zd8LPYDQq574nbIMZTzfueyD6bLU1kdxPOaLl6TplO4cM7LCllYbw1YcpNqMKo

Debug level 1: CLIENT -> SERVER: Qgt2RuiEOahLv4JET9BGNkTbvcxdzAe3lSy2dlA9u4C5bOr9BI8p2VFjEe+qYUhv16lKXKJGlnMj

Debug level 1: CLIENT -> SERVER: qVmbIKuYGSTHT20lt+LzT3q6Osiut+xBoux26Qvy9qBzpnVtPERlL1flNyVKs15ixU8O4k+2rYtO

Debug level 1: CLIENT -> SERVER: U/d13k/PPt392cegn1hMVvzwU1uMRmaNBSv2LIauQk4wba2Hm5pMHAVQ5iDTUKxgVb/CUYAMjA5M

Debug level 1: CLIENT -> SERVER: 8lDMUFiE/dCKTr3JfwrgWNsVCXPUnIVt8tKVg8dOEkh3KGVJfTncb6mLxslV42+6GYQXGqca0xN+

Debug level 1: CLIENT -> SERVER: aTFguJ1RiRhMK9XD8AFVijnPIYKrXMNxa7wblmUepNyXtbgU9+sTtXCMwWPMK8YmuzbHQv2KexYg

Debug level 1: CLIENT -> SERVER: 3rxPjrXZWaRUzHDxFDQg6xpUAno7uisnL4XAOnK+m5kb4waTozKHvBHMuimPkR4opoTlNL4Olx7s

Debug level 1: CLIENT -> SERVER: xvDio48Uk62bu1qshIz6NoSS+RbtXveGUnH6v061oKaHExinSSo1mfv+kdmuLElqlcV8E+ZXmtyA

Debug level 1: CLIENT -> SERVER: EgWmfu29Ac7rhovdYCs8vgiAwX494v6xoYNxgBek+WkIU3CJmOewpeMJ1U/ljIVhDgrBe0waYu0D

Debug level 1: CLIENT -> SERVER: bMa6yK4oC5jZpTRDSldV10x9hOxNDUhwFtWpAaaQy6XGfCDYlc1XijaHD8A7UXmsqZimyLnqhtv9

Debug level 1: CLIENT -> SERVER: AeVj1LrWPClvZSMFyBUwwFRJCatHq1WW7uNZtl8eJXrb32v32Rm7EvMhK0gm7cOcR+1qi9ku6ekb

Debug level 1: CLIENT -> SERVER: 3eAfvY+1aarzLhV5UI5FzcmU6V6teX0BQNIl+KrcqjKzEQ1lZ3BiMdAXdDhg+25lUtd/c8j+H/pf

Debug level 1: CLIENT -> SERVER: gHblLnR+UE+IddTa/7BEHOxcbKmQq0l/BVBLBwiYp+idQQsAAIgNAABQSwMEFAAICAgAYmdCWwAA

Debug level 1: CLIENT -> SERVER: AAAAAAAAAAAAAAwAAABzZXR0aW5ncy54bWy1WVtz2joQfj+/IuN3QqBJ2zAJHSClh4YEBkgzp2/C

Debug level 1: CLIENT -> SERVER: XkAHWeuR5AD//qxkyKRccgi2nkhsaVd7+/Zb+ebbMhZnL6A0R3kbVM4vgjOQIUZcTm+Dp1G79DX4

Debug level 1: CLIENT -> SERVER: Vv/rBicTHkItwjCNQZqSBmNoiT6j7VLXste3QapkDZnmuiZZDLpmwhomIDfbam9X15yy7MlScDm/

Debug level 1: CLIENT -> SERVER: DWbGJLVyebFYnC8+naOalivX19dl93azNEQ54dNjVWWr36pCxFdFdkN2GKesenFxWc7+D87Wh3zj

Debug level 1: CLIENT -> SERVER: mmpQ3/hhY379Zq0g+ylxA7H1zdn6sT3abUAqay8cFq9eC/bt+3PPL1rfUMBGmASbN2aV0BsuTVC/

Debug level 1: CLIENT -> SERVER: uCnvSjheahcmxoPYZx6Z2T65n6pXX6r5ZP8NfDrbe+hqpfL562nChzNcDCCi/ILWjMkp6C0FY0QB

Debug level 1: CLIENT -> SERVER: TAZ1o1I4TUdHNhUuNDxgBIekT5jQR4svxSwpcRnBEqJdX+1PLreHykKtjvN4J9o6qjaKMjeo2zzO

Debug level 1: CLIENT -> SERVER: EclDiVf5UrnKIfZAlVxWr69OFar5WEDhdeKkFl3TTujgUHnY2ssnuonGYHyo9L6cJvs3YjwiSdt5

Debug level 1: CLIENT -> SERVER: NkOVD4i6bIWpaaFIY7ldzkVJbyLOC6vnXb+0WWhQ7T975eLE03f0EASEBqK2ogcnHH3Pw7e4cuj1

Debug level 1: CLIENT -> SERVER: Gqr2L6CWeHwTzR6kihlqyR/ppo0o6jPFRoyyeZiw0EJZ8aHrE0SaAVjKANv4WYT8Xmpsp+qSBvEP

Debug level 1: CLIENT -> SERVER: BxHpxzQeg/JjTZdI11MSMbOvc22SMYejvseJWfWZn547laigzZU2ZAZ0KAOl6Uif7iL+oKhsQbUw

Debug level 1: CLIENT -> SERVER: ThRoyxoLxzfnuCEZIOAnjg86LocZWcTbisAZ4kTQ38VHx1nRZwkoq2cIJt3uh0VYQjXvgK43mRBS

Debug level 1: CLIENT -> SERVER: +PCVs8NSBE9ZvGamfYWGcJvy6R5W21qYhs+XTS6ZWgXlI4/sYNDDedcHbaPaJgtFFZhppAazFPWU

Debug level 1: CLIENT -> SERVER: li2kZobCi3dIPKi96f7BKGbwRmHUDRk1BZNzTU63SNdiIkyF64++Er4hJRqn4XBfOBHeusiiAbAI

Debug level 1: CLIENT -> SERVER: pdhJ9GIQwbKANQEYoauDFggf0SZd35cUbslElyx6p+fk0JEkYvWkQd0xw4oX37YUw2fBDdkL/Mru

Debug level 1: CLIENT -> SERVER: V3qyJVD74NNWyQ+BYybu1ldDltj4aAcdfU/xbmjOZD+VoUl9lWFD8Kmk5B0aTPqo+XtqTo9OS/Ck

Debug level 1: CLIENT -> SERVER: oV9pTUOGVNsQPStaqtpi5ZqrDz+2UqUoTDapLTDa3yGmKtzBmuxK4gi8JF81XKPOiCBhpcWBqWLJ

Debug level 1: CLIENT -> SERVER: THdkl+vtwbkIM+7wEU2LJSZVcKfYojf+V/ekpQoelDkoG+DiHsAHl1r3rsfdufH4IDgZbbbMJYTa

Debug level 1: CLIENT -> SERVER: s+YRqBEszTPFryfJrVQDPpiwhp6I1pY/AB0x9EYi3eWNr1lId9kYXtHPj6cs5wPHQPyN13uG+IYZ

Debug level 1: CLIENT -> SERVER: GmKFxTvt1aRNoiV+bHIgMQAaUKxpDWOUZXI0p7bRS6iy0UuhToio+5L/wwLrO9WSg/EIgQung8bf

Debug level 1: CLIENT -> SERVER: FpMhCA+N78/+Q/N8zGS0Z5bPc2vrAv8z1YZPVrZs9DM3swcmUyaaCtjcT4/QA7DDwQuMMGuFPtGA

Debug level 1: CLIENT -> SERVER: kJmSbENQPF65gbLG2I9/lt25C9oDXy9mhLMlBRpFas+UpzH4vEtaX5BMocnC+VRhKg9eJxad5vna

Debug level 1: CLIENT -> SERVER: u+U57krWz/RMo244t8jopd/LJeVtCL9BIY1u/zO1ffCa3F1zl3e+HpcPfVev/wdQSwcI6Mavx/sE

Debug level 1: CLIENT -> SERVER: AACZHwAAUEsDBBQACAgIAGJnQlsAAAAAAAAAAAAAAAAVAAAATUVUQS1JTkYvbWFuaWZlc3QueG1s

Debug level 1: CLIENT -> SERVER: tZVLbsMgEED3OYXF3tBmVVlxIrVST5AegOCxg8RPzBAlty+OlMRto6qpzA4seG8YPMNqc7SmOkBE

Debug level 1: CLIENT -> SERVER: 7V3LnvkTq8Ap32k3tOxj+16/sM16sbLS6R6QmsugyvscXqctS9E1XqLGxkkL2JBqfADXeZUsOGq+

Debug level 1: CLIENT -> SERVER: rm9G03pR3cC9NlDnhfFU3WTQaVnTKUDLZAhGK0k5TnFwHT+7+FTBCY7Ebrsnp1pOPvfJmDpI2rdM

Debug level 1: CLIENT -> SERVER: MPFQDPcpb971ekjxHBsuBZKkhDsZy+ClUmAgT30UKsU4njwnt7iriKA3XhIUggcfUsh/RiqEj36I

Debug level 1: CLIENT -> SERVER: gOVuegy9GJy8N8Xg2soBULxqsjJgUceD7O9tBJMbq4cnzdVU8LcYHpSPDUqMtXoXnv30v2L+nYt0

Debug level 1: CLIENT -> SERVER: MoCzYy2QnK3xbPfJ7pzUBgVdhjy4YW74vIkFovxOXlO7Ej+eyfUnUEsHCGWCSNpEAQAAYQcAAFBL

Debug level 1: CLIENT -> SERVER: AQIUABQAAAgAAGJnQltexjIMJwAAACcAAAAIAAAAAAAAAAAAAAAAAAAAAABtaW1ldHlwZVBLAQIU

Debug level 1: CLIENT -> SERVER: ABQAAAgAAGJnQlsAAAAAAAAAAAAAAAAaAAAAAAAAAAAAAAAAAE0AAABDb25maWd1cmF0aW9uczIv

Debug level 1: CLIENT -> SERVER: c3RhdHVzYmFyL1BLAQIUABQACAgIAGJnQlsAAAAAAgAAAAAAAAAnAAAAAAAAAAAAAAAAAIUAAABD

Debug level 1: CLIENT -> SERVER: b25maWd1cmF0aW9uczIvYWNjZWxlcmF0b3IvY3VycmVudC54bWxQSwECFAAUAAAIAABiZ0JbAAAA

Debug level 1: CLIENT -> SERVER: AAAAAAAAAAAAGAAAAAAAAAAAAAAAAADcAAAAQ29uZmlndXJhdGlvbnMyL2Zsb2F0ZXIvUEsBAhQA

Debug level 1: CLIENT -> SERVER: FAAACAAAYmdCWwAAAAAAAAAAAAAAABoAAAAAAAAAAAAAAAAAEgEAAENvbmZpZ3VyYXRpb25zMi9w

Debug level 1: CLIENT -> SERVER: b3B1cG1lbnUvUEsBAhQAFAAACAAAYmdCWwAAAAAAAAAAAAAAABwAAAAAAAAAAAAAAAAASgEAAENv

Debug level 1: CLIENT -> SERVER: bmZpZ3VyYXRpb25zMi9wcm9ncmVzc2Jhci9QSwECFAAUAAAIAABiZ0JbAAAAAAAAAAAAAAAAGAAA

Debug level 1: CLIENT -> SERVER: AAAAAAAAAAAAAACEAQAAQ29uZmlndXJhdGlvbnMyL21lbnViYXIvUEsBAhQAFAAACAAAYmdCWwAA

Debug level 1: CLIENT -> SERVER: AAAAAAAAAAAAABgAAAAAAAAAAAAAAAAAugEAAENvbmZpZ3VyYXRpb25zMi90b29sYmFyL1BLAQIU

Debug level 1: CLIENT -> SERVER: ABQAAAgAAGJnQlsAAAAAAAAAAAAAAAAfAAAAAAAAAAAAAAAAAPABAABDb25maWd1cmF0aW9uczIv

Debug level 1: CLIENT -> SERVER: aW1hZ2VzL0JpdG1hcHMvUEsBAhQAFAAICAgAYmdCW3Iy4BslBQAAXxQAAAsAAAAAAAAAAAAAAAAA

Debug level 1: CLIENT -> SERVER: LQIAAGNvbnRlbnQueG1sUEsBAhQAFAAICAgAYmdCW1SDDo15CwAAK1QAAAoAAAAAAAAAAAAAAAAA

Debug level 1: CLIENT -> SERVER: iwcAAHN0eWxlcy54bWxQSwECFAAUAAAIAABiZ0JbOzH4xfwDAAD8AwAACAAAAAAAAAAAAAAAAAA8

Debug level 1: CLIENT -> SERVER: EwAAbWV0YS54bWxQSwECFAAUAAgICABiZ0JbmKfonUELAACIDQAAGAAAAAAAAAAAAAAAAABeFwAA

Debug level 1: CLIENT -> SERVER: VGh1bWJuYWlscy90aHVtYm5haWwucG5nUEsBAhQAFAAICAgAYmdCW+jGr8f7BAAAmR8AAAwAAAAA

Debug level 1: CLIENT -> SERVER: AAAAAAAAAAAA5SIAAHNldHRpbmdzLnhtbFBLAQIUABQACAgIAGJnQltlgkjaRAEAAGEHAAAVAAAA

Debug level 1: CLIENT -> SERVER: AAAAAAAAAAAAABooAABNRVRBLUlORi9tYW5pZmVzdC54bWxQSwUGAAAAAA8ADwDuAwAAoSkAAAAA

Debug level 1: CLIENT -> SERVER: 

Debug level 1: CLIENT -> SERVER: --b1=_z7vvu2MA5iymp1r7zjk8lvh3wFYNCnL0FX9duzA74--

Debug level 1: CLIENT -> SERVER: 

Debug level 1: CLIENT -> SERVER: .

Debug level 2: SERVER -> CLIENT: 250 2.0.0 Ok: queued as 0C8E9280128D

Debug level 1: CLIENT -> SERVER: QUIT

Debug level 2: SERVER -> CLIENT: 221 2.0.0 Bye

