Debug level 2: SERVER -> CLIENT: 220 smtp-sp217-142.kinghost.net ESMTP

Debug level 1: CLIENT -> SERVER: EHLO localhost

Debug level 2: SERVER -> CLIENT: 250-smtp-sp217-142.kinghost.net
250-PIPELINING
250-SIZE 62914560
250-VRFY
250-ETRN
250-STARTTLS
250-AUTH PLAIN LOGIN
250-AUTH=PLAIN LOGIN
250-ENHANCEDSTATUSCODES
250-8BITMIME
250-DSN
250 CHUNKING

Debug level 1: CLIENT -> SERVER: AUTH LOGIN

Debug level 2: SERVER -> CLIENT: 334 VXNlcm5hbWU6

Debug level 1: CLIENT -> SERVER: [credentials hidden]
Debug level 2: SERVER -> CLIENT: 334 UGFzc3dvcmQ6

Debug level 1: CLIENT -> SERVER: [credentials hidden]
Debug level 2: SERVER -> CLIENT: 235 2.7.0 Authentication successful

Debug level 1: CLIENT -> SERVER: MAIL FROM:<ourodosul@ourodosul.com.br>

Debug level 2: SERVER -> CLIENT: 250 2.1.0 Ok

Debug level 1: CLIENT -> SERVER: RCPT TO:<pramosnazzari@gmail.com>

Debug level 2: SERVER -> CLIENT: 250 2.1.5 Ok

Debug level 1: CLIENT -> SERVER: DATA

Debug level 2: SERVER -> CLIENT: 354 End data with <CR><LF>.<CR><LF>

Debug level 1: CLIENT -> SERVER: Date: Thu, 2 Oct 2025 15:29:26 +0200

Debug level 1: CLIENT -> SERVER: To: pramosnazzari@gmail.com

Debug level 1: CLIENT -> SERVER: From: ourodosul@ourodosul.com.br

Debug level 1: CLIENT -> SERVER: Subject: =?iso-8859-1?Q?Atualiza=C3=A7=C3=A3o_de_Cadastro?=

Debug level 1: CLIENT -> SERVER: Message-ID: <f3ksmmr3zduwBhEt6sJ0EHV7zx7NPdmbqYQEA8p4U@localhost>

Debug level 1: CLIENT -> SERVER: X-Mailer: PHPMailer 6.10.0 (https://github.com/PHPMailer/PHPMailer)

Debug level 1: CLIENT -> SERVER: MIME-Version: 1.0

Debug level 1: CLIENT -> SERVER: Content-Type: multipart/mixed;

Debug level 1: CLIENT -> SERVER:  boundary="b1=_f3ksmmr3zduwBhEt6sJ0EHV7zx7NPdmbqYQEA8p4U"

Debug level 1: CLIENT -> SERVER: Content-Transfer-Encoding: 8bit

Debug level 1: CLIENT -> SERVER: 

Debug level 1: CLIENT -> SERVER: --b1=_f3ksmmr3zduwBhEt6sJ0EHV7zx7NPdmbqYQEA8p4U

Debug level 1: CLIENT -> SERVER: Content-Type: multipart/alternative;

Debug level 1: CLIENT -> SERVER:  boundary="b2=_f3ksmmr3zduwBhEt6sJ0EHV7zx7NPdmbqYQEA8p4U"

Debug level 1: CLIENT -> SERVER: 

Debug level 1: CLIENT -> SERVER: --b2=_f3ksmmr3zduwBhEt6sJ0EHV7zx7NPdmbqYQEA8p4U

Debug level 1: CLIENT -> SERVER: Content-Type: text/plain; charset=iso-8859-1

Debug level 1: CLIENT -> SERVER: Content-Transfer-Encoding: 8bit

Debug level 1: CLIENT -> SERVER: 

Debug level 1: CLIENT -> SERVER: (Sem conteúdo)

Debug level 1: CLIENT -> SERVER: 

Debug level 1: CLIENT -> SERVER: --b2=_f3ksmmr3zduwBhEt6sJ0EHV7zx7NPdmbqYQEA8p4U

Debug level 1: CLIENT -> SERVER: Content-Type: text/html; charset=iso-8859-1

Debug level 1: CLIENT -> SERVER: Content-Transfer-Encoding: 8bit

Debug level 1: CLIENT -> SERVER: 

Debug level 1: CLIENT -> SERVER: <p>(Sem conteúdo)</p>

Debug level 1: CLIENT -> SERVER: 

Debug level 1: CLIENT -> SERVER: 

Debug level 1: CLIENT -> SERVER: --b2=_f3ksmmr3zduwBhEt6sJ0EHV7zx7NPdmbqYQEA8p4U--

Debug level 1: CLIENT -> SERVER: 

Debug level 1: CLIENT -> SERVER: --b1=_f3ksmmr3zduwBhEt6sJ0EHV7zx7NPdmbqYQEA8p4U

Debug level 1: CLIENT -> SERVER: Content-Type: application/octet-stream; name="13483  .0 FERNANDO SPANIOL.odt"

Debug level 1: CLIENT -> SERVER: Content-Transfer-Encoding: base64

Debug level 1: CLIENT -> SERVER: Content-Disposition: attachment; filename="13483  .0 FERNANDO SPANIOL.odt"

Debug level 1: CLIENT -> SERVER: 

Debug level 1: CLIENT -> SERVER: UEsDBBQAAAgAAKdrQltexjIMJwAAACcAAAAIAAAAbWltZXR5cGVhcHBsaWNhdGlvbi92bmQub2Fz

Debug level 1: CLIENT -> SERVER: aXMub3BlbmRvY3VtZW50LnRleHRQSwMEFAAACAAAp2tCWwAAAAAAAAAAAAAAABoAAABDb25maWd1

Debug level 1: CLIENT -> SERVER: cmF0aW9uczIvc3RhdHVzYmFyL1BLAwQUAAgICACna0JbAAAAAAAAAAAAAAAAJwAAAENvbmZpZ3Vy

Debug level 1: CLIENT -> SERVER: YXRpb25zMi9hY2NlbGVyYXRvci9jdXJyZW50LnhtbAMAUEsHCAAAAAACAAAAAAAAAFBLAwQUAAAI

Debug level 1: CLIENT -> SERVER: AACna0JbAAAAAAAAAAAAAAAAGAAAAENvbmZpZ3VyYXRpb25zMi9mbG9hdGVyL1BLAwQUAAAIAACn

Debug level 1: CLIENT -> SERVER: a0JbAAAAAAAAAAAAAAAAGgAAAENvbmZpZ3VyYXRpb25zMi9wb3B1cG1lbnUvUEsDBBQAAAgAAKdr

Debug level 1: CLIENT -> SERVER: QlsAAAAAAAAAAAAAAAAcAAAAQ29uZmlndXJhdGlvbnMyL3Byb2dyZXNzYmFyL1BLAwQUAAAIAACn

Debug level 1: CLIENT -> SERVER: a0JbAAAAAAAAAAAAAAAAGAAAAENvbmZpZ3VyYXRpb25zMi9tZW51YmFyL1BLAwQUAAAIAACna0Jb

Debug level 1: CLIENT -> SERVER: AAAAAAAAAAAAAAAAGAAAAENvbmZpZ3VyYXRpb25zMi90b29sYmFyL1BLAwQUAAAIAACna0JbAAAA

Debug level 1: CLIENT -> SERVER: AAAAAAAAAAAAHwAAAENvbmZpZ3VyYXRpb25zMi9pbWFnZXMvQml0bWFwcy9QSwMEFAAICAgAp2tC

Debug level 1: CLIENT -> SERVER: WwAAAAAAAAAAAAAAAAsAAABjb250ZW50LnhtbL1YTW7jNhTe9xSsBijahcw4mQKJGjtIJ0kxQP5Q

Debug level 1: CLIENT -> SERVER: e9BuGYmyiFKkhqRsZ1a9Q0/Q1aAH6Alyk56kj5TESLGVkSeDySKR+L733sf3RyrHJ+ucoyVVmkkx

Debug level 1: CLIENT -> SERVER: CcajvQBREcuEicUkeDe/CA+Dk+k3xzJNWUyjRMZlToUJYykM/EWgLXRUSSdBqUQkiWY6EiSnOjJx

Debug level 1: CLIENT -> SERVER: JAsqGq2ojY6cr2pFm3s+WN2B29qGrs1QZYvt6JK74Z4duK2dKLIaqmyxENS2eiqHKq81D1MJUc8L

Debug level 1: CLIENT -> SERVER: YtgTFmvOxB+TIDOmiDBerVaj1cFIqgUeHx0dYSf1hGOPK0rFHSqJMeXUOtN4PBrjBptTQ4bys9g2

Debug level 1: CLIENT -> SERVER: JVHmd1QNDg0xZCOrerkYXBHLRU9o4oyowbXhwN30HiTD03uQtHVzYrKenBziKxC6X1eXj7Wg8qG+

Debug level 1: CLIENT -> SERVER: LLYTqlixYvA2K3RbX0rpqVqFqkEd3f29vde4em+hV8/CV4oZqlrw+Fl4THjsIy7zbUED3BgDIqRL

Debug level 1: CLIENT -> SERVER: W6a+8G0gdI/CPq7EHqyTXtO/X13O4ozm5BHMPg0OmdCGiMfIKJuE3p3+iBUtpDI+MOnwgQnZ2vde

Debug level 1: CLIENT -> SERVER: kpR4N4DUI2chtIrOV9sCtp2JrcorX2mM8qasPcnaP10XVDGrSLjNXJhr2CVkUxZRS7sqnlqzdXjs

Debug level 1: CLIENT -> SERVER: B9PmpKiqTGO/kMKJEaYkpmFCY66nx1XH+2VUvVsek2BOMpmTcYCgtRtIzvh9Iwnw8/pvCGd3im0z

Debug level 1: CLIENT -> SERVER: UIsC1NG3snBBBeweqlWvmNYDfXymCwW7EB1EwUwMI2NJFLPnzED36JItMrNto9+RQuqfOrBq6Svy

Debug level 1: CLIENT -> SERVER: +mK0qoy8gNZlGbOEoBkRGr0TDG44tJfcFuwQivfa0PwlHK9m6BdpMhb3MvOIr8Kn7rXeJny5d9w3

Debug level 1: CLIENT -> SERVER: HOp1UhpwZFgcOjt+arjfHa63Y++rJlkQRRaKFFkjgAV7dXUvYaU1g/mdEJU0kBzuIVSFBVlsIBrX

Debug level 1: CLIENT -> SERVER: 3mxYwFSkyjCqvQOrVl99LHW3xRbjfvrzDfr2puqd2pe2v1RGseQS3Lzacz+NtgPK0sClD6ymhGva

Debug level 1: CLIENT -> SERVER: Edn10GRKlossrK/dQgraSdTTGQre3LpmH2B9PC5Ma62xoXLC3bLzozOS2GtC27YTlCKhyrHoeG/M

Debug level 1: CLIENT -> SERVER: ragdCI/2nrAK4aQjojPfHwGWXgOoSLaFLuu1dIv1yvEzAOfe3jI5XT9HwEN6KHh5P4keiIsfzYuM

Debug level 1: CLIENT -> SERVER: VInYiK1cbgvtNkBdPM6pe96sVNzbgrXgTib3/sWanx67rytN35fwCelbeXMRuaWE6YKT+6ZaQw6X

Debug level 1: CLIENT -> SERVER: Oz4JoJSduCrCt5yX2ijwL4Xl+CJj82bsvMyKbcyXGjmrvgZd2PujVlQq7YkFc276s8xRwsi36PR9

Debug level 1: CLIENT -> SERVER: ydDDPwgOq5tSSZRINCv5CN3CiZVLjeAr3d7OiEJw8UTEok9qf0W/i9bIczL47MU9j+OD14cHqA4F

Debug level 1: CLIENT -> SERVER: no72mueCiE3DMOSmF+e/Xp9en92g2e3p9duby2b7oDDdhdo5XL3tFmGiK1iTiOZ2u4YYieyIRsSU

Debug level 1: CLIENT -> SERVER: 0KMfYO+aligmCYx2JavYWGTKoLecUEP8EjB1gnYhcC1zGu2k8eb2Av3351876ZzBpzECwtdEx+5e

Debug level 1: CLIENT -> SERVER: LqOdopQTxtH3hd2zpspaShnP5A8Raid0B4tzyimMDdo18KnHOWTnt4wYTYriZCfNz6R5bo8Z+vBR

Debug level 1: CLIENT -> SERVER: 7paipnFK2zNUa+prCiJn6q1X9VUQ7RoLLszy4ePDv3Aq2yLSJZzROVWxLamdmm3WKlPwbR7+hpTl

Debug level 1: CLIENT -> SERVER: CNJf14DwNTDawS7+chjcGfa4cw7gnv8QTv8HUEsHCJUrmgkeBQAAYhQAAFBLAwQUAAgICACna0Jb

Debug level 1: CLIENT -> SERVER: AAAAAAAAAAAAAAAACgAAAHN0eWxlcy54bWzdXF+To7gRf8+ncHkrecMG/N/Z2atkc5ekareS3Ow+

Debug level 1: CLIENT -> SERVER: X8kg2+QwooQYj+/r5CFP+RT7xdKSEAgQmPGf8axvqrbO6pbU/etWq9UI3v/wvAt7T5gmAYke+s7A

Debug level 1: CLIENT -> SERVER: 7vdw5BE/iDYP/a9ffrLm/R8+/O49Wa8DDy994qU7HDErYYcQJz3oHCVLSXzopzRaEpQEyTJCO5ws

Debug level 1: CLIENT -> SERVER: mbckMY5Up6XOvRRTyRYxWNfuglnvzfAz69qZ85b6olX3mQWz3tunaN+1M+cFTPXua9K183MSWmti

Debug level 1: CLIENT -> SERVER: eWQXIxZUpHgOg+jXh/6WsXg5HO73+8F+NCB0M3QWi8VQUHOBvZwvTmkouHxviEPMJ0uGzsAZKt4d

Debug level 1: CLIENT -> SERVER: ZqirfJxXFylKdytMO0ODGKpZNXnadPaIp00DNN4W0c6+IZjL5h353c078vW+O8S2DTaZDz8DUfzz

Debug level 1: CLIENT -> SERVER: +VPhC3TXdS7OW4LKo0HcWU3JrfcnhOSi8g5ygQpxXdseD+VvjXvfyr6nAcNUY/da2T0UejniZGcC

Debug level 1: CLIENT -> SERVER: DficIXBY+Im7qeKmXOnGkSdDimNCWS7IunuAAnTcfBZ/jfJpgDMZiBEs3lHMpY8w5CthyLu86/ey

Debug level 1: CLIENT -> SERVER: QKcFV7f/QUXSNYEoukYetnzshcmH93IF5M09+ZvL+dD/grZkh5x+D1xdseyC8KAo/WF7/48oDFY0

Debug level 1: CLIENT -> SERVER: MA2Qkfq9Un9OszY4wjQA6yX7IEk6znHiFBS0iEocccA8WEJPiAY87nacvvcp2GyZSdE/oJgkfyyx

Debug level 1: CLIENT -> SERVER: yaZXlOtiYkmLnCHWp9QLfNR7RFHS+xoFsOHjRuEMvF1EPCQM786R8fNj76+EbQOvUbKc41XkydZa

Debug level 1: CLIENT -> SERVER: 4yI8f/ZhU3DI2mXWpaT08RqlYZaLqZEzkTYUxRw5xZv9tmIK4YqyAHI3npEsky3yyd6C8RPMrOeH

Debug level 1: CLIENT -> SERVER: vj0YeSCngXioEBlslxZkF9hKYuRBbmNtCQ1+A9FRyFndeSvzExfDq7NCMO06ao3VMGYGSwh67AO2

Debug level 1: CLIENT -> SERVER: tWS2uEZhotk7RhQJhHR81mQpBt9ivighfNvz36vx+CgWShnhM4NrBD4mcgAUxtvcFUT/FcUI8rOE

Debug level 1: CLIENT -> SERVER: gSMwReGbJJd4B4vpoR9Si61KzhFEPub7Cs+1dRWV6EpyyEnB/iROuPc0K5Ozc7k1HWVrmmAAJ+K2

Debug level 1: CLIENT -> SERVER: FpN7JCSQvTGaQlAAGERjEvwGkjpOzERbiKJNijbQlDV4JI0YBSf588+5+phBJmD9imkkRJcDalry

Debug level 1: CLIENT -> SERVER: MS3YTVGkRs46ZoMrGs5DcDaLInx9rI/HU8EQPzeMmFMRrY6Zkx7/1C/gLK2yLksvx79/zL12iG6C

Debug level 1: CLIENT -> SERVER: yALzgcNyZy3aVoQxngxxP3YzksEboXV7iLc4gtyXRFaIfB8AFwo99CMCrrML2AudNk4jj6VywD2Q

Debug level 1: CLIENT -> SERVER: IfkB8MCAx71aeaPlB7DiIz4JJD0Tp1iIZb+PwSLFKjzBOTXbV7KQa7otn0p5oHkjvZ6Li7lzTzXs

Debug level 1: CLIENT -> SERVER: PJdbA7p3YRV4qi5H8Q6Bv/LDk/I7t8YUp8m2wnLGAhPncD0Chlh3G3lMXxHKlwL3M9gOwGlCFCfc

Debug level 1: CLIENT -> SERVER: ic+d2KJkX5kcWior+1eMY1jXG8y2/BzMF92xifUJpS8/whLyEfX7jQFGGS9ESQLiwfo5GnMIhaUe

Debug level 1: CLIENT -> SERVER: JcpK+wAWlvzVvDGdsUILpY8o+yVgIT6qKTTk1SfLjFLEZdQZvkDDL679y4r4h1MQK0XpwdgdNUVq

Debug level 1: CLIENT -> SERVER: Z+yYI7UtI7VwCpGERCIJQeEeHZJj6NaDmzpLlEOcO1chToavPGGw7IHtzIsQ/KLwpufg5qAm5z09

Debug level 1: CLIENT -> SERVER: Qon+3d3EYEzYbOIQHTRz93TyOc50sp807uYO3807q/uYrtgtFgbE6pgXcY7pLFOKMNiAI3ggAM43

Debug level 1: CLIENT -> SERVER: lH+nCQvWB4vHXJhxD+G4lnZXHV5sxyJ2vJss+F9tGx83+Di4uDvNMJf8fAJIceDU0OK7cjydKODJ

Debug level 1: CLIENT -> SERVER: qE2di83V3D2nZwN0tvYnyJpOsXSLIUM+ZMcAU120TnfJP4K7wEZ/wSUHolL0wtgsF1fLuuuJ+r+s

Debug level 1: CLIENT -> SERVER: TotjVZKnNYIi4rYqXtutjqp7pRuzF3ue+0LPMxuoxTfNE5zsm3+Hs+jzBe0biPFa7XshY13Oy/+G

Debug level 1: CLIENT -> SERVER: EX8uxpeaY958Mo6e82oBW+WSJGUCkBA/8YTXOXsHG0xHk+OZzktzGi3Eu+vJeDFtPsPlpdxKnmNX

Debug level 1: CLIENT -> SERVER: HVtPRozEItewX5JraOZ2283t3trc7vnmLuoMb8rczrTF3GZiEQOnJ5p71G7u0a3NPfp+zG1K4Dpn

Debug level 1: CLIENT -> SERVER: Y/Vs6xRrjtutOb61NcfnW7MwWc2a9uwa1mxOco5l0OelIZpZJ+1mndzarJPvxqynoD9tR396a/Sn

Debug level 1: CLIENT -> SERVER: 56NfQFxF/3zka+fbN7CgZu0mnd3apLPvwqSnID9vR35+a+TnZyN/NdTdGf97Wwtp0W7Oxa3NuXjz

Debug level 1: CLIENT -> SERVER: 5uyM+r9Sws6rjl4sbS5IV6uKjm3+9wacnVcqubP9s4p02eM5W6/Gc00zhXjNxEPnWdlMVD6LsXUL

Debug level 1: CLIENT -> SERVER: BeJ6RdYoR+cP6qwSMTdO1zIZw1GCOTYl1yzjknH1Xs17FSwTd2zExUA5XgUqSCc5/Cl24H1i5PMw

Debug level 1: CLIENT -> SERVER: mumkLKpaK4ZWzZk2o8moQijUKWjZs2M5QUQirLdmE1SbVYLBn7T1EhIGfk8/NWVcWv5uYPyuTmJ/

Debug level 1: CLIENT -> SERVER: kXtLKQrwHz/B2Gavz3oUAaGn8+YP2flmNGye98u3/7E0JKIIy//5uC1uMVSeBErOntPTeUrz3EOZ

Debug level 1: CLIENT -> SERVER: UgPE7QaIewtAXq+QpwEy6gbI6CKA3KrUpek77qbv+LL63ioEaYpPuik+uYTip8g37Sbf9Cz53kxR

Debug level 1: CLIENT -> SERVER: QVN81k3x2SUUP0W+eTf55uc5zls5pGqKL7opvriE4qfId1y0Fwv20i38YjeqWu9LnXMdit8P6gJZ

Debug level 1: CLIENT -> SERVER: wXfZANPxVs5r7IIfYS18+++3/xxBImc7C4g3cxDXzps/7uItfzOt/chZ5fpuN/+SvaV2qKvpM/b7

Debug level 1: CLIENT -> SERVER: yII0F/gZrzHFkXek7FBj66q7EFe8sMSP5MkOhaHloTjpNwBjCAj2Qr+mt8/uyK5I6JcwkQQFWhM5

Debug level 1: CLIENT -> SERVER: x0wwdEbsH59+rGre4X0pcekIRd6WwGn/EONypeZps3xWJQz4/0OpnCFfo5AlA9mi3lSyYsILsCSu

Debug level 1: CLIENT -> SERVER: ESiv1NZqQcXLULJnudqiUSvda9gIbVRd2ACRpPQrjKKAnLHLS1iV60ZRurP4+8kIjJqDyS8hZl2r

Debug level 1: CLIENT -> SERVER: eOokkgTibQEU+cJlsLqEjlZAFuUl/o6tadgKSza2aFyTMCR77Furg7wOydCqr02ev7Oi5uduOpu6

Debug level 1: CLIENT -> SERVER: pkqhpVNKpTVFKHA2Kg3UJjw7Iu3eFdIOJFJTI9I6pVLElISrIz26M6TzkngV6GqtvFRDvzrM4zuD

Debug level 1: CLIENT -> SERVER: uSikV3GuldjLVfmrIz25M6Rns3kD0gWlgrQkXB3p6V0h7Q7skXk71CklpBXh6kjP7gxpd27eDnVK

Debug level 1: CLIENT -> SERVER: BWlJuDrS8ztDemIO0xqhgvPkVYL04s5gni2acC4oFaAl4epIO/ZdQT0a2GPzfqhTSlArwjlQl0k6

Debug level 1: CLIENT -> SERVER: /hFhOIEjerQONikVL4L3coKVXT1aE8Ii7RKEbgon01h+POQJhSnmL/rIRtUx0SAQnxPQ+8i3g/hj

Debug level 1: CLIENT -> SERVER: fj6e+kgT17e7hDjymwQMzAKq4TkihQSmaRrfbZKfXBHvGy8WRR3BhE42SIECt21GCyKPik+78eRP

Debug level 1: CLIENT -> SERVER: +76MGK34rAy/bQFjBp6lCHI6jid46QGsWyoOfI53Tt/AVKkWCco+8PmX0Fx7sFio0o8gqNej3cVg

Debug level 1: CLIENT -> SERVER: 2qJjNglAyCxCA9AFZcYmlFEUsNqdFVdhVr+zYiBlK8F4K0b7gEzL91oy3Tc08NWr7+88m/+ZODJj

Debug level 1: CLIENT -> SERVER: u+OZ7ZjoK5QU2OSvm9f5aLo6FHxmHimsXnaqjQDBhn/OLfO9OpMAvoWeFRgrHGpxWjv0XBKy+MBS

Debug level 1: CLIENT -> SERVER: xpDgWCEsHaXyaEV9SAQEBacQ/OJivO0YeNBaVBsNLMjnF5HkSpDrQ7ZTCGTKQyf5132UFW3xnxYe

Debug level 1: CLIENT -> SERVER: zb6ulNpixO/4iB9DXVOtsT5QsSrryzAj7FCSj5HPljXykcqPhCoXRXWZteWrRYPK8EPztz4//B9Q

Debug level 1: CLIENT -> SERVER: SwcIVIMOjXkLAAArVAAAUEsDBBQAAAgAAKdrQlvhJ5Q9/AMAAPwDAAAIAAAAbWV0YS54bWw8P3ht

Debug level 1: CLIENT -> SERVER: bCB2ZXJzaW9uPSIxLjAiIGVuY29kaW5nPSJVVEYtOCI/Pgo8b2ZmaWNlOmRvY3VtZW50LW1ldGEg

Debug level 1: CLIENT -> SERVER: eG1sbnM6b2ZmaWNlPSJ1cm46b2FzaXM6bmFtZXM6dGM6b3BlbmRvY3VtZW50OnhtbG5zOm9mZmlj

Debug level 1: CLIENT -> SERVER: ZToxLjAiIHhtbG5zOnhsaW5rPSJodHRwOi8vd3d3LnczLm9yZy8xOTk5L3hsaW5rIiB4bWxuczpk

Debug level 1: CLIENT -> SERVER: Yz0iaHR0cDovL3B1cmwub3JnL2RjL2VsZW1lbnRzLzEuMS8iIHhtbG5zOm1ldGE9InVybjpvYXNp

Debug level 1: CLIENT -> SERVER: czpuYW1lczp0YzpvcGVuZG9jdW1lbnQ6eG1sbnM6bWV0YToxLjAiIHhtbG5zOm9vbz0iaHR0cDov

Debug level 1: CLIENT -> SERVER: L29wZW5vZmZpY2Uub3JnLzIwMDQvb2ZmaWNlIiBvZmZpY2U6dmVyc2lvbj0iMS4yIj48b2ZmaWNl

Debug level 1: CLIENT -> SERVER: Om1ldGE+PG1ldGE6aW5pdGlhbC1jcmVhdG9yPmVsaXNldTwvbWV0YTppbml0aWFsLWNyZWF0b3I+

Debug level 1: CLIENT -> SERVER: PG1ldGE6ZWRpdGluZy1jeWNsZXM+MjwvbWV0YTplZGl0aW5nLWN5Y2xlcz48bWV0YTpjcmVhdGlv

Debug level 1: CLIENT -> SERVER: bi1kYXRlPjIwMjUtMDktMjlUMTI6MjU6MDA8L21ldGE6Y3JlYXRpb24tZGF0ZT48ZGM6ZGF0ZT4y

Debug level 1: CLIENT -> SERVER: MDI1LTEwLTAyVDEwOjI5OjE1LjE4PC9kYzpkYXRlPjxtZXRhOmVkaXRpbmctZHVyYXRpb24+UFQw

Debug level 1: CLIENT -> SERVER: MEgwME0wMFM8L21ldGE6ZWRpdGluZy1kdXJhdGlvbj48bWV0YTpnZW5lcmF0b3I+QnJPZmZpY2Uu

Debug level 1: CLIENT -> SERVER: b3JnLzMuMSRXaW4zMiBPcGVuT2ZmaWNlLm9yZ19wcm9qZWN0LzMxMG0xMSRCdWlsZC05Mzk5PC9t

Debug level 1: CLIENT -> SERVER: ZXRhOmdlbmVyYXRvcj48bWV0YTpkb2N1bWVudC1zdGF0aXN0aWMgbWV0YTp0YWJsZS1jb3VudD0i

Debug level 1: CLIENT -> SERVER: MCIgbWV0YTppbWFnZS1jb3VudD0iMCIgbWV0YTpvYmplY3QtY291bnQ9IjAiIG1ldGE6cGFnZS1j

Debug level 1: CLIENT -> SERVER: b3VudD0iMSIgbWV0YTpwYXJhZ3JhcGgtY291bnQ9IjExIiBtZXRhOndvcmQtY291bnQ9IjY0IiBt

Debug level 1: CLIENT -> SERVER: ZXRhOmNoYXJhY3Rlci1jb3VudD0iMzk3Ii8+PG1ldGE6dGVtcGxhdGUgeGxpbms6dHlwZT0ic2lt

Debug level 1: CLIENT -> SERVER: cGxlIiB4bGluazphY3R1YXRlPSJvblJlcXVlc3QiIHhsaW5rOnRpdGxlPSJOb3JtYWwiIHhsaW5r

Debug level 1: CLIENT -> SERVER: OmhyZWY9IiIvPjwvb2ZmaWNlOm1ldGE+PC9vZmZpY2U6ZG9jdW1lbnQtbWV0YT5QSwMEFAAICAgA

Debug level 1: CLIENT -> SERVER: p2tCWwAAAAAAAAAAAAAAABgAAABUaHVtYm5haWxzL3RodW1ibmFpbC5wbmftl3s4Ew4Xx/26UZJS

Debug level 1: CLIENT -> SERVER: vwiRChEJucsK5dZUQ2izFUlamMvm8qP9Ckm0iWwY29sbK7ksNoYxKbZYc78kt5DrmFzb2Ob1vM/7

Debug level 1: CLIENT -> SERVER: /J7f3++/7/vXOd/z1znf55zP85zka64OcnuU90hJSck5OdqDtmKFlNRvUjK7trLVE2YDW3VNJ/uL

Debug level 1: CLIENT -> SERVER: 7lG583mAsHHzw0mkd5OndsSX1sm4JIe8H32SGhHfrGoRUTVj7+xu2QBp+K2ZgVjE7/CPvLpQlYRD

Debug level 1: CLIENT -> SERVER: S5jE+y4nL0h1B1SsTP4mCCIGbL82RsfypT5QdhVe3Je/yyJN+ceF+2nb/zuBycsnTvK6mua+EqjN

Debug level 1: CLIENT -> SERVER: rNBzU7neXV5+qCwybw4rACQjmLyaTxFxOQ6Ks5C4/lYYa3OlLYe8OFVKNTiEFXYu1ozGoOTa9HtI

Debug level 1: CLIENT -> SERVER: ZAvrI+LEIXIJaJjEWMeNI8mg81BU10hEU4X6q7QFtLlyqcrsN26bOavVzDrxgNCPyVeyKu9dvBSb

Debug level 1: CLIENT -> SERVER: /a4DtDmLRlWnbo7nVKDdaqGzWPTDr1OrG5C5Ddfzu3SkrUiwudHRlyeD06MaFk/Z6o2KXEy54z/H

Debug level 1: CLIENT -> SERVER: 1GHUuYuPqXKfmtdtclV8NRV5rq/CYgtl3d4CbNaX5FG0KEtB1kDLRN2dBgb8rP+KAjs9u3IVKiyC

Debug level 1: CLIENT -> SERVER: GJjmirMz8IKxAWuyGov1EWsaZakVwjYnRpVQKeFhUBYnwxtNW5x5EGAlBBQUGxirzlcT5pRZvh2/

Debug level 1: CLIENT -> SERVER: ouT1no9owe4q3Qxnn13rrhekfFe13fwzLz94n8/IFDsPrWE2VfsAGNOdT3JplvSDOgKJZFZ99nn1

Debug level 1: CLIENT -> SERVER: mtJcTkFYnqi03kZenhFweoIw8RUYvRmp17lC4CALrvqExFWzOu/CnpSn3l4e7PNmZfHOcbxyCEZd

Debug level 1: CLIENT -> SERVER: cxi2gHJ1qK1i3mhNgjC2Fuwj/TBGhrfHGW7ef9DitxkgOAnaLrJ2lAs7ZvJ50T+fSCROdqADwzV3

Debug level 1: CLIENT -> SERVER: mNv0j99aa1/3O3OU52vfgDZkQEXLw2gLgu+9kPe9GPZ+cRRtmRN/PjfXYOBH2njHnBH5g5PMNdqZ

Debug level 1: CLIENT -> SERVER: y3Ygr45+E/ursVZBMvLrpmYTbJCpPQAzytE58Bz2Af+iJnBAdUnln1de12XVxXKu1yKKi2zlS/Qv

Debug level 1: CLIENT -> SERVER: hsMocq0mM4i3phDbn/9MUB24dlJNFsDtbR87dPy0xHLqVQVzsf4YfmAJ3t/eqHVqB5pgcKICrWL9

Debug level 1: CLIENT -> SERVER: st3nmVbxKHO/PeTEXq5GghiHgMnMZ6ZBPfsK7TCVFswG+q/BTQ/hvldoDZjDfYHR1qiPuo+xMbuB

Debug level 1: CLIENT -> SERVER: fs/2RujsvNO8+jkZSMl47LzUnuEjolczZTt2bU7oaTr+OJlPuEMOJCBW6k6+7nzofE8XO+Kqp+yT

Debug level 1: CLIENT -> SERVER: R6PhsE4eXUjMo714pseZ3a4jQMf7oHQPKpE6uOluBhuZPVkcmAHxYB0ZWI0DOt2UMPWCkgwTDKGx

Debug level 1: CLIENT -> SERVER: AGyZW5k8clvv1dWQOjoSAKu7HJnlVbFshWRatI6khr4PlylsmqtNv0XTki5ptgvaa5kASxVsE8Rg

Debug level 1: CLIENT -> SERVER: 7eBvsl66a2sLte3yEO6lcEp6KmgDB6UtVXXT9Tz4FBVqseFt3Ux1ttJjwicl6JPu+vaFCqgoODqL

Debug level 1: CLIENT -> SERVER: xVE1OLL+UiF9sgag4T0TdUWMFXrHVTMLUG4KNzIhJpP5BjCB6hOlhD27b1fThW8Iyug8VLQan+2l

Debug level 1: CLIENT -> SERVER: 8B4DmIWRSjMzqJ11Q2vhcc+VXY5k/NKMuMVOIOs+0qgFcYG+bpm3Dm0ygV7l6XfcexjAuzfL8esF

Debug level 1: CLIENT -> SERVER: rQrkooxUvcSFHO54IDF3QOuwiQcWJ9n5ohfVC+/155zdsKtfqaCkNElWesx72UOWxdwqN6MbM3aw

Debug level 1: CLIENT -> SERVER: CoYaZeYduC/ooagKXfCAqkrZ6H9wBkFy0oklQ4+FOu78C0J+I2nDhm12eq+0p3BpoIPayy/aty8E

Debug level 1: CLIENT -> SERVER: 1EfOZjWO7wx2mdbhLqvYQha69a9L//mrHOZIgQdPypK1hyKNH0lJ1GLJf4fZUD4TSgn/coizLHJt

Debug level 1: CLIENT -> SERVER: 0/n0gLI2ynsPzrWUPF0WMfvteDdevQkkLllGbqzs7O43yVdUR4q5hZMX1A6InAVX/n0+WzslDYpX

Debug level 1: CLIENT -> SERVER: 3bhaGwf/yDNqNr6SizQdvrsC7GnsfpOSuJpbb2Vh5qr6PCP3KTn2OorbyaH60A9CubghKVxzJfIy

Debug level 1: CLIENT -> SERVER: qa8r00NC6Gg1MFhrV+vSmzLTmsId3aa8lM/UYyStjFEFkSbCiiuIEq2BYKP1j6Dbwv5wE/Cvkubq

Debug level 1: CLIENT -> SERVER: kKu2iZQdpL/z2a8vjWhVKjuTuT8PqHPzwFMHXsXcMMT4DEVcWSztic8eaxFruAsEIdQukjisZDHm

Debug level 1: CLIENT -> SERVER: +ekN42pPUtxIIUGnxI5ezJtcGguP1q8iAI3ocJY3tI8bptS2tCsHmT35HWLFNpX4O02XSwh205SP

Debug level 1: CLIENT -> SERVER: fPiMvneMGW808Xd7MVjI1cpezQmlw+v12ZX+Ofz9vTU8U159gZzpKBxhRiqMT9383uOtvSAbarZF

Debug level 1: CLIENT -> SERVER: Ht3/dEtPg3rtBJA19QfcIHNGlYHwZG7vIZ1lfnhxiSe2aBh3wv5MF19K49XZH36JPtuC6V/f0mlP

Debug level 1: CLIENT -> SERVER: sRzBAoKT3NYY3IFlPaf67FLx+WZ/XGs4sbumvCIxMeio8+RQgDd4AQXxB2NYkEGxcWo3eAgDjzK8

Debug level 1: CLIENT -> SERVER: e8r1RvAFVSGiclk9umh/JAnsGqu1tiHoiEhiNg5/ZLj1DfF709R+iYO4G3eNS98txNVjeCgVbBbR

Debug level 1: CLIENT -> SERVER: q3UjcmM8Pg/DzxAdHwHEkiUI26oXUeOUHX+5L0jTq3v50lPrGyo6oB851aMwu656+3yVmY2Wy0Jn

Debug level 1: CLIENT -> SERVER: TAMvmQod339Y1vgzfgg8HmuX8GSTgG3uBB+/1dPYn3tjaoQQwH784uc+Pt/YpOxmlEGktsmHPy5u

Debug level 1: CLIENT -> SERVER: ecSeZjehdea6WpwNmdcdALPRKUATh9Bn6g6dg43pImorkKZ705ej9RrlxoSmz1nCLuOZhMm2+Rmv

Debug level 1: CLIENT -> SERVER: 82zDCP9UDsknloQVG2ppV+su6tqH4CpL+6q/FKWOhPokD+aHa2g3BuFc4bjy0iKFat8d94CImOWH

Debug level 1: CLIENT -> SERVER: jWU0neh3Oexs3APwgnedO1iRD5tL0g+3GrduMyIWYi4UeHKGIJHFmLgnd4qO4o/CxXJEUVx1guio

Debug level 1: CLIENT -> SERVER: FRHyu/jtpH5l9Lbgz3dTnADiWidJ2TmzxZyDJMjwvXNcn71m1vrnDzsmg1bT7yzeWze47PlFnZE3

Debug level 1: CLIENT -> SERVER: Pr3zaZ/pH8Lxpm8/U6ZZuost9NV70XZumxzqlyLVOWsaqpzmftMycs1PPMlZc3FnL0E4ywjaVCv2

Debug level 1: CLIENT -> SERVER: RB+2T4mu8oa8cWDyfo2SxZ5a0cPK3olQs0BznYu6bU2pv0qdli386jFl6lMjXDUJ4QRQ8kXpIKXy

Debug level 1: CLIENT -> SERVER: wCk8/lER/rGsopxKVc2UDXR+OHFf7GfXbeKiaTa39hKYg1vmrr1Eugz9xHhznfbaxgXMlCFqYc6Z

Debug level 1: CLIENT -> SERVER: fiFfQr9I1wA4yfeTaUCwaVKTbhd+oLXl2T1uGP/HRna9gBy51imEoN7N9iEZXPHTFCgrdDXJv6ei

Debug level 1: CLIENT -> SERVER: 3OuWd2uJK64lKL9svYap3uYCUC4KXikqGBh2/jjLCP5jrnXUeJUh6Bhkk7IVheHh2iOKB9Zjlo1f

Debug level 1: CLIENT -> SERVER: /AUssW1Mn2ESo0bTXbGte5RelZC1yRz2wHJx1zx3NxRcg9ossDRp9ISqlmdXXPLeMy4cJTsj+/Kk

Debug level 1: CLIENT -> SERVER: K6dwZ/36hhLGbLNzSaDERlBUaxDK4Tt6Ga26cQkw6C9pe93/qXlCGC0ePKdz55Dj7fyGb+ZcSrJG

Debug level 1: CLIENT -> SERVER: Qe/EWY/fH6vgr0Et6/mX0z79iafmzYNzFhQJrQxZr6NkXXFMXLBcaIFFhmG+SUIytTDjkwL8tEZZ

Debug level 1: CLIENT -> SERVER: +3B8ni2Jw5fROQIngWUpX0Mxvuioh1A1vPTAT7DMkIdGES3lgk721ydLxd+e/4ODjyrddsMsqPv2

Debug level 1: CLIENT -> SERVER: u4Ls+WpPxsHGtBuBtd1Fdr7IP5DT8jZ7bNziVR3/jtz/i/9lIZI/HVmFCFRlZ279TVJOl1ztS21v

Debug level 1: CLIENT -> SERVER: Pf4XUEsHCAnKUisyCwAAXg0AAFBLAwQUAAgICACna0JbAAAAAAAAAAAAAAAADAAAAHNldHRpbmdz

Debug level 1: CLIENT -> SERVER: LnhtbLVZ23LiOBB9369I+Z0QSOYSKmEKyDDLhAQKyKR23oTdgBZZ7ZLkAH+/LRlSGS5Zgq0nElvq

Debug level 1: CLIENT -> SERVER: Vt9On5Zvvi1jcfYCSnOUt0Hl/CI4AxlixOX0NngatUtfg2/1v25wMuEh1CIM0xikKWkwhpboM9ou

Debug level 1: CLIENT -> SERVER: dS17fRukStaQaa5rksWgayasYQJys632dnXNKcueLAWX89tgZkxSK5cXi8X54vIc1bRcub6+Lru3

Debug level 1: CLIENT -> SERVER: m6UhygmfHqsqW/1WFSK+KrIbssM4ZdWLi6ty9n9wtj7kG9dUg/rGDxvz6zdrBdlPiRuIrW/O1o/t

Debug level 1: CLIENT -> SERVER: 0W4DUll74bB49Vqwb9+fe37R+oYCNsIk2Lwxq4TecGmC+sVNeVfC8VK7MDEexD7zyMz2yb2sfvpS

Debug level 1: CLIENT -> SERVER: zSf7b+DT2d5DVyuVz19PEz6c4WIAEeUXtGZMTkFvKRgjCmAyqBuVwmk6OrKpcKHhASM4JH3ChD5a

Debug level 1: CLIENT -> SERVER: fClmSYnLCJYQ7fpqf3K5PVQWanWcxzvR1lG1UZS5Qd3mcY5IHkq8ypfLSuV0sQeq5Kp6/elUoZqP

Debug level 1: CLIENT -> SERVER: BRReJ05q0TXthA4OlYetvXyim2gMxodK78tpsn8jxiOStJ1nM1T5gKjLVpiaFoo0ltvlXJT0JuK8

Debug level 1: CLIENT -> SERVER: sHre9UubhQbV/rNXLk48fUcPQUBoIGorenDC0fc8fIsrh16voWr/AmqJxzfR7EGqmKGW/JFu2oii

Debug level 1: CLIENT -> SERVER: PlNsxCibhwkLLZQVH7o+QaQZgKUMsI2fRcjvpcZ2qi5pEP9wEJF+TOMxKD/WdIl0PSURM/s61yYZ

Debug level 1: CLIENT -> SERVER: czjqe5yYVZ/56blTiQraXGlDZkCHMlCajvTpLuIPisoWVAvjRIG2rLFwfHOOG5IBAn7i+KDjcpiR

Debug level 1: CLIENT -> SERVER: RbytCJwhTgT9XXx0nBV9loCyeoZg0u1+WIQlVPMO6HqTCSGFD185OyxF8JTFa2baV2gItymf7mG1

Debug level 1: CLIENT -> SERVER: rYVp+HzV5JKpVVA+8sgOBj2cd33QNqptslBUgZlGajBLUU9p2UJqZii8eIfEg9qb7h+MYgZvFEbd

Debug level 1: CLIENT -> SERVER: kFFTMDnX5HSLdC0mwlS4/ugr4RtSonEaDveFE+GtiywaAItQip1ELwYRLAtYE4ARujpogfARbdL1

Debug level 1: CLIENT -> SERVER: fUnhlkx0yaJ3ek4OHUkiVk8a1B0zrHjxbUsxfBbckL3Ar+x+pSdbArUPPm2V/BA4ZuJufTVkiY2P

Debug level 1: CLIENT -> SERVER: dtDR9xTvhuZM9lMZmtRXGTYEn0pK3qHBpI+av6fm9Oi0BE8a+pXWNGRItQ3Rs6Klqi1Wrrn68GMr

Debug level 1: CLIENT -> SERVER: VYrCZJPaAqP9HWKqwh2sya4kjsBL8lXDNeqMCBJWWhyYKpbMdEd2ud4enIsw4w4f0bRYYlIFd4ot

Debug level 1: CLIENT -> SERVER: euN/dU9aquBBmYOyAS7uAXxwqXXvetydG48PgpPRZstcQqg9ax6BGsHSPFP8epLcSjXggwlr6Ilo

Debug level 1: CLIENT -> SERVER: bfkD0BFDbyTSXd74moV0l43hFf38eMpyPnAMxN94vWeIb5ihIVZYvNNeTdokWuLHJgcSA6ABxZrW

Debug level 1: CLIENT -> SERVER: MEZZJkdzahu9hCobvRTqhIi6L/k/LLC+Uy05GI8QuHA6aPxtMRmC8ND4/uw/NM/HTEZ7Zvk8t7Yu

Debug level 1: CLIENT -> SERVER: 8D9TbfhkZctGP3Mze2AyZaKpgM399Ag9ADscvMAIs1boEw0ImSnJNgTF45UbKGuM/fhn2Z27oD3w

Debug level 1: CLIENT -> SERVER: 9WJGOFtSoFGk9kx5GoPPu6T1BckUmiycTxWm8uB1YtFpnq+9W57jrmT9TM806oZzi4xe+r1cUt6G

Debug level 1: CLIENT -> SERVER: 8BsU0uj2P1PbB6/J3TV3eefrcfnQd/X6f1BLBwjeLMCw+wQAAJkfAABQSwMEFAAICAgAp2tCWwAA

Debug level 1: CLIENT -> SERVER: AAAAAAAAAAAAABUAAABNRVRBLUlORi9tYW5pZmVzdC54bWy1lUtuwyAQQPc5hcXe0GZVWXEitVJP

Debug level 1: CLIENT -> SERVER: kB6A4LGDxE/MECW3L46UxG2jqqnMDix4bxg8w2pztKY6QETtXcue+ROrwCnfaTe07GP7Xr+wzXqx

Debug level 1: CLIENT -> SERVER: stLpHpCay6DK+xxepy1L0TVeosbGSQvYkGp8ANd5lSw4ar6ub0bTelHdwL02UOeF8VTdZNBpWdMp

Debug level 1: CLIENT -> SERVER: QMtkCEYrSTlOcXAdP7v4VMEJjsRuuyenWk4+98mYOkjat0ww8VAM9ylv3vV6SPEcGy4FkqSEOxnL

Debug level 1: CLIENT -> SERVER: 4KVSYCBPfRQqxTiePCe3uKuIoDdeEhSCBx9SyH9GKoSPfoiA5W56DL0YnLw3xeDaygFQvGqyMmBR

Debug level 1: CLIENT -> SERVER: x4Ps720EkxurhyfN1VTwtxgelI8NSoy1ehee/fS/Yv6di3QygLNjLZCcrfFs98nunNQGBV2GPLhh

Debug level 1: CLIENT -> SERVER: bvi8iQWi/E5eU7sSP57J9SdQSwcIZYJI2kQBAABhBwAAUEsBAhQAFAAACAAAp2tCW17GMgwnAAAA

Debug level 1: CLIENT -> SERVER: JwAAAAgAAAAAAAAAAAAAAAAAAAAAAG1pbWV0eXBlUEsBAhQAFAAACAAAp2tCWwAAAAAAAAAAAAAA

Debug level 1: CLIENT -> SERVER: ABoAAAAAAAAAAAAAAAAATQAAAENvbmZpZ3VyYXRpb25zMi9zdGF0dXNiYXIvUEsBAhQAFAAICAgA

Debug level 1: CLIENT -> SERVER: p2tCWwAAAAACAAAAAAAAACcAAAAAAAAAAAAAAAAAhQAAAENvbmZpZ3VyYXRpb25zMi9hY2NlbGVy

Debug level 1: CLIENT -> SERVER: YXRvci9jdXJyZW50LnhtbFBLAQIUABQAAAgAAKdrQlsAAAAAAAAAAAAAAAAYAAAAAAAAAAAAAAAA

Debug level 1: CLIENT -> SERVER: ANwAAABDb25maWd1cmF0aW9uczIvZmxvYXRlci9QSwECFAAUAAAIAACna0JbAAAAAAAAAAAAAAAA

Debug level 1: CLIENT -> SERVER: GgAAAAAAAAAAAAAAAAASAQAAQ29uZmlndXJhdGlvbnMyL3BvcHVwbWVudS9QSwECFAAUAAAIAACn

Debug level 1: CLIENT -> SERVER: a0JbAAAAAAAAAAAAAAAAHAAAAAAAAAAAAAAAAABKAQAAQ29uZmlndXJhdGlvbnMyL3Byb2dyZXNz

Debug level 1: CLIENT -> SERVER: YmFyL1BLAQIUABQAAAgAAKdrQlsAAAAAAAAAAAAAAAAYAAAAAAAAAAAAAAAAAIQBAABDb25maWd1

Debug level 1: CLIENT -> SERVER: cmF0aW9uczIvbWVudWJhci9QSwECFAAUAAAIAACna0JbAAAAAAAAAAAAAAAAGAAAAAAAAAAAAAAA

Debug level 1: CLIENT -> SERVER: AAC6AQAAQ29uZmlndXJhdGlvbnMyL3Rvb2xiYXIvUEsBAhQAFAAACAAAp2tCWwAAAAAAAAAAAAAA

Debug level 1: CLIENT -> SERVER: AB8AAAAAAAAAAAAAAAAA8AEAAENvbmZpZ3VyYXRpb25zMi9pbWFnZXMvQml0bWFwcy9QSwECFAAU

Debug level 1: CLIENT -> SERVER: AAgICACna0JblSuaCR4FAABiFAAACwAAAAAAAAAAAAAAAAAtAgAAY29udGVudC54bWxQSwECFAAU

Debug level 1: CLIENT -> SERVER: AAgICACna0JbVIMOjXkLAAArVAAACgAAAAAAAAAAAAAAAACEBwAAc3R5bGVzLnhtbFBLAQIUABQA

Debug level 1: CLIENT -> SERVER: AAgAAKdrQlvhJ5Q9/AMAAPwDAAAIAAAAAAAAAAAAAAAAADUTAABtZXRhLnhtbFBLAQIUABQACAgI

Debug level 1: CLIENT -> SERVER: AKdrQlsJylIrMgsAAF4NAAAYAAAAAAAAAAAAAAAAAFcXAABUaHVtYm5haWxzL3RodW1ibmFpbC5w

Debug level 1: CLIENT -> SERVER: bmdQSwECFAAUAAgICACna0Jb3izAsPsEAACZHwAADAAAAAAAAAAAAAAAAADPIgAAc2V0dGluZ3Mu

Debug level 1: CLIENT -> SERVER: eG1sUEsBAhQAFAAICAgAp2tCW2WCSNpEAQAAYQcAABUAAAAAAAAAAAAAAAAABCgAAE1FVEEtSU5G

Debug level 1: CLIENT -> SERVER: L21hbmlmZXN0LnhtbFBLBQYAAAAADwAPAO4DAACLKQAAAAA=

Debug level 1: CLIENT -> SERVER: 

Debug level 1: CLIENT -> SERVER: --b1=_f3ksmmr3zduwBhEt6sJ0EHV7zx7NPdmbqYQEA8p4U--

Debug level 1: CLIENT -> SERVER: 

Debug level 1: CLIENT -> SERVER: .

Debug level 2: SERVER -> CLIENT: 250 2.0.0 Ok: queued as 62A243001C5F

Debug level 1: CLIENT -> SERVER: QUIT

Debug level 2: SERVER -> CLIENT: 221 2.0.0 Bye

