Debug level 2: SERVER -> CLIENT: 220 smtp-sp217-161.kinghost.net ESMTP

Debug level 1: CLIENT -> SERVER: EHLO localhost

Debug level 2: SERVER -> CLIENT: 250-smtp-sp217-161.kinghost.net
250-PIPELINING
250-SIZE 62914560
250-VRFY
250-ETRN
250-STARTTLS
250-AUTH PLAIN LOGIN
250-AUTH=PLAIN LOGIN
250-ENHANCEDSTATUSCODES
250-8BITMIME
250-DSN
250 CHUNKING

Debug level 1: CLIENT -> SERVER: AUTH LOGIN

Debug level 2: SERVER -> CLIENT: 334 VXNlcm5hbWU6

Debug level 1: CLIENT -> SERVER: [credentials hidden]
Debug level 2: SERVER -> CLIENT: 334 UGFzc3dvcmQ6

Debug level 1: CLIENT -> SERVER: [credentials hidden]
Debug level 2: SERVER -> CLIENT: 235 2.7.0 Authentication successful

Debug level 1: CLIENT -> SERVER: MAIL FROM:<ourodosul@ourodosul.com.br>

Debug level 2: SERVER -> CLIENT: 250 2.1.0 Ok

Debug level 1: CLIENT -> SERVER: RCPT TO:<liriamm@gmail.com>

Debug level 2: SERVER -> CLIENT: 250 2.1.5 Ok

Debug level 1: CLIENT -> SERVER: DATA

Debug level 2: SERVER -> CLIENT: 354 End data with <CR><LF>.<CR><LF>

Debug level 1: CLIENT -> SERVER: Date: Wed, 1 Oct 2025 14:30:09 +0200

Debug level 1: CLIENT -> SERVER: To: liriamm@gmail.com

Debug level 1: CLIENT -> SERVER: From: ourodosul@ourodosul.com.br

Debug level 1: CLIENT -> SERVER: Subject: =?iso-8859-1?Q?Atualiza=C3=A7=C3=A3o_de_Cadastro?=

Debug level 1: CLIENT -> SERVER: Message-ID: <Tzpm5JbvPNdelw8Z5MmBzntEgRBmdSzyPWoPBC3gRCk@localhost>

Debug level 1: CLIENT -> SERVER: X-Mailer: PHPMailer 6.10.0 (https://github.com/PHPMailer/PHPMailer)

Debug level 1: CLIENT -> SERVER: MIME-Version: 1.0

Debug level 1: CLIENT -> SERVER: Content-Type: multipart/mixed;

Debug level 1: CLIENT -> SERVER:  boundary="b1=_Tzpm5JbvPNdelw8Z5MmBzntEgRBmdSzyPWoPBC3gRCk"

Debug level 1: CLIENT -> SERVER: Content-Transfer-Encoding: 8bit

Debug level 1: CLIENT -> SERVER: 

Debug level 1: CLIENT -> SERVER: --b1=_Tzpm5JbvPNdelw8Z5MmBzntEgRBmdSzyPWoPBC3gRCk

Debug level 1: CLIENT -> SERVER: Content-Type: multipart/alternative;

Debug level 1: CLIENT -> SERVER:  boundary="b2=_Tzpm5JbvPNdelw8Z5MmBzntEgRBmdSzyPWoPBC3gRCk"

Debug level 1: CLIENT -> SERVER: 

Debug level 1: CLIENT -> SERVER: --b2=_Tzpm5JbvPNdelw8Z5MmBzntEgRBmdSzyPWoPBC3gRCk

Debug level 1: CLIENT -> SERVER: Content-Type: text/plain; charset=iso-8859-1

Debug level 1: CLIENT -> SERVER: Content-Transfer-Encoding: 8bit

Debug level 1: CLIENT -> SERVER: 

Debug level 1: CLIENT -> SERVER: (Sem conteúdo)

Debug level 1: CLIENT -> SERVER: 

Debug level 1: CLIENT -> SERVER: --b2=_Tzpm5JbvPNdelw8Z5MmBzntEgRBmdSzyPWoPBC3gRCk

Debug level 1: CLIENT -> SERVER: Content-Type: text/html; charset=iso-8859-1

Debug level 1: CLIENT -> SERVER: Content-Transfer-Encoding: 8bit

Debug level 1: CLIENT -> SERVER: 

Debug level 1: CLIENT -> SERVER: <p>(Sem conteúdo)</p>

Debug level 1: CLIENT -> SERVER: 

Debug level 1: CLIENT -> SERVER: 

Debug level 1: CLIENT -> SERVER: --b2=_Tzpm5JbvPNdelw8Z5MmBzntEgRBmdSzyPWoPBC3gRCk--

Debug level 1: CLIENT -> SERVER: 

Debug level 1: CLIENT -> SERVER: --b1=_Tzpm5JbvPNdelw8Z5MmBzntEgRBmdSzyPWoPBC3gRCk

Debug level 1: CLIENT -> SERVER: Content-Type: application/octet-stream; name="13264  .0 LIRIA MATILDE MENDEL.odt"

Debug level 1: CLIENT -> SERVER: Content-Transfer-Encoding: base64

Debug level 1: CLIENT -> SERVER: Content-Disposition: attachment; filename="13264  .0 LIRIA MATILDE MENDEL.odt"

Debug level 1: CLIENT -> SERVER: 

Debug level 1: CLIENT -> SERVER: UEsDBBQAAAgAALxjQVtexjIMJwAAACcAAAAIAAAAbWltZXR5cGVhcHBsaWNhdGlvbi92bmQub2Fz

Debug level 1: CLIENT -> SERVER: aXMub3BlbmRvY3VtZW50LnRleHRQSwMEFAAACAAAvGNBWwAAAAAAAAAAAAAAABoAAABDb25maWd1

Debug level 1: CLIENT -> SERVER: cmF0aW9uczIvc3RhdHVzYmFyL1BLAwQUAAgICAC8Y0FbAAAAAAAAAAAAAAAAJwAAAENvbmZpZ3Vy

Debug level 1: CLIENT -> SERVER: YXRpb25zMi9hY2NlbGVyYXRvci9jdXJyZW50LnhtbAMAUEsHCAAAAAACAAAAAAAAAFBLAwQUAAAI

Debug level 1: CLIENT -> SERVER: AAC8Y0FbAAAAAAAAAAAAAAAAGAAAAENvbmZpZ3VyYXRpb25zMi9mbG9hdGVyL1BLAwQUAAAIAAC8

Debug level 1: CLIENT -> SERVER: Y0FbAAAAAAAAAAAAAAAAGgAAAENvbmZpZ3VyYXRpb25zMi9wb3B1cG1lbnUvUEsDBBQAAAgAALxj

Debug level 1: CLIENT -> SERVER: QVsAAAAAAAAAAAAAAAAcAAAAQ29uZmlndXJhdGlvbnMyL3Byb2dyZXNzYmFyL1BLAwQUAAAIAAC8

Debug level 1: CLIENT -> SERVER: Y0FbAAAAAAAAAAAAAAAAGAAAAENvbmZpZ3VyYXRpb25zMi9tZW51YmFyL1BLAwQUAAAIAAC8Y0Fb

Debug level 1: CLIENT -> SERVER: AAAAAAAAAAAAAAAAGAAAAENvbmZpZ3VyYXRpb25zMi90b29sYmFyL1BLAwQUAAAIAAC8Y0FbAAAA

Debug level 1: CLIENT -> SERVER: AAAAAAAAAAAAHwAAAENvbmZpZ3VyYXRpb25zMi9pbWFnZXMvQml0bWFwcy9QSwMEFAAICAgAvGNB

Debug level 1: CLIENT -> SERVER: WwAAAAAAAAAAAAAAAAsAAABjb250ZW50LnhtbL1YXW7jNhB+7ylYL1C0QGXFybbYqImD7SZZBLDT

Debug level 1: CLIENT -> SERVER: oPaifWUk2iLKHy1J2c4+9Q49QdGHRQ/QE/gmPUmHlMRIseWV40Xz4Ficb2Y+zgyHI59drDhDC6I0

Debug level 1: CLIENT -> SERVER: leK8N+gf9RARsUyomJ/33k2vg1e9i+EXZ3I2ozGJEhnnnAgTxFIY+I9AW+iokJ73ciUiiTXVkcCc

Debug level 1: CLIENT -> SERVER: 6MjEkcyIqLSiOjpyvooVbR5YZ3UHrmsbsjJdlS22oYvvu3t24Lp2ovCyq7LFQlDr6jPZVXmlWTCT

Debug level 1: CLIENT -> SERVER: EHWeYUOfsFgxKn4776XGZFEYLpfL/vKkL9U8HJyenoZO6gnHHpflijlUEoeEEetMh4P+IKywnBjc

Debug level 1: CLIENT -> SERVER: lZ/F1imJnN8T1Tk02OCNrOrFvHNFLOYtoYlTrDrXhgM303uSdE/vSVLX5dikLTl5FY5B6D7Go8da

Debug level 1: CLIENT -> SERVER: ULyrL4tthCpWNOu8zQJd15dSeqpWoTigju7x0dHLsHiuoZc74UtFDVE1eLwTHmMW+4hLvi1ogBuE

Debug level 1: CLIENT -> SERVER: gAjIwpapL3wbCN2icBwWYg/WSavpX8ejSZwSjh/B9NPggAptsHiMjLJJaN3pd6EimVTGB2bWvWFC

Debug level 1: CLIENT -> SERVER: to69l2SGvRtA6r6zEFhF56tuIbQnM7QqL3ylUcKqsvYkS/9klRFFrSJmNnMB17BLyKbMopp2UTyl

Debug level 1: CLIENT -> SERVER: Zu3yOO4Nq5uiqDId+oUZ3BjBDMckSEjM9PCsOPF+GRXPlsd5b4pTabMBJ7tCcMoevCDcrf4GM3qv

Debug level 1: CLIENT -> SERVER: 6GCLgVLUQw19KwvmRMDmoVj1kmrd0cczXSjYhWggMmpi6BgLrKi9Zjq6RyM6T80WEl/hTOofGqhi

Debug level 1: CLIENT -> SERVER: 6X+ktS3+z+NVZOQAXtdbqOz2+KAN4Ye4HOUxTTCaYKHRO0FhpiKt8diC7RKVgzmOJ+itNCmNW5l5

Debug level 1: CLIENT -> SERVER: xGfjE7Y1hHId5waq0NA4cHZ8p3CfDfZ3A++r5JxhhecKZ2klgAU7rrqHoNCaQM9OsEoqCIfZg6gg

Debug level 1: CLIENT -> SERVER: w/MNROXamw0y6IREGUq0d2DVynHHUndbrDFupz/doG+nU+/UPtT9zWQUSybBzYsj91dpO6DMDQx6

Debug level 1: CLIENT -> SERVER: YHWGmSYNkV0PTKpkPk+DctQWUpBGop42TvDm1jX9AOuDQWZqa5UNxTFzy86PTnFiR4O6bSfIRUKU

Debug level 1: CLIENT -> SERVER: Y9HwXplbEtsFHu09YRXA7YZFo6k/Aiy9ClCQrAtd1kvpFuuF4x0A595OloysdhHwkBYKXt5OogXi

Debug level 1: CLIENT -> SERVER: 4kd4luIiERuxlYttod0GKIvHOXXfNys1bD2CpeBeJg/+wZofnrk3Kk3e5/Da6I/y5iJySwnVGcMP

Debug level 1: CLIENT -> SERVER: VbUGDAY6dt6DUnbioghvGMu1UeBfCsvxIGPTqu0cZsUezEONXBZvgC7s7VHLCpV6x4I+N/xRcpRQ

Debug level 1: CLIENT -> SERVER: /CV6/T6naP03guvip1xJlEg0yVkf3cGdwaVG8GZuJzKsEAybCFv0Rekva3dRa3lOBq+6YcvXwcnx

Debug level 1: CLIENT -> SERVER: 9y/LSGRYbNqCvjZEJSAc9o/Q6Obnm9do/Hp6M7q8QuOr28urURUCsDDch94VjNx2m9DVFaxJRLjd

Debug level 1: CLIENT -> SERVER: ssFGItumETY5nNMPsH9NchTjBNq7kkV8LHJG4Xw5oYYYJmDqAu1D4FZyEu2l8ebuGv37+x976VzC

Debug level 1: CLIENT -> SERVER: KzECwrdYx24el9FeUeKYMvR1ZvesibKWZpSl8psI1ZO6h8UpYQRaB2ka+NTXKWTnlxQbjbPsYi/N

Debug level 1: CLIENT -> SERVER: Z9K8slcNWX+U+6WoOjy5PTdEa+JrCiJnyq0X9ZVh7Q4XjMpy/XH9D9zMtoh0Dvc0Jyq2JbXXgZvU

Debug level 1: CLIENT -> SERVER: yhR8m/WfkDKOIP1lDQhfA9/6NZxwmIjXf4EGgumDKMc0JixnWPX3cB9+PkzYuBfCxpURtvyAOPwP

Debug level 1: CLIENT -> SERVER: UEsHCH+M7MI8BQAAgRQAAFBLAwQUAAgICAC8Y0FbAAAAAAAAAAAAAAAACgAAAHN0eWxlcy54bWzd

Debug level 1: CLIENT -> SERVER: XM2S27gRvucpVHIlN0ok9a94vJU46yRVdiXZsc9bEAlJjCmCBYKj0b5ODjnlKfxiaQAECZIgRf1Z

Debug level 1: CLIENT -> SERVER: ntmpcq3QDaDx9Q+aDZBvf3rehb0nTJOARA99Z2D3ezjyiB9Em4f+l88frHn/p3e/e0vW68DDS594

Debug level 1: CLIENT -> SERVER: 6Q5HzErYIcRJDzpHyVISH/opjZYEJUGyjNAOJ0vmLUmMI9VpqXMvxVSyRQzWtbtg1nsz/My6dua8

Debug level 1: CLIENT -> SERVER: pb5o1X1mwaz39inad+3MeQFTvfuadO38nITWmlge2cWIBRUpnsMg+vrQ3zIWL4fD/X4/2I8GhG6G

Debug level 1: CLIENT -> SERVER: zmKxGApqLrCX88UpDQWX7w1xiPlkydAZOEPFu8MMdZWP8+oiReluhWlnaBBDNa0mT5vOFvG0aYDG

Debug level 1: CLIENT -> SERVER: 2yLa2TYEc1m9I7+7eke+3neH2LZBJ/PhJyCKfz59LGyB7rrOxXlLUHk0iDsvU3Lr/Qkhuai8g3RQ

Debug level 1: CLIENT -> SERVER: Ia5r2+Oh/K1x71vZ9zRgmGrsXiu7h0IvR5zsTKABnzMEDgs/cTNV3JQvunHkyZDimFCWC7LuHqAA

Debug level 1: CLIENT -> SERVER: HTefxV+jfBrgTAZiBIt3FHPpIwy5Jwx5lzf9XhbotODq9t+pSLomEEXXyMOWj70wefdWekDe3JO/

Debug level 1: CLIENT -> SERVER: uZwP/c9oS3ao3wNLVxy7IDzkhGF79/coDFY0cAwDZKR+r9Sf06wNjjANQHnJPkiSjnOcOQWFVUQl

Debug level 1: CLIENT -> SERVER: jjhgHnjQE6IBD7sdp+99DDZbZhDiDygmyR9LXLLpO4plwv88uaRGLpDrg0GU9hkPCcO7S6b8mHqB

Debug level 1: CLIENT -> SERVER: j3qPKEp6X6IAUgzciIeBtwsqF8v46bH3V8K2gdcoWc5xNXmGTQEha5eZlpLbx2uUhln+pUbOJNxQ

Debug level 1: CLIENT -> SERVER: FHPZFW/224ophCjKAsjXeBayTLbIJ3sLxk8ws54f+vZg5IGcBuKhQmSwRVqQUWAriZEH+Yy1JTT4

Debug level 1: CLIENT -> SERVER: DURHIWd1563MT1wMr84KAbTrqDVWw5gZLCGsYx+wrSUzxDUKE80CYkSRQEjHZ02WYvAt5p4IIdue

Debug level 1: CLIENT -> SERVER: /16Nx0exUMoInxmMJfAxkQOgMN4ixSb6ryhGkJMlDAyBKQrfGLnEOzDnh35ILbYqGUcQ+ZjvJTy/

Debug level 1: CLIENT -> SERVER: 1peoRFeSQx4K+idxwq2neTE5O5dbW6NsTRMM4ERc12Jyj4QEMjZGU3BLgEE0JsFvIKnjxEy0hSja

Debug level 1: CLIENT -> SERVER: pGgDTVmDR9KIUTCSP/+SLx8z2P2tr5hGQnQ5oLZKPqYFOyiK1MhZx2xwRcN54M1mUYQvj/XxePoX

Debug level 1: CLIENT -> SERVER: 4ueGEXMqotUxc9Ljn/oFnCUv6+J6Of79Y+a1Q3QTRBaoDwyWG2vRtiKM8QSI27GbkQzWCK3bQ7zF

Debug level 1: CLIENT -> SERVER: EeS7JLJC5PsAuFjQQz8iYDq7gJ1otHEaeSyVA+6BDAkPgAcKPG7VyhotPwCPj/gkkOhMnMIRy3Yf

Debug level 1: CLIENT -> SERVER: g0YKLzzDODXdV1KPW5otn0pZoHkru52Ji7lzS/1wI/PXDQurmFO1Nop3CEyVPyspk3NrTHGabCss

Debug level 1: CLIENT -> SERVER: F/iWeOzWg1+IdYuRT+UrQrkXcBODnQDsJURxwu330oktSvaVyaGl4tRfMY7BpTeYbfljL/e3YxPr

Debug level 1: CLIENT -> SERVER: E0ozfgTv8RH1+42xRSkvREkC4oHrHA03hIKXR4nS0j4An5K/mvekC5yzWPSRxX4OWIiPrhQa8mKT

Debug level 1: CLIENT -> SERVER: ZUYp4jLqDJ+h4VfX/nVF/MM5iJUC9GDsjpqCtDN2zEHalkFaGIXIPyKRf6Bwjw7JMXTrcS1/eCiH

Debug level 1: CLIENT -> SERVER: N3euwpsMXXmyYNkD25kX4fek0KZnwOaAJuc9KzqJrt1NxKBI2GPiEB00Vfd08iWGdLaNNG7iDt/E

Debug level 1: CLIENT -> SERVER: Oy/3I2yf56yjxd5DPmRHcyu0VNQUugn+HsU86l9RByApRSc6qkS7RRE9UfuVlUmRXif5HicowolV

Debug level 1: CLIENT -> SERVER: 4dJudtNKkuFmXijbeA9IsuC5pcWDZB+dKCDJqIbORv20JAHm8XN6NkNnBf8dHkmer6jeQIzXqt4r

Debug level 1: CLIENT -> SERVER: 6epqNv43jPiJCPczxxyLMo6e8902NZVWkJQJPEL8xHMf5/JNbzqaHN/0Tt3eRN4tMoU37noyXkyb

Debug level 1: CLIENT -> SERVER: M3lVxatseHbVrPVdqUo8YVeyT9mVNEtw2y3BvbcluJdbQvEg+iNZgjNtsYQa8YSnp+mZljBqt4TR

Debug level 1: CLIENT -> SERVER: vS1h9HIsoaLpcZumq8QTND0+U9Pjdk2P763p8eWaLtRZ07Q9u4Wmm5Omk/KiD4a+Z+c8mson7Sqf

Debug level 1: CLIENT -> SERVER: 3Fvlk5ej8hbdnaOZabtmpvfWzPRyzRTwVzVzuVYmC/73chxx1q7u2b3VPXsZ6r6yE87btTK/t1bm

Debug level 1: CLIENT -> SERVER: F2vlZhpxZ/zv5Tjgol3Vi3urevHjq/oazveYrtg9yufeFsX8ZtcxROWZYxhswFY9EADnx07/ThMW

Debug level 1: CLIENT -> SERVER: rA8WP5mBGfeE+rVz+VM2LO0ZwVAIh3DqTjPVnVKeqz1zXOJ89ceOK/rmv1LCLjODqz0EFqSbqX9s

Debug level 1: CLIENT -> SERVER: 879rhMsLYeeleu4j/6wiXY6LnK1X47mlmkK8ZuL4fVZWE5VHU7auoUBcNMka5ej83NIqEXPldK0U

Debug level 1: CLIENT -> SERVER: MxwlmGNTMs0yLhlX77tZr4Jl4o6NuBgoxyuhBeksgz9HD7xPjHy+2WZrUhpVrRVFq+ZsNaPJqEIo

Debug level 1: CLIENT -> SERVER: llPQsqN0OUFEIqy3ZhNUm1X6ys8dewkJA7+nP+dnXNpTpYHx+9YOLgwBf5EZSCkK8B8fYGyz1Wc9

Debug level 1: CLIENT -> SERVER: ioDQ03nzOwc8ZRk2z/v52/9YGhJxEMH/eb8tLnVUDkclZ8/p6TyleV55qV7Dyu2GlXsHrH6MYraG

Debug level 1: CLIENT -> SERVER: 1agbVqOrYPUjlns1LMbdsBhfF4uzg9oNHwM1UCbdQJncwpnOemDSZJ92k316kewvorCmgTLrBsrs

Debug level 1: CLIENT -> SERVER: KqBcWaHzbrLPLzPGl1Co0UBZdANlcRVQrqzQ42KfLPSJycvVLtbd5docrw51QbPgu26s61iTufcm

Debug level 1: CLIENT -> SERVER: /x7c69t/v/3nCEo520Ug/TCVC+0B/eddvOUvMrY/o1e57pfbXLjykr7l6lBX1WfsP0iSdz0T+AWv

Debug level 1: CLIENT -> SERVER: McWRd6ROU2PrunYhrnjXjdcwkh0KQ8tDcdJvAMYQLOyFXsDdZ3esVyT0S5hIggKtiZxjJhg6I/aP

Debug level 1: CLIENT -> SERVER: jz9XV97hVTtxURFF3pZQix1iXC5tPW2Wz6rmA/9/KNV/5Bs4ssYiW9RLblZM+LkGiWsEyg9AasWz

Debug level 1: CLIENT -> SERVER: 4j062bNcntKole41bMRq1HGLASJJ6VcYxblMxi4vblbuKEbpzuKvsyNQag4mv7acda3iqZNIEoi3

Debug level 1: CLIENT -> SERVER: TVDkC5PB6iUGtAKyqMfxV7JNw1ZYsrFF45qEIdlj31od5AVqhlZ9bfL8dSc1PzfT2dQ1lVYtnVKq

Debug level 1: CLIENT -> SERVER: RSpCgbNx0UBtwrMj0u6rQtqBBGxqRFqnVKq+knBzpEevDOn8DKEKdPVwoXTocHOYx68M5uLkoYpz

Debug level 1: CLIENT -> SERVER: 7UyifIxxc6Qnrwzp2WzegHRBqSAtCTdHevqqkHYH9si8HeqUEtKKcHOkZ68MaXdu3g51SgVpSbg5

Debug level 1: CLIENT -> SERVER: 0vNXhvTEHKY1QgXnyXcJ0otXBvNs0YRzQakALQk3R9qxXxXUo4E9Nu+HOqUEtSJcAnWZpOMfEYYT

Debug level 1: CLIENT -> SERVER: eESP1sEmpeJDAr2cYGVX0NaEsEi7NaKrwslWLL8784TCFPOXA2Wj6phoEIgvUeh95BuF/F4EH099

Debug level 1: CLIENT -> SERVER: 04uvt7uEOPKbBAzMAqrhOSKFBKZpGt+HlF/rEe+rLxZFHcGETjZIgQLXbUYLIo+KLwHy5E/7NJEY

Debug level 1: CLIENT -> SERVER: rfgiEb+eAmMGnqUIcjqOJ1jpAbRbKg58indO38BUqRYJyj7w+YfzXHuwWKjSjyCo1+vdxWDassZs

Debug level 1: CLIENT -> SERVER: EoCQWYQGsBaUKZtQRlHAapd8XIVZ/ZKPgZR5gvEakfbtoZZP/WRr39DAV59OeOPZ/M/EkSnbHc9s

Debug level 1: CLIENT -> SERVER: x0RfoaTAJv9cQZ2PpqtDwWfmkcLqZafaCBBs+Nf/MturMwngW+hZgbHCoZzT2qHnkpDF17oyhgTH

Debug level 1: CLIENT -> SERVER: CmFpKJUjGfUNGhAUjELwi/dbbMfAg9ai2mhgQT6/uSU9QfqHbKcQyJSFTvIPQykt2uI/LTyabV0t

Debug level 1: CLIENT -> SERVER: aosRvxQlfgz1lWqN9YEKr6y7YUbYoSQfI58ta+QjlY+LKheCdZk199WiQWX4ofnTsO/+D1BLBwgn

Debug level 1: CLIENT -> SERVER: qI4WkAsAAFpWAABQSwMEFAAACAAAvGNBWxqKC5T8AwAA/AMAAAgAAABtZXRhLnhtbDw/eG1sIHZl

Debug level 1: CLIENT -> SERVER: cnNpb249IjEuMCIgZW5jb2Rpbmc9IlVURi04Ij8+CjxvZmZpY2U6ZG9jdW1lbnQtbWV0YSB4bWxu

Debug level 1: CLIENT -> SERVER: czpvZmZpY2U9InVybjpvYXNpczpuYW1lczp0YzpvcGVuZG9jdW1lbnQ6eG1sbnM6b2ZmaWNlOjEu

Debug level 1: CLIENT -> SERVER: MCIgeG1sbnM6eGxpbms9Imh0dHA6Ly93d3cudzMub3JnLzE5OTkveGxpbmsiIHhtbG5zOmRjPSJo

Debug level 1: CLIENT -> SERVER: dHRwOi8vcHVybC5vcmcvZGMvZWxlbWVudHMvMS4xLyIgeG1sbnM6bWV0YT0idXJuOm9hc2lzOm5h

Debug level 1: CLIENT -> SERVER: bWVzOnRjOm9wZW5kb2N1bWVudDp4bWxuczptZXRhOjEuMCIgeG1sbnM6b29vPSJodHRwOi8vb3Bl

Debug level 1: CLIENT -> SERVER: bm9mZmljZS5vcmcvMjAwNC9vZmZpY2UiIG9mZmljZTp2ZXJzaW9uPSIxLjIiPjxvZmZpY2U6bWV0

Debug level 1: CLIENT -> SERVER: YT48bWV0YTppbml0aWFsLWNyZWF0b3I+ZWxpc2V1PC9tZXRhOmluaXRpYWwtY3JlYXRvcj48bWV0

Debug level 1: CLIENT -> SERVER: YTplZGl0aW5nLWN5Y2xlcz4zPC9tZXRhOmVkaXRpbmctY3ljbGVzPjxtZXRhOmNyZWF0aW9uLWRh

Debug level 1: CLIENT -> SERVER: dGU+MjAyNS0wOS0yOVQxMjoyNTowMDwvbWV0YTpjcmVhdGlvbi1kYXRlPjxkYzpkYXRlPjIwMjUt

Debug level 1: CLIENT -> SERVER: MTAtMDFUMDk6Mjk6NTcuNTA8L2RjOmRhdGU+PG1ldGE6ZWRpdGluZy1kdXJhdGlvbj5QVDAxSDM1

Debug level 1: CLIENT -> SERVER: TTIzUzwvbWV0YTplZGl0aW5nLWR1cmF0aW9uPjxtZXRhOmdlbmVyYXRvcj5Cck9mZmljZS5vcmcv

Debug level 1: CLIENT -> SERVER: My4xJFdpbjMyIE9wZW5PZmZpY2Uub3JnX3Byb2plY3QvMzEwbTExJEJ1aWxkLTkzOTk8L21ldGE6

Debug level 1: CLIENT -> SERVER: Z2VuZXJhdG9yPjxtZXRhOmRvY3VtZW50LXN0YXRpc3RpYyBtZXRhOnRhYmxlLWNvdW50PSIwIiBt

Debug level 1: CLIENT -> SERVER: ZXRhOmltYWdlLWNvdW50PSIwIiBtZXRhOm9iamVjdC1jb3VudD0iMCIgbWV0YTpwYWdlLWNvdW50

Debug level 1: CLIENT -> SERVER: PSIxIiBtZXRhOnBhcmFncmFwaC1jb3VudD0iMTEiIG1ldGE6d29yZC1jb3VudD0iNzIiIG1ldGE6

Debug level 1: CLIENT -> SERVER: Y2hhcmFjdGVyLWNvdW50PSI0MzkiLz48bWV0YTp0ZW1wbGF0ZSB4bGluazp0eXBlPSJzaW1wbGUi

Debug level 1: CLIENT -> SERVER: IHhsaW5rOmFjdHVhdGU9Im9uUmVxdWVzdCIgeGxpbms6dGl0bGU9Ik5vcm1hbCIgeGxpbms6aHJl

Debug level 1: CLIENT -> SERVER: Zj0iIi8+PC9vZmZpY2U6bWV0YT48L29mZmljZTpkb2N1bWVudC1tZXRhPlBLAwQUAAgICAC8Y0Fb

Debug level 1: CLIENT -> SERVER: AAAAAAAAAAAAAAAAGAAAAFRodW1ibmFpbHMvdGh1bWJuYWlsLnBuZ+2XaTQUjBrHieQlhCJFsoXs

Debug level 1: CLIENT -> SERVER: S9YkiexL9m3EGEuWCQ0GURQpS7LFWHor6zCIBo0ZSyF79mbGlsFgGGMsY5/r3POee899P91z7tf7

Debug level 1: CLIENT -> SERVER: 6fec55znnOc5///5n/MkWVnc42C7xMbAwMBhbHT3/gm/MDAwMrCynFTbYur4k/5P47t6thH5awXa

Debug level 1: CLIENT -> SERVER: b/FGfAbCYpHSuYrn67iZ83Ft74Dtc5w4GbhZHgFpkNh2YYtTq4ehht/sOP229UM/E470NGKZPvOz

Debug level 1: CLIENT -> SERVER: wziHgLnOqNyW/k1ZhrzdNQcuhlmf+DI9oZeXRp/979BOisyrBvOnI/hlMpIJUuPO3MDvLwVLlrVQ

Debug level 1: CLIENT -> SERVER: KmTL7+5g/I6i28zi0L6WgwMS0t/oQBu4SEC4+ThI5YcW66MwOk37NB6S5cjqTDLCA7UikxM+gUAQ

Debug level 1: CLIENT -> SERVER: fw5kwhO9HQgpcvIEyovJ3SOnGUS1DGxCsWsccnNPoCkUQb7I8nk02MA1t2LElb4CwNt2HtV6C8yc

Debug level 1: CLIENT -> SERVER: x70mBK9zHUTHpHVgZkY/8i9cJW6impsFP740P184EXHujpTH1D21fgKFnFptvApg9hFI+LiFblF7

Debug level 1: CLIENT -> SERVER: bqI2WhC9QLH2ueYeGw1ZcP+U8QhLUtrO6tFOh065oe8bSs5ZKQ+pWjggskgGCXWokMeimMZbKI32

Debug level 1: CLIENT -> SERVER: n7mxfs0WXWV4pT7JekgYJHU8aYN6bThcGVOwIHuPJpkDASVYWKyJO+jy/xHJRbs9dwgKASX8yY3f

Debug level 1: CLIENT -> SERVER: a+raeBHLOi66BK7JKOv/c+3g8eRXrhBIf1L/dzFed9PuY/HaJVXLjGB371J9/KJ/uW1FBmY7h3Zc

Debug level 1: CLIENT -> SERVER: o2MsD+5pMofSwqU89+1CA6/Y4E2L8FJPdqDXQZxwGsIiF1gB7HHtK+lTxSPY6bTyrqatAuK0sNpI

Debug level 1: CLIENT -> SERVER: fDXlakt5v9564l546MhNWmzCGe4brbS/7LCh+qFwenpxSKceG8CYCqZqqYasfjRQx42jfBMpVpHo

Debug level 1: CLIENT -> SERVER: RmV0lAZssni+PCKxXecnR3X1sKBlm0ATJsUTpScPVChoblLTmiBL1B8M//Li+Lqfwlz6PWxarxui

Debug level 1: CLIENT -> SERVER: 5Zfw+ux6iv8gyxmwtHbjXEFUp6qGIP2MpdjDEdVu6uYt1y0RjAZjStuuObGHyUmsQ7XaAqq7dlTd

Debug level 1: CLIENT -> SERVER: El189U6piaRFrN9bX92wYZwhJoCUpTcK4VFA0EwV9cdBJOCuSKHhKNl/800VaunaVoeWLJ9bdCgF

Debug level 1: CLIENT -> SERVER: 6V578Pn0u7NNSLfDH+PStc3+/L2I6slX93XxcXCt5cap7EDQQmQ718bNDwmljNbxWudulAG7nl6j

Debug level 1: CLIENT -> SERVER: P/bqSNRPnrg+LnZa7clZtp42fXDIhsVtUvy7EmgyI480qx9vn2oVUyqGzyvzII3RfG837MGQL+l9

Debug level 1: CLIENT -> SERVER: cXE0a0Ueoi52iRQQXSHLaOHOYaSs9KNHdkI8RXfcfM1U6PmNqjg49aZ+S1ClklHvVM5wQ1F8EaEj

Debug level 1: CLIENT -> SERVER: pY49ng1YxlSD8Y/uRVd17f1W+fqttaKgpXykv5bsnRyff4ZOARP62RgNTR/95Lk5Ki7WGvuIzPRo

Debug level 1: CLIENT -> SERVER: O+4Cf9zbldlPStggzVmpBhnhuGRPOo9ufXQ+yZTH7lK1UIajfqutrG4qxlX9QLOZKzg6ZtIUTVkN

Debug level 1: CLIENT -> SERVER: f9fZK5i3BXzFaByqc0W4chQSfChyCz64ZrqqzuJh12YHZNsPeTHIE2DEe6p92HcEXpDsXyq9fnR0

Debug level 1: CLIENT -> SERVER: MZTBnla1sV1bdT7/wvpaZH6vj5e4odl0znsdbRZVu+yn9E9912rK2RTZYsFM2eIoJjt0oKJNEqBi

Debug level 1: CLIENT -> SERVER: MtkTYKtnyLOmXadVuNiNgzxILze07SS+qN+qq3fK6R9Z5Xoi4O/Oz05YhkNlu9aUq8aagYr2V/Td

Debug level 1: CLIENT -> SERVER: t1H51X5wlwkEAKODcR3P3NzW6K94dnDW5Lc65FmriNzVh1ZnPrBATtCFyQbkUM/VbZ8PKPGVzn3T

Debug level 1: CLIENT -> SERVER: d4+BK7rwCFN+WbiRwDzpRZJe3OOYntBGdkAYdmUPnCKrsPPsMWfPndoVoMD+I9NQSfuR6AGR+6vU

Debug level 1: CLIENT -> SERVER: 60Qav2ah53Ms4OjbZg3MUghwJ3U6502mM7OO+WbmeBPeR/Z9gZsc+tHoDsx08bYg96HZrjnHyu3R

Debug level 1: CLIENT -> SERVER: 95x3/4nUI14wWKI5W9yySMMfNGm4ZW7nuYI3OIwccDcf4Ej6KNL9h/qCMfaGiQIIheAFGPQEMUhg

Debug level 1: CLIENT -> SERVER: kalLodR6aFasSs/ekRsgT95bc8ZooF+b+eLcp8LsKTk0Rf7QTaJlkXniOjbswhAxh8103cIOSa6a

Debug level 1: CLIENT -> SERVER: n8Qbl1HM/n6OcyTShW+4l6/AbKiK8rxu2zlMfSLZ1L8la3t2RTlmgW5aw+ZOlws5rFMITJmA+2tF

Debug level 1: CLIENT -> SERVER: vHR80oOlwXBmwUJfPyNg5q8Hi7/MqsG8EBPJGfUImPhly2GWPIhAaA0yV1+Y/lZqqfkYZvBzsJ3s

Debug level 1: CLIENT -> SERVER: v5wlhe6PjIg5bU2zw2DF6wAqQagdF80GeSAu3p2EcKui86n/ek6cDYqxiVI6jq+qs5jmDVb/wLLr

Debug level 1: CLIENT -> SERVER: 9JeQq97Le3YUfcf72MI50ZzaJBfTSmTJy/TwtFokQKc60oVz3TUVqjtUY9QyI/EA1WGILjbQGNhs

Debug level 1: CLIENT -> SERVER: +SYneSVpapIL2OUkH5+sFiTKfWp9OAHWi+TUpJKtx8fxAzLgXo/v+0K6+pl/2kBU5Hc8X1rli888

Debug level 1: CLIENT -> SERVER: Vdz8LUvUHbYX2bnVkB8hvnOw54HTL0Kr09dsA586XeaVOBl37IdfippR2MQFEbjbeTchtMAZ9I/a

Debug level 1: CLIENT -> SERVER: Oi4q197xb/VthS58ym6KLu/dfwm/K2EdqSSlIIlD+vlgQcSxAIhOQtUZWmd10jBK1WIWMleZUdvQ

Debug level 1: CLIENT -> SERVER: Ec0CxaJvzF8W9d31iDHPBAS3VnzHnrcnYmA+vXHplD/IZPUbALnobBTvjVYfvRMvCU2lvY6SWiX0

Debug level 1: CLIENT -> SERVER: mLTNlE2laYGHbDVf2exq8oTyhlIG38KkslxEQRnW2MzqHHHUQM5Qp8/IFkqnEB4qeGTVWXOI7Uhp

Debug level 1: CLIENT -> SERVER: IqHO5XvBW2XWpzMxiAlNol2CjyusABbR3/X819iwX0nml8ALPy4IvpdoXV48Yg3186TYZnUJ5AS4

Debug level 1: CLIENT -> SERVER: kJ3Qti6kdfeLiZmTA2+IuUSVMU7bw/rVkqlaLRprm722vPZ44+WbTQchGxvaw0KBCzG20NfmJq3b

Debug level 1: CLIENT -> SERVER: QwEiS6VFDm26J1tWS1O6S1IMgeQPLb+Dl5Usz2ZW5Iiz+xBi29y4w4NghCXmczg+KJ3gdonONZRq

Debug level 1: CLIENT -> SERVER: N5tFItkNJ5SQhS274YLzN1VDMhttnZvDwkKP5np2OsbSM/2hV7Q0vwRdKY/xBbqC8y+tJw6O1bdp

Debug level 1: CLIENT -> SERVER: UpvpMdmdJVCYRsHFq1khSt/QKkpFKslwdoIGXZ5KnZlXbZIBsjY7a1upyTE5KJwmXt6+3IizEXZG

Debug level 1: CLIENT -> SERVER: hetFxXRbnDo6QwNmNEiZYqOnKhWMXVb2wX3XJYfYV2RM0/Y2n0hnDU79CDaTxOluvniYVG/nrnzQ

Debug level 1: CLIENT -> SERVER: cZ3wLVAGaqBqgxCa0hiJBx96D8ZbgkorYtwa3KbSapZA7xxipeCIhY5TmyFBkBrbFbGBsTEIQSMr

Debug level 1: CLIENT -> SERVER: +GJ50FZiMT7otMd2IOpWOJEC27eJlqFtRFFFWxTCqaGpPzcXfET/HXMx2dMQszAHl8qvj4qRM+08

Debug level 1: CLIENT -> SERVER: nmQouirV4NVYllyj70IxKUx2HFDbSH1lVpw64/YeWe45BSI+2/7iqYJc63y1CbofbQJKMogaQITd

Debug level 1: CLIENT -> SERVER: +wF0W0WC1wofffvA/sLgLc16QcXw9Wd/ddrHS9XGaoD60zkgHJK2sfM2CHolWLNRedqr+Nad3fYY

Debug level 1: CLIENT -> SERVER: ciK6jw69ANXEZRZNDHbe7f3BG/hJL+/Nok9c8egvLxs7vknHyuaIJ9iUq9inOXX5C6Z9NHa30qnT

Debug level 1: CLIENT -> SERVER: n5Dl1MZbABdZxDsVAdmqNsmBTj3ODv/e7Hfr6wapMX3Q8Oee/PZh+JnVwgcNBKNj7yVU+ertwXO9

Debug level 1: CLIENT -> SERVER: 8jSgALheDwU1Q75vIMw7OoWpV/VFCCd41NI6N1anWzJjrQp3GJnXsEr3anXzLRY0hCvX1MFTdtlZ

Debug level 1: CLIENT -> SERVER: SQafIrGO0M+OgeUfli2zPL4sf0SWm6iT/IXDJFmz7ck3J+BytV9bcPuvA4lqfTv7Kcf2xBGdV0HO

Debug level 1: CLIENT -> SERVER: kDQ1Pi/Ul/n76OJjXCoqENQZVY8k4/qDOKmKfwvY/+P/+K9AZ/J4fI/Vpqfx68mLx2BsYHEXcedB

Debug level 1: CLIENT -> SERVER: 3D8AUEsHCAFeDAqoCwAACQ4AAFBLAwQUAAgICAC8Y0FbAAAAAAAAAAAAAAAADAAAAHNldHRpbmdz

Debug level 1: CLIENT -> SERVER: LnhtbLVZW1PiShB+P7/Cyjsi6K5KKVsBlz2sKBTgWmffhqSBHCfTqZmJwL8/PROwXAgeJJknNJe+

Debug level 1: CLIENT -> SERVER: 99dfT26+LWN+8gpSRShuvdrpmXcCIsAwErNb72ncqVx535p/3eB0GgXQCDFIYxC6okBrekSd0OtC

Debug level 1: CLIENT -> SERVER: NbLbt14qRQOZilRDsBhUQwcNTEBsXmu8f7phlWVXljwSL7feXOukUa0uFovTxfkpylm1dn19XbV3

Debug level 1: CLIENT -> SERVER: N48GKKbR7FBV2dPvVSHimyLzQmaMVVY/O7uoZv97J2sj34Wm7jU3cdi437xZK8h+KpGG2MTmZH3Z

Debug level 1: CLIENT -> SERVER: mHbrkcrGawSLt6h5ee/9+c4vet6XwMaYeJs7epXQnUhor1mv1W+quzIOl9uDqc4TfFZM7HMU6nme

Debug level 1: CLIENT -> SERVER: 3PP6l8uCJv8N0Wyea3S9Vvt6dZzw0RwXQwipwqA9Z2IGakvBBJEDE15TyxSO09EVLYkLBQ8Ywj7p

Debug level 1: CLIENT -> SERVER: U8bVweIrMUsqkQhhCeFurPLLy75DjSFXh0W8G26ZqrSk2vWappILZHJf4dUur2qXx4vd0ycX9esv

Debug level 1: CLIENT -> SERVER: xwpV0YRD6X1ipZbf1VbscF+DmO4rZnELtcY43+jzyyOb7zdiPCZJ25U2R1kMinpshaluI09jsd3Q

Debug level 1: CLIENT -> SERVER: ZUlvIb6U1tG7cemwQKPMt712dqT1XTUCDoGGsCPpwhGm51x8jyz7bq/BKv8BGouHD9LsQiqZprH8

Debug level 1: CLIENT -> SERVER: mYnqh+GASTZmVM2jhAUGzMpP3YBAUg/B0AbYRtAy5PdTbWZVjzTwfyLgoXpM4wlIN970iHg9JSHT

Debug level 1: CLIENT -> SERVER: ebNrU4wFAvU9TvRqwNxM3ZlACZ1IKk1uQJcqUOiucBkuYhCS2hZkG+NEgjLMsXR8s4EbkQMcfuJk

Debug level 1: CLIENT -> SERVER: b+AKuJFlvCMJnCFOOP1dfnasFwOWgDR6RqDT7YlYhifU8xbo+tMpIYWLWFk/DElwVMVrbjqQqAm3

Debug level 1: CLIENT -> SERVER: qZ7uYbWthSn4etGKBJMrr3qgyRYGHdi7NrSDcpsslNVg2k81ZiXqqCzbSMMMuZPokHiQueX+ySxm

Debug level 1: CLIENT -> SERVER: 8EZpVL4IW5yJF0VBN0jXZjxIuZ2PrgreFwK11bB/LhwJbz1k4RBYiILvFHo5iGBYwJoAjNH2QRu4

Debug level 1: CLIENT -> SERVER: i2yTru9LSrdgvEcefTBzCuhIEr56UiDvmGbli+8YiuGy4UbsFX5lZyx90eaoXPBpo+QHxwnjd+vj

Debug level 1: CLIENT -> SERVER: IUNsXIyDrrqnfPsqYmKQikCnrtrQ59FMUPGONCYDVNFHao7PTptHia/eaI0vAuptCJ8lPSo7fGWH

Debug level 1: CLIENT -> SERVER: q4s4tlMpKU2mqA0wmt8RpjLYwZrsUOIAvKRY+XZQZ0SQsNLgwEyyZK66ohep7cW5DDfu8BF1myU6

Debug level 1: CLIENT -> SERVER: lXAn2aI/+Vf1haEKDpRZKBvi4h7ABZdaz67H3b3x8CRYGR22LCSExrOKQpBjWOpnyl9fUFipB1ww

Debug level 1: CLIENT -> SERVER: YQV9Hq49fwAyMXBGIu3hjatdSPXYBN7Qz02kDOcDy0Dcrdc5S7yvR5pYYflBe3NpU2iJG58sSAyB

Debug level 1: CLIENT -> SERVER: FhTjmq+1NEyO9tQOOklVtnpJVAkRdVfyfxhg/aBbCjAeznFhddD622YiAO5g8P05f2ifj5kIc3b5

Debug level 1: CLIENT -> SERVER: IofBNvE/U6Wj6cq0jXqO9PyBiZTxlgT24mZGqCGY5eAVxpiNQpdoQMhMRbYhKA6P3EAaZ8wHQMPu

Debug level 1: CLIENT -> SERVER: 7AHtnu8Xc8LZigSFPDU2FRkMLs+S1gckM2ix4GUmMRV7jxPLLvNi493wHHsk62Z7plU3eDHI6GTe

Debug level 1: CLIENT -> SERVER: iyXVbQC/QSKtbv+ztX3ymNwec1d3viBX931bb/4HUEsHCFLHHHQABQAAnR8AAFBLAwQUAAgICAC8

Debug level 1: CLIENT -> SERVER: Y0FbAAAAAAAAAAAAAAAAFQAAAE1FVEEtSU5GL21hbmlmZXN0LnhtbLWVS27DIBBA9zmFxd7QZlVZ

Debug level 1: CLIENT -> SERVER: cSK1Uk+QHoDgsYPET8wQJbcvjpTEbaOqqcwOLHhvGDzDanO0pjpARO1dy575E6vAKd9pN7TsY/te

Debug level 1: CLIENT -> SERVER: v7DNerGy0ukekJrLoMr7HF6nLUvRNV6ixsZJC9iQanwA13mVLDhqvq5vRtN6Ud3AvTZQ54XxVN1k

Debug level 1: CLIENT -> SERVER: 0GlZ0ylAy2QIRitJOU5xcB0/u/hUwQmOxG67J6daTj73yZg6SNq3TDDxUAz3KW/e9XpI8RwbLgWS

Debug level 1: CLIENT -> SERVER: pIQ7GcvgpVJgIE99FCrFOJ48J7e4q4igN14SFIIHH1LIf0YqhI9+iIDlbnoMvRicvDfF4NrKAVC8

Debug level 1: CLIENT -> SERVER: arIyYFHHg+zvbQSTG6uHJ83VVPC3GB6Ujw1KjLV6F5799L9i/p2LdDKAs2MtkJyt8Wz3ye6c1AYF

Debug level 1: CLIENT -> SERVER: XYY8uGFu+LyJBaL8Tl5TuxI/nsn1J1BLBwhlgkjaRAEAAGEHAABQSwECFAAUAAAIAAC8Y0FbXsYy

Debug level 1: CLIENT -> SERVER: DCcAAAAnAAAACAAAAAAAAAAAAAAAAAAAAAAAbWltZXR5cGVQSwECFAAUAAAIAAC8Y0FbAAAAAAAA

Debug level 1: CLIENT -> SERVER: AAAAAAAAGgAAAAAAAAAAAAAAAABNAAAAQ29uZmlndXJhdGlvbnMyL3N0YXR1c2Jhci9QSwECFAAU

Debug level 1: CLIENT -> SERVER: AAgICAC8Y0FbAAAAAAIAAAAAAAAAJwAAAAAAAAAAAAAAAACFAAAAQ29uZmlndXJhdGlvbnMyL2Fj

Debug level 1: CLIENT -> SERVER: Y2VsZXJhdG9yL2N1cnJlbnQueG1sUEsBAhQAFAAACAAAvGNBWwAAAAAAAAAAAAAAABgAAAAAAAAA

Debug level 1: CLIENT -> SERVER: AAAAAAAA3AAAAENvbmZpZ3VyYXRpb25zMi9mbG9hdGVyL1BLAQIUABQAAAgAALxjQVsAAAAAAAAA

Debug level 1: CLIENT -> SERVER: AAAAAAAaAAAAAAAAAAAAAAAAABIBAABDb25maWd1cmF0aW9uczIvcG9wdXBtZW51L1BLAQIUABQA

Debug level 1: CLIENT -> SERVER: AAgAALxjQVsAAAAAAAAAAAAAAAAcAAAAAAAAAAAAAAAAAEoBAABDb25maWd1cmF0aW9uczIvcHJv

Debug level 1: CLIENT -> SERVER: Z3Jlc3NiYXIvUEsBAhQAFAAACAAAvGNBWwAAAAAAAAAAAAAAABgAAAAAAAAAAAAAAAAAhAEAAENv

Debug level 1: CLIENT -> SERVER: bmZpZ3VyYXRpb25zMi9tZW51YmFyL1BLAQIUABQAAAgAALxjQVsAAAAAAAAAAAAAAAAYAAAAAAAA

Debug level 1: CLIENT -> SERVER: AAAAAAAAALoBAABDb25maWd1cmF0aW9uczIvdG9vbGJhci9QSwECFAAUAAAIAAC8Y0FbAAAAAAAA

Debug level 1: CLIENT -> SERVER: AAAAAAAAHwAAAAAAAAAAAAAAAADwAQAAQ29uZmlndXJhdGlvbnMyL2ltYWdlcy9CaXRtYXBzL1BL

Debug level 1: CLIENT -> SERVER: AQIUABQACAgIALxjQVt/jOzCPAUAAIEUAAALAAAAAAAAAAAAAAAAAC0CAABjb250ZW50LnhtbFBL

Debug level 1: CLIENT -> SERVER: AQIUABQACAgIALxjQVsnqI4WkAsAAFpWAAAKAAAAAAAAAAAAAAAAAKIHAABzdHlsZXMueG1sUEsB

Debug level 1: CLIENT -> SERVER: AhQAFAAACAAAvGNBWxqKC5T8AwAA/AMAAAgAAAAAAAAAAAAAAAAAahMAAG1ldGEueG1sUEsBAhQA

Debug level 1: CLIENT -> SERVER: FAAICAgAvGNBWwFeDAqoCwAACQ4AABgAAAAAAAAAAAAAAAAAjBcAAFRodW1ibmFpbHMvdGh1bWJu

Debug level 1: CLIENT -> SERVER: YWlsLnBuZ1BLAQIUABQACAgIALxjQVtSxxx0AAUAAJ0fAAAMAAAAAAAAAAAAAAAAAHojAABzZXR0

Debug level 1: CLIENT -> SERVER: aW5ncy54bWxQSwECFAAUAAgICAC8Y0FbZYJI2kQBAABhBwAAFQAAAAAAAAAAAAAAAAC0KAAATUVU

Debug level 1: CLIENT -> SERVER: QS1JTkYvbWFuaWZlc3QueG1sUEsFBgAAAAAPAA8A7gMAADsqAAAAAA==

Debug level 1: CLIENT -> SERVER: 

Debug level 1: CLIENT -> SERVER: --b1=_Tzpm5JbvPNdelw8Z5MmBzntEgRBmdSzyPWoPBC3gRCk--

Debug level 1: CLIENT -> SERVER: 

Debug level 1: CLIENT -> SERVER: .

Debug level 2: SERVER -> CLIENT: 250 2.0.0 Ok: queued as D9FC120018D0

Debug level 1: CLIENT -> SERVER: QUIT

Debug level 2: SERVER -> CLIENT: 221 2.0.0 Bye

