Debug level 2: SERVER -> CLIENT: 220 smtp-sp217-139.kinghost.net ESMTP

Debug level 1: CLIENT -> SERVER: EHLO localhost

Debug level 2: SERVER -> CLIENT: 250-smtp-sp217-139.kinghost.net
250-PIPELINING
250-SIZE 62914560
250-VRFY
250-ETRN
250-STARTTLS
250-AUTH PLAIN LOGIN
250-AUTH=PLAIN LOGIN
250-ENHANCEDSTATUSCODES
250-8BITMIME
250-DSN
250 CHUNKING

Debug level 1: CLIENT -> SERVER: AUTH LOGIN

Debug level 2: SERVER -> CLIENT: 334 VXNlcm5hbWU6

Debug level 1: CLIENT -> SERVER: [credentials hidden]
Debug level 2: SERVER -> CLIENT: 334 UGFzc3dvcmQ6

Debug level 1: CLIENT -> SERVER: [credentials hidden]
Debug level 2: SERVER -> CLIENT: 235 2.7.0 Authentication successful

Debug level 1: CLIENT -> SERVER: MAIL FROM:<ourodosul@ourodosul.com.br>

Debug level 2: SERVER -> CLIENT: 250 2.1.0 Ok

Debug level 1: CLIENT -> SERVER: RCPT TO:<gilmar.a.fritzen@gmail.com>

Debug level 2: SERVER -> CLIENT: 250 2.1.5 Ok

Debug level 1: CLIENT -> SERVER: DATA

Debug level 2: SERVER -> CLIENT: 354 End data with <CR><LF>.<CR><LF>

Debug level 1: CLIENT -> SERVER: Date: Thu, 2 Oct 2025 15:43:03 +0200

Debug level 1: CLIENT -> SERVER: To: gilmar.a.fritzen@gmail.com

Debug level 1: CLIENT -> SERVER: From: ourodosul@ourodosul.com.br

Debug level 1: CLIENT -> SERVER: Subject: =?iso-8859-1?Q?Atualiza=C3=A7=C3=A3o_de_Cadastro?=

Debug level 1: CLIENT -> SERVER: Message-ID: <DjnsElNu7PkgkW1rNBNy6eF93FjnsB71muYDkbHaM@localhost>

Debug level 1: CLIENT -> SERVER: X-Mailer: PHPMailer 6.10.0 (https://github.com/PHPMailer/PHPMailer)

Debug level 1: CLIENT -> SERVER: MIME-Version: 1.0

Debug level 1: CLIENT -> SERVER: Content-Type: multipart/mixed;

Debug level 1: CLIENT -> SERVER:  boundary="b1=_DjnsElNu7PkgkW1rNBNy6eF93FjnsB71muYDkbHaM"

Debug level 1: CLIENT -> SERVER: Content-Transfer-Encoding: 8bit

Debug level 1: CLIENT -> SERVER: 

Debug level 1: CLIENT -> SERVER: --b1=_DjnsElNu7PkgkW1rNBNy6eF93FjnsB71muYDkbHaM

Debug level 1: CLIENT -> SERVER: Content-Type: multipart/alternative;

Debug level 1: CLIENT -> SERVER:  boundary="b2=_DjnsElNu7PkgkW1rNBNy6eF93FjnsB71muYDkbHaM"

Debug level 1: CLIENT -> SERVER: 

Debug level 1: CLIENT -> SERVER: --b2=_DjnsElNu7PkgkW1rNBNy6eF93FjnsB71muYDkbHaM

Debug level 1: CLIENT -> SERVER: Content-Type: text/plain; charset=iso-8859-1

Debug level 1: CLIENT -> SERVER: Content-Transfer-Encoding: 8bit

Debug level 1: CLIENT -> SERVER: 

Debug level 1: CLIENT -> SERVER: (Sem conteúdo)

Debug level 1: CLIENT -> SERVER: 

Debug level 1: CLIENT -> SERVER: --b2=_DjnsElNu7PkgkW1rNBNy6eF93FjnsB71muYDkbHaM

Debug level 1: CLIENT -> SERVER: Content-Type: text/html; charset=iso-8859-1

Debug level 1: CLIENT -> SERVER: Content-Transfer-Encoding: 8bit

Debug level 1: CLIENT -> SERVER: 

Debug level 1: CLIENT -> SERVER: <p>(Sem conteúdo)</p>

Debug level 1: CLIENT -> SERVER: 

Debug level 1: CLIENT -> SERVER: 

Debug level 1: CLIENT -> SERVER: --b2=_DjnsElNu7PkgkW1rNBNy6eF93FjnsB71muYDkbHaM--

Debug level 1: CLIENT -> SERVER: 

Debug level 1: CLIENT -> SERVER: --b1=_DjnsElNu7PkgkW1rNBNy6eF93FjnsB71muYDkbHaM

Debug level 1: CLIENT -> SERVER: Content-Type: application/octet-stream; name="14268  .9 ALZIRO ROQUE FRITZEN.odt"

Debug level 1: CLIENT -> SERVER: Content-Transfer-Encoding: base64

Debug level 1: CLIENT -> SERVER: Content-Disposition: attachment; filename="14268  .9 ALZIRO ROQUE FRITZEN.odt"

Debug level 1: CLIENT -> SERVER: 

Debug level 1: CLIENT -> SERVER: UEsDBBQAAAgAAFltQltexjIMJwAAACcAAAAIAAAAbWltZXR5cGVhcHBsaWNhdGlvbi92bmQub2Fz

Debug level 1: CLIENT -> SERVER: aXMub3BlbmRvY3VtZW50LnRleHRQSwMEFAAACAAAWW1CWwAAAAAAAAAAAAAAABoAAABDb25maWd1

Debug level 1: CLIENT -> SERVER: cmF0aW9uczIvc3RhdHVzYmFyL1BLAwQUAAgICABZbUJbAAAAAAAAAAAAAAAAJwAAAENvbmZpZ3Vy

Debug level 1: CLIENT -> SERVER: YXRpb25zMi9hY2NlbGVyYXRvci9jdXJyZW50LnhtbAMAUEsHCAAAAAACAAAAAAAAAFBLAwQUAAAI

Debug level 1: CLIENT -> SERVER: AABZbUJbAAAAAAAAAAAAAAAAGAAAAENvbmZpZ3VyYXRpb25zMi9mbG9hdGVyL1BLAwQUAAAIAABZ

Debug level 1: CLIENT -> SERVER: bUJbAAAAAAAAAAAAAAAAGgAAAENvbmZpZ3VyYXRpb25zMi9wb3B1cG1lbnUvUEsDBBQAAAgAAFlt

Debug level 1: CLIENT -> SERVER: QlsAAAAAAAAAAAAAAAAcAAAAQ29uZmlndXJhdGlvbnMyL3Byb2dyZXNzYmFyL1BLAwQUAAAIAABZ

Debug level 1: CLIENT -> SERVER: bUJbAAAAAAAAAAAAAAAAGAAAAENvbmZpZ3VyYXRpb25zMi9tZW51YmFyL1BLAwQUAAAIAABZbUJb

Debug level 1: CLIENT -> SERVER: AAAAAAAAAAAAAAAAGAAAAENvbmZpZ3VyYXRpb25zMi90b29sYmFyL1BLAwQUAAAIAABZbUJbAAAA

Debug level 1: CLIENT -> SERVER: AAAAAAAAAAAAHwAAAENvbmZpZ3VyYXRpb25zMi9pbWFnZXMvQml0bWFwcy9QSwMEFAAICAgAWW1C

Debug level 1: CLIENT -> SERVER: WwAAAAAAAAAAAAAAAAsAAABjb250ZW50LnhtbL1YTXLbNhTe9xQoM9NpFxQtO+3YrCVPmtgZz/iv

Debug level 1: CLIENT -> SERVER: ljztZAeDkIgpCDAAKNlZ9Q49QVeZHqAn8E16kj6AJExaokNFmXhhk3jfe+/D+wPow6O7jKMFVZpJ

Debug level 1: CLIENT -> SERVER: MQqGg50AUUFkwsR8FNxMT8L94Gj8zaGczRihcSJJkVFhQiKFgb8ItIWOS+koKJSIJdZMxwJnVMeG

Debug level 1: CLIENT -> SERVER: xDKnotaKm+jY+SpXtLnnvdUduKlt6J3pq2yxLV1829+zAze1E4WXfZUtFoLaVJ/Jvsp3moczCVHP

Debug level 1: CLIENT -> SERVER: cmzYExZ3nIk/RkFqTB5H0XK5HCz3BlLNo+HBwUHkpJ4w8bi8UNyhEhJRTq0zHQ0Hw6jGZtTgvvws

Debug level 1: CLIENT -> SERVER: tklJFNktVb1Dgw1eyapezHtXxGLeERqSYtW7Nhy4nd69pH9695KmboZN2pGT/egchO7X+dljLais

Debug level 1: CLIENT -> SERVER: ry+LbYWKKJb33maJbupLKT1Vq1A2qKO7u7PzMirfG+jls/ClYoaqBpw8CyeYEx9xma0LGuCGESBC

Debug level 1: CLIENT -> SERVER: urBl6gvfBkJ3KOxGpdiDddJp+vfzswlJaYYfwezT4JAJbbB4jIyySejc6Y+RorlUxgdm1n9gQrZ2

Debug level 1: CLIENT -> SERVER: vZdkhr0bQOqBsxBaReeraSGynRlZlRe+0hjldVl7kpV/epdTxawi5jZzYaZhl5BNmccN7bJ4Ks3G

Debug level 1: CLIENT -> SERVER: 4bEbjOuToqwyHfmFGZwY4QwTGiaUcD0+LDveL6Py3fIYBVOcygwPAwStXUMyxu9rSRA9r/8ac3ar

Debug level 1: CLIENT -> SERVER: 2DoDlShALX0rC+dUwO6hWvWSad3Tx2e6ULAL0ULkzBAYGQusmD1nerpHZ2yemnUb/Q7nUv/cgpVL

Debug level 1: CLIENT -> SERVER: X5HXF6NVZmQLWmcFYQlGEyw0uhEMbji0k9wabB+K99rQbBuO5xP0VpqUkU5mHvFV+FS91tmE23uP

Debug level 1: CLIENT -> SERVER: uoZDtY4LA44MI6Gz46eG+93iejX0viqSOVZ4rnCe1gJYsFdX9xKWWhOY3wlWSQ3J4B5CVZjj+Qqi

Debug level 1: CLIENT -> SERVER: du3NhjlMRaoMo9o7sGrV1cdSd1tsMO6mP12hb2+q3ql9afqbyZhILsHNix33U2s7oCwMXPrA6gxz

Debug level 1: CLIENT -> SERVER: TVsiux6aVMlinobVtVtIQVuJejpDwZtb1+wDrA+HuWms1TZUhrlbdn50ihN7TWjadoJCJFQ5Fi3v

Debug level 1: CLIENT -> SERVER: tbkltQPh0d4TViGcdFi05vsjwNKrASXJptBlvZKusV46fgbg3NtbJqd3zxHwkA4KXt5NogPi4kez

Debug level 1: CLIENT -> SERVER: PMVlIlZiKxfrQrsOUBWPc+qeVys16mzBSnArk3v/Ys2PD93XlabvC/iE9K28uojcUsJ0zvF9Xa0h

Debug level 1: CLIENT -> SERVER: h8sdHwVQyk5cFuEp54U2CvxLYTluZWxaj53trNjG3NbIm/Jr0IW9O2p5qdKcWDDnxr/IDCUMf4te

Debug level 1: CLIENT -> SERVER: vS8YevgHwWF1WSiJEokmBR+gKzixMqkRfKXb2xlWCC6eCFv0UeUv73bRGHlOBp+9Ucfj8OXuT/uo

Debug level 1: CLIENT -> SERVER: CkU0HhzUzzkWq4ZhyI1fnb07vb5E15e/3hyjk+vT6bvjizoEoDTehN4xXL/tNmGqK1iTiGZ2ywYb

Debug level 1: CLIENT -> SERVER: ieyYRtgU0KcfYP+aFojgBMa7kmV8LHLGoL+cUEMMEzB1hDYhcCEzGm+k8frqBP33518b6byBz2ME

Debug level 1: CLIENT -> SERVER: hC+wJu5uLuONopRhxtH3ud2zpspamjGeyh9i1EzqBhanlFMYHbRt4FOPU8jObyk2Guf50Uaan0nz

Debug level 1: CLIENT -> SERVER: 2B419OGj3CxFdfMUtm+o1tTXFETOVFsv6yvH2jUXXJrlw8eHf+FktkWkCzinM6qILamNGm7SKFPw

Debug level 1: CLIENT -> SERVER: bR7+hpRlCNJf1YDwNYDgBT7xlKNFKC84VoMNfEVfDhO1DoGodT5EHf85HP8PUEsHCNrNN4wwBQAA

Debug level 1: CLIENT -> SERVER: ehQAAFBLAwQUAAgICABZbUJbAAAAAAAAAAAAAAAACgAAAHN0eWxlcy54bWzdXF+To7gRf8+ncHkr

Debug level 1: CLIENT -> SERVER: ecMG/N/Z2atkc5ekareS3Ow+X8kg2+QwooQYj+/r5CFP+RT7xdKSEAgQmPGf8axvqrbO6pbU/etW

Debug level 1: CLIENT -> SERVER: q9UI3v/wvAt7T5gmAYke+s7A7vdw5BE/iDYP/a9ffrLm/R8+/O49Wa8DDy994qU7HDErYYcQJz3o

Debug level 1: CLIENT -> SERVER: HCVLSXzopzRaEpQEyTJCO5wsmbckMY5Up6XOvRRTyRYxWNfuglnvzfAz69qZ85b6olX3mQWz3tun

Debug level 1: CLIENT -> SERVER: aN+1M+cFTPXua9K183MSWmtieWQXIxZUpHgOg+jXh/6WsXg5HO73+8F+NCB0M3QWi8VQUHOBvZwv

Debug level 1: CLIENT -> SERVER: TmkouHxviEPMJ0uGzsAZKt4dZqirfJxXFylKdytMO0ODGKpZNXnadPaIp00DNN4W0c6+IZjL5h35

Debug level 1: CLIENT -> SERVER: 3c078vW+O8S2DTaZDz8DUfzz+VPhC3TXdS7OW4LKo0HcWU3JrfcnhOSi8g5ygQpxXdseD+VvjXvf

Debug level 1: CLIENT -> SERVER: yr6nAcNUY/da2T0UejniZGcCDficIXBY+Im7qeKmXOnGkSdDimNCWS7IunuAAnTcfBZ/jfJpgDMZ

Debug level 1: CLIENT -> SERVER: iBEs3lHMpY8w5CthyLu86/eyQKcFV7f/QUXSNYEoukYetnzshcmH93IF5M09+ZvL+dD/grZkh5x+

Debug level 1: CLIENT -> SERVER: D1xdseyC8KAo/WF7/48oDFY0MA2Qkfq9Un9OszY4wjQA6yX7IEk6znHiFBS0iEocccA8WEJPiAY8

Debug level 1: CLIENT -> SERVER: 7nacvvcp2GyZSdE/oJgkfyyxyaZXlOtiYkmLnCHWp9QLfNR7RFHS+xoFsOHjRuEMvF1EPCQM786R

Debug level 1: CLIENT -> SERVER: 8fNj76+EbQOvUbKc41XkydZa4yI8f/ZhU3DI2mXWpaT08RqlYZaLqZEzkTYUxRw5xZv9tmIK4Yqy

Debug level 1: CLIENT -> SERVER: AHI3npEsky3yyd6C8RPMrOeHvj0YeSCngXioEBlslxZkF9hKYuRBbmNtCQ1+A9FRyFndeSvzExfD

Debug level 1: CLIENT -> SERVER: q7NCMO06ao3VMGYGSwh67AO2tWS2uEZhotk7RhQJhHR81mQpBt9ivighfNvz36vx+CgWShnhM4Nr

Debug level 1: CLIENT -> SERVER: BD4mcgAUxtvcFUT/FcUI8rOEgSMwReGbJJd4B4vpoR9Si61KzhFEPub7Cs+1dRWV6EpyyEnB/iRO

Debug level 1: CLIENT -> SERVER: uPc0K5Ozc7k1HWVrmmAAJ+K2FpN7JCSQvTGaQlAAGERjEvwGkjpOzERbiKJNijbQlDV4JI0YBSf5

Debug level 1: CLIENT -> SERVER: 88+5+phBJmD9imkkRJcDalryMS3YTVGkRs46ZoMrGs5DcDaLInx9rI/HU8EQPzeMmFMRrY6Zkx7/

Debug level 1: CLIENT -> SERVER: 1C/gLK2yLksvx79/zL12iG6CyALzgcNyZy3aVoQxngxxP3YzksEboXV7iLc4gtyXRFaIfB8AFwo9

Debug level 1: CLIENT -> SERVER: 9CMCrrML2AudNk4jj6VywD2QIfkB8MCAx71aeaPlB7DiIz4JJD0Tp1iIZb+PwSLFKjzBOTXbV7KQ

Debug level 1: CLIENT -> SERVER: a7otn0p5oHkjvZ6Li7lzTzXsPJdbA7p3YRV4qi5H8Q6Bv/LDk/I7t8YUp8m2wnLGAhPncD0Chlh3

Debug level 1: CLIENT -> SERVER: G3lMXxHKlwL3M9gOwGlCFCfcic+d2KJkX5kcWior+1eMY1jXG8y2/BzMF92xifUJpS8/whLyEfX7

Debug level 1: CLIENT -> SERVER: jQFGGS9ESQLiwfo5GnMIhaUeJcpK+wAWlvzVvDGdsUILpY8o+yVgIT6qKTTk1SfLjFLEZdQZvkDD

Debug level 1: CLIENT -> SERVER: L679y4r4h1MQK0XpwdgdNUVqZ+yYI7UtI7VwCpGERCIJQeEeHZJj6NaDmzpLlEOcO1chToavPGGw

Debug level 1: CLIENT -> SERVER: 7IHtzIsQ/KLwpufg5qAm5z09Qon+3d3EYEzYbOIQHTRz93TyOc50sp807uYO3807q/uYrtgtFgbE

Debug level 1: CLIENT -> SERVER: 6pgXcY7pLFOKMNiAI3ggAM43lH+nCQvWB4vHXJhxD+G4lnZXHV5sxyJ2vJss+F9tGx83+Di4uDvN

Debug level 1: CLIENT -> SERVER: MJf8fAJIceDU0OK7cjydKODJqE2di83V3D2nZwN0tvYnyJpOsXSLIUM+ZMcAU120TnfJP4K7wEZ/

Debug level 1: CLIENT -> SERVER: wSUHolL0wtgsF1fLuuuJ+r+sTotjVZKnNYIi4rYqXtutjqp7pRuzF3ue+0LPMxuoxTfNE5zsm3+H

Debug level 1: CLIENT -> SERVER: s+jzBe0biPFa7XshY13Oy/+GEX8uxpeaY958Mo6e82oBW+WSJGUCkBA/8YTXOXsHG0xHk+OZzktz

Debug level 1: CLIENT -> SERVER: Gi3Eu+vJeDFtPsPlpdxKnmNXHVtPRozEItewX5JraOZ2283t3trc7vnmLuoMb8rczrTF3GZiEQOn

Debug level 1: CLIENT -> SERVER: J5p71G7u0a3NPfp+zG1K4DpnY/Vs6xRrjtutOb61NcfnW7MwWc2a9uwa1mxOco5l0OelIZpZJ+1m

Debug level 1: CLIENT -> SERVER: ndzarJPvxqynoD9tR396a/Sn56NfQFxF/3zka+fbN7CgZu0mnd3apLPvwqSnID9vR35+a+TnZyN/

Debug level 1: CLIENT -> SERVER: NdTdGf97Wwtp0W7Oxa3NuXjz5uyM+r9Sws6rjl4sbS5IV6uKjm3+9wacnVcqubP9s4p02eM5W6/G

Debug level 1: CLIENT -> SERVER: c00zhXjNxEPnWdlMVD6LsXULBeJ6RdYoR+cP6qwSMTdO1zIZw1GCOTYl1yzjknH1Xs17FSwTd2zE

Debug level 1: CLIENT -> SERVER: xUA5XgUqSCc5/Cl24H1i5PMwmumkLKpaK4ZWzZk2o8moQijUKWjZs2M5QUQirLdmE1SbVYLBn7T1

Debug level 1: CLIENT -> SERVER: EhIGfk8/NWVcWv5uYPyuTmJ/kXtLKQrwHz/B2Gavz3oUAaGn8+YP2flmNGye98u3/7E0JKIIy//5

Debug level 1: CLIENT -> SERVER: uC1uMVSeBErOntPTeUrz3EOZUgPE7QaIewtAXq+QpwEy6gbI6CKA3KrUpek77qbv+LL63ioEaYpP

Debug level 1: CLIENT -> SERVER: uik+uYTip8g37Sbf9Cz53kxRQVN81k3x2SUUP0W+eTf55uc5zls5pGqKL7opvriE4qfId1y0Fwv2

Debug level 1: CLIENT -> SERVER: 0i38YjeqWu9LnXMdit8P6gJZwXfZANPxVs5r7IIfYS18+++3/xxBImc7C4g3cxDXzps/7uItfzOt

Debug level 1: CLIENT -> SERVER: /chZ5fpuN/+SvaV2qKvpM/b7yII0F/gZrzHFkXek7FBj66q7EFe8sMSP5MkOhaHloTjpNwBjCAj2

Debug level 1: CLIENT -> SERVER: Qr+mt8/uyK5I6JcwkQQFWhM5x0wwdEbsH59+rGre4X0pcekIRd6WwGn/EONypeZps3xWJQz4/0Op

Debug level 1: CLIENT -> SERVER: nCFfo5AlA9mi3lSyYsILsCSuESiv1NZqQcXLULJnudqiUSvda9gIbVRd2ACRpPQrjKKAnLHLS1iV

Debug level 1: CLIENT -> SERVER: 60ZRurP4+8kIjJqDyS8hZl2reOokkgTibQEU+cJlsLqEjlZAFuUl/o6tadgKSza2aFyTMCR77Fur

Debug level 1: CLIENT -> SERVER: g7wOydCqr02ev7Oi5uduOpu6pkqhpVNKpTVFKHA2Kg3UJjw7Iu3eFdIOJFJTI9I6pVLElISrIz26

Debug level 1: CLIENT -> SERVER: M6TzkngV6GqtvFRDvzrM4zuDuSikV3GuldjLVfmrIz25M6Rns3kD0gWlgrQkXB3p6V0h7Q7skXk7

Debug level 1: CLIENT -> SERVER: 1CklpBXh6kjP7gxpd27eDnVKBWlJuDrS8ztDemIO0xqhgvPkVYL04s5gni2acC4oFaAl4epIO/Zd

Debug level 1: CLIENT -> SERVER: QT0a2GPzfqhTSlArwjlQl0k6/hFhOIEjerQONikVL4L3coKVXT1aE8Ii7RKEbgon01h+POQJhSnm

Debug level 1: CLIENT -> SERVER: L/rIRtUx0SAQnxPQ+8i3g/hjfj6e+kgT17e7hDjymwQMzAKq4TkihQSmaRrfbZKfXBHvGy8WRR3B

Debug level 1: CLIENT -> SERVER: hE42SIECt21GCyKPik+78eRP+76MGK34rAy/bQFjBp6lCHI6jid46QGsWyoOfI53Tt/AVKkWCco+

Debug level 1: CLIENT -> SERVER: 8PmX0Fx7sFio0o8gqNej3cVg2qJjNglAyCxCA9AFZcYmlFEUsNqdFVdhVr+zYiBlK8F4K0b7gEzL

Debug level 1: CLIENT -> SERVER: 91oy3Tc08NWr7+88m/+ZODJju+OZ7ZjoK5QU2OSvm9f5aLo6FHxmHimsXnaqjQDBhn/OLfO9OpMA

Debug level 1: CLIENT -> SERVER: voWeFRgrHGpxWjv0XBKy+MBSxpDgWCEsHaXyaEV9SAQEBacQ/OJivO0YeNBaVBsNLMjnF5HkSpDr

Debug level 1: CLIENT -> SERVER: Q7ZTCGTKQyf5132UFW3xnxYezb6ulNpixO/4iB9DXVOtsT5QsSrryzAj7FCSj5HPljXykcqPhCoX

Debug level 1: CLIENT -> SERVER: RXWZteWrRYPK8EPztz4//B9QSwcIVIMOjXkLAAArVAAAUEsDBBQAAAgAAFltQlvxOBGq/AMAAPwD

Debug level 1: CLIENT -> SERVER: AAAIAAAAbWV0YS54bWw8P3htbCB2ZXJzaW9uPSIxLjAiIGVuY29kaW5nPSJVVEYtOCI/Pgo8b2Zm

Debug level 1: CLIENT -> SERVER: aWNlOmRvY3VtZW50LW1ldGEgeG1sbnM6b2ZmaWNlPSJ1cm46b2FzaXM6bmFtZXM6dGM6b3BlbmRv

Debug level 1: CLIENT -> SERVER: Y3VtZW50OnhtbG5zOm9mZmljZToxLjAiIHhtbG5zOnhsaW5rPSJodHRwOi8vd3d3LnczLm9yZy8x

Debug level 1: CLIENT -> SERVER: OTk5L3hsaW5rIiB4bWxuczpkYz0iaHR0cDovL3B1cmwub3JnL2RjL2VsZW1lbnRzLzEuMS8iIHht

Debug level 1: CLIENT -> SERVER: bG5zOm1ldGE9InVybjpvYXNpczpuYW1lczp0YzpvcGVuZG9jdW1lbnQ6eG1sbnM6bWV0YToxLjAi

Debug level 1: CLIENT -> SERVER: IHhtbG5zOm9vbz0iaHR0cDovL29wZW5vZmZpY2Uub3JnLzIwMDQvb2ZmaWNlIiBvZmZpY2U6dmVy

Debug level 1: CLIENT -> SERVER: c2lvbj0iMS4yIj48b2ZmaWNlOm1ldGE+PG1ldGE6aW5pdGlhbC1jcmVhdG9yPmVsaXNldTwvbWV0

Debug level 1: CLIENT -> SERVER: YTppbml0aWFsLWNyZWF0b3I+PG1ldGE6ZWRpdGluZy1jeWNsZXM+MjwvbWV0YTplZGl0aW5nLWN5

Debug level 1: CLIENT -> SERVER: Y2xlcz48bWV0YTpjcmVhdGlvbi1kYXRlPjIwMjUtMDktMjlUMTI6MjU6MDA8L21ldGE6Y3JlYXRp

Debug level 1: CLIENT -> SERVER: b24tZGF0ZT48ZGM6ZGF0ZT4yMDI1LTEwLTAyVDEwOjQyOjUxLjczPC9kYzpkYXRlPjxtZXRhOmVk

Debug level 1: CLIENT -> SERVER: aXRpbmctZHVyYXRpb24+UFQwMEgwME0wMFM8L21ldGE6ZWRpdGluZy1kdXJhdGlvbj48bWV0YTpn

Debug level 1: CLIENT -> SERVER: ZW5lcmF0b3I+QnJPZmZpY2Uub3JnLzMuMSRXaW4zMiBPcGVuT2ZmaWNlLm9yZ19wcm9qZWN0LzMx

Debug level 1: CLIENT -> SERVER: MG0xMSRCdWlsZC05Mzk5PC9tZXRhOmdlbmVyYXRvcj48bWV0YTpkb2N1bWVudC1zdGF0aXN0aWMg

Debug level 1: CLIENT -> SERVER: bWV0YTp0YWJsZS1jb3VudD0iMCIgbWV0YTppbWFnZS1jb3VudD0iMCIgbWV0YTpvYmplY3QtY291

Debug level 1: CLIENT -> SERVER: bnQ9IjAiIG1ldGE6cGFnZS1jb3VudD0iMSIgbWV0YTpwYXJhZ3JhcGgtY291bnQ9IjExIiBtZXRh

Debug level 1: CLIENT -> SERVER: OndvcmQtY291bnQ9IjY5IiBtZXRhOmNoYXJhY3Rlci1jb3VudD0iNDIxIi8+PG1ldGE6dGVtcGxh

Debug level 1: CLIENT -> SERVER: dGUgeGxpbms6dHlwZT0ic2ltcGxlIiB4bGluazphY3R1YXRlPSJvblJlcXVlc3QiIHhsaW5rOnRp

Debug level 1: CLIENT -> SERVER: dGxlPSJOb3JtYWwiIHhsaW5rOmhyZWY9IiIvPjwvb2ZmaWNlOm1ldGE+PC9vZmZpY2U6ZG9jdW1l

Debug level 1: CLIENT -> SERVER: bnQtbWV0YT5QSwMEFAAICAgAWW1CWwAAAAAAAAAAAAAAABgAAABUaHVtYm5haWxzL3RodW1ibmFp

Debug level 1: CLIENT -> SERVER: bC5wbmftl2k0FAobx0khS1yUsqQkWpAYyyASkj0KQ2MmLcRYMgyNprF0s6S4CWMJJcaWITGDmUHZ

Debug level 1: CLIENT -> SERVER: rn1txhKDaUwGYx1kYl7n3Pe877nf3nPer/fT7znPp//5n//zP+dJuO5gJS4iJ8LHxydufc3CeY81

Debug level 1: CLIENT -> SERVER: fHz8fMKCexPnlP743j7V2sLs5qM3izmXUsbbjly9UEaSAexL04+58kWR1H9Smd00aiHtsOVsZQcC

Debug level 1: CLIENT -> SERVER: RRO0+KPJUwjarpmAzuBrW21ACDIJrCy8fmErQbWhnsAl3Hff3yTVuMPi5/vlL6mbIeD0FPj/g37C

Debug level 1: CLIENT -> SERVER: qa9rCyU9JxSs3QWwn3kj7Svna+GwZqy5+4InfZBKxBn10Ne06677rN83or2I5CxlYVeoba2ygyEN

Debug level 1: CLIENT -> SERVER: 1Xj5sdcXSRhQZC5m2XtVnGgPrSM16m3n1uQA3aje+vSXGji68LNfW82j/YHF54luOXeZRrnNL34B

Debug level 1: CLIENT -> SERVER: oeGD0R8QqN+gWBaAqrQDw3RumeLc2/Vhj4ONd3fmMvqWQoIX9DkyFkjMPMell2krEyz9TBaAu9Iv

Debug level 1: CLIENT -> SERVER: 1Rt5b017ArqzktFy3OJhGndHuVkSN1GTMlQfUvxBCeF9iFOkBt1VJ/9gvG0fdju3ZHkkVF+w0A7S

Debug level 1: CLIENT -> SERVER: 4qE9gIe4NaStqG6WNcJXlBt+mnANriyqk6rNim4MLxasDeBxDb2tyIuTuZaxECyzDMyY4X2vaugm

Debug level 1: CLIENT -> SERVER: YzCB6Re7LW8uRUio9EK9obPooFaOFzsYtS3xGbh/R/yQFCKEFXtSMXz36Tfw2h3YjJM01LZj2vLO

Debug level 1: CLIENT -> SERVER: ADKT2RaZSX5Trwm1LXTOWS9vbJCIm0j8vmoPJJxf4lGUeyp9cV13WYLH4PKFfScdC7u91iapZ0Ps

Debug level 1: CLIENT -> SERVER: EFnaGG83bwiYNs97wgrGPWHWSRRNrE+dR6XQhns62HE/ebPeSDbvUJ7FMB9NIl8w5ISfVntzfAQa

Debug level 1: CLIENT -> SERVER: DVHl9c/GMJiGwUOfjCdu1Yk5YC8aiJo/KjYu2TEopR4B19w7v8HyN0CuInrhh/BWlVysv1L91312

Debug level 1: CLIENT -> SERVER: zOEOYUaBLFNV1w2s5F/r3hV7PoBWJvr+PsIu8s8hjroswkMV4VG/zneQ1tccX+9760IVUCTguUkL

Debug level 1: CLIENT -> SERVER: hqLUWxJ1/rQj5HfbaqFP5SPbpu+aZMvf24V8lKxJwJuEY7IpvjtOWp1LHy+jp2D0NNCItXSWa3Yf

Debug level 1: CLIENT -> SERVER: gXdakTuzmZ2lsiyBPOrErRh6bVNXfO8Mxevjj9VxrNFhYgUoGJGDwuIl4lhgQv3jn0udu4lh023U

Debug level 1: CLIENT -> SERVER: FxpfN7yoMkZSu8eST/k9OvrvQB8Se7DqaFkuio2JjUoFJcuMrOudOSMkcYkbh5vkUcTM7HY/awhe

Debug level 1: CLIENT -> SERVER: KzhR4Kk1RBI32Pb4w4ltKghg0DcFElXdhDTKGbrFfscxD5xbirqlpta/RhWoCrrrzuta05MRN7jO

Debug level 1: CLIENT -> SERVER: Ql492VOlxo6L1GRdQd+errHwDPPQUDA8IFQMwUcJfxlEJnAMaKirSlqVrKkgVmjIt+KkJo4mnPKD

Debug level 1: CLIENT -> SERVER: pHC7WlCo/LN5uUXzSdTDXYFlzvDzobcFhgYdjXVUfqs6T6T0PRkuZusdgw6GVinKts9jVVzFM54z

Debug level 1: CLIENT -> SERVER: 1BA626e7pznH22XbyJSh9qYh44kjAdovzgqqaHAeXal0prWvwFCUP8YxI0FiX0pjyrAy6wxR6Hvx

Debug level 1: CLIENT -> SERVER: kQeXQXIBEYgQ+rhvF/ehKVYh6mskDGXuf/6AT+tjoiJz+5iu1ClV0/S3AkKCABd+senXfmHR9i5R

Debug level 1: CLIENT -> SERVER: r3bJEiCpszizEoKE97kB27TsV2VUs6vTpwJWC1HGFz6FjDflY+WcjkElB8f6bBl+H+6vAeKGrrcZ

Debug level 1: CLIENT -> SERVER: DrfqOVg9eHyJTfENmFVUfGUc+44Vfgk65ELAjZNQj1F1/jd6qXR/PXFU91sZ9A1ZYYWqfX8lV2gP

Debug level 1: CLIENT -> SERVER: CrA5zlmJi7cc/XQsbUsGhEViwqfagexsD4FQUtS4/6XWqNzHyxxNz2BFPnQqXZ187nIRyDffndYu

Debug level 1: CLIENT -> SERVER: xn9cEH3jb6Wm5ZRMr31QMLJojavwqSO1CH96vx3XPq2V5wEFbLIT39wiiETkYoDlIeHdoCbDOI+I

Debug level 1: CLIENT -> SERVER: iOo+lYAs6WCLZZ1p/b91ZJIj6cmF6RoVZGyLu9qQSX4QTupGXpAUJWTXD45TTfJLkQ7sfAp/kArp

Debug level 1: CLIENT -> SERVER: DJtQJT1PneCzqQpQHGAy5lbP8XpUqFQ3IOFJNxytBtRfkuyXVONUKgTOzRntEG3QPQdxLlWLqvkV

Debug level 1: CLIENT -> SERVER: x2y+MG3TyrkQOJtrXbx8bTlbrju6+LNC/F/Y0+d1emeBcT/RYfaH6/51f3L6BBHWVlhD64x4iMh0

Debug level 1: CLIENT -> SERVER: v+pp7vB9zlQZ0xg3SAEk1c+YdpA3gBvZ9Zl0w9D7nvqYI3m2sM+Leh3fcMfUfD31rfVyC8QB89pe

Debug level 1: CLIENT -> SERVER: slFhAyZozJkfpN1s8/7kL9OwubQz5ImIR14HnHguDeMqnyA6gY0bt4AEDekw/mXa9wnvHULtZ1Vj

Debug level 1: CLIENT -> SERVER: QaVZfYQkvXHEcP77JUmlq8N8pqIW4rOXh28nNauTK0UaYk+nLZ4NhGeP1da0eMOeH0VuAimUMqZL

Debug level 1: CLIENT -> SERVER: UNdvb7pqjaLYPGQicf8CYaSYUN1PN+ZJ1DJafGa0Nt8HDykTiHaagcrvosPr383eDJj/49SSSddY

Debug level 1: CLIENT -> SERVER: BBfJCADKBXv5OL7UXi8NLPoKGRZudV8V78+kVcB3zgccnjGZTZfOS6Cj0YAJ3zNGUL3t8l9hiT3n

Debug level 1: CLIENT -> SERVER: VtmfKjPddDe8QMwaWpt5s/QaghdAy2MMEh1XJX7Sm4NYUIdK+RX5SNX4/7i+Ypu/fuc6xKF6cbC3

Debug level 1: CLIENT -> SERVER: ar63bJS1rYA/jgKg7VMnyzn7KqR9yC+eahzR/rOLXZ4VFP92WmkNlr/+XMD1dC+20pA3QTI48uJ3

Debug level 1: CLIENT -> SERVER: panmHWxb2TMlRnOC3JSV2Z45AhPJ2ZFnFGY6bVhBw2yrHMLITeDzT7sKCXUJwC2fHvvUTo1XVR3F

Debug level 1: CLIENT -> SERVER: C51U25SXXQHwlVHATmAyk6XQrpVqjTEl/ry4aV7x2RonQhJh28/BFDBv3Er6ajWN9Fc84g8GZxcO

Debug level 1: CLIENT -> SERVER: ZTlTEC4nMIaXYVFDxE1z5mDbVMm5ZB3NUfzkp4gSvOY3U8W41G8OPWvda5kwoXNoj0Aq+2YOV+yz

Debug level 1: CLIENT -> SERVER: q5CmEWVb3pjLhYuuGA1CwQz0TWRigE2T+IC/3LqOevaU0p7IuyIouO/7gQzi0cBH4Ah1SYFC1umO

Debug level 1: CLIENT -> SERVER: df9fjhOHV5gbwCQI3xj+z3loxWBsZHxg6b4KFNQxRQ/A4T2ygTA8cZuumlIYm0QqDo2Dokbf1Rqm

Debug level 1: CLIENT -> SERVER: wDUqNiEQQ9Pkm9DxDLx8URv3N7hujqFVNNW0YrAesKTqoCZ4rRBsRw6372YOB3MMk+bzlJk81aIO

Debug level 1: CLIENT -> SERVER: aCZg2W/+cl21GJgsA34A8J9iQQQDFt+LGi7bhkkdnaxVIpIs3btm53s2UkILA7faPsClnr5tqFoH

Debug level 1: CLIENT -> SERVER: GZimOv/8ZgRMmrPYDG+4rvEKP2ebXgm6j6pdVKmIp6TCZE1716fkG0fXpm6M1pVCqYt6m+ay5GGk

Debug level 1: CLIENT -> SERVER: eFEVywOirnWB6SpkW2gyA37iaZqE0U66Wiq/4z2H34ypjMWN53KnlrO347Zc2fTN75ZoKPt7MvBK

Debug level 1: CLIENT -> SERVER: MiYv4b/n3O4eQU9dwOFAiIhCPC304EUeadKlXbmV1XkEXL06iNA/DKsAgZGWWGe1Bc3r4zc/suvX

Debug level 1: CLIENT -> SERVER: mjY8Ph4jBvq0PtM+a1JY1ZJ/ialHPOXf5lHzVSVRwyNsXsqvtXf85V3iNw/2Kc2vrmF3rumpvTvw

Debug level 1: CLIENT -> SERVER: iv5NIvzW7iMpIBTc2Sefjk1Idzoxdi3cV7enwsm2BNGBLVWvLQEhV7br5c2q+IPc6joxGUtFnkUT

Debug level 1: CLIENT -> SERVER: BwrwJau1k5BbGrgMnZJ0yiWV3jazyURqusbHfpq7plc3Mvz3HhAVn285+jj6apcm6D68ZAHg6Vd+

Debug level 1: CLIENT -> SERVER: vN3PaXKpjKNn78bbVR99KxoqXP/wdtLMwwjk2faft2GNB+ZxVR+yQBalmJw0ta+B+z39Zgq1P4Q9

Debug level 1: CLIENT -> SERVER: GdZzmfN+vNjD3u/ny+gNIY9JlXHLyhsjPpQsApZ+jS1+qNoM0aVvEfAehHFfs7cxtOHbh/7qnH/w

Debug level 1: CLIENT -> SERVER: D/5nbCklyopWL3hSIXtvGp+1pYMF7srtmH8BUEsHCLi71NNxCwAAzQ0AAFBLAwQUAAgICABZbUJb

Debug level 1: CLIENT -> SERVER: AAAAAAAAAAAAAAAADAAAAHNldHRpbmdzLnhtbLVZW3PaOhB+P78i43dCoGnTMAkdIKWHhgQGSDOn

Debug level 1: CLIENT -> SERVER: b8JeQAdZ65HkAP/+rGTIpFxyCLaeSGxpV3v79lv55tsyFmcvoDRHeRtUzi+CM5AhRlxOb4OnUbv0

Debug level 1: CLIENT -> SERVER: NfhW/+sGJxMeQi3CMI1BmpIGY2iJPqPtUtey17dBqmQNmea6JlkMumbCGiYgN9tqb1fXnLLsyVJw

Debug level 1: CLIENT -> SERVER: Ob8NZsYktXJ5sVicLz6do5qWK9fX12X3drM0RDnh02NVZavfqkLEV0V2Q3YYp6x6cXFZzv4PztaH

Debug level 1: CLIENT -> SERVER: fOOaalDf+GFjfv1mrSD7KXEDsfXN2fqxPdptQCprLxwWr14L9u37c88vWt9QwEaYBJs3ZpXQGy5N

Debug level 1: CLIENT -> SERVER: UL+4Ke9KOF5qFybGg9hnHpnZPrmfqp+vqvlk/w18Ott76Gql8uXracKHM1wMIKL8gtaMySnoLQVj

Debug level 1: CLIENT -> SERVER: RAFMBnWjUjhNR0c2FS40PGAEh6RPmNBHiy/FLClxGcESol1f7U8ut4fKQq2O83gn2jqqNooyN6jb

Debug level 1: CLIENT -> SERVER: PM4RyUOJV7n6enl1utgDVXJZvf58qlDNxwIKrxMnteiadkIHh8rD1l4+0U00BuNDpXdi2H4jxiOS

Debug level 1: CLIENT -> SERVER: tJ1nM1T5gKjLVpiaFoo0ltvlXJT0JuK8sHre9UubhQbV/rNXLk48fUcPQUBoIGorenDC0fc8fIsr

Debug level 1: CLIENT -> SERVER: h16voWr/AmqJxzfR7EGqmKGW/JFu2oiiPlNsxCibhwkLLZQVH7o+QaQZgKUMsI2fRcjvpcZ2qi5p

Debug level 1: CLIENT -> SERVER: EP9wEJF+TOMxKD/WdIl0PSURM/s61yYZczjqe5yYVZ/56blTiQraXGlDZkCHMlCajvTpLuIPisoW

Debug level 1: CLIENT -> SERVER: VAvjRIG2rLFwfHOOG5IBAn7i+KDjcpiRRbytCJwhTgT9XXx0nBV9loCyeoZg0u1+WIQlVPMO6HqT

Debug level 1: CLIENT -> SERVER: CSGFD185OyxF8JTFa2baV2gItymf7mG1rYVp+HLZ5JKpVVA+8sgOBj2cd33QNqptslBUgZlGajBL

Debug level 1: CLIENT -> SERVER: UU9p2UJqZii8eIfEg9qb7h+MYgZvFEbdkFFTMDnX5HSLdC0mwlS4/ugr4RtSonEaDveFE+Gtiywa

Debug level 1: CLIENT -> SERVER: AItQip1ELwYRLAtYE4ARujpogfARbdL1fUnhlkx0yaJ3ek4OHUkiVk8a1B0zrHjxbUsxfBbckL3A

Debug level 1: CLIENT -> SERVER: r+x+pSdbArUPPm2V/BA4ZuJufTVkiY2PdtDR9xTvhuZM9lMZmtRXGTYEn0pK3qHBpI+av6fm9Oi0

Debug level 1: CLIENT -> SERVER: BE8a+pXWNGRItQ3Rs6Klqi1Wrrn68GMrVYrCZJPaAqP9HWKqwh2sya4kjsBL8lXDNeqMCBJWWhyY

Debug level 1: CLIENT -> SERVER: KpbMdEd2ud4enIsw4w4f0bRYYlIFd4oteuN/dU9aquBBmYOyAS7uAXxwqXXvetydG48PgpPRZstc

Debug level 1: CLIENT -> SERVER: Qqg9ax6BGsHSPFP8epLcSjXggwlr6IlobfkD0BFDbyTSXd74moV0l43hFf38eMpyPnAMxN94vWeI

Debug level 1: CLIENT -> SERVER: b5ihIVZYvNNeTdokWuLHJgcSA6ABxZrWMEZZJkdzahu9hCobvRTqhIi6L/k/LLC+Uy05GI8QuHA6

Debug level 1: CLIENT -> SERVER: aPxtMRmC8ND4/uw/NM/HTEZ7Zvk8t7Yu8D9TbfhkZctGP3Mze2AyZaKpgM399Ag9ADscvMAIs1bo

Debug level 1: CLIENT -> SERVER: Ew0ImSnJNgTF45UbKGuM/fhn2Z27oD3w9WJGOFtSoFGk9kx5GoPPu6T1BckUmiycTxWm8uB1YtFp

Debug level 1: CLIENT -> SERVER: nq+9W57jrmT9TM806oZzi4xe+r1cUt6G8BsU0uj2P1PbB6/J3TV3eefrcfnQd/X6f1BLBwgp089r

Debug level 1: CLIENT -> SERVER: +wQAAJkfAABQSwMEFAAICAgAWW1CWwAAAAAAAAAAAAAAABUAAABNRVRBLUlORi9tYW5pZmVzdC54

Debug level 1: CLIENT -> SERVER: bWy1lUtuwyAQQPc5hcXe0GZVWXEitVJPkB6A4LGDxE/MECW3L46UxG2jqqnMDix4bxg8w2pztKY6

Debug level 1: CLIENT -> SERVER: QETtXcue+ROrwCnfaTe07GP7Xr+wzXqxstLpHpCay6DK+xxepy1L0TVeosbGSQvYkGp8ANd5lSw4

Debug level 1: CLIENT -> SERVER: ar6ub0bTelHdwL02UOeF8VTdZNBpWdMpQMtkCEYrSTlOcXAdP7v4VMEJjsRuuyenWk4+98mYOkja

Debug level 1: CLIENT -> SERVER: t0ww8VAM9ylv3vV6SPEcGy4FkqSEOxnL4KVSYCBPfRQqxTiePCe3uKuIoDdeEhSCBx9SyH9GKoSP

Debug level 1: CLIENT -> SERVER: foiA5W56DL0YnLw3xeDaygFQvGqyMmBRx4Ps720EkxurhyfN1VTwtxgelI8NSoy1ehee/fS/Yv6d

Debug level 1: CLIENT -> SERVER: i3QygLNjLZCcrfFs98nunNQGBV2GPLhhbvi8iQWi/E5eU7sSP57J9SdQSwcIZYJI2kQBAABhBwAA

Debug level 1: CLIENT -> SERVER: UEsBAhQAFAAACAAAWW1CW17GMgwnAAAAJwAAAAgAAAAAAAAAAAAAAAAAAAAAAG1pbWV0eXBlUEsB

Debug level 1: CLIENT -> SERVER: AhQAFAAACAAAWW1CWwAAAAAAAAAAAAAAABoAAAAAAAAAAAAAAAAATQAAAENvbmZpZ3VyYXRpb25z

Debug level 1: CLIENT -> SERVER: Mi9zdGF0dXNiYXIvUEsBAhQAFAAICAgAWW1CWwAAAAACAAAAAAAAACcAAAAAAAAAAAAAAAAAhQAA

Debug level 1: CLIENT -> SERVER: AENvbmZpZ3VyYXRpb25zMi9hY2NlbGVyYXRvci9jdXJyZW50LnhtbFBLAQIUABQAAAgAAFltQlsA

Debug level 1: CLIENT -> SERVER: AAAAAAAAAAAAAAAYAAAAAAAAAAAAAAAAANwAAABDb25maWd1cmF0aW9uczIvZmxvYXRlci9QSwEC

Debug level 1: CLIENT -> SERVER: FAAUAAAIAABZbUJbAAAAAAAAAAAAAAAAGgAAAAAAAAAAAAAAAAASAQAAQ29uZmlndXJhdGlvbnMy

Debug level 1: CLIENT -> SERVER: L3BvcHVwbWVudS9QSwECFAAUAAAIAABZbUJbAAAAAAAAAAAAAAAAHAAAAAAAAAAAAAAAAABKAQAA

Debug level 1: CLIENT -> SERVER: Q29uZmlndXJhdGlvbnMyL3Byb2dyZXNzYmFyL1BLAQIUABQAAAgAAFltQlsAAAAAAAAAAAAAAAAY

Debug level 1: CLIENT -> SERVER: AAAAAAAAAAAAAAAAAIQBAABDb25maWd1cmF0aW9uczIvbWVudWJhci9QSwECFAAUAAAIAABZbUJb

Debug level 1: CLIENT -> SERVER: AAAAAAAAAAAAAAAAGAAAAAAAAAAAAAAAAAC6AQAAQ29uZmlndXJhdGlvbnMyL3Rvb2xiYXIvUEsB

Debug level 1: CLIENT -> SERVER: AhQAFAAACAAAWW1CWwAAAAAAAAAAAAAAAB8AAAAAAAAAAAAAAAAA8AEAAENvbmZpZ3VyYXRpb25z

Debug level 1: CLIENT -> SERVER: Mi9pbWFnZXMvQml0bWFwcy9QSwECFAAUAAgICABZbUJb2s03jDAFAAB6FAAACwAAAAAAAAAAAAAA

Debug level 1: CLIENT -> SERVER: AAAtAgAAY29udGVudC54bWxQSwECFAAUAAgICABZbUJbVIMOjXkLAAArVAAACgAAAAAAAAAAAAAA

Debug level 1: CLIENT -> SERVER: AACWBwAAc3R5bGVzLnhtbFBLAQIUABQAAAgAAFltQlvxOBGq/AMAAPwDAAAIAAAAAAAAAAAAAAAA

Debug level 1: CLIENT -> SERVER: AEcTAABtZXRhLnhtbFBLAQIUABQACAgIAFltQlu4u9TTcQsAAM0NAAAYAAAAAAAAAAAAAAAAAGkX

Debug level 1: CLIENT -> SERVER: AABUaHVtYm5haWxzL3RodW1ibmFpbC5wbmdQSwECFAAUAAgICABZbUJbKdPPa/sEAACZHwAADAAA

Debug level 1: CLIENT -> SERVER: AAAAAAAAAAAAAAAgIwAAc2V0dGluZ3MueG1sUEsBAhQAFAAICAgAWW1CW2WCSNpEAQAAYQcAABUA

Debug level 1: CLIENT -> SERVER: AAAAAAAAAAAAAAAAVSgAAE1FVEEtSU5GL21hbmlmZXN0LnhtbFBLBQYAAAAADwAPAO4DAADcKQAA

Debug level 1: CLIENT -> SERVER: AAA=

Debug level 1: CLIENT -> SERVER: 

Debug level 1: CLIENT -> SERVER: --b1=_DjnsElNu7PkgkW1rNBNy6eF93FjnsB71muYDkbHaM--

Debug level 1: CLIENT -> SERVER: 

Debug level 1: CLIENT -> SERVER: .

Debug level 2: SERVER -> CLIENT: 250 2.0.0 Ok: queued as E9D67180194F

Debug level 1: CLIENT -> SERVER: QUIT

Debug level 2: SERVER -> CLIENT: 221 2.0.0 Bye

