Debug level 2: SERVER -> CLIENT: 220 smtp-sp217-186.kinghost.net ESMTP

Debug level 1: CLIENT -> SERVER: EHLO localhost

Debug level 2: SERVER -> CLIENT: 250-smtp-sp217-186.kinghost.net
250-PIPELINING
250-SIZE 62914560
250-VRFY
250-ETRN
250-STARTTLS
250-AUTH PLAIN LOGIN
250-AUTH=PLAIN LOGIN
250-ENHANCEDSTATUSCODES
250-8BITMIME
250-DSN
250 CHUNKING

Debug level 1: CLIENT -> SERVER: AUTH LOGIN

Debug level 2: SERVER -> CLIENT: 334 VXNlcm5hbWU6

Debug level 1: CLIENT -> SERVER: [credentials hidden]
Debug level 2: SERVER -> CLIENT: 334 UGFzc3dvcmQ6

Debug level 1: CLIENT -> SERVER: [credentials hidden]
Debug level 2: SERVER -> CLIENT: 235 2.7.0 Authentication successful

Debug level 1: CLIENT -> SERVER: MAIL FROM:<ourodosul@ourodosul.com.br>

Debug level 2: SERVER -> CLIENT: 250 2.1.0 Ok

Debug level 1: CLIENT -> SERVER: RCPT TO:<marcoshenz1959@gmail.com>

Debug level 2: SERVER -> CLIENT: 250 2.1.5 Ok

Debug level 1: CLIENT -> SERVER: DATA

Debug level 2: SERVER -> CLIENT: 354 End data with <CR><LF>.<CR><LF>

Debug level 1: CLIENT -> SERVER: Date: Thu, 2 Oct 2025 15:34:10 +0200

Debug level 1: CLIENT -> SERVER: To: marcoshenz1959@gmail.com

Debug level 1: CLIENT -> SERVER: From: ourodosul@ourodosul.com.br

Debug level 1: CLIENT -> SERVER: Subject: =?iso-8859-1?Q?Atualiza=C3=A7=C3=A3o_de_Cadastro?=

Debug level 1: CLIENT -> SERVER: Message-ID: <OcPk8CuUQtbcapj4oCh8OaDjPjIHiQaRriOBTLyaHY@localhost>

Debug level 1: CLIENT -> SERVER: X-Mailer: PHPMailer 6.10.0 (https://github.com/PHPMailer/PHPMailer)

Debug level 1: CLIENT -> SERVER: MIME-Version: 1.0

Debug level 1: CLIENT -> SERVER: Content-Type: multipart/mixed;

Debug level 1: CLIENT -> SERVER:  boundary="b1=_OcPk8CuUQtbcapj4oCh8OaDjPjIHiQaRriOBTLyaHY"

Debug level 1: CLIENT -> SERVER: Content-Transfer-Encoding: 8bit

Debug level 1: CLIENT -> SERVER: 

Debug level 1: CLIENT -> SERVER: --b1=_OcPk8CuUQtbcapj4oCh8OaDjPjIHiQaRriOBTLyaHY

Debug level 1: CLIENT -> SERVER: Content-Type: multipart/alternative;

Debug level 1: CLIENT -> SERVER:  boundary="b2=_OcPk8CuUQtbcapj4oCh8OaDjPjIHiQaRriOBTLyaHY"

Debug level 1: CLIENT -> SERVER: 

Debug level 1: CLIENT -> SERVER: --b2=_OcPk8CuUQtbcapj4oCh8OaDjPjIHiQaRriOBTLyaHY

Debug level 1: CLIENT -> SERVER: Content-Type: text/plain; charset=iso-8859-1

Debug level 1: CLIENT -> SERVER: Content-Transfer-Encoding: 8bit

Debug level 1: CLIENT -> SERVER: 

Debug level 1: CLIENT -> SERVER: (Sem conteúdo)

Debug level 1: CLIENT -> SERVER: 

Debug level 1: CLIENT -> SERVER: --b2=_OcPk8CuUQtbcapj4oCh8OaDjPjIHiQaRriOBTLyaHY

Debug level 1: CLIENT -> SERVER: Content-Type: text/html; charset=iso-8859-1

Debug level 1: CLIENT -> SERVER: Content-Transfer-Encoding: 8bit

Debug level 1: CLIENT -> SERVER: 

Debug level 1: CLIENT -> SERVER: <p>(Sem conteúdo)</p>

Debug level 1: CLIENT -> SERVER: 

Debug level 1: CLIENT -> SERVER: 

Debug level 1: CLIENT -> SERVER: --b2=_OcPk8CuUQtbcapj4oCh8OaDjPjIHiQaRriOBTLyaHY--

Debug level 1: CLIENT -> SERVER: 

Debug level 1: CLIENT -> SERVER: --b1=_OcPk8CuUQtbcapj4oCh8OaDjPjIHiQaRriOBTLyaHY

Debug level 1: CLIENT -> SERVER: Content-Type: application/octet-stream; name="13750  .2 MARCOS HENZ.odt"

Debug level 1: CLIENT -> SERVER: Content-Transfer-Encoding: base64

Debug level 1: CLIENT -> SERVER: Content-Disposition: attachment; filename="13750  .2 MARCOS HENZ.odt"

Debug level 1: CLIENT -> SERVER: 

Debug level 1: CLIENT -> SERVER: UEsDBBQAAAgAAEBsQltexjIMJwAAACcAAAAIAAAAbWltZXR5cGVhcHBsaWNhdGlvbi92bmQub2Fz

Debug level 1: CLIENT -> SERVER: aXMub3BlbmRvY3VtZW50LnRleHRQSwMEFAAACAAAQGxCWwAAAAAAAAAAAAAAABoAAABDb25maWd1

Debug level 1: CLIENT -> SERVER: cmF0aW9uczIvc3RhdHVzYmFyL1BLAwQUAAgICABAbEJbAAAAAAAAAAAAAAAAJwAAAENvbmZpZ3Vy

Debug level 1: CLIENT -> SERVER: YXRpb25zMi9hY2NlbGVyYXRvci9jdXJyZW50LnhtbAMAUEsHCAAAAAACAAAAAAAAAFBLAwQUAAAI

Debug level 1: CLIENT -> SERVER: AABAbEJbAAAAAAAAAAAAAAAAGAAAAENvbmZpZ3VyYXRpb25zMi9mbG9hdGVyL1BLAwQUAAAIAABA

Debug level 1: CLIENT -> SERVER: bEJbAAAAAAAAAAAAAAAAGgAAAENvbmZpZ3VyYXRpb25zMi9wb3B1cG1lbnUvUEsDBBQAAAgAAEBs

Debug level 1: CLIENT -> SERVER: QlsAAAAAAAAAAAAAAAAcAAAAQ29uZmlndXJhdGlvbnMyL3Byb2dyZXNzYmFyL1BLAwQUAAAIAABA

Debug level 1: CLIENT -> SERVER: bEJbAAAAAAAAAAAAAAAAGAAAAENvbmZpZ3VyYXRpb25zMi9tZW51YmFyL1BLAwQUAAAIAABAbEJb

Debug level 1: CLIENT -> SERVER: AAAAAAAAAAAAAAAAGAAAAENvbmZpZ3VyYXRpb25zMi90b29sYmFyL1BLAwQUAAAIAABAbEJbAAAA

Debug level 1: CLIENT -> SERVER: AAAAAAAAAAAAHwAAAENvbmZpZ3VyYXRpb25zMi9pbWFnZXMvQml0bWFwcy9QSwMEFAAICAgAQGxC

Debug level 1: CLIENT -> SERVER: WwAAAAAAAAAAAAAAAAsAAABjb250ZW50LnhtbL1YTXLbNhTe9xSoMtNpFxQsu5nGrCVP6iRtZ2zH

Debug level 1: CLIENT -> SERVER: UynTTncwCYqY4ocBQEnOqnfoCbrK9AA9gW/Sk/QBJGHSEh0qzsQLm8T73nsf3h9An5xuBEcrqg1T

Debug level 1: CLIENT -> SERVER: cjqajA9GiMpEpUwup6M3i1fRs9Hp7IsTlWUsoXGqklJQaaNESQt/EWhLE1fS6ajUMlbEMBNLIqiJ

Debug level 1: CLIENT -> SERVER: bRKrgspGK26jY++rWjH2hg9W9+C2tqUbO1TZYTu65Hq4Zw9ua6earIcqOywEta2eqaHKG8OjTEHU

Debug level 1: CLIENT -> SERVER: RUEsu8diw5n8YzrKrS1ijNfr9Xh9NFZ6iSfHx8fYSwPhJOCKUnOPShNMOXXODJ6MJ7jBCmrJUH4O

Debug level 1: CLIENT -> SERVER: 26YkS3FN9eDQEEu2smpWy8EVsVr2hCbJiR5cGx7cTe9ROjy9R2lbVxCb9+TkGb4Aof91cX5XC1oM

Debug level 1: CLIENT -> SERVER: 9eWwnVAlmhWDt1mh2/pKqUDVKVQN6ukeHhx8i6v3Fnr9IHytmaW6BU8ehCeEJyHiSuwKGuAmGBAR

Debug level 1: CLIENT -> SERVER: XbkyDYXvAmF6FA5xJQ5gk/aa/u3ifJ7kVJA7MPswOGLSWCLvIqNdEnp3+hRrWihtQ2Cy4QMTsnUY

Debug level 1: CLIENT -> SERVER: vKQZCW4AacbeQuQUva+2Bew6EzuVJ6HSGOVNWQeStX+6KahmTpFwl7lIGNglZFMVcUu7Kp5as3V4

Debug level 1: CLIENT -> SERVER: HI5mzUlRVZnBYSGDEyPKSEKjlCbczE6qjg/LqHp3PKajBcmVIJMRgtZuIILxm0Yywg/rnxHOrjXb

Debug level 1: CLIENT -> SERVER: ZaAWjVBH38miJZWwe6hWs2bGDPTxkS407EJ2EAWzCYyMFdHMnTMD3aNztsztro1+RQplvu/AqqXP

Debug level 1: CLIENT -> SERVER: yOuT0aoy8gha52XCUoLmRBr0RjK44dBecjuwQyjeGEvFYzhezNGPyuYs6WUWEJ+FT91rvU34eO+4

Debug level 1: CLIENT -> SERVER: bzjU66S04MiyJPJ2wtTwvztcrybBV02yIJosNSnyRgAL7urqX6JKaw7zOyU6bSAC7iFURwVZbiEa

Debug level 1: CLIENT -> SERVER: 18FsVMBUpNoyaoIDp1ZffRx1v8UW4376iy367qYanLqXtr9MxYniCtw8OfA/jbYHqtLCpQ+sZoQb

Debug level 1: CLIENT -> SERVER: 2hG59cjmWpXLPKqv3VJJ2knU/RkK3vy6Ye9gfTIpbGutsaEF4X7Z+zE5Sd01oW3bC0qZUu1ZdLw3

Debug level 1: CLIENT -> SERVER: 5tbUDYQ7e/dYRXDSEdmZ73cAR68BVCTbQp/1WrrDeuX4AYB3726ZnG4eIhAgPRSCvJ9ED8THj4oi

Debug level 1: CLIENT -> SERVER: J1UitmKrVrtCuwtQF4936p+3KxX3tmAtuFbpTXhx5mcn/uvK0LclfEKGVt5eRH4pZabg5Kap1ojD

Debug level 1: CLIENT -> SERVER: 5Y5PR1DKXlwV4c+cl8Zq8K+k4/goY4tm7DzOimvMxxp5UX0N+rD3R62oVNoTC+bc7AclUMrIl+j5

Debug level 1: CLIENT -> SERVER: 25Kh238QHFavS61QqtC85GN0BSeWUAbBV7q7nRGN4OKJiEOf1v6Kfhetkedl8NmLex4nR989PUB1

Debug level 1: CLIENT -> SERVER: KPBsfNg8F0RuG4YhN7t4/svZ6zn66eXl783OATvbh9VLuHW73cEw17CmEBVup5ZYhdx0RsSW0J7v

Debug level 1: CLIENT -> SERVER: YNuGlighKUx1raqwOGTGoK280EDoUjB1ivYhcKkEjffSOLt6hf7786+9dF7AVzECwpfEJP5KruK9

Debug level 1: CLIENT -> SERVER: oiQI4+jrwu3ZUO0sZYzn6psYtXO5h8UF5RQmBu0a+NDjArLza06sIUVxupfmR9J86U4Yevte7Zei

Debug level 1: CLIENT -> SERVER: pmdK1y7UGBpqCiJn661X9VUQ43sK7srq9v3tv3AguyIyJRzPgurEldRefTZvlSn4trd/Q8oEgvTX

Debug level 1: CLIENT -> SERVER: NSBDDYz3sIs/HQZ35jzuHAG455+Ds/8BUEsHCDCAMt0bBQAAXRQAAFBLAwQUAAgICABAbEJbAAAA

Debug level 1: CLIENT -> SERVER: AAAAAAAAAAAACgAAAHN0eWxlcy54bWzdXF+To7gRf8+ncHkrecMG/N/Z2atkc5ekareS3Ow+X8kg

Debug level 1: CLIENT -> SERVER: 2+QwooQYj+/r5CFP+RT7xdKSEAgQmPGf8axvqrbO6pbU/etWq9UI3v/wvAt7T5gmAYke+s7A7vdw

Debug level 1: CLIENT -> SERVER: 5BE/iDYP/a9ffrLm/R8+/O49Wa8DDy994qU7HDErYYcQJz3oHCVLSXzopzRaEpQEyTJCO5wsmbck

Debug level 1: CLIENT -> SERVER: MY5Up6XOvRRTyRYxWNfuglnvzfAz69qZ85b6olX3mQWz3tunaN+1M+cFTPXua9K183MSWmtieWQX

Debug level 1: CLIENT -> SERVER: IxZUpHgOg+jXh/6WsXg5HO73+8F+NCB0M3QWi8VQUHOBvZwvTmkouHxviEPMJ0uGzsAZKt4dZqir

Debug level 1: CLIENT -> SERVER: fJxXFylKdytMO0ODGKpZNXnadPaIp00DNN4W0c6+IZjL5h353c078vW+O8S2DTaZDz8DUfzz+VPh

Debug level 1: CLIENT -> SERVER: C3TXdS7OW4LKo0HcWU3JrfcnhOSi8g5ygQpxXdseD+VvjXvfyr6nAcNUY/da2T0UejniZGcCDfic

Debug level 1: CLIENT -> SERVER: IXBY+Im7qeKmXOnGkSdDimNCWS7IunuAAnTcfBZ/jfJpgDMZiBEs3lHMpY8w5CthyLu86/eyQKcF

Debug level 1: CLIENT -> SERVER: V7f/QUXSNYEoukYetnzshcmH93IF5M09+ZvL+dD/grZkh5x+D1xdseyC8KAo/WF7/48oDFY0MA2Q

Debug level 1: CLIENT -> SERVER: kfq9Un9OszY4wjQA6yX7IEk6znHiFBS0iEocccA8WEJPiAY87nacvvcp2GyZSdE/oJgkfyyxyaZX

Debug level 1: CLIENT -> SERVER: lOtiYkmLnCHWp9QLfNR7RFHS+xoFsOHjRuEMvF1EPCQM786R8fNj76+EbQOvUbKc41XkydZa4yI8

Debug level 1: CLIENT -> SERVER: f/ZhU3DI2mXWpaT08RqlYZaLqZEzkTYUxRw5xZv9tmIK4YqyAHI3npEsky3yyd6C8RPMrOeHvj0Y

Debug level 1: CLIENT -> SERVER: eSCngXioEBlslxZkF9hKYuRBbmNtCQ1+A9FRyFndeSvzExfDq7NCMO06ao3VMGYGSwh67AO2tWS2

Debug level 1: CLIENT -> SERVER: uEZhotk7RhQJhHR81mQpBt9ivighfNvz36vx+CgWShnhM4NrBD4mcgAUxtvcFUT/FcUI8rOEgSMw

Debug level 1: CLIENT -> SERVER: ReGbJJd4B4vpoR9Si61KzhFEPub7Cs+1dRWV6EpyyEnB/iROuPc0K5Ozc7k1HWVrmmAAJ+K2FpN7

Debug level 1: CLIENT -> SERVER: JCSQvTGaQlAAGERjEvwGkjpOzERbiKJNijbQlDV4JI0YBSf588+5+phBJmD9imkkRJcDalryMS3Y

Debug level 1: CLIENT -> SERVER: TVGkRs46ZoMrGs5DcDaLInx9rI/HU8EQPzeMmFMRrY6Zkx7/1C/gLK2yLksvx79/zL12iG6CyALz

Debug level 1: CLIENT -> SERVER: gcNyZy3aVoQxngxxP3YzksEboXV7iLc4gtyXRFaIfB8AFwo99CMCrrML2AudNk4jj6VywD2QIfkB

Debug level 1: CLIENT -> SERVER: 8MCAx71aeaPlB7DiIz4JJD0Tp1iIZb+PwSLFKjzBOTXbV7KQa7otn0p5oHkjvZ6Li7lzTzXsPJdb

Debug level 1: CLIENT -> SERVER: A7p3YRV4qi5H8Q6Bv/LDk/I7t8YUp8m2wnLGAhPncD0Chlh3G3lMXxHKlwL3M9gOwGlCFCfcic+d

Debug level 1: CLIENT -> SERVER: 2KJkX5kcWior+1eMY1jXG8y2/BzMF92xifUJpS8/whLyEfX7jQFGGS9ESQLiwfo5GnMIhaUeJcpK

Debug level 1: CLIENT -> SERVER: +wAWlvzVvDGdsUILpY8o+yVgIT6qKTTk1SfLjFLEZdQZvkDDL679y4r4h1MQK0XpwdgdNUVqZ+yY

Debug level 1: CLIENT -> SERVER: I7UtI7VwCpGERCIJQeEeHZJj6NaDmzpLlEOcO1chToavPGGw7IHtzIsQ/KLwpufg5qAm5z09Qon+

Debug level 1: CLIENT -> SERVER: 3d3EYEzYbOIQHTRz93TyOc50sp807uYO3807q/uYrtgtFgbE6pgXcY7pLFOKMNiAI3ggAM43lH+n

Debug level 1: CLIENT -> SERVER: CQvWB4vHXJhxD+G4lnZXHV5sxyJ2vJss+F9tGx83+Di4uDvNMJf8fAJIceDU0OK7cjydKODJqE2d

Debug level 1: CLIENT -> SERVER: i83V3D2nZwN0tvYnyJpOsXSLIUM+ZMcAU120TnfJP4K7wEZ/wSUHolL0wtgsF1fLuuuJ+r+sTotj

Debug level 1: CLIENT -> SERVER: VZKnNYIi4rYqXtutjqp7pRuzF3ue+0LPMxuoxTfNE5zsm3+Hs+jzBe0biPFa7XshY13Oy/+GEX8u

Debug level 1: CLIENT -> SERVER: xpeaY958Mo6e82oBW+WSJGUCkBA/8YTXOXsHG0xHk+OZzktzGi3Eu+vJeDFtPsPlpdxKnmNXHVtP

Debug level 1: CLIENT -> SERVER: RozEItewX5JraOZ2283t3trc7vnmLuoMb8rczrTF3GZiEQOnJ5p71G7u0a3NPfp+zG1K4DpnY/Vs

Debug level 1: CLIENT -> SERVER: 6xRrjtutOb61NcfnW7MwWc2a9uwa1mxOco5l0OelIZpZJ+1mndzarJPvxqynoD9tR396a/Sn56Nf

Debug level 1: CLIENT -> SERVER: QFxF/3zka+fbN7CgZu0mnd3apLPvwqSnID9vR35+a+TnZyN/NdTdGf97Wwtp0W7Oxa3NuXjz5uyM

Debug level 1: CLIENT -> SERVER: +r9Sws6rjl4sbS5IV6uKjm3+9wacnVcqubP9s4p02eM5W6/Gc00zhXjNxEPnWdlMVD6LsXULBeJ6

Debug level 1: CLIENT -> SERVER: RdYoR+cP6qwSMTdO1zIZw1GCOTYl1yzjknH1Xs17FSwTd2zExUA5XgUqSCc5/Cl24H1i5PMwmumk

Debug level 1: CLIENT -> SERVER: LKpaK4ZWzZk2o8moQijUKWjZs2M5QUQirLdmE1SbVYLBn7T1EhIGfk8/NWVcWv5uYPyuTmJ/kXtL

Debug level 1: CLIENT -> SERVER: KQrwHz/B2Gavz3oUAaGn8+YP2flmNGye98u3/7E0JKIIy//5uC1uMVSeBErOntPTeUrz3EOZUgPE

Debug level 1: CLIENT -> SERVER: 7QaIewtAXq+QpwEy6gbI6CKA3KrUpek77qbv+LL63ioEaYpPuik+uYTip8g37Sbf9Cz53kxRQVN8

Debug level 1: CLIENT -> SERVER: 1k3x2SUUP0W+eTf55uc5zls5pGqKL7opvriE4qfId1y0Fwv20i38YjeqWu9LnXMdit8P6gJZwXfZ

Debug level 1: CLIENT -> SERVER: ANPxVs5r7IIfYS18+++3/xxBImc7C4g3cxDXzps/7uItfzOt/chZ5fpuN/+SvaV2qKvpM/b7yII0

Debug level 1: CLIENT -> SERVER: F/gZrzHFkXek7FBj66q7EFe8sMSP5MkOhaHloTjpNwBjCAj2Qr+mt8/uyK5I6JcwkQQFWhM5x0ww

Debug level 1: CLIENT -> SERVER: dEbsH59+rGre4X0pcekIRd6WwGn/EONypeZps3xWJQz4/0OpnCFfo5AlA9mi3lSyYsILsCSuESiv

Debug level 1: CLIENT -> SERVER: 1NZqQcXLULJnudqiUSvda9gIbVRd2ACRpPQrjKKAnLHLS1iV60ZRurP4+8kIjJqDyS8hZl2reOok

Debug level 1: CLIENT -> SERVER: kgTibQEU+cJlsLqEjlZAFuUl/o6tadgKSza2aFyTMCR77Furg7wOydCqr02ev7Oi5uduOpu6pkqh

Debug level 1: CLIENT -> SERVER: pVNKpTVFKHA2Kg3UJjw7Iu3eFdIOJFJTI9I6pVLElISrIz26M6TzkngV6GqtvFRDvzrM4zuDuSik

Debug level 1: CLIENT -> SERVER: V3GuldjLVfmrIz25M6Rns3kD0gWlgrQkXB3p6V0h7Q7skXk71CklpBXh6kjP7gxpd27eDnVKBWlJ

Debug level 1: CLIENT -> SERVER: uDrS8ztDemIO0xqhgvPkVYL04s5gni2acC4oFaAl4epIO/ZdQT0a2GPzfqhTSlArwjlQl0k6/hFh

Debug level 1: CLIENT -> SERVER: OIEjerQONikVL4L3coKVXT1aE8Ii7RKEbgon01h+POQJhSnmL/rIRtUx0SAQnxPQ+8i3g/hjfj6e

Debug level 1: CLIENT -> SERVER: +kgT17e7hDjymwQMzAKq4TkihQSmaRrfbZKfXBHvGy8WRR3BhE42SIECt21GCyKPik+78eRP+76M

Debug level 1: CLIENT -> SERVER: GK34rAy/bQFjBp6lCHI6jid46QGsWyoOfI53Tt/AVKkWCco+8PmX0Fx7sFio0o8gqNej3cVg2qJj

Debug level 1: CLIENT -> SERVER: NglAyCxCA9AFZcYmlFEUsNqdFVdhVr+zYiBlK8F4K0b7gEzL91oy3Tc08NWr7+88m/+ZODJju+OZ

Debug level 1: CLIENT -> SERVER: 7ZjoK5QU2OSvm9f5aLo6FHxmHimsXnaqjQDBhn/OLfO9OpMAvoWeFRgrHGpxWjv0XBKy+MBSxpDg

Debug level 1: CLIENT -> SERVER: WCEsHaXyaEV9SAQEBacQ/OJivO0YeNBaVBsNLMjnF5HkSpDrQ7ZTCGTKQyf5132UFW3xnxYezb6u

Debug level 1: CLIENT -> SERVER: lNpixO/4iB9DXVOtsT5QsSrryzAj7FCSj5HPljXykcqPhCoXRXWZteWrRYPK8EPztz4//B9QSwcI

Debug level 1: CLIENT -> SERVER: VIMOjXkLAAArVAAAUEsDBBQAAAgAAEBsQlu0m38I/AMAAPwDAAAIAAAAbWV0YS54bWw8P3htbCB2

Debug level 1: CLIENT -> SERVER: ZXJzaW9uPSIxLjAiIGVuY29kaW5nPSJVVEYtOCI/Pgo8b2ZmaWNlOmRvY3VtZW50LW1ldGEgeG1s

Debug level 1: CLIENT -> SERVER: bnM6b2ZmaWNlPSJ1cm46b2FzaXM6bmFtZXM6dGM6b3BlbmRvY3VtZW50OnhtbG5zOm9mZmljZTox

Debug level 1: CLIENT -> SERVER: LjAiIHhtbG5zOnhsaW5rPSJodHRwOi8vd3d3LnczLm9yZy8xOTk5L3hsaW5rIiB4bWxuczpkYz0i

Debug level 1: CLIENT -> SERVER: aHR0cDovL3B1cmwub3JnL2RjL2VsZW1lbnRzLzEuMS8iIHhtbG5zOm1ldGE9InVybjpvYXNpczpu

Debug level 1: CLIENT -> SERVER: YW1lczp0YzpvcGVuZG9jdW1lbnQ6eG1sbnM6bWV0YToxLjAiIHhtbG5zOm9vbz0iaHR0cDovL29w

Debug level 1: CLIENT -> SERVER: ZW5vZmZpY2Uub3JnLzIwMDQvb2ZmaWNlIiBvZmZpY2U6dmVyc2lvbj0iMS4yIj48b2ZmaWNlOm1l

Debug level 1: CLIENT -> SERVER: dGE+PG1ldGE6aW5pdGlhbC1jcmVhdG9yPmVsaXNldTwvbWV0YTppbml0aWFsLWNyZWF0b3I+PG1l

Debug level 1: CLIENT -> SERVER: dGE6ZWRpdGluZy1jeWNsZXM+MjwvbWV0YTplZGl0aW5nLWN5Y2xlcz48bWV0YTpjcmVhdGlvbi1k

Debug level 1: CLIENT -> SERVER: YXRlPjIwMjUtMDktMjlUMTI6MjU6MDA8L21ldGE6Y3JlYXRpb24tZGF0ZT48ZGM6ZGF0ZT4yMDI1

Debug level 1: CLIENT -> SERVER: LTEwLTAyVDEwOjM0OjAwLjA1PC9kYzpkYXRlPjxtZXRhOmVkaXRpbmctZHVyYXRpb24+UFQwMEgw

Debug level 1: CLIENT -> SERVER: ME0wMFM8L21ldGE6ZWRpdGluZy1kdXJhdGlvbj48bWV0YTpnZW5lcmF0b3I+QnJPZmZpY2Uub3Jn

Debug level 1: CLIENT -> SERVER: LzMuMSRXaW4zMiBPcGVuT2ZmaWNlLm9yZ19wcm9qZWN0LzMxMG0xMSRCdWlsZC05Mzk5PC9tZXRh

Debug level 1: CLIENT -> SERVER: OmdlbmVyYXRvcj48bWV0YTpkb2N1bWVudC1zdGF0aXN0aWMgbWV0YTp0YWJsZS1jb3VudD0iMCIg

Debug level 1: CLIENT -> SERVER: bWV0YTppbWFnZS1jb3VudD0iMCIgbWV0YTpvYmplY3QtY291bnQ9IjAiIG1ldGE6cGFnZS1jb3Vu

Debug level 1: CLIENT -> SERVER: dD0iMSIgbWV0YTpwYXJhZ3JhcGgtY291bnQ9IjExIiBtZXRhOndvcmQtY291bnQ9IjY0IiBtZXRh

Debug level 1: CLIENT -> SERVER: OmNoYXJhY3Rlci1jb3VudD0iMzkyIi8+PG1ldGE6dGVtcGxhdGUgeGxpbms6dHlwZT0ic2ltcGxl

Debug level 1: CLIENT -> SERVER: IiB4bGluazphY3R1YXRlPSJvblJlcXVlc3QiIHhsaW5rOnRpdGxlPSJOb3JtYWwiIHhsaW5rOmhy

Debug level 1: CLIENT -> SERVER: ZWY9IiIvPjwvb2ZmaWNlOm1ldGE+PC9vZmZpY2U6ZG9jdW1lbnQtbWV0YT5QSwMEFAAICAgAQGxC

Debug level 1: CLIENT -> SERVER: WwAAAAAAAAAAAAAAABgAAABUaHVtYm5haWxzL3RodW1ibmFpbC5wbmftl2dUEwgSx1FRUYoadekl

Debug level 1: CLIENT -> SERVER: iiCIwVCEUF0QURB06YKRBQQllFAMEDBklV0RASMlIIZyMQEEYpAmkISEBRQhlJUiJUBEegKEkkCA

Debug level 1: CLIENT -> SERVER: AOe+vffu7uu9+3TvPs3858O8mTe/N28m6aajrfRhhcNiYmLS165edvpua8TE9ohJHPjuCU4bsb7H

Debug level 1: CLIENT -> SERVER: 5a5d/tElJnchzzJiwviHxILS6bPiCeQGCfsk+LvxJykPEtqUIC51c5ftXEx+H/mZ+egTNWw5W9w/

Debug level 1: CLIENT -> SERVER: Gg6vx2WhN+n5MGd1ib1992qE03uEfq809t38hukOFWssP1DyowzxAOSFwuQl2It9/5l4nkpUKWYy

Debug level 1: CLIENT -> SERVER: h4LZuKrPT3wuzOTe6vXwe6/YypxcF1omhdG4lNEYZM4B2a56YWVe+cddfvmrouVWUIbuifWNnoqx

Debug level 1: CLIENT -> SERVER: mwXQpiD7GczEiTtSdN9aipsWDwMVYf3M/SDmblQYvDQ80PbsJEt17Ulsc33Uqv5axaqsijVGZIFe

Debug level 1: CLIENT -> SERVER: PKpYmTuRLNTrt2FuyO5WMf1FqgM6C4p+qBLzHUEobp0XVLGgKThKpA3P8WE3biSqh2e0SD63PeZ7

Debug level 1: CLIENT -> SERVER: aIZdGa5ALo/fSvc/AsidjzX3YCf6DcSkJ888H58Uusl+DNtZmmdaDo19G//qR3cD8c5IjkEfayVk

Debug level 1: CLIENT -> SERVER: G2d1VL9dbx+IgLAEkxglWss9dCcK5kPzEH4+cCNxcuHo1nGuyUakTBczJh7MXb9Iy52/e3C3OFPg

Debug level 1: CLIENT -> SERVER: T44zjSJArbx1NlV4jwp3WLPM2+Vv61GzcTBvkU2YDB7deMXJiErmrUbNsD/1g3W9Mt6/4keChlTP

Debug level 1: CLIENT -> SERVER: n1QuDg8WJQ6FDyCmPEDY7raCTSb33ZDy20z4NMpoaptdcbW3vJRrh6OMbTq1PuykP/BfbObUWN5b

Debug level 1: CLIENT -> SERVER: 9LMoztnqGcmU16xlt6JRnCjQAAjFizYaTeAt2dCdjUxHjVbRAod6HiNR95RhY3dCn9pBpwSlI6cF

Debug level 1: CLIENT -> SERVER: whU96R18ZyewUTYuPnQhTGocU8UeSExsF15ws0oCboYj5TsWyumkoV4feJQjnn60LRxIAf+6acV/

Debug level 1: CLIENT -> SERVER: nQqkyX0Fe2tcOW/VcvfpseNGwqAWkyRPUajKFU5RSOQn3ZZxkyDar4nWz/RMgkJk0m1pL6bGSQ3D

Debug level 1: CLIENT -> SERVER: yBjDLYxl5H1rYneBwbSdMwmSFe0ffdIj+BuQGtsK9eo/xMAmpg2jpXh2syCb45TZ28OhoVaB0B2D

Debug level 1: CLIENT -> SERVER: VHz1iWe45mh/wq+i0qOvsYep9R7G+U3P5BpOYk4bmkldlY5QM/xU4WOVgf4Fljf1y+/p3LTjuDGN

Debug level 1: CLIENT -> SERVER: /dhJvKwpa2wTpA5O7X0BUI8A9Djo9dY5Gm/eSf+pPt7uvjaLp/mDNNnR07O9lVi6rFf49Upse+7x

Debug level 1: CLIENT -> SERVER: XDruRR9RvSwAElC/PTey8tVT0ye1bLK0pztmlMy85rlD7xiQQUmgzLaiFv0IvooccVIBjB0B50bR

Debug level 1: CLIENT -> SERVER: kZjFCxWwiRuch5G5DPnmfkf3quKXee6AlKzJv51BvpHeIy7JkFuWXpox9/YybSESTSBtjLovh2wL

Debug level 1: CLIENT -> SERVER: 78Rl3M0kw+cczrGmHjKdptYoQKbC8SKnDR+JqTXn2WauYY1udRxE10Jz8eO42Qdta5yTVY9Lrab6

Debug level 1: CLIENT -> SERVER: uYX1km2wZZmuwIsSatdUml72JJc/JVlgJZtwEwjUqb24+8Bvghs4MzAeL3VmT9AuYU1QQs7NxS4u

Debug level 1: CLIENT -> SERVER: UPKYcX0e7S9puvh9ihoGrjd2x/NgoQBcqThBuB7SlI5VJ3BorLtFkLiSgu6cBBlE+k8x9riIN8GY

Debug level 1: CLIENT -> SERVER: 3tkRk4o3JZ4GtbpPq2/PxGT09bkMBFPiB7pDFri+Feaofow/1YtSw4l+Rsy8yO9HZG8bQhFcSj9G

Debug level 1: CLIENT -> SERVER: tbY8M2R6G2GKc92/Lv953FQglWSt/X18j/5ik/WEv4ZU8j1k/uGC82Etw/AL3pHRN3qWBIOLGSYa

Debug level 1: CLIENT -> SERVER: azGPWIBYuwkRGUiOnp1+s6/RdghENNJcc8EbJBPotYF7zaQeFv/r8uok0m+DnDtOmFqy5gRtMq2Z

Debug level 1: CLIENT -> SERVER: Pu/7BePhgzqOyugWcBx7vgSR/MeEcSoynxoyvJcTrNCT7AVFR74ZSrMVZwDozglKf8H1vbrWtX1w

Debug level 1: CLIENT -> SERVER: tuKSyZEVqX338qRr5VF+hhcEU8E+FjM8ma7UfbYTapqvtY60F92KRVZzYxvLhmgKjWaD77tmV2Mp

Debug level 1: CLIENT -> SERVER: eky0/uCcoD9/GKUwJer6OlJpdck6v6+5EnlVl/4M7Z7gzRQbgL1b0CboXj+Z5a1c9pnCk+5CoY9q

Debug level 1: CLIENT -> SERVER: mwH+vSMH69hQxnWiu9WDi0X3bdQW385UxkV31Zmts8xUb0MDqu1zrbvmNwoCEhlb9eTxiGXXVrlT

Debug level 1: CLIENT -> SERVER: eIvw99vE5/o8d8mgj5CRpkdmsiOdp3K4kAmdbm4AJOUeck8n5XpVJDnvm+GOz7VZvV2c9aytz2o9

Debug level 1: CLIENT -> SERVER: f1qnAbex1CT1eocgCkjriO2qY9Wzp1FcPYdaychRRNkGu2cvbklupDOaozYBJ+UhV1SeUtMUvrr/

Debug level 1: CLIENT -> SERVER: Y5y43/hNOkLw+cA7+d+CZ/AO9vakrKKrOdHefqENFG9BpRIwIsftoMSh34Cq50iAMGrLlQaizQho

Debug level 1: CLIENT -> SERVER: m9F8RpMOwNlYKhhdj6IPf+05BQAvg0DVEBemSWYHtVyvdiyE0V6plFr/7tT9Dj2+W20z4E6K/DMC

Debug level 1: CLIENT -> SERVER: VvFoXLz50Fw5zeUptfvPJCzU9n0K1NsXPt7bhtYevTzTE8Vm5yPZpE3XmgZedvwoaOJY73Fm+G4g

Debug level 1: CLIENT -> SERVER: A13ZPIZK857cSuT1FThKGAHgIuw/0SxIL8xOX2m/xAKV61BJNE8rqPdp0sH1jzN35/K8dGPMw74E

Debug level 1: CLIENT -> SERVER: KTX5+ohv0GKDlOBP/1hCr0JuxUaKkxSMcb0c0b3VyZcXABaNo6hiDTdJ1alF4gHh2e90BcttG28l

Debug level 1: CLIENT -> SERVER: Nll0kk5MKCL4BJXaQRe/E61ChHqqg06bJXPwctnrMxd19WBGU1ytNlAvMmxuyAANv7HFAT/Ha1nn

Debug level 1: CLIENT -> SERVER: 7szPs2i8dTCkzTXJHRir782NyGmvaxemcO0mNZQlIcBQQ4SnfjYCiv108vQl+8e91PXTa4UObc79

Debug level 1: CLIENT -> SERVER: xl0G/qyIbk7JMCVs19c0WIUl34rM2klBiGs3eC0WjeGH10+mv72YG0USGMXw16eUVqKD0WGufIJC

Debug level 1: CLIENT -> SERVER: 7eD0njog7rzGNr9Xe6O1Z7DF3vFhBBL/2SAKPLJkIPBQO2PX75z+oWGOIQcFM3hRKQRZtS8ha5sD

Debug level 1: CLIENT -> SERVER: ZTXjsp+lXb9hGV+qpvY7bOt2m5FXYMVBQQftnQsL/TTZA3B6sKUtQgdTYwZdj5p/aLmyUfHcpyEM

Debug level 1: CLIENT -> SERVER: RlH1IRUlpxEauQWaQdDF6AxKBoC44tERw3tlkK//PkiVFb7ZOz/HhvRMYqTAyzDlRxFIhbpY7bqb

Debug level 1: CLIENT -> SERVER: gR6N/cpbHqwGSWVhJlZ80+gzBhee/D7zfCtOAORORzZrBhhqgCUEeSWtTTvxINe1Bv2PYN7sDuhg

Debug level 1: CLIENT -> SERVER: qVaP20Cl1nW3HJVQ03P6rw1XKxLg9+KXHArmC5fr5z3yvAtYbxdtc/l6a2Xszioytm0v80EootKF

Debug level 1: CLIENT -> SERVER: foVTZjlQO2FcS6jgXGHkUBYa1El07petRSW6M/qpaipKlBOeZmkUteJ3DN+qWJD0F2J/4iDbQ5WC

Debug level 1: CLIENT -> SERVER: jPR34ikxRBnGB60W0WqsewiuE08GPLbH0x6OSEfeh8uEY+VzpiObOHsRL7XzqCSzdxYXE+Wpixon

Debug level 1: CLIENT -> SERVER: ZNsnRZna6llNkaE1Jnt3cburg6DN8a5eRn5nvgwI080tLroGJFw6fBr6NrVZ9ErOCQaVcXYF1vnI

Debug level 1: CLIENT -> SERVER: TBVOMGHiEKkYi6E2euFy/HIPErGnrNmlEArHnAeSDQL0nlSTfb4GwyYRz2uwLzzqxjKUrXBMjoSW

Debug level 1: CLIENT -> SERVER: fBDOSxI+GJbiyzBVmVmorJBh/PYH9GSlXZlEZnoS4mx3ab8E5faHisMeo7cJMs6d2bdU46pMfpQK

Debug level 1: CLIENT -> SERVER: xCZnr3JeeKAaTPgHC/az/wvn6v/F/4zYkTTan6fm77Yx9/1VErtm43iZbPXz478DUEsHCDnJSM0p

Debug level 1: CLIENT -> SERVER: CwAAUQ0AAFBLAwQUAAgICABAbEJbAAAAAAAAAAAAAAAADAAAAHNldHRpbmdzLnhtbLVZ23LiOBB9

Debug level 1: CLIENT -> SERVER: 369I+Z0QSOYSKmEKyDDLhAQKyKR23oTdgBZZ7ZLkAH+/LRlSGS5Zgq0nElvqVt9On5Zvvi1jcfYC

Debug level 1: CLIENT -> SERVER: SnOUt0Hl/CI4AxlixOX0NngatUtfg2/1v25wMuEh1CIM0xikKWkwhpboM9oudS17fRukStaQaa5r

Debug level 1: CLIENT -> SERVER: ksWgayasYQJys632dnXNKcueLAWX89tgZkxSK5cXi8X54vIc1bRcub6+Lru3m6UhygmfHqsqW/1W

Debug level 1: CLIENT -> SERVER: FSK+KrIbssM4ZdWLi6ty9n9wtj7kG9dUg/rGDxvz6zdrBdlPiRuIrW/O1o/t0W4DUll74bB49Vqw

Debug level 1: CLIENT -> SERVER: b9+fe37R+oYCNsIk2Lwxq4TecGmC+sVNeVfC8VK7MDEexD7zyMz2yb2sfvpSzSf7b+DT2d5DVyuV

Debug level 1: CLIENT -> SERVER: z19PEz6c4WIAEeUXtGZMTkFvKRgjCmAyqBuVwmk6OrKpcKHhASM4JH3ChD5afClmSYnLCJYQ7fpq

Debug level 1: CLIENT -> SERVER: f3K5PVQWanWcxzvR1lG1UZS5Qd3mcY5IHkq8yueryxxiD1TJVfX606lCNR8LKLxOnNSia9oJHRwq

Debug level 1: CLIENT -> SERVER: D1t7+UQ30RiMD5Xel9Nk/0aMRyRpO89mqPIBUZetMDUtFGkst8u5KOlNxHlh9bzrlzYLDar9Z69c

Debug level 1: CLIENT -> SERVER: nHj6jh6CgNBA1Fb04ISj73n4FlcOvV5D1f4F1BKPb6LZg1QxQy35I920EUV9ptiIUTYPExZaKCs+

Debug level 1: CLIENT -> SERVER: dH2CSDMASxlgGz+LkN9Lje1UXdIg/uEgIv2YxmNQfqzpEul6SiJm9nWuTTLmcNT3ODGrPvPTc6cS

Debug level 1: CLIENT -> SERVER: FbS50obMgA5loDQd6dNdxB8UlS2oFsaJAm1ZY+H45hw3JAME/MTxQcflMCOLeFsROEOcCPq7+Og4

Debug level 1: CLIENT -> SERVER: K/osAWX1DMGk2/2wCEuo5h3Q9SYTQgofvnJ2WIrgKYvXzLSv0BBuUz7dw2pbC9Pw+arJJVOroHzk

Debug level 1: CLIENT -> SERVER: kR0Mejjv+qBtVNtkoagCM43UYJaintKyhdTMUHjxDokHtTfdPxjFDN4ojLoho6Zgcq7J6RbpWkyE

Debug level 1: CLIENT -> SERVER: qXD90VfCN6RE4zQc7gsnwlsXWTQAFqEUO4leDCJYFrAmACN0ddAC4SPapOv7ksItmeiSRe/0nBw6

Debug level 1: CLIENT -> SERVER: kkSsnjSoO2ZY8eLblmL4LLghe4Ff2f1KT7YEah982ir5IXDMxN36asgSGx/toKPvKd4NzZnspzI0

Debug level 1: CLIENT -> SERVER: qa8ybAg+lZS8Q4NJHzV/T83p0WkJnjT0K61pyJBqG6JnRUtVW6xcc/Xhx1aqFIXJJrUFRvs7xFSF

Debug level 1: CLIENT -> SERVER: O1iTXUkcgZfkq4Zr1BkRJKy0ODBVLJnpjuxyvT04F2HGHT6iabHEpAruFFv0xv/qnrRUwYMyB2UD

Debug level 1: CLIENT -> SERVER: XNwD+OBS6971uDs3Hh8EJ6PNlrmEUHvWPAI1gqV5pvj1JLmVasAHE9bQE9Ha8gegI4beSKS7vPE1

Debug level 1: CLIENT -> SERVER: C+kuG8Mr+vnxlOV84BiIv/F6zxDfMENDrLB4p72atEm0xI9NDiQGQAOKNa1hjLJMjubUNnoJVTZ6

Debug level 1: CLIENT -> SERVER: KdQJEXVf8n9YYH2nWnIwHiFw4XTQ+NtiMgThofH92X9ono+ZjPbM8nlubV3gf6ba8MnKlo1+5mb2

Debug level 1: CLIENT -> SERVER: wGTKRFMBm/vpEXoAdjh4gRFmrdAnGhAyU5JtCIrHKzdQ1hj78c+yO3dBe+DrxYxwtqRAo0jtmfI0

Debug level 1: CLIENT -> SERVER: Bp93SesLkik0WTifKkzlwevEotM8X3u3PMddyfqZnmnUDecWGb30e7mkvA3hNyik0e1/prYPXpO7

Debug level 1: CLIENT -> SERVER: a+7yztfj8qHv6vX/AFBLBwi7DgOu+wQAAJkfAABQSwMEFAAICAgAQGxCWwAAAAAAAAAAAAAAABUA

Debug level 1: CLIENT -> SERVER: AABNRVRBLUlORi9tYW5pZmVzdC54bWy1lUtuwyAQQPc5hcXe0GZVWXEitVJPkB6A4LGDxE/MECW3

Debug level 1: CLIENT -> SERVER: L46UxG2jqqnMDix4bxg8w2pztKY6QETtXcue+ROrwCnfaTe07GP7Xr+wzXqxstLpHpCay6DK+xxe

Debug level 1: CLIENT -> SERVER: py1L0TVeosbGSQvYkGp8ANd5lSw4ar6ub0bTelHdwL02UOeF8VTdZNBpWdMpQMtkCEYrSTlOcXAd

Debug level 1: CLIENT -> SERVER: P7v4VMEJjsRuuyenWk4+98mYOkjat0ww8VAM9ylv3vV6SPEcGy4FkqSEOxnL4KVSYCBPfRQqxTie

Debug level 1: CLIENT -> SERVER: PCe3uKuIoDdeEhSCBx9SyH9GKoSPfoiA5W56DL0YnLw3xeDaygFQvGqyMmBRx4Ps720EkxurhyfN

Debug level 1: CLIENT -> SERVER: 1VTwtxgelI8NSoy1ehee/fS/Yv6di3QygLNjLZCcrfFs98nunNQGBV2GPLhhbvi8iQWi/E5eU7sS

Debug level 1: CLIENT -> SERVER: P57J9SdQSwcIZYJI2kQBAABhBwAAUEsBAhQAFAAACAAAQGxCW17GMgwnAAAAJwAAAAgAAAAAAAAA

Debug level 1: CLIENT -> SERVER: AAAAAAAAAAAAAG1pbWV0eXBlUEsBAhQAFAAACAAAQGxCWwAAAAAAAAAAAAAAABoAAAAAAAAAAAAA

Debug level 1: CLIENT -> SERVER: AAAATQAAAENvbmZpZ3VyYXRpb25zMi9zdGF0dXNiYXIvUEsBAhQAFAAICAgAQGxCWwAAAAACAAAA

Debug level 1: CLIENT -> SERVER: AAAAACcAAAAAAAAAAAAAAAAAhQAAAENvbmZpZ3VyYXRpb25zMi9hY2NlbGVyYXRvci9jdXJyZW50

Debug level 1: CLIENT -> SERVER: LnhtbFBLAQIUABQAAAgAAEBsQlsAAAAAAAAAAAAAAAAYAAAAAAAAAAAAAAAAANwAAABDb25maWd1

Debug level 1: CLIENT -> SERVER: cmF0aW9uczIvZmxvYXRlci9QSwECFAAUAAAIAABAbEJbAAAAAAAAAAAAAAAAGgAAAAAAAAAAAAAA

Debug level 1: CLIENT -> SERVER: AAASAQAAQ29uZmlndXJhdGlvbnMyL3BvcHVwbWVudS9QSwECFAAUAAAIAABAbEJbAAAAAAAAAAAA

Debug level 1: CLIENT -> SERVER: AAAAHAAAAAAAAAAAAAAAAABKAQAAQ29uZmlndXJhdGlvbnMyL3Byb2dyZXNzYmFyL1BLAQIUABQA

Debug level 1: CLIENT -> SERVER: AAgAAEBsQlsAAAAAAAAAAAAAAAAYAAAAAAAAAAAAAAAAAIQBAABDb25maWd1cmF0aW9uczIvbWVu

Debug level 1: CLIENT -> SERVER: dWJhci9QSwECFAAUAAAIAABAbEJbAAAAAAAAAAAAAAAAGAAAAAAAAAAAAAAAAAC6AQAAQ29uZmln

Debug level 1: CLIENT -> SERVER: dXJhdGlvbnMyL3Rvb2xiYXIvUEsBAhQAFAAACAAAQGxCWwAAAAAAAAAAAAAAAB8AAAAAAAAAAAAA

Debug level 1: CLIENT -> SERVER: AAAA8AEAAENvbmZpZ3VyYXRpb25zMi9pbWFnZXMvQml0bWFwcy9QSwECFAAUAAgICABAbEJbMIAy

Debug level 1: CLIENT -> SERVER: 3RsFAABdFAAACwAAAAAAAAAAAAAAAAAtAgAAY29udGVudC54bWxQSwECFAAUAAgICABAbEJbVIMO

Debug level 1: CLIENT -> SERVER: jXkLAAArVAAACgAAAAAAAAAAAAAAAACBBwAAc3R5bGVzLnhtbFBLAQIUABQAAAgAAEBsQlu0m38I

Debug level 1: CLIENT -> SERVER: /AMAAPwDAAAIAAAAAAAAAAAAAAAAADITAABtZXRhLnhtbFBLAQIUABQACAgIAEBsQls5yUjNKQsA

Debug level 1: CLIENT -> SERVER: AFENAAAYAAAAAAAAAAAAAAAAAFQXAABUaHVtYm5haWxzL3RodW1ibmFpbC5wbmdQSwECFAAUAAgI

Debug level 1: CLIENT -> SERVER: CABAbEJbuw4DrvsEAACZHwAADAAAAAAAAAAAAAAAAADDIgAAc2V0dGluZ3MueG1sUEsBAhQAFAAI

Debug level 1: CLIENT -> SERVER: CAgAQGxCW2WCSNpEAQAAYQcAABUAAAAAAAAAAAAAAAAA+CcAAE1FVEEtSU5GL21hbmlmZXN0Lnht

Debug level 1: CLIENT -> SERVER: bFBLBQYAAAAADwAPAO4DAAB/KQAAAAA=

Debug level 1: CLIENT -> SERVER: 

Debug level 1: CLIENT -> SERVER: --b1=_OcPk8CuUQtbcapj4oCh8OaDjPjIHiQaRriOBTLyaHY--

Debug level 1: CLIENT -> SERVER: 

Debug level 1: CLIENT -> SERVER: .

Debug level 2: SERVER -> CLIENT: 250 2.0.0 Ok: queued as CAB841043D72

Debug level 1: CLIENT -> SERVER: QUIT

Debug level 2: SERVER -> CLIENT: 221 2.0.0 Bye

