Debug level 2: SERVER -> CLIENT: 220 smtp-sp217-164.kinghost.net ESMTP

Debug level 1: CLIENT -> SERVER: EHLO localhost

Debug level 2: SERVER -> CLIENT: 250-smtp-sp217-164.kinghost.net
250-PIPELINING
250-SIZE 62914560
250-VRFY
250-ETRN
250-STARTTLS
250-AUTH PLAIN LOGIN
250-AUTH=PLAIN LOGIN
250-ENHANCEDSTATUSCODES
250-8BITMIME
250-DSN
250 CHUNKING

Debug level 1: CLIENT -> SERVER: AUTH LOGIN

Debug level 2: SERVER -> CLIENT: 334 VXNlcm5hbWU6

Debug level 1: CLIENT -> SERVER: [credentials hidden]
Debug level 2: SERVER -> CLIENT: 334 UGFzc3dvcmQ6

Debug level 1: CLIENT -> SERVER: [credentials hidden]
Debug level 2: SERVER -> CLIENT: 235 2.7.0 Authentication successful

Debug level 1: CLIENT -> SERVER: MAIL FROM:<ourodosul@ourodosul.com.br>

Debug level 2: SERVER -> CLIENT: 250 2.1.0 Ok

Debug level 1: CLIENT -> SERVER: RCPT TO:<gabrielpersch54@gmail.com>

Debug level 2: SERVER -> CLIENT: 250 2.1.5 Ok

Debug level 1: CLIENT -> SERVER: DATA

Debug level 2: SERVER -> CLIENT: 354 End data with <CR><LF>.<CR><LF>

Debug level 1: CLIENT -> SERVER: Date: Tue, 30 Sep 2025 15:53:51 +0200

Debug level 1: CLIENT -> SERVER: To: gabrielpersch54@gmail.com

Debug level 1: CLIENT -> SERVER: From: ourodosul@ourodosul.com.br

Debug level 1: CLIENT -> SERVER: Subject: =?iso-8859-1?Q?Atualiza=C3=A7=C3=A3o_de_Cadastro?=

Debug level 1: CLIENT -> SERVER: Message-ID: <qViLEELTEf2cFj4WpVCBQxp7AWAcljiIbPM3Z10EU@localhost>

Debug level 1: CLIENT -> SERVER: X-Mailer: PHPMailer 6.10.0 (https://github.com/PHPMailer/PHPMailer)

Debug level 1: CLIENT -> SERVER: MIME-Version: 1.0

Debug level 1: CLIENT -> SERVER: Content-Type: multipart/mixed;

Debug level 1: CLIENT -> SERVER:  boundary="b1=_qViLEELTEf2cFj4WpVCBQxp7AWAcljiIbPM3Z10EU"

Debug level 1: CLIENT -> SERVER: Content-Transfer-Encoding: 8bit

Debug level 1: CLIENT -> SERVER: 

Debug level 1: CLIENT -> SERVER: --b1=_qViLEELTEf2cFj4WpVCBQxp7AWAcljiIbPM3Z10EU

Debug level 1: CLIENT -> SERVER: Content-Type: multipart/alternative;

Debug level 1: CLIENT -> SERVER:  boundary="b2=_qViLEELTEf2cFj4WpVCBQxp7AWAcljiIbPM3Z10EU"

Debug level 1: CLIENT -> SERVER: 

Debug level 1: CLIENT -> SERVER: --b2=_qViLEELTEf2cFj4WpVCBQxp7AWAcljiIbPM3Z10EU

Debug level 1: CLIENT -> SERVER: Content-Type: text/plain; charset=iso-8859-1

Debug level 1: CLIENT -> SERVER: Content-Transfer-Encoding: 8bit

Debug level 1: CLIENT -> SERVER: 

Debug level 1: CLIENT -> SERVER: (Sem conteúdo)

Debug level 1: CLIENT -> SERVER: 

Debug level 1: CLIENT -> SERVER: --b2=_qViLEELTEf2cFj4WpVCBQxp7AWAcljiIbPM3Z10EU

Debug level 1: CLIENT -> SERVER: Content-Type: text/html; charset=iso-8859-1

Debug level 1: CLIENT -> SERVER: Content-Transfer-Encoding: 8bit

Debug level 1: CLIENT -> SERVER: 

Debug level 1: CLIENT -> SERVER: <p>(Sem conteúdo)</p>

Debug level 1: CLIENT -> SERVER: 

Debug level 1: CLIENT -> SERVER: 

Debug level 1: CLIENT -> SERVER: --b2=_qViLEELTEf2cFj4WpVCBQxp7AWAcljiIbPM3Z10EU--

Debug level 1: CLIENT -> SERVER: 

Debug level 1: CLIENT -> SERVER: --b1=_qViLEELTEf2cFj4WpVCBQxp7AWAcljiIbPM3Z10EU

Debug level 1: CLIENT -> SERVER: Content-Type: application/octet-stream; name="7604  .0 PROTASIO PERSCH.odt"

Debug level 1: CLIENT -> SERVER: Content-Transfer-Encoding: base64

Debug level 1: CLIENT -> SERVER: Content-Disposition: attachment; filename="7604  .0 PROTASIO PERSCH.odt"

Debug level 1: CLIENT -> SERVER: 

Debug level 1: CLIENT -> SERVER: UEsDBBQAAAgAAJluPltexjIMJwAAACcAAAAIAAAAbWltZXR5cGVhcHBsaWNhdGlvbi92bmQub2Fz

Debug level 1: CLIENT -> SERVER: aXMub3BlbmRvY3VtZW50LnRleHRQSwMEFAAACAAAmW4+WwAAAAAAAAAAAAAAABoAAABDb25maWd1

Debug level 1: CLIENT -> SERVER: cmF0aW9uczIvc3RhdHVzYmFyL1BLAwQUAAgICACZbj5bAAAAAAAAAAAAAAAAJwAAAENvbmZpZ3Vy

Debug level 1: CLIENT -> SERVER: YXRpb25zMi9hY2NlbGVyYXRvci9jdXJyZW50LnhtbAMAUEsHCAAAAAACAAAAAAAAAFBLAwQUAAAI

Debug level 1: CLIENT -> SERVER: AACZbj5bAAAAAAAAAAAAAAAAGAAAAENvbmZpZ3VyYXRpb25zMi9mbG9hdGVyL1BLAwQUAAAIAACZ

Debug level 1: CLIENT -> SERVER: bj5bAAAAAAAAAAAAAAAAGgAAAENvbmZpZ3VyYXRpb25zMi9wb3B1cG1lbnUvUEsDBBQAAAgAAJlu

Debug level 1: CLIENT -> SERVER: PlsAAAAAAAAAAAAAAAAcAAAAQ29uZmlndXJhdGlvbnMyL3Byb2dyZXNzYmFyL1BLAwQUAAAIAACZ

Debug level 1: CLIENT -> SERVER: bj5bAAAAAAAAAAAAAAAAGAAAAENvbmZpZ3VyYXRpb25zMi9tZW51YmFyL1BLAwQUAAAIAACZbj5b

Debug level 1: CLIENT -> SERVER: AAAAAAAAAAAAAAAAGAAAAENvbmZpZ3VyYXRpb25zMi90b29sYmFyL1BLAwQUAAAIAACZbj5bAAAA

Debug level 1: CLIENT -> SERVER: AAAAAAAAAAAAHwAAAENvbmZpZ3VyYXRpb25zMi9pbWFnZXMvQml0bWFwcy9QSwMEFAAICAgAmW4+

Debug level 1: CLIENT -> SERVER: WwAAAAAAAAAAAAAAAAsAAABjb250ZW50LnhtbL1YzXLbNhC+9ylQZabTHihYTtrGrCWP69hpZvw3

Debug level 1: CLIENT -> SERVER: kTLtFSZBEVOQQABQknPqO/QJeur0OfwmfZIuQBImLVGhrE58kMXdb3c/7C4WoI5PVhlHC6o0E/l4

Debug level 1: CLIENT -> SERVER: MBoeDBDNIxGzfD4efJhdBK8HJ5OvjkWSsIiGsYiKjOYmiERu4D8C61yHpXY8KFQeCqKZDnOSUR2a

Debug level 1: CLIENT -> SERVER: KBSS5rVV2ESHLlYp0eae9zZ34Ka1oSvT19hiW7bkrn9kB25ax4os+xpbLCS1aZ6IvsYrzYNEQNYz

Debug level 1: CLIENT -> SERVER: SQx7wmLFWf77eJAaI0OMl8vlcPlyKNQcj46OjrDTesKRx8lCcYeKI0w5tcE0Hg1HuMZm1JC+/Cy2

Debug level 1: CLIENT -> SERVER: SSkvsjuqeqeGGLJWVb2Y9+6IxbwjNVFKVO/ecOB2eV/G/cv7Mm7aZsSkHTV5ja9A6T6uLh97QWV9

Debug level 1: CLIENT -> SERVER: Y1lsK1WRYrL3Mkt0014I4alag3KDOrqHBwevcPncQC+3wpeKGaoa8GgrPCI88hkX2aakAW6EARHQ

Debug level 1: CLIENT -> SERVER: hW1T3/g2EbrD4BCXag/Wcafr364up1FKM/IIZp8HByzXhuSPmVG2CJ0r/R4rKoUyPjFJ/4EJ1Tr0

Debug level 1: CLIENT -> SERVER: UeKE+DCA1EPnIbCGLlbTA7Y7E1uTF77TGOV1W3uSVXy6klQxa0i4rVyQaVglVFPIsGFdNk9l2Tg8

Debug level 1: CLIENT -> SERVER: DgeT+qQou0xjL0jgxAgSEtEgphHXk+Nyx3sxKp8tj/FgRlJhqwE7u0ZkjN97Bd5ufkY4u1NstMFB

Debug level 1: CLIENT -> SERVER: pRqglr3VBXOaw+KhWfWSad0zxjNDKFhF3kJIZiKYGAuimD1meoZHl2yemg0kviFS6J9aqFL0BWlt

Debug level 1: CLIENT -> SERVER: yv/zeJUV2YPXxQYq2yPea0OzfUJeFhGLCZqSXKMPOYM7Fe3MxwZsn6zszfFqit4Kk7Kok5lH/G98

Debug level 1: CLIENT -> SERVER: cNdAqOSkMNCFhkWB8+Mnhftssb8d+VgVZ0kUmSsi01oBAntddQ9BaTWFmR0TFdeQDO4eVAWSzNcQ

Debug level 1: CLIENT -> SERVER: dWjvNpAwCakyjGofwJpV1x1L3S2xwbib/myNvr2d+qD2oRkvEWEkuIAwLw7cX23tgKIwcNEDrwnh

Debug level 1: CLIENT -> SERVER: mrZUVh6YVIlingbVVTsXOW0V6unghGhOrtknkI9G0jRktQ+VEe7ELo5OSWyvBk3fTlHkMVWORSt6

Debug level 1: CLIENT -> SERVER: 7W5J7RR49PeEVQCnG8lbQ/0RYOnVgJJkU+mqXmk3eC8DbwG48PZmyelqGwEP6aDg9d0kOiAufzST

Debug level 1: CLIENT -> SERVER: KSkLsZZbsdiU2k2AqnlcUPd9vVNx5xasFHcivvcP1v3k2L1RafqxgNdGv5XXhciJYqYlJ/d1twYc

Debug level 1: CLIENT -> SERVER: LnR8PIBWduqyCd9xXmijIL7ILce9nM3qsbOfF7sx93XypnwDdGnvzposTZoTC+bc5GeRoZiRr9Hp

Debug level 1: CLIENT -> SERVER: x4Khh38QHBc3hRIoFmha8CG6hTMjExrBm7m9kRGF4LKJiEWfVPFkd4jGyHM6eNXFHV9//OHgFaoy

Debug level 1: CLIENT -> SERVER: gSfDA3T7/mZ2On13g27P30/Pftkl2DlcoC1pmNEKZALRzC7AECOQHbqImAJ23SdYjaYFikgMw1qJ

Debug level 1: CLIENT -> SERVER: crUWmTDYLU6pISMxuDpBuxC4FhkNd7I4u71A//7x5042b+AFFwHha6Ijd7sW4U5Zygjj6Ftp16yp

Debug level 1: CLIENT -> SERVER: sp4SxlPxXYiaJdrB4wze+GEQ0LaDz32dQXV+TYnRp1Ke7GT5TJrn9uCgD3+L3Up0LVrdgqg2D3+B

Debug level 1: CLIENT -> SERVER: KEMCwVFN7a6h4KDMwXAH1/jLYnBr0uLWEMYdP8lN/gNQSwcIBEzPF+oEAADTEwAAUEsDBBQACAgI

Debug level 1: CLIENT -> SERVER: AJluPlsAAAAAAAAAAAAAAAAKAAAAc3R5bGVzLnhtbN1czZLbuBG+5ylUciU3SiT1r3i8lTjrJFV2

Debug level 1: CLIENT -> SERVER: Jdmxz1sQCUmMKYIFgqPRvk4OOeUp/GJpAAQJkiBF/Vme2alyrdANoPH1D5oNkG9/et6FvSdMk4BE

Debug level 1: CLIENT -> SERVER: D31nYPd7OPKIH0Sbh/6Xzx+sef+nd797S9brwMNLn3jpDkfMStghxEkPOkfJUhIf+imNlgQlQbKM

Debug level 1: CLIENT -> SERVER: 0A4nS+YtSYwj1Wmpcy/FVLJFDNa1u2DWezP8zLp25rylvmjVfWbBrPf2Kdp37cx5AVO9+5p07fyc

Debug level 1: CLIENT -> SERVER: hNaaWB7ZxYgFFSmewyD6+tDfMhYvh8P9fj/YjwaEbobOYrEYCmousJfzxSkNBZfvDXGI+WTJ0Bk4

Debug level 1: CLIENT -> SERVER: Q8W7wwx1lY/z6iJF6W6FaWdoEEM1rSZPm84W8bRpgMbbItrZNgRzWb0jv7t6R77ed4fYtkEn8+En

Debug level 1: CLIENT -> SERVER: IIp/Pn0sbIHuus7FeUtQeTSIOy9Tcuv9CSG5qLyDdFAhrmvb46H8rXHvW9n3NGCYauxeK7uHQi9H

Debug level 1: CLIENT -> SERVER: nOxMoAGfMwQOCz9xM1XclC+6ceTJkOKYUJYLsu4eoAAdN5/FX6N8GuBMBmIEi3cUc+kjDLknDHmX

Debug level 1: CLIENT -> SERVER: N/1eFui04Or236lIuiYQRdfIw5aPvTB591Z6QN7ck7+5nA/9z2hLdqjfA0tXHLsgPOSEYXv39ygM

Debug level 1: CLIENT -> SERVER: VjRwDANkpH6v1J/TrA2OMA1Aeck+SJKOc5w5BYVVRCWOOGAeeNATogEPux2n730MNltmEOIPKCbJ

Debug level 1: CLIENT -> SERVER: H0tcsuk7imXC/zy5pEYukOuDQZT2GQ8Jw7tLpvyYeoGPeo8oSnpfogBSDNyIh4G3CyoXy/jpsfdX

Debug level 1: CLIENT -> SERVER: wraB1yhZznE1eYZNASFrl5mWktvHa5SGWf6lRs4k3FAUc9kVb/bbiimEKMoCyNd4FrJMtsgnewvG

Debug level 1: CLIENT -> SERVER: TzCznh/69mDkgZwG4qFCZLBFWpBRYCuJkQf5jLUlNPgNREchZ3XnrcxPXAyvzgoBtOuoNVbDmBks

Debug level 1: CLIENT -> SERVER: IaxjH7CtJTPENQoTzQJiRJFASMdnTZZi8C3mnggh257/Xo3HR7FQygifGYwl8DGRA6Aw3iLFJvqv

Debug level 1: CLIENT -> SERVER: KEaQkyUMDIEpCt8YucQ7MOeHfkgttioZRxD5mO8lPL/Wl6hEV5JDHgr6J3HCrad5MTk7l1tbo2xN

Debug level 1: CLIENT -> SERVER: EwzgRFzXYnKPhAQyNkZTcEuAQTQmwW8gqePETLSFKNqkaANNWYNH0ohRMJI//5IvHzPY/a2vmEZC

Debug level 1: CLIENT -> SERVER: dDmgtko+pgU7KIrUyFnHbHBFw3ngzWZRhC+P9fF4+hfi54YRcyqi1TFz0uOf+gWcJS/r4no5/v1j

Debug level 1: CLIENT -> SERVER: 5rVDdBNEFqgPDJYba9G2IozxBIjbsZuRDNYIrdtDvMUR5LskskLk+wC4WNBDPyJgOruAnWi0cRp5

Debug level 1: CLIENT -> SERVER: LJUD7oEMCQ+ABwo8btXKGi0/AI+P+CSQ6EycwhHLdh+DRgovPMM4Nd1XUo9bmi2fSlmgeSu7nYmL

Debug level 1: CLIENT -> SERVER: uXNL/XAj89cNC6uYU7U2incITJU/KymTc2tMcZpsKywX+JZ47NaDX4h1i5FP5StCuRdwE4OdAOwl

Debug level 1: CLIENT -> SERVER: RHHC7ffSiS1K9pXJoaXi1F8xjsGlN5ht+WMv97djE+sTSjN+BO/xEfX7jbFFKS9ESQLigescDTeE

Debug level 1: CLIENT -> SERVER: gpdHidLSPgCfkr+a96QLnLNY9JHFfg5YiI+uFBryYpNlRiniMuoMn6HhV9f+dUX8wzmIlQL0YOyO

Debug level 1: CLIENT -> SERVER: moK0M3bMQdqWQVoYhcg/IpF/oHCPDskxdOtxLX94KIc3d67CmwxdebJg2QPbmRfh96TQpmfA5oAm

Debug level 1: CLIENT -> SERVER: 5z0rOomu3U3EoEjYY+IQHTRV93TyJYZ0to00buIO38Q7L/cjbJ/nrKPF3kM+ZEdzK7RU1BS6Cf4e

Debug level 1: CLIENT -> SERVER: xTzqX1EHIClFJzqqRLtFET1R+5WVSZFeJ/keJyjCiVXh0m5200qS4WZeKNt4D0iy4LmlxYNkH50o

Debug level 1: CLIENT -> SERVER: IMmohs5G/bQkAebxc3o2Q2cF/x0eSZ6vqN5AjNeq3ivp6mo2/jeM+IkI9zPHHIsyjp7z3TY1lVaQ

Debug level 1: CLIENT -> SERVER: lAk8QvzEcx/n8k1vOpoc3/RO3d5E3i0yhTfuejJeTJszeVXFq2x4dtWs9V2pSjxhV7JP2ZU0S3Db

Debug level 1: CLIENT -> SERVER: LcG9tyW4l1tC8SD6I1mCM22xhBrxhKen6ZmWMGq3hNG9LWH0ciyhoulxm6arxBM0PT5T0+N2TY/v

Debug level 1: CLIENT -> SERVER: renx5Zou1FnTtD27haabk6aT8qIPhr5n5zyayiftKp/cW+WTl6PyFt2do5lpu2am99bM9HLNFPBX

Debug level 1: CLIENT -> SERVER: NXO5ViYL/vdyHHHWru7ZvdU9exnqvrITztu1Mr+3VuYXa+VmGnFn/O/lOOCiXdWLe6t68eOr+hrO

Debug level 1: CLIENT -> SERVER: 95iu2D3K594Wxfxm1zFE5ZljGGzAVj0QAOfHTv9OExasDxY/mYEZ94T6tXP5UzYs7RnBUAiHcOpO

Debug level 1: CLIENT -> SERVER: M9WdUp6rPXNc4nz1x44r+ua/UsIuM4OrPQQWpJupf2zzv2uEywth56V67iP/rCJdjoucrVfjuaWa

Debug level 1: CLIENT -> SERVER: Qrxm4vh9VlYTlUdTtq6hQFw0yRrl6Pzc0ioRc+V0rRQzHCWYY1MyzTIuGVfvu1mvgmXijo24GCjH

Debug level 1: CLIENT -> SERVER: K6EF6SyDP0cPvE+MfL7ZZmtSGlWtFUWr5mw1o8moQiiWU9Cyo3Q5QUQirLdmE1SbVfrKzx17CQkD

Debug level 1: CLIENT -> SERVER: v6c/52dc2lOlgfH71g4uDAF/kRlIKQrwHx9gbLPVZz2KgNDTefM7BzxlGTbP+/nb/1gaEnEQwf95

Debug level 1: CLIENT -> SERVER: vy0udVQORyVnz+npPKV5XnmpXsPK7YaVewesfoxitobVqBtWo6tg9SOWezUsxt2wGF8Xi7OD2g0f

Debug level 1: CLIENT -> SERVER: AzVQJt1AmdzCmc56YNJkn3aTfXqR7C+isKaBMusGyuwqoFxZofNuss8vM8aXUKjRQFl0A2VxFVCu

Debug level 1: CLIENT -> SERVER: rNDjYp8s9InJy9Uu1t3l2hyvDnVBs+C7bqzrWJO59yb/Htzr23+//ecISjnbRSD9MJUL7QH95128

Debug level 1: CLIENT -> SERVER: 5S8ytj+jV7nul9tcuPKSvuXqUFfVZ+w/SJJ3PRP4Ba8xxZF3pE5TY+u6diGueNeN1zCSHQpDy0Nx

Debug level 1: CLIENT -> SERVER: 0m8AxhAs7IVewN1nd6xXJPRLmEiCAq2JnGMmGDoj9o+PP1dX3uFVO3FREUXellCLHWJcLm09bZbP

Debug level 1: CLIENT -> SERVER: quYD/38o1X/kGziyxiJb1EtuVkz4uQaJawTKD0BqxbPiPTrZs1ye0qiV7jVsxGrUcYsBIknpVxjF

Debug level 1: CLIENT -> SERVER: uUzGLi9uVu4oRunO4q+zI1BqDia/tpx1reKpk0gSiLdNUOQLk8HqJQa0ArKox/FXsk3DVliysUXj

Debug level 1: CLIENT -> SERVER: moQh2WPfWh3kBWqGVn1t8vx1JzU/N9PZ1DWVVi2dUqpFKkKBs3HRQG3CsyPS7qtC2oEEbGpEWqdU

Debug level 1: CLIENT -> SERVER: qr6ScHOkR68M6fwMoQp09XChdOhwc5jHrwzm4uShinPtTKJ8jHFzpCevDOnZbN6AdEGpIC0JN0d6

Debug level 1: CLIENT -> SERVER: +qqQdgf2yLwd6pQS0opwc6Rnrwxpd27eDnVKBWlJuDnS81eG9MQcpjVCBefJdwnSi1cG82zRhHNB

Debug level 1: CLIENT -> SERVER: qQAtCTdH2rFfFdSjgT0274c6pQS1IlwCdZmk4x8RhhN4RI/WwSal4kMCvZxgZVfQ1oSwSLs1oqvC

Debug level 1: CLIENT -> SERVER: yVYsvzvzhMIU85cDZaPqmGgQiC9R6H3kG4X8XgQfT33Ti6+3u4Q48psEDMwCquE5IoUEpmka34eU

Debug level 1: CLIENT -> SERVER: X+sR76svFkUdwYRONkiBAtdtRgsij4ovAfLkT/s0kRit+CIRv54CYwaepQhyOo4nWOkBtFsqDnyK

Debug level 1: CLIENT -> SERVER: d07fwFSpFgnKPvD5h/Nce7BYqNKPIKjX693FYNqyxmwSgJBZhAawFpQpm1BGUcBql3xchVn9ko+B

Debug level 1: CLIENT -> SERVER: lHmC8RqR9u2hlk/9ZGvf0MBXn05449n8z8SRKdsdz2zHRF+hpMAm/1xBnY+mq0PBZ+aRwuplp9oI

Debug level 1: CLIENT -> SERVER: EGz41/8y26szCeBb6FmBscKhnNPaoeeSkMXXujKGBMcKYWkolSMZ9Q0aEBSMQvCL91tsx8CD1qLa

Debug level 1: CLIENT -> SERVER: aGBBPr+5JT1B+odspxDIlIVO8g9DKS3a4j8tPJptXS1qixG/FCV+DPWVao31gQqvrLthRtihJB8j

Debug level 1: CLIENT -> SERVER: ny1r5COVj4sqF4J1mTX31aJBZfih+dOw7/4PUEsHCCeojhaQCwAAWlYAAFBLAwQUAAAIAACZbj5b

Debug level 1: CLIENT -> SERVER: bpTIIPwDAAD8AwAACAAAAG1ldGEueG1sPD94bWwgdmVyc2lvbj0iMS4wIiBlbmNvZGluZz0iVVRG

Debug level 1: CLIENT -> SERVER: LTgiPz4KPG9mZmljZTpkb2N1bWVudC1tZXRhIHhtbG5zOm9mZmljZT0idXJuOm9hc2lzOm5hbWVz

Debug level 1: CLIENT -> SERVER: OnRjOm9wZW5kb2N1bWVudDp4bWxuczpvZmZpY2U6MS4wIiB4bWxuczp4bGluaz0iaHR0cDovL3d3

Debug level 1: CLIENT -> SERVER: dy53My5vcmcvMTk5OS94bGluayIgeG1sbnM6ZGM9Imh0dHA6Ly9wdXJsLm9yZy9kYy9lbGVtZW50

Debug level 1: CLIENT -> SERVER: cy8xLjEvIiB4bWxuczptZXRhPSJ1cm46b2FzaXM6bmFtZXM6dGM6b3BlbmRvY3VtZW50OnhtbG5z

Debug level 1: CLIENT -> SERVER: Om1ldGE6MS4wIiB4bWxuczpvb289Imh0dHA6Ly9vcGVub2ZmaWNlLm9yZy8yMDA0L29mZmljZSIg

Debug level 1: CLIENT -> SERVER: b2ZmaWNlOnZlcnNpb249IjEuMiI+PG9mZmljZTptZXRhPjxtZXRhOmluaXRpYWwtY3JlYXRvcj5l

Debug level 1: CLIENT -> SERVER: bGlzZXU8L21ldGE6aW5pdGlhbC1jcmVhdG9yPjxtZXRhOmVkaXRpbmctY3ljbGVzPjI8L21ldGE6

Debug level 1: CLIENT -> SERVER: ZWRpdGluZy1jeWNsZXM+PG1ldGE6Y3JlYXRpb24tZGF0ZT4yMDI1LTA5LTI5VDEyOjI1OjAwPC9t

Debug level 1: CLIENT -> SERVER: ZXRhOmNyZWF0aW9uLWRhdGU+PGRjOmRhdGU+MjAyNS0wOS0zMFQxMDo1Mjo1MS4zNjwvZGM6ZGF0

Debug level 1: CLIENT -> SERVER: ZT48bWV0YTplZGl0aW5nLWR1cmF0aW9uPlBUMDBIMDBNMDBTPC9tZXRhOmVkaXRpbmctZHVyYXRp

Debug level 1: CLIENT -> SERVER: b24+PG1ldGE6Z2VuZXJhdG9yPkJyT2ZmaWNlLm9yZy8zLjEkV2luMzIgT3Blbk9mZmljZS5vcmdf

Debug level 1: CLIENT -> SERVER: cHJvamVjdC8zMTBtMTEkQnVpbGQtOTM5OTwvbWV0YTpnZW5lcmF0b3I+PG1ldGE6ZG9jdW1lbnQt

Debug level 1: CLIENT -> SERVER: c3RhdGlzdGljIG1ldGE6dGFibGUtY291bnQ9IjAiIG1ldGE6aW1hZ2UtY291bnQ9IjAiIG1ldGE6

Debug level 1: CLIENT -> SERVER: b2JqZWN0LWNvdW50PSIwIiBtZXRhOnBhZ2UtY291bnQ9IjEiIG1ldGE6cGFyYWdyYXBoLWNvdW50

Debug level 1: CLIENT -> SERVER: PSIxMCIgbWV0YTp3b3JkLWNvdW50PSI1NCIgbWV0YTpjaGFyYWN0ZXItY291bnQ9IjMyMCIvPjxt

Debug level 1: CLIENT -> SERVER: ZXRhOnRlbXBsYXRlIHhsaW5rOnR5cGU9InNpbXBsZSIgeGxpbms6YWN0dWF0ZT0ib25SZXF1ZXN0

Debug level 1: CLIENT -> SERVER: IiB4bGluazp0aXRsZT0iTm9ybWFsIiB4bGluazpocmVmPSIiLz48L29mZmljZTptZXRhPjwvb2Zm

Debug level 1: CLIENT -> SERVER: aWNlOmRvY3VtZW50LW1ldGE+UEsDBBQACAgIAJluPlsAAAAAAAAAAAAAAAAYAAAAVGh1bWJuYWls

Debug level 1: CLIENT -> SERVER: cy90aHVtYm5haWwucG5n7ZZpVBKIGoaZpqnUMRudscYwc3JyMnEr94UmHRUJ7LrMVG4VipmAoYlK

Debug level 1: CLIENT -> SERVER: mCfXSnLUvGpiWLnlypAKKKKOqbhiuSYoDOKSGq4huAC3c+4998495/66v+fX9z1/3+/93vM+uAh3

Debug level 1: CLIENT -> SERVER: U1fVUQUAAOoQdxevT7MBAPgMcGDfp01ywpoHAKidhrj86BNbKH46kMWz03alVAb+8EybcvKrXKun

Debug level 1: CLIENT -> SERVER: vye3+boJfU3t1dA+xKtebxKDTYC72cenNptP8VCS8ih/xN8MAHuGqK5NK3tk4eTQzy9OUwaXAW0r

Debug level 1: CLIENT -> SERVER: +yp+PFiyzzZTZ+bczczP/z/ISCohzynESNxCNbWnC1tfFtZfeCYUV1B2dzN0t8iFwaeJwxYFc1SV

Debug level 1: CLIENT -> SERVER: aHwQTTIgc1P2285TJHWmXw9uDVGn3pAlwsbS7eGzaYbFEYyJyaoc6Tg+Yf4dx6eSjbSWw0C18gMp

Debug level 1: CLIENT -> SERVER: BOXriTeYl+FMtk3XmCBW9cT6PGHKHBdcI0qXWYzCoHI+mNZIVA4zGhK8UaYSNhisu6GIB2XIS44l

Debug level 1: CLIENT -> SERVER: 5SQFUGLuxMXBNJkGgbccHh6CnlWASHNYxo7Iqe+YAYNr1nxlPCXcuXqko8n7JVCw2P714q8CwtZh

Debug level 1: CLIENT -> SERVER: 5qVmIKFf2jvLCv6d6ZRvgX+A6Onf+sBar/lofbRW0VuVJ5tbiYM4Eq3VNOb/WMhv1hXFXvf7JWi+

Debug level 1: CLIENT -> SERVER: Yc2Cz+9vSn8U8QuTW6X07t22eN3J5/Vsm2mnt7DH24Zk6PWQVCFq4Huio8RU4XxDJ1mhsh8ihqPH

Debug level 1: CLIENT -> SERVER: Z0VjrVmk8ECrvAx/vL8HbiX3IXzjrK3y2ubdm7xIUF5v9Hq5YtsBSFv5uZc5O1nbrLTXxk6VNdI+

Debug level 1: CLIENT -> SERVER: VoirT6ONpR96L+aao8g7dn1HonTpxE5x74WoqMYOpbRip5HPJLLsxan7wX+kE8pxhlPWGwmPYHEf

Debug level 1: CLIENT -> SERVER: ElJNv7NsA+//513JrotheBJ7Vev2B++XNa0TYjxtI/zoi9ByGWKkSC2Eeyjrvj4rfUKMTHrqbNZR

Debug level 1: CLIENT -> SERVER: FIFadGOqKy4wtF9o4VTMHwBdUTTJ8hyvtcMdeuBoRrzeicPmbddOobZ6TNMNPE80qFHpVp2p7FMp

Debug level 1: CLIENT -> SERVER: g8sJd2zZNFXbQrRKLjuTHKMk0HcsIY4p7rD7+qkXRbFUTh6L3xULMhuVtK+lKwXvqyXR219f5Qib

Debug level 1: CLIENT -> SERVER: 7WQHWknlWdwEY3KiZ7g7hZem7Snkas71zXKNjPNNGsaioc0cvj3vIldDn91whfQ6FeO9T/Hl4AlL

Debug level 1: CLIENT -> SERVER: B3V39cjjlt3Yq+cfK7G3McYlzsT4vy9laZFaPFWNepwjcGeUxdXqkAvDDmV7HxQm10ORBTQVN7CH

Debug level 1: CLIENT -> SERVER: hZHUUwU2KxN1vKBWPM4dWzevuLkYqrR/awLbjm40sJGb6feUGpymB9ZNKn2s6RHRmmP1kFojEVEq

Debug level 1: CLIENT -> SERVER: iYdBriiiLy/rdh3qit2QN3fAO51GVC4pXyYshftJN5jS959pVR1UlHBM4aIgIva3pUN79sLw1OuJ

Debug level 1: CLIENT -> SERVER: bwuA9Sc1noK+ONx+dF4ACFrh3aKN5+f4GBqmvHR5esuH27CSTRySg1hhs4wRurHvcsQZ5GVEu48R

Debug level 1: CLIENT -> SERVER: OOP5ZMhBBEOjIuG5IJyVvy+yoIsHJH0Z76ECiZoqyqy+3ViiYO9W19ZHLLScUqnyqNWJGsozJag7

Debug level 1: CLIENT -> SERVER: f3k+Jfm3Sd7uuwscelQgOW0cYaxyKa9IQoGiZ2eqP3IxO40tbhyvrhmEiq6N2fOK7U49/ik6FFWp

Debug level 1: CLIENT -> SERVER: SZwW7CR/fxri6suKtxjOZvmkGHhI7Hq6vY4MojPK424WoK9nVeHrP5rer+fPx+eNzFTeaaLZg+5l

Debug level 1: CLIENT -> SERVER: D5VXggMsMySMgLSGb2MeFuQ43R6NH9+wREuGGkhpRVJKTkCxSzR4quwemzi9+hR/r0P/m/9kD8IZ

Debug level 1: CLIENT -> SERVER: n+egQU0mX88/lZLj3194S0MK1Wk5xo73KhpIJR2W+Z/3DCMLDk3jKWLNaIDMN0NtoQFjHWTmGGY9

Debug level 1: CLIENT -> SERVER: cR7QelDw5zQTmVXstBQhyt6JSQErppvbZIv+jCawg0ZaZ4XI+cCdQiUtL6pO1RG2kTPeaF9m+ozz

Debug level 1: CLIENT -> SERVER: XJ8VO7JsKGnUinNZtRfaW3bfGzm+3ysJ+MlmQPDaZrEKpc9g0AxLo2KL3lr7ankLMNpjUQrhzKQN

Debug level 1: CLIENT -> SERVER: 9iw88ruC9RJgQWleKBNj2FwAYn5m/Bi9RHSihHr/vBVTHLASc8c2aMh4XuPkfK7uHmCcl2efUJ8l

Debug level 1: CLIENT -> SERVER: M1YEwO6CtPyremgkotM4SMtJUDXRpAfjyGM1jRy0COV/DmdnZ/xASIA7Jfk9yuPtw3MOfpQQqbAA

Debug level 1: CLIENT -> SERVER: GyemhzgymvqD4/2dOR94rQOBymEQOsV397WH8sLy6Pw7z5vWpdHvc6OnCppl/oFqGDpkDjdg07fU

Debug level 1: CLIENT -> SERVER: dPmg6DL/XJ2JCA6LIoscFSGQ968UfklvBtuF4Qugy3imZLVd9YWimECHIFnIybti+uwkjRjuea2G

Debug level 1: CLIENT -> SERVER: iatT+HGvapGT0rbgusG7STV1cL7WmpnX57sm/9L/t8zASZ/h8+9rUJ7YOl4s3A+KopW5P4kJQqBZ

Debug level 1: CLIENT -> SERVER: eH8JDagf+QS3v/vO/a6APZt+KOJCoiXiGJOiR++MbQMZtmim/QT2P8PBHd0l5Vpl3X8Qo99Qi0Jf

Debug level 1: CLIENT -> SERVER: u+aXlh0n9R0b4/1aheoTVn+LwRIQ3SYOv4bHmiN/yEUbLmvTvxp43r96hPbihn2y4puMnW0hd/hV

Debug level 1: CLIENT -> SERVER: BVIWjOHJMeoLjKVNSz3SAKOyJWbKrlZudczckZr8XR8NqOgG04Km9TYQr2MWPUPVrTVxu47H/+2C

Debug level 1: CLIENT -> SERVER: ouzSvOz1Xhee1Yoxc7n5Cg4p17nmGHvWyRC6gttMHNcKZXXpG2sjM02Z9K6t1APqSuuix6V0l7bK

Debug level 1: CLIENT -> SERVER: B3W2NZwEq0F1Ndd209VbgorWroTb99zmhCX7ZL6fxJLVD/zYSoqyga1VudnlvdBbigwefYWIJy+P

Debug level 1: CLIENT -> SERVER: Vodc3/s9xxe1PoSQo6AGpf1hxj2umCf0IztvpBv5yo3bNoF9I1lP4hPW129Qe9aSROZwvXTvISvI

Debug level 1: CLIENT -> SERVER: lV24TaInF3i2pqT+SVR+rnZ6X+oXi7Pd7Y0XTYKbUmZ7pwtfm0dY2JXsfXkSNBoatkD1aiUPX8p+

Debug level 1: CLIENT -> SERVER: NBaXzj+j1LixKtdp3yasMXIqTpyZDRRONDlcWYb6YhzBXWv+FCQFC83MLol+VyUfIUzPPduxTQs3

Debug level 1: CLIENT -> SERVER: mCl2edYwaeRGuKSDrsJNvfKfiBGvLL+lTXFdfJGtJRNsyC8KMtOgJtLp43y83uw95z/+68OO/wV/

Debug level 1: CLIENT -> SERVER: wf+AtaD1bx43Pprpl35qzwDIT3CX2vNXE/8BUEsHCIbEkYYtCQAAZAsAAFBLAwQUAAgICACZbj5b

Debug level 1: CLIENT -> SERVER: AAAAAAAAAAAAAAAADAAAAHNldHRpbmdzLnhtbLVZ23LiOBB9369I+Z0QSOYSKmEKyDDLhAQKyKR2

Debug level 1: CLIENT -> SERVER: 3oTdgBZZ7ZLkAH+/LRlSGS5Zgq0nElvqVt9On5Zvvi1jcfYCSnOUt0Hl/CI4AxlixOX0NngatUtf

Debug level 1: CLIENT -> SERVER: g2/1v25wMuEh1CIM0xikKWkwhpboM9oudS17fRukStaQaa5rksWgayasYQJys632dnXNKcueLAWX

Debug level 1: CLIENT -> SERVER: 89tgZkxSK5cXi8X54vIc1bRcub6+Lru3m6UhygmfHqsqW/1WFSK+KrIbssM4ZdWLi6ty9n9wtj7k

Debug level 1: CLIENT -> SERVER: G9dUg/rGDxvz6zdrBdlPiRuIrW/O1o/t0W4DUll74bB49Vqwb9+fe37R+oYCNsIk2Lwxq4TecGmC

Debug level 1: CLIENT -> SERVER: +sVNeVfC8VK7MDEexD7zyMz2yb2sfvpSzSf7b+DT2d5DVyuVz19PEz6c4WIAEeUXtGZMTkFvKRgj

Debug level 1: CLIENT -> SERVER: CmAyqBuVwmk6OrKpcKHhASM4JH3ChD5afClmSYnLCJYQ7fpqf3K5PVQWanWcxzvR1lG1UZS5Qd3m

Debug level 1: CLIENT -> SERVER: cY5IHkq8SvXT5YkxtGIPVMlV9frTqUI1HwsovE6c1KJr2gkdHCoPW3v5RDfRGIwPld6X02T/RoxH

Debug level 1: CLIENT -> SERVER: JGk7z2ao8gFRl60wNS0UaSy3y7ko6U3EeWH1vOuXNgsNqv1nr1ycePqOHoKA0EDUVvTghKPvefgW

Debug level 1: CLIENT -> SERVER: Vw69XkPV/gXUEo9votmDVDFDLfkj3bQRRX2m2IhRNg8TFlooKz50fYJIMwBLGWAbP4uQ30uN7VRd

Debug level 1: CLIENT -> SERVER: 0iD+4SAi/ZjGY1B+rOkS6XpKImb2da5NMuZw1Pc4Mas+89NzpxIVtLnShsyADmWgNB3p013EHxSV

Debug level 1: CLIENT -> SERVER: LagWxokCbVlj4fjmHDckAwT8xPFBx+UwI4t4WxE4Q5wI+rv46Dgr+iwBZfUMwaTb/bAIS6jmHdD1

Debug level 1: CLIENT -> SERVER: JhNCCh++cnZYiuApi9fMtK/QEG5TPt3DalsL0/D5qsklU6ugfOSRHQx6OO/6oG1U22ShqAIzjdRg

Debug level 1: CLIENT -> SERVER: lqKe0rKF1MxQePEOiQe1N90/GMUM3iiMuiGjpmByrsnpFulaTISpcP3RV8I3pETjNBzuCyfCWxdZ

Debug level 1: CLIENT -> SERVER: NAAWoRQ7iV4MIlgWsCYAI3R10ALhI9qk6/uSwi2Z6JJF7/ScHDqSRKyeNKg7Zljx4tuWYvgsuCF7

Debug level 1: CLIENT -> SERVER: gV/Z/UpPtgRqH3zaKvkhcMzE3fpqyBIbH+2go+8p3g3NmeynMjSprzJsCD6VlLxDg0kfNX9PzenR

Debug level 1: CLIENT -> SERVER: aQmeNPQrrWnIkGobomdFS1VbrFxz9eHHVqoUhckmtQVG+zvEVIU7WJNdSRyBl+SrhmvUGREkrLQ4

Debug level 1: CLIENT -> SERVER: MFUsmemO7HK9PTgXYcYdPqJpscSkCu4UW/TG/+qetFTBgzIHZQNc3AP44FLr3vW4OzceHwQno82W

Debug level 1: CLIENT -> SERVER: uYRQe9Y8AjWCpXmm+PUkuZVqwAcT1tAT0dryB6Ajht5IpLu88TUL6S4bwyv6+fGU5XzgGIi/8XrP

Debug level 1: CLIENT -> SERVER: EN8wQ0OssHinvZq0SbTEj00OJAZAA4o1rWGMskyO5tQ2eglVNnop1AkRdV/yf1hgfadacjAeIXDh

Debug level 1: CLIENT -> SERVER: dND422IyBOGh8f3Zf2iej5mM9szyeW5tXeB/ptrwycqWjX7mZvbAZMpEUwGb++kRegB2OHiBEWat

Debug level 1: CLIENT -> SERVER: 0CcaEDJTkm0IiscrN1DWGPvxz7I7d0F74OvFjHC2pECjSO2Z8jQGn3dJ6wuSKTRZOJ8qTOXB68Si

Debug level 1: CLIENT -> SERVER: 0zxfe7c8x13J+pmeadQN5xYZvfR7uaS8DeE3KKTR7X+mtg9ek7tr7vLO1+Pyoe/q9f8AUEsHCFYe

Debug level 1: CLIENT -> SERVER: czz9BAAAmR8AAFBLAwQUAAgICACZbj5bAAAAAAAAAAAAAAAAFQAAAE1FVEEtSU5GL21hbmlmZXN0

Debug level 1: CLIENT -> SERVER: LnhtbLWVS27DIBBA9zmFxd7QZlVZcSK1Uk+QHoDgsYPET8wQJbcvjpTEbaOqqcwOLHhvGDzDanO0

Debug level 1: CLIENT -> SERVER: pjpARO1dy575E6vAKd9pN7TsY/tev7DNerGy0ukekJrLoMr7HF6nLUvRNV6ixsZJC9iQanwA13mV

Debug level 1: CLIENT -> SERVER: LDhqvq5vRtN6Ud3AvTZQ54XxVN1k0GlZ0ylAy2QIRitJOU5xcB0/u/hUwQmOxG67J6daTj73yZg6

Debug level 1: CLIENT -> SERVER: SNq3TDDxUAz3KW/e9XpI8RwbLgWSpIQ7GcvgpVJgIE99FCrFOJ48J7e4q4igN14SFIIHH1LIf0Yq

Debug level 1: CLIENT -> SERVER: hI9+iIDlbnoMvRicvDfF4NrKAVC8arIyYFHHg+zvbQSTG6uHJ83VVPC3GB6Ujw1KjLV6F5799L9i

Debug level 1: CLIENT -> SERVER: /p2LdDKAs2MtkJyt8Wz3ye6c1AYFXYY8uGFu+LyJBaL8Tl5TuxI/nsn1J1BLBwhlgkjaRAEAAGEH

Debug level 1: CLIENT -> SERVER: AABQSwECFAAUAAAIAACZbj5bXsYyDCcAAAAnAAAACAAAAAAAAAAAAAAAAAAAAAAAbWltZXR5cGVQ

Debug level 1: CLIENT -> SERVER: SwECFAAUAAAIAACZbj5bAAAAAAAAAAAAAAAAGgAAAAAAAAAAAAAAAABNAAAAQ29uZmlndXJhdGlv

Debug level 1: CLIENT -> SERVER: bnMyL3N0YXR1c2Jhci9QSwECFAAUAAgICACZbj5bAAAAAAIAAAAAAAAAJwAAAAAAAAAAAAAAAACF

Debug level 1: CLIENT -> SERVER: AAAAQ29uZmlndXJhdGlvbnMyL2FjY2VsZXJhdG9yL2N1cnJlbnQueG1sUEsBAhQAFAAACAAAmW4+

Debug level 1: CLIENT -> SERVER: WwAAAAAAAAAAAAAAABgAAAAAAAAAAAAAAAAA3AAAAENvbmZpZ3VyYXRpb25zMi9mbG9hdGVyL1BL

Debug level 1: CLIENT -> SERVER: AQIUABQAAAgAAJluPlsAAAAAAAAAAAAAAAAaAAAAAAAAAAAAAAAAABIBAABDb25maWd1cmF0aW9u

Debug level 1: CLIENT -> SERVER: czIvcG9wdXBtZW51L1BLAQIUABQAAAgAAJluPlsAAAAAAAAAAAAAAAAcAAAAAAAAAAAAAAAAAEoB

Debug level 1: CLIENT -> SERVER: AABDb25maWd1cmF0aW9uczIvcHJvZ3Jlc3NiYXIvUEsBAhQAFAAACAAAmW4+WwAAAAAAAAAAAAAA

Debug level 1: CLIENT -> SERVER: ABgAAAAAAAAAAAAAAAAAhAEAAENvbmZpZ3VyYXRpb25zMi9tZW51YmFyL1BLAQIUABQAAAgAAJlu

Debug level 1: CLIENT -> SERVER: PlsAAAAAAAAAAAAAAAAYAAAAAAAAAAAAAAAAALoBAABDb25maWd1cmF0aW9uczIvdG9vbGJhci9Q

Debug level 1: CLIENT -> SERVER: SwECFAAUAAAIAACZbj5bAAAAAAAAAAAAAAAAHwAAAAAAAAAAAAAAAADwAQAAQ29uZmlndXJhdGlv

Debug level 1: CLIENT -> SERVER: bnMyL2ltYWdlcy9CaXRtYXBzL1BLAQIUABQACAgIAJluPlsETM8X6gQAANMTAAALAAAAAAAAAAAA

Debug level 1: CLIENT -> SERVER: AAAAAC0CAABjb250ZW50LnhtbFBLAQIUABQACAgIAJluPlsnqI4WkAsAAFpWAAAKAAAAAAAAAAAA

Debug level 1: CLIENT -> SERVER: AAAAAFAHAABzdHlsZXMueG1sUEsBAhQAFAAACAAAmW4+W26UyCD8AwAA/AMAAAgAAAAAAAAAAAAA

Debug level 1: CLIENT -> SERVER: AAAAGBMAAG1ldGEueG1sUEsBAhQAFAAICAgAmW4+W4bEkYYtCQAAZAsAABgAAAAAAAAAAAAAAAAA

Debug level 1: CLIENT -> SERVER: OhcAAFRodW1ibmFpbHMvdGh1bWJuYWlsLnBuZ1BLAQIUABQACAgIAJluPltWHnM8/QQAAJkfAAAM

Debug level 1: CLIENT -> SERVER: AAAAAAAAAAAAAAAAAK0gAABzZXR0aW5ncy54bWxQSwECFAAUAAgICACZbj5bZYJI2kQBAABhBwAA

Debug level 1: CLIENT -> SERVER: FQAAAAAAAAAAAAAAAADkJQAATUVUQS1JTkYvbWFuaWZlc3QueG1sUEsFBgAAAAAPAA8A7gMAAGsn

Debug level 1: CLIENT -> SERVER: AAAAAA==

Debug level 1: CLIENT -> SERVER: 

Debug level 1: CLIENT -> SERVER: --b1=_qViLEELTEf2cFj4WpVCBQxp7AWAcljiIbPM3Z10EU--

Debug level 1: CLIENT -> SERVER: 

Debug level 1: CLIENT -> SERVER: .

Debug level 2: SERVER -> CLIENT: 250 2.0.0 Ok: queued as 71AAF18059C5

Debug level 1: CLIENT -> SERVER: QUIT

Debug level 2: SERVER -> CLIENT: 221 2.0.0 Bye

