Debug level 2: SERVER -> CLIENT: 220 smtp-sp217-111.kinghost.net ESMTP

Debug level 1: CLIENT -> SERVER: EHLO localhost

Debug level 2: SERVER -> CLIENT: 250-smtp-sp217-111.kinghost.net
250-PIPELINING
250-SIZE 62914560
250-VRFY
250-ETRN
250-STARTTLS
250-AUTH PLAIN LOGIN
250-AUTH=PLAIN LOGIN
250-ENHANCEDSTATUSCODES
250-8BITMIME
250-DSN
250 CHUNKING

Debug level 1: CLIENT -> SERVER: AUTH LOGIN

Debug level 2: SERVER -> CLIENT: 334 VXNlcm5hbWU6

Debug level 1: CLIENT -> SERVER: [credentials hidden]
Debug level 2: SERVER -> CLIENT: 334 UGFzc3dvcmQ6

Debug level 1: CLIENT -> SERVER: [credentials hidden]
Debug level 2: SERVER -> CLIENT: 235 2.7.0 Authentication successful

Debug level 1: CLIENT -> SERVER: MAIL FROM:<ourodosul@ourodosul.com.br>

Debug level 2: SERVER -> CLIENT: 250 2.1.0 Ok

Debug level 1: CLIENT -> SERVER: RCPT TO:<silviafigueiro@hotmail.com>

Debug level 2: SERVER -> CLIENT: 250 2.1.5 Ok

Debug level 1: CLIENT -> SERVER: DATA

Debug level 2: SERVER -> CLIENT: 354 End data with <CR><LF>.<CR><LF>

Debug level 1: CLIENT -> SERVER: Date: Thu, 2 Oct 2025 14:55:26 +0200

Debug level 1: CLIENT -> SERVER: To: silviafigueiro@hotmail.com

Debug level 1: CLIENT -> SERVER: From: ourodosul@ourodosul.com.br

Debug level 1: CLIENT -> SERVER: Subject: =?iso-8859-1?Q?Atualiza=C3=A7=C3=A3o_de_Cadastro?=

Debug level 1: CLIENT -> SERVER: Message-ID: <Kwi6VKy2QvNgjlqt9z96hf3nvuaQrd6mnbYhLeyfg@localhost>

Debug level 1: CLIENT -> SERVER: X-Mailer: PHPMailer 6.10.0 (https://github.com/PHPMailer/PHPMailer)

Debug level 1: CLIENT -> SERVER: MIME-Version: 1.0

Debug level 1: CLIENT -> SERVER: Content-Type: multipart/mixed;

Debug level 1: CLIENT -> SERVER:  boundary="b1=_Kwi6VKy2QvNgjlqt9z96hf3nvuaQrd6mnbYhLeyfg"

Debug level 1: CLIENT -> SERVER: Content-Transfer-Encoding: 8bit

Debug level 1: CLIENT -> SERVER: 

Debug level 1: CLIENT -> SERVER: --b1=_Kwi6VKy2QvNgjlqt9z96hf3nvuaQrd6mnbYhLeyfg

Debug level 1: CLIENT -> SERVER: Content-Type: multipart/alternative;

Debug level 1: CLIENT -> SERVER:  boundary="b2=_Kwi6VKy2QvNgjlqt9z96hf3nvuaQrd6mnbYhLeyfg"

Debug level 1: CLIENT -> SERVER: 

Debug level 1: CLIENT -> SERVER: --b2=_Kwi6VKy2QvNgjlqt9z96hf3nvuaQrd6mnbYhLeyfg

Debug level 1: CLIENT -> SERVER: Content-Type: text/plain; charset=iso-8859-1

Debug level 1: CLIENT -> SERVER: Content-Transfer-Encoding: 8bit

Debug level 1: CLIENT -> SERVER: 

Debug level 1: CLIENT -> SERVER: (Sem conteúdo)

Debug level 1: CLIENT -> SERVER: 

Debug level 1: CLIENT -> SERVER: --b2=_Kwi6VKy2QvNgjlqt9z96hf3nvuaQrd6mnbYhLeyfg

Debug level 1: CLIENT -> SERVER: Content-Type: text/html; charset=iso-8859-1

Debug level 1: CLIENT -> SERVER: Content-Transfer-Encoding: 8bit

Debug level 1: CLIENT -> SERVER: 

Debug level 1: CLIENT -> SERVER: <p>(Sem conteúdo)</p>

Debug level 1: CLIENT -> SERVER: 

Debug level 1: CLIENT -> SERVER: 

Debug level 1: CLIENT -> SERVER: --b2=_Kwi6VKy2QvNgjlqt9z96hf3nvuaQrd6mnbYhLeyfg--

Debug level 1: CLIENT -> SERVER: 

Debug level 1: CLIENT -> SERVER: --b1=_Kwi6VKy2QvNgjlqt9z96hf3nvuaQrd6mnbYhLeyfg

Debug level 1: CLIENT -> SERVER: Content-Type: application/octet-stream; name="13742  .1 JOAO BATISTA FIGUEIREDO DE OLIVE.odt"

Debug level 1: CLIENT -> SERVER: Content-Transfer-Encoding: base64

Debug level 1: CLIENT -> SERVER: Content-Disposition: attachment; filename="13742  .1 JOAO BATISTA FIGUEIREDO DE OLIVE.odt"

Debug level 1: CLIENT -> SERVER: 

Debug level 1: CLIENT -> SERVER: UEsDBBQAAAgAAOVmQltexjIMJwAAACcAAAAIAAAAbWltZXR5cGVhcHBsaWNhdGlvbi92bmQub2Fz

Debug level 1: CLIENT -> SERVER: aXMub3BlbmRvY3VtZW50LnRleHRQSwMEFAAACAAA5WZCWwAAAAAAAAAAAAAAABoAAABDb25maWd1

Debug level 1: CLIENT -> SERVER: cmF0aW9uczIvc3RhdHVzYmFyL1BLAwQUAAgICADlZkJbAAAAAAAAAAAAAAAAJwAAAENvbmZpZ3Vy

Debug level 1: CLIENT -> SERVER: YXRpb25zMi9hY2NlbGVyYXRvci9jdXJyZW50LnhtbAMAUEsHCAAAAAACAAAAAAAAAFBLAwQUAAAI

Debug level 1: CLIENT -> SERVER: AADlZkJbAAAAAAAAAAAAAAAAGAAAAENvbmZpZ3VyYXRpb25zMi9mbG9hdGVyL1BLAwQUAAAIAADl

Debug level 1: CLIENT -> SERVER: ZkJbAAAAAAAAAAAAAAAAGgAAAENvbmZpZ3VyYXRpb25zMi9wb3B1cG1lbnUvUEsDBBQAAAgAAOVm

Debug level 1: CLIENT -> SERVER: QlsAAAAAAAAAAAAAAAAcAAAAQ29uZmlndXJhdGlvbnMyL3Byb2dyZXNzYmFyL1BLAwQUAAAIAADl

Debug level 1: CLIENT -> SERVER: ZkJbAAAAAAAAAAAAAAAAGAAAAENvbmZpZ3VyYXRpb25zMi9tZW51YmFyL1BLAwQUAAAIAADlZkJb

Debug level 1: CLIENT -> SERVER: AAAAAAAAAAAAAAAAGAAAAENvbmZpZ3VyYXRpb25zMi90b29sYmFyL1BLAwQUAAAIAADlZkJbAAAA

Debug level 1: CLIENT -> SERVER: AAAAAAAAAAAAHwAAAENvbmZpZ3VyYXRpb25zMi9pbWFnZXMvQml0bWFwcy9QSwMEFAAICAgA5WZC

Debug level 1: CLIENT -> SERVER: WwAAAAAAAAAAAAAAAAsAAABjb250ZW50LnhtbL1YTXLbNhTe9xQoM9NpFxQtO53GrCWPE9sZZ+zY

Debug level 1: CLIENT -> SERVER: U8lttzAJiZiCAAKAkpxV79ATdJXpAXoC36Qn6QNIwmQkOlSUiRc2ife99z68P4A+Ol7lDC2I0lTw

Debug level 1: CLIENT -> SERVER: UTAc7AWI8ESklM9Hwe30PHwRHI+/ORKzGU1InIqkyAk3YSK4gb8ItLmOS+koKBSPBdZUxxznRMcm

Debug level 1: CLIENT -> SERVER: iYUkvNaKm+jY+SpXtLlnvdUduKltyMr0VbbYli6+6+/ZgZvaqcLLvsoWC0Ftqs9EX+WVZuFMQNRz

Debug level 1: CLIENT -> SERVER: iQ39iMWKUf7HKMiMkXEULZfLwfJgINQ8Gh4eHkZO6gknHicLxRwqTSLCiHWmo+FgGNXYnBjcl5/F

Debug level 1: CLIENT -> SERVER: NinxIr8jqndosMFrWdWLee+KWMw7QpNkWPWuDQdup/cg7Z/eg7Spm2OTdeTkRXQFQvfr6vKxFlTe

Debug level 1: CLIENT -> SERVER: 15fFtkKVKCp7b7NEN/WFEJ6qVSgb1NHd39t7HpXvDfTySfhSUUNUA548CU8wS3zERb4paIAbRoAI

Debug level 1: CLIENT -> SERVER: ycKWqS98GwjdobAflWIP1mmn6d+vLidJRnL8CKafBoeUa4P5Y2SUTULnTn+MFJFCGR+YWf+BCdna

Debug level 1: CLIENT -> SERVER: 917SGfZuAKkHzkJoFZ2vpoXIdmZkVZ75SqOE1WXtSVb+yUoSRa0iZjZzYa5hl5BNIeOGdlk8lWbj

Debug level 1: CLIENT -> SERVER: 8NgPxvVJUVaZjvzCDE6McIYTEqYkYXp8VHa8X0blu+UxCqY4EzkeBghau4bklN3XkiB6Wv8VZvRO

Debug level 1: CLIENT -> SERVER: 0U0GKlGAWvpWFs4Jh91Dteol1bqnj890oWAXvIWQ1CQwMhZYUXvO9HSPLuk8M5s2+h2WQv/cgpVL

Debug level 1: CLIENT -> SERVER: X5HXF6NVZmQHWpdFQlOMJphrdMsp3HBIJ7kN2D4U77Uh+S4crybotTAZTTqZecRX4VP1WmcT7u49

Debug level 1: CLIENT -> SERVER: 6hoO1TouDDgyNAmdHT813O8W15uh91WRlFjhucIyqwWwYK+u7iUstSYwv1Os0hqSwz2EqFDi+Rqi

Debug level 1: CLIENT -> SERVER: du3NhhKmIlGGEu0dWLXq6mOpuy02GHfTn67RtzdV79S+NP3NRJwIJsDNsz33U2s7oCgMXPrA6gwz

Debug level 1: CLIENT -> SERVER: TVoiux6aTIlinoXVtZsLTlqJ+niGgje3rul7WB8OpWms1TZUjplbdn50hlN7TWjadoKCp0Q5Fi3v

Debug level 1: CLIENT -> SERVER: tbklsQPh0d5HrEI46TBvzfdHgKVXA0qSTaHLeiXdYL10/ATAube3TEZWTxHwkA4KXt5NogPi4kdy

Debug level 1: CLIENT -> SERVER: meEyEWuxFYtNod0EqIrHOXXP65UadbZgJbgT6b1/sebHR+7rSpN3BXxC+lZeX0RuKaVaMnxfV2vI

Debug level 1: CLIENT -> SERVER: 4HLHRgGUshOXRXjBWKGNAv+CW447GZvWY2c3K7YxdzVyWn4NurB3R02WKs2JBXNu/FLkKKX4W3Ty

Debug level 1: CLIENT -> SERVER: rqDo4R8Eh9V1oQRKBZoUbIBu4MTKhUbwlW5vZ1ghuHgibNHHlT/Z7aIx8pwMPnuj5uPw4Kfn+6ja

Debug level 1: CLIENT -> SERVER: fzQeDOtnifm6NZhs4zfXJ9fo5cn0YjI9QecXr2/PLn45O71Gp2fo+vLi17M6BmBgvA2/M7h/233C

Debug level 1: CLIENT -> SERVER: WFewJhDJ7Z4NNgLZOY2wKaBR30MANClQglOY70qUAbLIGYUGc0INQUzB1DHahsBbkZN4K41XN+fo

Debug level 1: CLIENT -> SERVER: vz//2krnFL6PERB+i3XiLuci3ipKOaYMfS/tnjVR1tKMskz8EKNmgrewOCWMwOwgbQOfepxCdn7L

Debug level 1: CLIENT -> SERVER: sNFYyuOtND+T5pk9a8jDB7FdiuruKWzjEK2JrymInKm2XtaXxNp1F9yaxcOHh3/haLZFpAs4qHOi

Debug level 1: CLIENT -> SERVER: EltSW3XcpFGm4Ns8/A0pyxGkv6oB7mtgsIXd6MthotbEj1qHQdTxb8Lx/1BLBwgIOF8+LgUAAGcU

Debug level 1: CLIENT -> SERVER: AABQSwMEFAAICAgA5WZCWwAAAAAAAAAAAAAAAAoAAABzdHlsZXMueG1s3Vxfk6O4EX/Pp3B5K3nD

Debug level 1: CLIENT -> SERVER: Bvzf2dmrZHOXpGq3ktzsPl/JINvkMKKEGI/v6+QhT/kU+8XSkhAIEJjxn/Gsb6q2zuqW1P3rVqvV

Debug level 1: CLIENT -> SERVER: CN7/8LwLe0+YJgGJHvrOwO73cOQRP4g2D/2vX36y5v0fPvzuPVmvAw8vfeKlOxwxK2GHECc96Bwl

Debug level 1: CLIENT -> SERVER: S0l86Kc0WhKUBMkyQjucLJm3JDGOVKelzr0UU8kWMVjX7oJZ783wM+vamfOW+qJV95kFs97bp2jf

Debug level 1: CLIENT -> SERVER: tTPnBUz17mvStfNzElprYnlkFyMWVKR4DoPo14f+lrF4ORzu9/vBfjQgdDN0FovFUFBzgb2cL05p

Debug level 1: CLIENT -> SERVER: KLh8b4hDzCdLhs7AGSreHWaoq3ycVxcpSncrTDtDgxiqWTV52nT2iKdNAzTeFtHOviGYy+Yd+d3N

Debug level 1: CLIENT -> SERVER: O/L1vjvEtg02mQ8/A1H88/lT4Qt013UuzluCyqNB3FlNya33J4TkovIOcoEKcV3bHg/lb41738q+

Debug level 1: CLIENT -> SERVER: pwHDVGP3Wtk9FHo54mRnAg34nCFwWPiJu6niplzpxpEnQ4pjQlkuyLp7gAJ03HwWf43yaYAzGYgR

Debug level 1: CLIENT -> SERVER: LN5RzKWPMOQrYci7vOv3skCnBVe3/0FF0jWBKLpGHrZ87IXJh/dyBeTNPfmby/nQ/4K2ZIecfg9c

Debug level 1: CLIENT -> SERVER: XbHsgvCgKP1he/+PKAxWNDANkJH6vVJ/TrM2OMI0AOsl+yBJOs5x4hQUtIhKHHHAPFhCT4gGPO52

Debug level 1: CLIENT -> SERVER: nL73KdhsmUnRP6CYJH8sscmmV5TrYmJJi5wh1qfUC3zUe0RR0vsaBbDh40bhDLxdRDwkDO/OkfHz

Debug level 1: CLIENT -> SERVER: Y++vhG0Dr1GynONV5MnWWuMiPH/2YVNwyNpl1qWk9PEapWGWi6mRM5E2FMUcOcWb/bZiCuGKsgBy

Debug level 1: CLIENT -> SERVER: N56RLJMt8snegvETzKznh749GHkgp4F4qBAZbJcWZBfYSmLkQW5jbQkNfgPRUchZ3Xkr8xMXw6uz

Debug level 1: CLIENT -> SERVER: QjDtOmqN1TBmBksIeuwDtrVktrhGYaLZO0YUCYR0fNZkKQbfYr4oIXzb89+r8fgoFkoZ4TODawQ+

Debug level 1: CLIENT -> SERVER: JnIAFMbb3BVE/xXFCPKzhIEjMEXhmySXeAeL6aEfUoutSs4RRD7m+wrPtXUVlehKcshJwf4kTrj3

Debug level 1: CLIENT -> SERVER: NCuTs3O5NR1la5pgACfithaTeyQkkL0xmkJQABhEYxL8BpI6TsxEW4iiTYo20JQ1eCSNGAUn+fPP

Debug level 1: CLIENT -> SERVER: ufqYQSZg/YppJESXA2pa8jEt2E1RpEbOOmaDKxrOQ3A2iyJ8fayPx1PBED83jJhTEa2OmZMe/9Qv

Debug level 1: CLIENT -> SERVER: 4Cytsi5LL8e/f8y9dohugsgC84HDcmct2laEMZ4McT92M5LBG6F1e4i3OILcl0RWiHwfABcKPfQj

Debug level 1: CLIENT -> SERVER: Aq6zC9gLnTZOI4+lcsA9kCH5AfDAgMe9Wnmj5Qew4iM+CSQ9E6dYiGW/j8EixSo8wTk121eykGu6

Debug level 1: CLIENT -> SERVER: LZ9KeaB5I72ei4u5c0817DyXWwO6d2EVeKouR/EOgb/yw5PyO7fGFKfJtsJyxgIT53A9AoZYdxt5

Debug level 1: CLIENT -> SERVER: TF8RypcC9zPYDsBpQhQn3InPndiiZF+ZHFoqK/tXjGNY1xvMtvwczBfdsYn1CaUvP8IS8hH1+40B

Debug level 1: CLIENT -> SERVER: RhkvREkC4sH6ORpzCIWlHiXKSvsAFpb81bwxnbFCC6WPKPslYCE+qik05NUny4xSxGXUGb5Awy+u

Debug level 1: CLIENT -> SERVER: /cuK+IdTECtF6cHYHTVFamfsmCO1LSO1cAqRhEQiCUHhHh2SY+jWg5s6S5RDnDtXIU6GrzxhsOyB

Debug level 1: CLIENT -> SERVER: 7cyLEPyi8Kbn4OagJuc9PUKJ/t3dxGBM2GziEB00c/d08jnOdLKfNO7mDt/NO6v7mK7YLRYGxOqY

Debug level 1: CLIENT -> SERVER: F3GO6SxTijDYgCN4IADON5R/pwkL1geLx1yYcQ/huJZ2Vx1ebMcidrybLPhfbRsfN/g4uLg7zTCX

Debug level 1: CLIENT -> SERVER: /HwCSHHg1NDiu3I8nSjgyahNnYvN1dw9p2cDdLb2J8iaTrF0iyFDPmTHAFNdtE53yT+Cu8BGf8El

Debug level 1: CLIENT -> SERVER: B6JS9MLYLBdXy7rrifq/rE6LY1WSpzWCIuK2Kl7brY6qe6Ubsxd7nvtCzzMbqMU3zROc7Jt/h7Po

Debug level 1: CLIENT -> SERVER: 8wXtG4jxWu17IWNdzsv/hhF/LsaXmmPefDKOnvNqAVvlkiRlApAQP/GE1zl7BxtMR5Pjmc5Lcxot

Debug level 1: CLIENT -> SERVER: xLvryXgxbT7D5aXcSp5jVx1bT0aMxCLXsF+Sa2jmdtvN7d7a3O755i7qDG/K3M60xdxmYhEDpyea

Debug level 1: CLIENT -> SERVER: e9Ru7tGtzT36fsxtSuA6Z2P1bOsUa47brTm+tTXH51uzMFnNmvbsGtZsTnKOZdDnpSGaWSftZp3c

Debug level 1: CLIENT -> SERVER: 2qyT78asp6A/bUd/emv0p+ejX0BcRf985Gvn2zewoGbtJp3d2qSz78KkpyA/b0d+fmvk52cjfzXU

Debug level 1: CLIENT -> SERVER: 3Rn/e1sLadFuzsWtzbl48+bsjPq/UsLOq45eLG0uSFerio5t/vcGnJ1XKrmz/bOKdNnjOVuvxnNN

Debug level 1: CLIENT -> SERVER: M4V4zcRD51nZTFQ+i7F1CwXiekXWKEfnD+qsEjE3TtcyGcNRgjk2Jdcs45Jx9V7NexUsE3dsxMVA

Debug level 1: CLIENT -> SERVER: OV4FKkgnOfwpduB9YuTzMJrppCyqWiuGVs2ZNqPJqEIo1Clo2bNjOUFEIqy3ZhNUm1WCwZ+09RIS

Debug level 1: CLIENT -> SERVER: Bn5PPzVlXFr+bmD8rk5if5F7SykK8B8/wdhmr896FAGhp/PmD9n5ZjRsnvfLt/+xNCSiCMv/+bgt

Debug level 1: CLIENT -> SERVER: bjFUngRKzp7T03lK89xDmVIDxO0GiHsLQF6vkKcBMuoGyOgigNyq1KXpO+6m7/iy+t4qBGmKT7op

Debug level 1: CLIENT -> SERVER: PrmE4qfIN+0m3/Qs+d5MUUFTfNZN8dklFD9Fvnk3+ebnOc5bOaRqii+6Kb64hOKnyHdctBcL9tIt

Debug level 1: CLIENT -> SERVER: /GI3qlrvS51zHYrfD+oCWcF32QDT8VbOa+yCH2EtfPvvt/8cQSJnOwuIN3MQ186bP+7iLX8zrf3I

Debug level 1: CLIENT -> SERVER: WeX6bjf/kr2ldqir6TP2+8iCNBf4Ga8xxZF3pOxQY+uquxBXvLDEj+TJDoWh5aE46TcAYwgI9kK/

Debug level 1: CLIENT -> SERVER: prfP7siuSOiXMJEEBVoTOcdMMHRG7B+ffqxq3uF9KXHpCEXelsBp/xDjcqXmabN8ViUM+P9DqZwh

Debug level 1: CLIENT -> SERVER: X6OQJQPZot5UsmLCC7AkrhEor9TWakHFy1CyZ7naolEr3WvYCG1UXdgAkaT0K4yigJyxy0tYletG

Debug level 1: CLIENT -> SERVER: Ubqz+PvJCIyag8kvIWZdq3jqJJIE4m0BFPnCZbC6hI5WQBblJf6OrWnYCks2tmhckzAke+xbq4O8

Debug level 1: CLIENT -> SERVER: DsnQqq9Nnr+zoubnbjqbuqZKoaVTSqU1RShwNioN1CY8OyLt3hXSDiRSUyPSOqVSxJSEqyM9ujOk

Debug level 1: CLIENT -> SERVER: 85J4FehqrbxUQ786zOM7g7kopFdxrpXYy1X5qyM9uTOkZ7N5A9IFpYK0JFwd6eldIe0O7JF5O9Qp

Debug level 1: CLIENT -> SERVER: JaQV4epIz+4MaXdu3g51SgVpSbg60vM7Q3piDtMaoYLz5FWC9OLOYJ4tmnAuKBWgJeHqSDv2XUE9

Debug level 1: CLIENT -> SERVER: Gthj836oU0pQK8I5UJdJOv4RYTiBI3q0DjYpFS+C93KClV09WhPCIu0ShG4KJ9NYfjzkCYUp5i/6

Debug level 1: CLIENT -> SERVER: yEbVMdEgEJ8T0PvIt4P4Y34+nvpIE9e3u4Q48psEDMwCquE5IoUEpmka322Sn1wR7xsvFkUdwYRO

Debug level 1: CLIENT -> SERVER: NkiBArdtRgsij4pPu/HkT/u+jBit+KwMv20BYwaepQhyOo4neOkBrFsqDnyOd07fwFSpFgnKPvD5

Debug level 1: CLIENT -> SERVER: l9Bce7BYqNKPIKjXo93FYNqiYzYJQMgsQgPQBWXGJpRRFLDanRVXYVa/s2IgZSvBeCtG+4BMy/da

Debug level 1: CLIENT -> SERVER: Mt03NPDVq+/vPJv/mTgyY7vjme2Y6CuUFNjkr5vX+Wi6OhR8Zh4prF52qo0AwYZ/zi3zvTqTAL6F

Debug level 1: CLIENT -> SERVER: nhUYKxxqcVo79FwSsvjAUsaQ4FghLB2l8mhFfUgEBAWnEPziYrztGHjQWlQbDSzI5xeR5EqQ60O2

Debug level 1: CLIENT -> SERVER: UwhkykMn+dd9lBVt8Z8WHs2+rpTaYsTv+IgfQ11TrbE+ULEq68swI+xQko+Rz5Y18pHKj4QqF0V1

Debug level 1: CLIENT -> SERVER: mbXlq0WDyvBD87c+P/wfUEsHCFSDDo15CwAAK1QAAFBLAwQUAAAIAADlZkJbg+Z4BfwDAAD8AwAA

Debug level 1: CLIENT -> SERVER: CAAAAG1ldGEueG1sPD94bWwgdmVyc2lvbj0iMS4wIiBlbmNvZGluZz0iVVRGLTgiPz4KPG9mZmlj

Debug level 1: CLIENT -> SERVER: ZTpkb2N1bWVudC1tZXRhIHhtbG5zOm9mZmljZT0idXJuOm9hc2lzOm5hbWVzOnRjOm9wZW5kb2N1

Debug level 1: CLIENT -> SERVER: bWVudDp4bWxuczpvZmZpY2U6MS4wIiB4bWxuczp4bGluaz0iaHR0cDovL3d3dy53My5vcmcvMTk5

Debug level 1: CLIENT -> SERVER: OS94bGluayIgeG1sbnM6ZGM9Imh0dHA6Ly9wdXJsLm9yZy9kYy9lbGVtZW50cy8xLjEvIiB4bWxu

Debug level 1: CLIENT -> SERVER: czptZXRhPSJ1cm46b2FzaXM6bmFtZXM6dGM6b3BlbmRvY3VtZW50OnhtbG5zOm1ldGE6MS4wIiB4

Debug level 1: CLIENT -> SERVER: bWxuczpvb289Imh0dHA6Ly9vcGVub2ZmaWNlLm9yZy8yMDA0L29mZmljZSIgb2ZmaWNlOnZlcnNp

Debug level 1: CLIENT -> SERVER: b249IjEuMiI+PG9mZmljZTptZXRhPjxtZXRhOmluaXRpYWwtY3JlYXRvcj5lbGlzZXU8L21ldGE6

Debug level 1: CLIENT -> SERVER: aW5pdGlhbC1jcmVhdG9yPjxtZXRhOmVkaXRpbmctY3ljbGVzPjI8L21ldGE6ZWRpdGluZy1jeWNs

Debug level 1: CLIENT -> SERVER: ZXM+PG1ldGE6Y3JlYXRpb24tZGF0ZT4yMDI1LTA5LTI5VDEyOjI1OjAwPC9tZXRhOmNyZWF0aW9u

Debug level 1: CLIENT -> SERVER: LWRhdGU+PGRjOmRhdGU+MjAyNS0xMC0wMlQwOTo1NToxMS4yMDwvZGM6ZGF0ZT48bWV0YTplZGl0

Debug level 1: CLIENT -> SERVER: aW5nLWR1cmF0aW9uPlBUMDBIMDBNMDBTPC9tZXRhOmVkaXRpbmctZHVyYXRpb24+PG1ldGE6Z2Vu

Debug level 1: CLIENT -> SERVER: ZXJhdG9yPkJyT2ZmaWNlLm9yZy8zLjEkV2luMzIgT3Blbk9mZmljZS5vcmdfcHJvamVjdC8zMTBt

Debug level 1: CLIENT -> SERVER: MTEkQnVpbGQtOTM5OTwvbWV0YTpnZW5lcmF0b3I+PG1ldGE6ZG9jdW1lbnQtc3RhdGlzdGljIG1l

Debug level 1: CLIENT -> SERVER: dGE6dGFibGUtY291bnQ9IjAiIG1ldGE6aW1hZ2UtY291bnQ9IjAiIG1ldGE6b2JqZWN0LWNvdW50

Debug level 1: CLIENT -> SERVER: PSIwIiBtZXRhOnBhZ2UtY291bnQ9IjEiIG1ldGE6cGFyYWdyYXBoLWNvdW50PSIxMSIgbWV0YTp3

Debug level 1: CLIENT -> SERVER: b3JkLWNvdW50PSI2NyIgbWV0YTpjaGFyYWN0ZXItY291bnQ9IjQxMiIvPjxtZXRhOnRlbXBsYXRl

Debug level 1: CLIENT -> SERVER: IHhsaW5rOnR5cGU9InNpbXBsZSIgeGxpbms6YWN0dWF0ZT0ib25SZXF1ZXN0IiB4bGluazp0aXRs

Debug level 1: CLIENT -> SERVER: ZT0iTm9ybWFsIiB4bGluazpocmVmPSIiLz48L29mZmljZTptZXRhPjwvb2ZmaWNlOmRvY3VtZW50

Debug level 1: CLIENT -> SERVER: LW1ldGE+UEsDBBQACAgIAOVmQlsAAAAAAAAAAAAAAAAYAAAAVGh1bWJuYWlscy90aHVtYm5haWwu

Debug level 1: CLIENT -> SERVER: cG5n7VdnUBMKEgYrSlPQRxHlghSR3gyIwhNQIbRHiCAYiMihIjWEXoIiiCAdDUJADgktNAEpCe0p

Debug level 1: CLIENT -> SERVER: JQICIiUIJDwgBRIJxCQ0Azlv7s29dz9v5n7d3K/d2W9/7Ow3++1uyi8O18WPyh8VEhISt7G2Av+w

Debug level 1: CLIENT -> SERVER: zUJCwkIih354vLPA2R/xYBurK5DIwtUi05Ala6mfc4/HnDiRltIpsk8i6A3t5ZvIx+yZHBvEXMOy

Debug level 1: CLIENT -> SERVER: bmQCLkFMKOKdy5TkQRBp9hTj0YeJmE5A9s8lZr9JJ38cxu4QGzX33U6Jjws/LIQ0shan/fxA9zD4

Debug level 1: CLIENT -> SERVER: sUmW/MdHE7clMIcQfzF6ub/qncJ/AGUUYV7lzQ7dwCj2DmiOG6YgHDC+mOMmHzkB7Ov87qev1vAs

Debug level 1: CLIENT -> SERVER: 3XlP1MCKERDWwpncmt9zGzfcmwtgJ73Xg12cqOYN2BfbdiBfycTpb6eSymuh5OL2bZTlZUTXJUj7

Debug level 1: CLIENT -> SERVER: SlANfDX5p2+7xFL3ek+NiO4eWdP59Zqz3wj8ZuflD9HpOotDkHQaM2gvIm9wK77O7TsweedOPJ/T

Debug level 1: CLIENT -> SERVER: Y1Y/j2hYM+VhwBkhuI5BdmSqFNDpUtilp8dAxoKc4SHDrh1Cq3I7KDgbfmlAdxmnB6W8b27yVPBk

Debug level 1: CLIENT -> SERVER: fKwhOs7HbpdypRyqM6tqIWTbcjJp4vmArQJIdWYqhuqH8/Dp2DJQ02FPtn4hnHnSz3WtfuUwNque

Debug level 1: CLIENT -> SERVER: pjYRxiYWFuaxd5T0ufqdUIqSmkAnj+fT7zlC0gSefnZgvudyljEyPy4f7t/Hu7gx3b2e/JuCheBh

Debug level 1: CLIENT -> SERVER: ESZQgqSLIRTFA4D0Dn/72Ine+TJKMOpmqCcNxw66S7ckUhFVELxqJ7N+lOcVgYJ2qRNYg9+LS6wN

Debug level 1: CLIENT -> SERVER: /LHMkGL8lSfQ676ID5bq3tOXNonP9cr9CvRRtLqPHW1dkgJe1XdcSxHBTIH15PD8go2ZM/Bwuw5N

Debug level 1: CLIENT -> SERVER: II+mNggMLqVMCJlL/pNONhc8qqMzROlOw0nNxLC7dzkrqkT48xZFw4vh0yiPUhWHa0e8etST95Hk

Debug level 1: CLIENT -> SERVER: R9DIzTCFuNPaTxwN5wDyrPVVu67TxGdQNfhj0Uen0xPsAIkLvTj1A5C3H1oFUMoWXR21apS6yHzg

Debug level 1: CLIENT -> SERVER: oQmbKbSYnElkth9TP08PNKmTPq/j8/Rhx+i4LeltwFGqb+xw96cH1yoAugJ+M+99p2v4eSKU4Dom

Debug level 1: CLIENT -> SERVER: G3J3RBKClfWVrmB/Vdhz9joFE9zoSa996zmiOinLSHMhbDTrRH+bV1IhT/f2+CmC0QGXK2V7yFy1

Debug level 1: CLIENT -> SERVER: XnY9W9K3sMVLanqdC/7e2mgpMdB37oqMZ5B4chhpczC87CtaH5zE4g/E4lNkQCkiqGMe2vgj/Ul4

Debug level 1: CLIENT -> SERVER: xCNExtoL3YVbZ4caHMjP3RQlx6jCpfG9HFvx4N9HoMHbwnmnX7F7uh53Rr1hJQD8i8OZaDYsM1ru

Debug level 1: CLIENT -> SERVER: ov2dgryty5pqAJKKwfBsYumaihx140c6ko+8M0ZhYMqaY62xBUHPDulHyzQ5gxLGI6RzCl7+dbKG

Debug level 1: CLIENT -> SERVER: rswz90Qz8i4e8SMru1LhT8LbtVV8t7+DZ6b0lmXru4rjliHLlkUPec67t9YCSKPA+rH9qi6rfIei

Debug level 1: CLIENT -> SERVER: wAwO0Fueqp+q0NO6U3j7rerh2gHLgKNiy6J0mFA8qbXhhbM1CJubazhxQ02BGk21z3Hyhy0+QynS

Debug level 1: CLIENT -> SERVER: mWUHRt47AlXcLEV0UZnZ6cgxvY6MhviZNR5+PW5N15GoApGzSCCGDs8o2rswvk8LsoqNKDsqLaZl

Debug level 1: CLIENT -> SERVER: OpUquAcgG1jX+tXkSgtfi5uMgJ1VWj9xHEWPNg+xCmHET3QDpl7kNC12kjYQcenyKXK5mSpvG390

Debug level 1: CLIENT -> SERVER: gpfuAauiaTdUgXSPmq9Jo5Svy2KZrNx80Ab4NGFIxtXm2k7OhW0I8pJOE2K293U5w2mlOPVtS9OU

Debug level 1: CLIENT -> SERVER: W95wj4KE5QrzFxnRXTksXOzGyzIxPwOW7MGBOFlsOHHJyCOMiR+uV9wMOlU1thRmjrY/mCmXtGAQ

Debug level 1: CLIENT -> SERVER: 9qgXoPGHlE0DMcSKqKcmXAr0iLoRYKgkqi3o83rs100HUmpaQdkU7ZNzIR34ALo28aJy/6/Xv+hg

Debug level 1: CLIENT -> SERVER: iEYRnINLuazONKWHkr/e+zcpJGG6SIG2H060I3OHmE4O9JdeLa7f18OmtRxOI5O2o7oH9EaYzyxG

Debug level 1: CLIENT -> SERVER: OfoVYayNFdGb94hZnpET4hEVBfujrNY1Fgz+LLGEPemgefS6u2oUo9dNbTzu2jzU3i4Ol1pH55MG

Debug level 1: CLIENT -> SERVER: cF6L919SrAypzxr9UJ4Fq/ii9fPg8P3ncgOYaWb1FUPVfGAu1BNGnd6AozimuQiOhLB4FBiGIllG

Debug level 1: CLIENT -> SERVER: L7htudkjh6Wh1QMt6LSuu+ekzUYn/UmbqvQu8yMnu6Riy/+s9dNGmDzXDzDg1ISznntJYinPPXyt

Debug level 1: CLIENT -> SERVER: Ti5vCqnBfDfpcxeXZEQJ5SGzx+ctq/zwpPdYvh2rebRrbcLefaG7hkn7vIjw1Wprt9dv9eu3cSfa

Debug level 1: CLIENT -> SERVER: g2UdPx8qCMun/QZtT7wQytvDuQuGAVxXr81mLghFJkVH4hMqA7MaScpNngYs5GpriP+t8hUJ/JRH

Debug level 1: CLIENT -> SERVER: q5tAK/DNEdjj5G27Wv29x81NDmSZRS/Moa0bv1fbnsQNPcnPQkFaKtoGwx4sTUmha9Xv0EiImlrX

Debug level 1: CLIENT -> SERVER: zGoyyvJsHjxCyP6cGDpRgoTWusDQ0nq/dGnv8FzIYv601s5Ym292NUsbfWEUIm3YrB0UAJAKf52e

Debug level 1: CLIENT -> SERVER: HzHa2ELebfvWopDexpbvB/qGe5nWLvRllRjbdgl7UZauaseX1VrMeQeasO2+brJLVyQsMzpX2p07

Debug level 1: CLIENT -> SERVER: 2Xc9/GVZ9bH+F5awO2ZizDZWK1tkJWW7I751LTOEQcrlA8zNYsv3Qg3nrDvYrgn/2rJLzo3cO2DP

Debug level 1: CLIENT -> SERVER: V/dny4p8iEWuiEqmyfvo9fuxDihyMy+BKH2vs1/+p3E5is/mlO78sZIFAQ3RyAUdqCkwRn9m8GM4

Debug level 1: CLIENT -> SERVER: izd1pcx+7YkrV3URVaQu/GjRuX8wqbcD58GOJrc1gp8GTYxlRpPvOA87FfYQso2BemqCGoR0WSrK

Debug level 1: CLIENT -> SERVER: +stfIaxBom0OCcWkLEaMc3GXz1TTjR+4lr/hf5ncxCnuZBVSsL0a6eTnLYGtKqPVYvNwj4y5XkSB

Debug level 1: CLIENT -> SERVER: 9OIF2wqjshom1qrumLC7dCG5U9FLM8DuFZYG71eZnYpx0ZmcWtkV3c3SbzX4yPm4lM8UgcQ2z3l0

Debug level 1: CLIENT -> SERVER: Ood9lcupDYeG1/CAkRubVOy26edi6MndSppWi+++urtNSZhiry/KAutCdKRtiqN2gKE8XZshnmmb

Debug level 1: CLIENT -> SERVER: qa7nhPXM0VRIF4iOnWQTWHTjaGELklJ9fCeoOv5pIFaqPvbWvHLAfYYgcrBj0EnbW0MtxbasDyFj

Debug level 1: CLIENT -> SERVER: PjUf+6XEKkx5uLkjrbPQ1DwjNK7SeyawUH4teWQyFBCC6diDZ0+VwYFwY70r54f7xDbrUjgmlt07

Debug level 1: CLIENT -> SERVER: nzKHFJUI5s6YgeJ8i8XJC/uon/WDeeBg96rA3xgjlpWrY0kuZj5qjxbsuUuB5Nc1PpztuzEgfEht

Debug level 1: CLIENT -> SERVER: l7cLQupG5Zrm5XJCMvi8Ysy9DO+Ln3aLHCG2mICZnKsy1WmwQNMBjddG1LmBTYM4dvraVxyn6ivU

Debug level 1: CLIENT -> SERVER: AwabDWBdv8nVT/Mzfn6D+O3OoyiT1otu55uPExj1vF3jPKQhmLQMtG3tzEs0CiVtTD/uuceQZJfi

Debug level 1: CLIENT -> SERVER: Ms0NdL7RaQ5ITSUuj3ZP6Y+h1sFEoMFt1Rol+OByie4klV7+Jq8uWhNs4WFyQMYyaqUDDbpfn9j2

Debug level 1: CLIENT -> SERVER: LdWOKk/y+JuEc58fsehwCx30soHJsoC7q1IrIIAG2VcINOn4Vve2eebua0UWnr9nT4kM8UWS3xja

Debug level 1: CLIENT -> SERVER: i8mp66UZgk6VbxsBMBP4E+VYi2DnI9Q+DjPwgLpYZOeHq8hnnF2Lcd8I4aoeCA4WNFoLqDO+p5/4

Debug level 1: CLIENT -> SERVER: 9lqR8SlTE9TNWxIpvjHXTXyLOSwRPTm/4luiQdPwjMVg4+KhJf7tU8jxTx4nG1PbRSg52QHnHLEk

Debug level 1: CLIENT -> SERVER: ETykD3f0JqnZKbkKZDCLCApXEwHUzkV21UmkTK5OlphvaW7Z/VdO3v9D/7sQIV64j0U+806nPuvH

Debug level 1: CLIENT -> SERVER: CyZkc9XBqs7idsLfAVBLBwgNAOd4ZQsAAKkNAABQSwMEFAAICAgA5WZCWwAAAAAAAAAAAAAAAAwA

Debug level 1: CLIENT -> SERVER: AABzZXR0aW5ncy54bWy1Wdty4jgQfd+vSPmdEJLMJVTClCHDLBMSKCCT2nkTdgPayGqXJAf4+23J

Debug level 1: CLIENT -> SERVER: kMpwyRJsPZHYUrf6dvq0fP1tkYiTF1Cao7wJaqdnwQnICGMupzfB46hd+Rp8a/x1jZMJj6AeY5Ql

Debug level 1: CLIENT -> SERVER: IE1FgzG0RJ/Qdqnr+eubIFOyjkxzXZcsAV03UR1TkOtt9ber605Z/mQhuHy+CWbGpPVqdT6fn84v

Debug level 1: CLIENT -> SERVER: TlFNq7Wrq6uqe7teGqGc8OmhqvLVb1Uh4qsiuyE/jFN2fnZ2Wc3/D05Wh3zjmvOgsfbD2vzG9UpB

Debug level 1: CLIENT -> SERVER: /lPhBhLrm5PVY3u0m4BU1l84zF+9Fuza9+eeX7Q+VMBGmAbrN2aZ0hsuTdA4u65uSzhcahcmxoPY

Debug level 1: CLIENT -> SERVER: Jx6b2S65F+efvpwXk/038Ols56HPa7XPX48TPpzhfAAx5Re0ZkxOQW8oGCMKYDJoGJXBcTo6sqlw

Debug level 1: CLIENT -> SERVER: ruEeY9gnfcKEPlh8JWFphcsYFhBv+2p3crk9VBZqeZjHO/HGUbVRlLlBw+ZxgUjuS7zapy+Xl8eL

Debug level 1: CLIENT -> SERVER: 3VMltdrlxdWxUjUfCyi9UJzUsovaCR3sqw9bfMVEN9EYTPbV3pfjZP9GTEYkaTPRZqiKIVGXLTEz

Debug level 1: CLIENT -> SERVER: LRRZIjfruSzpTcTn0gp62y9tFhlUu89eOzvy9B09BAGRgbit6MERR9/x8C2w7Hu9wqrdC6gnHt5F

Debug level 1: CLIENT -> SERVER: 8weZYoZ68kfaaRjHfabYiFE2D1MWWSwrP3R9wkgzAMsZYBNAy5Dfy4xtVV3SIP7hIGL9kCVjUH6s

Debug level 1: CLIENT -> SERVER: 6RLrekxjZna1rnUyFnDU9yQ1yz7z03SnEhW0udKGzIAOZaA0HenTXUQgFJUtqBYmqQJtaWPp+OYc

Debug level 1: CLIENT -> SERVER: NyQDBPzE8V7HFTAjj3hbEThDkgr6u/zoOCv6LAVl9QzBZJv9sAxLqOYd0PUmE0IKH75ydliK4CmL

Debug level 1: CLIENT -> SERVER: V9S0r9AQblM+3cFyUwvT8PmyySVTy6B64JEdDHo47+qgbVSbZKGsAjNhZjBPUU9p2UJqZii8eIfE

Debug level 1: CLIENT -> SERVER: g9qZ7h+MYg5vFEYdyrgpmHzW5HSLdC0moky4/ugr4UMp0TgN+/vCkfDWRRYPgMUoxVail4MIlgWs

Debug level 1: CLIENT -> SERVER: CMAIXR20QPiINun6vqBwSya6ZNE7PaeAjjQVy0cN6pYZVr74tqUYPgtuyF7gV37B0pMtgdoHn7ZK

Debug level 1: CLIENT -> SERVER: fggcM3G7uhuyxMZHO+joO4p3qDmT/UxGJvNVhqHgU0nJOzSY9lHz99QcH52W4GmoX2lNKCOqbYif

Debug level 1: CLIENT -> SERVER: FC1VbbF0zdWHH1uZUhQmm9QWGO3vEDMVbWFNfidxAF6Sr0LXqHMiSFhpcWCqWDrTHdnlenNwLsOM

Debug level 1: CLIENT -> SERVER: W3xA02KpyRTcKjbvjf/VPWmpggdlDsoGOL8D8MGlVr3rYXtuPDwITkabLQoJofaseQxqBAvzRPHr

Debug level 1: CLIENT -> SERVER: SXIr1YAPJqyhJ+KV5fdAR4y8kUh3eeNrFtJdNoZX9PPjKcv5wDEQf+P1jiE+NENDrLB8p72atE60

Debug level 1: CLIENT -> SERVER: 1I9NDiQGQAOKNS00RlkmR3NqG72EKh+9FOqUiLov+T8ssL5TLQUYjxA4dzpo/G0xGYHw0Pj+7D80

Debug level 1: CLIENT -> SERVER: zydMxjtm+SK3ti7wPzNt+GRpy0Y/cTO7ZzJjoqmAPfvpEXoAdjh4gRHmrdAnGhAyU5KtCYrHKzdQ

Debug level 1: CLIENT -> SERVER: 1hj79c+yO3dBu+fzxYxwtqJAo8jsmYo0Bp93SasLkik0WfQ8VZjJvdeJZad5sfZueY67kvUzPdOo

Debug level 1: CLIENT -> SERVER: Gz1bZPTS7+WC8jaC36CQRrf/mdo+eE3urrmrW5+Pq/s+rDf+A1BLBwh0oCZ0/QQAAJofAABQSwME

Debug level 1: CLIENT -> SERVER: FAAICAgA5WZCWwAAAAAAAAAAAAAAABUAAABNRVRBLUlORi9tYW5pZmVzdC54bWy1lUtuwyAQQPc5

Debug level 1: CLIENT -> SERVER: hcXe0GZVWXEitVJPkB6A4LGDxE/MECW3L46UxG2jqqnMDix4bxg8w2pztKY6QETtXcue+ROrwCnf

Debug level 1: CLIENT -> SERVER: aTe07GP7Xr+wzXqxstLpHpCay6DK+xxepy1L0TVeosbGSQvYkGp8ANd5lSw4ar6ub0bTelHdwL02

Debug level 1: CLIENT -> SERVER: UOeF8VTdZNBpWdMpQMtkCEYrSTlOcXAdP7v4VMEJjsRuuyenWk4+98mYOkjat0ww8VAM9ylv3vV6

Debug level 1: CLIENT -> SERVER: SPEcGy4FkqSEOxnL4KVSYCBPfRQqxTiePCe3uKuIoDdeEhSCBx9SyH9GKoSPfoiA5W56DL0YnLw3

Debug level 1: CLIENT -> SERVER: xeDaygFQvGqyMmBRx4Ps720EkxurhyfN1VTwtxgelI8NSoy1ehee/fS/Yv6di3QygLNjLZCcrfFs

Debug level 1: CLIENT -> SERVER: 98nunNQGBV2GPLhhbvi8iQWi/E5eU7sSP57J9SdQSwcIZYJI2kQBAABhBwAAUEsBAhQAFAAACAAA

Debug level 1: CLIENT -> SERVER: 5WZCW17GMgwnAAAAJwAAAAgAAAAAAAAAAAAAAAAAAAAAAG1pbWV0eXBlUEsBAhQAFAAACAAA5WZC

Debug level 1: CLIENT -> SERVER: WwAAAAAAAAAAAAAAABoAAAAAAAAAAAAAAAAATQAAAENvbmZpZ3VyYXRpb25zMi9zdGF0dXNiYXIv

Debug level 1: CLIENT -> SERVER: UEsBAhQAFAAICAgA5WZCWwAAAAACAAAAAAAAACcAAAAAAAAAAAAAAAAAhQAAAENvbmZpZ3VyYXRp

Debug level 1: CLIENT -> SERVER: b25zMi9hY2NlbGVyYXRvci9jdXJyZW50LnhtbFBLAQIUABQAAAgAAOVmQlsAAAAAAAAAAAAAAAAY

Debug level 1: CLIENT -> SERVER: AAAAAAAAAAAAAAAAANwAAABDb25maWd1cmF0aW9uczIvZmxvYXRlci9QSwECFAAUAAAIAADlZkJb

Debug level 1: CLIENT -> SERVER: AAAAAAAAAAAAAAAAGgAAAAAAAAAAAAAAAAASAQAAQ29uZmlndXJhdGlvbnMyL3BvcHVwbWVudS9Q

Debug level 1: CLIENT -> SERVER: SwECFAAUAAAIAADlZkJbAAAAAAAAAAAAAAAAHAAAAAAAAAAAAAAAAABKAQAAQ29uZmlndXJhdGlv

Debug level 1: CLIENT -> SERVER: bnMyL3Byb2dyZXNzYmFyL1BLAQIUABQAAAgAAOVmQlsAAAAAAAAAAAAAAAAYAAAAAAAAAAAAAAAA

Debug level 1: CLIENT -> SERVER: AIQBAABDb25maWd1cmF0aW9uczIvbWVudWJhci9QSwECFAAUAAAIAADlZkJbAAAAAAAAAAAAAAAA

Debug level 1: CLIENT -> SERVER: GAAAAAAAAAAAAAAAAAC6AQAAQ29uZmlndXJhdGlvbnMyL3Rvb2xiYXIvUEsBAhQAFAAACAAA5WZC

Debug level 1: CLIENT -> SERVER: WwAAAAAAAAAAAAAAAB8AAAAAAAAAAAAAAAAA8AEAAENvbmZpZ3VyYXRpb25zMi9pbWFnZXMvQml0

Debug level 1: CLIENT -> SERVER: bWFwcy9QSwECFAAUAAgICADlZkJbCDhfPi4FAABnFAAACwAAAAAAAAAAAAAAAAAtAgAAY29udGVu

Debug level 1: CLIENT -> SERVER: dC54bWxQSwECFAAUAAgICADlZkJbVIMOjXkLAAArVAAACgAAAAAAAAAAAAAAAACUBwAAc3R5bGVz

Debug level 1: CLIENT -> SERVER: LnhtbFBLAQIUABQAAAgAAOVmQluD5ngF/AMAAPwDAAAIAAAAAAAAAAAAAAAAAEUTAABtZXRhLnht

Debug level 1: CLIENT -> SERVER: bFBLAQIUABQACAgIAOVmQlsNAOd4ZQsAAKkNAAAYAAAAAAAAAAAAAAAAAGcXAABUaHVtYm5haWxz

Debug level 1: CLIENT -> SERVER: L3RodW1ibmFpbC5wbmdQSwECFAAUAAgICADlZkJbdKAmdP0EAACaHwAADAAAAAAAAAAAAAAAAAAS

Debug level 1: CLIENT -> SERVER: IwAAc2V0dGluZ3MueG1sUEsBAhQAFAAICAgA5WZCW2WCSNpEAQAAYQcAABUAAAAAAAAAAAAAAAAA

Debug level 1: CLIENT -> SERVER: SSgAAE1FVEEtSU5GL21hbmlmZXN0LnhtbFBLBQYAAAAADwAPAO4DAADQKQAAAAA=

Debug level 1: CLIENT -> SERVER: 

Debug level 1: CLIENT -> SERVER: --b1=_Kwi6VKy2QvNgjlqt9z96hf3nvuaQrd6mnbYhLeyfg--

Debug level 1: CLIENT -> SERVER: 

Debug level 1: CLIENT -> SERVER: .

Debug level 2: SERVER -> CLIENT: 250 2.0.0 Ok: queued as 8D2C18028CF

Debug level 1: CLIENT -> SERVER: QUIT

Debug level 2: SERVER -> CLIENT: 221 2.0.0 Bye

