Debug level 2: SERVER -> CLIENT: 220 smtp-sp217-111.kinghost.net ESMTP

Debug level 1: CLIENT -> SERVER: EHLO localhost

Debug level 2: SERVER -> CLIENT: 250-smtp-sp217-111.kinghost.net
250-PIPELINING
250-SIZE 62914560
250-VRFY
250-ETRN
250-STARTTLS
250-AUTH PLAIN LOGIN
250-AUTH=PLAIN LOGIN
250-ENHANCEDSTATUSCODES
250-8BITMIME
250-DSN
250 CHUNKING

Debug level 1: CLIENT -> SERVER: AUTH LOGIN

Debug level 2: SERVER -> CLIENT: 334 VXNlcm5hbWU6

Debug level 1: CLIENT -> SERVER: [credentials hidden]
Debug level 2: SERVER -> CLIENT: 334 UGFzc3dvcmQ6

Debug level 1: CLIENT -> SERVER: [credentials hidden]
Debug level 2: SERVER -> CLIENT: 235 2.7.0 Authentication successful

Debug level 1: CLIENT -> SERVER: MAIL FROM:<ourodosul@ourodosul.com.br>

Debug level 2: SERVER -> CLIENT: 250 2.1.0 Ok

Debug level 1: CLIENT -> SERVER: RCPT TO:<jonatanrsteffen@gmail.com>

Debug level 2: SERVER -> CLIENT: 250 2.1.5 Ok

Debug level 1: CLIENT -> SERVER: DATA

Debug level 2: SERVER -> CLIENT: 354 End data with <CR><LF>.<CR><LF>

Debug level 1: CLIENT -> SERVER: Date: Tue, 30 Sep 2025 14:39:55 +0200

Debug level 1: CLIENT -> SERVER: To: jonatanrsteffen@gmail.com

Debug level 1: CLIENT -> SERVER: From: ourodosul@ourodosul.com.br

Debug level 1: CLIENT -> SERVER: Subject: =?iso-8859-1?Q?Distribui=C3=A7=C3=A3o_de_Sobras?=

Debug level 1: CLIENT -> SERVER: Message-ID: <Z1tCAQszVcm2A3h7O00xvP1JAXsj2Xnkj4rtjn63c@localhost>

Debug level 1: CLIENT -> SERVER: X-Mailer: PHPMailer 6.10.0 (https://github.com/PHPMailer/PHPMailer)

Debug level 1: CLIENT -> SERVER: MIME-Version: 1.0

Debug level 1: CLIENT -> SERVER: Content-Type: multipart/mixed;

Debug level 1: CLIENT -> SERVER:  boundary="b1=_Z1tCAQszVcm2A3h7O00xvP1JAXsj2Xnkj4rtjn63c"

Debug level 1: CLIENT -> SERVER: Content-Transfer-Encoding: 8bit

Debug level 1: CLIENT -> SERVER: 

Debug level 1: CLIENT -> SERVER: --b1=_Z1tCAQszVcm2A3h7O00xvP1JAXsj2Xnkj4rtjn63c

Debug level 1: CLIENT -> SERVER: Content-Type: multipart/alternative;

Debug level 1: CLIENT -> SERVER:  boundary="b2=_Z1tCAQszVcm2A3h7O00xvP1JAXsj2Xnkj4rtjn63c"

Debug level 1: CLIENT -> SERVER: 

Debug level 1: CLIENT -> SERVER: --b2=_Z1tCAQszVcm2A3h7O00xvP1JAXsj2Xnkj4rtjn63c

Debug level 1: CLIENT -> SERVER: Content-Type: text/plain; charset=iso-8859-1

Debug level 1: CLIENT -> SERVER: Content-Transfer-Encoding: 8bit

Debug level 1: CLIENT -> SERVER: 

Debug level 1: CLIENT -> SERVER: (Sem conteúdo)

Debug level 1: CLIENT -> SERVER: 

Debug level 1: CLIENT -> SERVER: --b2=_Z1tCAQszVcm2A3h7O00xvP1JAXsj2Xnkj4rtjn63c

Debug level 1: CLIENT -> SERVER: Content-Type: text/html; charset=iso-8859-1

Debug level 1: CLIENT -> SERVER: Content-Transfer-Encoding: 8bit

Debug level 1: CLIENT -> SERVER: 

Debug level 1: CLIENT -> SERVER: <p>(Sem conteúdo)</p>

Debug level 1: CLIENT -> SERVER: 

Debug level 1: CLIENT -> SERVER: 

Debug level 1: CLIENT -> SERVER: --b2=_Z1tCAQszVcm2A3h7O00xvP1JAXsj2Xnkj4rtjn63c--

Debug level 1: CLIENT -> SERVER: 

Debug level 1: CLIENT -> SERVER: --b1=_Z1tCAQszVcm2A3h7O00xvP1JAXsj2Xnkj4rtjn63c

Debug level 1: CLIENT -> SERVER: Content-Type: application/octet-stream; name="7424 .1  JONATAN RAFAEL STEFFEN.odt"

Debug level 1: CLIENT -> SERVER: Content-Transfer-Encoding: base64

Debug level 1: CLIENT -> SERVER: Content-Disposition: attachment; filename="7424 .1  JONATAN RAFAEL STEFFEN.odt"

Debug level 1: CLIENT -> SERVER: 

Debug level 1: CLIENT -> SERVER: UEsDBBQAAAgAAPdkPltexjIMJwAAACcAAAAIAAAAbWltZXR5cGVhcHBsaWNhdGlvbi92bmQub2Fz

Debug level 1: CLIENT -> SERVER: aXMub3BlbmRvY3VtZW50LnRleHRQSwMEFAAACAAA92Q+WwAAAAAAAAAAAAAAABoAAABDb25maWd1

Debug level 1: CLIENT -> SERVER: cmF0aW9uczIvc3RhdHVzYmFyL1BLAwQUAAgICAD3ZD5bAAAAAAAAAAAAAAAAJwAAAENvbmZpZ3Vy

Debug level 1: CLIENT -> SERVER: YXRpb25zMi9hY2NlbGVyYXRvci9jdXJyZW50LnhtbAMAUEsHCAAAAAACAAAAAAAAAFBLAwQUAAAI

Debug level 1: CLIENT -> SERVER: AAD3ZD5bAAAAAAAAAAAAAAAAGAAAAENvbmZpZ3VyYXRpb25zMi9mbG9hdGVyL1BLAwQUAAAIAAD3

Debug level 1: CLIENT -> SERVER: ZD5bAAAAAAAAAAAAAAAAGgAAAENvbmZpZ3VyYXRpb25zMi9wb3B1cG1lbnUvUEsDBBQAAAgAAPdk

Debug level 1: CLIENT -> SERVER: PlsAAAAAAAAAAAAAAAAcAAAAQ29uZmlndXJhdGlvbnMyL3Byb2dyZXNzYmFyL1BLAwQUAAAIAAD3

Debug level 1: CLIENT -> SERVER: ZD5bAAAAAAAAAAAAAAAAGAAAAENvbmZpZ3VyYXRpb25zMi9tZW51YmFyL1BLAwQUAAAIAAD3ZD5b

Debug level 1: CLIENT -> SERVER: AAAAAAAAAAAAAAAAGAAAAENvbmZpZ3VyYXRpb25zMi90b29sYmFyL1BLAwQUAAAIAAD3ZD5bAAAA

Debug level 1: CLIENT -> SERVER: AAAAAAAAAAAAHwAAAENvbmZpZ3VyYXRpb25zMi9pbWFnZXMvQml0bWFwcy9QSwMEFAAICAgA92Q+

Debug level 1: CLIENT -> SERVER: WwAAAAAAAAAAAAAAAAsAAABjb250ZW50LnhtbL1YwW7jNhC99ytYL1C0B5lxkqIbNXbg7sZFi8Qb

Debug level 1: CLIENT -> SERVER: 1F60V0aiLaIUqSUp29lT/6Ff0FPR78if9Es6pCRGii2vHBebg2PNvJl5nBkOKV9ebVKOVlRpJsWw

Debug level 1: CLIENT -> SERVER: N+if9BAVkYyZWA577+eT4HXvavTFpVwsWETDWEZ5SoUJIikM/EdgLXRYaIe9XIlQEs10KEhKdWii

Debug level 1: CLIENT -> SERVER: UGZUVFZhHR26WIVEmwfe2dyB69aGbkxXY4tt2JL77pEduG4dK7LuamyxkNS6+UJ2Nd5oHiwkZD3N

Debug level 1: CLIENT -> SERVER: iGHPWGw4E78Pe4kxWYjxer3ur8/6Ui3x4OLiAjutJxx5XJYr7lBxhCmnNpjGg/4AV9iUGtKVn8XW

Debug level 1: CLIENT -> SERVER: KYk8vaeqc2qIIVtV1atl545YLVtSEyVEde4NB26W9yzuXt6zuG6bEpO01OQ1vgWl+7i9eeoFlXaN

Debug level 1: CLIENT -> SERVER: ZbGNVEWKZZ2XWaDr9lJKT9UaFBvU0T09OTnHxXMNvd4LXytmqKrBo73wiPDIZ1ymu5IGuAEGREBX

Debug level 1: CLIENT -> SERVER: tk1949tE6BaDU1yoPVjHra5/u72ZRQlNyROYfRocMKENEU+ZUbYIrSv9FiuaSWV8YhbdByZU69RH

Debug level 1: CLIENT -> SERVER: iRfEhwGk7jsPgTV0seoesN2Z2Jq88p3GKK/a2pMs49NNRhWzhoTbygWphlVCNWUW1qyL5ikta4fH

Debug level 1: CLIENT -> SERVER: aW9UnRRFl2nsBQs4MYIFiWgQ04jr0WWx470YFc+Wx7A3J4m01YCdXSFSxh+8Au83f0M4u1dssMNB

Debug level 1: CLIENT -> SERVER: qeqhhr3VBUsqYPHQrHrNtO4Y44UhFKxCNBAZMxFMjBVRzB4zHcOjG7ZMzA4SX5FM6u8bqEL0GWnt

Debug level 1: CLIENT -> SERVER: yv/LeBUVOYLXZAeV/REftKHpMSFv8ojFBM2I0Oi9YHCnoq352IHtkpWjOd7O0I/SJCxqZeYR/xsf

Debug level 1: CLIENT -> SERVER: 3DYQSjnJDXShYVHg/PhJ4T4b7O8GPlbJOSOKLBXJkkoBAntddQ9BYTWDmR0TFVeQFO4eVAUZWW4h

Debug level 1: CLIENT -> SERVER: qtDebZDBJKTKMKp9AGtWXncsdbfEGuN2+vMt+vZ26oPah3q8hQwjySWEeXXi/iprB5S5gYseeF0Q

Debug level 1: CLIENT -> SERVER: rmlDZeWBSZTMl0lQXrWFFLRRqOeDE6I5uWYfQT4YZKYmq3yolHAndnF0QmJ7Naj7dopcxFQ5Fo3o

Debug level 1: CLIENT -> SERVER: lbs1tVPgyd8zVgGcbkQ0hvoTwNKrAAXJutJVvdTu8F4E3gNw4e3NktPNPgIe0kLB69tJtEBc/mia

Debug level 1: CLIENT -> SERVER: JaQoxFZu5WpXancByuZxQd337U7FrVuwVNzL+ME/WPejS/dGpemHHF4b/VbeFiInipnOOHmoujXg

Debug level 1: CLIENT -> SERVER: cKHjwx60slMXTfgT57k2CuJLYTke5WxejZ3jvNiNeayTt8UboEt7e9aywqQ+sWDOjX6QKYoZ+RKN

Debug level 1: CLIENT -> SERVER: P+QMPf6D4Lh4lyuJYolmOe+jOzgzUqkRvJnbGxlRCC6biFj0VRkvaw9RG3lOB6+6uOXrd+en56g/

Debug level 1: CLIENT -> SERVER: QGUyfFYyIrb9wowb/fxuOp6Pp+iX8WR8fYNm8+vJ5Hpa5QDMRofwu4Y7t10njHUFMoloatdsiJHI

Debug level 1: CLIENT -> SERVER: zmlETA4b9SMkQNMcRSSG+a5kkSCLXDDYYE6pIYkxuLpChxCYypSGB1m8uZugf//48yCbt/BOjIDw

Debug level 1: CLIENT -> SERVER: lOjIXchleFCWUsI4+jqza9ZUWU8LxhP5TYjqVT3A45xyCrODNh186uscqvNrQoweZ9nVQZYvpHlt

Debug level 1: CLIENT -> SERVER: zxr6+Lc8rERT2egWRLV5/AtEKYIqlKUQvhT9A1zjz4vBjeGMG3Mbt/yKN/oPUEsHCJk9SjD3BAAA

Debug level 1: CLIENT -> SERVER: BhQAAFBLAwQUAAgICAD3ZD5bAAAAAAAAAAAAAAAACgAAAHN0eWxlcy54bWzdXM2S27gRvucpVHIl

Debug level 1: CLIENT -> SERVER: N0ok9a94vJU46yRVdiXZsc9bEAlJjCmCBYKj0b5ODjnlKfxiaQAECZIgRf1Zntmpcq3QDaDx9Q+a

Debug level 1: CLIENT -> SERVER: DZBvf3rehb0nTJOARA99Z2D3ezjyiB9Em4f+l88frHn/p3e/e0vW68DDS5946Q5HzErYIcRJDzpH

Debug level 1: CLIENT -> SERVER: yVISH/opjZYEJUGyjNAOJ0vmLUmMI9VpqXMvxVSyRQzWtbtg1nsz/My6dua8pb5o1X1mwaz39ina

Debug level 1: CLIENT -> SERVER: d+3MeQFTvfuadO38nITWmlge2cWIBRUpnsMg+vrQ3zIWL4fD/X4/2I8GhG6GzmKxGApqLrCX88Up

Debug level 1: CLIENT -> SERVER: DQWX7w1xiPlkydAZOEPFu8MMdZWP8+oiReluhWlnaBBDNa0mT5vOFvG0aYDG2yLa2TYEc1m9I7+7

Debug level 1: CLIENT -> SERVER: eke+3neH2LZBJ/PhJyCKfz59LGyB7rrOxXlLUHk0iDsvU3Lr/Qkhuai8g3RQIa5r2+Oh/K1x71vZ

Debug level 1: CLIENT -> SERVER: 9zRgmGrsXiu7h0IvR5zsTKABnzMEDgs/cTNV3JQvunHkyZDimFCWC7LuHqAAHTefxV+jfBrgTAZi

Debug level 1: CLIENT -> SERVER: BIt3FHPpIwy5Jwx5lzf9XhbotODq9t+pSLomEEXXyMOWj70wefdWekDe3JO/uZwP/c9oS3ao3wNL

Debug level 1: CLIENT -> SERVER: Vxy7IDzkhGF79/coDFY0cAwDZKR+r9Sf06wNjjANQHnJPkiSjnOcOQWFVUQljjhgHnjQE6IBD7sd

Debug level 1: CLIENT -> SERVER: p+99DDZbZhDiDygmyR9LXLLpO4plwv88uaRGLpDrg0GU9hkPCcO7S6b8mHqBj3qPKEp6X6IAUgzc

Debug level 1: CLIENT -> SERVER: iIeBtwsqF8v46bH3V8K2gdcoWc5xNXmGTQEha5eZlpLbx2uUhln+pUbOJNxQFHPZFW/224ophCjK

Debug level 1: CLIENT -> SERVER: AsjXeBayTLbIJ3sLxk8ws54f+vZg5IGcBuKhQmSwRVqQUWAriZEH+Yy1JTT4DURHIWd1563MT1wM

Debug level 1: CLIENT -> SERVER: r84KAbTrqDVWw5gZLCGsYx+wrSUzxDUKE80CYkSRQEjHZ02WYvAt5p4IIdue/16Nx0exUMoInxmM

Debug level 1: CLIENT -> SERVER: JfAxkQOgMN4ixSb6ryhGkJMlDAyBKQrfGLnEOzDnh35ILbYqGUcQ+ZjvJTy/1peoRFeSQx4K+idx

Debug level 1: CLIENT -> SERVER: wq2neTE5O5dbW6NsTRMM4ERc12Jyj4QEMjZGU3BLgEE0JsFvIKnjxEy0hSjapGgDTVmDR9KIUTCS

Debug level 1: CLIENT -> SERVER: P/+SLx8z2P2tr5hGQnQ5oLZKPqYFOyiK1MhZx2xwRcN54M1mUYQvj/XxePoX4ueGEXMqotUxc9Lj

Debug level 1: CLIENT -> SERVER: n/oFnCUv6+J6Of79Y+a1Q3QTRBaoDwyWG2vRtiKM8QSI27GbkQzWCK3bQ7zFEeS7JLJC5PsAuFjQ

Debug level 1: CLIENT -> SERVER: Qz8iYDq7gJ1otHEaeSyVA+6BDAkPgAcKPG7VyhotPwCPj/gkkOhMnMIRy3Yfg0YKLzzDODXdV1KP

Debug level 1: CLIENT -> SERVER: W5otn0pZoHkru52Ji7lzS/1wI/PXDQurmFO1Nop3CEyVPyspk3NrTHGabCssF/iWeOzWg1+IdYuR

Debug level 1: CLIENT -> SERVER: T+UrQrkXcBODnQDsJURxwu330oktSvaVyaGl4tRfMY7BpTeYbfljL/e3YxPrE0ozfgTv8RH1+42x

Debug level 1: CLIENT -> SERVER: RSkvREkC4oHrHA03hIKXR4nS0j4An5K/mvekC5yzWPSRxX4OWIiPrhQa8mKTZUYp4jLqDJ+h4VfX

Debug level 1: CLIENT -> SERVER: /nVF/MM5iJUC9GDsjpqCtDN2zEHalkFaGIXIPyKRf6Bwjw7JMXTrcS1/eCiHN3euwpsMXXmyYNkD

Debug level 1: CLIENT -> SERVER: 25kX4fek0KZnwOaAJuc9KzqJrt1NxKBI2GPiEB00Vfd08iWGdLaNNG7iDt/EOy/3I2yf56yjxd5D

Debug level 1: CLIENT -> SERVER: PmRHcyu0VNQUugn+HsU86l9RByApRSc6qkS7RRE9UfuVlUmRXif5HicowolV4dJudtNKkuFmXijb

Debug level 1: CLIENT -> SERVER: eA9IsuC5pcWDZB+dKCDJqIbORv20JAHm8XN6NkNnBf8dHkmer6jeQIzXqt4r6epqNv43jPiJCPcz

Debug level 1: CLIENT -> SERVER: xxyLMo6e8902NZVWkJQJPEL8xHMf5/JNbzqaHN/0Tt3eRN4tMoU37noyXkybM3lVxatseHbVrPVd

Debug level 1: CLIENT -> SERVER: qUo8YVeyT9mVNEtw2y3BvbcluJdbQvEg+iNZgjNtsYQa8YSnp+mZljBqt4TRvS1h9HIsoaLpcZum

Debug level 1: CLIENT -> SERVER: q8QTND0+U9Pjdk2P763p8eWaLtRZ07Q9u4Wmm5Omk/KiD4a+Z+c8mson7Sqf3Fvlk5ej8hbdnaOZ

Debug level 1: CLIENT -> SERVER: abtmpvfWzPRyzRTwVzVzuVYmC/73chxx1q7u2b3VPXsZ6r6yE87btTK/t1bmF2vlZhpxZ/zv5Tjg

Debug level 1: CLIENT -> SERVER: ol3Vi3urevHjq/oazveYrtg9yufeFsX8ZtcxROWZYxhswFY9EADnx07/ThMWrA8WP5mBGfeE+rVz

Debug level 1: CLIENT -> SERVER: +VM2LO0ZwVAIh3DqTjPVnVKeqz1zXOJ89ceOK/rmv1LCLjODqz0EFqSbqX9s879rhMsLYeeleu4j

Debug level 1: CLIENT -> SERVER: /6wiXY6LnK1X47mlmkK8ZuL4fVZWE5VHU7auoUBcNMka5ej83NIqEXPldK0UMxwlmGNTMs0yLhlX

Debug level 1: CLIENT -> SERVER: 77tZr4Jl4o6NuBgoxyuhBeksgz9HD7xPjHy+2WZrUhpVrRVFq+ZsNaPJqEIollPQsqN0OUFEIqy3

Debug level 1: CLIENT -> SERVER: ZhNUm1X6ys8dewkJA7+nP+dnXNpTpYHx+9YOLgwBf5EZSCkK8B8fYGyz1Wc9ioDQ03nzOwc8ZRk2

Debug level 1: CLIENT -> SERVER: z/v52/9YGhJxEMH/eb8tLnVUDkclZ8/p6TyleV55qV7Dyu2GlXsHrH6MYraG1agbVqOrYPUjlns1

Debug level 1: CLIENT -> SERVER: LMbdsBhfF4uzg9oNHwM1UCbdQJncwpnOemDSZJ92k316kewvorCmgTLrBsrsKqBcWaHzbrLPLzPG

Debug level 1: CLIENT -> SERVER: l1Co0UBZdANlcRVQrqzQ42KfLPSJycvVLtbd5docrw51QbPgu26s61iTufcm/x7c69t/v/3nCEo5

Debug level 1: CLIENT -> SERVER: 20Ug/TCVC+0B/eddvOUvMrY/o1e57pfbXLjykr7l6lBX1WfsP0iSdz0T+AWvMcWRd6ROU2PrunYh

Debug level 1: CLIENT -> SERVER: rnjXjdcwkh0KQ8tDcdJvAMYQLOyFXsDdZ3esVyT0S5hIggKtiZxjJhg6I/aPjz9XV97hVTtxURFF

Debug level 1: CLIENT -> SERVER: 3pZQix1iXC5tPW2Wz6rmA/9/KNV/5Bs4ssYiW9RLblZM+LkGiWsEyg9AasWz4j062bNcntKole41

Debug level 1: CLIENT -> SERVER: bMRq1HGLASJJ6VcYxblMxi4vblbuKEbpzuKvsyNQag4mv7acda3iqZNIEoi3TVDkC5PB6iUGtAKy

Debug level 1: CLIENT -> SERVER: qMfxV7JNw1ZYsrFF45qEIdlj31od5AVqhlZ9bfL8dSc1PzfT2dQ1lVYtnVKqRSpCgbNx0UBtwrMj

Debug level 1: CLIENT -> SERVER: 0u6rQtqBBGxqRFqnVKq+knBzpEevDOn8DKEKdPVwoXTocHOYx68M5uLkoYpz7UyifIxxc6Qnrwzp

Debug level 1: CLIENT -> SERVER: 2WzegHRBqSAtCTdHevqqkHYH9si8HeqUEtKKcHOkZ68MaXdu3g51SgVpSbg50vNXhvTEHKY1QgXn

Debug level 1: CLIENT -> SERVER: yXcJ0otXBvNs0YRzQakALQk3R9qxXxXUo4E9Nu+HOqUEtSJcAnWZpOMfEYYTeESP1sEmpeJDAr2c

Debug level 1: CLIENT -> SERVER: YGVX0NaEsEi7NaKrwslWLL8784TCFPOXA2Wj6phoEIgvUeh95BuF/F4EH09904uvt7uEOPKbBAzM

Debug level 1: CLIENT -> SERVER: AqrhOSKFBKZpGt+HlF/rEe+rLxZFHcGETjZIgQLXbUYLIo+KLwHy5E/7NJEYrfgiEb+eAmMGnqUI

Debug level 1: CLIENT -> SERVER: cjqOJ1jpAbRbKg58indO38BUqRYJyj7w+YfzXHuwWKjSjyCo1+vdxWDassZsEoCQWYQGsBaUKZtQ

Debug level 1: CLIENT -> SERVER: RlHAapd8XIVZ/ZKPgZR5gvEakfbtoZZP/WRr39DAV59OeOPZ/M/EkSnbHc9sx0RfoaTAJv9cQZ2P

Debug level 1: CLIENT -> SERVER: pqtDwWfmkcLqZafaCBBs+Nf/MturMwngW+hZgbHCoZzT2qHnkpDF17oyhgTHCmFpKJUjGfUNGhAU

Debug level 1: CLIENT -> SERVER: jELwi/dbbMfAg9ai2mhgQT6/uSU9QfqHbKcQyJSFTvIPQykt2uI/LTyabV0taosRvxQlfgz1lWqN

Debug level 1: CLIENT -> SERVER: 9YEKr6y7YUbYoSQfI58ta+QjlY+LKheCdZk199WiQWX4ofnTsO/+D1BLBwgnqI4WkAsAAFpWAABQ

Debug level 1: CLIENT -> SERVER: SwMEFAAACAAA92Q+W6dJMw78AwAA/AMAAAgAAABtZXRhLnhtbDw/eG1sIHZlcnNpb249IjEuMCIg

Debug level 1: CLIENT -> SERVER: ZW5jb2Rpbmc9IlVURi04Ij8+CjxvZmZpY2U6ZG9jdW1lbnQtbWV0YSB4bWxuczpvZmZpY2U9InVy

Debug level 1: CLIENT -> SERVER: bjpvYXNpczpuYW1lczp0YzpvcGVuZG9jdW1lbnQ6eG1sbnM6b2ZmaWNlOjEuMCIgeG1sbnM6eGxp

Debug level 1: CLIENT -> SERVER: bms9Imh0dHA6Ly93d3cudzMub3JnLzE5OTkveGxpbmsiIHhtbG5zOmRjPSJodHRwOi8vcHVybC5v

Debug level 1: CLIENT -> SERVER: cmcvZGMvZWxlbWVudHMvMS4xLyIgeG1sbnM6bWV0YT0idXJuOm9hc2lzOm5hbWVzOnRjOm9wZW5k

Debug level 1: CLIENT -> SERVER: b2N1bWVudDp4bWxuczptZXRhOjEuMCIgeG1sbnM6b29vPSJodHRwOi8vb3Blbm9mZmljZS5vcmcv

Debug level 1: CLIENT -> SERVER: MjAwNC9vZmZpY2UiIG9mZmljZTp2ZXJzaW9uPSIxLjIiPjxvZmZpY2U6bWV0YT48bWV0YTppbml0

Debug level 1: CLIENT -> SERVER: aWFsLWNyZWF0b3I+ZWxpc2V1PC9tZXRhOmluaXRpYWwtY3JlYXRvcj48bWV0YTplZGl0aW5nLWN5

Debug level 1: CLIENT -> SERVER: Y2xlcz4yPC9tZXRhOmVkaXRpbmctY3ljbGVzPjxtZXRhOmNyZWF0aW9uLWRhdGU+MjAyNS0wOS0y

Debug level 1: CLIENT -> SERVER: OVQxMjoyNTowMDwvbWV0YTpjcmVhdGlvbi1kYXRlPjxkYzpkYXRlPjIwMjUtMDktMzBUMDk6Mzk6

Debug level 1: CLIENT -> SERVER: NDcuNDI8L2RjOmRhdGU+PG1ldGE6ZWRpdGluZy1kdXJhdGlvbj5QVDAwSDAwTTAwUzwvbWV0YTpl

Debug level 1: CLIENT -> SERVER: ZGl0aW5nLWR1cmF0aW9uPjxtZXRhOmdlbmVyYXRvcj5Cck9mZmljZS5vcmcvMy4xJFdpbjMyIE9w

Debug level 1: CLIENT -> SERVER: ZW5PZmZpY2Uub3JnX3Byb2plY3QvMzEwbTExJEJ1aWxkLTkzOTk8L21ldGE6Z2VuZXJhdG9yPjxt

Debug level 1: CLIENT -> SERVER: ZXRhOmRvY3VtZW50LXN0YXRpc3RpYyBtZXRhOnRhYmxlLWNvdW50PSIwIiBtZXRhOmltYWdlLWNv

Debug level 1: CLIENT -> SERVER: dW50PSIwIiBtZXRhOm9iamVjdC1jb3VudD0iMCIgbWV0YTpwYWdlLWNvdW50PSIxIiBtZXRhOnBh

Debug level 1: CLIENT -> SERVER: cmFncmFwaC1jb3VudD0iMTAiIG1ldGE6d29yZC1jb3VudD0iNTUiIG1ldGE6Y2hhcmFjdGVyLWNv

Debug level 1: CLIENT -> SERVER: dW50PSIzMjciLz48bWV0YTp0ZW1wbGF0ZSB4bGluazp0eXBlPSJzaW1wbGUiIHhsaW5rOmFjdHVh

Debug level 1: CLIENT -> SERVER: dGU9Im9uUmVxdWVzdCIgeGxpbms6dGl0bGU9Ik5vcm1hbCIgeGxpbms6aHJlZj0iIi8+PC9vZmZp

Debug level 1: CLIENT -> SERVER: Y2U6bWV0YT48L29mZmljZTpkb2N1bWVudC1tZXRhPlBLAwQUAAgICAD3ZD5bAAAAAAAAAAAAAAAA

Debug level 1: CLIENT -> SERVER: GAAAAFRodW1ibmFpbHMvdGh1bWJuYWlsLnBuZ+2WaVQSiBbH6U2TTS5Z+TS1NCetTI1SSXEdtcaF

Debug level 1: CLIENT -> SERVER: JNMaTUFL0zSQxgU0g2Eql4rc0nBFM3HBRtzXFEaddFQkV0gJ1AgZJZUkDUHxeeacd+bMOe/T+zyf

Debug level 1: CLIENT -> SERVER: 7v19ufec/7n//7mPvKCuqnt09gAAAFV3t3Pe27UJANgB2L1ru1s9asUBAJTB7uecLscXLpI8ozmt

Debug level 1: CLIENT -> SERVER: mt/XVCUYH1Gi8HZDDizPmN07WvPt0b2dyp6XYV2c+0qGX7pTgvZnkzpi+0oWLwpbB16cA+wkH7ja

Debug level 1: CLIENT -> SERVER: 3gZQ+BNfA7KlolJbgJh3BPT7vfEjSt4PDrmpRv+fEJUxLjG3gw8xO0FnOZaeLMvUvJg5BlRiZ6rY

Debug level 1: CLIENT -> SERVER: t5W1W/iKajvUM2YOKmHODGJo2njRMli40Xb9U9L7EFos0qrxpkvrbYrCDjjL/KCLwrBPCjbbuoLA

Debug level 1: CLIENT -> SERVER: zRY5C3WTcLwPIcDR2WB6SxwebjXeVMCx7mUGxasdXUlfb/f5+PsPfVqfQqsIRNkD+mK09tZYazU+

Debug level 1: CLIENT -> SERVER: Bglc7Zt2PCyR4czScBVF97NL4aeAa2JxriHGvWMmXsOAGL4BOQsck75PTzG9mzETzJeG4/SZqXXe

Debug level 1: CLIENT -> SERVER: B0TMkmgsRTmm0hH3RaD/EfkpVnwmyCTny9Ovl5OvDXwwSjOyiBR1rlSr+OoCFYzSHOlCzR2o/RMt

Debug level 1: CLIENT -> SERVER: ZatIcawHDxplV1dNqJG8jdeuuRi2OVleQYB/HNnKrqcx4puFqGaDJ69fLH8C11r+VIDLi0JWg1Pq

Debug level 1: CLIENT -> SERVER: KhSv8bs9Hww7zh6hcCkiOfbdulZ0HHNwbjQT0oLoV0x6j9zJuymcZhRdhPsyBd5t0J/Y00spPUuT

Debug level 1: CLIENT -> SERVER: HndaHDA+vK208zA6gmqCW0gQQXRFILl5NlrllZzGtOmF9VWHRFmFzpWBi/lBxe3FnKbBt/KxIfGM

Debug level 1: CLIENT -> SERVER: EjbzzfgSWR6soNcZp2++EZ8n75KiM3Q+fHcrg48iFwkrQleCnAoiainzG4tZ8D7WVIzWi5ufIG83

Debug level 1: CLIENT -> SERVER: PgxKgRi4ymZS5YWHlU/CaLCHCZZjE2x7OaeffRjHbZhEPxYG36Am7sBxSmB27OQTnjYobJt650OD

Debug level 1: CLIENT -> SERVER: HoOUjeSXOHrj2sFSE198E8tqNh0XwCcsT4eEc/bNS5XepY6f+o3Xrq6jHNV6KD9cEvXNw8bIf2u+

Debug level 1: CLIENT -> SERVER: c07smj9RmaTOByfvMEvUxRXQHqeyDzLEi0m3FDpnNPKYV8FpWrUaa8ojz8P8k9Unwv3la2bFCJe2

Debug level 1: CLIENT -> SERVER: MJM1ryZVOoPrtjitd9FJs0VnlGPii83b/yiGOngp5VTS+/aFtwj2F/iV6ndEr2mJ5qJoQTa/hVpx

Debug level 1: CLIENT -> SERVER: ov1wE0Gu5XQfgssIl5JUZ33b9CmzqG1xvqI4pX11IN/Z8HldhtoZ1StUVygygaRx+WlK0ccFeuEq

Debug level 1: CLIENT -> SERVER: 3C04P8fYyO2DIbngRvmd4h8/lxqWRm9mD19Om4aa5ufbRESY6GdVzV1370rPJtUfs948bdBfVvmY

Debug level 1: CLIENT -> SERVER: w7y6hK8q4LTYfIPgGfk+i+oVyWjthyiT1MO96r3xq5t2fdDXDuPf+NHH6Ytt1fL1BZAs8dEVJbqP

Debug level 1: CLIENT -> SERVER: 8HjFp4u9llOhKkHigs83Xu8sNQOHQ/QGMh9kPNcIBAQty99OhVzwqMrK2iDVQa1PLk69NCyNxUGA

Debug level 1: CLIENT -> SERVER: /uBTq2aQZ3LOhausgzyIIGTnaybkYM9grkxL1jnRoKFZSIUgzT8bGxmaofHO9aPrhTJ9SYNslFYm

Debug level 1: CLIENT -> SERVER: gq4TBPkwkIAMDJIGn7Gch+2x7+XNccIwNBKmU78onWJ4jYRn0R2anvUA59u4X2LuphaWPel/YxQ7

Debug level 1: CLIENT -> SERVER: 82ti+cl7Bh3eS8fqKB6nH9NvHyD+Yqh9ZRWVlcf6WHaSeqmK7f49sTseFWcHjBn7eIAAmyhtwjuR

Debug level 1: CLIENT -> SERVER: F20CCtCT5gxF4y53j+IqxecJ62Y+SpeFemds4y0b9mVz9WrmqyqoHO5GB77slwD9Gvk8RhXLJGs4

Debug level 1: CLIENT -> SERVER: +NRkWJP/9VdaId2WC4UGxGEfFYuyjKeErHW3d/emha1xC7lS/tcoyB/GQxJdF9hyXUCpGoA+GGXQ

Debug level 1: CLIENT -> SERVER: yeQytBjzdoe1bcU0cd6fJtm+AzXyLrBaVsLBZKOwx3A6RyDo0iv2SZ68xE6Rz9ZaozseScS0SRcO

Debug level 1: CLIENT -> SERVER: 0vmNxFyIXkqbV66MCXcD6nGZ36KXzunt6ziOLd8FzvjvuDT+cR4NNIsmfdA+xkw2akGZy+ZuBS+M

Debug level 1: CLIENT -> SERVER: TXQnMB0LC3WPp/W6Q8/5LGW7NHxeQbI3E30b0FY/o+sjSSPCVeTAyS1U/eAgwb5RaDm4ntrfFpoC

Debug level 1: CLIENT -> SERVER: cC0a50bHuwF5BPrL/prQ+wjQJCZnRChDdwtjQAFfqvvbbl90Trp7/83fsjzcrQZ8W3n+mTppyNh/

Debug level 1: CLIENT -> SERVER: 38N0FmKysy0MFiiPhO+lnrLgqLMzLOQK/Ya+rTVEwNhpaXmISqZXsXUfzedV/VO6AM3N75DCApWX

Debug level 1: CLIENT -> SERVER: wrIYm/lRRDa64VBvQ8e9MHgvKb8c/h6kaDaMvbpV7fTH3Vlx02eWaWfBqrh7z4vrt7M3j+Wt5ke1

Debug level 1: CLIENT -> SERVER: IOjV6YuDvx0GtIMMc1l4iC6yGyeOcPBR0t66JvolK84Vq0PZwVMm/6mdtSlZ64eu9Ah30ZqG7yto

Debug level 1: CLIENT -> SERVER: 5JR/cAvo/ECHXAchmuBXtQh2Zw422n7ndkJl3e96zs8cs7Plsd+i/PLjVDw5wdhus+O0/SnnHWEW

Debug level 1: CLIENT -> SERVER: ZpjDmwTi2cyHj+KiLIYoU6ySGzzcs6ZVVN+VZsGPrES4fQixpKWd1CwOZniZcqAdUpuedjPXVtWA

Debug level 1: CLIENT -> SERVER: S7H2zltqfbiNH7kRXC+LDoscT4shzFU0Yo7re92KWrWMo6eKMLrpuUV+zpmhAWr48dpQyd1fby7s

Debug level 1: CLIENT -> SERVER: valstR+D1f/rAvb2j0Lc74S+iMyJI3IxgWa2DT+l1uphzzocgyxPJXSJHjUE8tU1lS1+Z3MD+FiX

Debug level 1: CLIENT -> SERVER: xGQ8o+/GfPW+2lvvkdCXkuUhSM/9TLEutv3NeBDfET5jIZnfjnX49gJp7ZBT0BC4UCgdOWpPfKHP

Debug level 1: CLIENT -> SERVER: ib4xUR/iUrQ0gQwN3mnEvIJcGQ3pCUYYljEiTPu/R5FacmWnTUsCQbiV1LLhlUP91/2c01wlNURn

Debug level 1: CLIENT -> SERVER: /t3uS9jhuecRRmXcwp7GRj/YWVMvoKumnrLAuTzAj2rKBBeuHCsN8fj51qg3jkjUM1kVgVONJisN

Debug level 1: CLIENT -> SERVER: Ne/0w07Y+tuWg9McA/dUE0IrhntBjOoNK0iJ4EyPvvArK6VOUkzreWeex86pATSnZ5Y9Fe7bJGIJ

Debug level 1: CLIENT -> SERVER: BgKb6K+SCSO5kdzOYtOksJItHKjladmwg8nfHKRG/gf+gf8BCqVnwJfeFyTJStu/NMD9PPQc1fna

Debug level 1: CLIENT -> SERVER: /f8AUEsHCN/7c7pBCQAAcgsAAFBLAwQUAAgICAD3ZD5bAAAAAAAAAAAAAAAADAAAAHNldHRpbmdz

Debug level 1: CLIENT -> SERVER: LnhtbLVZ23LiOBB9369I+Z0QSOYSKmEKyDDLhAQKyKR23oTdgBZZ7ZLkAH+/LRlSGS5Zgq0nElvq

Debug level 1: CLIENT -> SERVER: Vt9On5Zvvi1jcfYCSnOUt0Hl/CI4AxlixOX0NngatUtfg2/1v25wMuEh1CIM0xikKWkwhpboM9ou

Debug level 1: CLIENT -> SERVER: dS17fRukStaQaa5rksWgayasYQJys632dnXNKcueLAWX89tgZkxSK5cXi8X54vIc1bRcub6+Lru3

Debug level 1: CLIENT -> SERVER: m6UhygmfHqsqW/1WFSK+KrIbssM4ZdWLi6ty9n9wtj7kG9dUg/rGDxvz6zdrBdlPiRuIrW/O1o/t

Debug level 1: CLIENT -> SERVER: 0W4DUll74bB49Vqwb9+fe37R+oYCNsIk2Lwxq4TecGmC+sVNeVfC8VK7MDEexD7zyMz2yb2sfvpS

Debug level 1: CLIENT -> SERVER: zSf7b+DT2d5DVyuVz19PEz6c4WIAEeUXtGZMTkFvKRgjCmAyqBuVwmk6OrKpcKHhASM4JH3ChD5a

Debug level 1: CLIENT -> SERVER: fClmSYnLCJYQ7fpqf3K5PVQWanWcxzvR1lG1UZS5Qd3mcY5IHkq8yteLyxNjaMUeqJKr6vWnU4Vq

Debug level 1: CLIENT -> SERVER: PhZQeJ04qUXXtBM6OFQetvbyiW6iMRgfKr0vp8n+jRiPSNJ2ns1Q5QOiLlthaloo0lhul3NR0puI

Debug level 1: CLIENT -> SERVER: 88LqedcvbRYaVPvPXrk48fQdPQQBoYGorejBCUff8/Atrhx6vYaq/QuoJR7fRLMHqWKGWvJHumkj

Debug level 1: CLIENT -> SERVER: ivpMsRGjbB4mLLRQVnzo+gSRZgCWMsA2fhYhv5ca26m6pEH8w0FE+jGNx6D8WNMl0vWURMzs61yb

Debug level 1: CLIENT -> SERVER: ZMzhqO9xYlZ95qfnTiUqaHOlDZkBHcpAaTrSp7uIPygqW1AtjBMF2rLGwvHNOW5IBgj4ieODjsth

Debug level 1: CLIENT -> SERVER: RhbxtiJwhjgR9Hfx0XFW9FkCyuoZgkm3+2ERllDNO6DrTSaEFD585eywFMFTFq+ZaV+hIdymfLqH

Debug level 1: CLIENT -> SERVER: 1bYWpuHzVZNLplZB+cgjOxj0cN71QduotslCUQVmGqnBLEU9pWULqZmh8OIdEg9qb7p/MIoZvFEY

Debug level 1: CLIENT -> SERVER: dUNGTcHkXJPTLdK1mAhT4fqjr4RvSInGaTjcF06Ety6yaAAsQil2Er0YRLAsYE0ARujqoAXCR7RJ

Debug level 1: CLIENT -> SERVER: 1/clhVsy0SWL3uk5OXQkiVg9aVB3zLDixbctxfBZcEP2Ar+y+5WebAnUPvi0VfJD4JiJu/XVkCU2

Debug level 1: CLIENT -> SERVER: PtpBR99TvBuaM9lPZWhSX2XYEHwqKXmHBpM+av6emtOj0xI8aehXWtOQIdU2RM+Klqq2WLnm6sOP

Debug level 1: CLIENT -> SERVER: rVQpCpNNaguM9neIqQp3sCa7kjgCL8lXDdeoMyJIWGlxYKpYMtMd2eV6e3Auwow7fETTYolJFdwp

Debug level 1: CLIENT -> SERVER: tuiN/9U9aamCB2UOyga4uAfwwaXWvetxd248PghORpstcwmh9qx5BGoES/NM8etJcivVgA8mrKEn

Debug level 1: CLIENT -> SERVER: orXlD0BHDL2RSHd542sW0l02hlf08+Mpy/nAMRB/4/WeIb5hhoZYYfFOezVpk2iJH5scSAyABhRr

Debug level 1: CLIENT -> SERVER: WsMYZZkczalt9BKqbPRSqBMi6r7k/7DA+k615GA8QuDC6aDxt8VkCMJD4/uz/9A8HzMZ7Znl89za

Debug level 1: CLIENT -> SERVER: usD/TLXhk5UtG/3MzeyByZSJpgI299Mj9ADscPACI8xaoU80IGSmJNsQFI9XbqCsMfbjn2V37oL2

Debug level 1: CLIENT -> SERVER: wNeLGeFsSYFGkdoz5WkMPu+S1hckU2iycD5VmMqD14lFp3m+9m55jruS9TM906gbzi0yeun3ckl5

Debug level 1: CLIENT -> SERVER: G8JvUEij2/9MbR+8JnfX3OWdr8flQ9/V6/8BUEsHCHcXX079BAAAmR8AAFBLAwQUAAgICAD3ZD5b

Debug level 1: CLIENT -> SERVER: AAAAAAAAAAAAAAAAFQAAAE1FVEEtSU5GL21hbmlmZXN0LnhtbLWVS27DIBBA9zmFxd7QZlVZcSK1

Debug level 1: CLIENT -> SERVER: Uk+QHoDgsYPET8wQJbcvjpTEbaOqqcwOLHhvGDzDanO0pjpARO1dy575E6vAKd9pN7TsY/tev7DN

Debug level 1: CLIENT -> SERVER: erGy0ukekJrLoMr7HF6nLUvRNV6ixsZJC9iQanwA13mVLDhqvq5vRtN6Ud3AvTZQ54XxVN1k0GlZ

Debug level 1: CLIENT -> SERVER: 0ylAy2QIRitJOU5xcB0/u/hUwQmOxG67J6daTj73yZg6SNq3TDDxUAz3KW/e9XpI8RwbLgWSpIQ7

Debug level 1: CLIENT -> SERVER: GcvgpVJgIE99FCrFOJ48J7e4q4igN14SFIIHH1LIf0YqhI9+iIDlbnoMvRicvDfF4NrKAVC8arIy

Debug level 1: CLIENT -> SERVER: YFHHg+zvbQSTG6uHJ83VVPC3GB6Ujw1KjLV6F5799L9i/p2LdDKAs2MtkJyt8Wz3ye6c1AYFXYY8

Debug level 1: CLIENT -> SERVER: uGFu+LyJBaL8Tl5TuxI/nsn1J1BLBwhlgkjaRAEAAGEHAABQSwECFAAUAAAIAAD3ZD5bXsYyDCcA

Debug level 1: CLIENT -> SERVER: AAAnAAAACAAAAAAAAAAAAAAAAAAAAAAAbWltZXR5cGVQSwECFAAUAAAIAAD3ZD5bAAAAAAAAAAAA

Debug level 1: CLIENT -> SERVER: AAAAGgAAAAAAAAAAAAAAAABNAAAAQ29uZmlndXJhdGlvbnMyL3N0YXR1c2Jhci9QSwECFAAUAAgI

Debug level 1: CLIENT -> SERVER: CAD3ZD5bAAAAAAIAAAAAAAAAJwAAAAAAAAAAAAAAAACFAAAAQ29uZmlndXJhdGlvbnMyL2FjY2Vs

Debug level 1: CLIENT -> SERVER: ZXJhdG9yL2N1cnJlbnQueG1sUEsBAhQAFAAACAAA92Q+WwAAAAAAAAAAAAAAABgAAAAAAAAAAAAA

Debug level 1: CLIENT -> SERVER: AAAA3AAAAENvbmZpZ3VyYXRpb25zMi9mbG9hdGVyL1BLAQIUABQAAAgAAPdkPlsAAAAAAAAAAAAA

Debug level 1: CLIENT -> SERVER: AAAaAAAAAAAAAAAAAAAAABIBAABDb25maWd1cmF0aW9uczIvcG9wdXBtZW51L1BLAQIUABQAAAgA

Debug level 1: CLIENT -> SERVER: APdkPlsAAAAAAAAAAAAAAAAcAAAAAAAAAAAAAAAAAEoBAABDb25maWd1cmF0aW9uczIvcHJvZ3Jl

Debug level 1: CLIENT -> SERVER: c3NiYXIvUEsBAhQAFAAACAAA92Q+WwAAAAAAAAAAAAAAABgAAAAAAAAAAAAAAAAAhAEAAENvbmZp

Debug level 1: CLIENT -> SERVER: Z3VyYXRpb25zMi9tZW51YmFyL1BLAQIUABQAAAgAAPdkPlsAAAAAAAAAAAAAAAAYAAAAAAAAAAAA

Debug level 1: CLIENT -> SERVER: AAAAALoBAABDb25maWd1cmF0aW9uczIvdG9vbGJhci9QSwECFAAUAAAIAAD3ZD5bAAAAAAAAAAAA

Debug level 1: CLIENT -> SERVER: AAAAHwAAAAAAAAAAAAAAAADwAQAAQ29uZmlndXJhdGlvbnMyL2ltYWdlcy9CaXRtYXBzL1BLAQIU

Debug level 1: CLIENT -> SERVER: ABQACAgIAPdkPluZPUow9wQAAAYUAAALAAAAAAAAAAAAAAAAAC0CAABjb250ZW50LnhtbFBLAQIU

Debug level 1: CLIENT -> SERVER: ABQACAgIAPdkPlsnqI4WkAsAAFpWAAAKAAAAAAAAAAAAAAAAAF0HAABzdHlsZXMueG1sUEsBAhQA

Debug level 1: CLIENT -> SERVER: FAAACAAA92Q+W6dJMw78AwAA/AMAAAgAAAAAAAAAAAAAAAAAJRMAAG1ldGEueG1sUEsBAhQAFAAI

Debug level 1: CLIENT -> SERVER: CAgA92Q+W9/7c7pBCQAAcgsAABgAAAAAAAAAAAAAAAAARxcAAFRodW1ibmFpbHMvdGh1bWJuYWls

Debug level 1: CLIENT -> SERVER: LnBuZ1BLAQIUABQACAgIAPdkPlt3F19O/QQAAJkfAAAMAAAAAAAAAAAAAAAAAM4gAABzZXR0aW5n

Debug level 1: CLIENT -> SERVER: cy54bWxQSwECFAAUAAgICAD3ZD5bZYJI2kQBAABhBwAAFQAAAAAAAAAAAAAAAAAFJgAATUVUQS1J

Debug level 1: CLIENT -> SERVER: TkYvbWFuaWZlc3QueG1sUEsFBgAAAAAPAA8A7gMAAIwnAAAAAA==

Debug level 1: CLIENT -> SERVER: 

Debug level 1: CLIENT -> SERVER: --b1=_Z1tCAQszVcm2A3h7O00xvP1JAXsj2Xnkj4rtjn63c--

Debug level 1: CLIENT -> SERVER: 

Debug level 1: CLIENT -> SERVER: .

Debug level 2: SERVER -> CLIENT: 250 2.0.0 Ok: queued as 3E2938024BF

Debug level 1: CLIENT -> SERVER: QUIT

Debug level 2: SERVER -> CLIENT: 221 2.0.0 Bye

