Debug level 2: SERVER -> CLIENT: 220 smtp-sp217-122.kinghost.net ESMTP

Debug level 1: CLIENT -> SERVER: EHLO localhost

Debug level 2: SERVER -> CLIENT: 250-smtp-sp217-122.kinghost.net
250-PIPELINING
250-SIZE 62914560
250-VRFY
250-ETRN
250-STARTTLS
250-AUTH PLAIN LOGIN
250-AUTH=PLAIN LOGIN
250-ENHANCEDSTATUSCODES
250-8BITMIME
250-DSN
250 CHUNKING

Debug level 1: CLIENT -> SERVER: AUTH LOGIN

Debug level 2: SERVER -> CLIENT: 334 VXNlcm5hbWU6

Debug level 1: CLIENT -> SERVER: [credentials hidden]
Debug level 2: SERVER -> CLIENT: 334 UGFzc3dvcmQ6

Debug level 1: CLIENT -> SERVER: [credentials hidden]
Debug level 2: SERVER -> CLIENT: 235 2.7.0 Authentication successful

Debug level 1: CLIENT -> SERVER: MAIL FROM:<ourodosul@ourodosul.com.br>

Debug level 2: SERVER -> CLIENT: 250 2.1.0 Ok

Debug level 1: CLIENT -> SERVER: RCPT TO:<ivoflach@hotmail.com>

Debug level 2: SERVER -> CLIENT: 250 2.1.5 Ok

Debug level 1: CLIENT -> SERVER: DATA

Debug level 2: SERVER -> CLIENT: 354 End data with <CR><LF>.<CR><LF>

Debug level 1: CLIENT -> SERVER: Date: Thu, 2 Oct 2025 15:14:35 +0200

Debug level 1: CLIENT -> SERVER: To: ivoflach@hotmail.com

Debug level 1: CLIENT -> SERVER: From: ourodosul@ourodosul.com.br

Debug level 1: CLIENT -> SERVER: Subject: =?iso-8859-1?Q?Atualiza=C3=A7=C3=A3o_de_Cadastro?=

Debug level 1: CLIENT -> SERVER: Message-ID: <eHembY38hu1CYl9zSWABmHdKwnlR5KsY9aedWmWuXI@localhost>

Debug level 1: CLIENT -> SERVER: X-Mailer: PHPMailer 6.10.0 (https://github.com/PHPMailer/PHPMailer)

Debug level 1: CLIENT -> SERVER: MIME-Version: 1.0

Debug level 1: CLIENT -> SERVER: Content-Type: multipart/mixed;

Debug level 1: CLIENT -> SERVER:  boundary="b1=_eHembY38hu1CYl9zSWABmHdKwnlR5KsY9aedWmWuXI"

Debug level 1: CLIENT -> SERVER: Content-Transfer-Encoding: 8bit

Debug level 1: CLIENT -> SERVER: 

Debug level 1: CLIENT -> SERVER: --b1=_eHembY38hu1CYl9zSWABmHdKwnlR5KsY9aedWmWuXI

Debug level 1: CLIENT -> SERVER: Content-Type: multipart/alternative;

Debug level 1: CLIENT -> SERVER:  boundary="b2=_eHembY38hu1CYl9zSWABmHdKwnlR5KsY9aedWmWuXI"

Debug level 1: CLIENT -> SERVER: 

Debug level 1: CLIENT -> SERVER: --b2=_eHembY38hu1CYl9zSWABmHdKwnlR5KsY9aedWmWuXI

Debug level 1: CLIENT -> SERVER: Content-Type: text/plain; charset=iso-8859-1

Debug level 1: CLIENT -> SERVER: Content-Transfer-Encoding: 8bit

Debug level 1: CLIENT -> SERVER: 

Debug level 1: CLIENT -> SERVER: (Sem conteúdo)

Debug level 1: CLIENT -> SERVER: 

Debug level 1: CLIENT -> SERVER: --b2=_eHembY38hu1CYl9zSWABmHdKwnlR5KsY9aedWmWuXI

Debug level 1: CLIENT -> SERVER: Content-Type: text/html; charset=iso-8859-1

Debug level 1: CLIENT -> SERVER: Content-Transfer-Encoding: 8bit

Debug level 1: CLIENT -> SERVER: 

Debug level 1: CLIENT -> SERVER: <p>(Sem conteúdo)</p>

Debug level 1: CLIENT -> SERVER: 

Debug level 1: CLIENT -> SERVER: 

Debug level 1: CLIENT -> SERVER: --b2=_eHembY38hu1CYl9zSWABmHdKwnlR5KsY9aedWmWuXI--

Debug level 1: CLIENT -> SERVER: 

Debug level 1: CLIENT -> SERVER: --b1=_eHembY38hu1CYl9zSWABmHdKwnlR5KsY9aedWmWuXI

Debug level 1: CLIENT -> SERVER: Content-Type: application/octet-stream; name="13240  .3 IVO TEOBALDO FLACH.odt"

Debug level 1: CLIENT -> SERVER: Content-Transfer-Encoding: base64

Debug level 1: CLIENT -> SERVER: Content-Disposition: attachment; filename="13240  .3 IVO TEOBALDO FLACH.odt"

Debug level 1: CLIENT -> SERVER: 

Debug level 1: CLIENT -> SERVER: UEsDBBQAAAgAAM1pQltexjIMJwAAACcAAAAIAAAAbWltZXR5cGVhcHBsaWNhdGlvbi92bmQub2Fz

Debug level 1: CLIENT -> SERVER: aXMub3BlbmRvY3VtZW50LnRleHRQSwMEFAAACAAAzWlCWwAAAAAAAAAAAAAAABoAAABDb25maWd1

Debug level 1: CLIENT -> SERVER: cmF0aW9uczIvc3RhdHVzYmFyL1BLAwQUAAgICADNaUJbAAAAAAAAAAAAAAAAJwAAAENvbmZpZ3Vy

Debug level 1: CLIENT -> SERVER: YXRpb25zMi9hY2NlbGVyYXRvci9jdXJyZW50LnhtbAMAUEsHCAAAAAACAAAAAAAAAFBLAwQUAAAI

Debug level 1: CLIENT -> SERVER: AADNaUJbAAAAAAAAAAAAAAAAGAAAAENvbmZpZ3VyYXRpb25zMi9mbG9hdGVyL1BLAwQUAAAIAADN

Debug level 1: CLIENT -> SERVER: aUJbAAAAAAAAAAAAAAAAGgAAAENvbmZpZ3VyYXRpb25zMi9wb3B1cG1lbnUvUEsDBBQAAAgAAM1p

Debug level 1: CLIENT -> SERVER: QlsAAAAAAAAAAAAAAAAcAAAAQ29uZmlndXJhdGlvbnMyL3Byb2dyZXNzYmFyL1BLAwQUAAAIAADN

Debug level 1: CLIENT -> SERVER: aUJbAAAAAAAAAAAAAAAAGAAAAENvbmZpZ3VyYXRpb25zMi9tZW51YmFyL1BLAwQUAAAIAADNaUJb

Debug level 1: CLIENT -> SERVER: AAAAAAAAAAAAAAAAGAAAAENvbmZpZ3VyYXRpb25zMi90b29sYmFyL1BLAwQUAAAIAADNaUJbAAAA

Debug level 1: CLIENT -> SERVER: AAAAAAAAAAAAHwAAAENvbmZpZ3VyYXRpb25zMi9pbWFnZXMvQml0bWFwcy9QSwMEFAAICAgAzWlC

Debug level 1: CLIENT -> SERVER: WwAAAAAAAAAAAAAAAAsAAABjb250ZW50LnhtbL1YTXLbNhTe9xQoM9NpFxQtO52JWUsexz9tZuTY

Debug level 1: CLIENT -> SERVER: M1LabmESEjEFCAQAJTmr3qEn6CrTA/QEvklP0geQhElLdKgoEy9sEu977314fwB9crrmDC2J0lTk

Debug level 1: CLIENT -> SERVER: o2A4OAgQyROR0nwxCt7NrsJXwen4mxMxn9OExKlICk5yEyYiN/AXgXau41I6CgqVxwJrquMcc6Jj

Debug level 1: CLIENT -> SERVER: k8RCkrzWipvo2PkqV7S5Z73VHbipbcja9FW22JYuvuvv2YGb2qnCq77KFgtBbarPRV/ltWbhXEDU

Debug level 1: CLIENT -> SERVER: ucSGPmGxZjT/YxRkxsg4ilar1WB1NBBqEQ2Pj48jJ/WEE4+ThWIOlSYRYcQ609FwMIxqLCcG9+Vn

Debug level 1: CLIENT -> SERVER: sU1KecHviOodGmzwRlb1ctG7IpaLjtAkGVa9a8OB2+k9Svun9yht6nJsso6cvIquQeh+XU8ea0Hx

Debug level 1: CLIENT -> SERVER: vr4sthWqRFHZe5sluqkvhPBUrULZoI7u4cHBy6h8b6BXz8JXihqiGvDkWXiCWeIjLvi2oAFuGAEi

Debug level 1: CLIENT -> SERVER: JEtbpr7wbSB0h8JhVIo9WKedpn+/nkyTjHD8CKafBoc01wbnj5FRNgmdO/0xUkQKZXxg5v0HJmTr

Debug level 1: CLIENT -> SERVER: 0HtJ59i7AaQeOAuhVXS+mhYi25mRVXnhK40SVpe1J1n5J2tJFLWKmNnMhVzDLiGbQsYN7bJ4Ks3G

Debug level 1: CLIENT -> SERVER: 4XEYjOuToqwyHfmFOZwY4RwnJExJwvT4pOx4v4zKd8tjFMxwJjgeBghau4Zwyu5rSRA9r3+OGb1T

Debug level 1: CLIENT -> SERVER: dJuBShSglr6VhQuSw+6hWvWKat3Tx2e6ULCLvIWQ1CQwMpZYUXvO9HSPJnSRmW0b/Q5LoX9qwcql

Debug level 1: CLIENT -> SERVER: r8jri9EqM7IHrUmR0BSjKc41epdTuOGQTnJbsH0o3mtD+D4cr6foZ2EymnQy84ivwqfqtc4m3N97

Debug level 1: CLIENT -> SERVER: 1DUcqnVcGHBkaBI6O35quN8trrdD76siKbHCC4VlVgtgwV5d3UtYak1hfqdYpTWEwz2EqFDixQai

Debug level 1: CLIENT -> SERVER: du3NhhKmIlGGEu0dWLXq6mOpuy02GHfTn23QtzdV79S+NP3NRZwIJsDNiwP3U2s7oCgMXPrA6hwz

Debug level 1: CLIENT -> SERVER: TVoiux6aTIlikYXVtTsXOWkl6ukMBW9uXdMPsD4cStNYq20ojplbdn50hlN7TWjadoIiT4lyLFre

Debug level 1: CLIENT -> SERVER: a3MrYgfCo70nrEI46XDemu+PAEuvBpQkm0KX9Uq6xXrp+BmAc29vmYysnyPgIR0UvLybRAfExY9w

Debug level 1: CLIENT -> SERVER: meEyERuxFcttod0GqIrHOXXPm5UadbZgJbgT6b1/sebHJ+7rSpP3BXxC+lbeXERuKaVaMnxfV2vI

Debug level 1: CLIENT -> SERVER: 4HLHRgGUshOXRfiGsUIbBf5FbjnuZWxWj539rNjG3NfIRfk16MLeHTVZqjQnFsy58WvBUUrxt+js

Debug level 1: CLIENT -> SERVER: fUHRwz8IDqubQgmUCjQt2ADdwonFhUbwlW5vZ1ghuHgibNGnlT/Z7aIx8pwMPnujjsfh0eHLA1SF

Debug level 1: CLIENT -> SERVER: IhoPjupnifNNwzDkxm9+vUGzy5vXZ5OLG3Q1OTv/pQ4AqIx3IXcJl2+7SZjpCtYEItxu2GAjkB3S

Debug level 1: CLIENT -> SERVER: CJsCuvQD7F6TAiU4heGuRBkdi5xT6C4n1BDBFEydol0IvBWcxDtpnN9eof/+/GsnnQv4OEZA+C3W

Debug level 1: CLIENT -> SERVER: ibuZi3inKHFMGfpe2j1roqylOWWZ+CFGzZTuYHFGGIHBQdoGPvU4g+z8lmGjsZSnO2l+Js1Le9CQ

Debug level 1: CLIENT -> SERVER: h49itxTVrVPYriFaE19TEDlTbb2sL4m1ay24MouHjw//wrlsi0gXcEpzohJbUju127RRpuDbPPwN

Debug level 1: CLIENT -> SERVER: KeMI0l/VQO5rYLCD3ejLYaLWuI9aJ0HU8T/C8f9QSwcI+PyGoCAFAABkFAAAUEsDBBQACAgIAM1p

Debug level 1: CLIENT -> SERVER: QlsAAAAAAAAAAAAAAAAKAAAAc3R5bGVzLnhtbN1cX5OjuBF/z6dweSt5wwb839nZq2Rzl6Rqt5Lc

Debug level 1: CLIENT -> SERVER: 7D5fySDb5DCihBiP7+vkIU/5FPvF0pIQCBCY8Z/xrG+qts7qltT961ar1Qje//C8C3tPmCYBiR76

Debug level 1: CLIENT -> SERVER: zsDu93DkET+INg/9r19+sub9Hz787j1ZrwMPL33ipTscMSthhxAnPegcJUtJfOinNFoSlATJMkI7

Debug level 1: CLIENT -> SERVER: nCyZtyQxjlSnpc69FFPJFjFY1+6CWe/N8DPr2pnzlvqiVfeZBbPe26do37Uz5wVM9e5r0rXzcxJa

Debug level 1: CLIENT -> SERVER: a2J5ZBcjFlSkeA6D6NeH/paxeDkc7vf7wX40IHQzdBaLxVBQc4G9nC9OaSi4fG+IQ8wnS4bOwBkq

Debug level 1: CLIENT -> SERVER: 3h1mqKt8nFcXKUp3K0w7Q4MYqlk1edp09oinTQM03hbRzr4hmMvmHfndzTvy9b47xLYNNpkPPwNR

Debug level 1: CLIENT -> SERVER: /PP5U+ELdNd1Ls5bgsqjQdxZTcmt9yeE5KLyDnKBCnFd2x4P5W+Ne9/KvqcBw1Rj91rZPRR6OeJk

Debug level 1: CLIENT -> SERVER: ZwIN+JwhcFj4ibup4qZc6caRJ0OKY0JZLsi6e4ACdNx8Fn+N8mmAMxmIESzeUcyljzDkK2HIu7zr

Debug level 1: CLIENT -> SERVER: 97JApwVXt/9BRdI1gSi6Rh62fOyFyYf3cgXkzT35m8v50P+CtmSHnH4PXF2x7ILwoCj9YXv/jygM

Debug level 1: CLIENT -> SERVER: VjQwDZCR+r1Sf06zNjjCNADrJfsgSTrOceIUFLSIShxxwDxYQk+IBjzudpy+9ynYbJlJ0T+gmCR/

Debug level 1: CLIENT -> SERVER: LLHJpleU62JiSYucIdan1At81HtEUdL7GgWw4eNG4Qy8XUQ8JAzvzpHx82Pvr4RtA69RspzjVeTJ

Debug level 1: CLIENT -> SERVER: 1lrjIjx/9mFTcMjaZdalpPTxGqVhloupkTORNhTFHDnFm/22YgrhirIAcjeekSyTLfLJ3oLxE8ys

Debug level 1: CLIENT -> SERVER: 54e+PRh5IKeBeKgQGWyXFmQX2Epi5EFuY20JDX4D0VHIWd15K/MTF8Ors0Iw7TpqjdUwZgZLCHrs

Debug level 1: CLIENT -> SERVER: A7a1ZLa4RmGi2TtGFAmEdHzWZCkG32K+KCF82/Pfq/H4KBZKGeEzg2sEPiZyABTG29wVRP8VxQjy

Debug level 1: CLIENT -> SERVER: s4SBIzBF4Zskl3gHi+mhH1KLrUrOEUQ+5vsKz7V1FZXoSnLIScH+JE649zQrk7NzuTUdZWuaYAAn

Debug level 1: CLIENT -> SERVER: 4rYWk3skJJC9MZpCUAAYRGMS/AaSOk7MRFuIok2KNtCUNXgkjRgFJ/nzz7n6mEEmYP2KaSRElwNq

Debug level 1: CLIENT -> SERVER: WvIxLdhNUaRGzjpmgysazkNwNosifH2sj8dTwRA/N4yYUxGtjpmTHv/UL+AsrbIuSy/Hv3/MvXaI

Debug level 1: CLIENT -> SERVER: boLIAvOBw3JnLdpWhDGeDHE/djOSwRuhdXuItziC3JdEVoh8HwAXCj30IwKuswvYC502TiOPpXLA

Debug level 1: CLIENT -> SERVER: PZAh+QHwwIDHvVp5o+UHsOIjPgkkPROnWIhlv4/BIsUqPME5NdtXspBrui2fSnmgeSO9nouLuXNP

Debug level 1: CLIENT -> SERVER: New8l1sDundhFXiqLkfxDoG/8sOT8ju3xhSnybbCcsYCE+dwPQKGWHcbeUxfEcqXAvcz2A7AaUIU

Debug level 1: CLIENT -> SERVER: J9yJz53YomRfmRxaKiv7V4xjWNcbzLb8HMwX3bGJ9QmlLz/CEvIR9fuNAUYZL0RJAuLB+jkacwiF

Debug level 1: CLIENT -> SERVER: pR4lykr7ABaW/NW8MZ2xQguljyj7JWAhPqopNOTVJ8uMUsRl1Bm+QMMvrv3LiviHUxArRenB2B01

Debug level 1: CLIENT -> SERVER: RWpn7JgjtS0jtXAKkYREIglB4R4dkmPo1oObOkuUQ5w7VyFOhq88YbDsge3MixD8ovCm5+DmoCbn

Debug level 1: CLIENT -> SERVER: PT1Cif7d3cRgTNhs4hAdNHP3dPI5znSynzTu5g7fzTur+5iu2C0WBsTqmBdxjuksU4ow2IAjeCAA

Debug level 1: CLIENT -> SERVER: zjeUf6cJC9YHi8dcmHEP4biWdlcdXmzHIna8myz4X20bHzf4OLi4O80wl/x8Akhx4NTQ4rtyPJ0o

Debug level 1: CLIENT -> SERVER: 4MmoTZ2LzdXcPadnA3S29ifImk6xdIshQz5kxwBTXbROd8k/grvARn/BJQeiUvTC2CwXV8u664n6

Debug level 1: CLIENT -> SERVER: v6xOi2NVkqc1giLitipe262OqnulG7MXe577Qs8zG6jFN80TnOybf4ez6PMF7RuI8VrteyFjXc7L

Debug level 1: CLIENT -> SERVER: /4YRfy7Gl5pj3nwyjp7zagFb5ZIkZQKQED/xhNc5ewcbTEeT45nOS3MaLcS768l4MW0+w+Wl3Eqe

Debug level 1: CLIENT -> SERVER: Y1cdW09GjMQi17Bfkmto5nbbze3e2tzu+eYu6gxvytzOtMXcZmIRA6cnmnvUbu7Rrc09+n7MbUrg

Debug level 1: CLIENT -> SERVER: Omdj9WzrFGuO2605vrU1x+dbszBZzZr27BrWbE5yjmXQ56Uhmlkn7Wad3Nqsk+/GrKegP21Hf3pr

Debug level 1: CLIENT -> SERVER: 9Kfno19AXEX/fORr59s3sKBm7Sad3dqks+/CpKcgP29Hfn5r5OdnI3811N0Z/3tbC2nRbs7Frc25

Debug level 1: CLIENT -> SERVER: ePPm7Iz6v1LCzquOXixtLkhXq4qObf73BpydVyq5s/2zinTZ4zlbr8ZzTTOFeM3EQ+dZ2UxUPoux

Debug level 1: CLIENT -> SERVER: dQsF4npF1ihH5w/qrBIxN07XMhnDUYI5NiXXLOOScfVezXsVLBN3bMTFQDleBSpIJzn8KXbgfWLk

Debug level 1: CLIENT -> SERVER: 8zCa6aQsqlorhlbNmTajyahCKNQpaNmzYzlBRCKst2YTVJtVgsGftPUSEgZ+Tz81ZVxa/m5g/K5O

Debug level 1: CLIENT -> SERVER: Yn+Re0spCvAfP8HYZq/PehQBoafz5g/Z+WY0bJ73y7f/sTQkogjL//m4LW4xVJ4ESs6e09N5SvPc

Debug level 1: CLIENT -> SERVER: Q5lSA8TtBoh7C0Ber5CnATLqBsjoIoDcqtSl6Tvupu/4svreKgRpik+6KT65hOKnyDftJt/0LPne

Debug level 1: CLIENT -> SERVER: TFFBU3zWTfHZJRQ/Rb55N/nm5znOWzmkaoovuim+uITip8h3XLQXC/bSLfxiN6pa70udcx2K3w/q

Debug level 1: CLIENT -> SERVER: AlnBd9kA0/FWzmvsgh9hLXz777f/HEEiZzsLiDdzENfOmz/u4i1/M639yFnl+m43/5K9pXaoq+kz

Debug level 1: CLIENT -> SERVER: 9vvIgjQX+BmvMcWRd6TsUGPrqrsQV7ywxI/kyQ6FoeWhOOk3AGMICPZCv6a3z+7IrkjolzCRBAVa

Debug level 1: CLIENT -> SERVER: EznHTDB0Ruwfn36sat7hfSlx6QhF3pbAaf8Q43Kl5mmzfFYlDPj/Q6mcIV+jkCUD2aLeVLJiwguw

Debug level 1: CLIENT -> SERVER: JK4RKK/U1mpBxctQsme52qJRK91r2AhtVF3YAJGk9CuMooCcsctLWJXrRlG6s/j7yQiMmoPJLyFm

Debug level 1: CLIENT -> SERVER: Xat46iSSBOJtART5wmWwuoSOVkAW5SX+jq1p2ApLNrZoXJMwJHvsW6uDvA7J0KqvTZ6/s6Lm5246

Debug level 1: CLIENT -> SERVER: m7qmSqGlU0qlNUUocDYqDdQmPDsi7d4V0g4kUlMj0jqlUsSUhKsjPbozpPOSeBXoaq28VEO/Oszj

Debug level 1: CLIENT -> SERVER: O4O5KKRXca6V2MtV+asjPbkzpGezeQPSBaWCtCRcHenpXSHtDuyReTvUKSWkFeHqSM/uDGl3bt4O

Debug level 1: CLIENT -> SERVER: dUoFaUm4OtLzO0N6Yg7TGqGC8+RVgvTizmCeLZpwLigVoCXh6kg79l1BPRrYY/N+qFNKUCvCOVCX

Debug level 1: CLIENT -> SERVER: STr+EWE4gSN6tA42KRUvgvdygpVdPVoTwiLtEoRuCifTWH485AmFKeYv+shG1THRIBCfE9D7yLeD

Debug level 1: CLIENT -> SERVER: +GN+Pp76SBPXt7uEOPKbBAzMAqrhOSKFBKZpGt9tkp9cEe8bLxZFHcGETjZIgQK3bUYLIo+KT7vx

Debug level 1: CLIENT -> SERVER: 5E/7vowYrfisDL9tAWMGnqUIcjqOJ3jpAaxbKg58jndO38BUqRYJyj7w+ZfQXHuwWKjSjyCo16Pd

Debug level 1: CLIENT -> SERVER: xWDaomM2CUDILEID0AVlxiaUURSw2p0VV2FWv7NiIGUrwXgrRvuATMv3WjLdNzTw1avv7zyb/5k4

Debug level 1: CLIENT -> SERVER: MmO745ntmOgrlBTY5K+b1/loujoUfGYeKaxedqqNAMGGf84t8706kwC+hZ4VGCscanFaO/RcErL4

Debug level 1: CLIENT -> SERVER: wFLGkOBYISwdpfJoRX1IBAQFpxD84mK87Rh40FpUGw0syOcXkeRKkOtDtlMIZMpDJ/nXfZQVbfGf

Debug level 1: CLIENT -> SERVER: Fh7Nvq6U2mLE7/iIH0NdU62xPlCxKuvLMCPsUJKPkc+WNfKRyo+EKhdFdZm15atFg8rwQ/O3Pj/8

Debug level 1: CLIENT -> SERVER: H1BLBwhUgw6NeQsAACtUAABQSwMEFAAACAAAzWlCW9YIL5j8AwAA/AMAAAgAAABtZXRhLnhtbDw/

Debug level 1: CLIENT -> SERVER: eG1sIHZlcnNpb249IjEuMCIgZW5jb2Rpbmc9IlVURi04Ij8+CjxvZmZpY2U6ZG9jdW1lbnQtbWV0

Debug level 1: CLIENT -> SERVER: YSB4bWxuczpvZmZpY2U9InVybjpvYXNpczpuYW1lczp0YzpvcGVuZG9jdW1lbnQ6eG1sbnM6b2Zm

Debug level 1: CLIENT -> SERVER: aWNlOjEuMCIgeG1sbnM6eGxpbms9Imh0dHA6Ly93d3cudzMub3JnLzE5OTkveGxpbmsiIHhtbG5z

Debug level 1: CLIENT -> SERVER: OmRjPSJodHRwOi8vcHVybC5vcmcvZGMvZWxlbWVudHMvMS4xLyIgeG1sbnM6bWV0YT0idXJuOm9h

Debug level 1: CLIENT -> SERVER: c2lzOm5hbWVzOnRjOm9wZW5kb2N1bWVudDp4bWxuczptZXRhOjEuMCIgeG1sbnM6b29vPSJodHRw

Debug level 1: CLIENT -> SERVER: Oi8vb3Blbm9mZmljZS5vcmcvMjAwNC9vZmZpY2UiIG9mZmljZTp2ZXJzaW9uPSIxLjIiPjxvZmZp

Debug level 1: CLIENT -> SERVER: Y2U6bWV0YT48bWV0YTppbml0aWFsLWNyZWF0b3I+ZWxpc2V1PC9tZXRhOmluaXRpYWwtY3JlYXRv

Debug level 1: CLIENT -> SERVER: cj48bWV0YTplZGl0aW5nLWN5Y2xlcz4yPC9tZXRhOmVkaXRpbmctY3ljbGVzPjxtZXRhOmNyZWF0

Debug level 1: CLIENT -> SERVER: aW9uLWRhdGU+MjAyNS0wOS0yOVQxMjoyNTowMDwvbWV0YTpjcmVhdGlvbi1kYXRlPjxkYzpkYXRl

Debug level 1: CLIENT -> SERVER: PjIwMjUtMTAtMDJUMTA6MTQ6MjUuOTc8L2RjOmRhdGU+PG1ldGE6ZWRpdGluZy1kdXJhdGlvbj5Q

Debug level 1: CLIENT -> SERVER: VDAwSDAwTTAwUzwvbWV0YTplZGl0aW5nLWR1cmF0aW9uPjxtZXRhOmdlbmVyYXRvcj5Cck9mZmlj

Debug level 1: CLIENT -> SERVER: ZS5vcmcvMy4xJFdpbjMyIE9wZW5PZmZpY2Uub3JnX3Byb2plY3QvMzEwbTExJEJ1aWxkLTkzOTk8

Debug level 1: CLIENT -> SERVER: L21ldGE6Z2VuZXJhdG9yPjxtZXRhOmRvY3VtZW50LXN0YXRpc3RpYyBtZXRhOnRhYmxlLWNvdW50

Debug level 1: CLIENT -> SERVER: PSIwIiBtZXRhOmltYWdlLWNvdW50PSIwIiBtZXRhOm9iamVjdC1jb3VudD0iMCIgbWV0YTpwYWdl

Debug level 1: CLIENT -> SERVER: LWNvdW50PSIxIiBtZXRhOnBhcmFncmFwaC1jb3VudD0iMTEiIG1ldGE6d29yZC1jb3VudD0iNjUi

Debug level 1: CLIENT -> SERVER: IG1ldGE6Y2hhcmFjdGVyLWNvdW50PSIzOTkiLz48bWV0YTp0ZW1wbGF0ZSB4bGluazp0eXBlPSJz

Debug level 1: CLIENT -> SERVER: aW1wbGUiIHhsaW5rOmFjdHVhdGU9Im9uUmVxdWVzdCIgeGxpbms6dGl0bGU9Ik5vcm1hbCIgeGxp

Debug level 1: CLIENT -> SERVER: bms6aHJlZj0iIi8+PC9vZmZpY2U6bWV0YT48L29mZmljZTpkb2N1bWVudC1tZXRhPlBLAwQUAAgI

Debug level 1: CLIENT -> SERVER: CADNaUJbAAAAAAAAAAAAAAAAGAAAAFRodW1ibmFpbHMvdGh1bWJuYWlsLnBuZ+1XV1QTCBZFZ1RQ

Debug level 1: CLIENT -> SERVER: IwqKKyKIgoK0EQk1Bik61IhgQUhgJEMnCTUghMBQB0WaFCkhqwgIaJASQk0GEDJSjNQAASIQCCEJ

Debug level 1: CLIENT -> SERVER: IKGEElj3zJ6Zs7+7f3v26717P+45773zWpId5EfAYdnDYmJiAEsLc/tvligmtk9M/OA3b+2iHuMb

Debug level 1: CLIENT -> SERVER: f9XS3ORuWAEfZxw4oy+TiC+fUxGLJbSIWyeh3k/FJQfHfjQMfOM/kJT5JjimoTX7u4zQvmmtA12L

Debug level 1: CLIENT -> SERVER: k5McF6fdze3wEo10MXE7PLA//9AXEnfNR8xqZ33ynJhw6Dzw918Gzx+yj5WzAAT+h6AqfVCwtoLR

Debug level 1: CLIENT -> SERVER: ZUjOIeq883oiUHMFBjUTIFfClIXweRJ7m8zszWFzWXCctQoj0aONttxjcPoTjPDSzlDGqhQNj0An

Debug level 1: CLIENT -> SERVER: 0TToeLYvRjs+QbTgRMToh0o8gPB7iOE+6CHm+PQ7hSq7+SiQLONZCH/RUxauoAminoiHv1zMNAys

Debug level 1: CLIENT -> SERVER: kH4Sp91701dkLRzN0Z5KDSXt9pa1jOOXMaRe7kbVyDou/Il9CtqwZWRgQNGaVx3W91XJ9MpUu7Wu

Debug level 1: CLIENT -> SERVER: a+lXZRD55GjR95fPUmMBZiC9EivwEA4+u2r/YM4xaku2y3h0sp8zD2+4r6qg9HQS9krVIU0/Sz0Y

Debug level 1: CLIENT -> SERVER: tnylNtCAEXbY85jJdFD9HHjjB5j67vyrUod1tNWMJQJniouV1C7E9ya02NIuG40q7pS5m+UGoKjY

Debug level 1: CLIENT -> SERVER: Omu5p8rMgevvQdj8bwyvZ2lmJGivXytmQ1x0TjdjjL/1SCV1e9mU8OnAKBTLWqEVs/xrocHkTzVH

Debug level 1: CLIENT -> SERVER: UB5UGJMeVHy3zGFyDUWbad/1IjY7p0xkSUaVXkA6Aul08FosgPhsNs/sXJd2wpDAzvMMvGwmu6q+

Debug level 1: CLIENT -> SERVER: SVswtLTBoYARxig6Aa6ADm2PRS2bgB2acItPN5mdJaD1PUkFc59ohUNlJsdeHzQAPxsUCAQhh13H

Debug level 1: CLIENT -> SERVER: MIB9EBpa3oi7fjUm8Bg1QVisHXmm4hFlEsbbYPYWFmKe+LPsXpI2peSp/r0NH5wbMaCEfXC5oiOu

Debug level 1: CLIENT -> SERVER: O25TcrJHJRtDRHcJjEStX5ASzk7zNP3Fd9xAfcEEMlMMf8uHHqLMOj3jr6zT98zgVwROw2SlLlmw

Debug level 1: CLIENT -> SERVER: 3kFOCEo8afW056qTdHfn30JV9BLQRmpTXhFVOcZ7uLZfYIgfCmud669mqYW8lXAuYcPOZsZRukvT

Debug level 1: CLIENT -> SERVER: DZtFfJ95zR+lE5SDX7Q9sb3DTpAK8NeVS137yfl8VqoiWdcwtw0d++7Ny1YZulxTvMb2PefljU2Q

Debug level 1: CLIENT -> SERVER: fXvpvj/i1rXxunInGlward4gr1zFCbG3s5UPr6sZsjARumVJK1lJ9cO0B5oh+lv3M+60YCFe5alM

Debug level 1: CLIENT -> SERVER: iHoeJr82WA2fUT7XDTx4Yx0cpQqVKiDnprECM7KacDX9e1BSLQohNdxsRSifsaEDInstnabI6vQU

Debug level 1: CLIENT -> SERVER: +K9wUCJ2TsVmwSw/es1M1DTBqMNXuhQdsnk7JsQ1jsspIDt1xrx1IqxGHwNb57Plgq3lfS4c+HpA

Debug level 1: CLIENT -> SERVER: fI2cgjtnb2+fX3CyMBnRdgdBd1E+M8t1xvYtzDgxn9wtpmCvVJfElUGxeW4NImDKlHuP6KmIPGTt

Debug level 1: CLIENT -> SERVER: fb7psaGrw/Oq2waKnLH1y5fU+BsNe6rGvm/4zmQkpM0no6IkY/XUYfz08SK7q4pvV+t2VmuO8IO7

Debug level 1: CLIENT -> SERVER: BWHGJXnRxD2XvYTx+5afujbQEzSGL0vd0wac/TkdIJ03Nm+C34Up6wIlbnGWtuOUK9LjSiYjtQcy

Debug level 1: CLIENT -> SERVER: Wgbjzvus6X5UIb8mFJansrk8kWHV78DrTlunbzbC2GE5g6w830bsCMDaNbHOcYH2OXlmvZ4C8AUu

Debug level 1: CLIENT -> SERVER: ygHLIv+Wx51MIa32vuM+MCYzKU7DGlQGtvHed6m5mW2eCwekEu/e8En77o/q1QE4/G7QB9nwFayE

Debug level 1: CLIENT -> SERVER: akPmqSn5xXwdDKguonSxpzPoeH3Fy1IQDZUc0GJGMT8nhs3mm4a3NOVrOfaHhfeHfaG3ef6plCbL

Debug level 1: CLIENT -> SERVER: GrFZ6J4NtM11Y1eiwx9Xt1/1fIEIiRSC/GRKIcZuI0XbbrdxFInrNHrD2yCSresNnK1ZOKdPpARm

Debug level 1: CLIENT -> SERVER: o1knWivjaP82H0UfGKRLzZrPQVre915zwEUo5KUSMF6DwN7p/djgPe2VxzLXmX1e7Z3tkstvLFz2

Debug level 1: CLIENT -> SERVER: qeMdfG9Th7i2FVNIJqwsXTJqaR5xINFqCpgvCpxDxf1ZlpFOupKcYk/OkseKL+7LmE0dzH21o7it

Debug level 1: CLIENT -> SERVER: qwZ+zXnj3ccG1G3TeNr3+D/j+ZYm+EBaIZMp01+haJgfVHthmruyLdgYTlbzpWhwW4nuHk2vgawe

Debug level 1: CLIENT -> SERVER: 8u4Ab5n+vhYI0/Q+FXVpY6GGb0TMFxgGdzciyergB8MxTQyloBaPgqyQibdxX9/6/X00O8Boqcm3

Debug level 1: CLIENT -> SERVER: sdNY/QiMHiUQFz0cwWi0KFsvIa8318d4halRGEo1sGuLWD5pdqQxmRsa8K4JS9x1nvxJGnxIUpBr

Debug level 1: CLIENT -> SERVER: 2CWM8sOFrIBPSF4E/la5/1+9eITTcW/Zwam/+nrH6CeHHFK2I8I2/doSuHMsnF8/hjBwY2kvHUtb

Debug level 1: CLIENT -> SERVER: l7jOhu1fJI14kWotUrlCBf/upNQPHn2S7NIKHLXZwQ8qo5133IG7MCwjQwp5kxuq4I5o2Q4YQhgU

Debug level 1: CLIENT -> SERVER: bH4t6NTr4LXVczwBWiVHO0YXABYXFW6jt2r8Tk0rBP1TB61gDKWc9eFpkI3WRCIkYPPrD+N0jN/9

Debug level 1: CLIENT -> SERVER: GZ8t8FFSwARqJr1fmru5jKREVbdPRqW5sqiJtMElyFE9KdRO1l9rcimjOOf5yoI5g8xTj2A8JiY0

Debug level 1: CLIENT -> SERVER: gm85Sso/2/jYbxRqsoye9vusn9AxfXTFfWNYh3n85VTUXGT1ara447WAutdD8RtzFZ6tFkIJ+cVr

Debug level 1: CLIENT -> SERVER: wCon4UN5iE80/kCZSQqgSIG9XOz/u5pasfDWWZEXW6PRI2W6AJzCakgCbrJ19fryvJI08pPHYJto

Debug level 1: CLIENT -> SERVER: y+ruNdDmzkQtBkmjjhmkVKk5OO3y5LaaFdZVDT7qJT24Gl4D5QY2DD/O4hgRKtPzMZpzccKhfm+k

Debug level 1: CLIENT -> SERVER: Knf7UrrazWikBAQ1maqTrXn5NlCgL8hAkCKGNYeGqds5W4+6xz/p0GpSPJEX7TaHVkL5kN6q1DQ/

Debug level 1: CLIENT -> SERVER: 4lQ1HFbfGlSvxX5BgW/Hol4p9DZ3EGx+ezbqp8rxrCdkRKnTbJszP1x21ZXtDTo9A6BZp94MfHW3

Debug level 1: CLIENT -> SERVER: SemhYd6eZd+pI9RFtv7BffYMD60osuPpqBOiQSWXeN9IYvVLb+Hsw7l7KWhZIyNHlysaeKP4KqyE

Debug level 1: CLIENT -> SERVER: e6JyOdydMOs9zqiSnFFZczg7ED4ziDGehtriL/yYnmMMGd7URuYkPpd+3QXtCV6CFtJyt4i3Rfqi

Debug level 1: CLIENT -> SERVER: R+urlVLehz1LMsOIKTc2q49Cm05C/XSQXxZSzXz4ffEpzd2Q/e0V89SJ5ptNWe/YE1uZa9YTwpTR

Debug level 1: CLIENT -> SERVER: Hstk00g4pyoM42g1BEf1BKgf2qIsJHkk1Q4RebKnK3pckREVaq8aZscVV2swX3uXeERBMW98EMVd

Debug level 1: CLIENT -> SERVER: r9hOl2mxmZFFd5f7hlT91ljgnK9+j5BOlV1IwMrlYPV9kasVxYxJqzbZLWwkr3Xq2trtry0Nqcba

Debug level 1: CLIENT -> SERVER: WivUOcgu1Hxe0Esz/2sCHuHASqQWF3LsYIYDCcx+Kbep7XAmSNfZFAb8Psfs8WwzPvvzpNR0uZq2

Debug level 1: CLIENT -> SERVER: Rsj04n7Eiyv0Fj7oPZgUd2Z7V/Pk6e7MncxLStntQVii0f69/D3RiObWFI3OpORdP4fJxetBcd2K

Debug level 1: CLIENT -> SERVER: RRbHLj4bLvbGasZnGrq23bUVRzqZPt7cQejFSB0E4Xk/u65gKMGc6qZo4qPysUo6G6lIAHlqx9d2

Debug level 1: CLIENT -> SERVER: 6gfohgZC3RBAJZnKjZ8TR9iNRqaQzrG54TY13YIifV4KdTYg8v0xSsdnmHR1V5P4YEZuiAotb0J8

Debug level 1: CLIENT -> SERVER: q/9DlYTjBKwI4KCR8xAfQTQyOew99JQejrB42+Jydit2I4b2396w/wf/S2Bvn9CmJkv3U4z/tx9K

Debug level 1: CLIENT -> SERVER: zPImxJxg+lPMPwBQSwcIxkNTLzgLAABqDQAAUEsDBBQACAgIAM1pQlsAAAAAAAAAAAAAAAAMAAAA

Debug level 1: CLIENT -> SERVER: c2V0dGluZ3MueG1stVnbcuI4EH3fr0j5nRCYXCZUwhSQYZYJCRSQSe28CbsBbWS1S5ID/P22ZEhl

Debug level 1: CLIENT -> SERVER: uGQJtp5IbKlbfTt9Wr75tojFySsozVHeBpXTs+AEZIgRl9Pb4GnULn0NvtX/usHJhIdQizBMY5Cm

Debug level 1: CLIENT -> SERVER: pMEYWqJPaLvUtez1bZAqWUOmua5JFoOumbCGCcj1ttr71TWnLHuyEFy+3AYzY5JauTyfz0/nX05R

Debug level 1: CLIENT -> SERVER: TcuV6+vrsnu7XhqinPDpoaqy1e9VIeKbIrshO4xTVj07Oy9n/wcnq0O+c001qK/9sDa/frNSkP2U

Debug level 1: CLIENT -> SERVER: uIHY+uZk9dge7TYglbVXDvM3rwW79v255xetbyhgI0yC9RuzTOgNlyaon92UtyUcLrULE+NB7DOP

Debug level 1: CLIENT -> SERVER: zGyX3C/Vi6tqPtl/A5/Odh66Wqlcfj1O+HCG8wFElF/QmjE5Bb2hYIwogMmgblQKx+noyKbCuYYH

Debug level 1: CLIENT -> SERVER: jGCf9AkT+mDxpZglJS4jWEC07avdyeX2UFmo5WEe70QbR9VGUeYGdZvHOSK5L/EqVxcXl8eL3VMl

Debug level 1: CLIENT -> SERVER: 59Xri2OFaj4WUHidOKlF17QTOthXHrb28oluojEY7yu9q+Nk/0aMRyRpM89mqPIBUZctMTUtFGks

Debug level 1: CLIENT -> SERVER: N8u5KOlNxJfC6nnbL20WGlS7z145O/L0HT0EAaGBqK3owRFH3/HwPa7se72Cqt0LqCUe3kSzB6li

Debug level 1: CLIENT -> SERVER: hlryZ7ppI4r6TLERo2weJiy0UFZ86PoEkWYAljLAJn4WIb+XGtupuqRB/MNBRPoxjceg/FjTJdL1

Debug level 1: CLIENT -> SERVER: lETM7Opc62TM4ajvcWKWfean504lKmhzpQ2ZAR3KQGk60qe7iD8oKltQLYwTBdqyxsLxzTluSAYI

Debug level 1: CLIENT -> SERVER: +InjvY7LYUYW8bYicIY4EfR38dFxVvRZAsrqGYJJN/thEZZQzTug600mhBQ+fOXssBTBUxavmGlf

Debug level 1: CLIENT -> SERVER: oSHcpny6h+WmFqbh8rzJJVPLoHzgkR0Mejjv6qBtVJtkoagCM43UYJaintKyhdTMUHjxDokHtTPd

Debug level 1: CLIENT -> SERVER: PxnFDN4ojLoho6Zg8kWT0y3StZgIU+H6o6+Eb0iJxmnY3xeOhLcusmgALEIpthK9GESwLGBFAEbo

Debug level 1: CLIENT -> SERVER: 6qAFwke0Sdf3BYVbMtEliz7oOTl0JIlYPmlQd8yw4sW3LcXwWXBD9gq/svuVnmwJ1D74tFXyQ+CY

Debug level 1: CLIENT -> SERVER: ibvV1ZAlNj7aQUffU7wbmjPZT2VoUl9l2BB8Kil5hwaTPmr+kZrjo9MSPGnoN1rTkCHVNkTPipaq

Debug level 1: CLIENT -> SERVER: tli65urDj61UKQqTTWoLjPZ3iKkKt7Amu5I4AC/JVw3XqDMiSFhpcWCqWDLTHdnlenNwLsKMO3xE

Debug level 1: CLIENT -> SERVER: 02KJSRXcKTbvjf/VPWmpggdlDsoGOL8H8MGlVr3rcXtuPDwITkabLXIJofaseQRqBAvzTPHrSXIr

Debug level 1: CLIENT -> SERVER: 1YAPJqyhJ6KV5Q9ARwy9kUh3eeNrFtJdNoY39PPjKcv5wDEQf+P1jiG+YYaGWGHxTnszaZ1oiR+b

Debug level 1: CLIENT -> SERVER: HEgMgAYUa1rDGGWZHM2pbfQSqmz0UqgTIuq+5P+wwPpBteRgPELg3Omg8bfFZAjCQ+P7s//QPB8z

Debug level 1: CLIENT -> SERVER: Ge2Y5fPc2rrA/0y14ZOlLRv9zM3sgcmUiaYC9uKnR+gB2OHgFUaYtUKfaEDITEm2Jiger9xAWWPs

Debug level 1: CLIENT -> SERVER: xz/L7twF7Z6vFzPC2ZICjSK1Z8rTGHzeJa0uSKbQZOHLVGEq914nFp3m+dq75TnuStbP9Eyjbvhi

Debug level 1: CLIENT -> SERVER: kdFLv5cLytsQfoNCGt3+Z2r75DW5u+Yub309Lu/7rl7/D1BLBwgnhAk2/AQAAJkfAABQSwMEFAAI

Debug level 1: CLIENT -> SERVER: CAgAzWlCWwAAAAAAAAAAAAAAABUAAABNRVRBLUlORi9tYW5pZmVzdC54bWy1lUtuwyAQQPc5hcXe

Debug level 1: CLIENT -> SERVER: 0GZVWXEitVJPkB6A4LGDxE/MECW3L46UxG2jqqnMDix4bxg8w2pztKY6QETtXcue+ROrwCnfaTe0

Debug level 1: CLIENT -> SERVER: 7GP7Xr+wzXqxstLpHpCay6DK+xxepy1L0TVeosbGSQvYkGp8ANd5lSw4ar6ub0bTelHdwL02UOeF

Debug level 1: CLIENT -> SERVER: 8VTdZNBpWdMpQMtkCEYrSTlOcXAdP7v4VMEJjsRuuyenWk4+98mYOkjat0ww8VAM9ylv3vV6SPEc

Debug level 1: CLIENT -> SERVER: Gy4FkqSEOxnL4KVSYCBPfRQqxTiePCe3uKuIoDdeEhSCBx9SyH9GKoSPfoiA5W56DL0YnLw3xeDa

Debug level 1: CLIENT -> SERVER: ygFQvGqyMmBRx4Ps720EkxurhyfN1VTwtxgelI8NSoy1ehee/fS/Yv6di3QygLNjLZCcrfFs98nu

Debug level 1: CLIENT -> SERVER: nNQGBV2GPLhhbvi8iQWi/E5eU7sSP57J9SdQSwcIZYJI2kQBAABhBwAAUEsBAhQAFAAACAAAzWlC

Debug level 1: CLIENT -> SERVER: W17GMgwnAAAAJwAAAAgAAAAAAAAAAAAAAAAAAAAAAG1pbWV0eXBlUEsBAhQAFAAACAAAzWlCWwAA

Debug level 1: CLIENT -> SERVER: AAAAAAAAAAAAABoAAAAAAAAAAAAAAAAATQAAAENvbmZpZ3VyYXRpb25zMi9zdGF0dXNiYXIvUEsB

Debug level 1: CLIENT -> SERVER: AhQAFAAICAgAzWlCWwAAAAACAAAAAAAAACcAAAAAAAAAAAAAAAAAhQAAAENvbmZpZ3VyYXRpb25z

Debug level 1: CLIENT -> SERVER: Mi9hY2NlbGVyYXRvci9jdXJyZW50LnhtbFBLAQIUABQAAAgAAM1pQlsAAAAAAAAAAAAAAAAYAAAA

Debug level 1: CLIENT -> SERVER: AAAAAAAAAAAAANwAAABDb25maWd1cmF0aW9uczIvZmxvYXRlci9QSwECFAAUAAAIAADNaUJbAAAA

Debug level 1: CLIENT -> SERVER: AAAAAAAAAAAAGgAAAAAAAAAAAAAAAAASAQAAQ29uZmlndXJhdGlvbnMyL3BvcHVwbWVudS9QSwEC

Debug level 1: CLIENT -> SERVER: FAAUAAAIAADNaUJbAAAAAAAAAAAAAAAAHAAAAAAAAAAAAAAAAABKAQAAQ29uZmlndXJhdGlvbnMy

Debug level 1: CLIENT -> SERVER: L3Byb2dyZXNzYmFyL1BLAQIUABQAAAgAAM1pQlsAAAAAAAAAAAAAAAAYAAAAAAAAAAAAAAAAAIQB

Debug level 1: CLIENT -> SERVER: AABDb25maWd1cmF0aW9uczIvbWVudWJhci9QSwECFAAUAAAIAADNaUJbAAAAAAAAAAAAAAAAGAAA

Debug level 1: CLIENT -> SERVER: AAAAAAAAAAAAAAC6AQAAQ29uZmlndXJhdGlvbnMyL3Rvb2xiYXIvUEsBAhQAFAAACAAAzWlCWwAA

Debug level 1: CLIENT -> SERVER: AAAAAAAAAAAAAB8AAAAAAAAAAAAAAAAA8AEAAENvbmZpZ3VyYXRpb25zMi9pbWFnZXMvQml0bWFw

Debug level 1: CLIENT -> SERVER: cy9QSwECFAAUAAgICADNaUJb+PyGoCAFAABkFAAACwAAAAAAAAAAAAAAAAAtAgAAY29udGVudC54

Debug level 1: CLIENT -> SERVER: bWxQSwECFAAUAAgICADNaUJbVIMOjXkLAAArVAAACgAAAAAAAAAAAAAAAACGBwAAc3R5bGVzLnht

Debug level 1: CLIENT -> SERVER: bFBLAQIUABQAAAgAAM1pQlvWCC+Y/AMAAPwDAAAIAAAAAAAAAAAAAAAAADcTAABtZXRhLnhtbFBL

Debug level 1: CLIENT -> SERVER: AQIUABQACAgIAM1pQlvGQ1MvOAsAAGoNAAAYAAAAAAAAAAAAAAAAAFkXAABUaHVtYm5haWxzL3Ro

Debug level 1: CLIENT -> SERVER: dW1ibmFpbC5wbmdQSwECFAAUAAgICADNaUJbJ4QJNvwEAACZHwAADAAAAAAAAAAAAAAAAADXIgAA

Debug level 1: CLIENT -> SERVER: c2V0dGluZ3MueG1sUEsBAhQAFAAICAgAzWlCW2WCSNpEAQAAYQcAABUAAAAAAAAAAAAAAAAADSgA

Debug level 1: CLIENT -> SERVER: AE1FVEEtSU5GL21hbmlmZXN0LnhtbFBLBQYAAAAADwAPAO4DAACUKQAAAAA=

Debug level 1: CLIENT -> SERVER: 

Debug level 1: CLIENT -> SERVER: --b1=_eHembY38hu1CYl9zSWABmHdKwnlR5KsY9aedWmWuXI--

Debug level 1: CLIENT -> SERVER: 

Debug level 1: CLIENT -> SERVER: .

Debug level 2: SERVER -> CLIENT: 250 2.0.0 Ok: queued as 33313802788

Debug level 1: CLIENT -> SERVER: QUIT

Debug level 2: SERVER -> CLIENT: 221 2.0.0 Bye

