Debug level 2: SERVER -> CLIENT: 220 smtp-sp217-190.kinghost.net ESMTP

Debug level 1: CLIENT -> SERVER: EHLO localhost

Debug level 2: SERVER -> CLIENT: 250-smtp-sp217-190.kinghost.net
250-PIPELINING
250-SIZE 62914560
250-VRFY
250-ETRN
250-STARTTLS
250-AUTH PLAIN LOGIN
250-AUTH=PLAIN LOGIN
250-ENHANCEDSTATUSCODES
250-8BITMIME
250-DSN
250 CHUNKING

Debug level 1: CLIENT -> SERVER: AUTH LOGIN

Debug level 2: SERVER -> CLIENT: 334 VXNlcm5hbWU6

Debug level 1: CLIENT -> SERVER: [credentials hidden]
Debug level 2: SERVER -> CLIENT: 334 UGFzc3dvcmQ6

Debug level 1: CLIENT -> SERVER: [credentials hidden]
Debug level 2: SERVER -> CLIENT: 235 2.7.0 Authentication successful

Debug level 1: CLIENT -> SERVER: MAIL FROM:<ourodosul@ourodosul.com.br>

Debug level 2: SERVER -> CLIENT: 250 2.1.0 Ok

Debug level 1: CLIENT -> SERVER: RCPT TO:<zjzangalli@gmail.com>

Debug level 2: SERVER -> CLIENT: 250 2.1.5 Ok

Debug level 1: CLIENT -> SERVER: DATA

Debug level 2: SERVER -> CLIENT: 354 End data with <CR><LF>.<CR><LF>

Debug level 1: CLIENT -> SERVER: Date: Thu, 2 Oct 2025 15:05:41 +0200

Debug level 1: CLIENT -> SERVER: To: zjzangalli@gmail.com

Debug level 1: CLIENT -> SERVER: From: ourodosul@ourodosul.com.br

Debug level 1: CLIENT -> SERVER: Subject: =?iso-8859-1?Q?Atualiza=C3=A7=C3=A3o_de_Cadastro?=

Debug level 1: CLIENT -> SERVER: Message-ID: <SzWQvR90n70HCHXljPiTrA1xHvAFrFbcJzbxuxSKOk@localhost>

Debug level 1: CLIENT -> SERVER: X-Mailer: PHPMailer 6.10.0 (https://github.com/PHPMailer/PHPMailer)

Debug level 1: CLIENT -> SERVER: MIME-Version: 1.0

Debug level 1: CLIENT -> SERVER: Content-Type: multipart/mixed;

Debug level 1: CLIENT -> SERVER:  boundary="b1=_SzWQvR90n70HCHXljPiTrA1xHvAFrFbcJzbxuxSKOk"

Debug level 1: CLIENT -> SERVER: Content-Transfer-Encoding: 8bit

Debug level 1: CLIENT -> SERVER: 

Debug level 1: CLIENT -> SERVER: --b1=_SzWQvR90n70HCHXljPiTrA1xHvAFrFbcJzbxuxSKOk

Debug level 1: CLIENT -> SERVER: Content-Type: multipart/alternative;

Debug level 1: CLIENT -> SERVER:  boundary="b2=_SzWQvR90n70HCHXljPiTrA1xHvAFrFbcJzbxuxSKOk"

Debug level 1: CLIENT -> SERVER: 

Debug level 1: CLIENT -> SERVER: --b2=_SzWQvR90n70HCHXljPiTrA1xHvAFrFbcJzbxuxSKOk

Debug level 1: CLIENT -> SERVER: Content-Type: text/plain; charset=iso-8859-1

Debug level 1: CLIENT -> SERVER: Content-Transfer-Encoding: 8bit

Debug level 1: CLIENT -> SERVER: 

Debug level 1: CLIENT -> SERVER: (Sem conteúdo)

Debug level 1: CLIENT -> SERVER: 

Debug level 1: CLIENT -> SERVER: --b2=_SzWQvR90n70HCHXljPiTrA1xHvAFrFbcJzbxuxSKOk

Debug level 1: CLIENT -> SERVER: Content-Type: text/html; charset=iso-8859-1

Debug level 1: CLIENT -> SERVER: Content-Transfer-Encoding: 8bit

Debug level 1: CLIENT -> SERVER: 

Debug level 1: CLIENT -> SERVER: <p>(Sem conteúdo)</p>

Debug level 1: CLIENT -> SERVER: 

Debug level 1: CLIENT -> SERVER: 

Debug level 1: CLIENT -> SERVER: --b2=_SzWQvR90n70HCHXljPiTrA1xHvAFrFbcJzbxuxSKOk--

Debug level 1: CLIENT -> SERVER: 

Debug level 1: CLIENT -> SERVER: --b1=_SzWQvR90n70HCHXljPiTrA1xHvAFrFbcJzbxuxSKOk

Debug level 1: CLIENT -> SERVER: Content-Type: application/octet-stream; name="12859  .3 ZENIO JOSE ZANGALLI.odt"

Debug level 1: CLIENT -> SERVER: Content-Transfer-Encoding: base64

Debug level 1: CLIENT -> SERVER: Content-Disposition: attachment; filename="12859  .3 ZENIO JOSE ZANGALLI.odt"

Debug level 1: CLIENT -> SERVER: 

Debug level 1: CLIENT -> SERVER: UEsDBBQAAAgAAK9oQltexjIMJwAAACcAAAAIAAAAbWltZXR5cGVhcHBsaWNhdGlvbi92bmQub2Fz

Debug level 1: CLIENT -> SERVER: aXMub3BlbmRvY3VtZW50LnRleHRQSwMEFAAACAAAr2hCWwAAAAAAAAAAAAAAABoAAABDb25maWd1

Debug level 1: CLIENT -> SERVER: cmF0aW9uczIvc3RhdHVzYmFyL1BLAwQUAAgICACvaEJbAAAAAAAAAAAAAAAAJwAAAENvbmZpZ3Vy

Debug level 1: CLIENT -> SERVER: YXRpb25zMi9hY2NlbGVyYXRvci9jdXJyZW50LnhtbAMAUEsHCAAAAAACAAAAAAAAAFBLAwQUAAAI

Debug level 1: CLIENT -> SERVER: AACvaEJbAAAAAAAAAAAAAAAAGAAAAENvbmZpZ3VyYXRpb25zMi9mbG9hdGVyL1BLAwQUAAAIAACv

Debug level 1: CLIENT -> SERVER: aEJbAAAAAAAAAAAAAAAAGgAAAENvbmZpZ3VyYXRpb25zMi9wb3B1cG1lbnUvUEsDBBQAAAgAAK9o

Debug level 1: CLIENT -> SERVER: QlsAAAAAAAAAAAAAAAAcAAAAQ29uZmlndXJhdGlvbnMyL3Byb2dyZXNzYmFyL1BLAwQUAAAIAACv

Debug level 1: CLIENT -> SERVER: aEJbAAAAAAAAAAAAAAAAGAAAAENvbmZpZ3VyYXRpb25zMi9tZW51YmFyL1BLAwQUAAAIAACvaEJb

Debug level 1: CLIENT -> SERVER: AAAAAAAAAAAAAAAAGAAAAENvbmZpZ3VyYXRpb25zMi90b29sYmFyL1BLAwQUAAAIAACvaEJbAAAA

Debug level 1: CLIENT -> SERVER: AAAAAAAAAAAAHwAAAENvbmZpZ3VyYXRpb25zMi9pbWFnZXMvQml0bWFwcy9QSwMEFAAICAgAr2hC

Debug level 1: CLIENT -> SERVER: WwAAAAAAAAAAAAAAAAsAAABjb250ZW50LnhtbL1Y3W7bNhS+31NwLjBsF7LipAUSLXbQtWmRwfkB

Debug level 1: CLIENT -> SERVER: 7GJD7xiJsojxRyUp2+nV3mFPsKtiD7AnyJvsSXZISYwUW6lcF81FIvF855yP549UTs/WnKElUZpK

Debug level 1: CLIENT -> SERVER: MR6MhgcDREQsEyoW48G7+ZvgeHA2+e5UpimNSZTIuOBEmCCWwsBfBNpCR6V0PCiUiCTWVEcCc6Ij

Debug level 1: CLIENT -> SERVER: E0cyJ6LWiproyPkqV7S5Y73VHbipbcja9FW22JYuvu3v2YGb2onCq77KFgtBbaqnsq/yWrMglRB1

Debug level 1: CLIENT -> SERVER: nmNDH7FYMyr+GA8yY/IoDFer1XB1NJRqEY5OTk5CJ/WEY4/LC8UcKolDwoh1psPRcBTWWE4M7svP

Debug level 1: CLIENT -> SERVER: YpuURMFvieodGmzwRlb1ctG7IpaLjtDEGVa9a8OB2+k9Svqn9yhp6nJsso6cHIeXIHS/LqcPtaB4

Debug level 1: CLIENT -> SERVER: X18W2wpVrGjee5sluqkvpfRUrULZoI7u4cHB87B8b6BXT8JXihqiGvD4SXiMWewjLvm2oAFuFAIi

Debug level 1: CLIENT -> SERVER: IEtbpr7wbSB0h8JhWIo9WCedpn+/nM7ijHD8AKafBwdUaIPFQ2SUTULnTl+EiuRSGR+YtP/AhGwd

Debug level 1: CLIENT -> SERVER: ei9Jir0bQOqhsxBYReeraSG0nRlalWe+0ihhdVl7kpV/ss6JolYRM5u5gGvYJWRT5lFDuyyeSrNx

Debug level 1: CLIENT -> SERVER: eBwOJvVJUVaZDv1CCidGkOKYBAmJmZ6clh3vl1H5bnmMB3OcSY5HAwStXUM4ZXe1ZBA+rf8KM3qr

Debug level 1: CLIENT -> SERVER: 6DYDlWiAWvpWFiyIgN1DteoV1bqnjy90oWAXooXIqYlhZCyxovac6ekeTekiM9s2+gPOpf65BSuX

Debug level 1: CLIENT -> SERVER: viGvr0arzMgetKZFTBOMZlho9E5QuOGQTnJbsH0o3mlD+D4cL2forTQZjTuZecQ34VP1WmcT7u89

Debug level 1: CLIENT -> SERVER: 7BoO1TouDDgyNA6cHT813O8W15uR91WRzLHCC4XzrBbAgr26upeg1JrB/E6wSmoIh3sIUUGOFxuI

Debug level 1: CLIENT -> SERVER: 2rU3G+QwFYkylGjvwKpVVx9L3W2xwbib/nyDvr2peqf2pekvlVEsmQQ3zw7cT63tgLIwcOkDqylm

Debug level 1: CLIENT -> SERVER: mrREdj0wmZLFIguqa7eQgrQS9XiGgje3rulHWB+NctNYq20ojplbdn50hhN7TWjadoJCJEQ5Fi3v

Debug level 1: CLIENT -> SERVER: tbkVsQPhwd4jVgGcdFi05vsDwNKrASXJptBlvZJusV46fgLg3NtbJiPrpwh4SAcFL+8m0QFx8SM8

Debug level 1: CLIENT -> SERVER: z3CZiI3YyuW20G4DVMXjnLrnzUoNO1uwEtzK5M6/WPOTU/d1pcmHAj4hfStvLiK3lFCdM3xXV2vA

Debug level 1: CLIENT -> SERVER: 4HLHxgMoZScui/CCsUIbBf6lsBz3Mjavx85+Vmxj7mvkdfk16MLeHbW8VGlOLJhzk18kRwnF36OX

Debug level 1: CLIENT -> SERVER: HwqK7v9BcFhdF0qiRKJZwYboBk4sLjWCr3R7O8MKwcUTYYs+q/zl3S4aI8/J4LM37HgcHR6/OEFV

Debug level 1: CLIENT -> SERVER: KMLJ8Kh+zrHYNAxDbvL+/OriGv16PTtH719evX05nV7UEQCdyS7szuH2bXcJQ13BmkSE2x0bbCSy

Debug level 1: CLIENT -> SERVER: UxphU0CbfoTta1KgGCcw3ZUsw2ORKYX2ckINIUzA1BnahcCV5CTaSePVzRv0359/7aTzGr6OERC+

Debug level 1: CLIENT -> SERVER: wjp2V3MZ7RQljilDP+Z2z5ooaymlLJM/RaiZ0x0szgkjMDlI28DnHueQnd8ybDTO87OdNL+Q5rk9

Debug level 1: CLIENT -> SERVER: acj9J7lbiureKWzbEK2JrymInKm2XtZXjrXrLbgzy/tP9//CwWyLSBdwTHOiYltSO/XbrFGm4Nvc

Debug level 1: CLIENT -> SERVER: /w0p4wjSX9WA8DWA4AW+8JSjFRNWMKyGO/gKvx4mbJ0BYet4CDv+cTj5H1BLBwhqZg/vLgUAAHkU

Debug level 1: CLIENT -> SERVER: AABQSwMEFAAICAgAr2hCWwAAAAAAAAAAAAAAAAoAAABzdHlsZXMueG1s3Vxfk6O4EX/Pp3B5K3nD

Debug level 1: CLIENT -> SERVER: Bvzf2dmrZHOXpGq3ktzsPl/JINvkMKKEGI/v6+QhT/kU+8XSkhAIEJjxn/Gsb6q2zuqW1P3rVqvV

Debug level 1: CLIENT -> SERVER: CN7/8LwLe0+YJgGJHvrOwO73cOQRP4g2D/2vX36y5v0fPvzuPVmvAw8vfeKlOxwxK2GHECc96Bwl

Debug level 1: CLIENT -> SERVER: S0l86Kc0WhKUBMkyQjucLJm3JDGOVKelzr0UU8kWMVjX7oJZ783wM+vamfOW+qJV95kFs97bp2jf

Debug level 1: CLIENT -> SERVER: tTPnBUz17mvStfNzElprYnlkFyMWVKR4DoPo14f+lrF4ORzu9/vBfjQgdDN0FovFUFBzgb2cL05p

Debug level 1: CLIENT -> SERVER: KLh8b4hDzCdLhs7AGSreHWaoq3ycVxcpSncrTDtDgxiqWTV52nT2iKdNAzTeFtHOviGYy+Yd+d3N

Debug level 1: CLIENT -> SERVER: O/L1vjvEtg02mQ8/A1H88/lT4Qt013UuzluCyqNB3FlNya33J4TkovIOcoEKcV3bHg/lb41738q+

Debug level 1: CLIENT -> SERVER: pwHDVGP3Wtk9FHo54mRnAg34nCFwWPiJu6niplzpxpEnQ4pjQlkuyLp7gAJ03HwWf43yaYAzGYgR

Debug level 1: CLIENT -> SERVER: LN5RzKWPMOQrYci7vOv3skCnBVe3/0FF0jWBKLpGHrZ87IXJh/dyBeTNPfmby/nQ/4K2ZIecfg9c

Debug level 1: CLIENT -> SERVER: XbHsgvCgKP1he/+PKAxWNDANkJH6vVJ/TrM2OMI0AOsl+yBJOs5x4hQUtIhKHHHAPFhCT4gGPO52

Debug level 1: CLIENT -> SERVER: nL73KdhsmUnRP6CYJH8sscmmV5TrYmJJi5wh1qfUC3zUe0RR0vsaBbDh40bhDLxdRDwkDO/OkfHz

Debug level 1: CLIENT -> SERVER: Y++vhG0Dr1GynONV5MnWWuMiPH/2YVNwyNpl1qWk9PEapWGWi6mRM5E2FMUcOcWb/bZiCuGKsgBy

Debug level 1: CLIENT -> SERVER: N56RLJMt8snegvETzKznh749GHkgp4F4qBAZbJcWZBfYSmLkQW5jbQkNfgPRUchZ3Xkr8xMXw6uz

Debug level 1: CLIENT -> SERVER: QjDtOmqN1TBmBksIeuwDtrVktrhGYaLZO0YUCYR0fNZkKQbfYr4oIXzb89+r8fgoFkoZ4TODawQ+

Debug level 1: CLIENT -> SERVER: JnIAFMbb3BVE/xXFCPKzhIEjMEXhmySXeAeL6aEfUoutSs4RRD7m+wrPtXUVlehKcshJwf4kTrj3

Debug level 1: CLIENT -> SERVER: NCuTs3O5NR1la5pgACfithaTeyQkkL0xmkJQABhEYxL8BpI6TsxEW4iiTYo20JQ1eCSNGAUn+fPP

Debug level 1: CLIENT -> SERVER: ufqYQSZg/YppJESXA2pa8jEt2E1RpEbOOmaDKxrOQ3A2iyJ8fayPx1PBED83jJhTEa2OmZMe/9Qv

Debug level 1: CLIENT -> SERVER: 4Cytsi5LL8e/f8y9dohugsgC84HDcmct2laEMZ4McT92M5LBG6F1e4i3OILcl0RWiHwfABcKPfQj

Debug level 1: CLIENT -> SERVER: Aq6zC9gLnTZOI4+lcsA9kCH5AfDAgMe9Wnmj5Qew4iM+CSQ9E6dYiGW/j8EixSo8wTk121eykGu6

Debug level 1: CLIENT -> SERVER: LZ9KeaB5I72ei4u5c0817DyXWwO6d2EVeKouR/EOgb/yw5PyO7fGFKfJtsJyxgIT53A9AoZYdxt5

Debug level 1: CLIENT -> SERVER: TF8RypcC9zPYDsBpQhQn3InPndiiZF+ZHFoqK/tXjGNY1xvMtvwczBfdsYn1CaUvP8IS8hH1+40B

Debug level 1: CLIENT -> SERVER: RhkvREkC4sH6ORpzCIWlHiXKSvsAFpb81bwxnbFCC6WPKPslYCE+qik05NUny4xSxGXUGb5Awy+u

Debug level 1: CLIENT -> SERVER: /cuK+IdTECtF6cHYHTVFamfsmCO1LSO1cAqRhEQiCUHhHh2SY+jWg5s6S5RDnDtXIU6GrzxhsOyB

Debug level 1: CLIENT -> SERVER: 7cyLEPyi8Kbn4OagJuc9PUKJ/t3dxGBM2GziEB00c/d08jnOdLKfNO7mDt/NO6v7mK7YLRYGxOqY

Debug level 1: CLIENT -> SERVER: F3GO6SxTijDYgCN4IADON5R/pwkL1geLx1yYcQ/huJZ2Vx1ebMcidrybLPhfbRsfN/g4uLg7zTCX

Debug level 1: CLIENT -> SERVER: /HwCSHHg1NDiu3I8nSjgyahNnYvN1dw9p2cDdLb2J8iaTrF0iyFDPmTHAFNdtE53yT+Cu8BGf8El

Debug level 1: CLIENT -> SERVER: B6JS9MLYLBdXy7rrifq/rE6LY1WSpzWCIuK2Kl7brY6qe6Ubsxd7nvtCzzMbqMU3zROc7Jt/h7Po

Debug level 1: CLIENT -> SERVER: 8wXtG4jxWu17IWNdzsv/hhF/LsaXmmPefDKOnvNqAVvlkiRlApAQP/GE1zl7BxtMR5Pjmc5Lcxot

Debug level 1: CLIENT -> SERVER: xLvryXgxbT7D5aXcSp5jVx1bT0aMxCLXsF+Sa2jmdtvN7d7a3O755i7qDG/K3M60xdxmYhEDpyea

Debug level 1: CLIENT -> SERVER: e9Ru7tGtzT36fsxtSuA6Z2P1bOsUa47brTm+tTXH51uzMFnNmvbsGtZsTnKOZdDnpSGaWSftZp3c

Debug level 1: CLIENT -> SERVER: 2qyT78asp6A/bUd/emv0p+ejX0BcRf985Gvn2zewoGbtJp3d2qSz78KkpyA/b0d+fmvk52cjfzXU

Debug level 1: CLIENT -> SERVER: 3Rn/e1sLadFuzsWtzbl48+bsjPq/UsLOq45eLG0uSFerio5t/vcGnJ1XKrmz/bOKdNnjOVuvxnNN

Debug level 1: CLIENT -> SERVER: M4V4zcRD51nZTFQ+i7F1CwXiekXWKEfnD+qsEjE3TtcyGcNRgjk2Jdcs45Jx9V7NexUsE3dsxMVA

Debug level 1: CLIENT -> SERVER: OV4FKkgnOfwpduB9YuTzMJrppCyqWiuGVs2ZNqPJqEIo1Clo2bNjOUFEIqy3ZhNUm1WCwZ+09RIS

Debug level 1: CLIENT -> SERVER: Bn5PPzVlXFr+bmD8rk5if5F7SykK8B8/wdhmr896FAGhp/PmD9n5ZjRsnvfLt/+xNCSiCMv/+bgt

Debug level 1: CLIENT -> SERVER: bjFUngRKzp7T03lK89xDmVIDxO0GiHsLQF6vkKcBMuoGyOgigNyq1KXpO+6m7/iy+t4qBGmKT7op

Debug level 1: CLIENT -> SERVER: PrmE4qfIN+0m3/Qs+d5MUUFTfNZN8dklFD9Fvnk3+ebnOc5bOaRqii+6Kb64hOKnyHdctBcL9tIt

Debug level 1: CLIENT -> SERVER: /GI3qlrvS51zHYrfD+oCWcF32QDT8VbOa+yCH2EtfPvvt/8cQSJnOwuIN3MQ186bP+7iLX8zrf3I

Debug level 1: CLIENT -> SERVER: WeX6bjf/kr2ldqir6TP2+8iCNBf4Ga8xxZF3pOxQY+uquxBXvLDEj+TJDoWh5aE46TcAYwgI9kK/

Debug level 1: CLIENT -> SERVER: prfP7siuSOiXMJEEBVoTOcdMMHRG7B+ffqxq3uF9KXHpCEXelsBp/xDjcqXmabN8ViUM+P9DqZwh

Debug level 1: CLIENT -> SERVER: X6OQJQPZot5UsmLCC7AkrhEor9TWakHFy1CyZ7naolEr3WvYCG1UXdgAkaT0K4yigJyxy0tYletG

Debug level 1: CLIENT -> SERVER: Ubqz+PvJCIyag8kvIWZdq3jqJJIE4m0BFPnCZbC6hI5WQBblJf6OrWnYCks2tmhckzAke+xbq4O8

Debug level 1: CLIENT -> SERVER: DsnQqq9Nnr+zoubnbjqbuqZKoaVTSqU1RShwNioN1CY8OyLt3hXSDiRSUyPSOqVSxJSEqyM9ujOk

Debug level 1: CLIENT -> SERVER: 85J4FehqrbxUQ786zOM7g7kopFdxrpXYy1X5qyM9uTOkZ7N5A9IFpYK0JFwd6eldIe0O7JF5O9Qp

Debug level 1: CLIENT -> SERVER: JaQV4epIz+4MaXdu3g51SgVpSbg60vM7Q3piDtMaoYLz5FWC9OLOYJ4tmnAuKBWgJeHqSDv2XUE9

Debug level 1: CLIENT -> SERVER: Gthj836oU0pQK8I5UJdJOv4RYTiBI3q0DjYpFS+C93KClV09WhPCIu0ShG4KJ9NYfjzkCYUp5i/6

Debug level 1: CLIENT -> SERVER: yEbVMdEgEJ8T0PvIt4P4Y34+nvpIE9e3u4Q48psEDMwCquE5IoUEpmka322Sn1wR7xsvFkUdwYRO

Debug level 1: CLIENT -> SERVER: NkiBArdtRgsij4pPu/HkT/u+jBit+KwMv20BYwaepQhyOo4neOkBrFsqDnyOd07fwFSpFgnKPvD5

Debug level 1: CLIENT -> SERVER: l9Bce7BYqNKPIKjXo93FYNqiYzYJQMgsQgPQBWXGJpRRFLDanRVXYVa/s2IgZSvBeCtG+4BMy/da

Debug level 1: CLIENT -> SERVER: Mt03NPDVq+/vPJv/mTgyY7vjme2Y6CuUFNjkr5vX+Wi6OhR8Zh4prF52qo0AwYZ/zi3zvTqTAL6F

Debug level 1: CLIENT -> SERVER: nhUYKxxqcVo79FwSsvjAUsaQ4FghLB2l8mhFfUgEBAWnEPziYrztGHjQWlQbDSzI5xeR5EqQ60O2

Debug level 1: CLIENT -> SERVER: UwhkykMn+dd9lBVt8Z8WHs2+rpTaYsTv+IgfQ11TrbE+ULEq68swI+xQko+Rz5Y18pHKj4QqF0V1

Debug level 1: CLIENT -> SERVER: mbXlq0WDyvBD87c+P/wfUEsHCFSDDo15CwAAK1QAAFBLAwQUAAAIAACvaEJb0xX0EfwDAAD8AwAA

Debug level 1: CLIENT -> SERVER: CAAAAG1ldGEueG1sPD94bWwgdmVyc2lvbj0iMS4wIiBlbmNvZGluZz0iVVRGLTgiPz4KPG9mZmlj

Debug level 1: CLIENT -> SERVER: ZTpkb2N1bWVudC1tZXRhIHhtbG5zOm9mZmljZT0idXJuOm9hc2lzOm5hbWVzOnRjOm9wZW5kb2N1

Debug level 1: CLIENT -> SERVER: bWVudDp4bWxuczpvZmZpY2U6MS4wIiB4bWxuczp4bGluaz0iaHR0cDovL3d3dy53My5vcmcvMTk5

Debug level 1: CLIENT -> SERVER: OS94bGluayIgeG1sbnM6ZGM9Imh0dHA6Ly9wdXJsLm9yZy9kYy9lbGVtZW50cy8xLjEvIiB4bWxu

Debug level 1: CLIENT -> SERVER: czptZXRhPSJ1cm46b2FzaXM6bmFtZXM6dGM6b3BlbmRvY3VtZW50OnhtbG5zOm1ldGE6MS4wIiB4

Debug level 1: CLIENT -> SERVER: bWxuczpvb289Imh0dHA6Ly9vcGVub2ZmaWNlLm9yZy8yMDA0L29mZmljZSIgb2ZmaWNlOnZlcnNp

Debug level 1: CLIENT -> SERVER: b249IjEuMiI+PG9mZmljZTptZXRhPjxtZXRhOmluaXRpYWwtY3JlYXRvcj5lbGlzZXU8L21ldGE6

Debug level 1: CLIENT -> SERVER: aW5pdGlhbC1jcmVhdG9yPjxtZXRhOmVkaXRpbmctY3ljbGVzPjI8L21ldGE6ZWRpdGluZy1jeWNs

Debug level 1: CLIENT -> SERVER: ZXM+PG1ldGE6Y3JlYXRpb24tZGF0ZT4yMDI1LTA5LTI5VDEyOjI1OjAwPC9tZXRhOmNyZWF0aW9u

Debug level 1: CLIENT -> SERVER: LWRhdGU+PGRjOmRhdGU+MjAyNS0xMC0wMlQxMDowNTozMS4yNjwvZGM6ZGF0ZT48bWV0YTplZGl0

Debug level 1: CLIENT -> SERVER: aW5nLWR1cmF0aW9uPlBUMDBIMDBNMDBTPC9tZXRhOmVkaXRpbmctZHVyYXRpb24+PG1ldGE6Z2Vu

Debug level 1: CLIENT -> SERVER: ZXJhdG9yPkJyT2ZmaWNlLm9yZy8zLjEkV2luMzIgT3Blbk9mZmljZS5vcmdfcHJvamVjdC8zMTBt

Debug level 1: CLIENT -> SERVER: MTEkQnVpbGQtOTM5OTwvbWV0YTpnZW5lcmF0b3I+PG1ldGE6ZG9jdW1lbnQtc3RhdGlzdGljIG1l

Debug level 1: CLIENT -> SERVER: dGE6dGFibGUtY291bnQ9IjAiIG1ldGE6aW1hZ2UtY291bnQ9IjAiIG1ldGE6b2JqZWN0LWNvdW50

Debug level 1: CLIENT -> SERVER: PSIwIiBtZXRhOnBhZ2UtY291bnQ9IjEiIG1ldGE6cGFyYWdyYXBoLWNvdW50PSIxMSIgbWV0YTp3

Debug level 1: CLIENT -> SERVER: b3JkLWNvdW50PSI2OSIgbWV0YTpjaGFyYWN0ZXItY291bnQ9IjQyMCIvPjxtZXRhOnRlbXBsYXRl

Debug level 1: CLIENT -> SERVER: IHhsaW5rOnR5cGU9InNpbXBsZSIgeGxpbms6YWN0dWF0ZT0ib25SZXF1ZXN0IiB4bGluazp0aXRs

Debug level 1: CLIENT -> SERVER: ZT0iTm9ybWFsIiB4bGluazpocmVmPSIiLz48L29mZmljZTptZXRhPjwvb2ZmaWNlOmRvY3VtZW50

Debug level 1: CLIENT -> SERVER: LW1ldGE+UEsDBBQACAgIAK9oQlsAAAAAAAAAAAAAAAAYAAAAVGh1bWJuYWlscy90aHVtYm5haWwu

Debug level 1: CLIENT -> SERVER: cG5n7ZdpVBKIFsfNypZR28MSsl7L5LhlKWgW5KSNS1pmZYqIissIiqUBmqi5krkwowkuaFOmqYhL

Debug level 1: CLIENT -> SERVER: bol7LuQuLqApbriGgIpU7q935p0z8/Wd9+2d9+nec//f/vee37036rblLwp7j++VkZFRMDUxuvM9

Debug level 1: CLIENT -> SERVER: lsrIbJPZLfc9k56GDH2vh5saGd71ownTDHz4JkeNVU4/UTVROlJ9YAdI6NgOdnq0S9gSr+o7XDZ7

Debug level 1: CLIENT -> SERVER: 4X3oSKi8bED9pMoeSm6W293Y+PxOK+pu2ZWdBQOTsV8vBsMpTTIvvglt9smMuYdlGyoaKficRP+2

Debug level 1: CLIENT -> SERVER: 3SoM+Oz45LW+k7tey+nv1/0Y8h9IA6Z9Ep9AZhLoF1/wkI7FNO2S4LKgXVFCRKwf20rYzSU56bVz

Debug level 1: CLIENT -> SERVER: 37r6vOrsp4KIlzbZMAGzE1mpWXP7yow5C389AK/QpdH/cubslWRiA7bXRlVcgAjsKkqruEvuwDan

Debug level 1: CLIENT -> SERVER: 2tmzDuxdWSQVv+Ld5opO8IG7RheBbpNdK0xr4Ec7FmDRNcXSfIMeDPQ5tsVn4oi+nlqxLBhsXrIa

Debug level 1: CLIENT -> SERVER: qP4l8G166HlvPLR2oKFBNeq9+YcfjpN/fnaWFtwy7cqs/sbHHA3YXz+ILU+IRb3HRyfa5xmQWhcz

Debug level 1: CLIENT -> SERVER: NdtfbS7PtsEG2BNTf7CGbTTFxkcfExTMkqueoVpujgYgVu7nAyrTNhITAItNX/1vno5JiyBBZx+b

Debug level 1: CLIENT -> SERVER: MdMmiM5wd+TMZJWS1i03PjvrbXGacDLYzBY5jS+ZcSrDJEUbV7MCHD02wWsXy+HeIqXp9GbA1n7a

Debug level 1: CLIENT -> SERVER: 9e5Rpx+tCCQnoGRxDPmxQ1erTBOEmyuiAF9qHEmj+ovWUwclTkqtpfY/cVvEqwLJQ70rcNXRfl/C

Debug level 1: CLIENT -> SERVER: 1Ib4wRtlSIeC682GX1EeGV/0KTl9+p7pa5dxcRWWNjM9vMRkAOFK89ZaCd9+TdNXZR+hN8x7wRBq

Debug level 1: CLIENT -> SERVER: TdjFA0hqOyz8RVvyKkZ9MjDFPzu86GF0FXZVI2GrZzr/FrgiY3D51xlJWFo6okTarlBvHI1sfi4E

Debug level 1: CLIENT -> SERVER: pHdxYRTWbU2mivVFk3MAEJmBU0rfBcgg3x9Z1kk2WPUO7U3Y2fvmK1JOg0Oo4bmYWrKrKyYXD4ub

Debug level 1: CLIENT -> SERVER: I7Ry9JS9x3qfMQVrniv+7J3BT1ad9+2rd51vr2CAkqqYp+AHkPNtAHNWda3PHuyoXRAY3p5VKnS0

Debug level 1: CLIENT -> SERVER: 6My0Nge/rB7w+hxmriTYVx8v/7ZB5ecSjbVunfUz0NjsjaFRJxPyokdhW0o0XI2hTOePtYFyMyGP

Debug level 1: CLIENT -> SERVER: +/8x3K2gTNc4EUfHQcC43LP6d8XdDpiDm8FQcvZ479M/R3peqXuy9rhUM0lee8eb5ieTdVkFYaFm

Debug level 1: CLIENT -> SERVER: C90JiPlZGFWOVRdcb7btoP7uOc0kjxE5YKDax+zll7IprYuCEOMETBiFs6Sdja7RbOk2Yavq1s2l

Debug level 1: CLIENT -> SERVER: bjNF+JgxpSlTi2+ZFYGYsMJpi4f3kt3nCUo+v91fnZj7DPwA1AqisfSy9SLBMgJSc/nIEJ6GrL4h

Debug level 1: CLIENT -> SERVER: vlCIniF8JvrSao/1dnRCiklKaTayMZyxP3T9svW2j0dItJ4WfPUTCA+HxX8aO7M1yZEDJuKF9JMZ

Debug level 1: CLIENT -> SERVER: fbWZAAaQukoxTmQJstQ5vw5mLvUebgVRL5Co8ONIpa92WpEhwOm5d43nGpLuXOvpiftxhxqI7LGu

Debug level 1: CLIENT -> SERVER: DcWoC+GfITuddOvvWSuuLkV0OT03vN1iGZPRQcYqxlkiX5LWtBNl8vhfmyFZZe8wCSIhnibA9Nk+

Debug level 1: CLIENT -> SERVER: TyIiQxW/e9f3afv19fI9nmjZmAnx2tOzanGG1mJoUs4NLd3OGzkjcsds3wmYHYtV7Z1e26OZbkY4

Debug level 1: CLIENT -> SERVER: oqEJBtZFMLRA9LoLaH3auvxjqf55LHrCnWjOWC5OHtUrflKTiXOJ7Gj4yrJpxUuJBp3Y3ro1ebPx

Debug level 1: CLIENT -> SERVER: S7iIulNH/qLRPGYO5HvCuSidRqfcASSs7J4MKS8eNcDJTy/KiqKlL5bWsfVcA4V+nIyf2prtE4sL

Debug level 1: CLIENT -> SERVER: t0t71COxoks7vuksJP8db0Wp2QVcwcHTTZpkfNCeihDVD54Fm+OSwtRbIBXn9FFAwCzvp1l/h+mq

Debug level 1: CLIENT -> SERVER: Th4UtQ2HL12eYJ+DXKDNKjYeqO8K7/o7J+M2Dnkjzf0YpumnHoE1BkujZlNTG/veRkdIabXJNOVD

Debug level 1: CLIENT -> SERVER: v6DiD2Fbf3Tlnq+mCZkWfrr0ym19LkPg111tvYn3NitbOrW0vnSrWFMkai0VrqSncXo5t9pEFAfi

Debug level 1: CLIENT -> SERVER: 0WBIS8HZ+lLTMp7RMg5l8Y2IfYdDmncGXt1zBHqImPV3UM+j5zITpUOxug2Zk/d3TAziNSptuDFt

Debug level 1: CLIENT -> SERVER: mNp+6dini8UI/nEfN/LWRYONq5yyLEE/BHTVKA/66Ds5RdMliggEt2OqaWbJ7iEh1QXLjSmuyk91

Debug level 1: CLIENT -> SERVER: Ve5akkvxShaN2dc2QoPKz8y+20y93v0ygsftoVs9IQjGI44YbcBXeOeSG9yObAo/eUuHy25CgB/s

Debug level 1: CLIENT -> SERVER: CA1uG+Ul9eeIiiMd7p9PNgcX4jgta0ZVylbb19X/bRlPvbpwb5C8ee6Qtf38RakHJqqDc1h1SYTK

Debug level 1: CLIENT -> SERVER: Y3A76TxKw0RkxiNUGMruDWz+4MPaphuVmcZXNCXBJLgl8QzeF3YZouEk4LZkWpxxHkPsZqjB4Q8G

Debug level 1: CLIENT -> SERVER: OK+MRgJflEpFM/fKpmbbmxBGDTerc9c8SgGo8AnPKbnG5NFO/Kaa95GJkRnKIZWoDWjQ4wanvEpP

Debug level 1: CLIENT -> SERVER: fKqFNhz1+sZI4GGwBN0MjRNUicoXn41HTTGDy2HQgblZ6EeVpTVSV18tzREyAdm8+Zfv6/Hnqw+/

Debug level 1: CLIENT -> SERVER: sDnoRaoqnmdK0EVMaCRjlzgWeSiTMFddN9Roq8V3jI6QX2IGYNohRt0LMAnm9XLuds6ZzunCy1sj

Debug level 1: CLIENT -> SERVER: VXpHY8IhCyKoNb//A9yf8FrOT+1f25a98f6bVgTKzlZ1VZmxxp7WwFvETQBhcW+GGw+uF0+fs+NT

Debug level 1: CLIENT -> SERVER: HvBc+kSt5ebxCGrbZA+hd73iahrGF9hwO+v9+mATeUXvBOphPEa2IDTAeo3pQI23OVbLZ04Mv8Gc

Debug level 1: CLIENT -> SERVER: OtfoRbEUoG0hOiH27G1222kO1SqPNAP3pqOX9HrjvQRXMVS08oeNaH5hytAxyZU24jQnxKyAUokh

Debug level 1: CLIENT -> SERVER: oDsDwx3pICpIsKGQvhFYEf4NZJBuzw/S8Y8OtKxTYHtqz7rbg+thFJ9DBfoLLVOxN6xFzu/HPeaK

Debug level 1: CLIENT -> SERVER: ru19gaaeiXbvDWYjtINFUBb7h5NlXl+WuNHS8X1sC4uxRLGAvRSZtUl+O31vZJ4oELp45JQ8Fs7P

Debug level 1: CLIENT -> SERVER: rDZRQXQ6Sp+7RDT4JBmb+V3AAmcJm3PmgsLtLQBpGXVtL90FiHQCNStB9o2PplsVAdE6E8O/3PyI

Debug level 1: CLIENT -> SERVER: tqUT8I2AT1lPVJVz8AKdp1JDMNTQH2IjFex5EiV4gDhUcT0+bUdzwTC5ssoY3kYR8L7EK5Ri/Vie

Debug level 1: CLIENT -> SERVER: PgfD/qgpWn6gB+PcmRpW049baVwgVHSr/14210YpfOC66mPwwPYAg861DKKtRHs/cdcK63KdyQqC

Debug level 1: CLIENT -> SERVER: EwaGye9nXWlcv2x6fmKTbJsP1qvwruh0Rz9XyvfL58/mVbCRGrwvdvs5evJDvmIg1Lo2SjwF3TRx

Debug level 1: CLIENT -> SERVER: mCRPWdZ0HFglriT/dYt9KV7Oty6rjET3N6kxNo5S90tGuaTpgTw7RFOo+X2HGlEWWngvmp738a4g

Debug level 1: CLIENT -> SERVER: nLfTLvWnfgThxIADHcy/MGz76NXNuFse6kUuXRUdot2pRWAv3KCzOYXHDLcrlYiaixBYxvLvFDTd

Debug level 1: CLIENT -> SERVER: QNslNaE7tDFIRKpUD76ScpVm39mlTM03p1idHDSBCFApSIBG5ohram7RWBZ6KlMgwO4YlKuiCT2R

Debug level 1: CLIENT -> SERVER: d2qQ85fFmo4Mi3vNUmlp/4SZfgK7hxnROKjzES799Pzs0dWAQmsl30GQ0yVOKcPF6kT1tQRXQN5F

Debug level 1: CLIENT -> SERVER: A128nT2aAWKhrUawdCnYwn1rvf65IUBp/2NXFrBpcWHdntxWzwn6gYNA2eJynunuI9xP1608IF8R

Debug level 1: CLIENT -> SERVER: NdNcyBRklOagIUMYpNByvwajxz+Ha+fsFcyQcuN0y9NmECdIBvR5qX2HziaDAR4Wljh217n/lxfw

Debug level 1: CLIENT -> SERVER: /6X/eWlrm69kzyvkSZbT97dMxtTY0ij/Z8fQfwJQSwcIVY8CD3ULAAC9DQAAUEsDBBQACAgIAK9o

Debug level 1: CLIENT -> SERVER: QlsAAAAAAAAAAAAAAAAMAAAAc2V0dGluZ3MueG1stVlbc9o6EH4/vyLjd0KgSdswCR0gpYeGBAZI

Debug level 1: CLIENT -> SERVER: M6dvwl5AB1nrkeQA//6sZMikXHIItp5IbGlXe/v2W/nm2zIWZy+gNEd5G1TOL4IzkCFGXE5vg6dR

Debug level 1: CLIENT -> SERVER: u/Q1+Fb/6wYnEx5CLcIwjUGakgZjaIk+o+1S17LXt0GqZA2Z5romWQy6ZsIaJiA322pvV9ecsuzJ

Debug level 1: CLIENT -> SERVER: UnA5vw1mxiS1cnmxWJwvPp2jmpYr19fXZfd2szREOeHTY1Vlq9+qQsRXRXZDdhinrHpxcVnO/g/O

Debug level 1: CLIENT -> SERVER: 1od845pqUN/4YWN+/WatIPspcQOx9c3Z+rE92m1AKmsvHBavXgv27ftzzy9a31DARpgEmzdmldAb

Debug level 1: CLIENT -> SERVER: Lk1Qv7gp70o4XmoXJsaD2Gcemdk+uZ+qV1+q+WT/DXw623voaqXy+etpwoczXAwgovyC1ozJKegt

Debug level 1: CLIENT -> SERVER: BWNEAUwGdaNSOE1HRzYVLjQ8YASHpE+Y0EeLL8UsKXEZwRKiXV/tTy63h8pCrY7zeCfaOqo2ijI3

Debug level 1: CLIENT -> SERVER: qNs8zhHJQ4lX+XJVPTGGVuyBKrmsXl+dKlTzsYDC68RJLbqmndDBofKwtZdPdBONwfhQ6X05TfZv

Debug level 1: CLIENT -> SERVER: xHhEkrbzbIYqHxB12QpT00KRxnK7nIuS3kScF1bPu35ps9Cg2n/2ysWJp+/oIQgIDURtRQ9OOPqe

Debug level 1: CLIENT -> SERVER: h29x5dDrNVTtX0At8fgmmj1IFTPUkj/STRtR1GeKjRhl8zBhoYWy4kPXJ4g0A7CUAbbxswj5vdTY

Debug level 1: CLIENT -> SERVER: TtUlDeIfDiLSj2k8BuXHmi6RrqckYmZf59okYw5HfY8Ts+ozPz13KlFBmyttyAzoUAZK05E+3UX8

Debug level 1: CLIENT -> SERVER: QVHZgmphnCjQljUWjm/OcUMyQMBPHB90XA4zsoi3FYEzxImgv4uPjrOizxJQVs8QTLrdD4uwhGre

Debug level 1: CLIENT -> SERVER: AV1vMiGk8OErZ4elCJ6yeM1M+woN4Tbl0z2strUwDZ8vm1wytQrKRx7ZwaCH864P2ka1TRaKKjDT

Debug level 1: CLIENT -> SERVER: SA1mKeopLVtIzQyFF++QeFB70/2DUczgjcKoGzJqCibnmpxuka7FRJgK1x99JXxDSjROw+G+cCK8

Debug level 1: CLIENT -> SERVER: dZFFA2ARSrGT6MUggmUBawIwQlcHLRA+ok26vi8p3JKJLln0Ts/JoSNJxOpJg7pjhhUvvm0phs+C

Debug level 1: CLIENT -> SERVER: G7IX+JXdr/RkS6D2waetkh8Cx0zcra+GLLHx0Q46+p7i3dCcyX4qQ5P6KsOG4FNJyTs0mPRR8/fU

Debug level 1: CLIENT -> SERVER: nB6dluBJQ7/SmoYMqbYhela0VLXFyjVXH35spUpRmGxSW2C0v0NMVbiDNdmVxBF4Sb5quEadEUHC

Debug level 1: CLIENT -> SERVER: SosDU8WSme7ILtfbg3MRZtzhI5oWS0yq4E6xRW/8r+5JSxU8KHNQNsDFPYAPLrXuXY+7c+PxQXAy

Debug level 1: CLIENT -> SERVER: 2myZSwi1Z80jUCNYmmeKX0+SW6kGfDBhDT0RrS1/ADpi6I1EussbX7OQ7rIxvKKfH09ZzgeOgfgb

Debug level 1: CLIENT -> SERVER: r/cM8Q0zNMQKi3faq0mbREv82ORAYgA0oFjTGsYoy+RoTm2jl1Blo5dCnRBR9yX/hwXWd6olB+MR

Debug level 1: CLIENT -> SERVER: AhdOB42/LSZDEB4a35/9h+b5mMlozyyf59bWBf5nqg2frGzZ6GduZg9Mpkw0FbC5nx6hB2CHgxcY

Debug level 1: CLIENT -> SERVER: YdYKfaIBITMl2YageLxyA2WNsR//LLtzF7QHvl7MCGdLCjSK1J4pT2PweZe0viCZQpOF86nCVB68

Debug level 1: CLIENT -> SERVER: Tiw6zfO1d8tz3JWsn+mZRt1wbpHRS7+XS8rbEH6DQhrd/mdq++A1ubvmLu98PS4f+q5e/w9QSwcI

Debug level 1: CLIENT -> SERVER: yqtRUP0EAACZHwAAUEsDBBQACAgIAK9oQlsAAAAAAAAAAAAAAAAVAAAATUVUQS1JTkYvbWFuaWZl

Debug level 1: CLIENT -> SERVER: c3QueG1stZVLbsMgEED3OYXF3tBmVVlxIrVST5AegOCxg8RPzBAlty+OlMRto6qpzA4seG8YPMNq

Debug level 1: CLIENT -> SERVER: c7SmOkBE7V3LnvkTq8Ap32k3tOxj+16/sM16sbLS6R6QmsugyvscXqctS9E1XqLGxkkL2JBqfADX

Debug level 1: CLIENT -> SERVER: eZUsOGq+rm9G03pR3cC9NlDnhfFU3WTQaVnTKUDLZAhGK0k5TnFwHT+7+FTBCY7Ebrsnp1pOPvfJ

Debug level 1: CLIENT -> SERVER: mDpI2rdMMPFQDPcpb971ekjxHBsuBZKkhDsZy+ClUmAgT30UKsU4njwnt7iriKA3XhIUggcfUsh/

Debug level 1: CLIENT -> SERVER: RiqEj36IgOVuegy9GJy8N8Xg2soBULxqsjJgUceD7O9tBJMbq4cnzdVU8LcYHpSPDUqMtXoXnv30

Debug level 1: CLIENT -> SERVER: v2L+nYt0MoCzYy2QnK3xbPfJ7pzUBgVdhjy4YW74vIkFovxOXlO7Ej+eyfUnUEsHCGWCSNpEAQAA

Debug level 1: CLIENT -> SERVER: YQcAAFBLAQIUABQAAAgAAK9oQltexjIMJwAAACcAAAAIAAAAAAAAAAAAAAAAAAAAAABtaW1ldHlw

Debug level 1: CLIENT -> SERVER: ZVBLAQIUABQAAAgAAK9oQlsAAAAAAAAAAAAAAAAaAAAAAAAAAAAAAAAAAE0AAABDb25maWd1cmF0

Debug level 1: CLIENT -> SERVER: aW9uczIvc3RhdHVzYmFyL1BLAQIUABQACAgIAK9oQlsAAAAAAgAAAAAAAAAnAAAAAAAAAAAAAAAA

Debug level 1: CLIENT -> SERVER: AIUAAABDb25maWd1cmF0aW9uczIvYWNjZWxlcmF0b3IvY3VycmVudC54bWxQSwECFAAUAAAIAACv

Debug level 1: CLIENT -> SERVER: aEJbAAAAAAAAAAAAAAAAGAAAAAAAAAAAAAAAAADcAAAAQ29uZmlndXJhdGlvbnMyL2Zsb2F0ZXIv

Debug level 1: CLIENT -> SERVER: UEsBAhQAFAAACAAAr2hCWwAAAAAAAAAAAAAAABoAAAAAAAAAAAAAAAAAEgEAAENvbmZpZ3VyYXRp

Debug level 1: CLIENT -> SERVER: b25zMi9wb3B1cG1lbnUvUEsBAhQAFAAACAAAr2hCWwAAAAAAAAAAAAAAABwAAAAAAAAAAAAAAAAA

Debug level 1: CLIENT -> SERVER: SgEAAENvbmZpZ3VyYXRpb25zMi9wcm9ncmVzc2Jhci9QSwECFAAUAAAIAACvaEJbAAAAAAAAAAAA

Debug level 1: CLIENT -> SERVER: AAAAGAAAAAAAAAAAAAAAAACEAQAAQ29uZmlndXJhdGlvbnMyL21lbnViYXIvUEsBAhQAFAAACAAA

Debug level 1: CLIENT -> SERVER: r2hCWwAAAAAAAAAAAAAAABgAAAAAAAAAAAAAAAAAugEAAENvbmZpZ3VyYXRpb25zMi90b29sYmFy

Debug level 1: CLIENT -> SERVER: L1BLAQIUABQAAAgAAK9oQlsAAAAAAAAAAAAAAAAfAAAAAAAAAAAAAAAAAPABAABDb25maWd1cmF0

Debug level 1: CLIENT -> SERVER: aW9uczIvaW1hZ2VzL0JpdG1hcHMvUEsBAhQAFAAICAgAr2hCW2pmD+8uBQAAeRQAAAsAAAAAAAAA

Debug level 1: CLIENT -> SERVER: AAAAAAAALQIAAGNvbnRlbnQueG1sUEsBAhQAFAAICAgAr2hCW1SDDo15CwAAK1QAAAoAAAAAAAAA

Debug level 1: CLIENT -> SERVER: AAAAAAAAlAcAAHN0eWxlcy54bWxQSwECFAAUAAAIAACvaEJb0xX0EfwDAAD8AwAACAAAAAAAAAAA

Debug level 1: CLIENT -> SERVER: AAAAAABFEwAAbWV0YS54bWxQSwECFAAUAAgICACvaEJbVY8CD3ULAAC9DQAAGAAAAAAAAAAAAAAA

Debug level 1: CLIENT -> SERVER: AABnFwAAVGh1bWJuYWlscy90aHVtYm5haWwucG5nUEsBAhQAFAAICAgAr2hCW8qrUVD9BAAAmR8A

Debug level 1: CLIENT -> SERVER: AAwAAAAAAAAAAAAAAAAAIiMAAHNldHRpbmdzLnhtbFBLAQIUABQACAgIAK9oQltlgkjaRAEAAGEH

Debug level 1: CLIENT -> SERVER: AAAVAAAAAAAAAAAAAAAAAFkoAABNRVRBLUlORi9tYW5pZmVzdC54bWxQSwUGAAAAAA8ADwDuAwAA

Debug level 1: CLIENT -> SERVER: 4CkAAAAA

Debug level 1: CLIENT -> SERVER: 

Debug level 1: CLIENT -> SERVER: --b1=_SzWQvR90n70HCHXljPiTrA1xHvAFrFbcJzbxuxSKOk--

Debug level 1: CLIENT -> SERVER: 

Debug level 1: CLIENT -> SERVER: .

Debug level 2: SERVER -> CLIENT: 250 2.0.0 Ok: queued as D994B1800320

Debug level 1: CLIENT -> SERVER: QUIT

Debug level 2: SERVER -> CLIENT: 221 2.0.0 Bye

