Debug level 2: SERVER -> CLIENT: 220 smtp-sp217-135.kinghost.net ESMTP

Debug level 1: CLIENT -> SERVER: EHLO localhost

Debug level 2: SERVER -> CLIENT: 250-smtp-sp217-135.kinghost.net
250-PIPELINING
250-SIZE 62914560
250-VRFY
250-ETRN
250-STARTTLS
250-AUTH PLAIN LOGIN
250-AUTH=PLAIN LOGIN
250-ENHANCEDSTATUSCODES
250-8BITMIME
250-DSN
250 CHUNKING

Debug level 1: CLIENT -> SERVER: AUTH LOGIN

Debug level 2: SERVER -> CLIENT: 334 VXNlcm5hbWU6

Debug level 1: CLIENT -> SERVER: [credentials hidden]
Debug level 2: SERVER -> CLIENT: 334 UGFzc3dvcmQ6

Debug level 1: CLIENT -> SERVER: [credentials hidden]
Debug level 2: SERVER -> CLIENT: 235 2.7.0 Authentication successful

Debug level 1: CLIENT -> SERVER: MAIL FROM:<ourodosul@ourodosul.com.br>

Debug level 2: SERVER -> CLIENT: 250 2.1.0 Ok

Debug level 1: CLIENT -> SERVER: RCPT TO:<plinio@construrohr.com.br>

Debug level 2: SERVER -> CLIENT: 250 2.1.5 Ok

Debug level 1: CLIENT -> SERVER: DATA

Debug level 2: SERVER -> CLIENT: 354 End data with <CR><LF>.<CR><LF>

Debug level 1: CLIENT -> SERVER: Date: Tue, 30 Sep 2025 14:29:54 +0200

Debug level 1: CLIENT -> SERVER: To: plinio@construrohr.com.br

Debug level 1: CLIENT -> SERVER: From: ourodosul@ourodosul.com.br

Debug level 1: CLIENT -> SERVER: Subject: =?iso-8859-1?Q?Distribui=C3=A7=C3=A3o_de_Sobras?=

Debug level 1: CLIENT -> SERVER: Message-ID: <NvUAnxZWuiKmpVeoJqUINbl9ThV4orDJlhSGtTsCCU@localhost>

Debug level 1: CLIENT -> SERVER: X-Mailer: PHPMailer 6.10.0 (https://github.com/PHPMailer/PHPMailer)

Debug level 1: CLIENT -> SERVER: MIME-Version: 1.0

Debug level 1: CLIENT -> SERVER: Content-Type: multipart/mixed;

Debug level 1: CLIENT -> SERVER:  boundary="b1=_NvUAnxZWuiKmpVeoJqUINbl9ThV4orDJlhSGtTsCCU"

Debug level 1: CLIENT -> SERVER: Content-Transfer-Encoding: 8bit

Debug level 1: CLIENT -> SERVER: 

Debug level 1: CLIENT -> SERVER: --b1=_NvUAnxZWuiKmpVeoJqUINbl9ThV4orDJlhSGtTsCCU

Debug level 1: CLIENT -> SERVER: Content-Type: multipart/alternative;

Debug level 1: CLIENT -> SERVER:  boundary="b2=_NvUAnxZWuiKmpVeoJqUINbl9ThV4orDJlhSGtTsCCU"

Debug level 1: CLIENT -> SERVER: 

Debug level 1: CLIENT -> SERVER: --b2=_NvUAnxZWuiKmpVeoJqUINbl9ThV4orDJlhSGtTsCCU

Debug level 1: CLIENT -> SERVER: Content-Type: text/plain; charset=iso-8859-1

Debug level 1: CLIENT -> SERVER: Content-Transfer-Encoding: 8bit

Debug level 1: CLIENT -> SERVER: 

Debug level 1: CLIENT -> SERVER: (Sem conteúdo)

Debug level 1: CLIENT -> SERVER: 

Debug level 1: CLIENT -> SERVER: --b2=_NvUAnxZWuiKmpVeoJqUINbl9ThV4orDJlhSGtTsCCU

Debug level 1: CLIENT -> SERVER: Content-Type: text/html; charset=iso-8859-1

Debug level 1: CLIENT -> SERVER: Content-Transfer-Encoding: 8bit

Debug level 1: CLIENT -> SERVER: 

Debug level 1: CLIENT -> SERVER: <p>(Sem conteúdo)</p>

Debug level 1: CLIENT -> SERVER: 

Debug level 1: CLIENT -> SERVER: 

Debug level 1: CLIENT -> SERVER: --b2=_NvUAnxZWuiKmpVeoJqUINbl9ThV4orDJlhSGtTsCCU--

Debug level 1: CLIENT -> SERVER: 

Debug level 1: CLIENT -> SERVER: --b1=_NvUAnxZWuiKmpVeoJqUINbl9ThV4orDJlhSGtTsCCU

Debug level 1: CLIENT -> SERVER: Content-Type: application/octet-stream; name="6102  .6 JOSE PLINIO ROHR.odt"

Debug level 1: CLIENT -> SERVER: Content-Transfer-Encoding: base64

Debug level 1: CLIENT -> SERVER: Content-Disposition: attachment; filename="6102  .6 JOSE PLINIO ROHR.odt"

Debug level 1: CLIENT -> SERVER: 

Debug level 1: CLIENT -> SERVER: UEsDBBQAAAgAALZjPltexjIMJwAAACcAAAAIAAAAbWltZXR5cGVhcHBsaWNhdGlvbi92bmQub2Fz

Debug level 1: CLIENT -> SERVER: aXMub3BlbmRvY3VtZW50LnRleHRQSwMEFAAACAAAtmM+WwAAAAAAAAAAAAAAABoAAABDb25maWd1

Debug level 1: CLIENT -> SERVER: cmF0aW9uczIvc3RhdHVzYmFyL1BLAwQUAAgICAC2Yz5bAAAAAAAAAAAAAAAAJwAAAENvbmZpZ3Vy

Debug level 1: CLIENT -> SERVER: YXRpb25zMi9hY2NlbGVyYXRvci9jdXJyZW50LnhtbAMAUEsHCAAAAAACAAAAAAAAAFBLAwQUAAAI

Debug level 1: CLIENT -> SERVER: AAC2Yz5bAAAAAAAAAAAAAAAAGAAAAENvbmZpZ3VyYXRpb25zMi9mbG9hdGVyL1BLAwQUAAAIAAC2

Debug level 1: CLIENT -> SERVER: Yz5bAAAAAAAAAAAAAAAAGgAAAENvbmZpZ3VyYXRpb25zMi9wb3B1cG1lbnUvUEsDBBQAAAgAALZj

Debug level 1: CLIENT -> SERVER: PlsAAAAAAAAAAAAAAAAcAAAAQ29uZmlndXJhdGlvbnMyL3Byb2dyZXNzYmFyL1BLAwQUAAAIAAC2

Debug level 1: CLIENT -> SERVER: Yz5bAAAAAAAAAAAAAAAAGAAAAENvbmZpZ3VyYXRpb25zMi9tZW51YmFyL1BLAwQUAAAIAAC2Yz5b

Debug level 1: CLIENT -> SERVER: AAAAAAAAAAAAAAAAGAAAAENvbmZpZ3VyYXRpb25zMi90b29sYmFyL1BLAwQUAAAIAAC2Yz5bAAAA

Debug level 1: CLIENT -> SERVER: AAAAAAAAAAAAHwAAAENvbmZpZ3VyYXRpb25zMi9pbWFnZXMvQml0bWFwcy9QSwMEFAAICAgAtmM+

Debug level 1: CLIENT -> SERVER: WwAAAAAAAAAAAAAAABsAAABPYmplY3RSZXBsYWNlbWVudHMvT2JqZWN0IDHFUrtKA0EUPbNRYxRh

Debug level 1: CLIENT -> SERVER: exXWpJKIJFECaWxCQiJrNiRir12CFuYLVIJvCxG1svUbtFMQX6WNHyC2YmNjM56ZnU3WtBYOnLmP

Debug level 1: CLIENT -> SERVER: uefM3bm7lHcXFosCafhLYBThJXoxngA+6DkMzpiyaGM4MJ6Ue/QmOkIjWmQtJ2WvEE5p+swtAd3B

Debug level 1: CLIENT -> SERVER: lqFbmm7p7Mk9sPFoaBhLqDwOTdim7Q+6/RV0RTfp2fQ+v6V8uwOuksDkc1djnzZHG8EM9yjyy6uN

Debug level 1: CLIENT -> SERVER: lVbDaAoY1UBZRjrPY9xdc5XAjqmVXNgOfeJx6ECch4N1UlMM5qj1+gAysulURlnFvSZabGGK+u+W

Debug level 1: CLIENT -> SERVER: PuWwUshA8eI8bQ74PAvT2eDJmkRC6BzrVWVbzSvmV9qY9+oFp+qWK2XPqXmlmsrZ+gGBI/KKFJGE

Debug level 1: CLIENT -> SERVER: x57ibOOWSLLjWd51QVxGgS/iaRB4oerNEMc0rJXhoY4CX70KF2VUCI9RjXuJ+x9G/T/U8H8a5H4A

Debug level 1: CLIENT -> SERVER: UEsHCOAIprljAQAANgMAAFBLAwQUAAgICAC2Yz5bAAAAAAAAAAAAAAAACwAAAGNvbnRlbnQueG1s

Debug level 1: CLIENT -> SERVER: vVjNbuM2EL73KVgXKNqDrDhJgViNHWx3k0UB5wdNFu2VoUYWW1HUklRs59R36BP0VPQ58iZ9kg4p

Debug level 1: CLIENT -> SERVER: mZFqKyvXwV4cafh9nI8zQ3KU07OlyMgDKM1lPhmMhgcDAjmTMc/nk8GHu4vgZHA2/eJUJglnEMWS

Debug level 1: CLIENT -> SERVER: lQJyEzCZG/xLkJ3rqBqdDEqVR5JqrqOcCtCRYZEsIF+zoiY6cr4qizarrDfdgZtsA0vTl2yxLS69

Debug level 1: CLIENT -> SERVER: 7+/ZgZvsWNFFX7LFYlCb9ET2JS91FiQSoy4Kavh/VCwznv82GaTGFFEYLhaL4eJoKNU8HI3H49CN

Debug level 1: CLIENT -> SERVER: esHM44pSZQ4VsxAysM50OBqOwjVWgKF99VlsU1JeintQvUNDDd3Iqn6Y966Ih3lHaFhKVe/acOB2

Debug level 1: CLIENT -> SERVER: eo/i/uk9iptcQU3akZOT8BIH3c/l7LkWlOjry2JboWKKF72XWaGbfCmll2oJ1QZ1cg8PDo7D6r2B

Debug level 1: CLIENT -> SERVER: XrwIXyhuQDXg7EU4oxnzEZdiW9AQNwoREcCDLVNf+DYQuoNwGFbDHqzjzql/uZzdshQEfQbzT4MD

Debug level 1: CLIENT -> SERVER: nmtD8+fIKJuEzpV+FyoopDI+MEn/AxOzdei9xAn1bhCph26GwBKdr+YMod2ZoaV85SuNQ7Yuay+y

Debug level 1: CLIENT -> SERVER: 9g/LAhS3RJrZzAVC4yoxm7KIGuyqeGpm4/I4HEzXN0VVZTr0hgRvjCChDIIYWKanp9WO92ZSvVsd

Debug level 1: CLIENT -> SERVER: k8EdTaXNBu7sNULwbOUHwpfpb2nG7xXfwn8eadLtWDCHHNeOtarQQ95CFNww3M0PVHF7BfR0T2Z8

Debug level 1: CLIENT -> SERVER: npotIr6mhdTft1CV6TPKGr2aLr3gWu+j62KLlJc9rrQBsY/LWcl4TMktzTX5kHPsd6AzHluwfaKy

Debug level 1: CLIENT -> SERVER: t8bLW/JempSzTmUe8Wp6wq7NWttpabAKDWeBm8fvYvfbUn8z8r5qzQVVdK5oka4H0GBbSfcSVKxb

Debug level 1: CLIENT -> SERVER: PE9jquI1RGBfACoo6HwDsXbtpw0KPKVAGQ7aO7C0uhWx0t0SG4q75SdqQ79z4rLRpf56du5l1ehN

Debug level 1: CLIENT -> SERVER: UalU/FHaAzbApE0GDHJ3W26MKshaQbMNZCTRmX0IqC6A4XUz2lxT2JmseuBexiv/Yjvi6anrizV8

Debug level 1: CLIENT -> SERVER: LLH590nfNBJnirkuMroKZGmwuYQgw2sZteKV4IarYPyYZaU2Cv3L3Grca7K7dYHuNws+7j3Ju6qP

Debug level 1: CLIENT -> SERVER: d2HvjlpRUZrVgTti+oMUJOb0S/LmY8nJ098ED5brUkkSS3JbZkNyg6eLkJrg95W9V6ki2DIQatFn

Debug level 1: CLIENT -> SERVER: tb+i20Vjc7hqSRSaq8JpwlxxO2tdt/e/gpGjepnY0WAVBmZVQHvT4iG04LFta0+G45MxE5UtBXtR

Debug level 1: CLIENT -> SERVER: YJiGx+Nja3QzP2LfEMPSRq8WI9ELwy9G+z0SpQqw/RmG15URfVf2yqvmoshgbdOpbTgBt3G8NlFm

Debug level 1: CLIENT -> SERVER: SmoQKfOZpLFNhvPBBW75rS5+Akwtqz9zXs9r+Bzn6Tl2gzZ36EJhHiQBYfNoqJHExpFQpGf8EZOq

Debug level 1: CLIENT -> SERVER: oSSMxni6KVkl3SITrkQ1qLEwYpzqjOyS9CspINqJ8fbmgvzz+x87cd7h1xpBwVdUM9cqymgX+rmg

Debug level 1: CLIENT -> SERVER: PCPfFHbNGpSdKeFZKr9F5Y6GX9l+b/Wa8Q4/X/HCgvYEn3q8w+z8nFKj3xTF2U7M/ynzHPeDgqe/

Debug level 1: CLIENT -> SERVER: 5G4pupKtaiGgzdOfaBIEs1CnIvepIEAkwSsP7JmCRQVZmVE13MFh+HkxYesaCls3VNjxX6fpv1BL

Debug level 1: CLIENT -> SERVER: Bwg+j1+p5AQAALYSAABQSwMEFAAICAgAtmM+WwAAAAAAAAAAAAAAAAoAAABzdHlsZXMueG1s3VzN

Debug level 1: CLIENT -> SERVER: ktu4Eb7nKVRyJTdKJPWveLyVOOskVXYl2bHPWxAJSYwpggWCo9G+Tg455Sn8YmkABAmSIEX9WZ7Z

Debug level 1: CLIENT -> SERVER: qXKt0A2g8fUPmg2Qb3963oW9J0yTgEQPfWdg93s48ogfRJuH/pfPH6x5/6d3v3tL1uvAw0ufeOkO

Debug level 1: CLIENT -> SERVER: R8xK2CHESQ86R8lSEh/6KY2WBCVBsozQDidL5i1JjCPVaalzL8VUskUM1rW7YNZ7M/zMunbmvKW+

Debug level 1: CLIENT -> SERVER: aNV9ZsGs9/Yp2nftzHkBU737mnTt/JyE1ppYHtnFiAUVKZ7DIPr60N8yFi+Hw/1+P9iPBoRuhs5i

Debug level 1: CLIENT -> SERVER: sRgKai6wl/PFKQ0Fl+8NcYj5ZMnQGThDxbvDDHWVj/PqIkXpboVpZ2gQQzWtJk+bzhbxtGmAxtsi

Debug level 1: CLIENT -> SERVER: 2tk2BHNZvSO/u3pHvt53h9i2QSfz4Scgin8+fSxsge66zsV5S1B5NIg7L1Ny6/0JIbmovIN0UCGu

Debug level 1: CLIENT -> SERVER: a9vjofytce9b2fc0YJhq7F4ru4dCL0ec7EygAZ8zBA4LP3EzVdyUL7px5MmQ4phQlguy7h6gAB03

Debug level 1: CLIENT -> SERVER: n8Vfo3wa4EwGYgSLdxRz6SMMuScMeZc3/V4W6LTg6vbfqUi6JhBF18jDlo+9MHn3VnpA3tyTv7mc

Debug level 1: CLIENT -> SERVER: D/3PaEt2qN8DS1ccuyA85IRhe/f3KAxWNDD0Lyh6d06zNjjCNADdUZghKnHEAfPAup8QDXhI7Dh9

Debug level 1: CLIENT -> SERVER: 72Ow2TKDEH9AMUn+WOKSTd9RLOdqciX7IEkukeuDQZT2GQ8Jw7tLpvyYeoGPeo8oSnpfogC2f9yI

Debug level 1: CLIENT -> SERVER: h4G3CyoXy/jpsfdXwraB1yhZznE1eYZNzpq1yyxIye3jNUrDLDdSI2cSbiiKueyKN/ttxRTCB2UB

Debug level 1: CLIENT -> SERVER: 5FI8Q1gmW+STvQXjJ5hZzw99ezDyQE4D8VAhMti+LNjtsZXEyINcw9oSGvwGoqOQs7rzVuYnLoZX

Debug level 1: CLIENT -> SERVER: Z4Xg1nXUGqthzAyWENaxD9jWktnbGoWJZgExokggpOOzJksx+BZzT4Rwas9/r8bjo1goZYTPDMYS

Debug level 1: CLIENT -> SERVER: +JjIAVAYb5FiE/1XFCPIlxIGhsAUhW9aXOIdmPNDP6QWW5WMI4h8zOM8z331JSrRleSQI4L+SZxw

Debug level 1: CLIENT -> SERVER: 62leTM7O5dbWKFvTBAM4Ede1mNwjIYFsitEU3BJgEI1J8BtI6jgxE20hijYp2kBT1uCRNGIUjOTP

Debug level 1: CLIENT -> SERVER: v+TLxwx2ZusrppEQXQ6orZKPacHuhiI1ctYxG1zRcB54s1kU4ctjfTyemoX4uWHEnIpodcyc9Pin

Debug level 1: CLIENT -> SERVER: fgFnycu6uF6Of/+Yee0Q3QSRBeoDg+XGWrStCGM8OeF27GYkgzVC6/YQb3EEuSiJrBD5PgAuFvTQ

Debug level 1: CLIENT -> SERVER: jwiYzi5gJxptnEYeS+WAeyBDMgLggQKPW7WyRssPwOMjPgkkIROncMSy3cegkcILzzBOTfeV1OOW

Debug level 1: CLIENT -> SERVER: ZsunUhZo3spuZ+Ji7txSP9zI/HXDwirmVK2N4h0CU+XPMcrk3BpTnCbbCssFviUeifXgF2LdYuQT

Debug level 1: CLIENT -> SERVER: 84pQ7gXcxGAnAHsJUZxw+710YouSfWVyaKk49VeMY3DpDWZb/kjK/e3YxPqE0owfwXt8RP1+Y2xR

Debug level 1: CLIENT -> SERVER: ygtRkoB44DpHww2h4OVRorS0D8Cn5K/mPekC5ywWfWSxnwMW4qMrhYa8EGSZUYq4jDrDZ2j41bV/

Debug level 1: CLIENT -> SERVER: XRH/cA5ipQA9GLujpiDtjB1zkLZlkBZGIfKPSOQfKNyjQ3IM3Xpcyx8eyuHNnavwJkNXnixY9sB2

Debug level 1: CLIENT -> SERVER: 5kX4PSm06RmwOaDJec+KTqJrdxMxKBL2mDhEB03VPZ18iSGdbSONm7jDN/HOy/0I2+c562ix95AP

Debug level 1: CLIENT -> SERVER: 2dHcCi0Vz/vdBH+PYh71r6gDkJSiEx1Vot2iiJ6oy8qqoUivk3yPExThxKqoaDe7aSXJcDMvlG28

Debug level 1: CLIENT -> SERVER: ByRZ8NzS4kGyj04UkGRUQ2ejflqSAPP4OT2bobOC/w6PJM9XVG8gxmtV75V0dTUb/xtG/LSC+5lj

Debug level 1: CLIENT -> SERVER: jkUZR8/5bpuaSitIygQeIX7iuY9z+aY3HU2Ob3qnbm8i7xaZwht3PRkvps2ZvKriVTY8u2rW+q5U

Debug level 1: CLIENT -> SERVER: JZ6wK9mn7EqaJbjtluDe2xLcyy2heBD9kSzBmbZYQo14wtPT9ExLGLVbwujeljB6OZZQ0fS4TdNV

Debug level 1: CLIENT -> SERVER: 4gmaHp+p6XG7psf31vT4ck0X6qxp2p7dQtPNSdNJedEHQ9+zcx5N5ZN2lU/urfLJy1F5i+7O0cy0

Debug level 1: CLIENT -> SERVER: XTPTe2tmerlmCvirmrlcK5MF/3s5jjhrV/fs3uqevQx1X9kJ5+1amd9bK/OLtXIzjbgz/vdyHHDR

Debug level 1: CLIENT -> SERVER: rurFvVW9+PFVfQ3ne0xX7B7lc2+LYn7r6hii8swxDDZgqx4IgPNjp3+nCQvWB4ufzMCMe0L92rn8

Debug level 1: CLIENT -> SERVER: KRuW9oxgKIRDOHWnmepOKc/Vnjkucb76Y8cVffNfKWGXmcHVHgIL0s3UP7b53zXC5YWw81I995F/

Debug level 1: CLIENT -> SERVER: VpEux0XO1qvx3FJNIV4zcfw+K6uJyqMpW9dQIC6aZI1ydH5uaZWIuXK6VooZjhLMsSmZZhmXjKv3

Debug level 1: CLIENT -> SERVER: 3axXwTJxx0ZcDJTjldCCdJbBn6MH3idGPt9sszUpjarWiqJVc7aa0WRUIRTLKWjZUbqcICIR1luz

Debug level 1: CLIENT -> SERVER: CarNKn3l5469hISB39Of8zMu7anSwPh9awcXhoC/yAykFAX4jw8wttnqsx5FQOjpvPmdA56yDJvn

Debug level 1: CLIENT -> SERVER: /fztfywNiTiI4P+83xaXOiqHo5Kz5/R0ntI8r7xUr2HldsPKvQNWP0YxW8Nq1A2r0VWw+hHLvRoW

Debug level 1: CLIENT -> SERVER: 425YjK+LxdlB7YaPgRook26gTG7hTGc9MGmyT7vJPr1I9hdRWNNAmXUDZXYVUK6s0Hk32eeXGeNL

Debug level 1: CLIENT -> SERVER: KNRooCy6gbK4CihXVuhxsU8W+sTk5WoX6+5ybY5Xh7qgWfBdN9Z1rMnce5N/D+717b/f/nMEpZzt

Debug level 1: CLIENT -> SERVER: IpB+mMqF9oD+8y7e8pcM25/Rq1z3y20uXHlJ33J1qKvqM/YfJMm7ngn8gteY4sg7UqepsXVduxBX

Debug level 1: CLIENT -> SERVER: vOvGaxjJDoWh5aE46TcAYwgW9kIv4O6zO9YrEvolTCRBgdZEzjETDJ0R+8fHn6sr7/CqnbioiCJv

Debug level 1: CLIENT -> SERVER: S6jFDjEul7aeNstnVfOB/z+U6j/yDRxZY5Et6iU3Kyb8XIPENQLlByC14lnxHp3sWS5PadRK9xo2

Debug level 1: CLIENT -> SERVER: YjXquMUAkaT0K4ziXCZjlxc3K3cUo3Rn8VfNESg1B5NfW866VvHUSSQJxNsmKPKFyWD1EgNaAVnU

Debug level 1: CLIENT -> SERVER: 4/jr0qZhKyzZ2KJxTcKQ7LFvrQ7yAjVDq742ef66k5qfm+ls6ppKq5ZOKdUiFaHA2bhooDbh2RFp

Debug level 1: CLIENT -> SERVER: 91Uh7UACNjUirVMqVV9JuDnSo1eGdH6GUAW6erhQOnS4OczjVwZzcfJQxbl2JlE+xrg50pNXhvRs

Debug level 1: CLIENT -> SERVER: Nm9AuqBUkJaEmyM9fVVIuwN7ZN4OdUoJaUW4OdKzV4a0OzdvhzqlgrQk3Bzp+StDemIO0xqhgvPk

Debug level 1: CLIENT -> SERVER: uwTpxSuDebZowrmgVICWhJsj7divCurRwB6b90OdUoJaES6BukzS8Y8Iwwk8okfrYJNS8SGBXk6w

Debug level 1: CLIENT -> SERVER: sitoa0JYpN0a0VXhZCuW3515QmGK+cuBslF1TDQIxJco9D7yjUJ+L4KPp763xdfbXUIc+U0CBmYB

Debug level 1: CLIENT -> SERVER: 1fAckUIC0zSN70PKr/WI99UXi6KOYEInG6RAges2owWRR8VX+njyp32aSIxWfJGIX0+BMQPPUgQ5

Debug level 1: CLIENT -> SERVER: HccTrPQA2i0VBz7FO6dvYKpUiwRlH/j8o3auPVgsVOlHENTr9e5iMG1ZYzYJQMgsQgNYC8qUTSij

Debug level 1: CLIENT -> SERVER: KGC1Sz6uwqx+ycdAyjzBeI1I+/ZQy6d+srVvaOCrTye88Wz+Z+LIlO2OZ7Zjoq9QUmCTf66gzkfT

Debug level 1: CLIENT -> SERVER: 1aHgM/NIYfWyU20ECDb8y3yZ7dWZBPAt9KzAWOFQzmnt0HNJyOJrXRlDgmOFsDSUypGM+gYNCApG

Debug level 1: CLIENT -> SERVER: IfjF+y22Y+BBa1FtNLAgn9/ckp4g/UO2UwhkykIn+YehlBZt8Z8WHs22rha1xYhfihI/hvpKtcb6

Debug level 1: CLIENT -> SERVER: QIVX1t0wI+xQko+Rz5Y18pHKx0WVC8G6zJr7atGgMvzQ/NnWd/8HUEsHCJ1wzVeFCwAA9lUAAFBL

Debug level 1: CLIENT -> SERVER: AwQUAAgICAC2Yz5bAAAAAAAAAAAAAAAAFAAAAE9iamVjdCAxL2NvbnRlbnQueG1sxVjfb9s2EH7f

Debug level 1: CLIENT -> SERVER: X2FowN5oWXbiJV7solg3tEXSFE0DbE8DTZ1sopQokFRs//c7Uj9MO5YrO2v2kkDk9919vDseSd+8

Debug level 1: CLIENT -> SERVER: Waei9wRKc5lNg6g/CHqQMRnzbDENHr/+Sa6CN7OfbmSScAaTWLIihcwQJjOD/3vIzvSknJ0Ghcom

Debug level 1: CLIENT -> SERVER: kmquJxlNQU8Mm8gcspo18dET56sc0WYjOtMd2GcbWJuuZIvd4dJ5d88O7LNjRVddyRaLQfXpiexK

Debug level 1: CLIENT -> SERVER: XmtBEolRT3Nq+J6KteDZt2mwNCafhOFqteqvRn2pFmF0fX0dutlGMGtweaGEQ8UsBAHWmQ6jfhTW

Debug level 1: CLIENT -> SERVER: 2BQM7arPYn1JWZHOQXUODTX0WVZzBRohuFxbmN0M+Zyd+npadK6up0VLmNmSqs515sC7pTKKu5fK

Debug level 1: CLIENT -> SERVER: KPa5KTXLlvxehXc46f7c3W7rSqVdfVnsTqiY4nnnZZZony+lbKRaQrnZndzhYHARlt8eenUUvlLc

Debug level 1: CLIENT -> SERVER: gPLg7CicUcGaiMv0UNAQF4WIIPBkS77ZRDYQuoUwDMvpBqzjVtN/3d0+sCWkdAvm3wcTnmlDs21k

Debug level 1: CLIENT -> SERVER: lE1C60ovQwW5VKYJTNK9+WK2ho2XOKGNG0TqvrNALNH58i2EdpeHlvJzU2kcRF3WjcjKP6xzUNwS

Debug level 1: CLIENT -> SERVER: qbCZI6nGVWI2ZT7x2GXxVEzvIBoGs/rUKatMh81AgqcPSSgDEgMTenZTdo9muFd+Wx3T4Hcq+Fzx

Debug level 1: CLIENT -> SERVER: oIdbu4akXGz8GZ9u58gCMhSPxaZXXOsgPO7ireJURAc8uIkO9n1Ezg3D7f5EkYst6Hu+bzl2Wtfx

Debug level 1: CLIENT -> SERVER: eg800wdE/EJzqX/bw5WDP1ZavfozorLRBtIXhaVgPKZuqb3HjOONBtpD8xzbJTwv1njHmZJaJqb3

Debug level 1: CLIENT -> SERVER: N30Phyq0lLGHexVtX+lS2h72TFIz8VLvYdtmrsZpYdCR4Yw4O80ud393tDIZNc4qle6qhge5KNIs

Debug level 1: CLIENT -> SERVER: qJn+IMmxD4EyHHQvkZO5AvqNzAHbPBq0rmuLFXzFY3sIR/1xdM1Sp9+Tc0zb8LW0DfpX0dVp2kav

Debug level 1: CLIENT -> SERVER: pW3cv7y6PE3bxWtpG/aH419P0aba6k3J1Z4wHPFVlVN2cAl8sTQ2aReXQ3R+XHChAc9kw1MqiM9O

Debug level 1: CLIENT -> SERVER: qNBwivCWYjxP+PX4bOFGFSfoNvRwwOvBFJ8PoEhOF0BKxjtIaCHM3qK8BZVvuZjrXNBNpaeyZu+c

Debug level 1: CLIENT -> SERVER: +FIjKZ4D00AoYuanSP0Hn5gKksOCu+ppSWzY2huribmMN9t7E76HaKyXAGZ2UzqwF+RCuGsA0WDs

Debug level 1: CLIENT -> SERVER: OmvfjGKu8PmkcfVPUEuoJrcOE57FRNA5CL2HsblWsEDziuDlD99i9i7XoGoJ9kJf3kPK75SueVqk

Debug level 1: CLIENT -> SERVER: JOZJAgoy+0PCoD/A67Fbf7vu2qD7WxmrDq/Hz28/vftQC3MxIttS2iFWveMA1B0rVV7KciIMhCA+

Debug level 1: CLIENT -> SERVER: pq6zsLPN4Q+wOTrXJm7JAwbVduHlQ97iNOY2B2oA7/tRNNoPIjrcpZRyfdbIy2fjvpue4SF39ZuB

Debug level 1: CLIENT -> SERVER: igKI2eS2ZoWkJtiZwbMnGji+/eknn9kvVFF+7MqxVrv50UZhBW6N9sf/ucmP9w9/9D7ffvj04b73

Debug level 1: CLIENT -> SERVER: 5f79l6MOzo3q0SyPLy+GzzbL/5Dn89z5I9vGudMSw52mGbb8xjn7F1BLBwgEGcPmpQQAACQVAABQ

Debug level 1: CLIENT -> SERVER: SwMEFAAICAgAtmM+WwAAAAAAAAAAAAAAABMAAABPYmplY3QgMS9zdHlsZXMueG1s5Vzrbts4Fv6/

Debug level 1: CLIENT -> SERVER: TyGog0ELrKKLnUb2JA7m1pkFpkGR6WCxvwaMRMlEJVGgqDiZt9ln2RdbkrqYupqW7STNuEBbkYeH

Debug level 1: CLIENT -> SERVER: 37nyiKJ0ef0QR9o9JBnCyZVun1m6BhMP+ygJr/Q/Pn8wXP169Y9LHATIg0sfe3kME2pk9DGCmcYG

Debug level 1: CLIENT -> SERVER: J9my6LzSc5IsMchQtkxADLMl9ZY4hUk1aClTL8VURYtgpjpcEMujKXygqoM5bWMsuFOfWRDLo30C

Debug level 1: CLIENT -> SERVER: NqqDOS3TqTw8wKqDH7LICLDh4TgFFLVQPEQo+XKlrylNl6a52WzONrMzTELTXiwWpuitAXs1XZqT

Debug level 1: CLIENT -> SERVER: SFD5ngkjyCfLTPvMNivaGFKgio/TypCSPL6DRFk1gIKOVVMCM0bCxOV+qcZIHtPwr/tQ2bvuwwE1

Debug level 1: CLIENT -> SERVER: e2tAlP1MEDddZearu8rMl8fGgK4H7OuaH1mn+Ovjb1u/IrHqXJy2oSqPoFRZzIJaHo8xrqHyAUWw

Debug level 1: CLIENT -> SERVER: C7iOZc3N4lqi3oySbwiikEjk3ii5ByKv1jiO+5TG6GyTURjwnrt8RU240IOcz00CU0xoDSRQT3ZM

Debug level 1: CLIENT -> SERVER: O049ix+AehpGmZ0JDgYfKOaSOZg8qkw+5I2ulUlTStSOvqqycoBZRg6ABw0felG2uiyiqW7WimuO

Debug level 1: CLIENT -> SERVER: 80r/EUTojiBdY65ekcQoepR75OG8zwhhAgliys82KMt0c3yK7wkCkd0zg+hQ4C9TpIh6zP3vARvL

Debug level 1: CLIENT -> SERVER: QnLX3L8hlnlEBtB+B0nWA+JbkOLsuxZd0XhaaJX0E7TymFEYH6SW3EM+EKJqfySILfBwWDVdWhX1

Debug level 1: CLIENT -> SERVER: HIzxI/IIznBAtf+AX2GfhxYwWnRPgu0zWOMY9ECqOw6d3RwK5rK9qLgqlD4MQB6VdVjFuYQk6hTD

Debug level 1: CLIENT -> SERVER: g1GkV+TbJiMlLMkQilj1VrHyUAxYR8Qmza50Z6uLFBAQEpCuu6MYRzY5Tg0fZRQkvPxjOenci7ej

Debug level 1: CLIENT -> SERVER: ebHVHSjkG4jVAC8jkIQ5CFlvSkWDh/OEEibWD7d6m4XBsidI+jxH0FW8KrK/1lVPybTq+PGmy5pX

Debug level 1: CLIENT -> SERVER: ARF8aIVnzbLuXqM207rrXzfCsD0WW10WJVJZKTXMWOjmxtJbRFp5FaPEQAmFIRvnoxBRZjNbTNTD

Debug level 1: CLIENT -> SERVER: s+bh5YSwwv6xbyrbmn+yKinuccRMwqtiSnKo9zB4jO9wVKFp2quilWy2uv2mRtbiUfPmnrLSajJx

Debug level 1: CLIENT -> SERVER: 2S9811nH1VL1hgTnqbinEVJJ2moqRlVf+pCTC4+NMCt+3wSBxX58Llkuo1/M16beQjsxSOvgSHxU

Debug level 1: CLIENT -> SERVER: FPP3IMrh23ffhvS7q9rtQJpGpbKNhlvuNtVwDNnWxW7HFuq4/WaSfqzJ+hkzzWggj0rbkurts4r1

Debug level 1: CLIENT -> SERVER: rjX1UVzioukSe6vI/Vs5hDs9T71C33EP8x3bOq3vTE+2p/Ad2zpSMjmOWKdwCGHQQxzC/ls5hP30

Debug level 1: CLIENT -> SERVER: yeQF+46t4Ds+oLBfl44uET228Jr9qorZvclajfQRglqn5e56hJNQBrzFpgB3NhWuJvXkIOq3z4gQ

Debug level 1: CLIENT -> SERVER: UwHPjw54Eoxz/SnVQVE8gOP9Fsca5yRrzbgcUAhKcsrCu9+RxnJMeQFiI40lzFuACpgvTox5gEEG

Debug level 1: CLIENT -> SERVER: eTo4rdDDDuM+W15QkEyYYbpmx00z4tcji5KjUJONLzEvq2J3OlXX66rBnQNLLkeh5Pqq7H1IUfXK

Debug level 1: CLIENT -> SERVER: XEOlohpT5exQ13hZ9bYzO0YqeLkVtLDXIfZW2LT+qux9wKbya3ON+YGuobDt+1WtEhefbKWNhhe0

Debug level 1: CLIENT -> SERVER: JBwgq6Mkq7GXdkVI9c/X5Gswh6X8+MW4KdXcfNzLy71sBVbRbla2GqsdgceVL9+71FpTMd1MdT9M

Debug level 1: CLIENT -> SERVER: exW760xctajk4r6CyGTyqkUml/dI0Tmznys6Z/bRolM4yhGiUxhgenS+snqJyXPCRfE0xdEBsiou

Debug level 1: CLIENT -> SERVER: isdPM51i80iRPX+2yJ4fL7LnR4rs+UGRrfpQe+q6+8IC3z31uvvCgt/dZ939ehKA+2wJwD1eAnCP

Debug level 1: CLIENT -> SERVER: lADcnQlg8EnJbCE9ZTrt448pD3LmW+9iPpt4fH8fJwa+hySI+Pn/AEQZfIkPeyZJaz+NMYZC2d4B

Debug level 1: CLIENT -> SERVER: fCTPzKWH0pmHWCiiAHnGeOqwFVMl74UPKU7422MKx1YLaF2YPxXHaOvzutPOPBNcvCVkgAiFLEYT

Debug level 1: CLIENT -> SERVER: hqtOsZzSYyKWfXeYUjxyrFnanLPEr3OWWHq1ghGL5gz9xU9M2yltUPPm6lByp7N5LLnvbQ0xvKYQ

Debug level 1: CLIENT -> SERVER: DLYHkHco9hZm43ote1JA6hcAjaZNRjRUwCv8F1EG3av4CeI88SGJUAIrmgxHyB8g2SCfvxAFcooH

Debug level 1: CLIENT -> SERVER: KEp7iEnF/7eK30AUrim3auQ3dScEKnXfhCgNrAgGhte6H2ZQkwgWe5rHmWSfpmn563adg7Zb9+5O

Debug level 1: CLIENT -> SERVER: /SsE/HXQU7lGO3iaIeLMy/cAZA9KMIn5mfzdRpXiqeA0ZPGK5R4WbwTbAPe6f5j/RIcorWJPMktl

Debug level 1: CLIENT -> SERVER: 0v1yZRJy5S+svUH+6Vh/1kB9lLHF47GJRDuSHEOZp0i37li67e3cJlN3n2Qqye2Myz0toveU2xmT

Debug level 1: CLIENT -> SERVER: u7dzK7ezj9yfGY6D8sRIGrrBFE7iLUCNezrT1x3wvvD7ucQ3ts/agsDztvYDIU5YXXAXGZQ0a4a6

Debug level 1: CLIENT -> SERVER: j7Luuo9zxcTnb0JbZ5bz3os1sa5pb1yL/1GqKWbip26CDxjT5DiqGgZV4h9f2ZWW1f51Uz3QHlOx

Debug level 1: CLIENT -> SERVER: 5n85qbh8YYK1Rk9YsVQzKcv/O8vNeXaqkPsFY38S7xLWlKDzPBF0auX2+/fWHqvRDcwpkRbhJ5Ko

Debug level 1: CLIENT -> SERVER: TCMqEi0W+0n0A3hy+3BZFKXxvOqsgpo0/wYkmVpotiU6HqqfCeE3EE8dBRXInfIE4qdQDO+oZw8r

Debug level 1: CLIENT -> SERVER: R7/3PCb+SW8fn1OwkQq2IJhYwJZqm+Ii5f3SHi4yQeaB6rWUeVrxeoDMe9RN02Wejco8e2qZffHr

Debug level 1: CLIENT -> SERVER: CmK2PgxQXvIiI2Y3bJ5RdVSgQmgwaXBOG3J/TOPtGVSJqOfNfUQy1sxJir26K51v2aMkr0sj/r0W

Debug level 1: CLIENT -> SERVER: lsGNGPt8o5IY9G5rrDW7aWlv8JVtASta2T9NXfAtw3UZ89bZBf+2gGgGJGQ9EQx4e7ORlNTN1mIH

Debug level 1: CLIENT -> SERVER: jzOpPlBgDiMqoTw9SorTHohNOGbHTArmddTMe1Lb2ccyXuumynW3N1XSBlIK/OILZozEdqthPcus

Debug level 1: CLIENT -> SERVER: xf/U+pEoUMx01fGUjqwndaXpSpN96aVqbLdnm4MpreyIQVazqBNd2cg5jT05kGOhJxMW8FeXfIVZ

Debug level 1: CLIENT -> SERVER: puW/2RrCgnp1fX19abYby5a0pYSW7bkdmytM9QzMbHpOPfun//2XWRVo5fU2A6/sakqprYOi4tbQ

Debug level 1: CLIENT -> SERVER: +ygKs6PKXdq9LT+QNaJcp6Pc4orAkG8vckB76lt7W9BRRCOZpLh+11FEY6ZGkwij1uz8TaTBPXNW

Debug level 1: CLIENT -> SERVER: +tREhnjEe6U7lnNuWAtjxuJjZpnWwuQtJQpOuPqnVgFm6K3F0nGX524Nus+Dmvie0600UyYU3yBZ

Debug level 1: CLIENT -> SERVER: LRYyYdF2Ivcz+2Pe7P8y5er/UEsHCNzx8S3nCQAA2VIAAFBLAwQUAAgICAC2Yz5bAAAAAAAAAAAA

Debug level 1: CLIENT -> SERVER: AAAAFQAAAE9iamVjdCAxL3NldHRpbmdzLnhtbLVX23KiQBB936+weDegJiml1BQxlY27uViC2cvb

Debug level 1: CLIENT -> SERVER: CK1MZZimZgbR/fodRFOG4K4x8kQxl3PONKe7h+7VMmK1BQhJkfeMxpll1ID7GFA+7xkT77beNq76

Debug level 1: CLIENT -> SERVER: X7o4m1Ef7AD9JAKu6hKU0ktkTW/n0s6ne0YiuI1EUmlzEoG0lW9jDHy7zd5dba/J8pElo/ylZ4RK

Debug level 1: CLIENT -> SERVER: xbZppml6lrbOUMzNRqfTMdez26U+8hmdH0qVr96lQsRXomxDLmZN1rSsczN/N2obkTuhaRr9bRy2

Debug level 1: CLIENT -> SERVER: x+93NwT5o04VRFlsapvhTFrP0JT2gkL6GjWjbN/bPc9U0ikDRwDxMDa2k2oV60nKldG/sNqti675

Debug level 1: CLIENT -> SERVER: HuhD4PcwU2Xo1qeRf9BAhWXQ7U67/Wn0O6DzsFT5ead1KHo9InGd8gCWEBSZIC3/TOs92mBi9X+9

Debug level 1: CLIENT -> SERVER: jq/oAjyiNReUSiW0EYy+Nxk5jzfDcsElg7vs+6Y3BypfoC14uGnzgUQQpVPgI+51Q0x/g8BnwhKQ

Debug level 1: CLIENT -> SERVER: hbNPERkQbvSVSOA4I2T4j6iqgv4qaHB65Ax1gAxFAZph5oRG87LVbF5cHq96ROZwrVPjpYKo3OsK

Debug level 1: CLIENT -> SERVER: PIkDouABg3dmDlHoxDs47d5C3xGpo5JEfIzpHZBAF9zT69ckbgigdC5WgD6UT4nSTQrcVTRFJl0o

Debug level 1: CLIENT -> SERVER: VqaTkLicxB6OiVRQ9NAr/owweSRBDjyUmypbGcMYpP7eWUn5WVa/G5Z1ZPMpwv+qAt5NpgFdULlX

Debug level 1: CLIENT -> SERVER: /onAy8Ufa50c3llS6a64Hwrk9A9UUOOcROGAMD9hulScHn6ku6Y+x6N+KW+o5sEYOkeT4r1qSiRc

Debug level 1: CLIENT -> SERVER: nl9TTsTqECgnjtlqIkHcEEVOf9pBSATxtdYBRrEAmdnC0+Dl5fdIVw/ldxDckZTwUcJ9laybfQXJ

Debug level 1: CLIENT -> SERVER: 75IFPOe36Sc+YCirqDB5j7oVGHkQxdWY0GFMN9vMRd9wOiDcB1ZBw0USjHU3RM5WFcRpKG82P0qu

Debug level 1: CLIENT -> SERVER: Ntn+SvAPir23S/PdT5K57/ex/xdQSwcIZLrCVt0CAACADgAAUEsDBBQAAAgAALZjPltZYR3n+wMA

Debug level 1: CLIENT -> SERVER: APsDAAAIAAAAbWV0YS54bWw8P3htbCB2ZXJzaW9uPSIxLjAiIGVuY29kaW5nPSJVVEYtOCI/Pgo8

Debug level 1: CLIENT -> SERVER: b2ZmaWNlOmRvY3VtZW50LW1ldGEgeG1sbnM6b2ZmaWNlPSJ1cm46b2FzaXM6bmFtZXM6dGM6b3Bl

Debug level 1: CLIENT -> SERVER: bmRvY3VtZW50OnhtbG5zOm9mZmljZToxLjAiIHhtbG5zOnhsaW5rPSJodHRwOi8vd3d3LnczLm9y

Debug level 1: CLIENT -> SERVER: Zy8xOTk5L3hsaW5rIiB4bWxuczpkYz0iaHR0cDovL3B1cmwub3JnL2RjL2VsZW1lbnRzLzEuMS8i

Debug level 1: CLIENT -> SERVER: IHhtbG5zOm1ldGE9InVybjpvYXNpczpuYW1lczp0YzpvcGVuZG9jdW1lbnQ6eG1sbnM6bWV0YTox

Debug level 1: CLIENT -> SERVER: LjAiIHhtbG5zOm9vbz0iaHR0cDovL29wZW5vZmZpY2Uub3JnLzIwMDQvb2ZmaWNlIiBvZmZpY2U6

Debug level 1: CLIENT -> SERVER: dmVyc2lvbj0iMS4yIj48b2ZmaWNlOm1ldGE+PG1ldGE6aW5pdGlhbC1jcmVhdG9yPmVsaXNldTwv

Debug level 1: CLIENT -> SERVER: bWV0YTppbml0aWFsLWNyZWF0b3I+PG1ldGE6ZWRpdGluZy1jeWNsZXM+MjwvbWV0YTplZGl0aW5n

Debug level 1: CLIENT -> SERVER: LWN5Y2xlcz48bWV0YTpjcmVhdGlvbi1kYXRlPjIwMjUtMDktMjlUMTI6MjU6MDA8L21ldGE6Y3Jl

Debug level 1: CLIENT -> SERVER: YXRpb24tZGF0ZT48ZGM6ZGF0ZT4yMDI1LTA5LTMwVDA5OjI5OjQ1LjE5PC9kYzpkYXRlPjxtZXRh

Debug level 1: CLIENT -> SERVER: OmVkaXRpbmctZHVyYXRpb24+UFQwMEgwME0wMFM8L21ldGE6ZWRpdGluZy1kdXJhdGlvbj48bWV0

Debug level 1: CLIENT -> SERVER: YTpnZW5lcmF0b3I+QnJPZmZpY2Uub3JnLzMuMSRXaW4zMiBPcGVuT2ZmaWNlLm9yZ19wcm9qZWN0

Debug level 1: CLIENT -> SERVER: LzMxMG0xMSRCdWlsZC05Mzk5PC9tZXRhOmdlbmVyYXRvcj48bWV0YTpkb2N1bWVudC1zdGF0aXN0

Debug level 1: CLIENT -> SERVER: aWMgbWV0YTp0YWJsZS1jb3VudD0iMCIgbWV0YTppbWFnZS1jb3VudD0iMCIgbWV0YTpvYmplY3Qt

Debug level 1: CLIENT -> SERVER: Y291bnQ9IjEiIG1ldGE6cGFnZS1jb3VudD0iMSIgbWV0YTpwYXJhZ3JhcGgtY291bnQ9IjkiIG1l

Debug level 1: CLIENT -> SERVER: dGE6d29yZC1jb3VudD0iNTUiIG1ldGE6Y2hhcmFjdGVyLWNvdW50PSIzMTUiLz48bWV0YTp0ZW1w

Debug level 1: CLIENT -> SERVER: bGF0ZSB4bGluazp0eXBlPSJzaW1wbGUiIHhsaW5rOmFjdHVhdGU9Im9uUmVxdWVzdCIgeGxpbms6

Debug level 1: CLIENT -> SERVER: dGl0bGU9Ik5vcm1hbCIgeGxpbms6aHJlZj0iIi8+PC9vZmZpY2U6bWV0YT48L29mZmljZTpkb2N1

Debug level 1: CLIENT -> SERVER: bWVudC1tZXRhPlBLAwQUAAgICAC2Yz5bAAAAAAAAAAAAAAAAGAAAAFRodW1ibmFpbHMvdGh1bWJu

Debug level 1: CLIENT -> SERVER: YWlsLnBuZ+2WW1QSCB7GKXeq0cyapqhEyemyebdSkPIya1cjxU3xEiEqo42a98RUhLHGnBqVrKQS

Debug level 1: CLIENT -> SERVER: 1Gk7RmnhPRQELAsaESuxCBFJTckL4A1BFNj2zJ49Pe3Zfd2zT///Ob+H7+H7zne+K0GBxyzNt5kD

Debug level 1: CLIENT -> SERVER: AABL/+OHT32+LQDACsCaVZ8/zQ6oFAAwr/E//JeQC1SlLCD93sttBUOIDeybhy+VsDb4bVR/cMkv

Debug level 1: CLIENT -> SERVER: DRsqLRws2G0e+ho1DXhvASXaPcXJVDUJTmAuaccJ4tc7h8OdRZjdxO65cz9d9/VhmXWojz6wKww6

Debug level 1: CLIENT -> SERVER: tO7uZZCfJeznbelrPD6uT3hp13ft0H8K1plr3LWvoE3ws8UBkJJ7HgHYMSqsSeSuaSLyTDuHNE+S

Debug level 1: CLIENT -> SERVER: EMEmL1JA+H1tEoq7jTgJhimWEw1T1i8U+MnWwXqfyU4sXIAQgWyLCC+EcahqNvGxFlUyeadrOK2F

Debug level 1: CLIENT -> SERVER: YrzvQTesKcabOpui2dERUhkv75zhMq3+mBHGndpysNFlhKKDvD0qmGVzkzKsTaLWFmLwGcwEiYg/

Debug level 1: CLIENT -> SERVER: MKbLc+YTTpHsbl5C19UtTE/f9ps6Ne3Hw66P+ZUHboy3LQwjcl9FW9m19rt5nRYXiC+3Bm28VfHs

Debug level 1: CLIENT -> SERVER: 2UwQMDicgJ9VgqdiZkav8dsfDwwWOn2kW/lvzfsFK5jCL7TNJo6nQM4YHEk+z6FcIXwieiC8FVZI

Debug level 1: CLIENT -> SERVER: LbFnYAeqWum1mLGGmeh2b0om0LqqDtdyzBTcr4d0vojs/11f77p5zlZuBl9KuZGyf+3ZRJdoebBp

Debug level 1: CLIENT -> SERVER: 2NVPtP4T2HNPn6oPh+bI9WZt2cJCYXWui8zFmQWEB9Cyy6kmt1xYS1K2M6NL8BFh0KS1Sjnh8Wqy

Debug level 1: CLIENT -> SERVER: Aqc0cBuuTEJqE+FV/T3MxpJYClpSFguGkAz7BD5jsQONrsniuHKKYJdRTFMpmMpGtSyekavrAC4G

Debug level 1: CLIENT -> SERVER: KgOZq+dMSsosx3SQc/xBPpf0b0zvyUfm3JO0NQSN7F9Argimv8tFjYc6DFcq44CT/UF3oEJsjf73

Debug level 1: CLIENT -> SERVER: skyWOTsedUT719EzEkJNr6NWXke2pjC/SUkCO35FI3CK7/Lsy844I3PBoZK2ENind2Inra8zRZyS

Debug level 1: CLIENT -> SERVER: GTvU/HCL09JWxuRSuYOVYanx3MGpQ+/5FLViF85h4S7dYRllQMmlzKqUkjc2oRa2y/4VciqPu3Uk

Debug level 1: CLIENT -> SERVER: Svx0yo5MJde0tQwnPf7l4FLVdpAnEbCcjuiU2GKr0eg0BXht5iZ0RB37IRUuZZx/3WVobB8NGjVC

Debug level 1: CLIENT -> SERVER: sOsSH608qeTvbWZ1R4MjC/u4r9WZbeHS8+U8KShsq/5mzdQY0/fuSnW6v4F0pBAdwa1W3u96VhOT

Debug level 1: CLIENT -> SERVER: 2l1WxJnxmIpZE/IgvZstZAg/Luf0CEamCUXVNdOz94yZ8ei2YTc2Q0qg819GOJhx6r5fvTp0HImE

Debug level 1: CLIENT -> SERVER: DR1vQ7dEIj2AJlnYUMRDai1ZGvbJeVe2rLH71EJoWE/BoYku+KjRHRHQ9JicgSSRjQXbH0uzJciJ

Debug level 1: CLIENT -> SERVER: tgQKXRko6xXTkzcviZBLDYMpYln/VFaNm1Pepxol/ZW4f+JxIhTqq8LET5IVkwSm0FzV1HtV3WdR

Debug level 1: CLIENT -> SERVER: MxTyh5cZUxIS3LYw3HiCRCylcTloULdCpSKtw3vz805VGcByKPhDxqKjd/Gc9TP7a3zcopmlDsmv

Debug level 1: CLIENT -> SERVER: MPwoS26Pynn9RHnMYoVvgfqLJqB2+sm0BtCvCckIXF5ePf9WSFFG38JMHghXeWDwZ5Gtwlc5NPAo

Debug level 1: CLIENT -> SERVER: v/J+dtfcgI0I+ODg/M3IdjGOdWvgynWL5UA87YvAgXyPzrAb8gUXWt149Q1pmDdQJFZXmbJ5LMOY

Debug level 1: CLIENT -> SERVER: CsKCsED+pVTIKOVA8wlXq7UDJZbuKPqq+iL4I0c93ouyT8C1Vur1CVYK+Lb1+h5PXnoB4FhFHyNT

Debug level 1: CLIENT -> SERVER: Z8/W7TGiijc6YVfUpl2hXPURO2NHImvyi9XFWDyx3ZazkRP8Zat5V4vPvIPxu+wPUHolV7f7oBBL

Debug level 1: CLIENT -> SERVER: GtX86ezyR7ETj5jCH/KoyYKpcW4ciZgpYPI42toSxXrY2z+r3iMSoNX2LLJ9fbkXIqwSkphV2q2c

Debug level 1: CLIENT -> SERVER: P02mdTTit72a/cp9EqLqc1fAkkd8ySvR97sS1sxnpemasfCyweSJejfJ30x75OidTZWRib4B72YH

Debug level 1: CLIENT -> SERVER: nhQnIqJP1+P2I0OZHbs5hazFQJtnOld6hf0LTinra49p1j9NfW/Pdou+4AQ/HTfLlSR50SJ00CYd

Debug level 1: CLIENT -> SERVER: rYtVt5cRycZoNq19dkfgXpqzZ89aTXi0n8bwdg1v/qIHdjCLi2+/2GHT02MqA+EWOj1GzjGegpvd

Debug level 1: CLIENT -> SERVER: 5QSndovqzFEHwOa4DteyLExsMttAKHPc4pl4GTXA3RsCrORr5mMeBTntn+fqY/Wj5quGIN39ctyf

Debug level 1: CLIENT -> SERVER: 9GEgraazhUan5lpUdRtvxGfhXGRqpuG6NqkJg5SzkmV1hk1WMdkxsE0R9KgP6kXpAnx5nxzKCSYy

Debug level 1: CLIENT -> SERVER: Ned30GyIVv/KAv5EWaRDl6NZkhS/oUfzXdnod2TMSLOtSqgIGZf1+HzQdESAR1JPOxVtx7ic38q3

Debug level 1: CLIENT -> SERVER: /ubHZWxVcDWDuqJ2Vc9Y4wGTxAt6cssVTGqW/CGXZzr/1JvFCjLjXv0jtQjWsJKS3yz6lougKXrt

Debug level 1: CLIENT -> SERVER: 2Zkl7AQXtg8p+tw7yExzFOgn6cfFeb2ELLoU+1vyw98yBFEDfYWEdQIk9qL8jtzValm5BPvWxcPX

Debug level 1: CLIENT -> SERVER: g4uRiROWCBWCqBH32+mMyvimuhR9c3thsWw5dyBT2Fj7UL/XMsgYSLxA7N2UIpqP+qwaz2n3BEYG

Debug level 1: CLIENT -> SERVER: vWoAVloo/Rbjbl9ytV3ai4FlHUfmBZQTe3vxObGLOf/QdXybbvye9RpXP3dtlYrgxcVYS0uibRhu

Debug level 1: CLIENT -> SERVER: UbqzY1rHvACasyg3ahzouXyxCGEc9TXsEyZ7jzTWDb3hIMbZW2PCIjF1xqyRN+9gFjcWrL86oHvu

Debug level 1: CLIENT -> SERVER: OKha3UunaQdrk1HSlknRUFVsdVJLJKP7qTbOQElqvXA1reLk7Oq5pYhPxDDLLcYri4b+lhMN7cwz

Debug level 1: CLIENT -> SERVER: kOfs8LwZuSFnsO6H82kydGS90JCq2SevP35V/V9Mhv+D/3GwCHalXAZaZNN4n8crwP9I4GG6X9TF

Debug level 1: CLIENT -> SERVER: vwNQSwcIzAJnXKoIAADjCgAAUEsDBBQACAgIALZjPlsAAAAAAAAAAAAAAAAMAAAAc2V0dGluZ3Mu

Debug level 1: CLIENT -> SERVER: eG1stVnbcuI4EH3fr0j5nQCZSxIqYQrIMMuEBArIpHbehN2AFlntkuQAf78tGVIZLlmCrScSW+pW

Debug level 1: CLIENT -> SERVER: 306flm++LWNx9gJKc5S3QfW8EpyBDDHicnobPI3apavgW/2vG5xMeAi1CMM0BmlKGoyhJfqMtktd

Debug level 1: CLIENT -> SERVER: y17fBqmSNWSa65pkMeiaCWuYgNxsq71dXXPKsidLweX8NpgZk9TK5cVicb74dI5qWq5eX1+X3dvN

Debug level 1: CLIENT -> SERVER: 0hDlhE+PVZWtfqsKEV8V2Q3ZYZyyi0rlczn7PzhbH/KNay6C+sYPG/PrN2sF2U+JG4itb87Wj+3R

Debug level 1: CLIENT -> SERVER: bgNSWXvhsHj1WrBv3597ftH6hgI2wiTYvDGrhN5waYJ65aa8K+F4qV2YGA9in3lkZvvkfrr4cnmR

Debug level 1: CLIENT -> SERVER: T/bfwKezvYe+qFa/Xp0mfDjDxQAiyi9ozZicgt5SMEYUwGRQNyqF03R0ZFPhQsMDRnBI+oQJfbT4

Debug level 1: CLIENT -> SERVER: UsySEpcRLCHa9dX+5HJ7qCzU6jiPd6Kto2qjKHODus3jHJE8lHhXl1dfT5d6oEi+VC6rpwrVfCyg

Debug level 1: CLIENT -> SERVER: 8DJxUosuaSd0cKg6bOnlE91EYzA+VHmXp8n+jRiPSNJ2ms1Q5cOhLlthaloo0lhuV3NR0puI88LK

Debug level 1: CLIENT -> SERVER: edcvbRYaVPvPXq2cePqOHoKA0EDUVvTghKPvefgWVg69XiPV/gXUEY/vodmDVDFDHfkjzbQRRX2m

Debug level 1: CLIENT -> SERVER: 2IhRNg8TFlokKz50fUJIMwDLGGAbPouQ30uNbVRd0iD+4SAi/ZjGY1B+rOkS53pKImb2Na5NMuZw

Debug level 1: CLIENT -> SERVER: 1Pc4Mas+89NypxIVtLnShsyADmWgNB3p011EHxSVLagWxokCbUlj4fjmHDckAwT8xPFBx+UwI4t4

Debug level 1: CLIENT -> SERVER: WxE4Q5wI+rv46Dgr+iwBZfUMwaTb/bAIS6jmHdD1JhNCCh++cnZYiuApi9fEtK/QEG5TPt3DalsL

Debug level 1: CLIENT -> SERVER: 0/D1c5NLplZB+cgjOxj0cN71QduotslCUQVmGqnBLEU9pWULqZmh8OIdEg9qb7p/MIoZvFEYdUNG

Debug level 1: CLIENT -> SERVER: TcHkXJPTLdK1mAhT4fqjr4RvSInGaTjcF06Ety6yaAAsQil2Er0YRLAsYE0ARujqoAXCR7RJ1/cl

Debug level 1: CLIENT -> SERVER: hVsy0SWL3uk5OXQkiVg9aVB3zLDixbctxfBZcEP2Ar+y65WebAnUPvi0VfJD4JiJu/XNkCU2PtpB

Debug level 1: CLIENT -> SERVER: R99TvBuaM9lPZWhSX2XYEHwqKXmHBpM+av6emtOj0xI8aehXWtOQIdU2RM+Klqq2WLnm6sOPrVQp

Debug level 1: CLIENT -> SERVER: CpNNaguM9neIqQp3sCa7kTgCL8lXDdeoMyJIWGlxYKpYMtMd2eV6e3Auwow7fETTYolJFdwptuiN

Debug level 1: CLIENT -> SERVER: /9U9aamCB2UOyga4uAfwwaXWvetxd248PghORpstcwmh9qx5BGoES/NM8etJcivVgA8mrKEnorXl

Debug level 1: CLIENT -> SERVER: D0BHDL2RSHd542sW0l02hlf08+Mpy/nAMRB/4/WeIb5hhoZYYfFOezVpk2iJH5scSAyABhRrWsMY

Debug level 1: CLIENT -> SERVER: ZZkczalt9BKqbPRSqBMi6r7k/7DA+k615GA8QuDC6aDxt8VkCMJD4/uz/9A8HzMZ7Znl89zausD/

Debug level 1: CLIENT -> SERVER: TLXhk5UtG/3MzeyByZSJpgI299Mj9ADscPACI8xaoU80IGSmJNsQFI9XbqCsMfbbn2V37oL2wMeL

Debug level 1: CLIENT -> SERVER: GeFsSYFGkdoz5WkMPu+S1hckU2iycD5VmMqD14lFp3m+9m55jruS9TM906gbzi0yeun3ckl5G8Jv

Debug level 1: CLIENT -> SERVER: UEij2/9MbR+8JnfX3OWdj8flQ5/V6/8BUEsHCO3/BQb7BAAAmB8AAFBLAwQUAAgICAC2Yz5bAAAA

Debug level 1: CLIENT -> SERVER: AAAAAAAAAAAAFQAAAE1FVEEtSU5GL21hbmlmZXN0LnhtbLWWz27CMAzG7zxFlTvN4DRVFKRN2nXS

Debug level 1: CLIENT -> SERVER: xB7ApG7JlCZR7CB4+7VM/BlDE6DmlkTJ7/vsNHZni21rsg0G0s6WYpI/iQytcpW2TSk+l2/jZ7GY

Debug level 1: CLIENT -> SERVER: j2YtWF0jcXEYZN05S8dpKWKwhQPSVFhokQpWhfNoK6dii5aL3/uLXmk+yk7gWhscdxvDLjuJYaVh

Debug level 1: CLIENT -> SERVER: zDuPpQDvjVbAnU+5sVW+18rPJXLGLYvT6bOopmfLdTRm7IHXpZBC3uXhOuXV2Vo3Mey90VQSA0da

Debug level 1: CLIENT -> SERVER: QUiDB6XQYDd1QaoYQh95l9zkWkkEauOAMRHcOx9992XERPjgmoCU7qZ768ng7JxJBtctNEjyRXML

Debug level 1: CLIENT -> SERVER: npJq3Mm+LCMUbf968qhzdS5wm4dBAntffaHiD/QGFPaFjOTPUjZJxb+T2xdW2deYq/wub/xYEfqf

Debug level 1: CLIENT -> SERVER: S7wzSINjD7mVqXwfBVIHQMjc9elHFG7opuQDQkVrxPua6tHeoEG3yDBYm1uuY7uyoA1JPgxzb5uh

Debug level 1: CLIENT -> SERVER: 4cM+h4vbnsk/P2Xzb1BLBwjnESsbegEAAM8JAABQSwECFAAUAAAIAAC2Yz5bXsYyDCcAAAAnAAAA

Debug level 1: CLIENT -> SERVER: CAAAAAAAAAAAAAAAAAAAAAAAbWltZXR5cGVQSwECFAAUAAAIAAC2Yz5bAAAAAAAAAAAAAAAAGgAA

Debug level 1: CLIENT -> SERVER: AAAAAAAAAAAAAABNAAAAQ29uZmlndXJhdGlvbnMyL3N0YXR1c2Jhci9QSwECFAAUAAgICAC2Yz5b

Debug level 1: CLIENT -> SERVER: AAAAAAIAAAAAAAAAJwAAAAAAAAAAAAAAAACFAAAAQ29uZmlndXJhdGlvbnMyL2FjY2VsZXJhdG9y

Debug level 1: CLIENT -> SERVER: L2N1cnJlbnQueG1sUEsBAhQAFAAACAAAtmM+WwAAAAAAAAAAAAAAABgAAAAAAAAAAAAAAAAA3AAA

Debug level 1: CLIENT -> SERVER: AENvbmZpZ3VyYXRpb25zMi9mbG9hdGVyL1BLAQIUABQAAAgAALZjPlsAAAAAAAAAAAAAAAAaAAAA

Debug level 1: CLIENT -> SERVER: AAAAAAAAAAAAABIBAABDb25maWd1cmF0aW9uczIvcG9wdXBtZW51L1BLAQIUABQAAAgAALZjPlsA

Debug level 1: CLIENT -> SERVER: AAAAAAAAAAAAAAAcAAAAAAAAAAAAAAAAAEoBAABDb25maWd1cmF0aW9uczIvcHJvZ3Jlc3NiYXIv

Debug level 1: CLIENT -> SERVER: UEsBAhQAFAAACAAAtmM+WwAAAAAAAAAAAAAAABgAAAAAAAAAAAAAAAAAhAEAAENvbmZpZ3VyYXRp

Debug level 1: CLIENT -> SERVER: b25zMi9tZW51YmFyL1BLAQIUABQAAAgAALZjPlsAAAAAAAAAAAAAAAAYAAAAAAAAAAAAAAAAALoB

Debug level 1: CLIENT -> SERVER: AABDb25maWd1cmF0aW9uczIvdG9vbGJhci9QSwECFAAUAAAIAAC2Yz5bAAAAAAAAAAAAAAAAHwAA

Debug level 1: CLIENT -> SERVER: AAAAAAAAAAAAAADwAQAAQ29uZmlndXJhdGlvbnMyL2ltYWdlcy9CaXRtYXBzL1BLAQIUABQACAgI

Debug level 1: CLIENT -> SERVER: ALZjPlvgCKa5YwEAADYDAAAbAAAAAAAAAAAAAAAAAC0CAABPYmplY3RSZXBsYWNlbWVudHMvT2Jq

Debug level 1: CLIENT -> SERVER: ZWN0IDFQSwECFAAUAAgICAC2Yz5bPo9fqeQEAAC2EgAACwAAAAAAAAAAAAAAAADZAwAAY29udGVu

Debug level 1: CLIENT -> SERVER: dC54bWxQSwECFAAUAAgICAC2Yz5bnXDNV4ULAAD2VQAACgAAAAAAAAAAAAAAAAD2CAAAc3R5bGVz

Debug level 1: CLIENT -> SERVER: LnhtbFBLAQIUABQACAgIALZjPlsEGcPmpQQAACQVAAAUAAAAAAAAAAAAAAAAALMUAABPYmplY3Qg

Debug level 1: CLIENT -> SERVER: MS9jb250ZW50LnhtbFBLAQIUABQACAgIALZjPlvc8fEt5wkAANlSAAATAAAAAAAAAAAAAAAAAJoZ

Debug level 1: CLIENT -> SERVER: AABPYmplY3QgMS9zdHlsZXMueG1sUEsBAhQAFAAICAgAtmM+W2S6wlbdAgAAgA4AABUAAAAAAAAA

Debug level 1: CLIENT -> SERVER: AAAAAAAAwiMAAE9iamVjdCAxL3NldHRpbmdzLnhtbFBLAQIUABQAAAgAALZjPltZYR3n+wMAAPsD

Debug level 1: CLIENT -> SERVER: AAAIAAAAAAAAAAAAAAAAAOImAABtZXRhLnhtbFBLAQIUABQACAgIALZjPlvMAmdcqggAAOMKAAAY

Debug level 1: CLIENT -> SERVER: AAAAAAAAAAAAAAAAAAMrAABUaHVtYm5haWxzL3RodW1ibmFpbC5wbmdQSwECFAAUAAgICAC2Yz5b

Debug level 1: CLIENT -> SERVER: 7f8FBvsEAACYHwAADAAAAAAAAAAAAAAAAADzMwAAc2V0dGluZ3MueG1sUEsBAhQAFAAICAgAtmM+

Debug level 1: CLIENT -> SERVER: W+cRKxt6AQAAzwkAABUAAAAAAAAAAAAAAAAAKDkAAE1FVEEtSU5GL21hbmlmZXN0LnhtbFBLBQYA

Debug level 1: CLIENT -> SERVER: AAAAEwATAP0EAADlOgAAAAA=

Debug level 1: CLIENT -> SERVER: 

Debug level 1: CLIENT -> SERVER: --b1=_NvUAnxZWuiKmpVeoJqUINbl9ThV4orDJlhSGtTsCCU--

Debug level 1: CLIENT -> SERVER: 

Debug level 1: CLIENT -> SERVER: .

Debug level 2: SERVER -> CLIENT: 250 2.0.0 Ok: queued as 040F720018F7

Debug level 1: CLIENT -> SERVER: QUIT

Debug level 2: SERVER -> CLIENT: 221 2.0.0 Bye

