Debug level 2: SERVER -> CLIENT: 220 smtp-sp217-145.kinghost.net ESMTP

Debug level 1: CLIENT -> SERVER: EHLO localhost

Debug level 2: SERVER -> CLIENT: 250-smtp-sp217-145.kinghost.net
250-PIPELINING
250-SIZE 62914560
250-VRFY
250-ETRN
250-STARTTLS
250-AUTH PLAIN LOGIN
250-AUTH=PLAIN LOGIN
250-ENHANCEDSTATUSCODES
250-8BITMIME
250-DSN
250 CHUNKING

Debug level 1: CLIENT -> SERVER: AUTH LOGIN

Debug level 2: SERVER -> CLIENT: 334 VXNlcm5hbWU6

Debug level 1: CLIENT -> SERVER: [credentials hidden]
Debug level 2: SERVER -> CLIENT: 334 UGFzc3dvcmQ6

Debug level 1: CLIENT -> SERVER: [credentials hidden]
Debug level 2: SERVER -> CLIENT: 235 2.7.0 Authentication successful

Debug level 1: CLIENT -> SERVER: MAIL FROM:<ourodosul@ourodosul.com.br>

Debug level 2: SERVER -> CLIENT: 250 2.1.0 Ok

Debug level 1: CLIENT -> SERVER: RCPT TO:<marcelo@granjaroesler.com.br>

Debug level 2: SERVER -> CLIENT: 450 4.1.2 <marcelo@granjaroesler.com.br>: Recipient address rejected: Domain not found

Debug level 1: SMTP ERROR: RCPT TO command failed: 450 4.1.2 <marcelo@granjaroesler.com.br>: Recipient address rejected: Domain not found

Debug level 1: CLIENT -> SERVER: QUIT

Debug level 2: SERVER -> CLIENT: 221 2.0.0 Bye

Debug level 2: SMTP Error: The following recipients failed: marcelo@granjaroesler.com.br: <marcelo@granjaroesler.com.br>: Recipient address rejected: Domain not found

