Debug level 2: SERVER -> CLIENT: 220 smtp-sp217-193.kinghost.net ESMTP

Debug level 1: CLIENT -> SERVER: EHLO localhost

Debug level 2: SERVER -> CLIENT: 250-smtp-sp217-193.kinghost.net
250-PIPELINING
250-SIZE 62914560
250-VRFY
250-ETRN
250-STARTTLS
250-AUTH PLAIN LOGIN
250-AUTH=PLAIN LOGIN
250-ENHANCEDSTATUSCODES
250-8BITMIME
250-DSN
250 CHUNKING

Debug level 1: CLIENT -> SERVER: AUTH LOGIN

Debug level 2: SERVER -> CLIENT: 334 VXNlcm5hbWU6

Debug level 1: CLIENT -> SERVER: [credentials hidden]
Debug level 2: SERVER -> CLIENT: 334 UGFzc3dvcmQ6

Debug level 1: CLIENT -> SERVER: [credentials hidden]
Debug level 2: SERVER -> CLIENT: 235 2.7.0 Authentication successful

Debug level 1: CLIENT -> SERVER: MAIL FROM:<ourodosul@ourodosul.com.br>

Debug level 2: SERVER -> CLIENT: 250 2.1.0 Ok

Debug level 1: CLIENT -> SERVER: RCPT TO:<viveiroviegas@hotmail.com>

Debug level 2: SERVER -> CLIENT: 250 2.1.5 Ok

Debug level 1: CLIENT -> SERVER: DATA

Debug level 2: SERVER -> CLIENT: 354 End data with <CR><LF>.<CR><LF>

Debug level 1: CLIENT -> SERVER: Date: Tue, 30 Sep 2025 14:49:29 +0200

Debug level 1: CLIENT -> SERVER: To: viveiroviegas@hotmail.com

Debug level 1: CLIENT -> SERVER: From: ourodosul@ourodosul.com.br

Debug level 1: CLIENT -> SERVER: Subject: =?iso-8859-1?Q?Distribui=C3=A7=C3=A3o_de_Sobras?=

Debug level 1: CLIENT -> SERVER: Message-ID: <r6UnWiWecMa46EsVrgKrInlOEL5WlAoFLeJmRu9W3I@localhost>

Debug level 1: CLIENT -> SERVER: X-Mailer: PHPMailer 6.10.0 (https://github.com/PHPMailer/PHPMailer)

Debug level 1: CLIENT -> SERVER: MIME-Version: 1.0

Debug level 1: CLIENT -> SERVER: Content-Type: multipart/mixed;

Debug level 1: CLIENT -> SERVER:  boundary="b1=_r6UnWiWecMa46EsVrgKrInlOEL5WlAoFLeJmRu9W3I"

Debug level 1: CLIENT -> SERVER: Content-Transfer-Encoding: 8bit

Debug level 1: CLIENT -> SERVER: 

Debug level 1: CLIENT -> SERVER: --b1=_r6UnWiWecMa46EsVrgKrInlOEL5WlAoFLeJmRu9W3I

Debug level 1: CLIENT -> SERVER: Content-Type: multipart/alternative;

Debug level 1: CLIENT -> SERVER:  boundary="b2=_r6UnWiWecMa46EsVrgKrInlOEL5WlAoFLeJmRu9W3I"

Debug level 1: CLIENT -> SERVER: 

Debug level 1: CLIENT -> SERVER: --b2=_r6UnWiWecMa46EsVrgKrInlOEL5WlAoFLeJmRu9W3I

Debug level 1: CLIENT -> SERVER: Content-Type: text/plain; charset=iso-8859-1

Debug level 1: CLIENT -> SERVER: Content-Transfer-Encoding: 8bit

Debug level 1: CLIENT -> SERVER: 

Debug level 1: CLIENT -> SERVER: (Sem conteúdo)

Debug level 1: CLIENT -> SERVER: 

Debug level 1: CLIENT -> SERVER: --b2=_r6UnWiWecMa46EsVrgKrInlOEL5WlAoFLeJmRu9W3I

Debug level 1: CLIENT -> SERVER: Content-Type: text/html; charset=iso-8859-1

Debug level 1: CLIENT -> SERVER: Content-Transfer-Encoding: 8bit

Debug level 1: CLIENT -> SERVER: 

Debug level 1: CLIENT -> SERVER: <p>(Sem conteúdo)</p>

Debug level 1: CLIENT -> SERVER: 

Debug level 1: CLIENT -> SERVER: 

Debug level 1: CLIENT -> SERVER: --b2=_r6UnWiWecMa46EsVrgKrInlOEL5WlAoFLeJmRu9W3I--

Debug level 1: CLIENT -> SERVER: 

Debug level 1: CLIENT -> SERVER: --b1=_r6UnWiWecMa46EsVrgKrInlOEL5WlAoFLeJmRu9W3I

Debug level 1: CLIENT -> SERVER: Content-Type: application/octet-stream; name="1162  .2 JOAO BATISTA DA SILVEIRA VIEGAS.odt"

Debug level 1: CLIENT -> SERVER: Content-Transfer-Encoding: base64

Debug level 1: CLIENT -> SERVER: Content-Disposition: attachment; filename="1162  .2 JOAO BATISTA DA SILVEIRA VIEGAS.odt"

Debug level 1: CLIENT -> SERVER: 

Debug level 1: CLIENT -> SERVER: UEsDBBQAAAgAACdmPltexjIMJwAAACcAAAAIAAAAbWltZXR5cGVhcHBsaWNhdGlvbi92bmQub2Fz

Debug level 1: CLIENT -> SERVER: aXMub3BlbmRvY3VtZW50LnRleHRQSwMEFAAACAAAJ2Y+WwAAAAAAAAAAAAAAABoAAABDb25maWd1

Debug level 1: CLIENT -> SERVER: cmF0aW9uczIvc3RhdHVzYmFyL1BLAwQUAAgICAAnZj5bAAAAAAAAAAAAAAAAJwAAAENvbmZpZ3Vy

Debug level 1: CLIENT -> SERVER: YXRpb25zMi9hY2NlbGVyYXRvci9jdXJyZW50LnhtbAMAUEsHCAAAAAACAAAAAAAAAFBLAwQUAAAI

Debug level 1: CLIENT -> SERVER: AAAnZj5bAAAAAAAAAAAAAAAAGAAAAENvbmZpZ3VyYXRpb25zMi9mbG9hdGVyL1BLAwQUAAAIAAAn

Debug level 1: CLIENT -> SERVER: Zj5bAAAAAAAAAAAAAAAAGgAAAENvbmZpZ3VyYXRpb25zMi9wb3B1cG1lbnUvUEsDBBQAAAgAACdm

Debug level 1: CLIENT -> SERVER: PlsAAAAAAAAAAAAAAAAcAAAAQ29uZmlndXJhdGlvbnMyL3Byb2dyZXNzYmFyL1BLAwQUAAAIAAAn

Debug level 1: CLIENT -> SERVER: Zj5bAAAAAAAAAAAAAAAAGAAAAENvbmZpZ3VyYXRpb25zMi9tZW51YmFyL1BLAwQUAAAIAAAnZj5b

Debug level 1: CLIENT -> SERVER: AAAAAAAAAAAAAAAAGAAAAENvbmZpZ3VyYXRpb25zMi90b29sYmFyL1BLAwQUAAAIAAAnZj5bAAAA

Debug level 1: CLIENT -> SERVER: AAAAAAAAAAAAHwAAAENvbmZpZ3VyYXRpb25zMi9pbWFnZXMvQml0bWFwcy9QSwMEFAAICAgAJ2Y+

Debug level 1: CLIENT -> SERVER: WwAAAAAAAAAAAAAAABsAAABPYmplY3RSZXBsYWNlbWVudHMvT2JqZWN0IDHFUz1LHEEYfnbVnCYa

Debug level 1: CLIENT -> SERVER: PxMCgbh6EM9DxLuAoN14t8rKmRN3s6RVvNNTG20srJTT+JUiBLVMmXR2Ytr8gRQp8gssQ6xFmDw7

Debug level 1: CLIENT -> SERVER: O3suV6QJklmeeT9mnud9mZn1c4UZb9JABuEw8BzxYdSjlAR+0xtgcMqUSduCI+1JeUCvrybUpkRO

Debug level 1: CLIENT -> SERVER: f0pZL4QTmkZdJaJb2NF0U9FNlV1JAW/TmobFZJDHsQ6rtE1Rt7s6kFLCWGLQoautUkKQOJauY9xV

Debug level 1: CLIENT -> SERVER: 3tbbr2+k/PYSSAyFiAod0o7RNuAV5wRy82uVhY1KKFM1oFUjZdlQO0Pt7utSBt7dtSmxFzuHD7EF

Debug level 1: CLIENT -> SERVER: 4ywerJM6wmCWhc4HQUYmM5oNbMD9SmxwZYj6V6Za5TeK7L11/fdO+xl8aQo7NTGcrd0kkTRUjr0F

Debug level 1: CLIENT -> SERVER: O38x86k53NmL6aIoWhPCc1xPWHlhuU7Bt505YfmOPSXcYEuvunPgPWW2qFllmz+IzzyHE5Z8/QC4

Debug level 1: CLIENT -> SERVER: JNYTQJrCz1qAZcJ/COQfAR+JmVbggnjD55l7DNwS5XZgnPef6gQ2iXIX8J046GbcA5SeAC+eqiZR

Debug level 1: CLIENT -> SERVER: hCAsTNB6cOByFozzanaZKcCHTTunMj49G1P03X956v+HGv9Po9wfUEsHCP1dwwnDAQAANgQAAFBL

Debug level 1: CLIENT -> SERVER: AwQUAAgICAAnZj5bAAAAAAAAAAAAAAAACwAAAGNvbnRlbnQueG1svVjBcts2EL33K1BlptMeKEpO

Debug level 1: CLIENT -> SERVER: molZW540sTudsRNP7Ux7hcGliBYEGACUbJ/6D/2Cnjr9Dv9Jv6QLkITJSHSoOBMfbGnxdt9id7FY

Debug level 1: CLIENT -> SERVER: +ODouhBkBdpwJQ8n8+lsQkAylXK5PJy8uzyJXkyOFl8dqCzjDJJUsaoAaSOmpMW/BLWlSerVw0ml

Debug level 1: CLIENT -> SERVER: ZaKo4SaRtACTWJaoEmSrlXTRieeqJcbeiNHqHtzVtnBtxyo7bE+XXo1n9uCudqrpeqyyw2JQu+qZ

Debug level 1: CLIENT -> SERVER: Gqt8bUSUKYx6UVLLP/DiWnD5x+Ekt7ZM4ni9Xk/XT6dKL+P5/v5+7FeDwyzgykoLj0pZDAIcmYnn

Debug level 1: CLIENT -> SERVER: 03ncYguwdKx/Dtt1SVbFFejRoaGWbmTVrJajK2K1HAgNy6keXRse3E/v03R8ep+mXd2C2nwgJy/i

Debug level 1: CLIENT -> SERVER: M1z0v85O72tBF2O5HLYXKqZ5OXqbNbqrr5QKrjqF+oB6d/dms2dx/b2DXj8IX2tuQXfg7EE4o4KF

Debug level 1: CLIENT -> SERVER: iKtiW9AQN48REcHKlWkofBcIM6CwF9fLAWzSQdO/nZ1esBwKeg/mHwdHXBpL5X1ktEvC4E6/jzWU

Debug level 1: CLIENT -> SERVER: StsQmGx8w8Rs7QWWNKOBBpFm6i1ETtFzdS3E7mTGTuVJqDQOoi3r4GTDD9claO4UqXCZiwqDu8Rs

Debug level 1: CLIENT -> SERVER: qjLpaNfF02h2Lo+9yaK9KeoqM3EQZHhjRBllEKXAhFkc1Cc+iEn93flxOLmkuXLZwJPdIgoubsJC

Debug level 1: CLIENT -> SERVER: /LD6Kyr4lebzLQaapQnp6bu1aAkSN4/FatbcmJEcn0ihcReyhyi5ZdgxVlRzd82MpCenfJnbLU58

Debug level 1: CLIENT -> SERVER: Q0tlfuihatEXdGtb/D/Nrzojj/DrZIsrDzPeGAvFYyhPK8ZTSi6oNOSd5DhTwWA8tmDHROXRPp5d

Debug level 1: CLIENT -> SERVER: kJ+UzTkb9CwgPps/8VBDaOS0sliFlrPI2wmdwv/ueX8+D1yNzyXVdKlpmbcLKHDjqv8S1VoX2LNT

Debug level 1: CLIENT -> SERVER: qtMWUuDsAToq6XID0VIHs1GJnRC05WACgVNrxh3nut9ix+Nh9y833HfTaSB1X7p8mUqYEgppnsz8

Debug level 1: CLIENT -> SERVER: T6vtgaqyOOih1YwKA70lJ49srlW1zKNm1JZKQi9RHzZOZPNyw29RPp+XtiNrbeiCCi/2PCanqRsN

Debug level 1: CLIENT -> SERVER: urb9QiVT0N6LHntrbg2uC9zb+8CrCG83KntN/R7g3GsBtZPdRZ/1ZnWL9Zr4AYCnd5OlgOuHHAiQ

Debug level 1: CLIENT -> SERVER: ARfC+rATAxAfPyjKnNaJ2IitWm0L7TZAUzye1H8eX6mZ3ihVfxx83xg6Z29Pj0MtN+jN45MrzW+V

Debug level 1: CLIENT -> SERVER: GzcibC+HEwbSz44bqxpE73i751SikMx9wBSWwLCE5pt7igfbSrNwpdKb8MWFbHHgX4kG3lf4FA7t

Debug level 1: CLIENT -> SERVER: aVNIvCjlphT0pj2BkcAhFX3F4+mX62D8LERlrEZ+JZ2PjzJ22bbSx1lxzeaxRl7Xr1of9uGolbVK

Debug level 1: CLIENT -> SERVER: tzqwdy9+VAVJOf2avHxfcXL3L8Er8G2lFUkVuajElJzjPVgoQ5iSbsqkmuAATahDHzV85TBFp437

Debug level 1: CLIENT -> SERVER: ask0iuvC6cJ8cXtpU7dXv4NV82abON9jFUb2poT+9YLX5Zqn7pG3P509n7OiluVNM5tNn+0/d0Jv

Debug level 1: CLIENT -> SERVER: +Ran6NSd7lnrjEIWZol/nSe5BnwMTOO3tRC5a3nNarhrDa3M5K7HAl44aSuizFbUIlLJU0VTlwzP

Debug level 1: CLIENT -> SERVER: wQu8nLZS/AKYWtY8+j8fa3wf58Uxvo1c7pBCYx4UgcLl0VKriIsjoagu+C0m1UBFGE3xHtaqTrpD

Debug level 1: CLIENT -> SERVER: ZhwboV80WBgpmjoiuyT9jSog2Unj1fkJ+e/Pv3bSeU0tJejwG2qYfzipZBf144JyQb4t3Z4NaGcp

Debug level 1: CLIENT -> SERVER: 4yJX36HnXs3Sq3C2Rlm8BAHY46Fv4GMfLzE7v+bUmpdlebST5ie6eexmArj7R+2WojeqVy0EjL37

Debug level 1: CLIENT -> SERVER: G0UFwSw0qZAhFdMdTMdfFhP3Lpy4dxfFA/9tXfwPUEsHCDSXC5eIBQAArhUAAFBLAwQUAAgICAAn

Debug level 1: CLIENT -> SERVER: Zj5bAAAAAAAAAAAAAAAACgAAAHN0eWxlcy54bWzdXM2S27gRvucpVHIlN0ok9a94vJU46yRVdiXZ

Debug level 1: CLIENT -> SERVER: sc9bEAlJjCmCBYKj0b5ODjnlKfxiaQAECZIgRf1Zntmpcq3QDaDx9Q+aDZBvf3rehb0nTJOARA99

Debug level 1: CLIENT -> SERVER: Z2D3ezjyiB9Em4f+l88frHn/p3e/e0vW68DDS5946Q5HzErYIcRJDzpHyVISH/opjZYEJUGyjNAO

Debug level 1: CLIENT -> SERVER: J0vmLUmMI9VpqXMvxVSyRQzWtbtg1nsz/My6dua8pb5o1X1mwaz39inad+3MeQFTvfuadO38nITW

Debug level 1: CLIENT -> SERVER: mlge2cWIBRUpnsMg+vrQ3zIWL4fD/X4/2I8GhG6GzmKxGApqLrCX88UpDQWX7w1xiPlkydAZOEPF

Debug level 1: CLIENT -> SERVER: u8MMdZWP8+oiReluhWlnaBBDNa0mT5vOFvG0aYDG2yLa2TYEc1m9I7+7eke+3neH2LZBJ/PhJyCK

Debug level 1: CLIENT -> SERVER: fz59LGyB7rrOxXlLUHk0iDsvU3Lr/Qkhuai8g3RQIa5r2+Oh/K1x71vZ9zRgmGrsXiu7h0IvR5zs

Debug level 1: CLIENT -> SERVER: TKABnzMEDgs/cTNV3JQvunHkyZDimFCWC7LuHqAAHTefxV+jfBrgTAZiBIt3FHPpIwy5Jwx5lzf9

Debug level 1: CLIENT -> SERVER: XhbotODq9t+pSLomEEXXyMOWj70wefdWekDe3JO/uZwP/c9oS3ao3wNLVxy7IDzkhGF79/coDFY0

Debug level 1: CLIENT -> SERVER: cAwDZKR+r9Sf06wNjjANQHnJPkiSjnOcOQWFVUQljjhgHnjQE6IBD7sdp+99DDZbZhDiDygmyR9L

Debug level 1: CLIENT -> SERVER: XLLpO4plwv88uaRGLpDrg0GU9hkPCcO7S6b8mHqBj3qPKEp6X6IAUgzciIeBtwsqF8v46bH3V8K2

Debug level 1: CLIENT -> SERVER: gdcoWc5xNXmGTQEha5eZlpLbx2uUhln+pUbOJNxQFHPZFW/224ophCjKAsjXeBayTLbIJ3sLxk8w

Debug level 1: CLIENT -> SERVER: s54f+vZg5IGcBuKhQmSwRVqQUWAriZEH+Yy1JTT4DURHIWd1563MT1wMr84KAbTrqDVWw5gZLCGs

Debug level 1: CLIENT -> SERVER: Yx+wrSUzxDUKE80CYkSRQEjHZ02WYvAt5p4IIdue/16Nx0exUMoInxmMJfAxkQOgMN4ixSb6ryhG

Debug level 1: CLIENT -> SERVER: kJMlDAyBKQrfGLnEOzDnh35ILbYqGUcQ+ZjvJTy/1peoRFeSQx4K+idxwq2neTE5O5dbW6NsTRMM

Debug level 1: CLIENT -> SERVER: 4ERc12Jyj4QEMjZGU3BLgEE0JsFvIKnjxEy0hSjapGgDTVmDR9KIUTCSP/+SLx8z2P2tr5hGQnQ5

Debug level 1: CLIENT -> SERVER: oLZKPqYFOyiK1MhZx2xwRcN54M1mUYQvj/XxePoX4ueGEXMqotUxc9Ljn/oFnCUv6+J6Of79Y+a1

Debug level 1: CLIENT -> SERVER: Q3QTRBaoDwyWG2vRtiKM8QSI27GbkQzWCK3bQ7zFEeS7JLJC5PsAuFjQQz8iYDq7gJ1otHEaeSyV

Debug level 1: CLIENT -> SERVER: A+6BDAkPgAcKPG7VyhotPwCPj/gkkOhMnMIRy3Yfg0YKLzzDODXdV1KPW5otn0pZoHkru52Ji7lz

Debug level 1: CLIENT -> SERVER: S/1wI/PXDQurmFO1Nop3CEyVPyspk3NrTHGabCssF/iWeOzWg1+IdYuRT+UrQrkXcBODnQDsJURx

Debug level 1: CLIENT -> SERVER: wu330oktSvaVyaGl4tRfMY7BpTeYbfljL/e3YxPrE0ozfgTv8RH1+42xRSkvREkC4oHrHA03hIKX

Debug level 1: CLIENT -> SERVER: R4nS0j4An5K/mvekC5yzWPSRxX4OWIiPrhQa8mKTZUYp4jLqDJ+h4VfX/nVF/MM5iJUC9GDsjpqC

Debug level 1: CLIENT -> SERVER: tDN2zEHalkFaGIXIPyKRf6Bwjw7JMXTrcS1/eCiHN3euwpsMXXmyYNkD25kX4fek0KZnwOaAJuc9

Debug level 1: CLIENT -> SERVER: KzqJrt1NxKBI2GPiEB00Vfd08iWGdLaNNG7iDt/EOy/3I2yf56yjxd5DPmRHcyu0VNQUugn+HsU8

Debug level 1: CLIENT -> SERVER: 6l9RByApRSc6qkS7RRE9UfuVlUmRXif5HicowolV4dJudtNKkuFmXijbeA9IsuC5pcWDZB+dKCDJ

Debug level 1: CLIENT -> SERVER: qIbORv20JAHm8XN6NkNnBf8dHkmer6jeQIzXqt4r6epqNv43jPiJCPczxxyLMo6e8902NZVWkJQJ

Debug level 1: CLIENT -> SERVER: PEL8xHMf5/JNbzqaHN/0Tt3eRN4tMoU37noyXkybM3lVxatseHbVrPVdqUo8YVeyT9mVNEtw2y3B

Debug level 1: CLIENT -> SERVER: vbcluJdbQvEg+iNZgjNtsYQa8YSnp+mZljBqt4TRvS1h9HIsoaLpcZumq8QTND0+U9Pjdk2P763p

Debug level 1: CLIENT -> SERVER: 8eWaLtRZ07Q9u4Wmm5Omk/KiD4a+Z+c8mson7Sqf3Fvlk5ej8hbdnaOZabtmpvfWzPRyzRTwVzVz

Debug level 1: CLIENT -> SERVER: uVYmC/73chxx1q7u2b3VPXsZ6r6yE87btTK/t1bmF2vlZhpxZ/zv5Tjgol3Vi3urevHjq/oazveY

Debug level 1: CLIENT -> SERVER: rtg9yufeFsX8ZtcxROWZYxhswFY9EADnx07/ThMWrA8WP5mBGfeE+rVz+VM2LO0ZwVAIh3DqTjPV

Debug level 1: CLIENT -> SERVER: nVKeqz1zXOJ89ceOK/rmv1LCLjODqz0EFqSbqX9s879rhMsLYeeleu4j/6wiXY6LnK1X47mlmkK8

Debug level 1: CLIENT -> SERVER: ZuL4fVZWE5VHU7auoUBcNMka5ej83NIqEXPldK0UMxwlmGNTMs0yLhlX77tZr4Jl4o6NuBgoxyuh

Debug level 1: CLIENT -> SERVER: Beksgz9HD7xPjHy+2WZrUhpVrRVFq+ZsNaPJqEIollPQsqN0OUFEIqy3ZhNUm1X6ys8dewkJA7+n

Debug level 1: CLIENT -> SERVER: P+dnXNpTpYHx+9YOLgwBf5EZSCkK8B8fYGyz1Wc9ioDQ03nzOwc8ZRk2z/v52/9YGhJxEMH/eb8t

Debug level 1: CLIENT -> SERVER: LnVUDkclZ8/p6TyleV55qV7Dyu2GlXsHrH6MYraG1agbVqOrYPUjlns1LMbdsBhfF4uzg9oNHwM1

Debug level 1: CLIENT -> SERVER: UCbdQJncwpnOemDSZJ92k316kewvorCmgTLrBsrsKqBcWaHzbrLPLzPGl1Co0UBZdANlcRVQrqzQ

Debug level 1: CLIENT -> SERVER: 42KfLPSJycvVLtbd5docrw51QbPgu26s61iTufcm/x7c69t/v/3nCEo520Ug/TCVC+0B/eddvOUv

Debug level 1: CLIENT -> SERVER: MrY/o1e57pfbXLjykr7l6lBX1WfsP0iSdz0T+AWvMcWRd6ROU2PrunYhrnjXjdcwkh0KQ8tDcdJv

Debug level 1: CLIENT -> SERVER: AMYQLOyFXsDdZ3esVyT0S5hIggKtiZxjJhg6I/aPjz9XV97hVTtxURFF3pZQix1iXC5tPW2Wz6rm

Debug level 1: CLIENT -> SERVER: A/9/KNV/5Bs4ssYiW9RLblZM+LkGiWsEyg9AasWz4j062bNcntKole41bMRq1HGLASJJ6VcYxblM

Debug level 1: CLIENT -> SERVER: xi4vblbuKEbpzuKvsyNQag4mv7acda3iqZNIEoi3TVDkC5PB6iUGtAKyqMfxV7JNw1ZYsrFF45qE

Debug level 1: CLIENT -> SERVER: Idlj31od5AVqhlZ9bfL8dSc1PzfT2dQ1lVYtnVKqRSpCgbNx0UBtwrMj0u6rQtqBBGxqRFqnVKq+

Debug level 1: CLIENT -> SERVER: knBzpEevDOn8DKEKdPVwoXTocHOYx68M5uLkoYpz7UyifIxxc6Qnrwzp2WzegHRBqSAtCTdHevqq

Debug level 1: CLIENT -> SERVER: kHYH9si8HeqUEtKKcHOkZ68MaXdu3g51SgVpSbg50vNXhvTEHKY1QgXnyXcJ0otXBvNs0YRzQakA

Debug level 1: CLIENT -> SERVER: LQk3R9qxXxXUo4E9Nu+HOqUEtSJcAnWZpOMfEYYTeESP1sEmpeJDAr2cYGVX0NaEsEi7NaKrwslW

Debug level 1: CLIENT -> SERVER: LL8784TCFPOXA2Wj6phoEIgvUeh95BuF/F4EH09904uvt7uEOPKbBAzMAqrhOSKFBKZpGt+HlF/r

Debug level 1: CLIENT -> SERVER: Ee+rLxZFHcGETjZIgQLXbUYLIo+KLwHy5E/7NJEYrfgiEb+eAmMGnqUIcjqOJ1jpAbRbKg58indO

Debug level 1: CLIENT -> SERVER: 38BUqRYJyj7w+YfzXHuwWKjSjyCo1+vdxWDassZsEoCQWYQGsBaUKZtQRlHAapd8XIVZ/ZKPgZR5

Debug level 1: CLIENT -> SERVER: gvEakfbtoZZP/WRr39DAV59OeOPZ/M/EkSnbHc9sx0RfoaTAJv9cQZ2PpqtDwWfmkcLqZafaCBBs

Debug level 1: CLIENT -> SERVER: +Nf/MturMwngW+hZgbHCoZzT2qHnkpDF17oyhgTHCmFpKJUjGfUNGhAUjELwi/dbbMfAg9ai2mhg

Debug level 1: CLIENT -> SERVER: QT6/uSU9QfqHbKcQyJSFTvIPQykt2uI/LTyabV0taosRvxQlfgz1lWqN9YEKr6y7YUbYoSQfI58t

Debug level 1: CLIENT -> SERVER: a+QjlY+LKheCdZk199WiQWX4ofnTsO/+D1BLBwgnqI4WkAsAAFpWAABQSwMEFAAICAgAJ2Y+WwAA

Debug level 1: CLIENT -> SERVER: AAAAAAAAAAAAABQAAABPYmplY3QgMS9jb250ZW50LnhtbOVZW2/bNhR+368QXGBvtHxJ3MZLUnhr

Debug level 1: CLIENT -> SERVER: t6ZIEGBOi+1poKUjmQslCiTly/N+2v7YDkVJphzLlVM0w7A8KBF5Lh8PP57Do1y+3STcW4FUTKRX

Debug level 1: CLIENT -> SERVER: vWF/0PMgDUTI0viq9+nhZ/Km9/b6u0sRRSyAaSiCPIFUk0CkGn97qJ2qqZ296uUynQqqmJqmNAE1

Debug level 1: CLIENT -> SERVER: 1cFUZJBWWlNXelr4siNKb3ln9ULY1daw0V2VjWxDly66ey6EXe1Q0nVXZSOLQXXVI9FVeaM4iQRG

Debug level 1: CLIENT -> SERVER: PcmoZnsoNpylj1e9pdbZ1PfX63V/Pe4LGfvDi4sLv5itAQe1XJZLXkiFgQ8cjDPlD/tDv5JNQNOu

Debug level 1: CLIENT -> SERVER: +IysCynNkwXIzqGhmj7Z1UyCQhFcriFmN0OuToNfq7gzu1ZxS5iDJZWdeVYIN6kyDrtTZRy6ugnV

Debug level 1: CLIENT -> SERVER: y5b9fePf4WTxuLvd8UomXX0Z2UaoAsmyzsu00q6+EKKGahTsYS/gjgaDM9++O9Lro+JryTRIRzw4

Debug level 1: CLIENT -> SERVER: Kh5QHtQRF8mhoKHc0EcJAitD+foQmUCoFoWRb6drYRW2mv7t7nYeLCGhO2H2ZWHCUqVpuouMNJvQ

Debug level 1: CLIENT -> SERVER: utJzX0ImpK4DE3VPvrhbo9pLGNHaDUqqfmGBGMXCl2vBN6fcNyqvaqYx4BWta5Clf9hkIJlRpNzs

Debug level 1: CLIENT -> SERVER: HEkUrhJ3U2RTR9slDxe7VC7jutpEIk9De6gPmbZOHQvWZDnu1LZR77oqZJa4yq8HIixoJKIBkBAC

Debug level 1: CLIENT -> SERVER: rq4vbUKqhz37bvxf9X6inC0k63mYLSqRhPGtO+OqmzkSQ4qgkb9qzZTq+cddzCSjfHjAQzHRwb4r

Debug level 1: CLIENT -> SERVER: kTEdYAZZUdTFrPYl37cMk3cRb29OU3UAxPc0E+qHPTk7+G2hVat/RlS2SkPyVWHJAxbSYqnep5Th

Debug level 1: CLIENT -> SERVER: JQnaQ/NUtkt4vhrjHQukUCLS3u/0AxxiqIWxJ/ci2B7oUpi0+ARSPfG13v22w1yO01yjI80CUtip

Debug level 1: CLIENT -> SERVER: T3nxbGANxLB2VqIsbn94N+B5kvYqTXeQZJjaQGoGyovEdCGBPpIFYOVAg8Z1ZbEUX7PQ1PVh/2w0

Debug level 1: CLIENT -> SERVER: DpICvwPnGLbRS2Eb9F9PJqdhG78Utkn/YnAitrOXwjbqjyavT8Em2/gmxXoPGI64qOyUGVwCi5fa

Debug level 1: CLIENT -> SERVER: bNrZ+QidHwecK8Ayr1lCOXG1I8oVnAK8hYzPA34xeTZwLfMTcGt6OODVYIIdCUiS0RiI1XgHEc25

Debug level 1: CLIENT -> SERVER: 3luUsyDbHoZMZZxuSzylNXONxeaPJFgHrnpcEr04gbfQlouA1zUvo9L05cXLUcBGaZ/VNHiMpblk

Debug level 1: CLIENT -> SERVER: GdYL7NteRcVPTe5SR0OAgS7/gLD2Ldnuk0Bz4abfJngnilOiRC7NR4KIbapZvMQCdTQt9wyktaRZ

Debug level 1: CLIENT -> SERVER: scvm5pYKYt4rrZBJdF/McC1rW8L2fYSmsWnpB08nDAxjLa3hqSVCfyRakIjt/NtL5MoECBsK8meu

Debug level 1: CLIENT -> SERVER: NIu2TRbWs6XVhdBYW3YlEPeDxgh6uRfrXUDMxqZFc4PDCZUxSwmHyJyDIDlMHMPGU3jTVif+k7xZ

Debug level 1: CLIENT -> SERVER: UZ4D0dsM/sf0+RY80fQPBCwhOpwQu+a7lsLht969yomFCLe7vizDvB+qJYC+vrQOTE+fc7sHCrRZ

Debug level 1: CLIENT -> SERVER: ZuU7oFgLFKQKF7+CegPs5M5hxJChnC6Aqz0ZU0skxGheEmwqJSjTK9ZSFQTzDcL2OfY9oRuW5AkJ

Debug level 1: CLIENT -> SERVER: WRQBnh9Dz0F/gB19sf523JXB4lkas5sw//uve+9j33t3780/3Vb43GNpKlZDv7yiHBAtbq/l9tjD

Debug level 1: CLIENT -> SERVER: bI/voVPud7Y5+gY2x8+1iZX/gEG5W7j9BGnkFLGJAkK8mI33Y4j+mhoWras0dna19t4NzqjdXSMQ

Debug level 1: CLIENT -> SERVER: psRXHyzqPIc05ILq5gw2DMNJYdZkmezavCE4+9JEaZx1dD866F5pzG/xzlf/xTx9vJ/dez/OHm7m

Debug level 1: CLIENT -> SERVER: DzPv3cyb39x+fn/z68z7fPP+l9n8KIzn7tRR4kzOz4dPzt+/xp1T3bkju5TcSLZ+Ix37Lf/wuf4H

Debug level 1: CLIENT -> SERVER: UEsHCICiSKOoBQAAMRoAAFBLAwQUAAgICAAnZj5bAAAAAAAAAAAAAAAAEwAAAE9iamVjdCAxL3N0

Debug level 1: CLIENT -> SERVER: eWxlcy54bWzlXOtu2zgW/r9PYaiDQQusooudxvYkLuays7PANCgyHSz214CRKJmoJAoUlcu8zT7L

Debug level 1: CLIENT -> SERVER: vtiSlERRV9OynaQZF2gr8vDwO1ceUZQuPzzE0ewOkgzh5MpwzmxjBhMP+ygJr4zfP/9sLo0Pm79d

Debug level 1: CLIENT -> SERVER: 4iBAHlz72MtjmFAzo48RzGZscJKti84rIyfJGoMMZesExDBbU2+NU5hUg9Yq9VpMVbQIZrrDBbE6

Debug level 1: CLIENT -> SERVER: msIHqjuY0zbGglv9mQWxOton4F53MKdlOlWHB1h38EMWmQE2PRyngKIWiocIJV+ujC2l6dqy7u/v

Debug level 1: CLIENT -> SERVER: z+7nZ5iElrNarSzRKwF7ki7NSSSofM+CEeSTZZZz5lgVbQwp0MXHaVVISR7fQqKtGkBBx6opgRkj

Debug level 1: CLIENT -> SERVER: YeJyv9RjpI5p+NddqO1dd+GAmr0tINp+JoibrjL39V1l7qtjY0C3A/ZdWh9Zp/jr46+1X5FYdy5O

Debug level 1: CLIENT -> SERVER: 21CVR1CqLWZBrY7HGEuofEAR7AKua9sLq7hWqO9Hye8JopAo5N4ouQciT2ocx31KY3SOxShMeMdd

Debug level 1: CLIENT -> SERVER: vqImXOhBzucWgSkmVAIJ9JMd044rZ/EDIKdhlNmZ4GDygWIulYPFo8riQ95U4yNc5zoSymwc4Dzx

Debug level 1: CLIENT -> SERVER: C68vsMCHFBLEu0BU5VuFQ2Gwsl3J/a6xqRJ9gFmSD4AHTR96Uba5LAJUNs+Kaz7dlfEjiNAtQcaM

Debug level 1: CLIENT -> SERVER: RU9FEqPoUe1Rh/M+M4QJw8jsmd2jLDOs8Sm+JwhETs8MokODv0qRIuqxiLoDbCyL8l1z/4pYMhPq

Debug level 1: CLIENT -> SERVER: nf0GkqwHxLcgxdl3Lbqi8bTQKuknaOUxozA+SC25h3wgRJ39niBWM8Bh1XRpddRzMMaPyCM4wwGd

Debug level 1: CLIENT -> SERVER: /Qf8Avs8tIDRonsSbJ/BFsegB5LsOHR2ayiYy/aiiKtQ+jAAeVSWdhXnEpIofUwPRpFRkddNZkpY

Debug level 1: CLIENT -> SERVER: 3iIUsYKwYuWhGLCOiE2aXRlurYsUEBASkG67oxhHNjlOTR9lFCS8omQ56dyL69G8fusOFPINxGqA

Debug level 1: CLIENT -> SERVER: 1xFIwhyErDelosFj+ZISJtYPN0abhckSMkj6PEfQVbwqsj+3VU/JtOr48brLmhcWEXxohadkKbu3

Debug level 1: CLIENT -> SERVER: qM1Udv3rWhi2x2Kby6LqKouvhhkL3VzbRotoVl7FKDFRQmHIxvkoRJTZzBET9fCUPLycEHav8Ng3

Debug level 1: CLIENT -> SERVER: lWMvPtmVFHc4YibhhTYlOTR6GDzGtziq0DTtVdEqNtvcfCORtXhI3txTNjNJJi77he8667haqt6Q

Debug level 1: CLIENT -> SERVER: 4DwVt0lCKkVbTcXo6ssYcnLhsRFm9fSbILDZj8+lymX2i/na1FtoJwapDI7ER8X9wR2Icvj23bch

Debug level 1: CLIENT -> SERVER: /e5Kuh1I06hUttlwy92mGo4hx77Y7dhCHTffTNKPPVk/Y6YZDeRRaVtSvX1Wsd61pj6KS1w0XWJv

Debug level 1: CLIENT -> SERVER: FS3/Ug6xnJ6nXqHvLA/zHcc+re9MT7an8B3HPlIyOY5Yp3AIYdBDHML5SzmE8/TJ5AX7jqPhOz6g

Debug level 1: CLIENT -> SERVER: sF+XrqEQPbbwWv2qitm9yVaP9BECqdNywz7CSagCrrFpwJ1PhTtTenIQ9dtnRIipgBdHBzwJxrnx

Debug level 1: CLIENT -> SERVER: lOqgKB7A8b7GscU5yVozrgcUgpKcsvDud6SxHFNegNhMYwVzDVAD88WJMQ8wyCBPB6cVethhls+W

Debug level 1: CLIENT -> SERVER: FzQkE2aYrtlx04z49cii5GrUZONLzMuq2N1O1fW6anD3wJLL1Si5vip7H1JUvTLX0KmoxlQ5P9Q1

Debug level 1: CLIENT -> SERVER: Xla97c6PkQpebgUt7HWIvTU2rb8qex+wqfzaXGNxoGtobPt+VavExSdHa6PhBS0JB8jqaslq7qVd

Debug level 1: CLIENT -> SERVER: EVL98zX5msxhKT/RMW5KPTcf9/JyL1uDVbSblaPHakfgceWr9y5Sazqmm+vuh81exe46E1cvKrm4

Debug level 1: CLIENT -> SERVER: ryAymbx6kcnlPVJ0zp3nis65c7ToFI5yhOgUBpgena+sXmLynHBRPE1xdICsmovi8dNMp9g8UmQv

Debug level 1: CLIENT -> SERVER: ni2yF8eL7MWRIntxUGTrPtSeuu6+sMBfnnrdfWHBv9xn3f16EsDy2RLA8ngJYHmkBLDcmQAGn5TM

Debug level 1: CLIENT -> SERVER: V8pTptM+/pjyIGdRexfz2cTj+/s4MfEdJEHEXykIQJTBl/iwZ5K0ztMYYyiUnR3AR/LMQnkonXmI

Debug level 1: CLIENT -> SERVER: hSIKkGeOpw5HM1XyXviQ4oS/kKZxbLWA1oX5U3GMVp7XnXbmmeDixSMTRChkMZowXDLFckqPiVj2

Debug level 1: CLIENT -> SERVER: 3WJK8cixZmVzzha/zlli5dUKRiyaM/QnPzHtpLRBzZurQ8mdzuax5L63NcRwSSEY1AeQdyj2Bmbj

Debug level 1: CLIENT -> SERVER: ei17UkDkO4Vm0yYjGirgFf6LKIPuVfwEcZ74kEQogRVNhiPkD5DcI5+/YwVyigcoSnuIScX/a8Xf

Debug level 1: CLIENT -> SERVER: QxRuKbdq5Dd1JwQqdd+EqAysCAaGS90PM5AkgsWe5nEn2adpWv4GX+egbe3e3al/gYC/YXoq12gH

Debug level 1: CLIENT -> SERVER: TzNE3EX5HoDqQQkmMT+Tv9uoSjwVnIYsXrHcw+KNYBvgLvuH+U90iNIqziSzVCbdL1cmIVf+yt4b

Debug level 1: CLIENT -> SERVER: 5B+u/YcE6qOMLR6PTSSzI8kxlHmKdLscS7e9nXUyXe6TTBW53XG5p0X0nnK7Y3L3dtZyu/vI/Znh

Debug level 1: CLIENT -> SERVER: OChPjKSha0zhJN4C1LinM33dAu8Lv59LfLN+1hYEnlfbD4Q4YXXBbWRS0qwZZB9l3bKPc8XE5y9X

Debug level 1: CLIENT -> SERVER: 22e2+96LZ2Jdm71Z2vyPVk0xFz99E/yMMU2Oo6phUCX+8ZVda1ntXzf1A+0xFWv+l5OKyxcmKDV6

Debug level 1: CLIENT -> SERVER: woqlmklb/t9Ybs6zU4XcPzH2J/EuYU0JOs8TQadXbr9/b++xGl3DnBJlEX4iico0oiPRarWfRD+A

Debug level 1: CLIENT -> SERVER: J7cPl0VTGs+rziroSfNvQJKphWZbouOh+gch/AbiqaOgArlTnkD8NIrhHfXsYeXo957HxD/p7eNz

Debug level 1: CLIENT -> SERVER: CjZSwRYEEwvYUm1TXKS8X9rDRSbIPFC9ljJPK14PkHmPumm6zPNRmedPLbMvfl1BrNaHAcpLXmTE

Debug level 1: CLIENT -> SERVER: 7IbNM6uOClQITSYNzmlD7o9pXJ9BVYh63txHJGPNnKTYq7sy+JY9SnJZGvFPwLAMbsbY5xuVxKS3

Debug level 1: CLIENT -> SERVER: tbG27KalvcFXtgWsaGX/NHXBtwy3ZczbZxf82wKiGZCQ9UQw4O3NRlJSN1uLHTzOpPpAgTWMqITy

Debug level 1: CLIENT -> SERVER: 9CgpTnsgNuFYHTNpmNfVM+9Jbeccy3itm6rlsr6pUjaQUuAXH0VjJM6yGtazzNr8j9SPQoFipquO

Debug level 1: CLIENT -> SERVER: p3RkPakrTVea6ksvVWO7PdsaTGllRwwyyUImurKRcxp7cqDGQk8mLOBvLvkKs07Lf7MthAX15sOH

Debug level 1: CLIENT -> SERVER: D5dWu7FsSVtKaNme27G5wlTPwKym58jZP/3vv8yqYFZe1xl441RTKm0dFBW3ht5HUVgdVe7S7k35

Debug level 1: CLIENT -> SERVER: za0R5bod5RZXBIZ8e5ED2lPfs7cFHUU0UkmK63cdRTRmajSJMGrNzt9EGtwzZ6WPJDLFI94rw7Xd

Debug level 1: CLIENT -> SERVER: c9NemXMWH3PbslcWbylRcMLN32cVYIbeXq0Xy/W5LUH3eVAT33O61cxSCcU3SDarlUpYtJ3I/az+

Debug level 1: CLIENT -> SERVER: mLf6P3a5+T9QSwcIlHzKdwUKAAAsUwAAUEsDBBQACAgIACdmPlsAAAAAAAAAAAAAAAAVAAAAT2Jq

Debug level 1: CLIENT -> SERVER: ZWN0IDEvc2V0dGluZ3MueG1stVfbctowEH3vV3j8DuZWpniADCGThjQJGQzp5U3YC9ZE1nokGeO+

Debug level 1: CLIENT -> SERVER: 9tP6Y5UxZKhjWkLwk8e6nHO0Prsrdy/WATNWICRF3jPr1ZppAHfRo3zZM2fT68on86L/oYuLBXXB

Debug level 1: CLIENT -> SERVER: 9tCNAuCqIkEpvUQaejuXdjbdMyPBbSSSSpuTAKStXBtD4Ltt9v5qe0OWjawZ5c8901cqtC0rjuNq

Debug level 1: CLIENT -> SERVER: 3KyiWFr1TqdjbWZ3S13kC7o8lipbvU+FiC9E6YZMzIasUau1rOzdNLYi90LTMPu7OOyO3+9uCbJH

Debug level 1: CLIENT -> SERVER: hSoI0tgY2+FUWs/UlPaKQvwSNbNo3997nqikcwYDAWSKobmbVEmoJylXZr9ea7baXes10JvA72Ch

Debug level 1: CLIENT -> SERVER: itBr70b+Sj3lF0F3au33o98AXfqFylud1rHolYCEFco9WIOXZ4K4+DNt9miDieT/egeuoiuYEq05

Debug level 1: CLIENT -> SERVER: p1QqoY1g9p3fv8bGbdW4GhvO7K5Yd8HgvohD09tzFS/QTjzeu9lAJIjSmfAWEzs+xj9A4BNhEchc

Debug level 1: CLIENT -> SERVER: COaIDAg3+0pEcJofUvwHVGVBfxbUOz9yijpEhiIHzTA1RL3RbjYaH09M7FT1I1nCpc6Q5xKicqcL

Debug level 1: CLIENT -> SERVER: 8Sz0iIJ79F552keh8695GvQNkToqUcAnGN8A8XTdPb9+TeL4AEqnZAnoIzmOlO5V4CTBHJl0IF+g

Debug level 1: CLIENT -> SERVER: zkLicBJOcUKkgryHXvAXhMkTCTLgkdwW29IYJiD1905Lyrfi9lY7sUvk4b+XAe9Ec4+uqDwo/0zg

Debug level 1: CLIENT -> SERVER: xeJPtU4GP1hT6STc9QVy+hNKqHGDSOGQMDdiulScH/5RN099jgf9UtxXraMxdI5G+evVnEhoty4p

Debug level 1: CLIENT -> SERVER: JyI5BmoQhiyZSRBXRJHzn3boE0FcrXWIQShApraYavDi8nuiq0fyCwg+kJTwx4i7Kto0+xKS3yEr

Debug level 1: CLIENT -> SERVER: eMou1WM+ZCjLqDBZj7oWGEwhCMsx4YAx3WxTF93ifEi4C6yEhovEm+huiJwlJcRpJK+2/0uONtnh

Debug level 1: CLIENT -> SERVER: SvAPioO3S+vVv5J16C+y/wdQSwcIP2SQ9uQCAACHDgAAUEsDBBQAAAgAACdmPlv5qcrD+wMAAPsD

Debug level 1: CLIENT -> SERVER: AAAIAAAAbWV0YS54bWw8P3htbCB2ZXJzaW9uPSIxLjAiIGVuY29kaW5nPSJVVEYtOCI/Pgo8b2Zm

Debug level 1: CLIENT -> SERVER: aWNlOmRvY3VtZW50LW1ldGEgeG1sbnM6b2ZmaWNlPSJ1cm46b2FzaXM6bmFtZXM6dGM6b3BlbmRv

Debug level 1: CLIENT -> SERVER: Y3VtZW50OnhtbG5zOm9mZmljZToxLjAiIHhtbG5zOnhsaW5rPSJodHRwOi8vd3d3LnczLm9yZy8x

Debug level 1: CLIENT -> SERVER: OTk5L3hsaW5rIiB4bWxuczpkYz0iaHR0cDovL3B1cmwub3JnL2RjL2VsZW1lbnRzLzEuMS8iIHht

Debug level 1: CLIENT -> SERVER: bG5zOm1ldGE9InVybjpvYXNpczpuYW1lczp0YzpvcGVuZG9jdW1lbnQ6eG1sbnM6bWV0YToxLjAi

Debug level 1: CLIENT -> SERVER: IHhtbG5zOm9vbz0iaHR0cDovL29wZW5vZmZpY2Uub3JnLzIwMDQvb2ZmaWNlIiBvZmZpY2U6dmVy

Debug level 1: CLIENT -> SERVER: c2lvbj0iMS4yIj48b2ZmaWNlOm1ldGE+PG1ldGE6aW5pdGlhbC1jcmVhdG9yPmVsaXNldTwvbWV0

Debug level 1: CLIENT -> SERVER: YTppbml0aWFsLWNyZWF0b3I+PG1ldGE6ZWRpdGluZy1jeWNsZXM+MjwvbWV0YTplZGl0aW5nLWN5

Debug level 1: CLIENT -> SERVER: Y2xlcz48bWV0YTpjcmVhdGlvbi1kYXRlPjIwMjUtMDktMjlUMTI6MjU6MDA8L21ldGE6Y3JlYXRp

Debug level 1: CLIENT -> SERVER: b24tZGF0ZT48ZGM6ZGF0ZT4yMDI1LTA5LTMwVDA5OjQ5OjE1LjA4PC9kYzpkYXRlPjxtZXRhOmVk

Debug level 1: CLIENT -> SERVER: aXRpbmctZHVyYXRpb24+UFQwMEgwME0wMFM8L21ldGE6ZWRpdGluZy1kdXJhdGlvbj48bWV0YTpn

Debug level 1: CLIENT -> SERVER: ZW5lcmF0b3I+QnJPZmZpY2Uub3JnLzMuMSRXaW4zMiBPcGVuT2ZmaWNlLm9yZ19wcm9qZWN0LzMx

Debug level 1: CLIENT -> SERVER: MG0xMSRCdWlsZC05Mzk5PC9tZXRhOmdlbmVyYXRvcj48bWV0YTpkb2N1bWVudC1zdGF0aXN0aWMg

Debug level 1: CLIENT -> SERVER: bWV0YTp0YWJsZS1jb3VudD0iMCIgbWV0YTppbWFnZS1jb3VudD0iMCIgbWV0YTpvYmplY3QtY291

Debug level 1: CLIENT -> SERVER: bnQ9IjEiIG1ldGE6cGFnZS1jb3VudD0iMSIgbWV0YTpwYXJhZ3JhcGgtY291bnQ9IjkiIG1ldGE6

Debug level 1: CLIENT -> SERVER: d29yZC1jb3VudD0iNTAiIG1ldGE6Y2hhcmFjdGVyLWNvdW50PSIyOTMiLz48bWV0YTp0ZW1wbGF0

Debug level 1: CLIENT -> SERVER: ZSB4bGluazp0eXBlPSJzaW1wbGUiIHhsaW5rOmFjdHVhdGU9Im9uUmVxdWVzdCIgeGxpbms6dGl0

Debug level 1: CLIENT -> SERVER: bGU9Ik5vcm1hbCIgeGxpbms6aHJlZj0iIi8+PC9vZmZpY2U6bWV0YT48L29mZmljZTpkb2N1bWVu

Debug level 1: CLIENT -> SERVER: dC1tZXRhPlBLAwQUAAgICAAnZj5bAAAAAAAAAAAAAAAAGAAAAFRodW1ibmFpbHMvdGh1bWJuYWls

Debug level 1: CLIENT -> SERVER: LnBuZ+2WazQbCBqG04tO3Up3t6qUTk+n7bqWtq5VBu1MsUGpRpW4DdYlUlTccpmW0lZLu51SRDK0

Debug level 1: CLIENT -> SERVER: pIi4RkQiqJKSllYREWRckiAiIk3QSDI9Z/bs6a89e87+27O/vu+c5+f7nPf77vl6/6itYaABAAC0

Debug level 1: CLIENT -> SERVER: PS5d8PsyiQDADsDePV826TE7NgCgYedxwfVKOlo4zUiav6R3Z5Zx1/Z4T9+Fc7d/+8H4gXrgwP2g

Debug level 1: CLIENT -> SERVER: WJNT7eHdt5NcNQG0sHX173z9gD7nv11fVJlWbnoC1MV/KRuklWzGY2J2/bItZRkBkHZu2g45Bsl7

Debug level 1: CLIENT -> SERVER: bRZ0494cHX3k/vJonq/7vorcw/8pSPF9iSOjyCUhjvEJzUmH62MNzvDflpRX12AVZ5Q+fwJD2bKz

Debug level 1: CLIENT -> SERVER: 0lOSiRxIJqdNShGTlI9ThrrGh2mX4UOkArm2vMXZqa1VcfbdbM9i2lRCQcCknJmJWmjH1iQYp1GW

Debug level 1: CLIENT -> SERVER: oJPzk4Xv32y4OBnKDNuI0xAn+viRdI2YBayEXdB0TGBLuwf1N2pN4MjZtiQxyoAkg96XeynEhT50

Debug level 1: CLIENT -> SERVER: KqqQO+GzbJ2T3CiQvsNgMP53QzTAb9K13BI+bJISSumz7ziilAn3vQRbreHx1Fni0cTR1xBcYxK8

Debug level 1: CLIENT -> SERVER: Lt8kwQUpEWJXIsTcR3Q4fmomz3yBoONxCHE3krECl5HXs5agtsEKs2Hn13aot17L4U6B7Q556AIT

Debug level 1: CLIENT -> SERVER: UqQTtr2hjsMji8Opnc9SDxqGEmDEGBWuVQrJze9seyKdDTbnnVdqmZd3AWnvrND15JwUH0W+Src0

Debug level 1: CLIENT -> SERVER: 93tVt2sFDNcmWFeMdz0uY8Ingjv4I8KR5izi6M1S3MCWTgvTn13ETK6jApWjoUfyKMK6p7LEjETm

Debug level 1: CLIENT -> SERVER: jMqorD2xhdL2qUaIN5MHFrCe+l8bCpdMQFvQkTP9Fvw5GKSaTA6eQyGWkQS6JX+mHIbL03F6kxaX

Debug level 1: CLIENT -> SERVER: NoI4o2KSTbByrPjbij1Kh38X/DdXlx5G8/vdHg5PgNT+Rg4SyT1Jfvs3IuwogczcQWqssf+YDwHP

Debug level 1: CLIENT -> SERVER: DlgEsk07Ck35g2L/p2CyCkmcmhh9mh4vDzSxl0ogWjbeNQtxNZPyxsGhqkFXEi2arIplU1F1Zpo4

Debug level 1: CLIENT -> SERVER: YF+Yw3B6MId5JWMRZclo6nXISaFuIcERuIgjy7WvUKNd0pjrGxLKxuK+OjUd5YshF3S/yqq/h5DN

Debug level 1: CLIENT -> SERVER: 8jd3sAhIie9jB+1Pk6Fur/Vv2XVDNyD27BR8a53Z6nZ2BaHSTE4UmfJHxBadsVwkayb5ZTKqzDrP

Debug level 1: CLIENT -> SERVER: 5uqOatm8/mQI78Y+qPty6OJGRwge4gichxRQtBCeAbCUaazvrTTyCyW9spewwhlJ8o8KD7C253n+

Debug level 1: CLIENT -> SERVER: wNk08LbebXrFgTfDY0cnI1343KTNjAdVtWvrz5WpsaHkOStFAkkRzDkWU6O1SdtpdDiwChTAzUkb

Debug level 1: CLIENT -> SERVER: FNZKa2vJmxs0jWFPbjBxmuYGNRkQFEGKmkkdyZbUKgL1yqqPZPQsO84BJP37UujekUw0M6QKU1ew

Debug level 1: CLIENT -> SERVER: NLk6aoEQLkc3uYSkGgsUsPP17zJwGr0jeQTH1c/w+nrkTSGPR1eYQabX4dM+JFYP4mqQuDzT1Qat

Debug level 1: CLIENT -> SERVER: 8Ue6BUaK9oWMu1zSp03DjM9Cdt8AfHUVudQ977D65PMKaou2BcAyoEuxGI5u7vcYNvfg2d9ARnaf

Debug level 1: CLIENT -> SERVER: P3RMw3s+/QphF9ruRGpwar4yI+9Oh0juoDc2RWNJhQOYUH/roct0OjNpwj6Vqt5rzEexPpKv7ToP

Debug level 1: CLIENT -> SERVER: lPzCJJ+rPuWbtvgITGXCKMVT9/6hue0Nx31VLIddfhR3km8x4O1W9MampNAPdgEpm+BEvfEU5Q3j

Debug level 1: CLIENT -> SERVER: SHTkQX62Ven6RaOgquKTexL5e0otQLsCecfHDyCcMcBrXM5DGCKrBSc5DtyLiDGOJLv9/Nx7meEI

Debug level 1: CLIENT -> SERVER: v3TK+T4KJNnNCO6OA89VVw6nMqbamXER81kSfQ62Ia8hR/SV7mj3vE+ljA5e4KHKFpOHV3eLWZms

Debug level 1: CLIENT -> SERVER: hrRi5iDjJwuvmDHICcF88vVojhIi28YmspgTG0hmktbjCuckOtKPYmLBIprfGltI7VhvvkbJ/ymx

Debug level 1: CLIENT -> SERVER: mNlM3V3EDXdiHHyPZ7f7f0Tz0x90Wah1mD8d011smFuLoheZdk6PhIc3XVRdplEuRXdSx5EleC4Z

Debug level 1: CLIENT -> SERVER: YsjEvGoOE0bX4G/eAsK10yTljjlindXy4320RxR1mzXKP3t44hE40Mqp6LiF2RZnxRbz0XS7LGDb

Debug level 1: CLIENT -> SERVER: nzsdia8HYUEItWyr5BI9Px21OxXGZuYvaV0GPc/AjdFv+aukQpBue+/Y1pGB8OdHCIdiKNpKoJdA

Debug level 1: CLIENT -> SERVER: SH9F8Q0CEXaGhatt+2Vs/DVeIByuC+7pvnZmam7rYUXHmhOhN7/JrQn/XsUjLRWb6eewG+NQ7P2L

Debug level 1: CLIENT -> SERVER: oUlTTB0mpuO0TM+5RHHyY+JNy2lRh6JoA5ICDuBQEs83KA7oRGREHLpvDrJa29iGyHVVz0SGnBqX

Debug level 1: CLIENT -> SERVER: acepN43zItd/ZeBTM+J1MSOqElJ26hUZ/KI5+PW6da70BtQZ5ymCyXY0nBz6rJ8X3mSVDSe/j0JD

Debug level 1: CLIENT -> SERVER: L/0qRsnRpp1Ru/Gl9mWM5e0YyVRj2HfInmkEDvlAtXQ7C5ZWsQd54A9lsbA+tujEiLf/tnM5xss9

Debug level 1: CLIENT -> SERVER: U2CQNRaUicD0TuAhc41h6J/ZC9JPn1lFsz2nL5OuvCdHnU5cdnfJE9Y69IjwouKTSpnisEZxKTaI

Debug level 1: CLIENT -> SERVER: UxiKLFz3AFGBjGzIiZFq6fpcULprZz843bJVk1sWrk2zfwx7Cxoy8gsIfTKObW3FgFk0zMvrpoue

Debug level 1: CLIENT -> SERVER: RLROiSbkm3M6sXOrdIGc2CTUlyVp/jkXFY3ogg9tzjuL75Pk91oFazNZY5B4CgzhuE1caa2XCYps

Debug level 1: CLIENT -> SERVER: NmlsFU/fcp81Id9DGYZw0VSIatV78aK0hk3v//ao/x/8zwC0aqf1rHV7dvpjvS+fJMDjovcFglvY

Debug level 1: CLIENT -> SERVER: 7d8BUEsHCKJnyVo8CAAAcAoAAFBLAwQUAAgICAAnZj5bAAAAAAAAAAAAAAAADAAAAHNldHRpbmdz

Debug level 1: CLIENT -> SERVER: LnhtbLVZ23LiOBB9369I+Z1AkplcqIQpIMMsExIoIJPaeRN2A1pktUuSA/z9tmRIZbhkCbaeSGyp

Debug level 1: CLIENT -> SERVER: W307fVq+/baIxckrKM1R3gVnp5XgBGSIEZeTu+B52CpdB99qf93ieMxDqEYYpjFIU9JgDC3RJ7Rd

Debug level 1: CLIENT -> SERVER: 6mr2+i5Ilawi01xXJYtBV01YxQTkelv1/eqqU5Y9WQguZ3fB1JikWi7P5/PT+cUpqkn57Obmpuze

Debug level 1: CLIENT -> SERVER: rpeGKMd8cqiqbPV7VYj4pshuyA7jlJ1XKl/K2f/ByeqQ71xzHtTWflibX7tdKch+StxAbH1zsnps

Debug level 1: CLIENT -> SERVER: j3YXkMrqK4f5m9eCXfv+3POL1tcVsCEmwfqNWSb0hksT1Cq35W0Jh0vtwNh4EPvCIzPdJffi/OvV

Debug level 1: CLIENT -> SERVER: eT7ZfwOfTHce+vzs7PL6OOGDKc77EFF+QXPK5AT0hoIRogAmg5pRKRynoy0bCucaHjGCfdLHTOiD

Debug level 1: CLIENT -> SERVER: xZdilpS4jGAB0bavdieX20NloZaHebwdbRxVG0WZG9RsHueI5L7Eu766vjxe6p4i+Vq5ujhWqOYj

Debug level 1: CLIENT -> SERVER: AYWXiZNadEk7of191WFLL5/oBhqD8b7KuzpO9m/EeEiSNtNsiiofDnXYElPTRJHGcrOai5LeQJwV

Debug level 1: CLIENT -> SERVER: Vs7bfmmx0KDaffazypGnb+sBCAgNRC1FD444+o6H72Fl3+sVUu1eQB3x8B6aPUgVM9SRP9NM61HU

Debug level 1: CLIENT -> SERVER: Y4oNGWXzIGGhRbLiQ9cjhDR9sIwBNuGzCPnd1NhG1SEN4h8OItJPaTwC5ceaDnGu5yRiZlfjWidj

Debug level 1: CLIENT -> SERVER: Dkd9jxOz7DE/LXciUUGLK23IDGhTBkrTlj7dRfRBUdmCamKcKNCWNBaOb85xAzJAwE8c7XVcDjOy

Debug level 1: CLIENT -> SERVER: iLcUgTPEiaC/i4+Os6LHElBWzwBMutkPi7CEat4BXXc8JqTw4Stnh6UInrJ4RUx7Cg3hNuXTAyw3

Debug level 1: CLIENT -> SERVER: tTANl18aXDK1DMoHHtnBoIfzrg7aQrVJFooqMFNPDWYp6iktm0jNDIUX75B4UDvT/ZNRzOCNwqjr

Debug level 1: CLIENT -> SERVER: MmoIJmeanG6RrslEmArXH30lfF1KNE7D/r5wJLx1kEV9YBFKsZXoxSCCZQErAjBEVwdNED6iTbq+

Debug level 1: CLIENT -> SERVER: LyjckokOWfRBz8mhI0nE8lmDumeGFS++ZSmGz4IbsFf4lV2vdGVToPbBp62SHwJHTNyvboYssfHR

Debug level 1: CLIENT -> SERVER: Dtr6geJd15zJXipDk/oqw7rgE0nJOzCY9FDzj9QcH52m4Eldv9GaugyptiF6UbRUtcTSNVcffmym

Debug level 1: CLIENT -> SERVER: SlGYbFJbYLS/A0xVuIU12Y3EAXhJvqq7Rp0RQcJKiwMTxZKpbssO15uDcxFm3OMTmiZLTKrgXrF5

Debug level 1: CLIENT -> SERVER: d/Sv7kpLFTwoc1DWx/kDgA8utepdT9tz4+FBcDJabJFLCLVnzSNQQ1iYF4pfV5JbqQZ8MGENXRGt

Debug level 1: CLIENT -> SERVER: LH8EOmLojUS6yxtfs5DusBG8oZ8fT1nOB46B+BuvdwzxdTMwxAqLd9qbSetES/zY5ECiDzSgWNPq

Debug level 1: CLIENT -> SERVER: xijL5GhObaGXUGWjl0KdEFH3Jf+HBdYPqiUH4xEC504Hjb9NJkMQHhrfn/2H5vmYyWjHLJ/n1tYF

Debug level 1: CLIENT -> SERVER: /meqDR8vbdnoF26mj0ymTDQUsJmfHqH7YIeDVxhi1gp9ogEhMyXZmqB4vHIDZY2x3/4su3MXtHs+

Debug level 1: CLIENT -> SERVER: XkwJZ0sKNIrUnilPY/B5l7S6IJlAg4WzicJU7r1OLDrN87V3y3Pclayf6ZlG3XBmkdFLv5cLytsQ

Debug level 1: CLIENT -> SERVER: foNCGt3+Z2r75DW5u+Yub308Lu/7rF77D1BLBwiiCoTR+wQAAJgfAABQSwMEFAAICAgAJ2Y+WwAA

Debug level 1: CLIENT -> SERVER: AAAAAAAAAAAAABUAAABNRVRBLUlORi9tYW5pZmVzdC54bWy1ls9uwjAMxu88RZU7zeA0VRSkTdp1

Debug level 1: CLIENT -> SERVER: 0sQewKRuyZQmUewgePu1TPwZQxOg5pZEye/77DR2Z4tta7INBtLOlmKSP4kMrXKVtk0pPpdv42ex

Debug level 1: CLIENT -> SERVER: mI9mLVhdI3FxGGTdOUvHaSlisIUD0lRYaJEKVoXzaCunYouWi9/7i15pPspO4FobHHcbwy47iWGl

Debug level 1: CLIENT -> SERVER: Ycw7j6UA741WwJ1PubFVvtfKzyVyxi2L0+mzqKZny3U0ZuyB16WQQt7l4Trl1dlaNzHsvdFUEgNH

Debug level 1: CLIENT -> SERVER: WkFIgwel0GA3dUGqGEIfeZfc5FpJBGrjgDER3DsfffdlxET44JqAlO6me+vJ4OycSQbXLTRI8kVz

Debug level 1: CLIENT -> SERVER: C56SatzJviwjFG3/evKoc3UucJuHQQJ7X32h4g/0BhT2hYzkz1I2ScW/k9sXVtnXmKv8Lm/8WBH6

Debug level 1: CLIENT -> SERVER: n0u8M0iDYw+5lal8HwVSB0DI3PXpRxRu6KbkA0JFa8T7murR3qBBt8gwWJtbrmO7sqANST4Mc2+b

Debug level 1: CLIENT -> SERVER: oeHDPoeL257JPz9l829QSwcI5xErG3oBAADPCQAAUEsBAhQAFAAACAAAJ2Y+W17GMgwnAAAAJwAA

Debug level 1: CLIENT -> SERVER: AAgAAAAAAAAAAAAAAAAAAAAAAG1pbWV0eXBlUEsBAhQAFAAACAAAJ2Y+WwAAAAAAAAAAAAAAABoA

Debug level 1: CLIENT -> SERVER: AAAAAAAAAAAAAAAATQAAAENvbmZpZ3VyYXRpb25zMi9zdGF0dXNiYXIvUEsBAhQAFAAICAgAJ2Y+

Debug level 1: CLIENT -> SERVER: WwAAAAACAAAAAAAAACcAAAAAAAAAAAAAAAAAhQAAAENvbmZpZ3VyYXRpb25zMi9hY2NlbGVyYXRv

Debug level 1: CLIENT -> SERVER: ci9jdXJyZW50LnhtbFBLAQIUABQAAAgAACdmPlsAAAAAAAAAAAAAAAAYAAAAAAAAAAAAAAAAANwA

Debug level 1: CLIENT -> SERVER: AABDb25maWd1cmF0aW9uczIvZmxvYXRlci9QSwECFAAUAAAIAAAnZj5bAAAAAAAAAAAAAAAAGgAA

Debug level 1: CLIENT -> SERVER: AAAAAAAAAAAAAAASAQAAQ29uZmlndXJhdGlvbnMyL3BvcHVwbWVudS9QSwECFAAUAAAIAAAnZj5b

Debug level 1: CLIENT -> SERVER: AAAAAAAAAAAAAAAAHAAAAAAAAAAAAAAAAABKAQAAQ29uZmlndXJhdGlvbnMyL3Byb2dyZXNzYmFy

Debug level 1: CLIENT -> SERVER: L1BLAQIUABQAAAgAACdmPlsAAAAAAAAAAAAAAAAYAAAAAAAAAAAAAAAAAIQBAABDb25maWd1cmF0

Debug level 1: CLIENT -> SERVER: aW9uczIvbWVudWJhci9QSwECFAAUAAAIAAAnZj5bAAAAAAAAAAAAAAAAGAAAAAAAAAAAAAAAAAC6

Debug level 1: CLIENT -> SERVER: AQAAQ29uZmlndXJhdGlvbnMyL3Rvb2xiYXIvUEsBAhQAFAAACAAAJ2Y+WwAAAAAAAAAAAAAAAB8A

Debug level 1: CLIENT -> SERVER: AAAAAAAAAAAAAAAA8AEAAENvbmZpZ3VyYXRpb25zMi9pbWFnZXMvQml0bWFwcy9QSwECFAAUAAgI

Debug level 1: CLIENT -> SERVER: CAAnZj5b/V3DCcMBAAA2BAAAGwAAAAAAAAAAAAAAAAAtAgAAT2JqZWN0UmVwbGFjZW1lbnRzL09i

Debug level 1: CLIENT -> SERVER: amVjdCAxUEsBAhQAFAAICAgAJ2Y+WzSXC5eIBQAArhUAAAsAAAAAAAAAAAAAAAAAOQQAAGNvbnRl

Debug level 1: CLIENT -> SERVER: bnQueG1sUEsBAhQAFAAICAgAJ2Y+WyeojhaQCwAAWlYAAAoAAAAAAAAAAAAAAAAA+gkAAHN0eWxl

Debug level 1: CLIENT -> SERVER: cy54bWxQSwECFAAUAAgICAAnZj5bgKJIo6gFAAAxGgAAFAAAAAAAAAAAAAAAAADCFQAAT2JqZWN0

Debug level 1: CLIENT -> SERVER: IDEvY29udGVudC54bWxQSwECFAAUAAgICAAnZj5blHzKdwUKAAAsUwAAEwAAAAAAAAAAAAAAAACs

Debug level 1: CLIENT -> SERVER: GwAAT2JqZWN0IDEvc3R5bGVzLnhtbFBLAQIUABQACAgIACdmPls/ZJD25AIAAIcOAAAVAAAAAAAA

Debug level 1: CLIENT -> SERVER: AAAAAAAAAPIlAABPYmplY3QgMS9zZXR0aW5ncy54bWxQSwECFAAUAAAIAAAnZj5b+anKw/sDAAD7

Debug level 1: CLIENT -> SERVER: AwAACAAAAAAAAAAAAAAAAAAZKQAAbWV0YS54bWxQSwECFAAUAAgICAAnZj5bomfJWjwIAABwCgAA

Debug level 1: CLIENT -> SERVER: GAAAAAAAAAAAAAAAAAA6LQAAVGh1bWJuYWlscy90aHVtYm5haWwucG5nUEsBAhQAFAAICAgAJ2Y+

Debug level 1: CLIENT -> SERVER: W6IKhNH7BAAAmB8AAAwAAAAAAAAAAAAAAAAAvDUAAHNldHRpbmdzLnhtbFBLAQIUABQACAgIACdm

Debug level 1: CLIENT -> SERVER: PlvnESsbegEAAM8JAAAVAAAAAAAAAAAAAAAAAPE6AABNRVRBLUlORi9tYW5pZmVzdC54bWxQSwUG

Debug level 1: CLIENT -> SERVER: AAAAABMAEwD9BAAArjwAAAAA

Debug level 1: CLIENT -> SERVER: 

Debug level 1: CLIENT -> SERVER: --b1=_r6UnWiWecMa46EsVrgKrInlOEL5WlAoFLeJmRu9W3I--

Debug level 1: CLIENT -> SERVER: 

Debug level 1: CLIENT -> SERVER: .

Debug level 2: SERVER -> CLIENT: 250 2.0.0 Ok: queued as D4E7D2001D18

Debug level 1: CLIENT -> SERVER: QUIT

Debug level 2: SERVER -> CLIENT: 221 2.0.0 Bye

