Debug level 2: SERVER -> CLIENT: 220 smtp-sp217-9.kinghost.net ESMTP

Debug level 1: CLIENT -> SERVER: EHLO localhost

Debug level 2: SERVER -> CLIENT: 250-smtp-sp217-9.kinghost.net
250-PIPELINING
250-SIZE 62914560
250-VRFY
250-ETRN
250-STARTTLS
250-AUTH PLAIN LOGIN
250-AUTH=PLAIN LOGIN
250-ENHANCEDSTATUSCODES
250-8BITMIME
250-DSN
250 CHUNKING

Debug level 1: CLIENT -> SERVER: AUTH LOGIN

Debug level 2: SERVER -> CLIENT: 334 VXNlcm5hbWU6

Debug level 1: CLIENT -> SERVER: [credentials hidden]
Debug level 2: SERVER -> CLIENT: 334 UGFzc3dvcmQ6

Debug level 1: CLIENT -> SERVER: [credentials hidden]
Debug level 2: SERVER -> CLIENT: 235 2.7.0 Authentication successful

Debug level 1: CLIENT -> SERVER: MAIL FROM:<ourodosul@ourodosul.com.br>

Debug level 2: SERVER -> CLIENT: 250 2.1.0 Ok

Debug level 1: CLIENT -> SERVER: RCPT TO:<rosemarorth@hotmail.com>

Debug level 2: SERVER -> CLIENT: 250 2.1.5 Ok

Debug level 1: CLIENT -> SERVER: DATA

Debug level 2: SERVER -> CLIENT: 354 End data with <CR><LF>.<CR><LF>

Debug level 1: CLIENT -> SERVER: Date: Wed, 1 Oct 2025 14:00:59 +0200

Debug level 1: CLIENT -> SERVER: To: rosemarorth@hotmail.com

Debug level 1: CLIENT -> SERVER: From: ourodosul@ourodosul.com.br

Debug level 1: CLIENT -> SERVER: Subject: =?iso-8859-1?Q?Atualiza=C3=A7=C3=A3o_de_Cadastro?=

Debug level 1: CLIENT -> SERVER: Message-ID: <4R9yBUo00XNHm1MQxKjGaaMKozIrTgQ5OOfabk5Iws8@localhost>

Debug level 1: CLIENT -> SERVER: X-Mailer: PHPMailer 6.10.0 (https://github.com/PHPMailer/PHPMailer)

Debug level 1: CLIENT -> SERVER: MIME-Version: 1.0

Debug level 1: CLIENT -> SERVER: Content-Type: multipart/mixed;

Debug level 1: CLIENT -> SERVER:  boundary="b1=_4R9yBUo00XNHm1MQxKjGaaMKozIrTgQ5OOfabk5Iws8"

Debug level 1: CLIENT -> SERVER: Content-Transfer-Encoding: 8bit

Debug level 1: CLIENT -> SERVER: 

Debug level 1: CLIENT -> SERVER: --b1=_4R9yBUo00XNHm1MQxKjGaaMKozIrTgQ5OOfabk5Iws8

Debug level 1: CLIENT -> SERVER: Content-Type: multipart/alternative;

Debug level 1: CLIENT -> SERVER:  boundary="b2=_4R9yBUo00XNHm1MQxKjGaaMKozIrTgQ5OOfabk5Iws8"

Debug level 1: CLIENT -> SERVER: 

Debug level 1: CLIENT -> SERVER: --b2=_4R9yBUo00XNHm1MQxKjGaaMKozIrTgQ5OOfabk5Iws8

Debug level 1: CLIENT -> SERVER: Content-Type: text/plain; charset=iso-8859-1

Debug level 1: CLIENT -> SERVER: Content-Transfer-Encoding: 8bit

Debug level 1: CLIENT -> SERVER: 

Debug level 1: CLIENT -> SERVER: (Sem conteúdo)

Debug level 1: CLIENT -> SERVER: 

Debug level 1: CLIENT -> SERVER: --b2=_4R9yBUo00XNHm1MQxKjGaaMKozIrTgQ5OOfabk5Iws8

Debug level 1: CLIENT -> SERVER: Content-Type: text/html; charset=iso-8859-1

Debug level 1: CLIENT -> SERVER: Content-Transfer-Encoding: 8bit

Debug level 1: CLIENT -> SERVER: 

Debug level 1: CLIENT -> SERVER: <p>(Sem conteúdo)</p>

Debug level 1: CLIENT -> SERVER: 

Debug level 1: CLIENT -> SERVER: 

Debug level 1: CLIENT -> SERVER: --b2=_4R9yBUo00XNHm1MQxKjGaaMKozIrTgQ5OOfabk5Iws8--

Debug level 1: CLIENT -> SERVER: 

Debug level 1: CLIENT -> SERVER: --b1=_4R9yBUo00XNHm1MQxKjGaaMKozIrTgQ5OOfabk5Iws8

Debug level 1: CLIENT -> SERVER: Content-Type: application/octet-stream; name="30962  .1 ANDREIA DALMASO.odt"

Debug level 1: CLIENT -> SERVER: Content-Transfer-Encoding: base64

Debug level 1: CLIENT -> SERVER: Content-Disposition: attachment; filename="30962  .1 ANDREIA DALMASO.odt"

Debug level 1: CLIENT -> SERVER: 

Debug level 1: CLIENT -> SERVER: UEsDBBQAAAgAABhgQVtexjIMJwAAACcAAAAIAAAAbWltZXR5cGVhcHBsaWNhdGlvbi92bmQub2Fz

Debug level 1: CLIENT -> SERVER: aXMub3BlbmRvY3VtZW50LnRleHRQSwMEFAAACAAAGGBBWwAAAAAAAAAAAAAAABoAAABDb25maWd1

Debug level 1: CLIENT -> SERVER: cmF0aW9uczIvc3RhdHVzYmFyL1BLAwQUAAgICAAYYEFbAAAAAAAAAAAAAAAAJwAAAENvbmZpZ3Vy

Debug level 1: CLIENT -> SERVER: YXRpb25zMi9hY2NlbGVyYXRvci9jdXJyZW50LnhtbAMAUEsHCAAAAAACAAAAAAAAAFBLAwQUAAAI

Debug level 1: CLIENT -> SERVER: AAAYYEFbAAAAAAAAAAAAAAAAGAAAAENvbmZpZ3VyYXRpb25zMi9mbG9hdGVyL1BLAwQUAAAIAAAY

Debug level 1: CLIENT -> SERVER: YEFbAAAAAAAAAAAAAAAAGgAAAENvbmZpZ3VyYXRpb25zMi9wb3B1cG1lbnUvUEsDBBQAAAgAABhg

Debug level 1: CLIENT -> SERVER: QVsAAAAAAAAAAAAAAAAcAAAAQ29uZmlndXJhdGlvbnMyL3Byb2dyZXNzYmFyL1BLAwQUAAAIAAAY

Debug level 1: CLIENT -> SERVER: YEFbAAAAAAAAAAAAAAAAGAAAAENvbmZpZ3VyYXRpb25zMi9tZW51YmFyL1BLAwQUAAAIAAAYYEFb

Debug level 1: CLIENT -> SERVER: AAAAAAAAAAAAAAAAGAAAAENvbmZpZ3VyYXRpb25zMi90b29sYmFyL1BLAwQUAAAIAAAYYEFbAAAA

Debug level 1: CLIENT -> SERVER: AAAAAAAAAAAAHwAAAENvbmZpZ3VyYXRpb25zMi9pbWFnZXMvQml0bWFwcy9QSwMEFAAICAgAGGBB

Debug level 1: CLIENT -> SERVER: WwAAAAAAAAAAAAAAAAsAAABjb250ZW50LnhtbL1YUXLbNhD97ylQZabTflCw7LYTs5Y8bhxnMmM7

Debug level 1: CLIENT -> SERVER: nkqZ9hcmIRFTEEAAUJLz1Tv0BP3K9AA9gW/Sk3QBkjBpiQplZ+oPWcS+3X3YXSyWOjld5xwtqTZM

Debug level 1: CLIENT -> SERVER: ivFgNDwYICoSmTKxGA/ezy6il4PTyVcncj5nCY1TmRQ5FTZKpLDwH4G2MHEpHQ8KLWJJDDOxIDk1

Debug level 1: CLIENT -> SERVER: sU1iqaioteImOva+yhVj73hvdQ9ualu6tn2VHbalS277e/bgpnaqyaqvssNCUJvqc9lXeW14NJcQ

Debug level 1: CLIENT -> SERVER: 9VwRyx6xWHMmfh8PMmtVjPFqtRqujoZSL/Do+PgYe2kgnAScKjT3qDTBlFPnzODRcIRrbE4t6cvP

Debug level 1: CLIENT -> SERVER: YZuURJHfUt07NMSSjaya5aJ3RSwXHaFJMqJ714YHt9N7lPZP71Ha1M2JzTpy8hJfgdB/XF0+1ILO

Debug level 1: CLIENT -> SERVER: +/py2FaoEs1U722W6Ka+lDJQdQrlAfV0Dw8OvsflcwO92glfaWapbsCTnfCE8CREXObbgga4EQZE

Debug level 1: CLIENT -> SERVER: RJeuTEPhu0CYDoVDXIoD2KSdpn+7upwmGc3JA5h9HhwxYSwRD5HRLgmdO/0Ba6qktiEw8/4NE7J1

Debug level 1: CLIENT -> SERVER: GLykcxLcANIMvYXIKXpfTQvYnUzsVF6ESmOU12UdSFb+6VpRzZwi4S5zUW5gl5BNqeKGdlk8lWbj

Debug level 1: CLIENT -> SERVER: 8jgcTOqboqwyg8PCHG6MaE4SGqU04WZyUp74sIzKZ8djPJiRTLpswMmuETnjd0GAd6u/Ipzdajba

Debug level 1: CLIENT -> SERVER: YqASDVBL38miBRWweShWs2LG9PTxRBcadiFaCMVsAh1jSTRz10xP9+iSLTK7hcQ3REnzUwtVLv2P

Debug level 1: CLIENT -> SERVER: tLbF/2m8yow8g9fFFiq7Pd4ZS/PnuLwsEpYSNCXCoPeCwUxFO+OxBdsnKs/meDVFb6TNWNLJLCC+

Debug level 1: CLIENT -> SERVER: GB/c1RCqdVJYqELLksjbCZ3Cf7bY34yCr4qzIposNFFZLYAFN676h6jUmkLPTolOa0gOswfVkSKL

Debug level 1: CLIENT -> SERVER: DUTtOpiNFHRCqi2jJjhwatW446j7LTYYd9OfbdB302lw6h6a/uYyTiSX4ObFgf+rtT1QFhYGPbA6

Debug level 1: CLIENT -> SERVER: J9zQlsitRzbTslhkUTVqCyloK1GPGyd48+uGfYT10UjZxlptQ+eE+2Xvx2QkdaNB07YXFCKl2rNo

Debug level 1: CLIENT -> SERVER: ea/NrajrAg/2HrGK4HYjotXUHwCOXg0oSTaFPuuVdIv10vEOgHfvJktO17sIBEgHhSDvJtEB8fGj

Debug level 1: CLIENT -> SERVER: ucpImYiN2MrlttBuA1TF453675uVijuPYCW4leldeHDmJyf+jcrQDwW8NoajvLmI/FLKjOLkrq7W

Debug level 1: CLIENT -> SERVER: iMNAx8cDKGUvLovwLeeFsRr8S+E4PsvYrG47z7PiDuZzjZyXb4A+7N1RU6VKs2NBn5v8LHOUMvI1

Debug level 1: CLIENT -> SERVER: OvtQMHT/N4Lr4l2hJUolmhZ8iG7gzsilQfBm7iYyohEMm4g49GnlT3W7aLQ8L4NXXdzx9ejg+MfD

Debug level 1: CLIENT -> SERVER: KhKKiE1b0NcmqALgyXCEzq7Pf3n99gydn11enU3f1bsH5ck+zF7DtO12CA1dw5pENHe7tcRK5Do0

Debug level 1: CLIENT -> SERVER: IraAI/oRtm5ogRKSQmfXsgyNQ84ZHC0vNBC+FEydon0IXMucxntpvLq5QP/+8edeOufwNoyA8DUx

Debug level 1: CLIENT -> SERVER: iR/FZbxXlHLCOPpWuT0bqp2lOeOZ/C5GzXzuYXFGOYWuQdsGPvd1Btn5NSPWEKVO99J8Is3X7pah

Debug level 1: CLIENT -> SERVER: 95/kfimqz03hjgw1hoaagsjZautlfSli/LmCKVnef7r/By5lV0SmgCs6pzpxJbXXWZs2yhR82/u/

Debug level 1: CLIENT -> SERVER: IGU5gvRXNSBCDQz3sIu/HAa3ej1uXQO440fByX9QSwcIanqohCAFAABVFAAAUEsDBBQACAgIABhg

Debug level 1: CLIENT -> SERVER: QVsAAAAAAAAAAAAAAAAKAAAAc3R5bGVzLnhtbN1czZLbuBG+5ylUciU3SiT1r3i8lTjrJFV2Jdmx

Debug level 1: CLIENT -> SERVER: z1sQCUmMKYIFgqPRvk4OOeUp/GJpAAQJkiBF/Vme2alyrdANoPH1D5oNkG9/et6FvSdMk4BED31n

Debug level 1: CLIENT -> SERVER: YPd7OPKIH0Sbh/6Xzx+sef+nd797S9brwMNLn3jpDkfMStghxEkPOkfJUhIf+imNlgQlQbKM0A4n

Debug level 1: CLIENT -> SERVER: S+YtSYwj1Wmpcy/FVLJFDNa1u2DWezP8zLp25rylvmjVfWbBrPf2Kdp37cx5AVO9+5p07fychNaa

Debug level 1: CLIENT -> SERVER: WB7ZxYgFFSmewyD6+tDfMhYvh8P9fj/YjwaEbobOYrEYCmousJfzxSkNBZfvDXGI+WTJ0Bk4Q8W7

Debug level 1: CLIENT -> SERVER: wwx1lY/z6iJF6W6FaWdoEEM1rSZPm84W8bRpgMbbItrZNgRzWb0jv7t6R77ed4fYtkEn8+EnIIp/

Debug level 1: CLIENT -> SERVER: Pn0sbIHuus7FeUtQeTSIOy9Tcuv9CSG5qLyDdFAhrmvb46H8rXHvW9n3NGCYauxeK7uHQi9HnOxM

Debug level 1: CLIENT -> SERVER: oAGfMwQOCz9xM1XclC+6ceTJkOKYUJYLsu4eoAAdN5/FX6N8GuBMBmIEi3cUc+kjDLknDHmXN/1e

Debug level 1: CLIENT -> SERVER: Fui04Or236lIuiYQRdfIw5aPvTB591Z6QN7ck7+5nA/9z2hLdqjfA0tXHLsgPOSEYXv39ygMVjRw

Debug level 1: CLIENT -> SERVER: DANkpH6v1J/TrA2OMA1Aeck+SJKOc5w5BYVVRCWOOGAeeNATogEPux2n730MNltmEOIPKCbJH0tc

Debug level 1: CLIENT -> SERVER: suk7imXC/zy5pEYukOuDQZT2GQ8Jw7tLpvyYeoGPeo8oSnpfogBSDNyIh4G3CyoXy/jpsfdXwraB

Debug level 1: CLIENT -> SERVER: 1yhZznE1eYZNASFrl5mWktvHa5SGWf6lRs4k3FAUc9kVb/bbiimEKMoCyNd4FrJMtsgnewvGTzCz

Debug level 1: CLIENT -> SERVER: nh/69mDkgZwG4qFCZLBFWpBRYCuJkQf5jLUlNPgNREchZ3XnrcxPXAyvzgoBtOuoNVbDmBksIaxj

Debug level 1: CLIENT -> SERVER: H7CtJTPENQoTzQJiRJFASMdnTZZi8C3mnggh257/Xo3HR7FQygifGYwl8DGRA6Aw3iLFJvqvKEaQ

Debug level 1: CLIENT -> SERVER: kyUMDIEpCt8YucQ7MOeHfkgttioZRxD5mO8lPL/Wl6hEV5JDHgr6J3HCrad5MTk7l1tbo2xNEwzg

Debug level 1: CLIENT -> SERVER: RFzXYnKPhAQyNkZTcEuAQTQmwW8gqePETLSFKNqkaANNWYNH0ohRMJI//5IvHzPY/a2vmEZCdDmg

Debug level 1: CLIENT -> SERVER: tko+pgU7KIrUyFnHbHBFw3ngzWZRhC+P9fF4+hfi54YRcyqi1TFz0uOf+gWcJS/r4no5/v1j5rVD

Debug level 1: CLIENT -> SERVER: dBNEFqgPDJYba9G2IozxBIjbsZuRDNYIrdtDvMUR5LskskLk+wC4WNBDPyJgOruAnWi0cRp5LJUD

Debug level 1: CLIENT -> SERVER: 7oEMCQ+ABwo8btXKGi0/AI+P+CSQ6EycwhHLdh+DRgovPMM4Nd1XUo9bmi2fSlmgeSu7nYmLuXNL

Debug level 1: CLIENT -> SERVER: /XAj89cNC6uYU7U2incITJU/KymTc2tMcZpsKywX+JZ47NaDX4h1i5FP5StCuRdwE4OdAOwlRHHC

Debug level 1: CLIENT -> SERVER: 7ffSiS1K9pXJoaXi1F8xjsGlN5ht+WMv97djE+sTSjN+BO/xEfX7jbFFKS9ESQLigescDTeEgpdH

Debug level 1: CLIENT -> SERVER: idLSPgCfkr+a96QLnLNY9JHFfg5YiI+uFBryYpNlRiniMuoMn6HhV9f+dUX8wzmIlQL0YOyOmoK0

Debug level 1: CLIENT -> SERVER: M3bMQdqWQVoYhcg/IpF/oHCPDskxdOtxLX94KIc3d67CmwxdebJg2QPbmRfh96TQpmfA5oAm5z0r

Debug level 1: CLIENT -> SERVER: Oomu3U3EoEjYY+IQHTRV93TyJYZ0to00buIO38Q7L/cjbJ/nrKPF3kM+ZEdzK7RU1BS6Cf4exTzq

Debug level 1: CLIENT -> SERVER: X1EHIClFJzqqRLtFET1R+5WVSZFeJ/keJyjCiVXh0m5200qS4WZeKNt4D0iy4LmlxYNkH50oIMmo

Debug level 1: CLIENT -> SERVER: hs5G/bQkAebxc3o2Q2cF/x0eSZ6vqN5AjNeq3ivp6mo2/jeM+IkI9zPHHIsyjp7z3TY1lVaQlAk8

Debug level 1: CLIENT -> SERVER: QvzEcx/n8k1vOpoc3/RO3d5E3i0yhTfuejJeTJszeVXFq2x4dtWs9V2pSjxhV7JP2ZU0S3DbLcG9

Debug level 1: CLIENT -> SERVER: tyW4l1tC8SD6I1mCM22xhBrxhKen6ZmWMGq3hNG9LWH0ciyhoulxm6arxBM0PT5T0+N2TY/vrenx

Debug level 1: CLIENT -> SERVER: 5Zou1FnTtD27haabk6aT8qIPhr5n5zyayiftKp/cW+WTl6PyFt2do5lpu2am99bM9HLNFPBXNXO5

Debug level 1: CLIENT -> SERVER: ViYL/vdyHHHWru7ZvdU9exnqvrITztu1Mr+3VuYXa+VmGnFn/O/lOOCiXdWLe6t68eOr+hrO95iu

Debug level 1: CLIENT -> SERVER: 2D3K594Wxfxm1zFE5ZljGGzAVj0QAOfHTv9OExasDxY/mYEZ94T6tXP5UzYs7RnBUAiHcOpOM9Wd

Debug level 1: CLIENT -> SERVER: Up6rPXNc4nz1x44r+ua/UsIuM4OrPQQWpJupf2zzv2uEywth56V67iP/rCJdjoucrVfjuaWaQrxm

Debug level 1: CLIENT -> SERVER: 4vh9VlYTlUdTtq6hQFw0yRrl6Pzc0ioRc+V0rRQzHCWYY1MyzTIuGVfvu1mvgmXijo24GCjHK6EF

Debug level 1: CLIENT -> SERVER: 6SyDP0cPvE+MfL7ZZmtSGlWtFUWr5mw1o8moQiiWU9Cyo3Q5QUQirLdmE1SbVfrKzx17CQkDv6c/

Debug level 1: CLIENT -> SERVER: 52dc2lOlgfH71g4uDAF/kRlIKQrwHx9gbLPVZz2KgNDTefM7BzxlGTbP+/nb/1gaEnEQwf95vy0u

Debug level 1: CLIENT -> SERVER: dVQORyVnz+npPKV5XnmpXsPK7YaVewesfoxitobVqBtWo6tg9SOWezUsxt2wGF8Xi7OD2g0fAzVQ

Debug level 1: CLIENT -> SERVER: Jt1AmdzCmc56YNJkn3aTfXqR7C+isKaBMusGyuwqoFxZofNuss8vM8aXUKjRQFl0A2VxFVCurNDj

Debug level 1: CLIENT -> SERVER: Yp8s9InJy9Uu1t3l2hyvDnVBs+C7bqzrWJO59yb/Htzr23+//ecISjnbRSD9MJUL7QH951285S8y

Debug level 1: CLIENT -> SERVER: tj+jV7nul9tcuPKSvuXqUFfVZ+w/SJJ3PRP4Ba8xxZF3pE5TY+u6diGueNeN1zCSHQpDy0Nx0m8A

Debug level 1: CLIENT -> SERVER: xhAs7IVewN1nd6xXJPRLmEiCAq2JnGMmGDoj9o+PP1dX3uFVO3FREUXellCLHWJcLm09bZbPquYD

Debug level 1: CLIENT -> SERVER: /38o1X/kGziyxiJb1EtuVkz4uQaJawTKD0BqxbPiPTrZs1ye0qiV7jVsxGrUcYsBIknpVxjFuUzG

Debug level 1: CLIENT -> SERVER: Li9uVu4oRunO4q+zI1BqDia/tpx1reKpk0gSiLdNUOQLk8HqJQa0ArKox/FXsk3DVliysUXjmoQh

Debug level 1: CLIENT -> SERVER: 2WPfWh3kBWqGVn1t8vx1JzU/N9PZ1DWVVi2dUqpFKkKBs3HRQG3CsyPS7qtC2oEEbGpEWqdUqr6S

Debug level 1: CLIENT -> SERVER: cHOkR68M6fwMoQp09XChdOhwc5jHrwzm4uShinPtTKJ8jHFzpCevDOnZbN6AdEGpIC0JN0d6+qqQ

Debug level 1: CLIENT -> SERVER: dgf2yLwd6pQS0opwc6Rnrwxpd27eDnVKBWlJuDnS81eG9MQcpjVCBefJdwnSi1cG82zRhHNBqQAt

Debug level 1: CLIENT -> SERVER: CTdH2rFfFdSjgT0274c6pQS1IlwCdZmk4x8RhhN4RI/WwSal4kMCvZxgZVfQ1oSwSLs1oqvCyVYs

Debug level 1: CLIENT -> SERVER: vzvzhMIU85cDZaPqmGgQiC9R6H3kG4X8XgQfT33Ti6+3u4Q48psEDMwCquE5IoUEpmka34eUX+sR

Debug level 1: CLIENT -> SERVER: 76svFkUdwYRONkiBAtdtRgsij4ovAfLkT/s0kRit+CIRv54CYwaepQhyOo4nWOkBtFsqDnyKd07f

Debug level 1: CLIENT -> SERVER: wFSpFgnKPvD5h/Nce7BYqNKPIKjX693FYNqyxmwSgJBZhAawFpQpm1BGUcBql3xchVn9ko+BlHmC

Debug level 1: CLIENT -> SERVER: 8RqR9u2hlk/9ZGvf0MBXn05449n8z8SRKdsdz2zHRF+hpMAm/1xBnY+mq0PBZ+aRwuplp9oIEGz4

Debug level 1: CLIENT -> SERVER: 1/8y26szCeBb6FmBscKhnNPaoeeSkMXXujKGBMcKYWkolSMZ9Q0aEBSMQvCL91tsx8CD1qLaaGBB

Debug level 1: CLIENT -> SERVER: Pr+5JT1B+odspxDIlIVO8g9DKS3a4j8tPJptXS1qixG/FCV+DPWVao31gQqvrLthRtihJB8jny1r

Debug level 1: CLIENT -> SERVER: 5COVj4sqF4J1mTX31aJBZfih+dOw7/4PUEsHCCeojhaQCwAAWlYAAFBLAwQUAAAIAAAYYEFbmHQZ

Debug level 1: CLIENT -> SERVER: yfwDAAD8AwAACAAAAG1ldGEueG1sPD94bWwgdmVyc2lvbj0iMS4wIiBlbmNvZGluZz0iVVRGLTgi

Debug level 1: CLIENT -> SERVER: Pz4KPG9mZmljZTpkb2N1bWVudC1tZXRhIHhtbG5zOm9mZmljZT0idXJuOm9hc2lzOm5hbWVzOnRj

Debug level 1: CLIENT -> SERVER: Om9wZW5kb2N1bWVudDp4bWxuczpvZmZpY2U6MS4wIiB4bWxuczp4bGluaz0iaHR0cDovL3d3dy53

Debug level 1: CLIENT -> SERVER: My5vcmcvMTk5OS94bGluayIgeG1sbnM6ZGM9Imh0dHA6Ly9wdXJsLm9yZy9kYy9lbGVtZW50cy8x

Debug level 1: CLIENT -> SERVER: LjEvIiB4bWxuczptZXRhPSJ1cm46b2FzaXM6bmFtZXM6dGM6b3BlbmRvY3VtZW50OnhtbG5zOm1l

Debug level 1: CLIENT -> SERVER: dGE6MS4wIiB4bWxuczpvb289Imh0dHA6Ly9vcGVub2ZmaWNlLm9yZy8yMDA0L29mZmljZSIgb2Zm

Debug level 1: CLIENT -> SERVER: aWNlOnZlcnNpb249IjEuMiI+PG9mZmljZTptZXRhPjxtZXRhOmluaXRpYWwtY3JlYXRvcj5lbGlz

Debug level 1: CLIENT -> SERVER: ZXU8L21ldGE6aW5pdGlhbC1jcmVhdG9yPjxtZXRhOmVkaXRpbmctY3ljbGVzPjI8L21ldGE6ZWRp

Debug level 1: CLIENT -> SERVER: dGluZy1jeWNsZXM+PG1ldGE6Y3JlYXRpb24tZGF0ZT4yMDI1LTA5LTI5VDEyOjI1OjAwPC9tZXRh

Debug level 1: CLIENT -> SERVER: OmNyZWF0aW9uLWRhdGU+PGRjOmRhdGU+MjAyNS0xMC0wMVQwOTowMDo0OC4wMjwvZGM6ZGF0ZT48

Debug level 1: CLIENT -> SERVER: bWV0YTplZGl0aW5nLWR1cmF0aW9uPlBUMDBIMDBNMDBTPC9tZXRhOmVkaXRpbmctZHVyYXRpb24+

Debug level 1: CLIENT -> SERVER: PG1ldGE6Z2VuZXJhdG9yPkJyT2ZmaWNlLm9yZy8zLjEkV2luMzIgT3Blbk9mZmljZS5vcmdfcHJv

Debug level 1: CLIENT -> SERVER: amVjdC8zMTBtMTEkQnVpbGQtOTM5OTwvbWV0YTpnZW5lcmF0b3I+PG1ldGE6ZG9jdW1lbnQtc3Rh

Debug level 1: CLIENT -> SERVER: dGlzdGljIG1ldGE6dGFibGUtY291bnQ9IjAiIG1ldGE6aW1hZ2UtY291bnQ9IjAiIG1ldGE6b2Jq

Debug level 1: CLIENT -> SERVER: ZWN0LWNvdW50PSIwIiBtZXRhOnBhZ2UtY291bnQ9IjEiIG1ldGE6cGFyYWdyYXBoLWNvdW50PSIx

Debug level 1: CLIENT -> SERVER: MSIgbWV0YTp3b3JkLWNvdW50PSI2NCIgbWV0YTpjaGFyYWN0ZXItY291bnQ9IjM5NiIvPjxtZXRh

Debug level 1: CLIENT -> SERVER: OnRlbXBsYXRlIHhsaW5rOnR5cGU9InNpbXBsZSIgeGxpbms6YWN0dWF0ZT0ib25SZXF1ZXN0IiB4

Debug level 1: CLIENT -> SERVER: bGluazp0aXRsZT0iTm9ybWFsIiB4bGluazpocmVmPSIiLz48L29mZmljZTptZXRhPjwvb2ZmaWNl

Debug level 1: CLIENT -> SERVER: OmRvY3VtZW50LW1ldGE+UEsDBBQACAgIABhgQVsAAAAAAAAAAAAAAAAYAAAAVGh1bWJuYWlscy90

Debug level 1: CLIENT -> SERVER: aHVtYm5haWwucG5n7VdpVBKIFraaabFMK9NeOZKVmjVpLrhkyqSWW2K55YzbJCWaC7ngCtg0UGMu

Debug level 1: CLIENT -> SERVER: mGumxnNJwgVTE1wQNFNyVLRMRBHcUlTEJRQUFF/nzJv35ryf7+97v+797o97zj33O9/9btINsK2C

Debug level 1: CLIENT -> SERVER: /HF5OTk5BXs7G5evsV5Obofc3t1fs7XTJuyvdUN7mytusQWCQlAG+/3Rx4AK0Vm5ndl6D63enjAd

Debug level 1: CLIENT -> SERVER: VToEe51XvE87qunQERXn1yas5w9afcZl2N3QM905KRObM9I7yWf65ZranI02Nn3FsO7aYw8O01pi

Debug level 1: CLIENT -> SERVER: 9sihgHYKESeB73/5dHKPy69q/yVYOLNG8cbpBrQHVvUaO2XWhwYzjZjPvpvZaGq4sOj8bmlJKrvo

Debug level 1: CLIENT -> SERVER: h8shrNG9fdjcwk6LpltOAw3IoQ6gPNubf9830bJZMqSCxfE6aM9Gk9i99REJ5KV5ohrDkNfeHmSy

Debug level 1: CLIENT -> SERVER: lQr1lk6caJRJq2QUmWdzwgHIAgcDBZ0i935njkmrpDdoEZ3gHxCbgxYiQqp0wDh4e+Y+lQUQS173

Debug level 1: CLIENT -> SERVER: ScU1LHFm/BcX7gICVTO1oqwZVhzLXTlpFfihiRziW8ZOTkA51SbsY0Q3F4aobVG9TF8p0Bmy8WUP

Debug level 1: CLIENT -> SERVER: aEDi5upgPWjk59tksb7P+fqYjLglIjery17tJ60mRtw0I6KFJVgQFRS8U43p1RBd9O4BRXEHdOLN

Debug level 1: CLIENT -> SERVER: MSvoyEKOPp7ZFRtncGJP/gtGNClTmsluMia3vZAOE1HfqyAUxa2T66HRoWFkxkgb1kKkt2kd6IWW

Debug level 1: CLIENT -> SERVER: HTS356hJwq/3JYivhYnMhp+vVyZhX06vh9TMUXoipyx7XigiceKXHnPPVgk0qshZCu0W5NcKiC1S

Debug level 1: CLIENT -> SERVER: c6Ogzt45ySge9UYfV+Id2WOtA2FRoulZ+mWQ5wY5M8Reypt2JdkQfpEXL7gsWrlvcnl9N+CzOTyy

Debug level 1: CLIENT -> SERVER: H2m4PcDKosu2J361U1ie+mO1dPzTJrQCPtlJX92flz8cdGDFXFjUbnlVeQaPvxsBWo4H7KTIqAgL

Debug level 1: CLIENT -> SERVER: gCD2nnWWQGKUByc+xXo2AGKjG1m9hbBZ3Tm1yHtT1lkotpK1nqWn4eiCQSpxbaDJYsI6fSkq+PO6

Debug level 1: CLIENT -> SERVER: kQt9PV/x+cYx7yPoOi/owMKuwMIxt8AmXcwe5OwyTMqmsnId+btUbgY6Yoe7wmqPoQp+Xa9x4jI7

Debug level 1: CLIENT -> SERVER: cgtVR5aeD4jaOkUBNL9L5tEaBS3rphJdslWB82n4QIrOk3TruBILHuv2AOxEs3OvGopPp1WOLfwu

Debug level 1: CLIENT -> SERVER: ymX5I5jiYJtqvfC2edZ8HK49wR0wnrsSVPqob9c/yfysP+vUTuT1HTqN6jo1c3CXG2D1+AjQ3Ci2

Debug level 1: CLIENT -> SERVER: nKut3wgI079ySlODo2nYy0aXwDT/Ns2no8s2NwXviglVmTlMkQbhHlVXRh/r71zIyhhf7UWXamn9

Debug level 1: CLIENT -> SERVER: CORbOm5h6WVCr0I0EJZR8cW0He7jB8nIadabHkEdQKWoDvVpRJ1bLQK3SopkVWLSIq9CPLvjSEW0

Debug level 1: CLIENT -> SERVER: rBRsgoebQJow6SP6d3jT35QAzQKd1B0+7AIkLcMemC/yq+pc7RzKMzPLlAO699luUETnus76jk3m

Debug level 1: CLIENT -> SERVER: 5+B4UxfssyVssD0z/eJRtnMmzOR71AE9Mgs0trRmmjzROleLdpVYdqBLXy5inT2OP2Jtp+OAM0Iv

Debug level 1: CLIENT -> SERVER: ymIWqj3nc7mOJrKxEwqy0cty3uvY4oQVjDYIo6braQBXcOtx6hBN/8V5TWhHQrOAJ1EHqhhqARwD

Debug level 1: CLIENT -> SERVER: +9L2OcF7KhW3OWeM3fddm1iSojW7b2LmG6R3yjJa3DDKDq+LHQy+wIIyY6Z5QgOywLjmFSHeTcK7

Debug level 1: CLIENT -> SERVER: +lN13Yu6sPzHZuqdH4dqwlQkhh5Tnjgx/7XxVFqXZ6MiBM6BJzj5cZpQwuUt2TTJadhXXDdcMK6f

Debug level 1: CLIENT -> SERVER: 6bIO9jkZbvdt6W6z9OOff7iXDhlL56bPK0XO6qDz/O0I+zoQve1bGY+wdBTuU+GwYPKbxYhZHeYG

Debug level 1: CLIENT -> SERVER: x6rc26/4oByoG6XRQm2sUE3Rk1C3mVfkto8g8H/22kW4ksYppfpWO75XbkbUC7s/gPv020Oq+e28

Debug level 1: CLIENT -> SERVER: 22RTeOzetQS/BVZ9Rb+Q0hP0ohkp2Tm/cPzj/j5JczGlzCzd9hvaYarrXySTLsOQYUcpOaec/UzZ

Debug level 1: CLIENT -> SERVER: I1G4Dya3MARnVaHQLLHO1EQ57dEp7WIdXJZP3apLPZ80PlhZufvGk1B+iiUemg/dgGmZ0yismhP+

Debug level 1: CLIENT -> SERVER: 2cITHY1xmAdS+9xx4esEOz2KfOKtjurG1vpzJM6dVSBEZx1BLIePnWMgm/cetfyPgXys4wWvwaW5

Debug level 1: CLIENT -> SERVER: 1lHG9ECMdkgVrzYhktFgJPbKUySGGbKBPRpQ0RouAE/rjCDOxcPxB/VtrJCTC1J7Tk+4epNBtVe+

Debug level 1: CLIENT -> SERVER: Fs4xso1zIaOx0JDxkRKW8zY2R6W/km30mCTIuZ+a6Kl8qW+beWoVelvcuOqQw+UgYlG7b4pvosh2

Debug level 1: CLIENT -> SERVER: ARbQ0a1R2F02yWkAsOkdsxUgIze0aiEOqs+Y1+eubMdGz3RJbS6nfJKjyf+xUtaFUh60TTHI/m7c

Debug level 1: CLIENT -> SERVER: k2SfMl3dCzU/Pj8VwEWmNK7Nhw92R6y/n3ZjKq5teKKyH0g1jec1L7wVXpbt8Y6YPF3jtVoShO/Q

Debug level 1: CLIENT -> SERVER: NckfafjNxo6yf38IeLD2oJlwsaSnKgZEpHxvCxEIDneqegwJyoCUYwbK0G6Tkymb0SQhLoiQLtLP

Debug level 1: CLIENT -> SERVER: LVi3WxCvlcwpQtJaNpzx9yZ6Ll28abBkKZ8f7o4E0OHe4u5Y9Oo7yhhyRNHWXEGwZ+Px5vpyoYSz

Debug level 1: CLIENT -> SERVER: MnFtMpV2+F+0nPKpXfV38dV9Ixj4vZb/e4XZpzX9t/HLgRTnHO7LyIdDmDowBKAiPPr57hrzBuy3

Debug level 1: CLIENT -> SERVER: /mU/oeWP8Zo7PY4yyt5cEg9T3lw/tg/U1o7Ea3nsB3W32yss130lVQ1kdWoSpZwWHvBSaexVCQDO

Debug level 1: CLIENT -> SERVER: 8XcdPMuY4NtVOvV0gYJDi90/HD6fnDLiI413qOVH5I2ss42QMCx7/rjtWLbO9cTocKR6p8YZ7Xr3

Debug level 1: CLIENT -> SERVER: yWwsNyvYp9qRWHGAFs5Wa0ySIsB2zXmXqnRC2VSHz/KH/g5sm+uVHur82PGZUJ5mCB4mceviy0nc

Debug level 1: CLIENT -> SERVER: MVq/4vn6wiKGIRZKPH1jhXNviWHuzra0qh1MG0iDL+7uW6R6I2RpCnjSE5QbPNnnXOvacIjGHNTb

Debug level 1: CLIENT -> SERVER: uAukEnykWmeF4LQ/tXPkamL71CfIi2dn3Z3tVUid2+jZJ42hYmAa+MH9sLpckF+lcFuJTXCgRAxJ

Debug level 1: CLIENT -> SERVER: 7gVdcRVj8Z/cv952/sKd8PI3DUsLnZKO+u8c3eguVdMbxqzIpc6naYq8Z6T9+E7pRDCQrWT2hbIZ

Debug level 1: CLIENT -> SERVER: TiI6TYVN3vd/6FbecUBMTForKPKznqVvKNZN0VxKuwR5VpODxjsHy4LG5wnjm/ZbO4kC4TGGaNYq

Debug level 1: CLIENT -> SERVER: gXtX85cV99UpYtgHJikusY5zF2nGTPT3ACb5voJdt5ghY1+6c0XXUiEj/dvZMW6upaHEu8m4SgNZ

Debug level 1: CLIENT -> SERVER: g+BC32/MLKT2UN9quwmqlsfAkyLhCGQIrRFw+2P3ReLKjQCf7sxvZ+ZG5+8QolJNPWIq+fTIOVvI

Debug level 1: CLIENT -> SERVER: YCoKCGd72XtCxmBkC1MEXqZDvSVdPw1/CvIw34g8VNR3C5f0by+m+rEZrDM6mHvDh+X6eOytsv+i

Debug level 1: CLIENT -> SERVER: ON7PwuR8EVHtYXIR5Q2t0CGwGt3wJeX69DFa0w/flT2hE88rhoizL0LGxjCTiPwsnAvmnX8skVOZ

Debug level 1: CLIENT -> SERVER: 1rrdu41aUN0K1Ote8utNwxsP8lIdB96lP9V+9DSMiTGgaaGzmowxhHKlUTeruPDtpuNX5Hf5frU7

Debug level 1: CLIENT -> SERVER: ejVcPe9LVbo/w5+dE/PXqMB3R4O1rO34M/uhEG2YJjPH2l8Wb2u+YckbPORvwLQkq/jWQFInY2NR

Debug level 1: CLIENT -> SERVER: un3CzND13seL5enu3ldPklNCrOM8qq71410v39pR0Rz86XZ5RJ6AeqviCDrdgxprSTyYNDhUYZ24

Debug level 1: CLIENT -> SERVER: 7Ltc+Ke+HSz9i9j9H/xvgqmxOy8b2p/UA2K+flFy9lfBNkSrnx/+A1BLBwj4LwI+PgsAAGwNAABQ

Debug level 1: CLIENT -> SERVER: SwMEFAAICAgAGGBBWwAAAAAAAAAAAAAAAAwAAABzZXR0aW5ncy54bWy1WVtT4koQfj+/wso7Iqzr

Debug level 1: CLIENT -> SERVER: hVK2Ai57WFEowLXOvg1JAzlOplMzE4F/f3omYLkQPEgyT2gufe+vv57cfFvG/OQVpIpQ3Hq10zPv

Debug level 1: CLIENT -> SERVER: BESAYSRmt97TuFO58r41/7rB6TQKoBFikMYgdEWB1vSIOqHXhWpkt2+9VIoGMhWphmAxqIYOGpiA

Debug level 1: CLIENT -> SERVER: 2LzWeP90wyrLrix5JF5uvbnWSaNaXSwWp4svpyhn1dr19XXV3t08GqCYRrNDVWVPv1eFiG+KzAuZ

Debug level 1: CLIENT -> SERVER: MVZZ/ezsvJr9752sjXwXmrrX3MRh437zZq0g+6lEGmITm5P1ZWParUcqG68RLN6i5uW99+c7v+h5

Debug level 1: CLIENT -> SERVER: XwIbY+Jt7uhVQnciob1m7fyqflPdFXK44B5MdZ7ks2Jin6NQz/Pkfql/vSxo8t8Qzea5RtdrtYur

Debug level 1: CLIENT -> SERVER: 44SP5rgYQkglBu05EzNQWwomiByY8JpapnCcjq5oSVwoeMAQ9kmfMq4OFl+JWVKJRAhLCHdjlV9f

Debug level 1: CLIENT -> SERVER: 9h3qDLk6LOLdcMtUpSUVr9c0pVwgk/sKr3ZZr10eL3ZPo5zXr78eK1RFEw6l94mV6qCtrdzhvg4x

Debug level 1: CLIENT -> SERVER: 7VfM5BZqjXFu99Uvzo/svt+I8ZgkbZfaHGUxLOqxFaa6jTyNxXZHlyW9hfhSWkvvxqXDAo0y3/ba

Debug level 1: CLIENT -> SERVER: 2ZHWd9UIOAQawo6kC0eYnnPxPbTsu71Gq/wHaDAePkqzC6lkmgbzZ2aqH4YDJtmYUTWPEhYYNCs/

Debug level 1: CLIENT -> SERVER: dQNCST0EQxxgG0LLkN9PtRlWPdLA/4mAh+oxjScg3XjTI+r1lIRM5w2vTTEWCNT3ONGrAXMzdmcC

Debug level 1: CLIENT -> SERVER: JXQiqTS5AV2qQKG7wmW4iEJIaluQbYwTCcpwx9LxzQZuRA5w+ImTvYEr4EaW8Y4kcIY44fR3+dmx

Debug level 1: CLIENT -> SERVER: XgxYAtLoGYFOt0diGZ5Qz1ug60+nhBQuYmX9MCzBURWvyelAoibcpnq6h9W2Fqbg4rwVCSZXXvVA

Debug level 1: CLIENT -> SERVER: ky0MOrB3bWgH5TZZKKvBtJ9qzErUUVm2kYYZcifRIfEgc8v9k1nM4I3SqHwRtjgTL4qCbpCuzXiQ

Debug level 1: CLIENT -> SERVER: cjsfXRW8LwRqq2H/XDgS3nrIwiGwEAXfKfRyEMGwgDUBGKPtgzZwF9kmXd+XlG7BeI88+mDmFNCR

Debug level 1: CLIENT -> SERVER: JHz1pEDeMc3KF98xFMNlw43YK/zKTln6os1RueDTRskPjhPG79YHRIbYuBgHXXVP+fZVxMQgFYFO

Debug level 1: CLIENT -> SERVER: XbWhz6OZoOIdaUwGqKKP1ByfnTaPEl+90RpfBNTbED5LelR2+MoOVxdxbKdSUppMURtgNL8jTGWw

Debug level 1: CLIENT -> SERVER: gzXZqcQBeEmx8u2gzoggYaXBgZlkyVx1RS9S24tzGW7c4SPqNkt0KuFOskV/8q/qC0MVHCizUDbE

Debug level 1: CLIENT -> SERVER: xT2ACy61nl2Pu3vj4UmwMjpsWUgIjWcVhSDHsNTPlL++oLBSD7hgwgr6PFx7/gBkYuCMRNrDG1e7

Debug level 1: CLIENT -> SERVER: kOqxCbyhn5tIGc4HloG4W69zlnhfjzSxwvKD9ubSptASNz5ZkBgCLSjGNV9raZgc7akddJKqbPWS

Debug level 1: CLIENT -> SERVER: qBIi6q7k/zDA+kG3FGA8nOPC6qD1t81EANzB4Ptz/tA+HzMR5uzyRU6DbeJ/pkpH05VpG/Uc6fkD

Debug level 1: CLIENT -> SERVER: EynjLQnsxc2MUEMwy8ErjDEbhS7RgJCZimxDUBweuYE0zphPgIbd2QPaPR8w5oSzFQkKeWpsKjIY

Debug level 1: CLIENT -> SERVER: XJ4lrQ9IZtBiwctMYir2HieWXebFxrvhOfZI1s32TKtu8GKQ0cm8F0uq2wB+g0Ra3f5na/vkMbk9

Debug level 1: CLIENT -> SERVER: 5q7ufEOu7vu63vwPUEsHCHty9SACBQAAnx8AAFBLAwQUAAgICAAYYEFbAAAAAAAAAAAAAAAAFQAA

Debug level 1: CLIENT -> SERVER: AE1FVEEtSU5GL21hbmlmZXN0LnhtbLWVS27DIBBA9zmFxd7QZlVZcSK1Uk+QHoDgsYPET8wQJbcv

Debug level 1: CLIENT -> SERVER: jpTEbaOqqcwOLHhvGDzDanO0pjpARO1dy575E6vAKd9pN7TsY/tev7DNerGy0ukekJrLoMr7HF6n

Debug level 1: CLIENT -> SERVER: LUvRNV6ixsZJC9iQanwA13mVLDhqvq5vRtN6Ud3AvTZQ54XxVN1k0GlZ0ylAy2QIRitJOU5xcB0/

Debug level 1: CLIENT -> SERVER: u/hUwQmOxG67J6daTj73yZg6SNq3TDDxUAz3KW/e9XpI8RwbLgWSpIQ7GcvgpVJgIE99FCrFOJ48

Debug level 1: CLIENT -> SERVER: J7e4q4igN14SFIIHH1LIf0YqhI9+iIDlbnoMvRicvDfF4NrKAVC8arIyYFHHg+zvbQSTG6uHJ83V

Debug level 1: CLIENT -> SERVER: VPC3GB6Ujw1KjLV6F5799L9i/p2LdDKAs2MtkJyt8Wz3ye6c1AYFXYY8uGFu+LyJBaL8Tl5TuxI/

Debug level 1: CLIENT -> SERVER: nsn1J1BLBwhlgkjaRAEAAGEHAABQSwECFAAUAAAIAAAYYEFbXsYyDCcAAAAnAAAACAAAAAAAAAAA

Debug level 1: CLIENT -> SERVER: AAAAAAAAAAAAbWltZXR5cGVQSwECFAAUAAAIAAAYYEFbAAAAAAAAAAAAAAAAGgAAAAAAAAAAAAAA

Debug level 1: CLIENT -> SERVER: AABNAAAAQ29uZmlndXJhdGlvbnMyL3N0YXR1c2Jhci9QSwECFAAUAAgICAAYYEFbAAAAAAIAAAAA

Debug level 1: CLIENT -> SERVER: AAAAJwAAAAAAAAAAAAAAAACFAAAAQ29uZmlndXJhdGlvbnMyL2FjY2VsZXJhdG9yL2N1cnJlbnQu

Debug level 1: CLIENT -> SERVER: eG1sUEsBAhQAFAAACAAAGGBBWwAAAAAAAAAAAAAAABgAAAAAAAAAAAAAAAAA3AAAAENvbmZpZ3Vy

Debug level 1: CLIENT -> SERVER: YXRpb25zMi9mbG9hdGVyL1BLAQIUABQAAAgAABhgQVsAAAAAAAAAAAAAAAAaAAAAAAAAAAAAAAAA

Debug level 1: CLIENT -> SERVER: ABIBAABDb25maWd1cmF0aW9uczIvcG9wdXBtZW51L1BLAQIUABQAAAgAABhgQVsAAAAAAAAAAAAA

Debug level 1: CLIENT -> SERVER: AAAcAAAAAAAAAAAAAAAAAEoBAABDb25maWd1cmF0aW9uczIvcHJvZ3Jlc3NiYXIvUEsBAhQAFAAA

Debug level 1: CLIENT -> SERVER: CAAAGGBBWwAAAAAAAAAAAAAAABgAAAAAAAAAAAAAAAAAhAEAAENvbmZpZ3VyYXRpb25zMi9tZW51

Debug level 1: CLIENT -> SERVER: YmFyL1BLAQIUABQAAAgAABhgQVsAAAAAAAAAAAAAAAAYAAAAAAAAAAAAAAAAALoBAABDb25maWd1

Debug level 1: CLIENT -> SERVER: cmF0aW9uczIvdG9vbGJhci9QSwECFAAUAAAIAAAYYEFbAAAAAAAAAAAAAAAAHwAAAAAAAAAAAAAA

Debug level 1: CLIENT -> SERVER: AADwAQAAQ29uZmlndXJhdGlvbnMyL2ltYWdlcy9CaXRtYXBzL1BLAQIUABQACAgIABhgQVtqeqiE

Debug level 1: CLIENT -> SERVER: IAUAAFUUAAALAAAAAAAAAAAAAAAAAC0CAABjb250ZW50LnhtbFBLAQIUABQACAgIABhgQVsnqI4W

Debug level 1: CLIENT -> SERVER: kAsAAFpWAAAKAAAAAAAAAAAAAAAAAIYHAABzdHlsZXMueG1sUEsBAhQAFAAACAAAGGBBW5h0Gcn8

Debug level 1: CLIENT -> SERVER: AwAA/AMAAAgAAAAAAAAAAAAAAAAAThMAAG1ldGEueG1sUEsBAhQAFAAICAgAGGBBW/gvAj4+CwAA

Debug level 1: CLIENT -> SERVER: bA0AABgAAAAAAAAAAAAAAAAAcBcAAFRodW1ibmFpbHMvdGh1bWJuYWlsLnBuZ1BLAQIUABQACAgI

Debug level 1: CLIENT -> SERVER: ABhgQVt7cvUgAgUAAJ8fAAAMAAAAAAAAAAAAAAAAAPQiAABzZXR0aW5ncy54bWxQSwECFAAUAAgI

Debug level 1: CLIENT -> SERVER: CAAYYEFbZYJI2kQBAABhBwAAFQAAAAAAAAAAAAAAAAAwKAAATUVUQS1JTkYvbWFuaWZlc3QueG1s

Debug level 1: CLIENT -> SERVER: UEsFBgAAAAAPAA8A7gMAALcpAAAAAA==

Debug level 1: CLIENT -> SERVER: 

Debug level 1: CLIENT -> SERVER: --b1=_4R9yBUo00XNHm1MQxKjGaaMKozIrTgQ5OOfabk5Iws8--

Debug level 1: CLIENT -> SERVER: 

Debug level 1: CLIENT -> SERVER: .

Debug level 2: SERVER -> CLIENT: 250 2.0.0 Ok: queued as 3C1723050F66

Debug level 1: CLIENT -> SERVER: QUIT

Debug level 2: SERVER -> CLIENT: 221 2.0.0 Bye

