Debug level 2: SERVER -> CLIENT: 220 smtp-sp217-180.kinghost.net ESMTP

Debug level 1: CLIENT -> SERVER: EHLO localhost

Debug level 2: SERVER -> CLIENT: 250-smtp-sp217-180.kinghost.net
250-PIPELINING
250-SIZE 62914560
250-VRFY
250-ETRN
250-STARTTLS
250-AUTH PLAIN LOGIN
250-AUTH=PLAIN LOGIN
250-ENHANCEDSTATUSCODES
250-8BITMIME
250-DSN
250 CHUNKING

Debug level 1: CLIENT -> SERVER: AUTH LOGIN

Debug level 2: SERVER -> CLIENT: 334 VXNlcm5hbWU6

Debug level 1: CLIENT -> SERVER: [credentials hidden]
Debug level 2: SERVER -> CLIENT: 334 UGFzc3dvcmQ6

Debug level 1: CLIENT -> SERVER: [credentials hidden]
Debug level 2: SERVER -> CLIENT: 235 2.7.0 Authentication successful

Debug level 1: CLIENT -> SERVER: MAIL FROM:<ourodosul@ourodosul.com.br>

Debug level 2: SERVER -> CLIENT: 250 2.1.0 Ok

Debug level 1: CLIENT -> SERVER: RCPT TO:<sebastianyimoveis@hotmail.com>

Debug level 2: SERVER -> CLIENT: 250 2.1.5 Ok

Debug level 1: CLIENT -> SERVER: DATA

Debug level 2: SERVER -> CLIENT: 354 End data with <CR><LF>.<CR><LF>

Debug level 1: CLIENT -> SERVER: Date: Thu, 2 Oct 2025 15:24:30 +0200

Debug level 1: CLIENT -> SERVER: To: sebastianyimoveis@hotmail.com

Debug level 1: CLIENT -> SERVER: From: ourodosul@ourodosul.com.br

Debug level 1: CLIENT -> SERVER: Subject: =?iso-8859-1?Q?Atualiza=C3=A7=C3=A3o_de_Cadastro?=

Debug level 1: CLIENT -> SERVER: Message-ID: <iccLbjp2fW0ykUH6QEFAPJrCLcyT18onf8derF16o8@localhost>

Debug level 1: CLIENT -> SERVER: X-Mailer: PHPMailer 6.10.0 (https://github.com/PHPMailer/PHPMailer)

Debug level 1: CLIENT -> SERVER: MIME-Version: 1.0

Debug level 1: CLIENT -> SERVER: Content-Type: multipart/mixed;

Debug level 1: CLIENT -> SERVER:  boundary="b1=_iccLbjp2fW0ykUH6QEFAPJrCLcyT18onf8derF16o8"

Debug level 1: CLIENT -> SERVER: Content-Transfer-Encoding: 8bit

Debug level 1: CLIENT -> SERVER: 

Debug level 1: CLIENT -> SERVER: --b1=_iccLbjp2fW0ykUH6QEFAPJrCLcyT18onf8derF16o8

Debug level 1: CLIENT -> SERVER: Content-Type: multipart/alternative;

Debug level 1: CLIENT -> SERVER:  boundary="b2=_iccLbjp2fW0ykUH6QEFAPJrCLcyT18onf8derF16o8"

Debug level 1: CLIENT -> SERVER: 

Debug level 1: CLIENT -> SERVER: --b2=_iccLbjp2fW0ykUH6QEFAPJrCLcyT18onf8derF16o8

Debug level 1: CLIENT -> SERVER: Content-Type: text/plain; charset=iso-8859-1

Debug level 1: CLIENT -> SERVER: Content-Transfer-Encoding: 8bit

Debug level 1: CLIENT -> SERVER: 

Debug level 1: CLIENT -> SERVER: (Sem conteúdo)

Debug level 1: CLIENT -> SERVER: 

Debug level 1: CLIENT -> SERVER: --b2=_iccLbjp2fW0ykUH6QEFAPJrCLcyT18onf8derF16o8

Debug level 1: CLIENT -> SERVER: Content-Type: text/html; charset=iso-8859-1

Debug level 1: CLIENT -> SERVER: Content-Transfer-Encoding: 8bit

Debug level 1: CLIENT -> SERVER: 

Debug level 1: CLIENT -> SERVER: <p>(Sem conteúdo)</p>

Debug level 1: CLIENT -> SERVER: 

Debug level 1: CLIENT -> SERVER: 

Debug level 1: CLIENT -> SERVER: --b2=_iccLbjp2fW0ykUH6QEFAPJrCLcyT18onf8derF16o8--

Debug level 1: CLIENT -> SERVER: 

Debug level 1: CLIENT -> SERVER: --b1=_iccLbjp2fW0ykUH6QEFAPJrCLcyT18onf8derF16o8

Debug level 1: CLIENT -> SERVER: Content-Type: application/octet-stream; name="13299  .3 ELTON JOSE SEBASTIANY.odt"

Debug level 1: CLIENT -> SERVER: Content-Transfer-Encoding: base64

Debug level 1: CLIENT -> SERVER: Content-Disposition: attachment; filename="13299  .3 ELTON JOSE SEBASTIANY.odt"

Debug level 1: CLIENT -> SERVER: 

Debug level 1: CLIENT -> SERVER: UEsDBBQAAAgAAAlrQltexjIMJwAAACcAAAAIAAAAbWltZXR5cGVhcHBsaWNhdGlvbi92bmQub2Fz

Debug level 1: CLIENT -> SERVER: aXMub3BlbmRvY3VtZW50LnRleHRQSwMEFAAACAAACWtCWwAAAAAAAAAAAAAAABoAAABDb25maWd1

Debug level 1: CLIENT -> SERVER: cmF0aW9uczIvc3RhdHVzYmFyL1BLAwQUAAgICAAJa0JbAAAAAAAAAAAAAAAAJwAAAENvbmZpZ3Vy

Debug level 1: CLIENT -> SERVER: YXRpb25zMi9hY2NlbGVyYXRvci9jdXJyZW50LnhtbAMAUEsHCAAAAAACAAAAAAAAAFBLAwQUAAAI

Debug level 1: CLIENT -> SERVER: AAAJa0JbAAAAAAAAAAAAAAAAGAAAAENvbmZpZ3VyYXRpb25zMi9mbG9hdGVyL1BLAwQUAAAIAAAJ

Debug level 1: CLIENT -> SERVER: a0JbAAAAAAAAAAAAAAAAGgAAAENvbmZpZ3VyYXRpb25zMi9wb3B1cG1lbnUvUEsDBBQAAAgAAAlr

Debug level 1: CLIENT -> SERVER: QlsAAAAAAAAAAAAAAAAcAAAAQ29uZmlndXJhdGlvbnMyL3Byb2dyZXNzYmFyL1BLAwQUAAAIAAAJ

Debug level 1: CLIENT -> SERVER: a0JbAAAAAAAAAAAAAAAAGAAAAENvbmZpZ3VyYXRpb25zMi9tZW51YmFyL1BLAwQUAAAIAAAJa0Jb

Debug level 1: CLIENT -> SERVER: AAAAAAAAAAAAAAAAGAAAAENvbmZpZ3VyYXRpb25zMi90b29sYmFyL1BLAwQUAAAIAAAJa0JbAAAA

Debug level 1: CLIENT -> SERVER: AAAAAAAAAAAAHwAAAENvbmZpZ3VyYXRpb25zMi9pbWFnZXMvQml0bWFwcy9QSwMEFAAICAgACWtC

Debug level 1: CLIENT -> SERVER: WwAAAAAAAAAAAAAAAAsAAABjb250ZW50LnhtbL1Y3W7bNhS+31NwKjBsF7LiZAMaLXaQtmnRIX+A

Debug level 1: CLIENT -> SERVER: XWy7ZCTKIkaRLEnZTq/2DnuCXRV7gD1B3mRPskNKYqTYSuW6aC4Siec753w8f6RycrouGFoSpang

Debug level 1: CLIENT -> SERVER: k2A8OggQ4YlIKV9Mgnfz1+Hz4HT6zYnIMpqQOBVJWRBuwkRwA38RaHMdV9JJUCoeC6ypjjkuiI5N

Debug level 1: CLIENT -> SERVER: EgtJeKMVt9Gx81WtaHPHBqs7cFvbkLUZqmyxHV18O9yzA7e1U4VXQ5UtFoLaVs/EUOW1ZmEmIOqF

Debug level 1: CLIENT -> SERVER: xIY+YrFmlP8xCXJjZBxFq9VqtDoaCbWIxsfHx5GTesKJx8lSMYdKk4gwYp3paDwaRw22IAYP5Wex

Debug level 1: CLIENT -> SERVER: bUq8LG6JGhwabPBGVvVyMbgiloue0CQ5VoNrw4G76T1Kh6f3KG3rFtjkPTl5Hl2C0P26vHioBVUM

Debug level 1: CLIENT -> SERVER: 9WWxnVAlisrB26zQbX0hhKdqFaoGdXQPDw5+jKr3Fnr1JHylqCGqBU+ehCeYJT7iotgWNMCNI0CE

Debug level 1: CLIENT -> SERVER: ZGnL1Be+DYTuUTiMKrEH67TX9G+XF7MkJwV+ANNPg0PKtcH8ITLKJqF3pz9FikihjA9MNnxgQrYO

Debug level 1: CLIENT -> SERVER: vZc0w94NIPXIWQitovPVthDZzoysyjNfaZSwpqw9ydo/WUuiqFXEzGYuLDTsErIpZNzSroqn1mwd

Debug level 1: CLIENT -> SERVER: HofBtDkpqirTkV/I4MQIM5yQMCUJ09OTquP9MqreLY9JMMe5KPA4QNDaDaSg7K6RBNHT+i8xo7eK

Debug level 1: CLIENT -> SERVER: bjNQiwLU0beycEE47B6qVa+o1gN9fKYLBbvgHYSkJoGRscSK2nNmoHt0QRe52bbR77AU+ucOrFr6

Debug level 1: CLIENT -> SERVER: iry+GK0qI3vQuigTmmI0w1yjd5zCDYf0ktuCHULxThtS7MPxcobeCJPTpJeZR3wVPnWv9Tbh/t6j

Debug level 1: CLIENT -> SERVER: vuFQr+PSgCNDk9DZ8VPD/e5wvRl7XzVJiRVeKCzzRgAL9urqXsJKawbzO8UqbSAF3EOICiVebCAa

Debug level 1: CLIENT -> SERVER: 195sKGEqEmUo0d6BVauvPpa622KLcT/9+QZ9e1P1Tu1L218m4kQwAW6eHbifRtsBRWng0gdWM8w0

Debug level 1: CLIENT -> SERVER: 6YjsemhyJcpFHtbXbi446STq8QwFb25d0w+wPh5L01prbKgCM7fs/Ogcp/aa0LbtBCVPiXIsOt4b

Debug level 1: CLIENT -> SERVER: cytiB8KDvUesQjjpMO/M9weApdcAKpJtoct6Ld1ivXL8BMC5t7dMRtZPEfCQHgpe3k+iB+LiRwqZ

Debug level 1: CLIENT -> SERVER: 4yoRG7EVy22h3Qaoi8c5dc+blRr1tmAtuBXpnX+x5qcn7utKk/clfEL6Vt5cRG4ppVoyfNdUa8jg

Debug level 1: CLIENT -> SERVER: cscmAZSyE1dF+JaxUhsF/gW3HPcyNm/Gzn5WbGPua+RV9TXowt4fNVmptCcWzLnpC1GglOJv0dn7

Debug level 1: CLIENT -> SERVER: kqL7fxAcVtelEigVaFayEbqBE6sQGsFXur2dYYXg4omwRZ/W/mS/i9bIczL47I16HsdHh8fHqA5F

Debug level 1: CLIENT -> SERVER: NB0dNc8S803DMOSm5xfz6yv0y/XsHM3OX5zN5m/Prn5vYgBa0134ncP92+4TxrqCNYFIYfdssBHI

Debug level 1: CLIENT -> SERVER: zmmETQmN+gECoEmJEpzCfFeiCpBFZhQazAk1BDEFU6doFwJXoiDxThovb16j//78ayedV/B9jIDw

Debug level 1: CLIENT -> SERVER: FdaJu5yLeKcoFZgy9L20e9ZEWUsZZbn4IUbtrO5gcU4YgdlBugY+9TiH7PyaY6OxlKc7aX4mzXN7

Debug level 1: CLIENT -> SERVER: 1pD7j2K3FDXdU9rGIVoTX1MQOVNvvaovibXrLrg1i/uP9//C0WyLSJdwUBdEJbakduq4WatMwbe5

Debug level 1: CLIENT -> SERVER: /xtSViBIf10D3NfAaAe70ZfDRJ2JH3UOg6jn34TT/wFQSwcIz33TMSMFAABnFAAAUEsDBBQACAgI

Debug level 1: CLIENT -> SERVER: AAlrQlsAAAAAAAAAAAAAAAAKAAAAc3R5bGVzLnhtbN1cX5OjuBF/z6dweSt5wwb839nZq2Rzl6Rq

Debug level 1: CLIENT -> SERVER: t5Lc7D5fySDb5DCihBiP7+vkIU/5FPvF0pIQCBCY8Z/xrG+qts7qltT961ar1Qje//C8C3tPmCYB

Debug level 1: CLIENT -> SERVER: iR76zsDu93DkET+INg/9r19+sub9Hz787j1ZrwMPL33ipTscMSthhxAnPegcJUtJfOinNFoSlATJ

Debug level 1: CLIENT -> SERVER: MkI7nCyZtyQxjlSnpc69FFPJFjFY1+6CWe/N8DPr2pnzlvqiVfeZBbPe26do37Uz5wVM9e5r0rXz

Debug level 1: CLIENT -> SERVER: cxJaa2J5ZBcjFlSkeA6D6NeH/paxeDkc7vf7wX40IHQzdBaLxVBQc4G9nC9OaSi4fG+IQ8wnS4bO

Debug level 1: CLIENT -> SERVER: wBkq3h1mqKt8nFcXKUp3K0w7Q4MYqlk1edp09oinTQM03hbRzr4hmMvmHfndzTvy9b47xLYNNpkP

Debug level 1: CLIENT -> SERVER: PwNR/PP5U+ELdNd1Ls5bgsqjQdxZTcmt9yeE5KLyDnKBCnFd2x4P5W+Ne9/KvqcBw1Rj91rZPRR6

Debug level 1: CLIENT -> SERVER: OeJkZwIN+JwhcFj4ibup4qZc6caRJ0OKY0JZLsi6e4ACdNx8Fn+N8mmAMxmIESzeUcyljzDkK2HI

Debug level 1: CLIENT -> SERVER: u7zr97JApwVXt/9BRdI1gSi6Rh62fOyFyYf3cgXkzT35m8v50P+CtmSHnH4PXF2x7ILwoCj9YXv/

Debug level 1: CLIENT -> SERVER: jygMVjQwDZCR+r1Sf06zNjjCNADrJfsgSTrOceIUFLSIShxxwDxYQk+IBjzudpy+9ynYbJlJ0T+g

Debug level 1: CLIENT -> SERVER: mCR/LLHJpleU62JiSYucIdan1At81HtEUdL7GgWw4eNG4Qy8XUQ8JAzvzpHx82Pvr4RtA69Rspzj

Debug level 1: CLIENT -> SERVER: VeTJ1lrjIjx/9mFTcMjaZdalpPTxGqVhloupkTORNhTFHDnFm/22YgrhirIAcjeekSyTLfLJ3oLx

Debug level 1: CLIENT -> SERVER: E8ys54e+PRh5IKeBeKgQGWyXFmQX2Epi5EFuY20JDX4D0VHIWd15K/MTF8Ors0Iw7TpqjdUwZgZL

Debug level 1: CLIENT -> SERVER: CHrsA7a1ZLa4RmGi2TtGFAmEdHzWZCkG32K+KCF82/Pfq/H4KBZKGeEzg2sEPiZyABTG29wVRP8V

Debug level 1: CLIENT -> SERVER: xQjys4SBIzBF4Zskl3gHi+mhH1KLrUrOEUQ+5vsKz7V1FZXoSnLIScH+JE649zQrk7NzuTUdZWua

Debug level 1: CLIENT -> SERVER: YAAn4rYWk3skJJC9MZpCUAAYRGMS/AaSOk7MRFuIok2KNtCUNXgkjRgFJ/nzz7n6mEEmYP2KaSRE

Debug level 1: CLIENT -> SERVER: lwNqWvIxLdhNUaRGzjpmgysazkNwNosifH2sj8dTwRA/N4yYUxGtjpmTHv/UL+AsrbIuSy/Hv3/M

Debug level 1: CLIENT -> SERVER: vXaIboLIAvOBw3JnLdpWhDGeDHE/djOSwRuhdXuItziC3JdEVoh8HwAXCj30IwKuswvYC502TiOP

Debug level 1: CLIENT -> SERVER: pXLAPZAh+QHwwIDHvVp5o+UHsOIjPgkkPROnWIhlv4/BIsUqPME5NdtXspBrui2fSnmgeSO9nouL

Debug level 1: CLIENT -> SERVER: uXNPNew8l1sDundhFXiqLkfxDoG/8sOT8ju3xhSnybbCcsYCE+dwPQKGWHcbeUxfEcqXAvcz2A7A

Debug level 1: CLIENT -> SERVER: aUIUJ9yJz53YomRfmRxaKiv7V4xjWNcbzLb8HMwX3bGJ9QmlLz/CEvIR9fuNAUYZL0RJAuLB+jka

Debug level 1: CLIENT -> SERVER: cwiFpR4lykr7ABaW/NW8MZ2xQguljyj7JWAhPqopNOTVJ8uMUsRl1Bm+QMMvrv3LiviHUxArRenB

Debug level 1: CLIENT -> SERVER: 2B01RWpn7JgjtS0jtXAKkYREIglB4R4dkmPo1oObOkuUQ5w7VyFOhq88YbDsge3MixD8ovCm5+Dm

Debug level 1: CLIENT -> SERVER: oCbnPT1Cif7d3cRgTNhs4hAdNHP3dPI5znSynzTu5g7fzTur+5iu2C0WBsTqmBdxjuksU4ow2IAj

Debug level 1: CLIENT -> SERVER: eCAAzjeUf6cJC9YHi8dcmHEP4biWdlcdXmzHIna8myz4X20bHzf4OLi4O80wl/x8Akhx4NTQ4rty

Debug level 1: CLIENT -> SERVER: PJ0o4MmoTZ2LzdXcPadnA3S29ifImk6xdIshQz5kxwBTXbROd8k/grvARn/BJQeiUvTC2CwXV8u6

Debug level 1: CLIENT -> SERVER: 64n6v6xOi2NVkqc1giLitipe262OqnulG7MXe577Qs8zG6jFN80TnOybf4ez6PMF7RuI8VrteyFj

Debug level 1: CLIENT -> SERVER: Xc7L/4YRfy7Gl5pj3nwyjp7zagFb5ZIkZQKQED/xhNc5ewcbTEeT45nOS3MaLcS768l4MW0+w+Wl

Debug level 1: CLIENT -> SERVER: 3EqeY1cdW09GjMQi17Bfkmto5nbbze3e2tzu+eYu6gxvytzOtMXcZmIRA6cnmnvUbu7Rrc09+n7M

Debug level 1: CLIENT -> SERVER: bUrgOmdj9WzrFGuO2605vrU1x+dbszBZzZr27BrWbE5yjmXQ56Uhmlkn7Wad3Nqsk+/GrKegP21H

Debug level 1: CLIENT -> SERVER: f3pr9Kfno19AXEX/fORr59s3sKBm7Sad3dqks+/CpKcgP29Hfn5r5OdnI3811N0Z/3tbC2nRbs7F

Debug level 1: CLIENT -> SERVER: rc25ePPm7Iz6v1LCzquOXixtLkhXq4qObf73BpydVyq5s/2zinTZ4zlbr8ZzTTOFeM3EQ+dZ2UxU

Debug level 1: CLIENT -> SERVER: PouxdQsF4npF1ihH5w/qrBIxN07XMhnDUYI5NiXXLOOScfVezXsVLBN3bMTFQDleBSpIJzn8KXbg

Debug level 1: CLIENT -> SERVER: fWLk8zCa6aQsqlorhlbNmTajyahCKNQpaNmzYzlBRCKst2YTVJtVgsGftPUSEgZ+Tz81ZVxa/m5g

Debug level 1: CLIENT -> SERVER: /K5OYn+Re0spCvAfP8HYZq/PehQBoafz5g/Z+WY0bJ73y7f/sTQkogjL//m4LW4xVJ4ESs6e09N5

Debug level 1: CLIENT -> SERVER: SvPcQ5lSA8TtBoh7C0Ber5CnATLqBsjoIoDcqtSl6Tvupu/4svreKgRpik+6KT65hOKnyDftJt/0

Debug level 1: CLIENT -> SERVER: LPneTFFBU3zWTfHZJRQ/Rb55N/nm5znOWzmkaoovuim+uITip8h3XLQXC/bSLfxiN6pa70udcx2K

Debug level 1: CLIENT -> SERVER: 3w/qAlnBd9kA0/FWzmvsgh9hLXz777f/HEEiZzsLiDdzENfOmz/u4i1/M639yFnl+m43/5K9pXao

Debug level 1: CLIENT -> SERVER: q+kz9vvIgjQX+BmvMcWRd6TsUGPrqrsQV7ywxI/kyQ6FoeWhOOk3AGMICPZCv6a3z+7IrkjolzCR

Debug level 1: CLIENT -> SERVER: BAVaEznHTDB0Ruwfn36sat7hfSlx6QhF3pbAaf8Q43Kl5mmzfFYlDPj/Q6mcIV+jkCUD2aLeVLJi

Debug level 1: CLIENT -> SERVER: wguwJK4RKK/U1mpBxctQsme52qJRK91r2AhtVF3YAJGk9CuMooCcsctLWJXrRlG6s/j7yQiMmoPJ

Debug level 1: CLIENT -> SERVER: LyFmXat46iSSBOJtART5wmWwuoSOVkAW5SX+jq1p2ApLNrZoXJMwJHvsW6uDvA7J0KqvTZ6/s6Lm

Debug level 1: CLIENT -> SERVER: 5246m7qmSqGlU0qlNUUocDYqDdQmPDsi7d4V0g4kUlMj0jqlUsSUhKsjPbozpPOSeBXoaq28VEO/

Debug level 1: CLIENT -> SERVER: OszjO4O5KKRXca6V2MtV+asjPbkzpGezeQPSBaWCtCRcHenpXSHtDuyReTvUKSWkFeHqSM/uDGl3

Debug level 1: CLIENT -> SERVER: bt4OdUoFaUm4OtLzO0N6Yg7TGqGC8+RVgvTizmCeLZpwLigVoCXh6kg79l1BPRrYY/N+qFNKUCvC

Debug level 1: CLIENT -> SERVER: OVCXSTr+EWE4gSN6tA42KRUvgvdygpVdPVoTwiLtEoRuCifTWH485AmFKeYv+shG1THRIBCfE9D7

Debug level 1: CLIENT -> SERVER: yLeD+GN+Pp76SBPXt7uEOPKbBAzMAqrhOSKFBKZpGt9tkp9cEe8bLxZFHcGETjZIgQK3bUYLIo+K

Debug level 1: CLIENT -> SERVER: T7vx5E/7vowYrfisDL9tAWMGnqUIcjqOJ3jpAaxbKg58jndO38BUqRYJyj7w+ZfQXHuwWKjSjyCo

Debug level 1: CLIENT -> SERVER: 16PdxWDaomM2CUDILEID0AVlxiaUURSw2p0VV2FWv7NiIGUrwXgrRvuATMv3WjLdNzTw1avv7zyb

Debug level 1: CLIENT -> SERVER: /5k4MmO745ntmOgrlBTY5K+b1/loujoUfGYeKaxedqqNAMGGf84t8706kwC+hZ4VGCscanFaO/Rc

Debug level 1: CLIENT -> SERVER: ErL4wFLGkOBYISwdpfJoRX1IBAQFpxD84mK87Rh40FpUGw0syOcXkeRKkOtDtlMIZMpDJ/nXfZQV

Debug level 1: CLIENT -> SERVER: bfGfFh7Nvq6U2mLE7/iIH0NdU62xPlCxKuvLMCPsUJKPkc+WNfKRyo+EKhdFdZm15atFg8rwQ/O3

Debug level 1: CLIENT -> SERVER: Pj/8H1BLBwhUgw6NeQsAACtUAABQSwMEFAAACAAACWtCW+odVn38AwAA/AMAAAgAAABtZXRhLnht

Debug level 1: CLIENT -> SERVER: bDw/eG1sIHZlcnNpb249IjEuMCIgZW5jb2Rpbmc9IlVURi04Ij8+CjxvZmZpY2U6ZG9jdW1lbnQt

Debug level 1: CLIENT -> SERVER: bWV0YSB4bWxuczpvZmZpY2U9InVybjpvYXNpczpuYW1lczp0YzpvcGVuZG9jdW1lbnQ6eG1sbnM6

Debug level 1: CLIENT -> SERVER: b2ZmaWNlOjEuMCIgeG1sbnM6eGxpbms9Imh0dHA6Ly93d3cudzMub3JnLzE5OTkveGxpbmsiIHht

Debug level 1: CLIENT -> SERVER: bG5zOmRjPSJodHRwOi8vcHVybC5vcmcvZGMvZWxlbWVudHMvMS4xLyIgeG1sbnM6bWV0YT0idXJu

Debug level 1: CLIENT -> SERVER: Om9hc2lzOm5hbWVzOnRjOm9wZW5kb2N1bWVudDp4bWxuczptZXRhOjEuMCIgeG1sbnM6b29vPSJo

Debug level 1: CLIENT -> SERVER: dHRwOi8vb3Blbm9mZmljZS5vcmcvMjAwNC9vZmZpY2UiIG9mZmljZTp2ZXJzaW9uPSIxLjIiPjxv

Debug level 1: CLIENT -> SERVER: ZmZpY2U6bWV0YT48bWV0YTppbml0aWFsLWNyZWF0b3I+ZWxpc2V1PC9tZXRhOmluaXRpYWwtY3Jl

Debug level 1: CLIENT -> SERVER: YXRvcj48bWV0YTplZGl0aW5nLWN5Y2xlcz4yPC9tZXRhOmVkaXRpbmctY3ljbGVzPjxtZXRhOmNy

Debug level 1: CLIENT -> SERVER: ZWF0aW9uLWRhdGU+MjAyNS0wOS0yOVQxMjoyNTowMDwvbWV0YTpjcmVhdGlvbi1kYXRlPjxkYzpk

Debug level 1: CLIENT -> SERVER: YXRlPjIwMjUtMTAtMDJUMTA6MjQ6MTguNTg8L2RjOmRhdGU+PG1ldGE6ZWRpdGluZy1kdXJhdGlv

Debug level 1: CLIENT -> SERVER: bj5QVDAwSDAwTTAwUzwvbWV0YTplZGl0aW5nLWR1cmF0aW9uPjxtZXRhOmdlbmVyYXRvcj5Cck9m

Debug level 1: CLIENT -> SERVER: ZmljZS5vcmcvMy4xJFdpbjMyIE9wZW5PZmZpY2Uub3JnX3Byb2plY3QvMzEwbTExJEJ1aWxkLTkz

Debug level 1: CLIENT -> SERVER: OTk8L21ldGE6Z2VuZXJhdG9yPjxtZXRhOmRvY3VtZW50LXN0YXRpc3RpYyBtZXRhOnRhYmxlLWNv

Debug level 1: CLIENT -> SERVER: dW50PSIwIiBtZXRhOmltYWdlLWNvdW50PSIwIiBtZXRhOm9iamVjdC1jb3VudD0iMCIgbWV0YTpw

Debug level 1: CLIENT -> SERVER: YWdlLWNvdW50PSIxIiBtZXRhOnBhcmFncmFwaC1jb3VudD0iMTEiIG1ldGE6d29yZC1jb3VudD0i

Debug level 1: CLIENT -> SERVER: NjUiIG1ldGE6Y2hhcmFjdGVyLWNvdW50PSI0MDIiLz48bWV0YTp0ZW1wbGF0ZSB4bGluazp0eXBl

Debug level 1: CLIENT -> SERVER: PSJzaW1wbGUiIHhsaW5rOmFjdHVhdGU9Im9uUmVxdWVzdCIgeGxpbms6dGl0bGU9Ik5vcm1hbCIg

Debug level 1: CLIENT -> SERVER: eGxpbms6aHJlZj0iIi8+PC9vZmZpY2U6bWV0YT48L29mZmljZTpkb2N1bWVudC1tZXRhPlBLAwQU

Debug level 1: CLIENT -> SERVER: AAgICAAJa0JbAAAAAAAAAAAAAAAAGAAAAFRodW1ibmFpbHMvdGh1bWJuYWlsLnBuZ+1XZ1QTCBKG

Debug level 1: CLIENT -> SERVER: s6CUyMIalKWILCogTenVRhOCSi8GNHQwhJaEUDUI0lGXIiBiWURaaCEQEsIqJVJDDxBBIBRJSGgb

Debug level 1: CLIENT -> SERVER: Osl57+729t2/u793v2befG/mx8y8b75Jvm1jLiIoKcjHxydiaXHD9rut5+Pj5zt29LvHkdehfY87

Debug level 1: CLIENT -> SERVER: WN64ah/xklVohKCbARNkKWu2t4/t9pgFP/UTENe/0Saty7R488lSWmNmRpB45AjfJrrU4/WV0qiJ

Debug level 1: CLIENT -> SERVER: IahF067x+Nnjw2oRpuLUFYcD3MVU/gtrNLcTfNNO8R+uAm6IhJ4JeHroTrxUkuTcleEzAm+P6olq

Debug level 1: CLIENT -> SERVER: fX70H0C6FsMboVHEfE68XgE0/1xYX55WupZPCYqkwk3iWT7eAFMLF2j0S/jbiwvdCNJp3jcPLRCd

Debug level 1: CLIENT -> SERVER: Mgn0uCCzUexJeGNESKDmMCgbYu7WpPsNzPKsrcUg0uJY390ysg+SDlIJoh9L2N9uHegP+hCIzAzJ

Debug level 1: CLIENT -> SERVER: KFyJAFxeJ0dPKgK8yump25ccSoq5vSYIfBovpFebpIfL7aB7FGWgeMZAcqztratZ78CqlM3VYJuz

Debug level 1: CLIENT -> SERVER: Qc9X0R3vRCHHF7/WovI6fHn7Oe0yN4JrQgxp6o/DPCvmIJN69hkw+H0Ap6SKtB/PAd4SMFoghaLU

Debug level 1: CLIENT -> SERVER: al8T3G53zZlKWflMjDK7GkIJExFrvn3ubU5ffYvMThkInYD2L2WFG7TvtOFUSX3jKA132d7Eqffk

Debug level 1: CLIENT -> SERVER: VPDyctxNFw+fZVZpAQu4ALmzsibpnN/SS+rRxS3sqm9pkrafTEuhuQCB5CY9eOvTIiQ3/UvhBiRw

Debug level 1: CLIENT -> SERVER: sO6cEUbhyXkr00XvVz/x7m+GM5pCVXO74Osl3E19Q9ariizYqCdy/mDF+dfTiF64t/Xkvev+nqyw

Debug level 1: CLIENT -> SERVER: C3Yui9VRLGZFWA88H67aC85DhcTI8ph2mWFMQk+M7iToBOmjwI7N5Mvwrz08LZ15PO9ytOidQ/u6

Debug level 1: CLIENT -> SERVER: f58zueQHzv52ozX3fe9JoeDdSVLGic1+g+4p1+CB2V7nmgP03g8VzQOuTNo9kcTIN1w/bdzA8SV0

Debug level 1: CLIENT -> SERVER: 86nKVkXpLe/4bB0jm4X9HQgL9KbQN25zmaxutIvbHYNhD4KcTHKm+lha0i02nUnJZp+1Vbc1jNM/

Debug level 1: CLIENT -> SERVER: FOB6czxWZ9As0cPSlBdhUQbBKnZB/a6+oFVa/pwKWcx9CJF+LjEvexdae25x0D/Y8b2fgTnJGav1

Debug level 1: CLIENT -> SERVER: i8M4TZR1w6OjnjucldnwEYRdY6DF/S7rJMcV3JIPYDbZ1bCfF/Q7bLo0NAzmyxkAQFhAqoEEQMGq

Debug level 1: CLIENT -> SERVER: 2oqcMkINN3hy1lg6Bf6i25F1uKhmLArMNgF6ZNKElMViX1LkA7Y1/7HkAkc1QWuJyo+vWzcojcoL

Debug level 1: CLIENT -> SERVER: aDcLCyp9vJ7Jje35ag+XS/J3f//jmWfxT9novIWY3wYa0Gk3eYqvSw3jjKr9QuH9g47GRx16GxQk

Debug level 1: CLIENT -> SERVER: T6qallTw23wVtuiysawrrDPk2us0wOCio0QhjNJG2gECDBhcp3qzDHrketYY5HHy1XaNYX5nE00S

Debug level 1: CLIENT -> SERVER: a2KUHr0m09z6W1m8SelGewgXYv0O3DF9tTG8BvJwACiFPXKifrSjaSZ9A/awagv+gCUV/5wx/TMP

Debug level 1: CLIENT -> SERVER: UnEo4yZh8+znCxzYEkiZYhXT/baLDrcDBmKXbXf8Bed3FXpmUNZ0IfoUoz3q85AhOHfMCytShe/T

Debug level 1: CLIENT -> SERVER: fiVaMbzlv69hHHiB5cbQOXLf4aODHWB3PUGtE/Ig3+t8x8CCuY6AeQnY4wlTI5uvghtF/8nWTU9X

Debug level 1: CLIENT -> SERVER: GUw70G3Y+lDzo8YO6bC0rvrrUpxA0/aKanWpoHpKy8qhnIrDpx047Pg8x+57zsyKzavSXl6dmEAE

Debug level 1: CLIENT -> SERVER: ZdEbESTrPGwv70qWeIzl1NW75KoMSdm06o++UQWSL9tvjL1C0rCIDZs+q9OttzkE6aqlMisqS4Zk

Debug level 1: CLIENT -> SERVER: QrLFuWRS6Q8QIsRbsMSVYeXDgNKHf/AU3dmqioJKao9M0barzcp/0UMlEgz8tyOktiyl48OJD2kQ

Debug level 1: CLIENT -> SERVER: o2LDFo3tyMUguDRfbA79YjMGLzTY+cYQvFV5k48nEV3yZ+aTOsegsXBtFjVMJ4KhydiOoukL6RGT

Debug level 1: CLIENT -> SERVER: aBnARin9erXRhNqmaCg35fUiKm9DH0lOOzKsNzyYSmmaYduHnc04Fqvwb9WKIvZcPzHz506L+Q49

Debug level 1: CLIENT -> SERVER: BxOSSPib1jFEV2fKTkEnXiNE85zezPtoW0D6YPc4Zu+xUx1c56HWOC7jm1A3OtuBW9CpSqFs9m8q

Debug level 1: CLIENT -> SERVER: du9kz32pvX7l+svhkvlgKzVSSkv5HPX5tKsCjX1295Pt/Z0Ru+zKPddQNtPyw2retMGfmZx+24rC

Debug level 1: CLIENT -> SERVER: oV2LbH9bp4c/+SgC697NHtGir0/AmJHB8LzxoBARvboqnrYBT6sCCmoogOlHJjnHzErtWUo7zVZp

Debug level 1: CLIENT -> SERVER: j6YFNiaIo1QaCaBLW4EdLu7U3tp0X9Sh3ibrsFAMGCLLq/35Wy234Hp/UUIrddDt3e/s0VYh5aTd

Debug level 1: CLIENT -> SERVER: zPXvGUwtOpsa65bJ6m5zOCCMiFkzW4pFtGfCVoNIdgIa3PjKOpup87OTSZLTTv/smc9SgsOqp/Ng

Debug level 1: CLIENT -> SERVER: k1H7CMauAJczBgU9O7ti3DERySEyoHrosDyEwDH+BDkZ5WWx4JZ2s+Zi0wkBbFSDm030z4AwE0kd

Debug level 1: CLIENT -> SERVER: FYQ0NNRfPPlUhMQ1ZtcoEIiDX3iGlPWGNu+hsqF6kmF0rT6Y4EACCzueqnEtBBfKP9vzncy5PW4J

Debug level 1: CLIENT -> SERVER: jVv4+Tbz2cYqWRBSMmULaFxYlq4e6AlJJ+5dWF5wSI85hUNNwug/tIp3o3j+X03G8EjZuRM7B61I

Debug level 1: CLIENT -> SERVER: hs75sfTt9Baxf91PmFhxLnr95ltoLjJnEuGu4kglV3Omm9e070RSR4WINi85lwA4589nPJCw9J3E

Debug level 1: CLIENT -> SERVER: Y5JcbZh4cYP+PYfZB4DyjaLeVM+PFtvHpyaRAUTXbZepwg/8scC/dehb7N0D0MxTR8cUrhkrdhiV

Debug level 1: CLIENT -> SERVER: Csp+p0uuklfUqTnMe4BPdsQr4IIuBSDnmQqdQd3w0KUpzTjYLTJDiqyepagah+B4sp8YHz2PV1pV

Debug level 1: CLIENT -> SERVER: atQJ9Gig2a4r0Y0wyn0gfQnItS9BS1gfFWaT0lNl/StuD4fKqfJ9xaCPdg4yvq61UIIPxxYKbowN

Debug level 1: CLIENT -> SERVER: kcItIDoMKZeK8IjXg4R59kRhmaes3BjjN2+ya9wj3zgwRi6WvFtX/iVTCVbTe7xRLl/l6IFwt+o2

Debug level 1: CLIENT -> SERVER: 2TZoVkXAGE8c8OsCC0sYqhgBLR7Zcp57rfntnm9SXsicXNSN5G/D9b7iReO09+WaSgWJ6zEx9cQ3

Debug level 1: CLIENT -> SERVER: pTy6y4aSOSGtslBFJTunD7x/t2W7tpXBcO6rJ6Y1G8FjZfCxDzwnYC/zMeafR8IH9AQNeSE1o/Mo

Debug level 1: CLIENT -> SERVER: HX99xStKi5COQOqv0X26GOMM+vqT8da42qE5irXGasDKFTxR+G7zj3f9NB9MM14ljk1ESYRPgxBi

Debug level 1: CLIENT -> SERVER: p9wbZZGoVFy2ymLBgSJztGlGvK7LUhi92zHoObNdnaNEdu8M6RFoaulKDkjGgj1wj9uVhnqhvt6m

Debug level 1: CLIENT -> SERVER: WB8j5Ca9R4e09EuzsHFuYfkufDIIaTT7NjfEvdUfDK+8CHTOCSuPLw6V9ceQMLLkIf2MjjKhA8gS

Debug level 1: CLIENT -> SERVER: joquTsTQZKMWVwt3S7bd2fTMOVOuM3uOonetSM1E/A/RRg7JmYJ2IZwaXOFr1tCWdoW2/YNIJyMd

Debug level 1: CLIENT -> SERVER: t0oM5KOCsloRciiAVQl0cnnmXymOkPgALbNH0lD34oLqTxPYfSlC3qHRN72TFaL6WAjz6biNFmky

Debug level 1: CLIENT -> SERVER: XpbdtM8dWZ5ZDo2dqtYE1ab9pdNMsjLdPxaEzXLNhZZ1oQscldUKvyLkP2tPcyASe8/XDyBUFJK/

Debug level 1: CLIENT -> SERVER: HFp2CZO7qJ2qPG9tZhUonFzn/5TOqD9pdfH3rXuL6gu1BtcEO/QXBj8JAXruSNncusXcWPeCtRxh

Debug level 1: CLIENT -> SERVER: YmorBlX/UuwFgc271P90Nbcgoky4nGAcUBDA8oljt7MPDwwqFeZG1is4bjm5xa06rhb+t1r2/9D/

Debug level 1: CLIENT -> SERVER: CESO45/ja51Tdddr//5n8Vma2tzAXLuH/itQSwcIWRG//UQLAACODQAAUEsDBBQACAgIAAlrQlsA

Debug level 1: CLIENT -> SERVER: AAAAAAAAAAAAAAAMAAAAc2V0dGluZ3MueG1stVlbc9o6EH4/vyLjd0KgadMwCR0gpYeGBAZIM6dv

Debug level 1: CLIENT -> SERVER: wl5AB1nrkeQA//6sZMikXHIItp5IbGlXe/v2W/nm2zIWZy+gNEd5G1TOL4IzkCFGXE5vg6dRu/Q1

Debug level 1: CLIENT -> SERVER: +Fb/6wYnEx5CLcIwjUGakgZjaIk+o+1S17LXt0GqZA2Z5romWQy6ZsIaJiA322pvV9ecsuzJUnA5

Debug level 1: CLIENT -> SERVER: vw1mxiS1cnmxWJwvPp2jmpYr19fXZfd2szREOeHTY1Vlq9+qQsRXRXZDdhinrHpxcVnO/g/O1od8

Debug level 1: CLIENT -> SERVER: 45pqUN/4YWN+/WatIPspcQOx9c3Z+rE92m1AKmsvHBavXgv27ftzzy9a31DARpgEmzdmldAbLk1Q

Debug level 1: CLIENT -> SERVER: v7gp70o4XmoXJsaD2Gcemdk+uZ+qn6+q+WT/DXw623voaqXy5etpwoczXAwgovyC1ozJKegtBWNE

Debug level 1: CLIENT -> SERVER: AUwGdaNSOE1HRzYVLjQ8YASHpE+Y0EeLL8UsKXEZwRKiXV/tTy63h8pCrY7zeCfaOqo2ijI3qNs8

Debug level 1: CLIENT -> SERVER: zhHJQ4lXubq+rJwu9kCVXFavP58qVPOxgMLrxEktuqad0MGh8rC1l090E43B+FDpXZ0m+zdiPCJJ

Debug level 1: CLIENT -> SERVER: 23k2Q5UPiLpshalpoUhjuV3ORUlvIs4Lq+ddv7RZaFDtP3vl4sTTd/QQBIQGoraiByccfc/Dt7hy

Debug level 1: CLIENT -> SERVER: 6PUaqvYvoJZ4fBPNHqSKGWrJH+mmjSjqM8VGjLJ5mLDQQlnxoesTRJoBWMoA2/hZhPxeamyn6pIG

Debug level 1: CLIENT -> SERVER: 8Q8HEenHNB6D8mNNl0jXUxIxs69zbZIxh6O+x4lZ9ZmfnjuVqKDNlTZkBnQoA6XpSJ/uIv6gqGxB

Debug level 1: CLIENT -> SERVER: tTBOFGjLGgvHN+e4IRkg4CeODzouhxlZxNuKwBniRNDfxUfHWdFnCSirZwgm3e6HRVhCNe+ArjeZ

Debug level 1: CLIENT -> SERVER: EFL48JWzw1IET1m8ZqZ9hYZwm/LpHlbbWpiGL5dNLplaBeUjj+xg0MN51wdto9omC0UVmGmkBrMU

Debug level 1: CLIENT -> SERVER: 9ZSWLaRmhsKLd0g8qL3p/sEoZvBGYdQNGTUFk3NNTrdI12IiTIXrj74SviElGqfhcF84Ed66yKIB

Debug level 1: CLIENT -> SERVER: sAil2En0YhDBsoA1ARihq4MWCB/RJl3flxRuyUSXLHqn5+TQkSRi9aRB3THDihffthTDZ8EN2Qv8

Debug level 1: CLIENT -> SERVER: yu5XerIlUPvg01bJD4FjJu7WV0OW2PhoBx19T/FuaM5kP5WhSX2VYUPwqaTkHRpM+qj5e2pOj05L

Debug level 1: CLIENT -> SERVER: 8KShX2lNQ4ZU2xA9K1qq2mLlmqsPP7ZSpShMNqktMNrfIaYq3MGa7EriCLwkXzVco86IIGGlxYGp

Debug level 1: CLIENT -> SERVER: YslMd2SX6+3BuQgz7vARTYslJlVwp9iiN/5X96SlCh6UOSgb4OIewAeXWveux9258fggOBlttswl

Debug level 1: CLIENT -> SERVER: hNqz5hGoESzNM8WvJ8mtVAM+mLCGnojWlj8AHTH0RiLd5Y2vWUh32Rhe0c+PpyznA8dA/I3Xe4b4

Debug level 1: CLIENT -> SERVER: hhkaYoXFO+3VpE2iJX5sciAxABpQrGkNY5RlcjSnttFLqLLRS6FOiKj7kv/DAus71ZKD8QiBC6eD

Debug level 1: CLIENT -> SERVER: xt8WkyEID43vz/5D83zMZLRnls9za+sC/zPVhk9Wtmz0MzezByZTJpoK2NxPj9ADsMPBC4wwa4U+

Debug level 1: CLIENT -> SERVER: 0YCQmZJsQ1A8XrmBssbYj3+W3bkL2gNfL2aEsyUFGkVqz5SnMfi8S1pfkEyhycL5VGEqD14nFp3m

Debug level 1: CLIENT -> SERVER: +dq75TnuStbP9Eyjbji3yOil38sl5W0Iv0EhjW7/M7V98JrcXXOXd74elw99V6//B1BLBwgYiK6b

Debug level 1: CLIENT -> SERVER: /AQAAJkfAABQSwMEFAAICAgACWtCWwAAAAAAAAAAAAAAABUAAABNRVRBLUlORi9tYW5pZmVzdC54

Debug level 1: CLIENT -> SERVER: bWy1lUtuwyAQQPc5hcXe0GZVWXEitVJPkB6A4LGDxE/MECW3L46UxG2jqqnMDix4bxg8w2pztKY6

Debug level 1: CLIENT -> SERVER: QETtXcue+ROrwCnfaTe07GP7Xr+wzXqxstLpHpCay6DK+xxepy1L0TVeosbGSQvYkGp8ANd5lSw4

Debug level 1: CLIENT -> SERVER: ar6ub0bTelHdwL02UOeF8VTdZNBpWdMpQMtkCEYrSTlOcXAdP7v4VMEJjsRuuyenWk4+98mYOkja

Debug level 1: CLIENT -> SERVER: t0ww8VAM9ylv3vV6SPEcGy4FkqSEOxnL4KVSYCBPfRQqxTiePCe3uKuIoDdeEhSCBx9SyH9GKoSP

Debug level 1: CLIENT -> SERVER: foiA5W56DL0YnLw3xeDaygFQvGqyMmBRx4Ps720EkxurhyfN1VTwtxgelI8NSoy1ehee/fS/Yv6d

Debug level 1: CLIENT -> SERVER: i3QygLNjLZCcrfFs98nunNQGBV2GPLhhbvi8iQWi/E5eU7sSP57J9SdQSwcIZYJI2kQBAABhBwAA

Debug level 1: CLIENT -> SERVER: UEsBAhQAFAAACAAACWtCW17GMgwnAAAAJwAAAAgAAAAAAAAAAAAAAAAAAAAAAG1pbWV0eXBlUEsB

Debug level 1: CLIENT -> SERVER: AhQAFAAACAAACWtCWwAAAAAAAAAAAAAAABoAAAAAAAAAAAAAAAAATQAAAENvbmZpZ3VyYXRpb25z

Debug level 1: CLIENT -> SERVER: Mi9zdGF0dXNiYXIvUEsBAhQAFAAICAgACWtCWwAAAAACAAAAAAAAACcAAAAAAAAAAAAAAAAAhQAA

Debug level 1: CLIENT -> SERVER: AENvbmZpZ3VyYXRpb25zMi9hY2NlbGVyYXRvci9jdXJyZW50LnhtbFBLAQIUABQAAAgAAAlrQlsA

Debug level 1: CLIENT -> SERVER: AAAAAAAAAAAAAAAYAAAAAAAAAAAAAAAAANwAAABDb25maWd1cmF0aW9uczIvZmxvYXRlci9QSwEC

Debug level 1: CLIENT -> SERVER: FAAUAAAIAAAJa0JbAAAAAAAAAAAAAAAAGgAAAAAAAAAAAAAAAAASAQAAQ29uZmlndXJhdGlvbnMy

Debug level 1: CLIENT -> SERVER: L3BvcHVwbWVudS9QSwECFAAUAAAIAAAJa0JbAAAAAAAAAAAAAAAAHAAAAAAAAAAAAAAAAABKAQAA

Debug level 1: CLIENT -> SERVER: Q29uZmlndXJhdGlvbnMyL3Byb2dyZXNzYmFyL1BLAQIUABQAAAgAAAlrQlsAAAAAAAAAAAAAAAAY

Debug level 1: CLIENT -> SERVER: AAAAAAAAAAAAAAAAAIQBAABDb25maWd1cmF0aW9uczIvbWVudWJhci9QSwECFAAUAAAIAAAJa0Jb

Debug level 1: CLIENT -> SERVER: AAAAAAAAAAAAAAAAGAAAAAAAAAAAAAAAAAC6AQAAQ29uZmlndXJhdGlvbnMyL3Rvb2xiYXIvUEsB

Debug level 1: CLIENT -> SERVER: AhQAFAAACAAACWtCWwAAAAAAAAAAAAAAAB8AAAAAAAAAAAAAAAAA8AEAAENvbmZpZ3VyYXRpb25z

Debug level 1: CLIENT -> SERVER: Mi9pbWFnZXMvQml0bWFwcy9QSwECFAAUAAgICAAJa0Jbz33TMSMFAABnFAAACwAAAAAAAAAAAAAA

Debug level 1: CLIENT -> SERVER: AAAtAgAAY29udGVudC54bWxQSwECFAAUAAgICAAJa0JbVIMOjXkLAAArVAAACgAAAAAAAAAAAAAA

Debug level 1: CLIENT -> SERVER: AACJBwAAc3R5bGVzLnhtbFBLAQIUABQAAAgAAAlrQlvqHVZ9/AMAAPwDAAAIAAAAAAAAAAAAAAAA

Debug level 1: CLIENT -> SERVER: ADoTAABtZXRhLnhtbFBLAQIUABQACAgIAAlrQltZEb/9RAsAAI4NAAAYAAAAAAAAAAAAAAAAAFwX

Debug level 1: CLIENT -> SERVER: AABUaHVtYm5haWxzL3RodW1ibmFpbC5wbmdQSwECFAAUAAgICAAJa0JbGIium/wEAACZHwAADAAA

Debug level 1: CLIENT -> SERVER: AAAAAAAAAAAAAADmIgAAc2V0dGluZ3MueG1sUEsBAhQAFAAICAgACWtCW2WCSNpEAQAAYQcAABUA

Debug level 1: CLIENT -> SERVER: AAAAAAAAAAAAAAAAHCgAAE1FVEEtSU5GL21hbmlmZXN0LnhtbFBLBQYAAAAADwAPAO4DAACjKQAA

Debug level 1: CLIENT -> SERVER: AAA=

Debug level 1: CLIENT -> SERVER: 

Debug level 1: CLIENT -> SERVER: --b1=_iccLbjp2fW0ykUH6QEFAPJrCLcyT18onf8derF16o8--

Debug level 1: CLIENT -> SERVER: 

Debug level 1: CLIENT -> SERVER: .

Debug level 2: SERVER -> CLIENT: 250 2.0.0 Ok: queued as 5EE091043D72

Debug level 1: CLIENT -> SERVER: QUIT

Debug level 2: SERVER -> CLIENT: 221 2.0.0 Bye

