Debug level 2: SERVER -> CLIENT: 220 smtp-sp217-148.kinghost.net ESMTP

Debug level 1: CLIENT -> SERVER: EHLO localhost

Debug level 2: SERVER -> CLIENT: 250-smtp-sp217-148.kinghost.net
250-PIPELINING
250-SIZE 62914560
250-VRFY
250-ETRN
250-STARTTLS
250-AUTH PLAIN LOGIN
250-AUTH=PLAIN LOGIN
250-ENHANCEDSTATUSCODES
250-8BITMIME
250-DSN
250 CHUNKING

Debug level 1: CLIENT -> SERVER: AUTH LOGIN

Debug level 2: SERVER -> CLIENT: 334 VXNlcm5hbWU6

Debug level 1: CLIENT -> SERVER: [credentials hidden]
Debug level 2: SERVER -> CLIENT: 334 UGFzc3dvcmQ6

Debug level 1: CLIENT -> SERVER: [credentials hidden]
Debug level 2: SERVER -> CLIENT: 235 2.7.0 Authentication successful

Debug level 1: CLIENT -> SERVER: MAIL FROM:<ourodosul@ourodosul.com.br>

Debug level 2: SERVER -> CLIENT: 250 2.1.0 Ok

Debug level 1: CLIENT -> SERVER: RCPT TO:<nfe@kappesberg.com.br>

Debug level 2: SERVER -> CLIENT: 250 2.1.5 Ok

Debug level 1: CLIENT -> SERVER: DATA

Debug level 2: SERVER -> CLIENT: 354 End data with <CR><LF>.<CR><LF>

Debug level 1: CLIENT -> SERVER: Date: Wed, 1 Oct 2025 13:28:12 +0200

Debug level 1: CLIENT -> SERVER: To: nfe@kappesberg.com.br

Debug level 1: CLIENT -> SERVER: From: ourodosul@ourodosul.com.br

Debug level 1: CLIENT -> SERVER: Subject: =?iso-8859-1?Q?Atualiza=C3=A7=C3=A3o_de_Cadastro?=

Debug level 1: CLIENT -> SERVER: Message-ID: <Rgjyuoa3glbJxjA1Xukm8fKxW0JOmnVI13h5Z5ZRWQ@localhost>

Debug level 1: CLIENT -> SERVER: X-Mailer: PHPMailer 6.10.0 (https://github.com/PHPMailer/PHPMailer)

Debug level 1: CLIENT -> SERVER: MIME-Version: 1.0

Debug level 1: CLIENT -> SERVER: Content-Type: multipart/mixed;

Debug level 1: CLIENT -> SERVER:  boundary="b1=_Rgjyuoa3glbJxjA1Xukm8fKxW0JOmnVI13h5Z5ZRWQ"

Debug level 1: CLIENT -> SERVER: Content-Transfer-Encoding: 8bit

Debug level 1: CLIENT -> SERVER: 

Debug level 1: CLIENT -> SERVER: --b1=_Rgjyuoa3glbJxjA1Xukm8fKxW0JOmnVI13h5Z5ZRWQ

Debug level 1: CLIENT -> SERVER: Content-Type: multipart/alternative;

Debug level 1: CLIENT -> SERVER:  boundary="b2=_Rgjyuoa3glbJxjA1Xukm8fKxW0JOmnVI13h5Z5ZRWQ"

Debug level 1: CLIENT -> SERVER: 

Debug level 1: CLIENT -> SERVER: --b2=_Rgjyuoa3glbJxjA1Xukm8fKxW0JOmnVI13h5Z5ZRWQ

Debug level 1: CLIENT -> SERVER: Content-Type: text/plain; charset=iso-8859-1

Debug level 1: CLIENT -> SERVER: Content-Transfer-Encoding: 8bit

Debug level 1: CLIENT -> SERVER: 

Debug level 1: CLIENT -> SERVER: (Sem conteúdo)

Debug level 1: CLIENT -> SERVER: 

Debug level 1: CLIENT -> SERVER: --b2=_Rgjyuoa3glbJxjA1Xukm8fKxW0JOmnVI13h5Z5ZRWQ

Debug level 1: CLIENT -> SERVER: Content-Type: text/html; charset=iso-8859-1

Debug level 1: CLIENT -> SERVER: Content-Transfer-Encoding: 8bit

Debug level 1: CLIENT -> SERVER: 

Debug level 1: CLIENT -> SERVER: <p>(Sem conteúdo)</p>

Debug level 1: CLIENT -> SERVER: 

Debug level 1: CLIENT -> SERVER: 

Debug level 1: CLIENT -> SERVER: --b2=_Rgjyuoa3glbJxjA1Xukm8fKxW0JOmnVI13h5Z5ZRWQ--

Debug level 1: CLIENT -> SERVER: 

Debug level 1: CLIENT -> SERVER: --b1=_Rgjyuoa3glbJxjA1Xukm8fKxW0JOmnVI13h5Z5ZRWQ

Debug level 1: CLIENT -> SERVER: Content-Type: application/octet-stream; name="11570  .3 MOVEIS KAPPESBERG LTDA.odt"

Debug level 1: CLIENT -> SERVER: Content-Transfer-Encoding: base64

Debug level 1: CLIENT -> SERVER: Content-Disposition: attachment; filename="11570  .3 MOVEIS KAPPESBERG LTDA.odt"

Debug level 1: CLIENT -> SERVER: 

Debug level 1: CLIENT -> SERVER: UEsDBBQAAAgAAIFbQVtexjIMJwAAACcAAAAIAAAAbWltZXR5cGVhcHBsaWNhdGlvbi92bmQub2Fz

Debug level 1: CLIENT -> SERVER: aXMub3BlbmRvY3VtZW50LnRleHRQSwMEFAAACAAAgVtBWwAAAAAAAAAAAAAAABoAAABDb25maWd1

Debug level 1: CLIENT -> SERVER: cmF0aW9uczIvc3RhdHVzYmFyL1BLAwQUAAgICACBW0FbAAAAAAAAAAAAAAAAJwAAAENvbmZpZ3Vy

Debug level 1: CLIENT -> SERVER: YXRpb25zMi9hY2NlbGVyYXRvci9jdXJyZW50LnhtbAMAUEsHCAAAAAACAAAAAAAAAFBLAwQUAAAI

Debug level 1: CLIENT -> SERVER: AACBW0FbAAAAAAAAAAAAAAAAGAAAAENvbmZpZ3VyYXRpb25zMi9mbG9hdGVyL1BLAwQUAAAIAACB

Debug level 1: CLIENT -> SERVER: W0FbAAAAAAAAAAAAAAAAGgAAAENvbmZpZ3VyYXRpb25zMi9wb3B1cG1lbnUvUEsDBBQAAAgAAIFb

Debug level 1: CLIENT -> SERVER: QVsAAAAAAAAAAAAAAAAcAAAAQ29uZmlndXJhdGlvbnMyL3Byb2dyZXNzYmFyL1BLAwQUAAAIAACB

Debug level 1: CLIENT -> SERVER: W0FbAAAAAAAAAAAAAAAAGAAAAENvbmZpZ3VyYXRpb25zMi9tZW51YmFyL1BLAwQUAAAIAACBW0Fb

Debug level 1: CLIENT -> SERVER: AAAAAAAAAAAAAAAAGAAAAENvbmZpZ3VyYXRpb25zMi90b29sYmFyL1BLAwQUAAAIAACBW0FbAAAA

Debug level 1: CLIENT -> SERVER: AAAAAAAAAAAAHwAAAENvbmZpZ3VyYXRpb25zMi9pbWFnZXMvQml0bWFwcy9QSwMEFAAICAgAgVtB

Debug level 1: CLIENT -> SERVER: WwAAAAAAAAAAAAAAAAsAAABjb250ZW50LnhtbL1YUXLbNhD97ylQZabTflC07GYas5Y8TmxnMrUT

Debug level 1: CLIENT -> SERVER: T6W0/YVBUMQUJBAAlOR89Q49Qb8yPUBP4Jv0JF2AJExaokJZmfpDFrFvdx92F4ulTk5XGUcLqjQT

Debug level 1: CLIENT -> SERVER: +XgwGh4MEM2JiFk+Hw/ezy6DF4PTyVcnIkkYoVEsSJHR3ARE5Ab+I9DOdVRKx4NC5ZHAmukoxxnV

Debug level 1: CLIENT -> SERVER: kSGRkDSvtaImOnK+yhVt7nhvdQduahu6Mn2VLbali2/7e3bgpnas8LKvssVCUJvqieirvNI8SARE

Debug level 1: CLIENT -> SERVER: PZPYsEcsVpzlv48HqTEyCsPlcjlcHg2Fmoej4+Pj0Ek9YeJxslDcoWISUk6tMx2OhqOwxmbU4L78

Debug level 1: CLIENT -> SERVER: LLZJKS+yW6p6hwYbvJZVvZj3rojFvCM0JMWqd204cDu9R3H/9B7FTd0Mm7QjJy/CaxC6j+urh1pQ

Debug level 1: CLIENT -> SERVER: WV9fFtsKFVFM9t5miW7qCyE8VatQHlBH9/Dg4PuwfG6gl1vhS8UMVQ042QonmBMfcZFtChrgRiEg

Debug level 1: CLIENT -> SERVER: ArqwZeoL3wZCdygchqXYg3Xcafq366spSWmGH8Ds8+CA5drg/CEyyiahc6fPQ0WlUMYHJunfMCFb

Debug level 1: CLIENT -> SERVER: h95LnGDvBpB66CwEVtH5aloI7ckMrcozX2mM8rqsPcnKP11JqphVxNxmLsg07BKyKWTU0C6Lp9Js

Debug level 1: CLIENT -> SERVER: XB6Hg0l9U5RVpkO/kMCNESSY0CCmhOvJSXni/TIqny2P8WCGU2GzASe7RmSM33lBuF39FebsVrHR

Debug level 1: CLIENT -> SERVER: BgOVaIBa+lYWzGkOm4di1UumdU8fT3ShYBd5CyGZIdAxFlgxe830dI+u2Dw1G0h8g6XQP7ZQ5dL/

Debug level 1: CLIENT -> SERVER: SGtT/J/Gq8zIHrwuN1DZ7vFOG5rt4/KqICzGaIpzjd7nDGYq2hmPDdg+Udmb4/UUvRYmZaSTmUd8

Debug level 1: CLIENT -> SERVER: MT5hV0Oo1nFhoAoNI4Gz4zuF+2yxvxl5XxVniRWeKyzTWgALdlx1D0GpNYWeHWMV15AMZg+qAonn

Debug level 1: CLIENT -> SERVER: a4jatTcbSOiEVBlGtXdg1apxx1J3W2ww7qY/W6Nvp1Pv1D40/SUiIoILcPPswP3V2g4oCgODHlhN

Debug level 1: CLIENT -> SERVER: MNe0JbLrgUmVKOZpUI3auchpK1GPGyd4c+uafYT10UiaxlptQ2WYu2XnR6c4tqNB07YTFHlMlWPR

Debug level 1: CLIENT -> SERVER: 8l6bW1LbBR7sPWIVwO2G81ZTfwBYejWgJNkUuqxX0g3WS8dbAM69nSw5XW0j4CEdFLy8m0QHxMWP

Debug level 1: CLIENT -> SERVER: ZjLFZSLWYisWm0K7CVAVj3Pqvq9Xath5BCvBrYjv/IM1Pzlxb1SafijgtdEf5fVF5JZipiXHd3W1

Debug level 1: CLIENT -> SERVER: BhwGOj4eQCk7cVmEbzgvtFHgX+SW417GZnXb2c+KPZj7Gjkv3wBd2LujJkuVZseCPjd5KTIUM/w1

Debug level 1: CLIENT -> SERVER: OvtQMHT/N4Lr4l2hBIoFmhZ8iG7gzsiERvBmbicyrBAMmwhb9GnlT3a7aLQ8J4NX3XDrVy1xvm4G

Debug level 1: CLIENT -> SERVER: WtpkNHr+wwGqUOFkeISu3/1y8WaKfjq7ubmYvrz4+TW6mp2f1UEAQ5NdCF7A0G03Cn1dwZpANLOb

Debug level 1: CLIENT -> SERVER: NtgIZBs1wqaAk/oRIqBpgQiOocErUUbIIhMGJ8wJNUQxBlOnaBcCb0VGo500Xt1con//+HMnnXN4

Debug level 1: CLIENT -> SERVER: KUZA+C3WxE3kItopShlmHH0r7Z41VdZSwngqvotQM5c7WJxRTqF50LaBz32dQXZ+TbHRWMrTnTSf

Debug level 1: CLIENT -> SERVER: SPPCXjb0/pPYLUX18SnsyaFaU19TEDlTbb2sL4m1O14wLIv7T/f/wN1si0gXcFNnVBFbUjsduWmj

Debug level 1: CLIENT -> SERVER: TMG3uf8LUpYhSH9VA7mvAQQP8GKnHC1CecGxGu7gK/xymLB1DYStGyLs+L1w8h9QSwcI5JrSUjIF

Debug level 1: CLIENT -> SERVER: AABwFAAAUEsDBBQACAgIAIFbQVsAAAAAAAAAAAAAAAAKAAAAc3R5bGVzLnhtbN1czZLbuBG+5ylU

Debug level 1: CLIENT -> SERVER: ciU3SiT1r3i8lTjrJFV2Jdmxz1sQCUmMKYIFgqPRvk4OOeUp/GJpAAQJkiBF/Vme2alyrdANoPH1

Debug level 1: CLIENT -> SERVER: D5oNkG9/et6FvSdMk4BED31nYPd7OPKIH0Sbh/6Xzx+sef+nd797S9brwMNLn3jpDkfMStghxEkP

Debug level 1: CLIENT -> SERVER: OkfJUhIf+imNlgQlQbKM0A4nS+YtSYwj1Wmpcy/FVLJFDNa1u2DWezP8zLp25rylvmjVfWbBrPf2

Debug level 1: CLIENT -> SERVER: Kdp37cx5AVO9+5p07fychNaaWB7ZxYgFFSmewyD6+tDfMhYvh8P9fj/YjwaEbobOYrEYCmousJfz

Debug level 1: CLIENT -> SERVER: xSkNBZfvDXGI+WTJ0Bk4Q8W7wwx1lY/z6iJF6W6FaWdoEEM1rSZPm84W8bRpgMbbItrZNgRzWb0j

Debug level 1: CLIENT -> SERVER: v7t6R77ed4fYtkEn8+EnIIp/Pn0sbIHuus7FeUtQeTSIOy9Tcuv9CSG5qLyDdFAhrmvb46H8rXHv

Debug level 1: CLIENT -> SERVER: W9n3NGCYauxeK7uHQi9HnOxMoAGfMwQOCz9xM1XclC+6ceTJkOKYUJYLsu4eoAAdN5/FX6N8GuBM

Debug level 1: CLIENT -> SERVER: BmIEi3cUc+kjDLknDHmXN/1eFui04Or236lIuiYQRdfIw5aPvTB591Z6QN7ck7+5nA/9z2hLdqjf

Debug level 1: CLIENT -> SERVER: A0tXHLsgPOSEYXv39ygMVjRwDANkpH6v1J/TrA2OMA1Aeck+SJKOc5w5BYVVRCWOOGAeeNATogEP

Debug level 1: CLIENT -> SERVER: ux2n730MNltmEOIPKCbJH0tcsuk7imXC/zy5pEYukOuDQZT2GQ8Jw7tLpvyYeoGPeo8oSnpfogBS

Debug level 1: CLIENT -> SERVER: DNyIh4G3CyoXy/jpsfdXwraB1yhZznE1eYZNASFrl5mWktvHa5SGWf6lRs4k3FAUc9kVb/bbiimE

Debug level 1: CLIENT -> SERVER: KMoCyNd4FrJMtsgnewvGTzCznh/69mDkgZwG4qFCZLBFWpBRYCuJkQf5jLUlNPgNREchZ3XnrcxP

Debug level 1: CLIENT -> SERVER: XAyvzgoBtOuoNVbDmBksIaxjH7CtJTPENQoTzQJiRJFASMdnTZZi8C3mnggh257/Xo3HR7FQygif

Debug level 1: CLIENT -> SERVER: GYwl8DGRA6Aw3iLFJvqvKEaQkyUMDIEpCt8YucQ7MOeHfkgttioZRxD5mO8lPL/Wl6hEV5JDHgr6

Debug level 1: CLIENT -> SERVER: J3HCrad5MTk7l1tbo2xNEwzgRFzXYnKPhAQyNkZTcEuAQTQmwW8gqePETLSFKNqkaANNWYNH0ohR

Debug level 1: CLIENT -> SERVER: MJI//5IvHzPY/a2vmEZCdDmgtko+pgU7KIrUyFnHbHBFw3ngzWZRhC+P9fF4+hfi54YRcyqi1TFz

Debug level 1: CLIENT -> SERVER: 0uOf+gWcJS/r4no5/v1j5rVDdBNEFqgPDJYba9G2IozxBIjbsZuRDNYIrdtDvMUR5LskskLk+wC4

Debug level 1: CLIENT -> SERVER: WNBDPyJgOruAnWi0cRp5LJUD7oEMCQ+ABwo8btXKGi0/AI+P+CSQ6EycwhHLdh+DRgovPMM4Nd1X

Debug level 1: CLIENT -> SERVER: Uo9bmi2fSlmgeSu7nYmLuXNL/XAj89cNC6uYU7U2incITJU/KymTc2tMcZpsKywX+JZ47NaDX4h1

Debug level 1: CLIENT -> SERVER: i5FP5StCuRdwE4OdAOwlRHHC7ffSiS1K9pXJoaXi1F8xjsGlN5ht+WMv97djE+sTSjN+BO/xEfX7

Debug level 1: CLIENT -> SERVER: jbFFKS9ESQLigescDTeEgpdHidLSPgCfkr+a96QLnLNY9JHFfg5YiI+uFBryYpNlRiniMuoMn6Hh

Debug level 1: CLIENT -> SERVER: V9f+dUX8wzmIlQL0YOyOmoK0M3bMQdqWQVoYhcg/IpF/oHCPDskxdOtxLX94KIc3d67CmwxdebJg

Debug level 1: CLIENT -> SERVER: 2QPbmRfh96TQpmfA5oAm5z0rOomu3U3EoEjYY+IQHTRV93TyJYZ0to00buIO38Q7L/cjbJ/nrKPF

Debug level 1: CLIENT -> SERVER: 3kM+ZEdzK7RU1BS6Cf4exTzqX1EHIClFJzqqRLtFET1R+5WVSZFeJ/keJyjCiVXh0m5200qS4WZe

Debug level 1: CLIENT -> SERVER: KNt4D0iy4LmlxYNkH50oIMmohs5G/bQkAebxc3o2Q2cF/x0eSZ6vqN5AjNeq3ivp6mo2/jeM+IkI

Debug level 1: CLIENT -> SERVER: 9zPHHIsyjp7z3TY1lVaQlAk8QvzEcx/n8k1vOpoc3/RO3d5E3i0yhTfuejJeTJszeVXFq2x4dtWs

Debug level 1: CLIENT -> SERVER: 9V2pSjxhV7JP2ZU0S3DbLcG9tyW4l1tC8SD6I1mCM22xhBrxhKen6ZmWMGq3hNG9LWH0ciyhoulx

Debug level 1: CLIENT -> SERVER: m6arxBM0PT5T0+N2TY/vrenx5Zou1FnTtD27haabk6aT8qIPhr5n5zyayiftKp/cW+WTl6PyFt2d

Debug level 1: CLIENT -> SERVER: o5lpu2am99bM9HLNFPBXNXO5ViYL/vdyHHHWru7ZvdU9exnqvrITztu1Mr+3VuYXa+VmGnFn/O/l

Debug level 1: CLIENT -> SERVER: OOCiXdWLe6t68eOr+hrO95iu2D3K594Wxfxm1zFE5ZljGGzAVj0QAOfHTv9OExasDxY/mYEZ94T6

Debug level 1: CLIENT -> SERVER: tXP5UzYs7RnBUAiHcOpOM9WdUp6rPXNc4nz1x44r+ua/UsIuM4OrPQQWpJupf2zzv2uEywth56V6

Debug level 1: CLIENT -> SERVER: 7iP/rCJdjoucrVfjuaWaQrxm4vh9VlYTlUdTtq6hQFw0yRrl6Pzc0ioRc+V0rRQzHCWYY1MyzTIu

Debug level 1: CLIENT -> SERVER: GVfvu1mvgmXijo24GCjHK6EF6SyDP0cPvE+MfL7ZZmtSGlWtFUWr5mw1o8moQiiWU9Cyo3Q5QUQi

Debug level 1: CLIENT -> SERVER: rLdmE1SbVfrKzx17CQkDv6c/52dc2lOlgfH71g4uDAF/kRlIKQrwHx9gbLPVZz2KgNDTefM7Bzxl

Debug level 1: CLIENT -> SERVER: GTbP+/nb/1gaEnEQwf95vy0udVQORyVnz+npPKV5XnmpXsPK7YaVewesfoxitobVqBtWo6tg9SOW

Debug level 1: CLIENT -> SERVER: ezUsxt2wGF8Xi7OD2g0fAzVQJt1AmdzCmc56YNJkn3aTfXqR7C+isKaBMusGyuwqoFxZofNuss8v

Debug level 1: CLIENT -> SERVER: M8aXUKjRQFl0A2VxFVCurNDjYp8s9InJy9Uu1t3l2hyvDnVBs+C7bqzrWJO59yb/Htzr23+//ecI

Debug level 1: CLIENT -> SERVER: SjnbRSD9MJUL7QH951285S8ytj+jV7nul9tcuPKSvuXqUFfVZ+w/SJJ3PRP4Ba8xxZF3pE5TY+u6

Debug level 1: CLIENT -> SERVER: diGueNeN1zCSHQpDy0Nx0m8AxhAs7IVewN1nd6xXJPRLmEiCAq2JnGMmGDoj9o+PP1dX3uFVO3FR

Debug level 1: CLIENT -> SERVER: EUXellCLHWJcLm09bZbPquYD/38o1X/kGziyxiJb1EtuVkz4uQaJawTKD0BqxbPiPTrZs1ye0qiV

Debug level 1: CLIENT -> SERVER: 7jVsxGrUcYsBIknpVxjFuUzGLi9uVu4oRunO4q+zI1BqDia/tpx1reKpk0gSiLdNUOQLk8HqJQa0

Debug level 1: CLIENT -> SERVER: ArKox/FXsk3DVliysUXjmoQh2WPfWh3kBWqGVn1t8vx1JzU/N9PZ1DWVVi2dUqpFKkKBs3HRQG3C

Debug level 1: CLIENT -> SERVER: syPS7qtC2oEEbGpEWqdUqr6ScHOkR68M6fwMoQp09XChdOhwc5jHrwzm4uShinPtTKJ8jHFzpCev

Debug level 1: CLIENT -> SERVER: DOnZbN6AdEGpIC0JN0d6+qqQdgf2yLwd6pQS0opwc6Rnrwxpd27eDnVKBWlJuDnS81eG9MQcpjVC

Debug level 1: CLIENT -> SERVER: BefJdwnSi1cG82zRhHNBqQAtCTdH2rFfFdSjgT0274c6pQS1IlwCdZmk4x8RhhN4RI/WwSal4kMC

Debug level 1: CLIENT -> SERVER: vZxgZVfQ1oSwSLs1oqvCyVYsvzvzhMIU85cDZaPqmGgQiC9R6H3kG4X8XgQfT33Ti6+3u4Q48psE

Debug level 1: CLIENT -> SERVER: DMwCquE5IoUEpmka34eUX+sR76svFkUdwYRONkiBAtdtRgsij4ovAfLkT/s0kRit+CIRv54CYwae

Debug level 1: CLIENT -> SERVER: pQhyOo4nWOkBtFsqDnyKd07fwFSpFgnKPvD5h/Nce7BYqNKPIKjX693FYNqyxmwSgJBZhAawFpQp

Debug level 1: CLIENT -> SERVER: m1BGUcBql3xchVn9ko+BlHmC8RqR9u2hlk/9ZGvf0MBXn05449n8z8SRKdsdz2zHRF+hpMAm/1xB

Debug level 1: CLIENT -> SERVER: nY+mq0PBZ+aRwuplp9oIEGz41/8y26szCeBb6FmBscKhnNPaoeeSkMXXujKGBMcKYWkolSMZ9Q0a

Debug level 1: CLIENT -> SERVER: EBSMQvCL91tsx8CD1qLaaGBBPr+5JT1B+odspxDIlIVO8g9DKS3a4j8tPJptXS1qixG/FCV+DPWV

Debug level 1: CLIENT -> SERVER: ao31gQqvrLthRtihJB8jny1r5COVj4sqF4J1mTX31aJBZfih+dOw7/4PUEsHCCeojhaQCwAAWlYA

Debug level 1: CLIENT -> SERVER: AFBLAwQUAAAIAACBW0Fbp52DcvwDAAD8AwAACAAAAG1ldGEueG1sPD94bWwgdmVyc2lvbj0iMS4w

Debug level 1: CLIENT -> SERVER: IiBlbmNvZGluZz0iVVRGLTgiPz4KPG9mZmljZTpkb2N1bWVudC1tZXRhIHhtbG5zOm9mZmljZT0i

Debug level 1: CLIENT -> SERVER: dXJuOm9hc2lzOm5hbWVzOnRjOm9wZW5kb2N1bWVudDp4bWxuczpvZmZpY2U6MS4wIiB4bWxuczp4

Debug level 1: CLIENT -> SERVER: bGluaz0iaHR0cDovL3d3dy53My5vcmcvMTk5OS94bGluayIgeG1sbnM6ZGM9Imh0dHA6Ly9wdXJs

Debug level 1: CLIENT -> SERVER: Lm9yZy9kYy9lbGVtZW50cy8xLjEvIiB4bWxuczptZXRhPSJ1cm46b2FzaXM6bmFtZXM6dGM6b3Bl

Debug level 1: CLIENT -> SERVER: bmRvY3VtZW50OnhtbG5zOm1ldGE6MS4wIiB4bWxuczpvb289Imh0dHA6Ly9vcGVub2ZmaWNlLm9y

Debug level 1: CLIENT -> SERVER: Zy8yMDA0L29mZmljZSIgb2ZmaWNlOnZlcnNpb249IjEuMiI+PG9mZmljZTptZXRhPjxtZXRhOmlu

Debug level 1: CLIENT -> SERVER: aXRpYWwtY3JlYXRvcj5lbGlzZXU8L21ldGE6aW5pdGlhbC1jcmVhdG9yPjxtZXRhOmVkaXRpbmct

Debug level 1: CLIENT -> SERVER: Y3ljbGVzPjI8L21ldGE6ZWRpdGluZy1jeWNsZXM+PG1ldGE6Y3JlYXRpb24tZGF0ZT4yMDI1LTA5

Debug level 1: CLIENT -> SERVER: LTI5VDEyOjI1OjAwPC9tZXRhOmNyZWF0aW9uLWRhdGU+PGRjOmRhdGU+MjAyNS0xMC0wMVQwODoy

Debug level 1: CLIENT -> SERVER: ODowMy44ODwvZGM6ZGF0ZT48bWV0YTplZGl0aW5nLWR1cmF0aW9uPlBUMDBIMDBNMDBTPC9tZXRh

Debug level 1: CLIENT -> SERVER: OmVkaXRpbmctZHVyYXRpb24+PG1ldGE6Z2VuZXJhdG9yPkJyT2ZmaWNlLm9yZy8zLjEkV2luMzIg

Debug level 1: CLIENT -> SERVER: T3Blbk9mZmljZS5vcmdfcHJvamVjdC8zMTBtMTEkQnVpbGQtOTM5OTwvbWV0YTpnZW5lcmF0b3I+

Debug level 1: CLIENT -> SERVER: PG1ldGE6ZG9jdW1lbnQtc3RhdGlzdGljIG1ldGE6dGFibGUtY291bnQ9IjAiIG1ldGE6aW1hZ2Ut

Debug level 1: CLIENT -> SERVER: Y291bnQ9IjAiIG1ldGE6b2JqZWN0LWNvdW50PSIwIiBtZXRhOnBhZ2UtY291bnQ9IjEiIG1ldGE6

Debug level 1: CLIENT -> SERVER: cGFyYWdyYXBoLWNvdW50PSIxMSIgbWV0YTp3b3JkLWNvdW50PSI2OSIgbWV0YTpjaGFyYWN0ZXIt

Debug level 1: CLIENT -> SERVER: Y291bnQ9IjQyMyIvPjxtZXRhOnRlbXBsYXRlIHhsaW5rOnR5cGU9InNpbXBsZSIgeGxpbms6YWN0

Debug level 1: CLIENT -> SERVER: dWF0ZT0ib25SZXF1ZXN0IiB4bGluazp0aXRsZT0iTm9ybWFsIiB4bGluazpocmVmPSIiLz48L29m

Debug level 1: CLIENT -> SERVER: ZmljZTptZXRhPjwvb2ZmaWNlOmRvY3VtZW50LW1ldGE+UEsDBBQACAgIAIFbQVsAAAAAAAAAAAAA

Debug level 1: CLIENT -> SERVER: AAAYAAAAVGh1bWJuYWlscy90aHVtYm5haWwucG5n7ZdpNBuIFse1Wrpoa2mlCEoHbe1KgtrpVBpJ

Debug level 1: CLIENT -> SERVER: DWOLoGVIibW22qJlOii1h9qq1dpaovZGiGoQS0VtoWJtkFdbGqklRLx+mDdz3rd3zvs6n3733E/3

Debug level 1: CLIENT -> SERVER: 3PO/v3NukjX8xqkTkif4+PhOQSwtbH6wkY/vEN8xgR/V5kUw7UcfD7Ew/fV+4VrRtUyapfh12YuR

Debug level 1: CLIENT -> SERVER: l/M0ztaLHAGu3/6oeSdIcA1rpzgQRCshvT8RKSjmqVELCOFlmGBH89MlX0eGppZdF+5Rv98l59+a

Debug level 1: CLIENT -> SERVER: y6HVqRx+njSL2eTjw4ASJUcfVphK//8ISq9geEYSk4VeOuZ16SlRESIenYmFSxEIrsSBkghuOyY2

Debug level 1: CLIENT -> SERVER: v5zR9dkateEZNZsSu8lM0eRNNuyYsQrVpWmn1nrPzkBfGw9C79OjSWEjDpeZNTAiY4KCfE32AtNh

Debug level 1: CLIENT -> SERVER: qjj6sUfcHdLnT/4VyoRxXfJMuEGCBCeYiEvmd1rZkSdajXhXGnPGjXJZsVVOZDB5a/g+d29Es3iW

Debug level 1: CLIENT -> SERVER: /GUiwAdgwUmnrV2nMKCitZAPJyXTzBIVqg56lroMXbms7C4Zi8AsMl2efh5n6K4gtUJ5cY9bcTK4

Debug level 1: CLIENT -> SERVER: gvksmlMvJKouaLhEvBehXveccPlSV4QIOTMPx27ZqLYKj5jiYpMBrOltvVci3ZQPUEDIcqa/S+Et

Debug level 1: CLIENT -> SERVER: 35WlFWQVgL7v9Buw03B2QRFwUJ696SkTj9xzKtMAJEWmbZsMcz23PGXS4KvCS8+6AQdyjsnP2ztM

Debug level 1: CLIENT -> SERVER: S0DlGCA7iGncM6CjDspKtYqsViC/eVXC1hrsjs1zuRXjhlu0wcN5VLfZBBLvSmlrJSNscX+2NlEC

Debug level 1: CLIENT -> SERVER: PLDpabV/ycP75ZZeTuWonu/Mnn5oKj61MliToMV2T5Djtd+6Rmlkam2zGgpkoh+d2SiYLPyOeRoL

Debug level 1: CLIENT -> SERVER: Bg8EH6B2LpQI7GCEdSr4f4nXN3pSwWAwujgJoD2uij/Q4llRjzAywbSKkMxOK+e90DJKOUdTfyeb

Debug level 1: CLIENT -> SERVER: pY6KwZeXwymMX42sfdsTQjouJW0VKYOes2Mc3dZlZhLGlfBthYuiwGzfTTxjaapttCDaULl38SQ8

Debug level 1: CLIENT -> SERVER: nbktvnsqrFz2pTRJB5nWPj+SOHl/Eb/r80q20Mq1YutKVy76mKtLcVXiulz4tujpjVjXByBdyeAr

Debug level 1: CLIENT -> SERVER: k0edP11H62lC6+TjJwg/fVpPLqRfiBsZzt4vZpInRqsKshQkBCVO+7Z+XyyEl4FQszK3nsSSy0Ua

Debug level 1: CLIENT -> SERVER: D3wMN7/qON/nbSJwedVYr+5VXQtlVWzNlouexpC9CsglWjXHrZF5c9zDVnVbtu9swlug9ktL+1cZ

Debug level 1: CLIENT -> SERVER: Q1VKIPilaOzgRZ8d7Qs+1oIlAqHA858WvpjbHUsItBVbyeAvcBU8ip17gTq4C+qZSLhQFhF02URe

Debug level 1: CLIENT -> SERVER: UG4tLm/J7/3QeFzKzYPLzyuB7dKOC75SDQ05aaZ27Iap+CT3EVuvU4G7PiaZEFN7rzbFCG6lv7/b

Debug level 1: CLIENT -> SERVER: 5IWqCDGk3ZLE3qYHzBTBI44SScAPQCam0Bz4K9Bc6sGmC92Z6XeN4lA8dE2oSn+nQH8WuBLwR1TP

Debug level 1: CLIENT -> SERVER: gDG32CPE9bgGIj6eOvdCLZ9/XvZnLl90W/kNpdzz2aMCShxwGmiuokG5Ji7F5iDTqOEechkqbidT

Debug level 1: CLIENT -> SERVER: E+pUpXn7CjZcDREFfUrqv/hEPSWqGlB88lY9Qb22V6PsbHpDA/14x01Sercsvb57mPgKYytsL4Zc

Debug level 1: CLIENT -> SERVER: vPcpVz36pK1Q3IlDdyIaOGOU7uaRse15zDvRBzrR6GgPH2VBVGkUQZqxKyEBEcliQj895OfPl4yV

Debug level 1: CLIENT -> SERVER: i7bxAkyMHjnf1b59CGoTl5IfuXe7TLJNm6o/Zn03PuWnz6FewQbq9Y209/IjKRWp6se811B+9arO

Debug level 1: CLIENT -> SERVER: ZXrPuvWptari5Ksg9nmp8Fdw9FXm2RS7bg3Qfn5RlO3Su5kWDHtjjYWtK3sWQPYGnWq9FZUxO3ru

Debug level 1: CLIENT -> SERVER: cELDg799RUZEmlPMVai2DXmZpb+5qzyKCL81/I2lu17QIhYx1faA4G5YatB+49umWkyoNB8mm67S

Debug level 1: CLIENT -> SERVER: NrO6cXSkgKhkJYhR45YJhP6ZhR8g3yl5VuadlOGu4MbMl/+YuixrdCaBM8pSWOLGZASjHEwH2VqM

Debug level 1: CLIENT -> SERVER: 0PVUiZN3GdZQdZlN+nqmnsiNI8ZiGNt4/T9v7gfoO520ZlFXdCbjrIPKvb1EIh5iFUOEOg5y3vTi

Debug level 1: CLIENT -> SERVER: NYO0FfXmy6JtTj8Z7v+Mo/3ukNEiZQJr8ru422rg57Q4q4tva+3BS9nksKV68Z4JfOaFo+WLgVB1

Debug level 1: CLIENT -> SERVER: YnIsuLdGoaMR0jRt8T2vVjHatcB3ujkzeBZu9mjwSHvlf0m8ohSVECrX5j7UWzj12MSAhvPcXsoP

Debug level 1: CLIENT -> SERVER: ilhrbpFBOnvlXMbJKW18D8joL/bw64dlBehHJjrG9OltFUx+9JZuacEVYEM53LetM2FZH9fygzLH

Debug level 1: CLIENT -> SERVER: Q7N86ZAZk3pVDzg1DLpKd8s84kKNrT+2Wx+4g4jUuRnQLOPqaDoai2WCen3HU2g1+/aDfv1PeWep

Debug level 1: CLIENT -> SERVER: LSvglfbSU6D54G/+GFtBTV58dT18RunLdKLkHOo/0z4tBdh3pN2BhEY9Jky55DblTPjCMuSZRt2T

Debug level 1: CLIENT -> SERVER: kWutk356ccF5YYLHDj1afxZ2fCKgdsjfWyStnzs7nyMmm0SaOuMxLb99Y2pIZ91MNFsY3BUy0HRa

Debug level 1: CLIENT -> SERVER: YWP9ZVV1c7HD5xxSYswUnYtMVFud8lHvPtbl1Hcq8Wrs1MLWjZkrncRBVSUjUfI+V2PfW2XGeSfM

Debug level 1: CLIENT -> SERVER: B0TwfZIkGbH9y8THNxJ7ujj2ZABdhCTWH3rgZ1y4qDVxZuMMZ58UsOwGfyvFkopV/HvpLGjJdxtr

Debug level 1: CLIENT -> SERVER: V0jDGptSt0J507W8e75JphWMgWXPtLEPB4ih2lLiVcW1elbWqzVnhU1JBwM1ScNvTjtm6RaQlrnh

Debug level 1: CLIENT -> SERVER: bHcnDVHMg/DtAskacUx2uJLPA9mjPyJ1OsR4nfci0EpZ+Xrsy1DjydbrIwuXKCyGZR9MpcMY7V+i

Debug level 1: CLIENT -> SERVER: 7Z80CvvZ04HokumLWKeUoUa4BMMidDCQZI1E8lbXyQYp5kLwOticXWCAj9tIQ3Zr304KOjk4C/fo

Debug level 1: CLIENT -> SERVER: qTDBSX9gtK4p4DC+hL9BQLctwvgLsuWswdhCUJkCjRpFVRujJuwByHI6zVeXInI4H6v5sUaqBPS4

Debug level 1: CLIENT -> SERVER: DsPI7O3Yw/7UUJ7AII84Zc5NFQLQ3snCZtxzxQLNtZ2FdiVyYd/SXk11XhY0+tw6dLfPRQhsoGoo

Debug level 1: CLIENT -> SERVER: bvnQZi3zN5bvrluIQ2cxjaEbeaiz6bor736GGte8AXe8dSPGEDLzafSAXhmBPYM31MdbIq6ouhA4

Debug level 1: CLIENT -> SERVER: eAzLk7y8bElpbDUUwG9hZPAYX5IfGA7bvrjgM/kv4FFXTDsExW6F5cNPpPfhn7Jm8rIHJcg6nUFT

Debug level 1: CLIENT -> SERVER: GIDeAfgajPc4+aGDs2DfkufcZOmc2cs7/A5R0h5opsunh251We93+vYnFlX7EE1IMA06PN4yL1Xf

Debug level 1: CLIENT -> SERVER: CxGK2+0b9pjnOkKxwQELukti+8WLZvUWk2XqTh/csV/nm3Lr5PMrx9UwhZwOcEx9bgejLti2vZoW

Debug level 1: CLIENT -> SERVER: sH4D+V2LgjYYsxvvc3/oqdcMcryynbG0vLIbhFzRTdEG744N+wUcvfMkpt1wmzIP3jzDqp4iM3uT

Debug level 1: CLIENT -> SERVER: ucSpXtng343cMIolfwkKiPoKU6O5xDQuf8FSMcnQRA5jk6gnXmnvUDuXic2tcXaobvMJwp7L8yl6

Debug level 1: CLIENT -> SERVER: SzBB25a2rFD4aegxr9W9onOAvoWd7G5R6Fbh9GrqWwn0SE6vuHPdKlVh9HVRsxQ5DN84fAPxunq9

Debug level 1: CLIENT -> SERVER: M90PbnZSlIyX3SJyGZCF6Fo94wBkCiTnlwufLc98dc8vTsqxQdXDxhwDcYiIr7stUqZNh5hgfG9u

Debug level 1: CLIENT -> SERVER: NhNAoBBOWqJtsUFtxCYE8jJKC4FIS9ctEOBUuDrXdprFovC/a+ZOi4A8XGg3xRfnjuarEG5je0tr

Debug level 1: CLIENT -> SERVER: R77YoNd07ZM3WI7VYIY/b9/psSngXyIhi++BXayQNir93tvG2bjQcUd7xXMZS56oRUi9lGlxwTvQ

Debug level 1: CLIENT -> SERVER: H2O4NGrZ62nfmrbJogsIRCnbpqaxc5KHWKmRRvtfGyS0bl17s7qGHNDmVVdTmWEI4btz4L80/Q/+

Debug level 1: CLIENT -> SERVER: wf8M3mFrJ6lB+tMgnx+/HB/kOtwCZ3Y77t9QSwcIl0zXxpALAADyDQAAUEsDBBQACAgIAIFbQVsA

Debug level 1: CLIENT -> SERVER: AAAAAAAAAAAAAAAMAAAAc2V0dGluZ3MueG1stVlbU+JKEH4/v8LKOyJ4OSulbAVc9rCiUIBrnX0b

Debug level 1: CLIENT -> SERVER: kgZynEynZiYC/357JmC5EDxIMk9oLn3vr7+e3HxdxvzkFaSKUNx6tdMz7wREgGEkZrfe07hT+eJ9

Debug level 1: CLIENT -> SERVER: bf51g9NpFEAjxCCNQeiKAq3pEXVCrwvVyG7feqkUDWQqUg3BYlANHTQwAbF5rfH+6YZVll1Z8ki8

Debug level 1: CLIENT -> SERVER: 3HpzrZNGtbpYLE4X56coZ9Xa9fV11d7dPBqgmEazQ1VlT79XhYhviswLmTFWWf3s7KKa/e+drI18

Debug level 1: CLIENT -> SERVER: F5q619zEYeN+82atIPupRBpiE5uT9WVj2q1HKhuvESzeoublvffnOz/peV8CG2Pibe7oVUJ3IqG9

Debug level 1: CLIENT -> SERVER: Zu3iS/2muivkcME9mOo8yWfFxD5HoZ7nyT2vX/5d0OR/IJrNc42u12pXX44TPprjYgghlRi050zM

Debug level 1: CLIENT -> SERVER: QG0pmCByYMJrapnCcTq6oiVxoeABQ9gnfcq4Olh8JWZJJRIhLCHcjVV+fdl3qDPk6rCId8MtU5WW

Debug level 1: CLIENT -> SERVER: VLxe05RygUzuK7xa/fL8yBwasXsa5aJ+fXmsUBVNOJTeJ1aqg7a2cof7OsS0XzGTW6g1xrndV7+6

Debug level 1: CLIENT -> SERVER: ODJzvxDjMUnaLrU5ymJY1GMrTHUbeRqL7Y4uS3oL8aW0lt6NS4cFGmW+7bWzI63vqhFwCDSEHUkX

Debug level 1: CLIENT -> SERVER: jjA95+J7aNl3e41W+Q/QYDx8lGYXUsk0DebPzFQ/DAdMsjGjah4lLDBoVn7qBoSSegiGOMA2hJYh

Debug level 1: CLIENT -> SERVER: v59qM6x6pIH/GwEP1WMaT0C68aZH1OspCZnOG16bYiwQqG9xolcD5mbszgRK6ERSaXIDulSBQneF

Debug level 1: CLIENT -> SERVER: y3ARhZDUtiDbGCcSlOGOpeObDdyIHODwAyd7A1fAjSzjHUngDHHC6e/ys2O9GLAEpNEzAp1uj8Qy

Debug level 1: CLIENT -> SERVER: PKGet0DXn04JKVzEyvphWIKjKl6T04FETbhN9XQPq20tTMHVRSsSTK686oEmWxh0YO/a0A7KbbJQ

Debug level 1: CLIENT -> SERVER: VoNpP9WYlaijsmwjDTPkTqJD4kHmlvsns5jBG6VR+SJscSZeFAXdIF2b8SDldj66KnhfCNRWw/65

Debug level 1: CLIENT -> SERVER: cCS89ZCFQ2AhCr5T6OUggmEBawIwRtsHbeAusk26vi0p3YLxHnn0wcwpoCNJ+OpJgbxjmpUvvmMo

Debug level 1: CLIENT -> SERVER: hsuGG7FX+JmdsvRFm6NywaeNku8cJ4zfrQ+IDLFxMQ666p7y7auIiUEqAp26akOfRzNBxTvSmAxQ

Debug level 1: CLIENT -> SERVER: RR+pOT47bR4lvnqjNb4IqLchfJb0qOzwlR2uLuLYTqWkNJmiNsBofkeYymAHa7JTiQPwkmLl20Gd

Debug level 1: CLIENT -> SERVER: EUHCSoMDM8mSueqKXqS2F+cy3LjDR9RtluhUwp1ki/7kP9UXhio4UGahbIiLewAXXGo9ux5398bD

Debug level 1: CLIENT -> SERVER: k2BldNiykBAazyoKQY5hqZ8pf31BYaUecMGEFfR5uPb8AcjEwBmJtIc3rnYh1WMTeEM/N5EynA8s

Debug level 1: CLIENT -> SERVER: A3G3Xucs8b4eaWKF5QftzaVNoSVufLIgMQRaUIxrvtbSMDnaUzvoJFXZ6iVRJUTUXcn/boD1g24p

Debug level 1: CLIENT -> SERVER: wHg4x4XVQetvm4kAuIPB9+f8oX0+ZiLM2eWLnAbbxP9IlY6mK9M26jnS8wcmUsZbEtiLmxmhhmCW

Debug level 1: CLIENT -> SERVER: g1cYYzYKXaIBITMV2YagODxyA2mcMZ8ADbuzB7R7PmDMCWcrEhTy1NhUZDC4PEtaH5DMoMWCl5nE

Debug level 1: CLIENT -> SERVER: VOw9Tiy7zIuNd8Nz7JGsm+2ZVt3gxSCjk3kvllS3AfwCibS6/c/W9sljcnvMXd35hlzd93W9+RtQ

Debug level 1: CLIENT -> SERVER: SwcIjtSYNgMFAACfHwAAUEsDBBQACAgIAIFbQVsAAAAAAAAAAAAAAAAVAAAATUVUQS1JTkYvbWFu

Debug level 1: CLIENT -> SERVER: aWZlc3QueG1stZVLbsMgEED3OYXF3tBmVVlxIrVST5AegOCxg8RPzBAlty+OlMRto6qpzA4seG8Y

Debug level 1: CLIENT -> SERVER: PMNqc7SmOkBE7V3LnvkTq8Ap32k3tOxj+16/sM16sbLS6R6QmsugyvscXqctS9E1XqLGxkkL2JBq

Debug level 1: CLIENT -> SERVER: fADXeZUsOGq+rm9G03pR3cC9NlDnhfFU3WTQaVnTKUDLZAhGK0k5TnFwHT+7+FTBCY7Ebrsnp1pO

Debug level 1: CLIENT -> SERVER: PvfJmDpI2rdMMPFQDPcpb971ekjxHBsuBZKkhDsZy+ClUmAgT30UKsU4njwnt7iriKA3XhIUggcf

Debug level 1: CLIENT -> SERVER: Ush/RiqEj36IgOVuegy9GJy8N8Xg2soBULxqsjJgUceD7O9tBJMbq4cnzdVU8LcYHpSPDUqMtXoX

Debug level 1: CLIENT -> SERVER: nv30v2L+nYt0MoCzYy2QnK3xbPfJ7pzUBgVdhjy4YW74vIkFovxOXlO7Ej+eyfUnUEsHCGWCSNpE

Debug level 1: CLIENT -> SERVER: AQAAYQcAAFBLAQIUABQAAAgAAIFbQVtexjIMJwAAACcAAAAIAAAAAAAAAAAAAAAAAAAAAABtaW1l

Debug level 1: CLIENT -> SERVER: dHlwZVBLAQIUABQAAAgAAIFbQVsAAAAAAAAAAAAAAAAaAAAAAAAAAAAAAAAAAE0AAABDb25maWd1

Debug level 1: CLIENT -> SERVER: cmF0aW9uczIvc3RhdHVzYmFyL1BLAQIUABQACAgIAIFbQVsAAAAAAgAAAAAAAAAnAAAAAAAAAAAA

Debug level 1: CLIENT -> SERVER: AAAAAIUAAABDb25maWd1cmF0aW9uczIvYWNjZWxlcmF0b3IvY3VycmVudC54bWxQSwECFAAUAAAI

Debug level 1: CLIENT -> SERVER: AACBW0FbAAAAAAAAAAAAAAAAGAAAAAAAAAAAAAAAAADcAAAAQ29uZmlndXJhdGlvbnMyL2Zsb2F0

Debug level 1: CLIENT -> SERVER: ZXIvUEsBAhQAFAAACAAAgVtBWwAAAAAAAAAAAAAAABoAAAAAAAAAAAAAAAAAEgEAAENvbmZpZ3Vy

Debug level 1: CLIENT -> SERVER: YXRpb25zMi9wb3B1cG1lbnUvUEsBAhQAFAAACAAAgVtBWwAAAAAAAAAAAAAAABwAAAAAAAAAAAAA

Debug level 1: CLIENT -> SERVER: AAAASgEAAENvbmZpZ3VyYXRpb25zMi9wcm9ncmVzc2Jhci9QSwECFAAUAAAIAACBW0FbAAAAAAAA

Debug level 1: CLIENT -> SERVER: AAAAAAAAGAAAAAAAAAAAAAAAAACEAQAAQ29uZmlndXJhdGlvbnMyL21lbnViYXIvUEsBAhQAFAAA

Debug level 1: CLIENT -> SERVER: CAAAgVtBWwAAAAAAAAAAAAAAABgAAAAAAAAAAAAAAAAAugEAAENvbmZpZ3VyYXRpb25zMi90b29s

Debug level 1: CLIENT -> SERVER: YmFyL1BLAQIUABQAAAgAAIFbQVsAAAAAAAAAAAAAAAAfAAAAAAAAAAAAAAAAAPABAABDb25maWd1

Debug level 1: CLIENT -> SERVER: cmF0aW9uczIvaW1hZ2VzL0JpdG1hcHMvUEsBAhQAFAAICAgAgVtBW+Sa0lIyBQAAcBQAAAsAAAAA

Debug level 1: CLIENT -> SERVER: AAAAAAAAAAAALQIAAGNvbnRlbnQueG1sUEsBAhQAFAAICAgAgVtBWyeojhaQCwAAWlYAAAoAAAAA

Debug level 1: CLIENT -> SERVER: AAAAAAAAAAAAmAcAAHN0eWxlcy54bWxQSwECFAAUAAAIAACBW0Fbp52DcvwDAAD8AwAACAAAAAAA

Debug level 1: CLIENT -> SERVER: AAAAAAAAAABgEwAAbWV0YS54bWxQSwECFAAUAAgICACBW0Fbl0zXxpALAADyDQAAGAAAAAAAAAAA

Debug level 1: CLIENT -> SERVER: AAAAAACCFwAAVGh1bWJuYWlscy90aHVtYm5haWwucG5nUEsBAhQAFAAICAgAgVtBW47UmDYDBQAA

Debug level 1: CLIENT -> SERVER: nx8AAAwAAAAAAAAAAAAAAAAAWCMAAHNldHRpbmdzLnhtbFBLAQIUABQACAgIAIFbQVtlgkjaRAEA

Debug level 1: CLIENT -> SERVER: AGEHAAAVAAAAAAAAAAAAAAAAAJUoAABNRVRBLUlORi9tYW5pZmVzdC54bWxQSwUGAAAAAA8ADwDu

Debug level 1: CLIENT -> SERVER: AwAAHCoAAAAA

Debug level 1: CLIENT -> SERVER: 

Debug level 1: CLIENT -> SERVER: --b1=_Rgjyuoa3glbJxjA1Xukm8fKxW0JOmnVI13h5Z5ZRWQ--

Debug level 1: CLIENT -> SERVER: 

Debug level 1: CLIENT -> SERVER: .

Debug level 2: SERVER -> CLIENT: 250 2.0.0 Ok: queued as 22C63200180C

Debug level 1: CLIENT -> SERVER: QUIT

Debug level 2: SERVER -> CLIENT: 221 2.0.0 Bye

