Debug level 2: SERVER -> CLIENT: 220 smtp-sp217-145.kinghost.net ESMTP

Debug level 1: CLIENT -> SERVER: EHLO localhost

Debug level 2: SERVER -> CLIENT: 250-smtp-sp217-145.kinghost.net
250-PIPELINING
250-SIZE 62914560
250-VRFY
250-ETRN
250-STARTTLS
250-AUTH PLAIN LOGIN
250-AUTH=PLAIN LOGIN
250-ENHANCEDSTATUSCODES
250-8BITMIME
250-DSN
250 CHUNKING

Debug level 1: CLIENT -> SERVER: AUTH LOGIN

Debug level 2: SERVER -> CLIENT: 334 VXNlcm5hbWU6

Debug level 1: CLIENT -> SERVER: [credentials hidden]
Debug level 2: SERVER -> CLIENT: 334 UGFzc3dvcmQ6

Debug level 1: CLIENT -> SERVER: [credentials hidden]
Debug level 2: SERVER -> CLIENT: 235 2.7.0 Authentication successful

Debug level 1: CLIENT -> SERVER: MAIL FROM:<ourodosul@ourodosul.com.br>

Debug level 2: SERVER -> CLIENT: 250 2.1.0 Ok

Debug level 1: CLIENT -> SERVER: RCPT TO:<junior@telhasburg.com.br>

Debug level 2: SERVER -> CLIENT: 250 2.1.5 Ok

Debug level 1: CLIENT -> SERVER: DATA

Debug level 2: SERVER -> CLIENT: 354 End data with <CR><LF>.<CR><LF>

Debug level 1: CLIENT -> SERVER: Date: Thu, 2 Oct 2025 15:35:32 +0200

Debug level 1: CLIENT -> SERVER: To: junior@telhasburg.com.br

Debug level 1: CLIENT -> SERVER: From: ourodosul@ourodosul.com.br

Debug level 1: CLIENT -> SERVER: Subject: =?iso-8859-1?Q?Atualiza=C3=A7=C3=A3o_de_Cadastro?=

Debug level 1: CLIENT -> SERVER: Message-ID: <luOTiH70WQNUMW832ZmaHfWrMwwWp2o97wQkPlqo@localhost>

Debug level 1: CLIENT -> SERVER: X-Mailer: PHPMailer 6.10.0 (https://github.com/PHPMailer/PHPMailer)

Debug level 1: CLIENT -> SERVER: MIME-Version: 1.0

Debug level 1: CLIENT -> SERVER: Content-Type: multipart/mixed;

Debug level 1: CLIENT -> SERVER:  boundary="b1=_luOTiH70WQNUMW832ZmaHfWrMwwWp2o97wQkPlqo"

Debug level 1: CLIENT -> SERVER: Content-Transfer-Encoding: 8bit

Debug level 1: CLIENT -> SERVER: 

Debug level 1: CLIENT -> SERVER: --b1=_luOTiH70WQNUMW832ZmaHfWrMwwWp2o97wQkPlqo

Debug level 1: CLIENT -> SERVER: Content-Type: multipart/alternative;

Debug level 1: CLIENT -> SERVER:  boundary="b2=_luOTiH70WQNUMW832ZmaHfWrMwwWp2o97wQkPlqo"

Debug level 1: CLIENT -> SERVER: 

Debug level 1: CLIENT -> SERVER: --b2=_luOTiH70WQNUMW832ZmaHfWrMwwWp2o97wQkPlqo

Debug level 1: CLIENT -> SERVER: Content-Type: text/plain; charset=iso-8859-1

Debug level 1: CLIENT -> SERVER: Content-Transfer-Encoding: 8bit

Debug level 1: CLIENT -> SERVER: 

Debug level 1: CLIENT -> SERVER: (Sem conteúdo)

Debug level 1: CLIENT -> SERVER: 

Debug level 1: CLIENT -> SERVER: --b2=_luOTiH70WQNUMW832ZmaHfWrMwwWp2o97wQkPlqo

Debug level 1: CLIENT -> SERVER: Content-Type: text/html; charset=iso-8859-1

Debug level 1: CLIENT -> SERVER: Content-Transfer-Encoding: 8bit

Debug level 1: CLIENT -> SERVER: 

Debug level 1: CLIENT -> SERVER: <p>(Sem conteúdo)</p>

Debug level 1: CLIENT -> SERVER: 

Debug level 1: CLIENT -> SERVER: 

Debug level 1: CLIENT -> SERVER: --b2=_luOTiH70WQNUMW832ZmaHfWrMwwWp2o97wQkPlqo--

Debug level 1: CLIENT -> SERVER: 

Debug level 1: CLIENT -> SERVER: --b1=_luOTiH70WQNUMW832ZmaHfWrMwwWp2o97wQkPlqo

Debug level 1: CLIENT -> SERVER: Content-Type: application/octet-stream; name="13768  .5 JOSE INACIO SCHMITZ JUNIOR.odt"

Debug level 1: CLIENT -> SERVER: Content-Transfer-Encoding: base64

Debug level 1: CLIENT -> SERVER: Content-Disposition: attachment; filename="13768  .5 JOSE INACIO SCHMITZ JUNIOR.odt"

Debug level 1: CLIENT -> SERVER: 

Debug level 1: CLIENT -> SERVER: UEsDBBQAAAgAAGpsQltexjIMJwAAACcAAAAIAAAAbWltZXR5cGVhcHBsaWNhdGlvbi92bmQub2Fz

Debug level 1: CLIENT -> SERVER: aXMub3BlbmRvY3VtZW50LnRleHRQSwMEFAAACAAAamxCWwAAAAAAAAAAAAAAABoAAABDb25maWd1

Debug level 1: CLIENT -> SERVER: cmF0aW9uczIvc3RhdHVzYmFyL1BLAwQUAAgICABqbEJbAAAAAAAAAAAAAAAAJwAAAENvbmZpZ3Vy

Debug level 1: CLIENT -> SERVER: YXRpb25zMi9hY2NlbGVyYXRvci9jdXJyZW50LnhtbAMAUEsHCAAAAAACAAAAAAAAAFBLAwQUAAAI

Debug level 1: CLIENT -> SERVER: AABqbEJbAAAAAAAAAAAAAAAAGAAAAENvbmZpZ3VyYXRpb25zMi9mbG9hdGVyL1BLAwQUAAAIAABq

Debug level 1: CLIENT -> SERVER: bEJbAAAAAAAAAAAAAAAAGgAAAENvbmZpZ3VyYXRpb25zMi9wb3B1cG1lbnUvUEsDBBQAAAgAAGps

Debug level 1: CLIENT -> SERVER: QlsAAAAAAAAAAAAAAAAcAAAAQ29uZmlndXJhdGlvbnMyL3Byb2dyZXNzYmFyL1BLAwQUAAAIAABq

Debug level 1: CLIENT -> SERVER: bEJbAAAAAAAAAAAAAAAAGAAAAENvbmZpZ3VyYXRpb25zMi9tZW51YmFyL1BLAwQUAAAIAABqbEJb

Debug level 1: CLIENT -> SERVER: AAAAAAAAAAAAAAAAGAAAAENvbmZpZ3VyYXRpb25zMi90b29sYmFyL1BLAwQUAAAIAABqbEJbAAAA

Debug level 1: CLIENT -> SERVER: AAAAAAAAAAAAHwAAAENvbmZpZ3VyYXRpb25zMi9pbWFnZXMvQml0bWFwcy9QSwMEFAAICAgAamxC

Debug level 1: CLIENT -> SERVER: WwAAAAAAAAAAAAAAAAsAAABjb250ZW50LnhtbL1YTXLbNhTe9xQoM9NpFxQsu2lt1pIndZzWGf9N

Debug level 1: CLIENT -> SERVER: JU873cEgJGIKEgwASnJWvUNP0FWmB+gJfJOepA8gCZOR6FBRJl7YJN733vvw/gD6+GSVCrRgSnOZ

Debug level 1: CLIENT -> SERVER: jYLhYC9ALKMy5tl8FNxOX4WHwcn4i2M5m3HKoljSImWZCanMDPxFoJ3pqJSOgkJlkSSa6ygjKdOR

Debug level 1: CLIENT -> SERVER: oZHMWVZrRU105HyVK9rci97qDtzUNmxl+ipbbEuX3PX37MBN7ViRZV9li4WgNtVnsq/ySotwJiHq

Debug level 1: CLIENT -> SERVER: aU4Mf4/FSvDsj1GQGJNHGC+Xy8HyYCDVHA+Pjo6wk3rC1OPyQgmHiilmgllnGg8HQ1xjU2ZIX34W

Debug level 1: CLIENT -> SERVER: 26SUFekdU71DQwxZy6pezHtXxGLeERqaENW7Nhy4nd6DuH96D+KmbkpM0pGTQ3wJQvfr8uKxFlTa

Debug level 1: CLIENT -> SERVER: 15fFtkJFFc97b7NEN/WllJ6qVSgb1NHd39v7FpfvDfTySfhSccNUA06fhFMiqI+4TDcFDXBDDIiQ

Debug level 1: CLIENT -> SERVER: LWyZ+sK3gdAdCvu4FHuwjjtN/3Z5MaEJS8kjmH8YHPJMG5I9RkbZJHTu9DlWLJfK+MDM+g9MyNa+

Debug level 1: CLIENT -> SERVER: 9xLPiHcDSD1wFkKr6Hw1LWDbmdiqPPOVxpmoy9qTrPyzVc4Ut4pE2MyFqYZdQjZlHjW0y+KpNBuH

Debug level 1: CLIENT -> SERVER: x34wrk+Ksso09gszODHCGaEsjBkVenxcdrxfRuW75TEKpiSRKRkGCFq7hqRc3NeSAD+tf0oEv1N8

Debug level 1: CLIENT -> SERVER: k4FKFKCWvpWFc5bB7qFa9ZJr3dPHR7pQsIushci5oTAyFkRxe870dI8u+Dwxmzb6Fcml/qEFK5c+

Debug level 1: CLIENT -> SERVER: I69PRqvMyA60LgrKY4ImJNPoNuNww2Gd5DZg+1C814alu3C8nKCfpEk47WTmEZ+FT9VrnU24u3fc

Debug level 1: CLIENT -> SERVER: NRyqdVIYcGQ4DZ0dPzXc7xbXm6H3VZHMiSJzRfKkFsCCvbq6l7DUmsD8jomKa0gK9xCmwpzM1xC1

Debug level 1: CLIENT -> SERVER: a282zGEqMmU4096BVauuPpa622KDcTf96Rp9e1P1Tu1L099MRlQKCW6e7bmfWtsBZWHg0gdWZ0Ro

Debug level 1: CLIENT -> SERVER: 1hLZ9dAkShbzJKyu3ZnMWCtR789Q8ObWNX8L68NhbhprtQ2VEuGWnR+dkNheE5q2naDIYqYci5b3

Debug level 1: CLIENT -> SERVER: 2tyS2YHwaO89ViGcdCRrzfdHgKVXA0qSTaHLeiXdYL10/ATAube3TMFWTxHwkA4KXt5NogPi4sfS

Debug level 1: CLIENT -> SERVER: PCFlItZiKxebQrsJUBWPc+qe1ysVd7ZgJbiT8b1/sebHx+7rSrM3BXxC+lZeX0RuKeY6F+S+rtZQ

Debug level 1: CLIENT -> SERVER: wOVOjAIoZScui/BciEIbBf5lZjnuZGxaj53drNjG3NXIy/Jr0IW9O2p5qdKcWDDnxj/KFMWcfIle

Debug level 1: CLIENT -> SERVER: vCk4evgHwWF1XSiJYokmhRigGzixUqkRfKXb2xlRCC6eiFj0SeUv73bRGHlOBp+9uONxePD9d4eo

Debug level 1: CLIENT -> SERVER: CgUeD57XzznJ1g3DkBu/vp6cofOrF6fn12hy+vPl+fR39Pr26vz6lzoQoDrehuQZXMLtZmG2K1iT

Debug level 1: CLIENT -> SERVER: iKV244YYieywRsQU0K1vIQqaFYiSGIa8kmWULHLGocucUEMkYzB1grYhcCVTFm2lcXrzCv33519b

Debug level 1: CLIENT -> SERVER: 6byEj2QEhK+Ipu6GLqOtopQSLtDXud2zZspamnGRyG8i1EztFhanTDAYIKxt4EOPU8jOrwkxmuT5

Debug level 1: CLIENT -> SERVER: yVaaH0nzzB447OGd3C5FdQsVtnuY1szXFETOVFsv6ysn2rUYXJ3lw7uHf+F8tkWkCzitU6aoLamt

Debug level 1: CLIENT -> SERVER: 2m7SKFPwbR7+hpSlCNJf1UDmawDBC3zoKUeLMlEIogZb+MKfDoNbRwFunRK44/+H4/8BUEsHCELX

Debug level 1: CLIENT -> SERVER: x3o2BQAAgBQAAFBLAwQUAAgICABqbEJbAAAAAAAAAAAAAAAACgAAAHN0eWxlcy54bWzdXF+To7gR

Debug level 1: CLIENT -> SERVER: f8+ncHkrecMG/N/Z2atkc5ekareS3Ow+X8kg2+QwooQYj+/r5CFP+RT7xdKSEAgQmPGf8axvqrbO

Debug level 1: CLIENT -> SERVER: 6pbU/etWq9UI3v/wvAt7T5gmAYke+s7A7vdw5BE/iDYP/a9ffrLm/R8+/O49Wa8DDy994qU7HDEr

Debug level 1: CLIENT -> SERVER: YYcQJz3oHCVLSXzopzRaEpQEyTJCO5wsmbckMY5Up6XOvRRTyRYxWNfuglnvzfAz69qZ85b6olX3

Debug level 1: CLIENT -> SERVER: mQWz3tunaN+1M+cFTPXua9K183MSWmtieWQXIxZUpHgOg+jXh/6WsXg5HO73+8F+NCB0M3QWi8VQ

Debug level 1: CLIENT -> SERVER: UHOBvZwvTmkouHxviEPMJ0uGzsAZKt4dZqirfJxXFylKdytMO0ODGKpZNXnadPaIp00DNN4W0c6+

Debug level 1: CLIENT -> SERVER: IZjL5h353c078vW+O8S2DTaZDz8DUfzz+VPhC3TXdS7OW4LKo0HcWU3JrfcnhOSi8g5ygQpxXdse

Debug level 1: CLIENT -> SERVER: D+VvjXvfyr6nAcNUY/da2T0UejniZGcCDficIXBY+Im7qeKmXOnGkSdDimNCWS7IunuAAnTcfBZ/

Debug level 1: CLIENT -> SERVER: jfJpgDMZiBEs3lHMpY8w5CthyLu86/eyQKcFV7f/QUXSNYEoukYetnzshcmH93IF5M09+ZvL+dD/

Debug level 1: CLIENT -> SERVER: grZkh5x+D1xdseyC8KAo/WF7/48oDFY0MA2Qkfq9Un9OszY4wjQA6yX7IEk6znHiFBS0iEocccA8

Debug level 1: CLIENT -> SERVER: WEJPiAY87nacvvcp2GyZSdE/oJgkfyyxyaZXlOtiYkmLnCHWp9QLfNR7RFHS+xoFsOHjRuEMvF1E

Debug level 1: CLIENT -> SERVER: PCQM786R8fNj76+EbQOvUbKc41XkydZa4yI8f/ZhU3DI2mXWpaT08RqlYZaLqZEzkTYUxRw5xZv9

Debug level 1: CLIENT -> SERVER: tmIK4YqyAHI3npEsky3yyd6C8RPMrOeHvj0YeSCngXioEBlslxZkF9hKYuRBbmNtCQ1+A9FRyFnd

Debug level 1: CLIENT -> SERVER: eSvzExfDq7NCMO06ao3VMGYGSwh67AO2tWS2uEZhotk7RhQJhHR81mQpBt9ivighfNvz36vx+CgW

Debug level 1: CLIENT -> SERVER: ShnhM4NrBD4mcgAUxtvcFUT/FcUI8rOEgSMwReGbJJd4B4vpoR9Si61KzhFEPub7Cs+1dRWV6Epy

Debug level 1: CLIENT -> SERVER: yEnB/iROuPc0K5Ozc7k1HWVrmmAAJ+K2FpN7JCSQvTGaQlAAGERjEvwGkjpOzERbiKJNijbQlDV4

Debug level 1: CLIENT -> SERVER: JI0YBSf588+5+phBJmD9imkkRJcDalryMS3YTVGkRs46ZoMrGs5DcDaLInx9rI/HU8EQPzeMmFMR

Debug level 1: CLIENT -> SERVER: rY6Zkx7/1C/gLK2yLksvx79/zL12iG6CyALzgcNyZy3aVoQxngxxP3YzksEboXV7iLc4gtyXRFaI

Debug level 1: CLIENT -> SERVER: fB8AFwo99CMCrrML2AudNk4jj6VywD2QIfkB8MCAx71aeaPlB7DiIz4JJD0Tp1iIZb+PwSLFKjzB

Debug level 1: CLIENT -> SERVER: OTXbV7KQa7otn0p5oHkjvZ6Li7lzTzXsPJdbA7p3YRV4qi5H8Q6Bv/LDk/I7t8YUp8m2wnLGAhPn

Debug level 1: CLIENT -> SERVER: cD0Chlh3G3lMXxHKlwL3M9gOwGlCFCfcic+d2KJkX5kcWior+1eMY1jXG8y2/BzMF92xifUJpS8/

Debug level 1: CLIENT -> SERVER: whLyEfX7jQFGGS9ESQLiwfo5GnMIhaUeJcpK+wAWlvzVvDGdsUILpY8o+yVgIT6qKTTk1SfLjFLE

Debug level 1: CLIENT -> SERVER: ZdQZvkDDL679y4r4h1MQK0XpwdgdNUVqZ+yYI7UtI7VwCpGERCIJQeEeHZJj6NaDmzpLlEOcO1ch

Debug level 1: CLIENT -> SERVER: ToavPGGw7IHtzIsQ/KLwpufg5qAm5z09Qon+3d3EYEzYbOIQHTRz93TyOc50sp807uYO3807q/uY

Debug level 1: CLIENT -> SERVER: rtgtFgbE6pgXcY7pLFOKMNiAI3ggAM43lH+nCQvWB4vHXJhxD+G4lnZXHV5sxyJ2vJss+F9tGx83

Debug level 1: CLIENT -> SERVER: +Di4uDvNMJf8fAJIceDU0OK7cjydKODJqE2di83V3D2nZwN0tvYnyJpOsXSLIUM+ZMcAU120TnfJ

Debug level 1: CLIENT -> SERVER: P4K7wEZ/wSUHolL0wtgsF1fLuuuJ+r+sTotjVZKnNYIi4rYqXtutjqp7pRuzF3ue+0LPMxuoxTfN

Debug level 1: CLIENT -> SERVER: E5zsm3+Hs+jzBe0biPFa7XshY13Oy/+GEX8uxpeaY958Mo6e82oBW+WSJGUCkBA/8YTXOXsHG0xH

Debug level 1: CLIENT -> SERVER: k+OZzktzGi3Eu+vJeDFtPsPlpdxKnmNXHVtPRozEItewX5JraOZ2283t3trc7vnmLuoMb8rczrTF

Debug level 1: CLIENT -> SERVER: 3GZiEQOnJ5p71G7u0a3NPfp+zG1K4DpnY/Vs6xRrjtutOb61NcfnW7MwWc2a9uwa1mxOco5l0Oel

Debug level 1: CLIENT -> SERVER: IZpZJ+1mndzarJPvxqynoD9tR396a/Sn56NfQFxF/3zka+fbN7CgZu0mnd3apLPvwqSnID9vR35+

Debug level 1: CLIENT -> SERVER: a+TnZyN/NdTdGf97Wwtp0W7Oxa3NuXjz5uyM+r9Sws6rjl4sbS5IV6uKjm3+9wacnVcqubP9s4p0

Debug level 1: CLIENT -> SERVER: 2eM5W6/Gc00zhXjNxEPnWdlMVD6LsXULBeJ6RdYoR+cP6qwSMTdO1zIZw1GCOTYl1yzjknH1Xs17

Debug level 1: CLIENT -> SERVER: FSwTd2zExUA5XgUqSCc5/Cl24H1i5PMwmumkLKpaK4ZWzZk2o8moQijUKWjZs2M5QUQirLdmE1Sb

Debug level 1: CLIENT -> SERVER: VYLBn7T1EhIGfk8/NWVcWv5uYPyuTmJ/kXtLKQrwHz/B2Gavz3oUAaGn8+YP2flmNGye98u3/7E0

Debug level 1: CLIENT -> SERVER: JKIIy//5uC1uMVSeBErOntPTeUrz3EOZUgPE7QaIewtAXq+QpwEy6gbI6CKA3KrUpek77qbv+LL6

Debug level 1: CLIENT -> SERVER: 3ioEaYpPuik+uYTip8g37Sbf9Cz53kxRQVN81k3x2SUUP0W+eTf55uc5zls5pGqKL7opvriE4qfI

Debug level 1: CLIENT -> SERVER: d1y0Fwv20i38YjeqWu9LnXMdit8P6gJZwXfZANPxVs5r7IIfYS18+++3/xxBImc7C4g3cxDXzps/

Debug level 1: CLIENT -> SERVER: 7uItfzOt/chZ5fpuN/+SvaV2qKvpM/b7yII0F/gZrzHFkXek7FBj66q7EFe8sMSP5MkOhaHloTjp

Debug level 1: CLIENT -> SERVER: NwBjCAj2Qr+mt8/uyK5I6JcwkQQFWhM5x0wwdEbsH59+rGre4X0pcekIRd6WwGn/EONypeZps3xW

Debug level 1: CLIENT -> SERVER: JQz4/0OpnCFfo5AlA9mi3lSyYsILsCSuESiv1NZqQcXLULJnudqiUSvda9gIbVRd2ACRpPQrjKKA

Debug level 1: CLIENT -> SERVER: nLHLS1iV60ZRurP4+8kIjJqDyS8hZl2reOokkgTibQEU+cJlsLqEjlZAFuUl/o6tadgKSza2aFyT

Debug level 1: CLIENT -> SERVER: MCR77Furg7wOydCqr02ev7Oi5uduOpu6pkqhpVNKpTVFKHA2Kg3UJjw7Iu3eFdIOJFJTI9I6pVLE

Debug level 1: CLIENT -> SERVER: lISrIz26M6TzkngV6GqtvFRDvzrM4zuDuSikV3GuldjLVfmrIz25M6Rns3kD0gWlgrQkXB3p6V0h

Debug level 1: CLIENT -> SERVER: 7Q7skXk71CklpBXh6kjP7gxpd27eDnVKBWlJuDrS8ztDemIO0xqhgvPkVYL04s5gni2acC4oFaAl

Debug level 1: CLIENT -> SERVER: 4epIO/ZdQT0a2GPzfqhTSlArwjlQl0k6/hFhOIEjerQONikVL4L3coKVXT1aE8Ii7RKEbgon01h+

Debug level 1: CLIENT -> SERVER: POQJhSnmL/rIRtUx0SAQnxPQ+8i3g/hjfj6e+kgT17e7hDjymwQMzAKq4TkihQSmaRrfbZKfXBHv

Debug level 1: CLIENT -> SERVER: Gy8WRR3BhE42SIECt21GCyKPik+78eRP+76MGK34rAy/bQFjBp6lCHI6jid46QGsWyoOfI53Tt/A

Debug level 1: CLIENT -> SERVER: VKkWCco+8PmX0Fx7sFio0o8gqNej3cVg2qJjNglAyCxCA9AFZcYmlFEUsNqdFVdhVr+zYiBlK8F4

Debug level 1: CLIENT -> SERVER: K0b7gEzL91oy3Tc08NWr7+88m/+ZODJju+OZ7ZjoK5QU2OSvm9f5aLo6FHxmHimsXnaqjQDBhn/O

Debug level 1: CLIENT -> SERVER: LfO9OpMAvoWeFRgrHGpxWjv0XBKy+MBSxpDgWCEsHaXyaEV9SAQEBacQ/OJivO0YeNBaVBsNLMjn

Debug level 1: CLIENT -> SERVER: F5HkSpDrQ7ZTCGTKQyf5132UFW3xnxYezb6ulNpixO/4iB9DXVOtsT5QsSrryzAj7FCSj5HPljXy

Debug level 1: CLIENT -> SERVER: kcqPhCoXRXWZteWrRYPK8EPztz4//B9QSwcIVIMOjXkLAAArVAAAUEsDBBQAAAgAAGpsQluurBQo

Debug level 1: CLIENT -> SERVER: /AMAAPwDAAAIAAAAbWV0YS54bWw8P3htbCB2ZXJzaW9uPSIxLjAiIGVuY29kaW5nPSJVVEYtOCI/

Debug level 1: CLIENT -> SERVER: Pgo8b2ZmaWNlOmRvY3VtZW50LW1ldGEgeG1sbnM6b2ZmaWNlPSJ1cm46b2FzaXM6bmFtZXM6dGM6

Debug level 1: CLIENT -> SERVER: b3BlbmRvY3VtZW50OnhtbG5zOm9mZmljZToxLjAiIHhtbG5zOnhsaW5rPSJodHRwOi8vd3d3Lncz

Debug level 1: CLIENT -> SERVER: Lm9yZy8xOTk5L3hsaW5rIiB4bWxuczpkYz0iaHR0cDovL3B1cmwub3JnL2RjL2VsZW1lbnRzLzEu

Debug level 1: CLIENT -> SERVER: MS8iIHhtbG5zOm1ldGE9InVybjpvYXNpczpuYW1lczp0YzpvcGVuZG9jdW1lbnQ6eG1sbnM6bWV0

Debug level 1: CLIENT -> SERVER: YToxLjAiIHhtbG5zOm9vbz0iaHR0cDovL29wZW5vZmZpY2Uub3JnLzIwMDQvb2ZmaWNlIiBvZmZp

Debug level 1: CLIENT -> SERVER: Y2U6dmVyc2lvbj0iMS4yIj48b2ZmaWNlOm1ldGE+PG1ldGE6aW5pdGlhbC1jcmVhdG9yPmVsaXNl

Debug level 1: CLIENT -> SERVER: dTwvbWV0YTppbml0aWFsLWNyZWF0b3I+PG1ldGE6ZWRpdGluZy1jeWNsZXM+MjwvbWV0YTplZGl0

Debug level 1: CLIENT -> SERVER: aW5nLWN5Y2xlcz48bWV0YTpjcmVhdGlvbi1kYXRlPjIwMjUtMDktMjlUMTI6MjU6MDA8L21ldGE6

Debug level 1: CLIENT -> SERVER: Y3JlYXRpb24tZGF0ZT48ZGM6ZGF0ZT4yMDI1LTEwLTAyVDEwOjM1OjIxLjQ2PC9kYzpkYXRlPjxt

Debug level 1: CLIENT -> SERVER: ZXRhOmVkaXRpbmctZHVyYXRpb24+UFQwMEgwME0wMFM8L21ldGE6ZWRpdGluZy1kdXJhdGlvbj48

Debug level 1: CLIENT -> SERVER: bWV0YTpnZW5lcmF0b3I+QnJPZmZpY2Uub3JnLzMuMSRXaW4zMiBPcGVuT2ZmaWNlLm9yZ19wcm9q

Debug level 1: CLIENT -> SERVER: ZWN0LzMxMG0xMSRCdWlsZC05Mzk5PC9tZXRhOmdlbmVyYXRvcj48bWV0YTpkb2N1bWVudC1zdGF0

Debug level 1: CLIENT -> SERVER: aXN0aWMgbWV0YTp0YWJsZS1jb3VudD0iMCIgbWV0YTppbWFnZS1jb3VudD0iMCIgbWV0YTpvYmpl

Debug level 1: CLIENT -> SERVER: Y3QtY291bnQ9IjAiIG1ldGE6cGFnZS1jb3VudD0iMSIgbWV0YTpwYXJhZ3JhcGgtY291bnQ9IjEx

Debug level 1: CLIENT -> SERVER: IiBtZXRhOndvcmQtY291bnQ9IjcwIiBtZXRhOmNoYXJhY3Rlci1jb3VudD0iNDI3Ii8+PG1ldGE6

Debug level 1: CLIENT -> SERVER: dGVtcGxhdGUgeGxpbms6dHlwZT0ic2ltcGxlIiB4bGluazphY3R1YXRlPSJvblJlcXVlc3QiIHhs

Debug level 1: CLIENT -> SERVER: aW5rOnRpdGxlPSJOb3JtYWwiIHhsaW5rOmhyZWY9IiIvPjwvb2ZmaWNlOm1ldGE+PC9vZmZpY2U6

Debug level 1: CLIENT -> SERVER: ZG9jdW1lbnQtbWV0YT5QSwMEFAAICAgAamxCWwAAAAAAAAAAAAAAABgAAABUaHVtYm5haWxzL3Ro

Debug level 1: CLIENT -> SERVER: dW1ibmFpbC5wbmftl2lUEugagG2ypslS00bNJXPK3EctFbd0nCwzt8kyc4O0THHBgAH3JTNzS6cQ

Debug level 1: CLIENT -> SERVER: TQF1KjVFISVRRDHNcMSF3CAklESjJFzCndTbnHvPnXv/3XPu3/n1fOf98f75nvOc82b/4umyf6/6

Debug level 1: CLIENT -> SERVER: XhkZmf2u55y9v7JJRmaHzJ7dX1/LRwHcr/NeV2enS3FYMe4UTEBXOWuKbyuEyF6c2LM3G8lfuJPV

Debug level 1: CLIENT -> SERVER: sjMs5+CJX2ezvpMzWlA5KPNGDrj9eAf4/YDRPZ3Zz1jofqeK1M6Y8Cl8IjU1oOiMjMUiN0xBhu97

Debug level 1: CLIENT -> SERVER: +6mTVpb66K3/H99mJwAzizHn2LlovyqwUmR9lnmIs6fE3nguT6q8yOaSTw287DvhBwq7GRrAzktE

Debug level 1: CLIENT -> SERVER: zOeZz40/a/n5HdZIa3xZ3MufdKtzZOamnqRkiquIgRNBGoHM33E2vgoDELpGQGDPOznKopRECwL5

Debug level 1: CLIENT -> SERVER: IonB+fWiuJWTMGEgz2Df9XpBTssJn2rKFh/IvUTfbLihNak5niuAznv1JKWAcq911OiZMi4Q2L7x

Debug level 1: CLIENT -> SERVER: CbYuBzD69sTFIxm/dLUWRAGrFse0FFw/AWV9D/WQlto7rDLPW43ikmcWLoTdAKUmIGfKn6BuckTm

Debug level 1: CLIENT -> SERVER: y2iG3f143n6gAUoZql8Srl5txGbcRC3OErC4rBgC88d8s1/fg9SJIwazyL2S76KDgnAkREhbe9YS

Debug level 1: CLIENT -> SERVER: zt3Ul8LgbPaGBpU0oNzs+vjCH5zm3x0+h+3oJ/RbW4XYOa5a0xYUOv1lN3fKKzXZNCWX5wesOkEI

Debug level 1: CLIENT -> SERVER: Ng0lcdenIg04oGMquOJ4q7m+T7AIbpIJ+jxiuHlrY0KbrNo742HTbDS/JX/GvQNMGLgWkfgRrlHJ

Debug level 1: CLIENT -> SERVER: dPCq7A+WTIwZwN0R7iW5HHSJKhfxbtth2ZpNk7yVjkASFrRof8REwIelwVtECrhM2vFS9YDlC+a/

Debug level 1: CLIENT -> SERVER: bFg0e1QGAhb1nnrOCdlB+0NSfx8eE6reRnotvcu4+Fxbr2Huo5l/2gRucfD8r/ptGkOICU9MqFoV

Debug level 1: CLIENT -> SERVER: Py3OpdsTsLjy2N2U4K4XhMp7wcqETVhhM3WsVTv5iuywm1Zn11/eExDpAQWQQEIK2bzd7pq4MO+Q

Debug level 1: CLIENT -> SERVER: EWeT9ICuvDG3GY/9LefugSZw6fX1eO0f91ymxesM1KSZ6HpFA0xONz450+jzQTa85+oYInnsWeS1

Debug level 1: CLIENT -> SERVER: tnWloZSoLsoYENtOncqw6a95fFVYiR/Qb/7ok1LsmTfADnTcQpAb5sH7Vqbi5DJdLcsWYrpim5rc

Debug level 1: CLIENT -> SERVER: +VBnMe2EF6c1F/IzqO5lyBB6lRAF3RpnJIfPwAzu5IhVo19a+SHrozT73gAb95M8wp3Pf4SpNfnZ

Debug level 1: CLIENT -> SERVER: n0MZD16eHaEwY6W3Xgiy1A/vdt4/+9NoRf7OnaVvlT0EZe+5at94h5zyvjrCrajQtF/6AbB6ZKzZ

Debug level 1: CLIENT -> SERVER: IQsMrFI7cj/9N2Snu8SK/yHR6SxlW+11YcGkgnFplNbz50UKTj6SZ2th3YP06n4l/hIv7Zgy7yAJ

Debug level 1: CLIENT -> SERVER: iLLYugJoMkUostq+IzAk+zbJ+NOkFbFQUUsrkmr21CzTVkZUTW+e4CZgYxwe2+2rs13D2PI0RZDM

Debug level 1: CLIENT -> SERVER: xNqO1m+l1Yq44p15LH6FZdzT7Px0hV8+a6fhVz8dljJ19GvkPT+v+GvdLOSiAU5nG1Kztf0dBpd1

Debug level 1: CLIENT -> SERVER: sw3vsT1d6zpZuTO3j+rwpoQLtvTFdShxuUvAA5dB+h4ad0z3mSzHPTql1qM9Rdp4S+tOqZ5+Uciv

Debug level 1: CLIENT -> SERVER: NdiVTOlih+9QVzbpMRtfiggTjIMZiamOVZppY5vhSclRRrvCXiVStYQbhw5lH0Ct6oYzb+3wQM9P

Debug level 1: CLIENT -> SERVER: OxqQ5KJqv8nrmpSm6fZ6bfm0J5tdhMobAh4/3OXz2/3tcx60wgJhKBmpceV67QH0YrxO/WZdNCtU

Debug level 1: CLIENT -> SERVER: YiG9CKKPs191xW1EHBZBqZ6RJ+c/lE6bL/l0iNZLya0I8fuZHkFfqIcNqGAkSr3Fy/T+5Oiub+4+

Debug level 1: CLIENT -> SERVER: T/urXT3+CUGM0/0sVNMr7xM6Jcy3PJRF0ql8aZXnLUdyL+tiv0SjnRgLyRXJLFzIJy35k/pU+2/Z

Debug level 1: CLIENT -> SERVER: Zsy8IN6ZHK2Q/6cAf8LaffSlmbGO96cVYzZbzwYUksG5sPlScPOhlxawTTyUhKqmE9LLhKGeorda

Debug level 1: CLIENT -> SERVER: J1VeD/5eBLSOWF1Pe++seeDL+TWPfy/6UyiBcsykW5yJa5kDlMV4XvABg+8eLcasLWM7MFgNJZfT

Debug level 1: CLIENT -> SERVER: D5QhjNuw8EIgA8k73pZTyJM53xitNSScBksMt288EInw9pZB/bAUPRvAvOLVLFTCFfnmpS7qQiz6

Debug level 1: CLIENT -> SERVER: S6lyIP4618O5HGRo3E69xGmd1xXSyjP2Fsh21Pxn2KFPK8OoCJ32qKFeTd5eL+sAYujqXCkULG5u

Debug level 1: CLIENT -> SERVER: PBwYRCfOpcpdfifR/kGYujFcBHo1SZz1ghFT8jerrOCBdwl1ohsjU3CwSQvveAnXUnCsXnS8l456

Debug level 1: CLIENT -> SERVER: futGEB1bF130umdeaReOnUras3HBOsmkXamyOUCBSTwyS2PEYq6zIulidoqRkBzaxdiObpAVbMRA

Debug level 1: CLIENT -> SERVER: b3vE7Zt7D2hSFXS8sRVNn1KMPRqRBtr1aDfiSMQvPcFFZaBdjhm6aLEBBIYpbWnqvhGZoxa/asli

Debug level 1: CLIENT -> SERVER: 4YU+MX3vcH0tdmkK+kuLV1KK0zZVNJaLVN5ZM7flm7Fr5zXfp6jZmcA0QhvBI25EWW3/4mayYkf9

Debug level 1: CLIENT -> SERVER: 6fw2qWGkSCxEN8+YhWxCynQYz3Lt4m4kmjvrDz6I+enhehxaNAnGKyaWB3gm6eZL14PHL5a3A7bF

Debug level 1: CLIENT -> SERVER: o2QpT30KOjkfOQHAxPtcm5cigNJo+5/jQmhzNDFVzyZ2JffLaVrqmsfmxzjqgY5F3/S/hCxXqlS9

Debug level 1: CLIENT -> SERVER: /Rn2KBqDLAqKBQ5cZrOfLfMn1rD67QECWaDeoO2hxID+sN+KeQGnaTrpmdsYZvawkfwVtDWma/Zt

Debug level 1: CLIENT -> SERVER: rCTEz0zJ4QVvs4qOv1MAi320e03/z9+skELhCneSA/0M1jSapBeEJqWGLlB5R5cQSIj8lh9cuRLm

Debug level 1: CLIENT -> SERVER: 9iTqhCH18/KD6y9hmKgkK48OroBi2zOkELq3r5z39iGVJtfpSt7b9nnO42OkWhHW91AZNBoJmbLU

Debug level 1: CLIENT -> SERVER: Vg4BuFWXeLPIPkd8b6axZKpj510euinfrq61H2y5zk1gzlaO+6dud1k/mUZm2jPtyynIiqnq0Fix

Debug level 1: CLIENT -> SERVER: 5xiFqBiF4Ddeu0ftJFFNAdodR3mcy3Mu6OY3T2QDtQdU0lM2QpW/HDUHQM/d8rKKtlCHq27uL3Ar

Debug level 1: CLIENT -> SERVER: iA+puNR+zM9aY1tuLqcFLtV00Ut7Tf5DNEkcXkvNQtZ+QwwEMR9YWSC2484DZ/TZDfdJ3ZXDU014

Debug level 1: CLIENT -> SERVER: jAjgSzYl5D8J7BO96a1ESM4tn9YYQQpG4xyTCFX7B+8Ll5l4C6sBbvfHbpmawtxDc7jsdWxwYJBa

Debug level 1: CLIENT -> SERVER: z7LX/eqOByPTBHedhQjRT5zn+wLbD2JjRmP4EabJ4eKJXeL1QpzsBmCu58eYC6zG9VYO8AF5dHny

Debug level 1: CLIENT -> SERVER: oY/nI9XR2KLDEqHU27A8Ua/HHBe+3ataqztsldw7pYrPU2iun/5+yJ2CRArcFWiLmFMKDmgcfgPB

Debug level 1: CLIENT -> SERVER: Q8Idux4VBwM3a+pai1Tl+vsoY53eNQXWvr7sewJvevCT1qGYIkii6R58DFdMsbs7Oao95UIpcESp

Debug level 1: CLIENT -> SERVER: rsMpKG14xmFTR+ULt20VLZ/u/IqvAcs04ARFN8x2ocdT5NyyKMJlsq2KwWVfMv8RupjArbmS+GqK

Debug level 1: CLIENT -> SERVER: YXQCbZsSe2u8KgfBxn1LZucMvCHbGQ0Wuy4aoHVVxDZUjlbwSVatCcqYHM6pd3v6vV0MIF8Mi6QU

Debug level 1: CLIENT -> SERVER: tFwK4GTrcLAZKs75cMdP0etM0h8jnKovbSnmx/3PloUfvTecYeGobFxJP46pbeRXhcy8Eokgsr27

Debug level 1: CLIENT -> SERVER: 24JmDCdDaKAPtuIfjzR5oHuWV8YjoK+wvVfB9xygVvIwY2AAuTsp1Qu2cm2QejSK3kr+3oQx+J2F

Debug level 1: CLIENT -> SERVER: P3LCEAUPrb5TyZqF1qnMWBNYXIsgnlSvdzeu+szrOzvhB6UjM975kk5WioQVFOpXcsW5thiH1huD

Debug level 1: CLIENT -> SERVER: yEZHTHkfukx1iMDU/kpqX7kRm34VPDMIbx9Xwkvx9R0JdTVii/kv43N1jatwS8FaM9mfygU7VaT/

Debug level 1: CLIENT -> SERVER: d/j/xt/4n7Bm+mL8WI2EOqzw9baTcT3j6Uz4+Wr6PwBQSwcIyNyXfqkLAAACDgAAUEsDBBQACAgI

Debug level 1: CLIENT -> SERVER: AGpsQlsAAAAAAAAAAAAAAAAMAAAAc2V0dGluZ3MueG1stVlbc9o6EH4/vyLjd0KgaZswCR0gpYeG

Debug level 1: CLIENT -> SERVER: BAZIM6dvwl5AB1nrkeQA//6sZMikXHIItp5IbGlXe/v2W/nm2zIWZy+gNEd5G1TOL4IzkCFGXE5v

Debug level 1: CLIENT -> SERVER: g6dRu3QVfKv/dYOTCQ+hFmGYxiBNSYMxtESf0Xapa9nr2yBVsoZMc12TLAZdM2ENE5CbbbW3q2tO

Debug level 1: CLIENT -> SERVER: WfZkKbic3wYzY5JaubxYLM4Xn85RTcuV6+vrsnu7WRqinPDpsaqy1W9VIeKrIrshO4xTVr24uCxn

Debug level 1: CLIENT -> SERVER: /wdn60O+cU01qG/8sDG/frNWkP2UuIHY+uZs/dge7TYglbUXDotXrwX79v255xetbyhgI0yCzRuz

Debug level 1: CLIENT -> SERVER: SugNlyaoX9yUdyUcL7ULE+NB7DOPzGyf3E/Vz1+r+WT/DXw623voaqXy5eo04cMZLgYQUX5Ba8bk

Debug level 1: CLIENT -> SERVER: FPSWgjGiACaDulEpnKajI5sKFxoeMIJD0idM6KPFl2KWlLiMYAnRrq/2J5fbQ2WhVsd5vBNtHVUb

Debug level 1: CLIENT -> SERVER: RZkb1G0e54jkocSrXF1d5ki+A1VyWb3+fKpQzccCCq8TJ7XomnZCB4fKw9ZePtFNNAbjQ6X39TTZ

Debug level 1: CLIENT -> SERVER: vxHjEUnazrMZqnxA1GUrTE0LRRrL7XIuSnoTcV5YPe/6pc1Cg2r/2SsXJ56+o4cgIDQQtRU9OOHo

Debug level 1: CLIENT -> SERVER: ex6+xZVDr9dQtX8BtcTjm2j2IFXMUEv+SDdtRFGfKTZilM3DhIUWyooPXZ8g0gzAUgbYxs8i5PdS

Debug level 1: CLIENT -> SERVER: YztVlzSIfziISD+m8RiUH2u6RLqekoiZfZ1rk4w5HPU9Tsyqz/z03KlEBW2utCEzoEMZKE1H+nQX

Debug level 1: CLIENT -> SERVER: 8QdFZQuqhXGiQFvWWDi+OccNyQABP3F80HE5zMgi3lYEzhAngv4uPjrOij5LQFk9QzDpdj8swhKq

Debug level 1: CLIENT -> SERVER: eQd0vcmEkMKHr5wdliJ4yuI1M+0rNITblE/3sNrWwjR8uWxyydQqKB95ZAeDHs67Pmgb1TZZKKrA

Debug level 1: CLIENT -> SERVER: TCM1mKWop7RsITUzFF68Q+JB7U33D0YxgzcKo27IqCmYnGtyukW6FhNhKlx/9JXwDSnROA2H+8KJ

Debug level 1: CLIENT -> SERVER: 8NZFFg2ARSjFTqIXgwiWBawJwAhdHbRA+Ig26fq+pHBLJrpk0Ts9J4eOJBGrJw3qjhlWvPi2pRg+

Debug level 1: CLIENT -> SERVER: C27IXuBXdr/Sky2B2geftkp+CBwzcbe+GrLExkc76Oh7indDcyb7qQxN6qsMG4JPJSXv0GDSR83f

Debug level 1: CLIENT -> SERVER: U3N6dFqCJw39SmsaMqTahuhZ0VLVFivXXH34sZUqRWGySW2B0f4OMVXhDtZkVxJH4CX5quEadUYE

Debug level 1: CLIENT -> SERVER: CSstDkwVS2a6I7tcbw/ORZhxh49oWiwxqYI7xRa98b+6Jy1V8KDMQdkAF/cAPrjUunc97s6NxwfB

Debug level 1: CLIENT -> SERVER: yWizZS4h1J41j0CNYGmeKX49SW6lGvDBhDX0RLS2/AHoiKE3Eukub3zNQrrLxvCKfn48ZTkfOAbi

Debug level 1: CLIENT -> SERVER: b7zeM8Q3zNAQKyzeaa8mbRIt8WOTA4kB0IBiTWsYoyyTozm1jV5ClY1eCnVCRN2X/B8WWN+plhyM

Debug level 1: CLIENT -> SERVER: RwhcOB00/raYDEF4aHx/9h+a52Mmoz2zfJ5bWxf4n6k2fLKyZaOfuZk9MJky0VTA5n56hB6AHQ5e

Debug level 1: CLIENT -> SERVER: YIRZK/SJBoTMlGQbguLxyg2UNcZ+/LPszl3QHvh6MSOcLSnQKFJ7pjyNwedd0vqCZApNFs6nClN5

Debug level 1: CLIENT -> SERVER: 8Dqx6DTP194tz3FXsn6mZxp1w7lFRi/9Xi4pb0P4DQppdPufqe2D1+Tumru88/W4fOi7ev0/UEsH

Debug level 1: CLIENT -> SERVER: CCGp4r77BAAAmR8AAFBLAwQUAAgICABqbEJbAAAAAAAAAAAAAAAAFQAAAE1FVEEtSU5GL21hbmlm

Debug level 1: CLIENT -> SERVER: ZXN0LnhtbLWVS27DIBBA9zmFxd7QZlVZcSK1Uk+QHoDgsYPET8wQJbcvjpTEbaOqqcwOLHhvGDzD

Debug level 1: CLIENT -> SERVER: anO0pjpARO1dy575E6vAKd9pN7TsY/tev7DNerGy0ukekJrLoMr7HF6nLUvRNV6ixsZJC9iQanwA

Debug level 1: CLIENT -> SERVER: 13mVLDhqvq5vRtN6Ud3AvTZQ54XxVN1k0GlZ0ylAy2QIRitJOU5xcB0/u/hUwQmOxG67J6daTj73

Debug level 1: CLIENT -> SERVER: yZg6SNq3TDDxUAz3KW/e9XpI8RwbLgWSpIQ7GcvgpVJgIE99FCrFOJ48J7e4q4igN14SFIIHH1LI

Debug level 1: CLIENT -> SERVER: f0YqhI9+iIDlbnoMvRicvDfF4NrKAVC8arIyYFHHg+zvbQSTG6uHJ83VVPC3GB6Ujw1KjLV6F579

Debug level 1: CLIENT -> SERVER: 9L9i/p2LdDKAs2MtkJyt8Wz3ye6c1AYFXYY8uGFu+LyJBaL8Tl5TuxI/nsn1J1BLBwhlgkjaRAEA

Debug level 1: CLIENT -> SERVER: AGEHAABQSwECFAAUAAAIAABqbEJbXsYyDCcAAAAnAAAACAAAAAAAAAAAAAAAAAAAAAAAbWltZXR5

Debug level 1: CLIENT -> SERVER: cGVQSwECFAAUAAAIAABqbEJbAAAAAAAAAAAAAAAAGgAAAAAAAAAAAAAAAABNAAAAQ29uZmlndXJh

Debug level 1: CLIENT -> SERVER: dGlvbnMyL3N0YXR1c2Jhci9QSwECFAAUAAgICABqbEJbAAAAAAIAAAAAAAAAJwAAAAAAAAAAAAAA

Debug level 1: CLIENT -> SERVER: AACFAAAAQ29uZmlndXJhdGlvbnMyL2FjY2VsZXJhdG9yL2N1cnJlbnQueG1sUEsBAhQAFAAACAAA

Debug level 1: CLIENT -> SERVER: amxCWwAAAAAAAAAAAAAAABgAAAAAAAAAAAAAAAAA3AAAAENvbmZpZ3VyYXRpb25zMi9mbG9hdGVy

Debug level 1: CLIENT -> SERVER: L1BLAQIUABQAAAgAAGpsQlsAAAAAAAAAAAAAAAAaAAAAAAAAAAAAAAAAABIBAABDb25maWd1cmF0

Debug level 1: CLIENT -> SERVER: aW9uczIvcG9wdXBtZW51L1BLAQIUABQAAAgAAGpsQlsAAAAAAAAAAAAAAAAcAAAAAAAAAAAAAAAA

Debug level 1: CLIENT -> SERVER: AEoBAABDb25maWd1cmF0aW9uczIvcHJvZ3Jlc3NiYXIvUEsBAhQAFAAACAAAamxCWwAAAAAAAAAA

Debug level 1: CLIENT -> SERVER: AAAAABgAAAAAAAAAAAAAAAAAhAEAAENvbmZpZ3VyYXRpb25zMi9tZW51YmFyL1BLAQIUABQAAAgA

Debug level 1: CLIENT -> SERVER: AGpsQlsAAAAAAAAAAAAAAAAYAAAAAAAAAAAAAAAAALoBAABDb25maWd1cmF0aW9uczIvdG9vbGJh

Debug level 1: CLIENT -> SERVER: ci9QSwECFAAUAAAIAABqbEJbAAAAAAAAAAAAAAAAHwAAAAAAAAAAAAAAAADwAQAAQ29uZmlndXJh

Debug level 1: CLIENT -> SERVER: dGlvbnMyL2ltYWdlcy9CaXRtYXBzL1BLAQIUABQACAgIAGpsQltC18d6NgUAAIAUAAALAAAAAAAA

Debug level 1: CLIENT -> SERVER: AAAAAAAAAC0CAABjb250ZW50LnhtbFBLAQIUABQACAgIAGpsQltUgw6NeQsAACtUAAAKAAAAAAAA

Debug level 1: CLIENT -> SERVER: AAAAAAAAAJwHAABzdHlsZXMueG1sUEsBAhQAFAAACAAAamxCW66sFCj8AwAA/AMAAAgAAAAAAAAA

Debug level 1: CLIENT -> SERVER: AAAAAAAATRMAAG1ldGEueG1sUEsBAhQAFAAICAgAamxCW8jcl36pCwAAAg4AABgAAAAAAAAAAAAA

Debug level 1: CLIENT -> SERVER: AAAAbxcAAFRodW1ibmFpbHMvdGh1bWJuYWlsLnBuZ1BLAQIUABQACAgIAGpsQlshqeK++wQAAJkf

Debug level 1: CLIENT -> SERVER: AAAMAAAAAAAAAAAAAAAAAF4jAABzZXR0aW5ncy54bWxQSwECFAAUAAgICABqbEJbZYJI2kQBAABh

Debug level 1: CLIENT -> SERVER: BwAAFQAAAAAAAAAAAAAAAACTKAAATUVUQS1JTkYvbWFuaWZlc3QueG1sUEsFBgAAAAAPAA8A7gMA

Debug level 1: CLIENT -> SERVER: ABoqAAAAAA==

Debug level 1: CLIENT -> SERVER: 

Debug level 1: CLIENT -> SERVER: --b1=_luOTiH70WQNUMW832ZmaHfWrMwwWp2o97wQkPlqo--

Debug level 1: CLIENT -> SERVER: 

Debug level 1: CLIENT -> SERVER: .

Debug level 2: SERVER -> CLIENT: 250 2.0.0 Ok: queued as AA54C280124E

Debug level 1: CLIENT -> SERVER: QUIT

Debug level 2: SERVER -> CLIENT: 221 2.0.0 Bye

