Debug level 2: SERVER -> CLIENT: 220 smtp-sp217-45.kinghost.net ESMTP

Debug level 1: CLIENT -> SERVER: EHLO localhost

Debug level 2: SERVER -> CLIENT: 250-smtp-sp217-45.kinghost.net
250-PIPELINING
250-SIZE 62914560
250-VRFY
250-ETRN
250-STARTTLS
250-AUTH PLAIN LOGIN
250-AUTH=PLAIN LOGIN
250-ENHANCEDSTATUSCODES
250-8BITMIME
250-DSN
250 CHUNKING

Debug level 1: CLIENT -> SERVER: AUTH LOGIN

Debug level 2: SERVER -> CLIENT: 334 VXNlcm5hbWU6

Debug level 1: CLIENT -> SERVER: [credentials hidden]
Debug level 2: SERVER -> CLIENT: 334 UGFzc3dvcmQ6

Debug level 1: CLIENT -> SERVER: [credentials hidden]
Debug level 2: SERVER -> CLIENT: 235 2.7.0 Authentication successful

Debug level 1: CLIENT -> SERVER: MAIL FROM:<ourodosul@ourodosul.com.br>

Debug level 2: SERVER -> CLIENT: 250 2.1.0 Ok

Debug level 1: CLIENT -> SERVER: RCPT TO:<consultoriorenevier@hotmail.com>

Debug level 2: SERVER -> CLIENT: 250 2.1.5 Ok

Debug level 1: CLIENT -> SERVER: DATA

Debug level 2: SERVER -> CLIENT: 354 End data with <CR><LF>.<CR><LF>

Debug level 1: CLIENT -> SERVER: Date: Wed, 1 Oct 2025 13:53:57 +0200

Debug level 1: CLIENT -> SERVER: To: consultoriorenevier@hotmail.com

Debug level 1: CLIENT -> SERVER: From: ourodosul@ourodosul.com.br

Debug level 1: CLIENT -> SERVER: Subject: =?iso-8859-1?Q?Atualiza=C3=A7=C3=A3o_de_Cadastro?=

Debug level 1: CLIENT -> SERVER: Message-ID: <qFswcN4c7Il0CoENcFN1E3hiMcpg1JmtJUxNuxVMk@localhost>

Debug level 1: CLIENT -> SERVER: X-Mailer: PHPMailer 6.10.0 (https://github.com/PHPMailer/PHPMailer)

Debug level 1: CLIENT -> SERVER: MIME-Version: 1.0

Debug level 1: CLIENT -> SERVER: Content-Type: multipart/mixed;

Debug level 1: CLIENT -> SERVER:  boundary="b1=_qFswcN4c7Il0CoENcFN1E3hiMcpg1JmtJUxNuxVMk"

Debug level 1: CLIENT -> SERVER: Content-Transfer-Encoding: 8bit

Debug level 1: CLIENT -> SERVER: 

Debug level 1: CLIENT -> SERVER: --b1=_qFswcN4c7Il0CoENcFN1E3hiMcpg1JmtJUxNuxVMk

Debug level 1: CLIENT -> SERVER: Content-Type: multipart/alternative;

Debug level 1: CLIENT -> SERVER:  boundary="b2=_qFswcN4c7Il0CoENcFN1E3hiMcpg1JmtJUxNuxVMk"

Debug level 1: CLIENT -> SERVER: 

Debug level 1: CLIENT -> SERVER: --b2=_qFswcN4c7Il0CoENcFN1E3hiMcpg1JmtJUxNuxVMk

Debug level 1: CLIENT -> SERVER: Content-Type: text/plain; charset=iso-8859-1

Debug level 1: CLIENT -> SERVER: Content-Transfer-Encoding: 8bit

Debug level 1: CLIENT -> SERVER: 

Debug level 1: CLIENT -> SERVER: (Sem conteúdo)

Debug level 1: CLIENT -> SERVER: 

Debug level 1: CLIENT -> SERVER: --b2=_qFswcN4c7Il0CoENcFN1E3hiMcpg1JmtJUxNuxVMk

Debug level 1: CLIENT -> SERVER: Content-Type: text/html; charset=iso-8859-1

Debug level 1: CLIENT -> SERVER: Content-Transfer-Encoding: 8bit

Debug level 1: CLIENT -> SERVER: 

Debug level 1: CLIENT -> SERVER: <p>(Sem conteúdo)</p>

Debug level 1: CLIENT -> SERVER: 

Debug level 1: CLIENT -> SERVER: 

Debug level 1: CLIENT -> SERVER: --b2=_qFswcN4c7Il0CoENcFN1E3hiMcpg1JmtJUxNuxVMk--

Debug level 1: CLIENT -> SERVER: 

Debug level 1: CLIENT -> SERVER: --b1=_qFswcN4c7Il0CoENcFN1E3hiMcpg1JmtJUxNuxVMk

Debug level 1: CLIENT -> SERVER: Content-Type: application/octet-stream; name="30385  .2 RENE VICENTE VIER.odt"

Debug level 1: CLIENT -> SERVER: Content-Transfer-Encoding: base64

Debug level 1: CLIENT -> SERVER: Content-Disposition: attachment; filename="30385  .2 RENE VICENTE VIER.odt"

Debug level 1: CLIENT -> SERVER: 

Debug level 1: CLIENT -> SERVER: UEsDBBQAAAgAALheQVtexjIMJwAAACcAAAAIAAAAbWltZXR5cGVhcHBsaWNhdGlvbi92bmQub2Fz

Debug level 1: CLIENT -> SERVER: aXMub3BlbmRvY3VtZW50LnRleHRQSwMEFAAACAAAuF5BWwAAAAAAAAAAAAAAABoAAABDb25maWd1

Debug level 1: CLIENT -> SERVER: cmF0aW9uczIvc3RhdHVzYmFyL1BLAwQUAAgICAC4XkFbAAAAAAAAAAAAAAAAJwAAAENvbmZpZ3Vy

Debug level 1: CLIENT -> SERVER: YXRpb25zMi9hY2NlbGVyYXRvci9jdXJyZW50LnhtbAMAUEsHCAAAAAACAAAAAAAAAFBLAwQUAAAI

Debug level 1: CLIENT -> SERVER: AAC4XkFbAAAAAAAAAAAAAAAAGAAAAENvbmZpZ3VyYXRpb25zMi9mbG9hdGVyL1BLAwQUAAAIAAC4

Debug level 1: CLIENT -> SERVER: XkFbAAAAAAAAAAAAAAAAGgAAAENvbmZpZ3VyYXRpb25zMi9wb3B1cG1lbnUvUEsDBBQAAAgAALhe

Debug level 1: CLIENT -> SERVER: QVsAAAAAAAAAAAAAAAAcAAAAQ29uZmlndXJhdGlvbnMyL3Byb2dyZXNzYmFyL1BLAwQUAAAIAAC4

Debug level 1: CLIENT -> SERVER: XkFbAAAAAAAAAAAAAAAAGAAAAENvbmZpZ3VyYXRpb25zMi9tZW51YmFyL1BLAwQUAAAIAAC4XkFb

Debug level 1: CLIENT -> SERVER: AAAAAAAAAAAAAAAAGAAAAENvbmZpZ3VyYXRpb25zMi90b29sYmFyL1BLAwQUAAAIAAC4XkFbAAAA

Debug level 1: CLIENT -> SERVER: AAAAAAAAAAAAHwAAAENvbmZpZ3VyYXRpb25zMi9pbWFnZXMvQml0bWFwcy9QSwMEFAAICAgAuF5B

Debug level 1: CLIENT -> SERVER: WwAAAAAAAAAAAAAAAAsAAABjb250ZW50LnhtbL1YUXLbNhD97ylQZabTflC07GbGZi15WkfJZMZ2

Debug level 1: CLIENT -> SERVER: PZHS9hcmQRFTEEAAUJLz1Tv0BP3K9AA9gW/Sk3QBkjBpiQplZeoPScS+3X3YXSyWPr9Y5wwtidJU

Debug level 1: CLIENT -> SERVER: 8PFgNDwaIMJjkVC+GA/ez18Hp4OLyVfnIk1pTKJExEVOuAliwQ18I9DmOiql40GheCSwpjriOCc6

Debug level 1: CLIENT -> SERVER: MnEkJOG1VtRER85XuaLNPeut7sBNbUPWpq+yxbZ08V1/zw7c1E4UXvVVtlgIalM9FX2V15oFqYCo

Debug level 1: CLIENT -> SERVER: 5xIb+oTFmlH++3iQGSOjMFytVsPVyVCoRTg6OzsLndQTjj1OFoo5VBKHhBHrTIej4SissTkxuC8/

Debug level 1: CLIENT -> SERVER: i21S4kV+R1Tv0GCDN7Kql4veFbFcdIQmzrDqXRsO3E7vSdI/vSdJUzfHJuvIyWl4DUL3cX31WAsq

Debug level 1: CLIENT -> SERVER: 7+vLYluhihWVvbdZopv6QghP1SqUB9TRPT46+j4snxvo1U74SlFDVAMe74THmMU+4iLfFjTAjUJA

Debug level 1: CLIENT -> SERVER: BGRpy9QXvg2E7lA4DkuxB+uk0/Rv11ezOCM5fgTTz4MDyrXB/DEyyiahc6cvQ0WkUMYHJu3fMCFb

Debug level 1: CLIENT -> SERVER: x95LkmLvBpB66CwEVtH5aloI7ckMrcoLX2mUsLqsPcnKP1lLoqhVxMxmLsg17BKyKWTU0C6Lp9Js

Debug level 1: CLIENT -> SERVER: XB7Hg0l9U5RVpkO/kMKNEaQ4JkFCYqYn5+WJ98uofLY8xoM5zoTNBpzsGpFTdu8F4W71S8zonaKj

Debug level 1: CLIENT -> SERVER: LQYq0QC19K0sWBAOm4di1SuqdU8fz3ShYBe8hZDUxNAxllhRe830dI+u6CIzW0h8g6XQP7RQ5dL/

Debug level 1: CLIENT -> SERVER: SGtb/J/Hq8zIAbxeb6Gy2+O9NiQ/xOVVEdMEoxnmGr3nFGYq0hmPLdg+UTmY4/UMvREmo3EnM4/4

Debug level 1: CLIENT -> SERVER: YnzCroZQrePCQBUaGgfOju8U7rPF/nbkfVWcJVZ4obDMagEs2HHVPQSl1gx6doJVUkNymD2ICiRe

Debug level 1: CLIENT -> SERVER: bCBq195sIKETEmUo0d6BVavGHUvdbbHBuJv+fIO+nU69U/vQ9JeKKBZMgJsXR+6v1nZAURgY9MBq

Debug level 1: CLIENT -> SERVER: ipkmLZFdD0ymRLHIgmrU5oKTVqKeNk7w5tY1/Qjro5E0jbXahsoxc8vOj85wYkeDpm0nKHhClGPR

Debug level 1: CLIENT -> SERVER: 8l6bWxHbBR7tPWEVwO2GeaupPwIsvRpQkmwKXdYr6RbrpeMdAOfeTpaMrHcR8JAOCl7eTaID4uJH

Debug level 1: CLIENT -> SERVER: cpnhMhEbsRXLbaHdBqiKxzl1vzcrNew8gpXgTiT3/sGan5y7NypNPhTw2uiP8uYicksJ1ZLh+7pa

Debug level 1: CLIENT -> SERVER: AwYDHRsPoJSduCzCt4wV2ijwL7jleJCxed12DrNiD+ahRl6Vb4Au7N1Rk6VKs2NBn5v8JHKUUPw1

Debug level 1: CLIENT -> SERVER: +vFDQdHD3wiui58LJVAi0KxgQ3QLd0YuNII3czuRYYVg2ETYoi8qf7LbRaPlORm86oYdP0+OTk5f

Debug level 1: CLIENT -> SERVER: VpGQmG/agr42QRUgnAyP0bvpzRT98vZyejO339N39f5BfbIPtynM23aP0NIVrAlEcrtfg41Atkcj

Debug level 1: CLIENT -> SERVER: bAo4pB9h85oUKMYJ9HYlyuBYZErhcDmhhgAmYOoC7UPgRuQk2kvj8vY1+vePP/fSeQXvwwgI32Ad

Debug level 1: CLIENT -> SERVER: u2FcRHtFKceUoW+l3bMmylpKKcvEdxFqZnQPi3PCCPQN0jbwuZ9zyM6vGTYaS3mxl+YzaU7tPUMe

Debug level 1: CLIENT -> SERVER: Pon9UlSfnMIeGqI18TUFkTPV1sv6kli7kwVzsnj49PAPXMu2iHQBl3ROVGxLaq/TNmuUKfg2D39B

Debug level 1: CLIENT -> SERVER: ynIE6a9qgPsaQPAA73TK0YoJKxhWwz18hV8OE7ZugLB1OYQd/yqc/AdQSwcIPamG3SwFAABrFAAA

Debug level 1: CLIENT -> SERVER: UEsDBBQACAgIALheQVsAAAAAAAAAAAAAAAAKAAAAc3R5bGVzLnhtbN1czZLbuBG+5ylUciU3SiT1

Debug level 1: CLIENT -> SERVER: r3i8lTjrJFV2Jdmxz1sQCUmMKYIFgqPRvk4OOeUp/GJpAAQJkiBF/Vme2alyrdANoPH1D5oNkG9/

Debug level 1: CLIENT -> SERVER: et6FvSdMk4BED31nYPd7OPKIH0Sbh/6Xzx+sef+nd797S9brwMNLn3jpDkfMStghxEkPOkfJUhIf

Debug level 1: CLIENT -> SERVER: +imNlgQlQbKM0A4nS+YtSYwj1Wmpcy/FVLJFDNa1u2DWezP8zLp25rylvmjVfWbBrPf2Kdp37cx5

Debug level 1: CLIENT -> SERVER: AVO9+5p07fychNaaWB7ZxYgFFSmewyD6+tDfMhYvh8P9fj/YjwaEbobOYrEYCmousJfzxSkNBZfv

Debug level 1: CLIENT -> SERVER: DXGI+WTJ0Bk4Q8W7wwx1lY/z6iJF6W6FaWdoEEM1rSZPm84W8bRpgMbbItrZNgRzWb0jv7t6R77e

Debug level 1: CLIENT -> SERVER: d4fYtkEn8+EnIIp/Pn0sbIHuus7FeUtQeTSIOy9Tcuv9CSG5qLyDdFAhrmvb46H8rXHvW9n3NGCY

Debug level 1: CLIENT -> SERVER: auxeK7uHQi9HnOxMoAGfMwQOCz9xM1XclC+6ceTJkOKYUJYLsu4eoAAdN5/FX6N8GuBMBmIEi3cU

Debug level 1: CLIENT -> SERVER: c+kjDLknDHmXN/1eFui04Or236lIuiYQRdfIw5aPvTB591Z6QN7ck7+5nA/9z2hLdqjfA0tXHLsg

Debug level 1: CLIENT -> SERVER: POSEYXv39ygMVjRwDANkpH6v1J/TrA2OMA1Aeck+SJKOc5w5BYVVRCWOOGAeeNATogEPux2n730M

Debug level 1: CLIENT -> SERVER: NltmEOIPKCbJH0tcsuk7imXC/zy5pEYukOuDQZT2GQ8Jw7tLpvyYeoGPeo8oSnpfogBSDNyIh4G3

Debug level 1: CLIENT -> SERVER: CyoXy/jpsfdXwraB1yhZznE1eYZNASFrl5mWktvHa5SGWf6lRs4k3FAUc9kVb/bbiimEKMoCyNd4

Debug level 1: CLIENT -> SERVER: FrJMtsgnewvGTzCznh/69mDkgZwG4qFCZLBFWpBRYCuJkQf5jLUlNPgNREchZ3XnrcxPXAyvzgoB

Debug level 1: CLIENT -> SERVER: tOuoNVbDmBksIaxjH7CtJTPENQoTzQJiRJFASMdnTZZi8C3mnggh257/Xo3HR7FQygifGYwl8DGR

Debug level 1: CLIENT -> SERVER: A6Aw3iLFJvqvKEaQkyUMDIEpCt8YucQ7MOeHfkgttioZRxD5mO8lPL/Wl6hEV5JDHgr6J3HCrad5

Debug level 1: CLIENT -> SERVER: MTk7l1tbo2xNEwzgRFzXYnKPhAQyNkZTcEuAQTQmwW8gqePETLSFKNqkaANNWYNH0ohRMJI//5Iv

Debug level 1: CLIENT -> SERVER: HzPY/a2vmEZCdDmgtko+pgU7KIrUyFnHbHBFw3ngzWZRhC+P9fF4+hfi54YRcyqi1TFz0uOf+gWc

Debug level 1: CLIENT -> SERVER: JS/r4no5/v1j5rVDdBNEFqgPDJYba9G2IozxBIjbsZuRDNYIrdtDvMUR5LskskLk+wC4WNBDPyJg

Debug level 1: CLIENT -> SERVER: OruAnWi0cRp5LJUD7oEMCQ+ABwo8btXKGi0/AI+P+CSQ6EycwhHLdh+DRgovPMM4Nd1XUo9bmi2f

Debug level 1: CLIENT -> SERVER: SlmgeSu7nYmLuXNL/XAj89cNC6uYU7U2incITJU/KymTc2tMcZpsKywX+JZ47NaDX4h1i5FP5StC

Debug level 1: CLIENT -> SERVER: uRdwE4OdAOwlRHHC7ffSiS1K9pXJoaXi1F8xjsGlN5ht+WMv97djE+sTSjN+BO/xEfX7jbFFKS9E

Debug level 1: CLIENT -> SERVER: SQLigescDTeEgpdHidLSPgCfkr+a96QLnLNY9JHFfg5YiI+uFBryYpNlRiniMuoMn6HhV9f+dUX8

Debug level 1: CLIENT -> SERVER: wzmIlQL0YOyOmoK0M3bMQdqWQVoYhcg/IpF/oHCPDskxdOtxLX94KIc3d67CmwxdebJg2QPbmRfh

Debug level 1: CLIENT -> SERVER: 96TQpmfA5oAm5z0rOomu3U3EoEjYY+IQHTRV93TyJYZ0to00buIO38Q7L/cjbJ/nrKPF3kM+ZEdz

Debug level 1: CLIENT -> SERVER: K7RU1BS6Cf4exTzqX1EHIClFJzqqRLtFET1R+5WVSZFeJ/keJyjCiVXh0m5200qS4WZeKNt4D0iy

Debug level 1: CLIENT -> SERVER: 4LmlxYNkH50oIMmohs5G/bQkAebxc3o2Q2cF/x0eSZ6vqN5AjNeq3ivp6mo2/jeM+IkI9zPHHIsy

Debug level 1: CLIENT -> SERVER: jp7z3TY1lVaQlAk8QvzEcx/n8k1vOpoc3/RO3d5E3i0yhTfuejJeTJszeVXFq2x4dtWs9V2pSjxh

Debug level 1: CLIENT -> SERVER: V7JP2ZU0S3DbLcG9tyW4l1tC8SD6I1mCM22xhBrxhKen6ZmWMGq3hNG9LWH0ciyhoulxm6arxBM0

Debug level 1: CLIENT -> SERVER: PT5T0+N2TY/vrenx5Zou1FnTtD27haabk6aT8qIPhr5n5zyayiftKp/cW+WTl6PyFt2do5lpu2am

Debug level 1: CLIENT -> SERVER: 99bM9HLNFPBXNXO5ViYL/vdyHHHWru7ZvdU9exnqvrITztu1Mr+3VuYXa+VmGnFn/O/lOOCiXdWL

Debug level 1: CLIENT -> SERVER: e6t68eOr+hrO95iu2D3K594Wxfxm1zFE5ZljGGzAVj0QAOfHTv9OExasDxY/mYEZ94T6tXP5UzYs

Debug level 1: CLIENT -> SERVER: 7RnBUAiHcOpOM9WdUp6rPXNc4nz1x44r+ua/UsIuM4OrPQQWpJupf2zzv2uEywth56V67iP/rCJd

Debug level 1: CLIENT -> SERVER: joucrVfjuaWaQrxm4vh9VlYTlUdTtq6hQFw0yRrl6Pzc0ioRc+V0rRQzHCWYY1MyzTIuGVfvu1mv

Debug level 1: CLIENT -> SERVER: gmXijo24GCjHK6EF6SyDP0cPvE+MfL7ZZmtSGlWtFUWr5mw1o8moQiiWU9Cyo3Q5QUQirLdmE1Sb

Debug level 1: CLIENT -> SERVER: VfrKzx17CQkDv6c/52dc2lOlgfH71g4uDAF/kRlIKQrwHx9gbLPVZz2KgNDTefM7BzxlGTbP+/nb

Debug level 1: CLIENT -> SERVER: /1gaEnEQwf95vy0udVQORyVnz+npPKV5XnmpXsPK7YaVewesfoxitobVqBtWo6tg9SOWezUsxt2w

Debug level 1: CLIENT -> SERVER: GF8Xi7OD2g0fAzVQJt1AmdzCmc56YNJkn3aTfXqR7C+isKaBMusGyuwqoFxZofNuss8vM8aXUKjR

Debug level 1: CLIENT -> SERVER: QFl0A2VxFVCurNDjYp8s9InJy9Uu1t3l2hyvDnVBs+C7bqzrWJO59yb/Htzr23+//ecISjnbRSD9

Debug level 1: CLIENT -> SERVER: MJUL7QH951285S8ytj+jV7nul9tcuPKSvuXqUFfVZ+w/SJJ3PRP4Ba8xxZF3pE5TY+u6diGueNeN

Debug level 1: CLIENT -> SERVER: 1zCSHQpDy0Nx0m8AxhAs7IVewN1nd6xXJPRLmEiCAq2JnGMmGDoj9o+PP1dX3uFVO3FREUXellCL

Debug level 1: CLIENT -> SERVER: HWJcLm09bZbPquYD/38o1X/kGziyxiJb1EtuVkz4uQaJawTKD0BqxbPiPTrZs1ye0qiV7jVsxGrU

Debug level 1: CLIENT -> SERVER: cYsBIknpVxjFuUzGLi9uVu4oRunO4q+zI1BqDia/tpx1reKpk0gSiLdNUOQLk8HqJQa0ArKox/FX

Debug level 1: CLIENT -> SERVER: sk3DVliysUXjmoQh2WPfWh3kBWqGVn1t8vx1JzU/N9PZ1DWVVi2dUqpFKkKBs3HRQG3CsyPS7qtC

Debug level 1: CLIENT -> SERVER: 2oEEbGpEWqdUqr6ScHOkR68M6fwMoQp09XChdOhwc5jHrwzm4uShinPtTKJ8jHFzpCevDOnZbN6A

Debug level 1: CLIENT -> SERVER: dEGpIC0JN0d6+qqQdgf2yLwd6pQS0opwc6Rnrwxpd27eDnVKBWlJuDnS81eG9MQcpjVCBefJdwnS

Debug level 1: CLIENT -> SERVER: i1cG82zRhHNBqQAtCTdH2rFfFdSjgT0274c6pQS1IlwCdZmk4x8RhhN4RI/WwSal4kMCvZxgZVfQ

Debug level 1: CLIENT -> SERVER: 1oSwSLs1oqvCyVYsvzvzhMIU85cDZaPqmGgQiC9R6H3kG4X8XgQfT33Ti6+3u4Q48psEDMwCquE5

Debug level 1: CLIENT -> SERVER: IoUEpmka34eUX+sR76svFkUdwYRONkiBAtdtRgsij4ovAfLkT/s0kRit+CIRv54CYwaepQhyOo4n

Debug level 1: CLIENT -> SERVER: WOkBtFsqDnyKd07fwFSpFgnKPvD5h/Nce7BYqNKPIKjX693FYNqyxmwSgJBZhAawFpQpm1BGUcBq

Debug level 1: CLIENT -> SERVER: l3xchVn9ko+BlHmC8RqR9u2hlk/9ZGvf0MBXn05449n8z8SRKdsdz2zHRF+hpMAm/1xBnY+mq0PB

Debug level 1: CLIENT -> SERVER: Z+aRwuplp9oIEGz41/8y26szCeBb6FmBscKhnNPaoeeSkMXXujKGBMcKYWkolSMZ9Q0aEBSMQvCL

Debug level 1: CLIENT -> SERVER: 91tsx8CD1qLaaGBBPr+5JT1B+odspxDIlIVO8g9DKS3a4j8tPJptXS1qixG/FCV+DPWVao31gQqv

Debug level 1: CLIENT -> SERVER: rLthRtihJB8jny1r5COVj4sqF4J1mTX31aJBZfih+dOw7/4PUEsHCCeojhaQCwAAWlYAAFBLAwQU

Debug level 1: CLIENT -> SERVER: AAAIAAC4XkFbW7hWYvwDAAD8AwAACAAAAG1ldGEueG1sPD94bWwgdmVyc2lvbj0iMS4wIiBlbmNv

Debug level 1: CLIENT -> SERVER: ZGluZz0iVVRGLTgiPz4KPG9mZmljZTpkb2N1bWVudC1tZXRhIHhtbG5zOm9mZmljZT0idXJuOm9h

Debug level 1: CLIENT -> SERVER: c2lzOm5hbWVzOnRjOm9wZW5kb2N1bWVudDp4bWxuczpvZmZpY2U6MS4wIiB4bWxuczp4bGluaz0i

Debug level 1: CLIENT -> SERVER: aHR0cDovL3d3dy53My5vcmcvMTk5OS94bGluayIgeG1sbnM6ZGM9Imh0dHA6Ly9wdXJsLm9yZy9k

Debug level 1: CLIENT -> SERVER: Yy9lbGVtZW50cy8xLjEvIiB4bWxuczptZXRhPSJ1cm46b2FzaXM6bmFtZXM6dGM6b3BlbmRvY3Vt

Debug level 1: CLIENT -> SERVER: ZW50OnhtbG5zOm1ldGE6MS4wIiB4bWxuczpvb289Imh0dHA6Ly9vcGVub2ZmaWNlLm9yZy8yMDA0

Debug level 1: CLIENT -> SERVER: L29mZmljZSIgb2ZmaWNlOnZlcnNpb249IjEuMiI+PG9mZmljZTptZXRhPjxtZXRhOmluaXRpYWwt

Debug level 1: CLIENT -> SERVER: Y3JlYXRvcj5lbGlzZXU8L21ldGE6aW5pdGlhbC1jcmVhdG9yPjxtZXRhOmVkaXRpbmctY3ljbGVz

Debug level 1: CLIENT -> SERVER: PjI8L21ldGE6ZWRpdGluZy1jeWNsZXM+PG1ldGE6Y3JlYXRpb24tZGF0ZT4yMDI1LTA5LTI5VDEy

Debug level 1: CLIENT -> SERVER: OjI1OjAwPC9tZXRhOmNyZWF0aW9uLWRhdGU+PGRjOmRhdGU+MjAyNS0xMC0wMVQwODo1Mzo0OS42

Debug level 1: CLIENT -> SERVER: MDwvZGM6ZGF0ZT48bWV0YTplZGl0aW5nLWR1cmF0aW9uPlBUMDBIMDBNMDBTPC9tZXRhOmVkaXRp

Debug level 1: CLIENT -> SERVER: bmctZHVyYXRpb24+PG1ldGE6Z2VuZXJhdG9yPkJyT2ZmaWNlLm9yZy8zLjEkV2luMzIgT3Blbk9m

Debug level 1: CLIENT -> SERVER: ZmljZS5vcmdfcHJvamVjdC8zMTBtMTEkQnVpbGQtOTM5OTwvbWV0YTpnZW5lcmF0b3I+PG1ldGE6

Debug level 1: CLIENT -> SERVER: ZG9jdW1lbnQtc3RhdGlzdGljIG1ldGE6dGFibGUtY291bnQ9IjAiIG1ldGE6aW1hZ2UtY291bnQ9

Debug level 1: CLIENT -> SERVER: IjAiIG1ldGE6b2JqZWN0LWNvdW50PSIwIiBtZXRhOnBhZ2UtY291bnQ9IjEiIG1ldGE6cGFyYWdy

Debug level 1: CLIENT -> SERVER: YXBoLWNvdW50PSIxMSIgbWV0YTp3b3JkLWNvdW50PSI2OSIgbWV0YTpjaGFyYWN0ZXItY291bnQ9

Debug level 1: CLIENT -> SERVER: IjQxOCIvPjxtZXRhOnRlbXBsYXRlIHhsaW5rOnR5cGU9InNpbXBsZSIgeGxpbms6YWN0dWF0ZT0i

Debug level 1: CLIENT -> SERVER: b25SZXF1ZXN0IiB4bGluazp0aXRsZT0iTm9ybWFsIiB4bGluazpocmVmPSIiLz48L29mZmljZTpt

Debug level 1: CLIENT -> SERVER: ZXRhPjwvb2ZmaWNlOmRvY3VtZW50LW1ldGE+UEsDBBQACAgIALheQVsAAAAAAAAAAAAAAAAYAAAA

Debug level 1: CLIENT -> SERVER: VGh1bWJuYWlscy90aHVtYm5haWwucG5n7Zd5NBSOFscVioQkyfIz2bOUkF2jhYqMQkyMNdkNZgaT

Debug level 1: CLIENT -> SERVER: hJL1x6SsaQySJcsYYx/DSGHM2H5iZrKXKUT2ZTCW553feb/33n/vnPfv76/PPfePe8+993vuPTfh

Debug level 1: CLIENT -> SERVER: rsVN/mPixzg4OPhNbxlbHbCWg+MQB8+RA2tdVmfkwB9uanz13qPseYwBnHnrtAlA1kMp66KyhyyP

Debug level 1: CLIENT -> SERVER: 7mjra7ePkwLDqfKpUw3QflcX7mZuMY6NKIrRyZelRQpmqHypPst6nsNb3Lgv3+dZGvt41UQOr0lA

Debug level 1: CLIENT -> SERVER: SxgHRy5//pHgsz53j/7/kJSbDRVzWpRxVLP1yCoyLa+V6YgX0utZrWzQXFCcxNVDw97EMdyrSL1f

Debug level 1: CLIENT -> SERVER: qXUVYqyZHDG30VpXWMxHPbB+zdxIaqtR5v3IHNH9h3D+EZAzoYmo3ZBz3QBRIfVmLEmnruHFJ1E4

Debug level 1: CLIENT -> SERVER: k+UZTiRV/JL6JAlhLP/y/N5LaLQ+02lPFoG5l1ogdlsv15UksfEev01IDicyYX13yE0RzoluEyWK

Debug level 1: CLIENT -> SERVER: alRL/3odvVw1yzaFY32+hjzSaZUL8uhM7ycI8vWTRNFWUMeyTPgiDvU2hT/Y01mvaTBriJHr5LBV

Debug level 1: CLIENT -> SERVER: HXTyQtjlIpJVqKIGjtiq4g6XEZAXBjGDftiLLWiMj6YnCi+PrQ+1C8X27lxnBuubjFm4At9i0WUI

Debug level 1: CLIENT -> SERVER: vEUSC/yKlPpzXUGH0JDrQE8XMyDUVR+PuHByTWrhWdtW1y9qkpts3SoimckXyUOXmQEEvnzfUzLP

Debug level 1: CLIENT -> SERVER: DhptFIUjehJ62mSFAbcpe8r4mabualiAB8N6ZMq35F5p6vg6Y3qvstnsQgCV4BjKMjilvltE0E4u

Debug level 1: CLIENT -> SERVER: mS/sg6YB2YbpGnE9CHBxtzpN3f2CB9jDyY8Rs789yHRg9yIW7xB/tiI3ZXJLekwXE7dapopCFyIF

Debug level 1: CLIENT -> SERVER: nY0HOYwE/5wmeSC+8UvsgKMCy2ZwGBxKSMxGWzwMAo/WXw3YiqmimK0tkJe2Zerrqx2i2Oomz9to

Debug level 1: CLIENT -> SERVER: 1Zj6wdF112MW5C1JR17njhBfOwPUCtzXYddhnPXyyRtY2jKogLBJCtQEJhYLBa9NNHnTb6m3YfIK

Debug level 1: CLIENT -> SERVER: ND8PK8X3nNJ5J+RLdVX1nFx+lFycQoNXrVR11iNUIaoZDnSzuejdeYjj+H5rUL/b2mZpqh9UcFM+

Debug level 1: CLIENT -> SERVER: 58ZgxxrFpNPWSY3hSxo2gyRQa6CPGce1J3346ookce644uH8S81D6VpWo92B4yhZgXM7gpmOiCVe

Debug level 1: CLIENT -> SERVER: Q9T7b6FXBvMEjPlndS/mUcIlfMo3A+O93z+4bOUywM7LkzRcU0b+LAgIPzHQZK5+RYZbej4qawr6

Debug level 1: CLIENT -> SERVER: oZ8VlQTfV89TAkRK3r80pO/lfR4QVTrlyqsQh5owvP10AMmZYn68SmNOy5SZHGzNtjrq2oP+WmrY

Debug level 1: CLIENT -> SERVER: 90fASNHZ80hns4kIgYgXSJ3eC8eVk94KfNguWcay6qSmiYyZQ5xlAhHFFjrkRrQ6Ci6xmxkpEWDL

Debug level 1: CLIENT -> SERVER: c9H++XP617cKjfzAK5QWjnEZCQlCdF6Bvq73sdND4oFpI+nIqzfwkQlq9sDedfkEZRTDwrRc2kU5

Debug level 1: CLIENT -> SERVER: I1fBuQKyIzneoQs0Wqh14uHU6xkI5wVtq7c/LSiUSha0nW3U3TuRS5vekN8wkL9ZxAUGKc10iZC2

Debug level 1: CLIENT -> SERVER: lI6gAykW1DSpeT8HA1DowiI5jbOyEYDCJUMLv5Y/CqhnOjjLyqo/WMFzzetdzPN2U4uO1HkGsnlq

Debug level 1: CLIENT -> SERVER: udkseD9F8uE92shRTRF0fp0E/IdyZ2dLgYIzlbyqASHyq2rQ4qmbTS/pERXEPAXr9Z+YF6SkWlxi

Debug level 1: CLIENT -> SERVER: zPIazZDODMHQPcb7LSluM2URjFUtaPDccM+nZHJm1xs4Sap46NLSa6Bcbgkfl4D3Icvn+ie03nMe

Debug level 1: CLIENT -> SERVER: 4EXtWmNa3GtssYumyW1K9EPgauBEwbc52KhBMM8S7LB/1fqp1Z0bi3MxPNpc/LmfYBlOIsfvlV/i

Debug level 1: CLIENT -> SERVER: tZsgHz+UcwRo/VekAzAvWgp+qmyTJKWtIh0Rhw8BUz89mV06AWeRKAR8Wd50aNaAPpKcxF2DeF8o

Debug level 1: CLIENT -> SERVER: +mI4AknJjpeN6ovu+1NL/5IUcHnjXTQj5ftPYU+sOTueRDAzD29OdO7bIlII0rBLcnrfigyV4m78

Debug level 1: CLIENT -> SERVER: LPRjQD+W3Rriz5MboQuFW+Ro41YCFAjNzTHri9cyVo9SCKFxHNezBwfgDYWiOTETNiu+FoHYFKiO

Debug level 1: CLIENT -> SERVER: UHiRGm8uQxnCevd9NDn17resr5p/FfFPCNSu7cyyh7q6TmO6+7FL0dXr9iGACrFMeoTKXCvNfcds

Debug level 1: CLIENT -> SERVER: l+UiQtq5/X0F7Dz8JrZV6zdD43LgD0m2BXSqQcDRjtFT1D792T6QCNKo9+0wtWeAUlCK3pw9jUl6

Debug level 1: CLIENT -> SERVER: diOqb5MjzU4FOe33yMx4fluqXTNLG/e/bNgS9T5MZQKaYocTq3dmY7NHMtTnKbhghj89MlHC7yNi

Debug level 1: CLIENT -> SERVER: 6WJuSfOZ/Q66neJiwqMzlpxPTseLDz57f/W3OLvHESI7JzLu1RU3dIX7TNJPorFKD76PMe5DcDng

Debug level 1: CLIENT -> SERVER: 5vNxyAvMBQ5g3h9kty3HwxsQv0GIfTTTcP/oKHxSBfaa7fqrpjM8jdIBkrv2FSOI7YJA4ifo0jfH

Debug level 1: CLIENT -> SERVER: w9Nr1zdWqSPwM3hv0X7KTVHtAR+1WJ52uxV+Hk1AAJytCRV5AEB0JeDaYAAj87DZalbdyJlqbQXz

Debug level 1: CLIENT -> SERVER: iUVfoDY61MZtkR3sxIYaXnv0gLQwPk+sdtBnm+y9BACA1vshTWPxE5tZ/z6B5ICEz4lXQ/X660AG

Debug level 1: CLIENT -> SERVER: XRUGOI+yOd8vj5e8dnLONYcxuZwUe/XFwiDdni8zxyDXSdJRsfvoCeFCsGSlMkw7hkZgTbVXucjt

Debug level 1: CLIENT -> SERVER: HBZkZYnjTkekxwlrfcBFHbTnaCMAySqsTFZR4Y58F2I022Ri/eNc7zfmrW5Qd6uRr3/+Pf+ENNAN

Debug level 1: CLIENT -> SERVER: dzDJKcXv/kIqagI0ML3xqKIXtnY96+OKJ1JnqmLxWmAK9jCuKcx6WzxWftomdrFB20Bn+U0yLx5d

Debug level 1: CLIENT -> SERVER: OGCu5Dui/FJF94rv04E4lmx3YUKrtY2Up0MVtNlz3QqKbYl0lbSCG1zP8czpczC4u0yrIoYUz46C

Debug level 1: CLIENT -> SERVER: eer0A4fwHWNfh8YyickTrxYeqLDeUSF+Vocrkj34rhrtVvHuvXqN1i34oIjWFkcREvdiyYVkQ/W7

Debug level 1: CLIENT -> SERVER: pU4pqtmofS6kySgh/MU74StekO/zfTreO4B8TOkHFQYjsYAfNAa4QymT/KGtDX/VcM++KQSB2J2i

Debug level 1: CLIENT -> SERVER: brTTXqX5hkocHFJ/qZIIL7dh/2zxxbg+Wk2r3krTLiy1oygUrYs5czYdrv6pWVM9VzOpjI/ZsCsN

Debug level 1: CLIENT -> SERVER: 37sDfzOarsTlBP3tHDrjWVlm1Cpqm99hvlYQe7kx73KLu+KzPQwb3wVJq/Uj+ddlFpwP3jXwSE+d

Debug level 1: CLIENT -> SERVER: 4V7HFJJ3tkhp1GlgJ8xccbhlJcYnoQbkXLXZrszMHLFd+d2ryIHYACtSIy1jLgsC0zFl28FjIQij

Debug level 1: CLIENT -> SERVER: j/mZrk67JeWNGaJ83V0EWqtVSbIuGMxAMe07XAsa+xcz/NnneMoCRuYJR+P6BlvakuGASAW1lWm4

Debug level 1: CLIENT -> SERVER: YmSP0GPSjvl/bJXezxJFD5G17aV8YB/2eVXpKRKunoa/hW+s4hbFNgWNWbQPq5wGO70qGVwm8g1q

Debug level 1: CLIENT -> SERVER: 25QTFwwrm239OurG7GAk89/vlKjivfqGehZ40HhbaNZDvEmXv+M17JdQIswvE9IV3lY4TLU4TpmS

Debug level 1: CLIENT -> SERVER: qzkLz2a7Lna1OBv3iqJXVrfbX3uJheajLpkJf94xr0wTR/uVUqPQv6eL4nBEITmJpYhU9JPErYi3

Debug level 1: CLIENT -> SERVER: czXEpweJpRhs37J2EYTC80Kt7bYh3U78I+jQydVdzI9Jcjby5pekYKiKfRpG2KvmV5ONQibVgu82

Debug level 1: CLIENT -> SERVER: lsa8f54Kc8DWezcSpj0pRzDFJn/EcCJOsQfW7V+sttIjVumO7nZZ941L4zDpijR/LqjPpL2YLRHo

Debug level 1: CLIENT -> SERVER: gy4Nqm7e8EdGuXj/6EU0D58sY5dhWx6Xl8xfWtz5slBelYzQYm7W19kTR7yv5kX996r+G3/jf8Km

Debug level 1: CLIENT -> SERVER: mgJos0jAOPvjwT/GYWpiYVxxzSXqH1BLBwgeezYcWQsAALYNAABQSwMEFAAICAgAuF5BWwAAAAAA

Debug level 1: CLIENT -> SERVER: AAAAAAAAAAwAAABzZXR0aW5ncy54bWy1WVtT4koQfj+/wso7Ing5K6VsBVz2sKJQgGudfRuSBnKc

Debug level 1: CLIENT -> SERVER: TKdmJgL/fnsmYLkQPEgyT2gufe+vv57cfF3G/OQVpIpQ3Hq10zPvBESAYSRmt97TuFP54n1t/nWD

Debug level 1: CLIENT -> SERVER: 02kUQCPEII1B6IoCrekRdUKvC9XIbt96qRQNZCpSDcFiUA0dNDABsXmt8f7phlWWXVnySLzcenOt

Debug level 1: CLIENT -> SERVER: k0a1ulgsThfnpyhn1dr19XXV3t08GqCYRrNDVWVPv1eFiG+KzAuZMVZZ/ezsopr9752sjXwXmrrX

Debug level 1: CLIENT -> SERVER: 3MRh437zZq0g+6lEGmITm5P1ZWParUcqG68RLN6i5uW99+c7P+l5XwIbY+Jt7uhVQnciob1m7eJL

Debug level 1: CLIENT -> SERVER: /aa6K+RwwT2Y6jzJZ8XEPkehnufJPa9f/l3Q5H8gms1zja7XaldfjhM+muNiCCGVGLTnTMxAbSmY

Debug level 1: CLIENT -> SERVER: IHJgwmtqmcJxOrqiJXGh4AFD2Cd9yrg6WHwlZkklEiEsIdyNVX592XeoM+TqsIh3wy1TlZZUvF7T

Debug level 1: CLIENT -> SERVER: lHKBTO4rvFr98vzIHBqxexrlon59eaxQFU04lN4nVqqDtrZyh/s6xLRfMZNbqDXGud1Xv7o4MnO/

Debug level 1: CLIENT -> SERVER: EOMxSdoutTnKYljUYytMdRt5Govtji5LegvxpbSW3o1LhwUaZb7ttbMjre+qEXAINIQdSReOMD3n

Debug level 1: CLIENT -> SERVER: 4nto2Xd7jVb5D9BgPHyUZhdSyTQN5s/MVD8MB0yyMaNqHiUsMGhWfuoGhJJ6CIY4wDaEliG/n2oz

Debug level 1: CLIENT -> SERVER: rHqkgf8bAQ/VYxpPQLrxpkfU6ykJmc4bXptiLBCob3GiVwPmZuzOBEroRFJpcgO6VIFCd4XLcBGF

Debug level 1: CLIENT -> SERVER: kNS2INsYJxKU4Y6l45sN3Igc4PADJ3sDV8CNLOMdSeAMccLp7/KzY70YsASk0TMCnW6PxDI8oZ63

Debug level 1: CLIENT -> SERVER: QNefTgkpXMTK+mFYgqMqXpPTgURNuE31dA+rbS1MwdVFKxJMrrzqgSZbGHRg79rQDsptslBWg2k/

Debug level 1: CLIENT -> SERVER: 1ZiVqKOybCMNM+ROokPiQeaW+yezmMEbpVH5ImxxJl4UBd0gXZvxIOV2ProqeF8I1FbD/rlwJLz1

Debug level 1: CLIENT -> SERVER: kIVDYCEKvlPo5SCCYQFrAjBG2wdt4C6yTbq+LSndgvEeefTBzCmgI0n46kmBvGOalS++YyiGy4Yb

Debug level 1: CLIENT -> SERVER: sVf4mZ2y9EWbo3LBp42S7xwnjN+tD4gMsXExDrrqnvLtq4iJQSoCnbpqQ59HM0HFO9KYDFBFH6k5

Debug level 1: CLIENT -> SERVER: PjttHiW+eqM1vgiotyF8lvSo7PCVHa4u4thOpaQ0maI2wGh+R5jKYAdrslOJA/CSYuXbQZ0RQcJK

Debug level 1: CLIENT -> SERVER: gwMzyZK56opepLYX5zLcuMNH1G2W6FTCnWSL/uQ/1ReGKjhQZqFsiIt7ABdcaj27Hnf3xsOTYGV0

Debug level 1: CLIENT -> SERVER: 2LKQEBrPKgpBjmGpnyl/fUFhpR5wwYQV9Hm49vwByMTAGYm0hzeudiHVYxN4Qz83kTKcDywDcbde

Debug level 1: CLIENT -> SERVER: 5yzxvh5pYoXlB+3NpU2hJW58siAxBFpQjGu+1tIwOdpTO+gkVdnqJVElRNRdyf9ugPWDbinAeDjH

Debug level 1: CLIENT -> SERVER: hdVB62+biQC4g8H35/yhfT5mIszZ5YucBtvE/0iVjqYr0zbqOdLzByZSxlsS2IubGaGGYJaDVxhj

Debug level 1: CLIENT -> SERVER: NgpdogEhMxXZhqA4PHIDaZwxnwANu7MHtHs+YMwJZysSFPLU2FRkMLg8S1ofkMygxYKXmcRU7D1O

Debug level 1: CLIENT -> SERVER: LLvMi413w3Pskayb7ZlW3eDFIKOTeS+WVLcB/AKJtLr9z9b2yWNye8xd3fmGXN33db35G1BLBwiO

Debug level 1: CLIENT -> SERVER: 1Jg2AwUAAJ8fAABQSwMEFAAICAgAuF5BWwAAAAAAAAAAAAAAABUAAABNRVRBLUlORi9tYW5pZmVz

Debug level 1: CLIENT -> SERVER: dC54bWy1lUtuwyAQQPc5hcXe0GZVWXEitVJPkB6A4LGDxE/MECW3L46UxG2jqqnMDix4bxg8w2pz

Debug level 1: CLIENT -> SERVER: tKY6QETtXcue+ROrwCnfaTe07GP7Xr+wzXqxstLpHpCay6DK+xxepy1L0TVeosbGSQvYkGp8ANd5

Debug level 1: CLIENT -> SERVER: lSw4ar6ub0bTelHdwL02UOeF8VTdZNBpWdMpQMtkCEYrSTlOcXAdP7v4VMEJjsRuuyenWk4+98mY

Debug level 1: CLIENT -> SERVER: Okjat0ww8VAM9ylv3vV6SPEcGy4FkqSEOxnL4KVSYCBPfRQqxTiePCe3uKuIoDdeEhSCBx9SyH9G

Debug level 1: CLIENT -> SERVER: KoSPfoiA5W56DL0YnLw3xeDaygFQvGqyMmBRx4Ps720EkxurhyfN1VTwtxgelI8NSoy1ehee/fS/

Debug level 1: CLIENT -> SERVER: Yv6di3QygLNjLZCcrfFs98nunNQGBV2GPLhhbvi8iQWi/E5eU7sSP57J9SdQSwcIZYJI2kQBAABh

Debug level 1: CLIENT -> SERVER: BwAAUEsBAhQAFAAACAAAuF5BW17GMgwnAAAAJwAAAAgAAAAAAAAAAAAAAAAAAAAAAG1pbWV0eXBl

Debug level 1: CLIENT -> SERVER: UEsBAhQAFAAACAAAuF5BWwAAAAAAAAAAAAAAABoAAAAAAAAAAAAAAAAATQAAAENvbmZpZ3VyYXRp

Debug level 1: CLIENT -> SERVER: b25zMi9zdGF0dXNiYXIvUEsBAhQAFAAICAgAuF5BWwAAAAACAAAAAAAAACcAAAAAAAAAAAAAAAAA

Debug level 1: CLIENT -> SERVER: hQAAAENvbmZpZ3VyYXRpb25zMi9hY2NlbGVyYXRvci9jdXJyZW50LnhtbFBLAQIUABQAAAgAALhe

Debug level 1: CLIENT -> SERVER: QVsAAAAAAAAAAAAAAAAYAAAAAAAAAAAAAAAAANwAAABDb25maWd1cmF0aW9uczIvZmxvYXRlci9Q

Debug level 1: CLIENT -> SERVER: SwECFAAUAAAIAAC4XkFbAAAAAAAAAAAAAAAAGgAAAAAAAAAAAAAAAAASAQAAQ29uZmlndXJhdGlv

Debug level 1: CLIENT -> SERVER: bnMyL3BvcHVwbWVudS9QSwECFAAUAAAIAAC4XkFbAAAAAAAAAAAAAAAAHAAAAAAAAAAAAAAAAABK

Debug level 1: CLIENT -> SERVER: AQAAQ29uZmlndXJhdGlvbnMyL3Byb2dyZXNzYmFyL1BLAQIUABQAAAgAALheQVsAAAAAAAAAAAAA

Debug level 1: CLIENT -> SERVER: AAAYAAAAAAAAAAAAAAAAAIQBAABDb25maWd1cmF0aW9uczIvbWVudWJhci9QSwECFAAUAAAIAAC4

Debug level 1: CLIENT -> SERVER: XkFbAAAAAAAAAAAAAAAAGAAAAAAAAAAAAAAAAAC6AQAAQ29uZmlndXJhdGlvbnMyL3Rvb2xiYXIv

Debug level 1: CLIENT -> SERVER: UEsBAhQAFAAACAAAuF5BWwAAAAAAAAAAAAAAAB8AAAAAAAAAAAAAAAAA8AEAAENvbmZpZ3VyYXRp

Debug level 1: CLIENT -> SERVER: b25zMi9pbWFnZXMvQml0bWFwcy9QSwECFAAUAAgICAC4XkFbPamG3SwFAABrFAAACwAAAAAAAAAA

Debug level 1: CLIENT -> SERVER: AAAAAAAtAgAAY29udGVudC54bWxQSwECFAAUAAgICAC4XkFbJ6iOFpALAABaVgAACgAAAAAAAAAA

Debug level 1: CLIENT -> SERVER: AAAAAACSBwAAc3R5bGVzLnhtbFBLAQIUABQAAAgAALheQVtbuFZi/AMAAPwDAAAIAAAAAAAAAAAA

Debug level 1: CLIENT -> SERVER: AAAAAFoTAABtZXRhLnhtbFBLAQIUABQACAgIALheQVseezYcWQsAALYNAAAYAAAAAAAAAAAAAAAA

Debug level 1: CLIENT -> SERVER: AHwXAABUaHVtYm5haWxzL3RodW1ibmFpbC5wbmdQSwECFAAUAAgICAC4XkFbjtSYNgMFAACfHwAA

Debug level 1: CLIENT -> SERVER: DAAAAAAAAAAAAAAAAAAbIwAAc2V0dGluZ3MueG1sUEsBAhQAFAAICAgAuF5BW2WCSNpEAQAAYQcA

Debug level 1: CLIENT -> SERVER: ABUAAAAAAAAAAAAAAAAAWCgAAE1FVEEtSU5GL21hbmlmZXN0LnhtbFBLBQYAAAAADwAPAO4DAADf

Debug level 1: CLIENT -> SERVER: KQAAAAA=

Debug level 1: CLIENT -> SERVER: 

Debug level 1: CLIENT -> SERVER: --b1=_qFswcN4c7Il0CoENcFN1E3hiMcpg1JmtJUxNuxVMk--

Debug level 1: CLIENT -> SERVER: 

Debug level 1: CLIENT -> SERVER: .

Debug level 2: SERVER -> CLIENT: 250 2.0.0 Ok: queued as C2962802452

Debug level 1: CLIENT -> SERVER: QUIT

Debug level 2: SERVER -> CLIENT: 221 2.0.0 Bye

