Debug level 2: SERVER -> CLIENT: 220 smtp-sp217-68.kinghost.net ESMTP

Debug level 1: CLIENT -> SERVER: EHLO localhost

Debug level 2: SERVER -> CLIENT: 250-smtp-sp217-68.kinghost.net
250-PIPELINING
250-SIZE 62914560
250-VRFY
250-ETRN
250-STARTTLS
250-AUTH PLAIN LOGIN
250-AUTH=PLAIN LOGIN
250-ENHANCEDSTATUSCODES
250-8BITMIME
250-DSN
250 CHUNKING

Debug level 1: CLIENT -> SERVER: AUTH LOGIN

Debug level 2: SERVER -> CLIENT: 334 VXNlcm5hbWU6

Debug level 1: CLIENT -> SERVER: [credentials hidden]
Debug level 2: SERVER -> CLIENT: 334 UGFzc3dvcmQ6

Debug level 1: CLIENT -> SERVER: [credentials hidden]
Debug level 2: SERVER -> CLIENT: 235 2.7.0 Authentication successful

Debug level 1: CLIENT -> SERVER: MAIL FROM:<ourodosul@ourodosul.com.br>

Debug level 2: SERVER -> CLIENT: 250 2.1.0 Ok

Debug level 1: CLIENT -> SERVER: RCPT TO:<antonioschommer@hotmail.com>

Debug level 2: SERVER -> CLIENT: 250 2.1.5 Ok

Debug level 1: CLIENT -> SERVER: DATA

Debug level 2: SERVER -> CLIENT: 354 End data with <CR><LF>.<CR><LF>

Debug level 1: CLIENT -> SERVER: Date: Wed, 1 Oct 2025 14:32:19 +0200

Debug level 1: CLIENT -> SERVER: To: antonioschommer@hotmail.com

Debug level 1: CLIENT -> SERVER: From: ourodosul@ourodosul.com.br

Debug level 1: CLIENT -> SERVER: Subject: =?iso-8859-1?Q?Atualiza=C3=A7=C3=A3o_de_Cadastro?=

Debug level 1: CLIENT -> SERVER: Message-ID: <LghYQfEUaLXEu8FsxLfTSKEYs2cj2Vc0buDpkPXfw@localhost>

Debug level 1: CLIENT -> SERVER: X-Mailer: PHPMailer 6.10.0 (https://github.com/PHPMailer/PHPMailer)

Debug level 1: CLIENT -> SERVER: MIME-Version: 1.0

Debug level 1: CLIENT -> SERVER: Content-Type: multipart/mixed;

Debug level 1: CLIENT -> SERVER:  boundary="b1=_LghYQfEUaLXEu8FsxLfTSKEYs2cj2Vc0buDpkPXfw"

Debug level 1: CLIENT -> SERVER: Content-Transfer-Encoding: 8bit

Debug level 1: CLIENT -> SERVER: 

Debug level 1: CLIENT -> SERVER: --b1=_LghYQfEUaLXEu8FsxLfTSKEYs2cj2Vc0buDpkPXfw

Debug level 1: CLIENT -> SERVER: Content-Type: multipart/alternative;

Debug level 1: CLIENT -> SERVER:  boundary="b2=_LghYQfEUaLXEu8FsxLfTSKEYs2cj2Vc0buDpkPXfw"

Debug level 1: CLIENT -> SERVER: 

Debug level 1: CLIENT -> SERVER: --b2=_LghYQfEUaLXEu8FsxLfTSKEYs2cj2Vc0buDpkPXfw

Debug level 1: CLIENT -> SERVER: Content-Type: text/plain; charset=iso-8859-1

Debug level 1: CLIENT -> SERVER: Content-Transfer-Encoding: 8bit

Debug level 1: CLIENT -> SERVER: 

Debug level 1: CLIENT -> SERVER: (Sem conteúdo)

Debug level 1: CLIENT -> SERVER: 

Debug level 1: CLIENT -> SERVER: --b2=_LghYQfEUaLXEu8FsxLfTSKEYs2cj2Vc0buDpkPXfw

Debug level 1: CLIENT -> SERVER: Content-Type: text/html; charset=iso-8859-1

Debug level 1: CLIENT -> SERVER: Content-Transfer-Encoding: 8bit

Debug level 1: CLIENT -> SERVER: 

Debug level 1: CLIENT -> SERVER: <p>(Sem conteúdo)</p>

Debug level 1: CLIENT -> SERVER: 

Debug level 1: CLIENT -> SERVER: 

Debug level 1: CLIENT -> SERVER: --b2=_LghYQfEUaLXEu8FsxLfTSKEYs2cj2Vc0buDpkPXfw--

Debug level 1: CLIENT -> SERVER: 

Debug level 1: CLIENT -> SERVER: --b1=_LghYQfEUaLXEu8FsxLfTSKEYs2cj2Vc0buDpkPXfw

Debug level 1: CLIENT -> SERVER: Content-Type: application/octet-stream; name="13453  .8 ANTONIO MIGUEL SCHOMMER.odt"

Debug level 1: CLIENT -> SERVER: Content-Transfer-Encoding: base64

Debug level 1: CLIENT -> SERVER: Content-Disposition: attachment; filename="13453  .8 ANTONIO MIGUEL SCHOMMER.odt"

Debug level 1: CLIENT -> SERVER: 

Debug level 1: CLIENT -> SERVER: UEsDBBQAAAgAAARkQVtexjIMJwAAACcAAAAIAAAAbWltZXR5cGVhcHBsaWNhdGlvbi92bmQub2Fz

Debug level 1: CLIENT -> SERVER: aXMub3BlbmRvY3VtZW50LnRleHRQSwMEFAAACAAABGRBWwAAAAAAAAAAAAAAABoAAABDb25maWd1

Debug level 1: CLIENT -> SERVER: cmF0aW9uczIvc3RhdHVzYmFyL1BLAwQUAAgICAAEZEFbAAAAAAAAAAAAAAAAJwAAAENvbmZpZ3Vy

Debug level 1: CLIENT -> SERVER: YXRpb25zMi9hY2NlbGVyYXRvci9jdXJyZW50LnhtbAMAUEsHCAAAAAACAAAAAAAAAFBLAwQUAAAI

Debug level 1: CLIENT -> SERVER: AAAEZEFbAAAAAAAAAAAAAAAAGAAAAENvbmZpZ3VyYXRpb25zMi9mbG9hdGVyL1BLAwQUAAAIAAAE

Debug level 1: CLIENT -> SERVER: ZEFbAAAAAAAAAAAAAAAAGgAAAENvbmZpZ3VyYXRpb25zMi9wb3B1cG1lbnUvUEsDBBQAAAgAAARk

Debug level 1: CLIENT -> SERVER: QVsAAAAAAAAAAAAAAAAcAAAAQ29uZmlndXJhdGlvbnMyL3Byb2dyZXNzYmFyL1BLAwQUAAAIAAAE

Debug level 1: CLIENT -> SERVER: ZEFbAAAAAAAAAAAAAAAAGAAAAENvbmZpZ3VyYXRpb25zMi9tZW51YmFyL1BLAwQUAAAIAAAEZEFb

Debug level 1: CLIENT -> SERVER: AAAAAAAAAAAAAAAAGAAAAENvbmZpZ3VyYXRpb25zMi90b29sYmFyL1BLAwQUAAAIAAAEZEFbAAAA

Debug level 1: CLIENT -> SERVER: AAAAAAAAAAAAHwAAAENvbmZpZ3VyYXRpb25zMi9pbWFnZXMvQml0bWFwcy9QSwMEFAAICAgABGRB

Debug level 1: CLIENT -> SERVER: WwAAAAAAAAAAAAAAAAsAAABjb250ZW50LnhtbL1YUW7jNhD97ylYL1C0H7LiZBdI1NjBNpvdBoiT

Debug level 1: CLIENT -> SERVER: oHbQ/jISbRGlSC5J2c5+9Q49Qb8WPUBPkJv0JB1SEiPFlleOF82HY3HezDzODIcjn56tMoYWRGkq

Debug level 1: CLIENT -> SERVER: +LA36B/0EOGxSCifD3t30/fBce9s9M2pmM1oTKJExHlGuAliwQ38R6DNdVRIh71c8UhgTXXEcUZ0

Debug level 1: CLIENT -> SERVER: ZOJISMIrraiOjpyvYkWbB9ZZ3YHr2oasTFdli23o4vvunh24rp0ovOyqbLEQ1Lr6THRVXmkWzARE

Debug level 1: CLIENT -> SERVER: PZPY0GcsVozy34e91BgZheFyuewvj/pCzcPByclJ6KSecOxxMlfMoZI4JIxYZzoc9Adhhc2IwV35

Debug level 1: CLIENT -> SERVER: WWydEs+ze6I6hwYbvJZVvZh3rojFvCU0cYpV59pw4GZ6j5Lu6T1K6roZNmlLTo7DMQjdx/jqqRZU

Debug level 1: CLIENT -> SERVER: 1tWXxTZCFSsqO2+zQNf1hRCeqlUoDqije3hw8Dosnmvo5Vb4UlFDVA0eb4XHmMU+4iLbFDTADUJA

Debug level 1: CLIENT -> SERVER: BGRhy9QXvg2EblE4DAuxB+uk1fRv46tJnJIMP4Hpl8EB5dpg/hQZZZPQutM3oSJSKOMDM+veMCFb

Debug level 1: CLIENT -> SERVER: h95LMsPeDSB131kIrKLzVbcQ2pMZWpVXvtIoYVVZe5Klf7KSRFGriJnNXJBp2CVkU8iopl0UT6lZ

Debug level 1: CLIENT -> SERVER: uzwOe6PqpiiqTId+YQY3RjDDMQkSEjM9Oi1OvF9GxbPlMexNcSpsNuBkV4iMsgcvCLern2NG7xUd

Debug level 1: CLIENT -> SERVER: bDBQinqooW9lwZxw2DwUq15SrTv6eKELBbvgDYSkJoaOscCK2mumo3t0Reep2UDiOyyF/rGBKpb+

Debug level 1: CLIENT -> SERVER: R1qb4v8yXkVG9uD1fgOV7R4ftCHZPi6v8pgmGE0w1+iOU5ipSGs8NmC7RGVvjuMJ+iBMSuNWZh7x

Debug level 1: CLIENT -> SERVER: 1fiEbQ2hXMe5gSo0NA6cHd8p3GeD/e3A+yo5S6zwXGGZVgJYsOOqewgKrQn07ASrpIJkMHsQFUg8

Debug level 1: CLIENT -> SERVER: X0NUrr3ZQEInJMpQor0Dq1aOO5a622KNcTv96Rp9O516p/ah7m8molgwAW5eHbi/StsBRW5g0AOr

Debug level 1: CLIENT -> SERVER: M8w0aYjsemBSJfJ5GpSjNhecNBL1vHGCN7eu6SdYHwykqa1VNlSGmVt2fnSKEzsa1G07Qc4TohyL

Debug level 1: CLIENT -> SERVER: hvfK3JLYLvBk7xmrAG43zBtN/Qlg6VWAgmRd6LJeSjdYLxxvATj3drJkZLWNgIe0UPDydhItEBc/

Debug level 1: CLIENT -> SERVER: kskUF4lYi61YbArtJkBZPM6p+75eqWHrESwF9yJ58A/W/OjUvVFp8jGH10Z/lNcXkVtKqJYMP1TV

Debug level 1: CLIENT -> SERVER: GjAY6NiwB6XsxEURXjKWa6PAv+CW417GplXb2c+KPZj7GnlXvAG6sLdHTRYq9Y4FfW70k8hQQvG3

Debug level 1: CLIENT -> SERVER: 6O3HnKLHvxFcFze5EigRaJKzPrqFOyMTGsGbuZ3IsEIwbCJs0WelP9nuotbynAxedcOWr4Oj12+O

Debug level 1: CLIENT -> SERVER: ykhIzNdtQV8boRIQjvrH6O319Ob68gaNLz/cXVyhyfnPN+PxxS9VFMDIaBeGFzB1251CY1ewJhDJ

Debug level 1: CLIENT -> SERVER: 7K4NNgLZTo2wyeGofoIQaJKjGCfQ4ZUoQmSRMwpHzAk1hDEBU2doFwLXIiPRThrnt+/Rv3/8uZPO

Debug level 1: CLIENT -> SERVER: O3grRkD4GuvYjeQi2ilKGaYMfS/tnjVR1tKMslT8EKF6XnewOCWMQPcgTQNf+jqF7PyaYqOxlGc7

Debug level 1: CLIENT -> SERVER: ab6Q5oW9bcjjZ7Fbiqrzk9ujQ7QmvqYgcqbcelFfEmt3vmBaFo+fH/+By9kWkc7hqs6Iim1J7XTm

Debug level 1: CLIENT -> SERVER: JrUyBd/m8S9IWYYg/WUNcF8DCB7gzU45WjFhOcOqv4Ov8OthwsY9EDauiLDlB8PRf1BLBwii0KkX

Debug level 1: CLIENT -> SERVER: NAUAAHEUAABQSwMEFAAICAgABGRBWwAAAAAAAAAAAAAAAAoAAABzdHlsZXMueG1s3VzNktu4Eb7n

Debug level 1: CLIENT -> SERVER: KVRyJTdKJPWveLyVOOskVXYl2bHPWxAJSYwpggWCo9G+Tg455Sn8YmkABAmSIEX9WZ7ZqXKt0A2g

Debug level 1: CLIENT -> SERVER: 8fUPmg2Qb3963oW9J0yTgEQPfWdg93s48ogfRJuH/pfPH6x5/6d3v3tL1uvAw0ufeOkOR8xK2CHE

Debug level 1: CLIENT -> SERVER: SQ86R8lSEh/6KY2WBCVBsozQDidL5i1JjCPVaalzL8VUskUM1rW7YNZ7M/zMunbmvKW+aNV9ZsGs

Debug level 1: CLIENT -> SERVER: 9/Yp2nftzHkBU737mnTt/JyE1ppYHtnFiAUVKZ7DIPr60N8yFi+Hw/1+P9iPBoRuhs5isRgKai6w

Debug level 1: CLIENT -> SERVER: l/PFKQ0Fl+8NcYj5ZMnQGThDxbvDDHWVj/PqIkXpboVpZ2gQQzWtJk+bzhbxtGmAxtsi2tk2BHNZ

Debug level 1: CLIENT -> SERVER: vSO/u3pHvt53h9i2QSfz4Scgin8+fSxsge66zsV5S1B5NIg7L1Ny6/0JIbmovIN0UCGua9vjofyt

Debug level 1: CLIENT -> SERVER: ce9b2fc0YJhq7F4ru4dCL0ec7EygAZ8zBA4LP3EzVdyUL7px5MmQ4phQlguy7h6gAB03n8Vfo3wa

Debug level 1: CLIENT -> SERVER: 4EwGYgSLdxRz6SMMuScMeZc3/V4W6LTg6vbfqUi6JhBF18jDlo+9MHn3VnpA3tyTv7mcD/3PaEt2

Debug level 1: CLIENT -> SERVER: qN8DS1ccuyA85IRhe/f3KAxWNHAMA2Skfq/Un9OsDY4wDUB5yT5Iko5znDkFhVVEJY44YB540BOi

Debug level 1: CLIENT -> SERVER: AQ+7HafvfQw2W2YQ4g8oJskfS1yy6TuKZcL/PLmkRi6Q64NBlPYZDwnDu0um/Jh6gY96jyhKel+i

Debug level 1: CLIENT -> SERVER: AFIM3IiHgbcLKhfL+Omx91fCtoHXKFnOcTV5hk0BIWuXmZaS28drlIZZ/qVGziTcUBRz2RVv9tuK

Debug level 1: CLIENT -> SERVER: KYQoygLI13gWsky2yCd7C8ZPMLOeH/r2YOSBnAbioUJksEVakFFgK4mRB/mMtSU0+A1ERyFndeet

Debug level 1: CLIENT -> SERVER: zE9cDK/OCgG066g1VsOYGSwhrGMfsK0lM8Q1ChPNAmJEkUBIx2dNlmLwLeaeCCHbnv9ejcdHsVDK

Debug level 1: CLIENT -> SERVER: CJ8ZjCXwMZEDoDDeIsUm+q8oRpCTJQwMgSkK3xi5xDsw54d+SC22KhlHEPmY7yU8v9aXqERXkkMe

Debug level 1: CLIENT -> SERVER: CvonccKtp3kxOTuXW1ujbE0TDOBEXNdico+EBDI2RlNwS4BBNCbBbyCp48RMtIUo2qRoA01Zg0fS

Debug level 1: CLIENT -> SERVER: iFEwkj//ki8fM9j9ra+YRkJ0OaC2Sj6mBTsoitTIWcdscEXDeeDNZlGEL4/18Xj6F+LnhhFzKqLV

Debug level 1: CLIENT -> SERVER: MXPS45/6BZwlL+viejn+/WPmtUN0E0QWqA8Mlhtr0bYijPEEiNuxm5EM1git20O8xRHkuySyQuT7

Debug level 1: CLIENT -> SERVER: ALhY0EM/ImA6u4CdaLRxGnkslQPugQwJD4AHCjxu1coaLT8Aj4/4JJDoTJzCEct2H4NGCi88wzg1

Debug level 1: CLIENT -> SERVER: 3VdSj1uaLZ9KWaB5K7udiYu5c0v9cCPz1w0Lq5hTtTaKdwhMlT8rKZNza0xxmmwrLBf4lnjs1oNf

Debug level 1: CLIENT -> SERVER: iHWLkU/lK0K5F3ATg50A7CVEccLt99KJLUr2lcmhpeLUXzGOwaU3mG35Yy/3t2MT6xNKM34E7/ER

Debug level 1: CLIENT -> SERVER: 9fuNsUUpL0RJAuKB6xwNN4SCl0eJ0tI+AJ+Sv5r3pAucs1j0kcV+DliIj64UGvJik2VGKeIy6gyf

Debug level 1: CLIENT -> SERVER: oeFX1/51RfzDOYiVAvRg7I6agrQzdsxB2pZBWhiFyD8ikX+gcI8OyTF063Etf3gohzd3rsKbDF15

Debug level 1: CLIENT -> SERVER: smDZA9uZF+H3pNCmZ8DmgCbnPSs6ia7dTcSgSNhj4hAdNFX3dPIlhnS2jTRu4g7fxDsv9yNsn+es

Debug level 1: CLIENT -> SERVER: o8XeQz5kR3MrtFTUFLoJ/h7FPOpfUQcgKUUnOqpEu0URPVH7lZVJkV4n+R4nKMKJVeHSbnbTSpLh

Debug level 1: CLIENT -> SERVER: Zl4o23gPSLLguaXFg2QfnSggyaiGzkb9tCQB5vFzejZDZwX/HR5Jnq+o3kCM16reK+nqajb+N4z4

Debug level 1: CLIENT -> SERVER: iQj3M8ccizKOnvPdNjWVVpCUCTxC/MRzH+fyTW86mhzf9E7d3kTeLTKFN+56Ml5MmzN5VcWrbHh2

Debug level 1: CLIENT -> SERVER: 1az1XalKPGFXsk/ZlTRLcNstwb23JbiXW0LxIPojWYIzbbGEGvGEp6fpmZYwareE0b0tYfRyLKGi

Debug level 1: CLIENT -> SERVER: 6XGbpqvEEzQ9PlPT43ZNj++t6fHlmi7UWdO0PbuFppuTppPyog+GvmfnPJrKJ+0qn9xb5ZOXo/IW

Debug level 1: CLIENT -> SERVER: 3Z2jmWm7Zqb31sz0cs0U8Fc1c7lWJgv+93Iccdau7tm91T17Geq+shPO27Uyv7dW5hdr5WYacWf8

Debug level 1: CLIENT -> SERVER: 7+U44KJd1Yt7q3rx46v6Gs73mK7YPcrn3hbF/GbXMUTlmWMYbMBWPRAA58dO/04TFqwPFj+ZgRn3

Debug level 1: CLIENT -> SERVER: hPq1c/lTNiztGcFQCIdw6k4z1Z1Snqs9c1zifPXHjiv65r9Swi4zg6s9BBakm6l/bPO/a4TLC2Hn

Debug level 1: CLIENT -> SERVER: pXruI/+sIl2Oi5ytV+O5pZpCvGbi+H1WVhOVR1O2rqFAXDTJGuXo/NzSKhFz5XStFDMcJZhjUzLN

Debug level 1: CLIENT -> SERVER: Mi4ZV++7Wa+CZeKOjbgYKMcroQXpLIM/Rw+8T4x8vtlma1IaVa0VRavmbDWjyahCKJZT0LKjdDlB

Debug level 1: CLIENT -> SERVER: RCKst2YTVJtV+srPHXsJCQO/pz/nZ1zaU6WB8fvWDi4MAX+RGUgpCvAfH2Bss9VnPYqA0NN58zsH

Debug level 1: CLIENT -> SERVER: PGUZNs/7+dv/WBoScRDB/3m/LS51VA5HJWfP6ek8pXleealew8rthpV7B6x+jGK2htWoG1ajq2D1

Debug level 1: CLIENT -> SERVER: I5Z7NSzG3bAYXxeLs4PaDR8DNVAm3UCZ3MKZznpg0mSfdpN9epHsL6KwpoEy6wbK7CqgXFmh826y

Debug level 1: CLIENT -> SERVER: zy8zxpdQqNFAWXQDZXEVUK6s0ONinyz0icnL1S7W3eXaHK8OdUGz4LturOtYk7n3Jv8e3Ovbf7/9

Debug level 1: CLIENT -> SERVER: 5whKOdtFIP0wlQvtAf3nXbzlLzK2P6NXue6X21y48pK+5epQV9Vn7D9Iknc9E/gFrzHFkXekTlNj

Debug level 1: CLIENT -> SERVER: 67p2Ia54143XMJIdCkPLQ3HSbwDGECzshV7A3Wd3rFck9EuYSIICrYmcYyYYOiP2j48/V1fe4VU7

Debug level 1: CLIENT -> SERVER: cVERRd6WUIsdYlwubT1tls+q5gP/fyjVf+QbOLLGIlvUS25WTPi5BolrBMoPQGrFs+I9OtmzXJ7S

Debug level 1: CLIENT -> SERVER: qJXuNWzEatRxiwEiSelXGMW5TMYuL25W7ihG6c7ir7MjUGoOJr+2nHWt4qmTSBKIt01Q5AuTweol

Debug level 1: CLIENT -> SERVER: BrQCsqjH8VeyTcNWWLKxReOahCHZY99aHeQFaoZWfW3y/HUnNT8309nUNZVWLZ1SqkUqQoGzcdFA

Debug level 1: CLIENT -> SERVER: bcKzI9Luq0LagQRsakRap1SqvpJwc6RHrwzp/AyhCnT1cKF06HBzmMevDObi5KGKc+1MonyMcXOk

Debug level 1: CLIENT -> SERVER: J68M6dls3oB0QakgLQk3R3r6qpB2B/bIvB3qlBLSinBzpGevDGl3bt4OdUoFaUm4OdLzV4b0xBym

Debug level 1: CLIENT -> SERVER: NUIF58l3CdKLVwbzbNGEc0GpAC0JN0fasV8V1KOBPTbvhzqlBLUiXAJ1maTjHxGGE3hEj9bBJqXi

Debug level 1: CLIENT -> SERVER: QwK9nGBlV9DWhLBIuzWiq8LJViy/O/OEwhTzlwNlo+qYaBCIL1HofeQbhfxeBB9PfdOLr7e7hDjy

Debug level 1: CLIENT -> SERVER: mwQMzAKq4TkihQSmaRrfh5Rf6xHvqy8WRR3BhE42SIEC121GCyKPii8B8uRP+zSRGK34IhG/ngJj

Debug level 1: CLIENT -> SERVER: Bp6lCHI6jidY6QG0WyoOfIp3Tt/AVKkWCco+8PmH81x7sFio0o8gqNfr3cVg2rLGbBKAkFmEBrAW

Debug level 1: CLIENT -> SERVER: lCmbUEZRwGqXfFyFWf2Sj4GUeYLxGpH27aGWT/1ka9/QwFefTnjj2fzPxJEp2x3PbMdEX6GkwCb/

Debug level 1: CLIENT -> SERVER: XEGdj6arQ8Fn5pHC6mWn2ggQbPjX/zLbqzMJ4FvoWYGxwqGc09qh55KQxde6MoYExwphaSiVIxn1

Debug level 1: CLIENT -> SERVER: DRoQFIxC8Iv3W2zHwIPWotpoYEE+v7klPUH6h2ynEMiUhU7yD0MpLdriPy08mm1dLWqLEb8UJX4M

Debug level 1: CLIENT -> SERVER: 9ZVqjfWBCq+su2FG2KEkHyOfLWvkI5WPiyoXgnWZNffVokFl+KH507Dv/g9QSwcIJ6iOFpALAABa

Debug level 1: CLIENT -> SERVER: VgAAUEsDBBQAAAgAAARkQVsqCT5e/AMAAPwDAAAIAAAAbWV0YS54bWw8P3htbCB2ZXJzaW9uPSIx

Debug level 1: CLIENT -> SERVER: LjAiIGVuY29kaW5nPSJVVEYtOCI/Pgo8b2ZmaWNlOmRvY3VtZW50LW1ldGEgeG1sbnM6b2ZmaWNl

Debug level 1: CLIENT -> SERVER: PSJ1cm46b2FzaXM6bmFtZXM6dGM6b3BlbmRvY3VtZW50OnhtbG5zOm9mZmljZToxLjAiIHhtbG5z

Debug level 1: CLIENT -> SERVER: OnhsaW5rPSJodHRwOi8vd3d3LnczLm9yZy8xOTk5L3hsaW5rIiB4bWxuczpkYz0iaHR0cDovL3B1

Debug level 1: CLIENT -> SERVER: cmwub3JnL2RjL2VsZW1lbnRzLzEuMS8iIHhtbG5zOm1ldGE9InVybjpvYXNpczpuYW1lczp0Yzpv

Debug level 1: CLIENT -> SERVER: cGVuZG9jdW1lbnQ6eG1sbnM6bWV0YToxLjAiIHhtbG5zOm9vbz0iaHR0cDovL29wZW5vZmZpY2Uu

Debug level 1: CLIENT -> SERVER: b3JnLzIwMDQvb2ZmaWNlIiBvZmZpY2U6dmVyc2lvbj0iMS4yIj48b2ZmaWNlOm1ldGE+PG1ldGE6

Debug level 1: CLIENT -> SERVER: aW5pdGlhbC1jcmVhdG9yPmVsaXNldTwvbWV0YTppbml0aWFsLWNyZWF0b3I+PG1ldGE6ZWRpdGlu

Debug level 1: CLIENT -> SERVER: Zy1jeWNsZXM+MzwvbWV0YTplZGl0aW5nLWN5Y2xlcz48bWV0YTpjcmVhdGlvbi1kYXRlPjIwMjUt

Debug level 1: CLIENT -> SERVER: MDktMjlUMTI6MjU6MDA8L21ldGE6Y3JlYXRpb24tZGF0ZT48ZGM6ZGF0ZT4yMDI1LTEwLTAxVDA5

Debug level 1: CLIENT -> SERVER: OjMyOjA5LjIzPC9kYzpkYXRlPjxtZXRhOmVkaXRpbmctZHVyYXRpb24+UFQwMUgzNU0yM1M8L21l

Debug level 1: CLIENT -> SERVER: dGE6ZWRpdGluZy1kdXJhdGlvbj48bWV0YTpnZW5lcmF0b3I+QnJPZmZpY2Uub3JnLzMuMSRXaW4z

Debug level 1: CLIENT -> SERVER: MiBPcGVuT2ZmaWNlLm9yZ19wcm9qZWN0LzMxMG0xMSRCdWlsZC05Mzk5PC9tZXRhOmdlbmVyYXRv

Debug level 1: CLIENT -> SERVER: cj48bWV0YTpkb2N1bWVudC1zdGF0aXN0aWMgbWV0YTp0YWJsZS1jb3VudD0iMCIgbWV0YTppbWFn

Debug level 1: CLIENT -> SERVER: ZS1jb3VudD0iMCIgbWV0YTpvYmplY3QtY291bnQ9IjAiIG1ldGE6cGFnZS1jb3VudD0iMSIgbWV0

Debug level 1: CLIENT -> SERVER: YTpwYXJhZ3JhcGgtY291bnQ9IjExIiBtZXRhOndvcmQtY291bnQ9IjY5IiBtZXRhOmNoYXJhY3Rl

Debug level 1: CLIENT -> SERVER: ci1jb3VudD0iNDI0Ii8+PG1ldGE6dGVtcGxhdGUgeGxpbms6dHlwZT0ic2ltcGxlIiB4bGluazph

Debug level 1: CLIENT -> SERVER: Y3R1YXRlPSJvblJlcXVlc3QiIHhsaW5rOnRpdGxlPSJOb3JtYWwiIHhsaW5rOmhyZWY9IiIvPjwv

Debug level 1: CLIENT -> SERVER: b2ZmaWNlOm1ldGE+PC9vZmZpY2U6ZG9jdW1lbnQtbWV0YT5QSwMEFAAICAgABGRBWwAAAAAAAAAA

Debug level 1: CLIENT -> SERVER: AAAAABgAAABUaHVtYm5haWxzL3RodW1ibmFpbC5wbmftl2k0G4gWx3WjrUErOvaqZeytqtZS26A6

Debug level 1: CLIENT -> SERVER: rW2KtJYQW0s1Eo00Ikq0RgeP0iKUoFMdFI1diSRSFEMQpZZEI1FLkCGNSENjeT1v3vL1nfO+vk+/

Debug level 1: CLIENT -> SERVER: e+6H/zn3/u+599z0ax4/yRxVOSohISFz9colr29skZDYJ3FY8lsk1LaY/pYfunrJARhXvFpimzPd

Debug level 1: CLIENT -> SERVER: +/1lkxqSwvn9WIvRRynWd18dO45iR5Ud0bu3knZE2mhENgAgMSUN3nv5UHl52bb/GGddjXDp2FLQ

Debug level 1: CLIENT -> SERVER: Z4B7AjJaFE1tPPxAFyMePyCxST9155pUmSTyf0efQ1lpweyW7qgw9GZ+ZNE7Je3R86NpxYto34/K

Debug level 1: CLIENT -> SERVER: Ir1PdSDIz4LPJLfeSeUAP24RvG4tcOz8GqO+zXG22EidIVztZ7NcX9vTMpLMCL8OVdQFzASqBtBe

Debug level 1: CLIENT -> SERVER: lFj5yA3BelVBAX2z0gS+uKkjMMgnti4kawJpI1YmIGrXFCQbJ+DOAYXVYwFJd+vMsfAkt6asaNnV

Debug level 1: CLIENT -> SERVER: Hn6bqDLMjpLd08D6kKu4oD/JrSmmFeh/0j1Kg9gc1sw7u6aNK4hMQPY5yRMVO6/38rUSeXWPX+Qc

Debug level 1: CLIENT -> SERVER: QUYEWSV8KKRPPi8N2Gq6J3/mvm1Fhxda71wdsdPoVoyW7A8AKPfegr8y7ByYic0A8IeE9J7jvw5v

Debug level 1: CLIENT -> SERVER: u3KRF52ZHiF2L/A1NQhTj8zWiKcductbhj6ENnvCayOz2PXQCOXtAJ0l248H0gUFdKxy3w03Dudk

Debug level 1: CLIENT -> SERVER: n+KuptIvv1E6HcpgHm94Yw1IjfnFIgAIkF206e/yxUQ+Y5hqY7FG/XPhJrQj36X84jIoKZEnt5ox

Debug level 1: CLIENT -> SERVER: v+5u1WrE25V1LsKMFQ+FNZI3CI9HI55Xei3Wo3kreVYVF90LXZuMzEwquF17iSvw2kQOQVTJ3GAb

Debug level 1: CLIENT -> SERVER: JTxhfRi6ykvdYi1WoNf2ZDUufZBgyf3Ty+60eAwGrCsaCW88ZGlLHWvBUql3pBls/UHq2bjKFyK5

Debug level 1: CLIENT -> SERVER: wkr0JskmkBbT8WypUSY3DvA7lBkUpvrxWNLulsCdgeCuKCmX6pky9VurAD5abdre9eaZSmaHXva0

Debug level 1: CLIENT -> SERVER: xc/0H/4S0niictav9/145EtpBXx/4P0wm925KiwlWRuA/ylD1StOydMCijOmmKZRNZ7bOxe8V0oa

Debug level 1: CLIENT -> SERVER: huFT2drx3M8aWz/Z9VfiANG8k4xB4ITdl6J8nMU5XTQydRda/xRk8nYTnEMtAa6m2PTm0PdvDD+B

Debug level 1: CLIENT -> SERVER: INIkm4kK5C6DccwY2BKDZSFUoXdSU/u7utMYiQsljUhFZkpH4/zXAUOEVhMdGFUcTPlj4mFzpV1e

Debug level 1: CLIENT -> SERVER: Cz8hCgg2fD4Kgo8T22NePzntCDLMa+jxxp1ErQqvU/gqUWg1z+7uB68c1NNUPsCDf8xNGoX/vGdu

Debug level 1: CLIENT -> SERVER: X9yvW78MvXZN9mR8LC20ZGNCypQg1ap06mnyk9hON4E5ewnicJmwpzSSl82SMy5yU29uzpdzuC6o

Debug level 1: CLIENT -> SERVER: 35RqG363lCfP3hh/8LuupN8F7oWrc9lIb7GXVMgQjl1tQxupU4V8NxojKt9Y5bA5cYi5P7t+61Ja

Debug level 1: CLIENT -> SERVER: kXjNU2HFR3PhHVuZa2frV9jRK/cQmUTlMf1Jz3m1MkHMg/cqas2Sci10Kd8uKfaK7WN8gOM1L/Xi

Debug level 1: CLIENT -> SERVER: +ZlM5FtPmM/MQeWe3R8wt7csJxUNYotSdnN8nd4CjTXUM2F8RJz6dOg0XtiF+BhZCnO9PZptIKlz

Debug level 1: CLIENT -> SERVER: WhiXUO812cNP3Xxt12rSwDKwdctnVxscSiR0+dg7m+hrHMu/jAMPfWyLZazbtRlYSdSIJza/Tt2I

Debug level 1: CLIENT -> SERVER: Cf9EZmYhdjJV0o/nin64TXu4zx0rzbavClecAh5SekQR7XPN+SWzOl4cXCFPBlrtJ8Sr39R53wEx

Debug level 1: CLIENT -> SERVER: 7xOcU22SMb5TfRzLR2vid15DJ24Jzou9g3oZkz1dcV/vnOQ2BFa2FKK+6x0IW6rBTAouvGlHxgrW

Debug level 1: CLIENT -> SERVER: V/kLje5WQdlN9PN3n9tpUaqkD8pG7vP85eKxC68OfENWy0Z7XuozfGWwmbNr1RFP2SGm7dXuvrm2

Debug level 1: CLIENT -> SERVER: 6JUbN0lW+1rp8X9DY16KhGfetMlK2A/A80uhsVvJBvf6GHXX929S2BZ/6fxTThYgPPuda5oC0bZf

Debug level 1: CLIENT -> SERVER: KFSLOZCYQvfc6Z67++xndbCjB1PPqjX8xIaNCcKfs/as4UGsbMtG13u7ytpIj3fHO2kprA+/yV6S

Debug level 1: CLIENT -> SERVER: WfnxL1ja8b+QUyZz5pcBEY/dxGkdBBe3xI70INpWTT9BE35ex2q2wkY/9fJyedQktKvmCl3mN53p

Debug level 1: CLIENT -> SERVER: ieOJHqW6desst5jERCxiuseYg8pBCGT3ycC95Kiz+eA4xd3anCBEMgQbRUxfErg+KkfhFsgzV4cT

Debug level 1: CLIENT -> SERVER: 7Y+cOHkE4/3vWr5h7por7R7XMZ5elmvVfqL07hswdY15YW6UEX3Ltq190NjJ18ljflnuKbWgo/mC

Debug level 1: CLIENT -> SERVER: jJMv9vk8eEdN7M4chKu3N9birmbQylvYsbibsMnM3OZanI7qz6OSRcjCxZtuxBQ7TIH+EmkX5zCS

Debug level 1: CLIENT -> SERVER: 3TULWcbqk5nxcZhDnqLrHdM6TWAzGOULyKr19NhUbhB3GDaRlKEa1RV214JSRVba65nw0+M9bFP1

Debug level 1: CLIENT -> SERVER: PLBt/K/WN210VRR9wreSbHvcYd6qrflTUe7HtXl2vYx4IWkFakVCKKOkPu97FGI2MtNBD305M6ql

Debug level 1: CLIENT -> SERVER: xtlizeYDNNK7P2bXVy1C8/p/dz9Hlu/qzfduwTtlkcT6EO4qB9u6cPtdZutZSv9Pil9l7JvISloK

Debug level 1: CLIENT -> SERVER: Ef0WpwYTSANCXvP1NALttJ6dfN/O9mfcnXDeUJK1H5GF1zwp0ohqog6RqhtEOxfrdsxPatqYBqFY

Debug level 1: CLIENT -> SERVER: X5h+Z0q2Tu094WlgvPdiSMw01qaZw7+dzwqSL1f8ZT2mDO9uTa21rguv4YZNxd+N3i7SJ4O4B8F6

Debug level 1: CLIENT -> SERVER: wxeV74MGI54UMEFOHZrJv+4VBgHKfdTqDeHmj8YJvMWe+mCdbQmUCKdS9z0mjwi48DY7+duakmrX

Debug level 1: CLIENT -> SERVER: sBBdm+rDYpMpnkQN5Eyo94L+8CznyqD7YKc9BFYGhKXnuV++5dMBzonyheWm0yqWUfdtfDiWX1+4

Debug level 1: CLIENT -> SERVER: hWw14VQRkyhNy37gQ58ZskGiTHeOwLDbrLZ/2J20GOY4GL7cXJF34c3R+aOyIyrsjbWdw4jIsM9A

Debug level 1: CLIENT -> SERVER: bJ9yQRSI50cG4oQik0wnF1jEH4JBQSFEyhDjHz65BiwRH+68IXXGeqJd1YYojhHwrUcD3RYwQHQG

Debug level 1: CLIENT -> SERVER: 1OWt8H2U5lJlkHmnvTwCkKqweXP08ktT1HvW57aNZ3qSLuOuOY+a+BR2bZp1Kw1+b/9haAZpd8cQ

Debug level 1: CLIENT -> SERVER: v5d6u8Lw84BQqBPp5C3Krpy/nhWjDiJcCTA8DSa2EzAxt8SfVq4MtJCySki+FtlA+2ZTqIXHY1E3

Debug level 1: CLIENT -> SERVER: 504RWw0N3iO5QEZJOMsSpVPYGNNuMiTULkLJR7EXvuM9v+0TU/QRa3AQDFXXz81/WFOQLHj8VSZg

Debug level 1: CLIENT -> SERVER: yFXDn4hyuI/p99i/oyoKK2jVh9ATyHSwPGjla/Sgod576RUj1+wtQaIBlkbOnXvmMWWy5dhyiVFh

Debug level 1: CLIENT -> SERVER: 4rcdiuXPTriAj+MNJs/Aipc7LTBNnM7KRsR1Si3EQqRtHK+8OP58oBqCbnhLKgapG2O/piGQSKYl

Debug level 1: CLIENT -> SERVER: eMBSpQq2gSufnpHuWsEzS4mITfcdpwQjEf/+uhbFBLXep/aij0q79J/hmjMmh7jEFpy+EdjmNR0d

Debug level 1: CLIENT -> SERVER: csRURILVhD0NRd6SPuOPXm4v/FuLj3EtScu7ag6l+Apa7YtiooPv46cyJ9ZeWwbp9lQC832bOYPh

Debug level 1: CLIENT -> SERVER: qJQh35o3RTcbnKmwQEf8FJoIjyoAURPflTMGPL7rX9RpPhVTLA6BUTl6TwU9v2+TMJFFt5XRZY/P

Debug level 1: CLIENT -> SERVER: u6iObhcFG7To0oHYQxYnjEzAQSjtK+bsVUOfLQXBjuNkJGpfFbTaprZ18kaG0aKbpCtkI70J/iSM

Debug level 1: CLIENT -> SERVER: z2j8YVFsTe3JtuJl1StzGTea9a31Rm7T0TVuZ7Al3+f71/Q1+OfNtflHj91D8mg5MheznUceHUAo

Debug level 1: CLIENT -> SERVER: iMeorlbDUiDxEAiFvTX+TsuL/Odrm6pY7fqq9IKBeobQcxpYjlttsSACDroaoUq54/m+zCDozniY

Debug level 1: CLIENT -> SERVER: O7QSzfEhNg3M0MYz51iMO7GtY8k/HqJU/ePsP3z1f/wf/z34Gn94nz7htxpc/O2/k7jq7HGp1jE4

Debug level 1: CLIENT -> SERVER: +e9QSwcIJINJH68LAAAGDgAAUEsDBBQACAgIAARkQVsAAAAAAAAAAAAAAAAMAAAAc2V0dGluZ3Mu

Debug level 1: CLIENT -> SERVER: eG1stVlbU+JKEH4/v8LKOyLoXqSUrYDLHlYUCnCts29D0kAOk+nUzETg35+eCVguBA+SzBOaS9/7

Debug level 1: CLIENT -> SERVER: 668nN99WMT97AakiFLde7fzCOwMRYBiJ2a33NO5Uvnrfmn/d4HQaBdAIMUhjELqiQGt6RJ3R60I1

Debug level 1: CLIENT -> SERVER: stu3XipFA5mKVEOwGFRDBw1MQGxfa7x9umGVZVdWPBKLW2+uddKoVpfL5fny8hzlrFq7vr6u2rvb

Debug level 1: CLIENT -> SERVER: RwMU02h2rKrs6beqEPFVkXkhM8Yqq19cXFWz/72zjZFvQlP3mts4bN1v3mwUZD+VSENsYnO2uWxM

Debug level 1: CLIENT -> SERVER: u/VIZeMlguVr1Ly89/585xc970tgY0y87R29TuhOJLTXrNfqN9V9GcfL7cFU5wm+KCb2OQr1PE/u

Debug level 1: CLIENT -> SERVER: Zf3Tl4Im/w3RbJ5rdL1W+/z1NOGjOS6HEFKFQXvOxAzUjoIJIgcmvKaWKZymoytaEpcKHjCEQ9Kn

Debug level 1: CLIENT -> SERVER: jKujxVdillQiEcIKwv1Y5ZeXfYcaQ66Pi3g33DFVaUm16zVNJRfI5KHCq329vv50utgDfXJVP12o

Debug level 1: CLIENT -> SERVER: iiYcSu8TK7X8rrZih4caxHRfMYtbqDXG+UZffjmx+X4jxmOStFtpc5TFoKjH1pjqNvI0FrsNXZb0

Debug level 1: CLIENT -> SERVER: FuKitI7ej0uHBRplvu21ixOt76oRcAg0hB1JF04wPefiW2Q5dHsDVvkP0Fg8fpBmF1LJNI3lj0xU

Debug level 1: CLIENT -> SERVER: PwwHTLIxo2oeJSwwYFZ+6gYEknoIhjbALoKWIb+fajOreqSB/xMBD9VjGk9AuvGmR8TrKQmZzptd

Debug level 1: CLIENT -> SERVER: 22IsEKjvcaLXA+Zm6s4ESuhEUmlyA7pUgUJ3hctwEYOQ1LYg2xgnEpRhjqXjmw3ciBzg8BMnBwNX

Debug level 1: CLIENT -> SERVER: wI0s4x1J4Axxwunv8rNjvRiwBKTRMwKd7k7EMjyhnrdA159OCSlcxMr6YUiCoyrecNOBRE24TfV0

Debug level 1: CLIENT -> SERVER: D+tdLUzB56tWJJhce9UjTbYw6MDejaEdlLtkoawG036qMStRR2XZRhpmyJ1Eh8SDzC33D2YxgzdK

Debug level 1: CLIENT -> SERVER: o/JF2OJMLBQF3SBdm/Eg5XY+uip4XwjUVsPhuXAivPWQhUNgIQq+V+jlIIJhARsCMEbbB23gLrJN

Debug level 1: CLIENT -> SERVER: ur6vKN2C8R559M7MKaAjSfj6SYG8Y5qVL75jKIbLhhuxF/iVnbH0RZujcsGnjZIfHCeM322Ohwyx

Debug level 1: CLIENT -> SERVER: cTEOuuqe8u2riIlBKgKdumpDn0czQcU70pgMUEXvqTk9O20eJb56pTW+CKi3IXyW9Kjs8LUdri7i

Debug level 1: CLIENT -> SERVER: 2E6lpDSZojbAaH5HmMpgD2uyQ4kj8JJi5dtBnRFBwkqDAzPJkrnqil6kdhfnMty4w0fUbZboVMKd

Debug level 1: CLIENT -> SERVER: ZMv+5F/VF4YqOFBmoWyIy3sAF1xqM7se9/fG45NgZXTYqpAQGs8qCkGOYaWfKX99QWGlHnDBhBX0

Debug level 1: CLIENT -> SERVER: ebjx/AHIxMAZibSHN652IdVjE3hFPzeRMpwPLANxt17nLPG+HmliheUH7dWlbaElbnyyIDEEWlCM

Debug level 1: CLIENT -> SERVER: a77W0jA52lM76CRV2eolUSVE1F3J/2GA9Z1uKcB4OMel1UHrb5uJALiDwffn/KF9PmYizNnlixwG

Debug level 1: CLIENT -> SERVER: 28T/TJWOpmvTNuo50vMHJlLGWxLYws2MUEMwy8ELjDEbhS7RgJCZimxLUBweuYE0zpgPgIbd2QPa

Debug level 1: CLIENT -> SERVER: A98v5oSzFQkKeWpsKjIYXJ4lbQ5IZtBiwWImMRUHjxPLLvNi493wHHsk62Z7plU3WBhkdDLvxYrq

Debug level 1: CLIENT -> SERVER: NoDfIJFWt//Z2j54TG6Puat7X5Crh76tN/8DUEsHCL0zGBH+BAAAnR8AAFBLAwQUAAgICAAEZEFb

Debug level 1: CLIENT -> SERVER: AAAAAAAAAAAAAAAAFQAAAE1FVEEtSU5GL21hbmlmZXN0LnhtbLWVS27DIBBA9zmFxd7QZlVZcSK1

Debug level 1: CLIENT -> SERVER: Uk+QHoDgsYPET8wQJbcvjpTEbaOqqcwOLHhvGDzDanO0pjpARO1dy575E6vAKd9pN7TsY/tev7DN

Debug level 1: CLIENT -> SERVER: erGy0ukekJrLoMr7HF6nLUvRNV6ixsZJC9iQanwA13mVLDhqvq5vRtN6Ud3AvTZQ54XxVN1k0GlZ

Debug level 1: CLIENT -> SERVER: 0ylAy2QIRitJOU5xcB0/u/hUwQmOxG67J6daTj73yZg6SNq3TDDxUAz3KW/e9XpI8RwbLgWSpIQ7

Debug level 1: CLIENT -> SERVER: GcvgpVJgIE99FCrFOJ48J7e4q4igN14SFIIHH1LIf0YqhI9+iIDlbnoMvRicvDfF4NrKAVC8arIy

Debug level 1: CLIENT -> SERVER: YFHHg+zvbQSTG6uHJ83VVPC3GB6Ujw1KjLV6F5799L9i/p2LdDKAs2MtkJyt8Wz3ye6c1AYFXYY8

Debug level 1: CLIENT -> SERVER: uGFu+LyJBaL8Tl5TuxI/nsn1J1BLBwhlgkjaRAEAAGEHAABQSwECFAAUAAAIAAAEZEFbXsYyDCcA

Debug level 1: CLIENT -> SERVER: AAAnAAAACAAAAAAAAAAAAAAAAAAAAAAAbWltZXR5cGVQSwECFAAUAAAIAAAEZEFbAAAAAAAAAAAA

Debug level 1: CLIENT -> SERVER: AAAAGgAAAAAAAAAAAAAAAABNAAAAQ29uZmlndXJhdGlvbnMyL3N0YXR1c2Jhci9QSwECFAAUAAgI

Debug level 1: CLIENT -> SERVER: CAAEZEFbAAAAAAIAAAAAAAAAJwAAAAAAAAAAAAAAAACFAAAAQ29uZmlndXJhdGlvbnMyL2FjY2Vs

Debug level 1: CLIENT -> SERVER: ZXJhdG9yL2N1cnJlbnQueG1sUEsBAhQAFAAACAAABGRBWwAAAAAAAAAAAAAAABgAAAAAAAAAAAAA

Debug level 1: CLIENT -> SERVER: AAAA3AAAAENvbmZpZ3VyYXRpb25zMi9mbG9hdGVyL1BLAQIUABQAAAgAAARkQVsAAAAAAAAAAAAA

Debug level 1: CLIENT -> SERVER: AAAaAAAAAAAAAAAAAAAAABIBAABDb25maWd1cmF0aW9uczIvcG9wdXBtZW51L1BLAQIUABQAAAgA

Debug level 1: CLIENT -> SERVER: AARkQVsAAAAAAAAAAAAAAAAcAAAAAAAAAAAAAAAAAEoBAABDb25maWd1cmF0aW9uczIvcHJvZ3Jl

Debug level 1: CLIENT -> SERVER: c3NiYXIvUEsBAhQAFAAACAAABGRBWwAAAAAAAAAAAAAAABgAAAAAAAAAAAAAAAAAhAEAAENvbmZp

Debug level 1: CLIENT -> SERVER: Z3VyYXRpb25zMi9tZW51YmFyL1BLAQIUABQAAAgAAARkQVsAAAAAAAAAAAAAAAAYAAAAAAAAAAAA

Debug level 1: CLIENT -> SERVER: AAAAALoBAABDb25maWd1cmF0aW9uczIvdG9vbGJhci9QSwECFAAUAAAIAAAEZEFbAAAAAAAAAAAA

Debug level 1: CLIENT -> SERVER: AAAAHwAAAAAAAAAAAAAAAADwAQAAQ29uZmlndXJhdGlvbnMyL2ltYWdlcy9CaXRtYXBzL1BLAQIU

Debug level 1: CLIENT -> SERVER: ABQACAgIAARkQVui0KkXNAUAAHEUAAALAAAAAAAAAAAAAAAAAC0CAABjb250ZW50LnhtbFBLAQIU

Debug level 1: CLIENT -> SERVER: ABQACAgIAARkQVsnqI4WkAsAAFpWAAAKAAAAAAAAAAAAAAAAAJoHAABzdHlsZXMueG1sUEsBAhQA

Debug level 1: CLIENT -> SERVER: FAAACAAABGRBWyoJPl78AwAA/AMAAAgAAAAAAAAAAAAAAAAAYhMAAG1ldGEueG1sUEsBAhQAFAAI

Debug level 1: CLIENT -> SERVER: CAgABGRBWySDSR+vCwAABg4AABgAAAAAAAAAAAAAAAAAhBcAAFRodW1ibmFpbHMvdGh1bWJuYWls

Debug level 1: CLIENT -> SERVER: LnBuZ1BLAQIUABQACAgIAARkQVu9MxgR/gQAAJ0fAAAMAAAAAAAAAAAAAAAAAHkjAABzZXR0aW5n

Debug level 1: CLIENT -> SERVER: cy54bWxQSwECFAAUAAgICAAEZEFbZYJI2kQBAABhBwAAFQAAAAAAAAAAAAAAAACxKAAATUVUQS1J

Debug level 1: CLIENT -> SERVER: TkYvbWFuaWZlc3QueG1sUEsFBgAAAAAPAA8A7gMAADgqAAAAAA==

Debug level 1: CLIENT -> SERVER: 

Debug level 1: CLIENT -> SERVER: --b1=_LghYQfEUaLXEu8FsxLfTSKEYs2cj2Vc0buDpkPXfw--

Debug level 1: CLIENT -> SERVER: 

Debug level 1: CLIENT -> SERVER: .

Debug level 2: SERVER -> CLIENT: 250 2.0.0 Ok: queued as D03B18026C2

Debug level 1: CLIENT -> SERVER: QUIT

Debug level 2: SERVER -> CLIENT: 221 2.0.0 Bye

