Debug level 2: SERVER -> CLIENT: 220 smtp-sp217-128.kinghost.net ESMTP

Debug level 1: CLIENT -> SERVER: EHLO localhost

Debug level 2: SERVER -> CLIENT: 250-smtp-sp217-128.kinghost.net
250-PIPELINING
250-SIZE 62914560
250-VRFY
250-ETRN
250-STARTTLS
250-AUTH PLAIN LOGIN
250-AUTH=PLAIN LOGIN
250-ENHANCEDSTATUSCODES
250-8BITMIME
250-DSN
250 CHUNKING

Debug level 1: CLIENT -> SERVER: AUTH LOGIN

Debug level 2: SERVER -> CLIENT: 334 VXNlcm5hbWU6

Debug level 1: CLIENT -> SERVER: [credentials hidden]
Debug level 2: SERVER -> CLIENT: 334 UGFzc3dvcmQ6

Debug level 1: CLIENT -> SERVER: [credentials hidden]
Debug level 2: SERVER -> CLIENT: 235 2.7.0 Authentication successful

Debug level 1: CLIENT -> SERVER: MAIL FROM:<ourodosul@ourodosul.com.br>

Debug level 2: SERVER -> CLIENT: 250 2.1.0 Ok

Debug level 1: CLIENT -> SERVER: RCPT TO:<guilhermechiessalvi@gmail.com>

Debug level 2: SERVER -> CLIENT: 250 2.1.5 Ok

Debug level 1: CLIENT -> SERVER: DATA

Debug level 2: SERVER -> CLIENT: 354 End data with <CR><LF>.<CR><LF>

Debug level 1: CLIENT -> SERVER: Date: Thu, 2 Oct 2025 15:49:49 +0200

Debug level 1: CLIENT -> SERVER: To: guilhermechiessalvi@gmail.com

Debug level 1: CLIENT -> SERVER: From: ourodosul@ourodosul.com.br

Debug level 1: CLIENT -> SERVER: Subject: =?iso-8859-1?Q?Atualiza=C3=A7=C3=A3o_de_Cadastro?=

Debug level 1: CLIENT -> SERVER: Message-ID: <INHJ7ns7nMdrWxF8ajO40GgUaj2r9r4A0CRjbrxDcNE@localhost>

Debug level 1: CLIENT -> SERVER: X-Mailer: PHPMailer 6.10.0 (https://github.com/PHPMailer/PHPMailer)

Debug level 1: CLIENT -> SERVER: MIME-Version: 1.0

Debug level 1: CLIENT -> SERVER: Content-Type: multipart/mixed;

Debug level 1: CLIENT -> SERVER:  boundary="b1=_INHJ7ns7nMdrWxF8ajO40GgUaj2r9r4A0CRjbrxDcNE"

Debug level 1: CLIENT -> SERVER: Content-Transfer-Encoding: 8bit

Debug level 1: CLIENT -> SERVER: 

Debug level 1: CLIENT -> SERVER: --b1=_INHJ7ns7nMdrWxF8ajO40GgUaj2r9r4A0CRjbrxDcNE

Debug level 1: CLIENT -> SERVER: Content-Type: multipart/alternative;

Debug level 1: CLIENT -> SERVER:  boundary="b2=_INHJ7ns7nMdrWxF8ajO40GgUaj2r9r4A0CRjbrxDcNE"

Debug level 1: CLIENT -> SERVER: 

Debug level 1: CLIENT -> SERVER: --b2=_INHJ7ns7nMdrWxF8ajO40GgUaj2r9r4A0CRjbrxDcNE

Debug level 1: CLIENT -> SERVER: Content-Type: text/plain; charset=iso-8859-1

Debug level 1: CLIENT -> SERVER: Content-Transfer-Encoding: 8bit

Debug level 1: CLIENT -> SERVER: 

Debug level 1: CLIENT -> SERVER: (Sem conteúdo)

Debug level 1: CLIENT -> SERVER: 

Debug level 1: CLIENT -> SERVER: --b2=_INHJ7ns7nMdrWxF8ajO40GgUaj2r9r4A0CRjbrxDcNE

Debug level 1: CLIENT -> SERVER: Content-Type: text/html; charset=iso-8859-1

Debug level 1: CLIENT -> SERVER: Content-Transfer-Encoding: 8bit

Debug level 1: CLIENT -> SERVER: 

Debug level 1: CLIENT -> SERVER: <p>(Sem conteúdo)</p>

Debug level 1: CLIENT -> SERVER: 

Debug level 1: CLIENT -> SERVER: 

Debug level 1: CLIENT -> SERVER: --b2=_INHJ7ns7nMdrWxF8ajO40GgUaj2r9r4A0CRjbrxDcNE--

Debug level 1: CLIENT -> SERVER: 

Debug level 1: CLIENT -> SERVER: --b1=_INHJ7ns7nMdrWxF8ajO40GgUaj2r9r4A0CRjbrxDcNE

Debug level 1: CLIENT -> SERVER: Content-Type: application/octet-stream; name="13113  .0 ABEL FERRANTI.odt"

Debug level 1: CLIENT -> SERVER: Content-Transfer-Encoding: base64

Debug level 1: CLIENT -> SERVER: Content-Disposition: attachment; filename="13113  .0 ABEL FERRANTI.odt"

Debug level 1: CLIENT -> SERVER: 

Debug level 1: CLIENT -> SERVER: UEsDBBQAAAgAADJuQltexjIMJwAAACcAAAAIAAAAbWltZXR5cGVhcHBsaWNhdGlvbi92bmQub2Fz

Debug level 1: CLIENT -> SERVER: aXMub3BlbmRvY3VtZW50LnRleHRQSwMEFAAACAAAMm5CWwAAAAAAAAAAAAAAABoAAABDb25maWd1

Debug level 1: CLIENT -> SERVER: cmF0aW9uczIvc3RhdHVzYmFyL1BLAwQUAAgICAAybkJbAAAAAAAAAAAAAAAAJwAAAENvbmZpZ3Vy

Debug level 1: CLIENT -> SERVER: YXRpb25zMi9hY2NlbGVyYXRvci9jdXJyZW50LnhtbAMAUEsHCAAAAAACAAAAAAAAAFBLAwQUAAAI

Debug level 1: CLIENT -> SERVER: AAAybkJbAAAAAAAAAAAAAAAAGAAAAENvbmZpZ3VyYXRpb25zMi9mbG9hdGVyL1BLAwQUAAAIAAAy

Debug level 1: CLIENT -> SERVER: bkJbAAAAAAAAAAAAAAAAGgAAAENvbmZpZ3VyYXRpb25zMi9wb3B1cG1lbnUvUEsDBBQAAAgAADJu

Debug level 1: CLIENT -> SERVER: QlsAAAAAAAAAAAAAAAAcAAAAQ29uZmlndXJhdGlvbnMyL3Byb2dyZXNzYmFyL1BLAwQUAAAIAAAy

Debug level 1: CLIENT -> SERVER: bkJbAAAAAAAAAAAAAAAAGAAAAENvbmZpZ3VyYXRpb25zMi9tZW51YmFyL1BLAwQUAAAIAAAybkJb

Debug level 1: CLIENT -> SERVER: AAAAAAAAAAAAAAAAGAAAAENvbmZpZ3VyYXRpb25zMi90b29sYmFyL1BLAwQUAAAIAAAybkJbAAAA

Debug level 1: CLIENT -> SERVER: AAAAAAAAAAAAHwAAAENvbmZpZ3VyYXRpb25zMi9pbWFnZXMvQml0bWFwcy9QSwMEFAAICAgAMm5C

Debug level 1: CLIENT -> SERVER: WwAAAAAAAAAAAAAAAAsAAABjb250ZW50LnhtbL1YTW7cNhTe9xSsAhTtQkPLboFY9YzhJE4RwHaN

Debug level 1: CLIENT -> SERVER: zATtlpaoEVGKVEhqZpxV79ATdBX0AD2Bb9KT9JGSaMkzcjRxEC9sie977318f6R8cropOFpRpZkU

Debug level 1: CLIENT -> SERVER: 0yCaHASIikSmTCynwbvF6/B5cDr75kRmGUtonMqkKqgwYSKFgb8ItIWOa+k0qJSIJdFMx4IUVMcm

Debug level 1: CLIENT -> SERVER: iWVJRasVd9Gx81WvaHPLR6s7cFfb0I0Zq2yxPV1yM96zA3e1U0XWY5UtFoLaVc/kWOWN5mEmIepF

Debug level 1: CLIENT -> SERVER: SQx7wGLDmfhjGuTGlDHG6/V6sj6aSLXE0fHxMXZSTzjxuLJS3KHSBFNOrTONo0mEW2xBDRnLz2K7

Debug level 1: CLIENT -> SERVER: lERV3FA1OjTEkK2s6tVydEWslgOhSXKiRteGA/fTe5SOT+9R2tUtiMkHcvIcX4LQ/bq8uK8FVYz1

Debug level 1: CLIENT -> SERVER: ZbG9UCWKlaO3WaO7+lJKT9Uq1A3q6B4eHPyI6/cOev0ofK2YoaoDTx6FJ4QnPuKy2BU0wEUYECFd

Debug level 1: CLIENT -> SERVER: 2TL1hW8DoQcUDnEt9mCdDpr+/fJinuS0IPdg9mlwyIQ2RNxHRtkkDO70J6xoKZXxgcnGD0zI1qH3

Debug level 1: CLIENT -> SERVER: kmbEuwGknjgLoVV0vroWsO1MbFWe+UpjlLdl7Uk2/ummpIpZRcJt5sJCwy4hm7KMO9p18TSancPj

Debug level 1: CLIENT -> SERVER: MJi1J0VdZRr7hQxOjDAjCQ1TmnA9O6k73i+j+t3ymAYLksuCRAGC1m4hBeO3rSTAj+u/JJzdKLbL

Debug level 1: CLIENT -> SERVER: QCMKUE/fysIlFbB7qFa9ZlqP9PGZLhTsQvQQJTMJjIwVUcyeMyPdowu2zM2ujX5HSql/7sHqpa/I

Debug level 1: CLIENT -> SERVER: 64vRqjPyBFoXVcJSguZEaPROMLjh0EFyO7BjKN5qQ4uncLyco1+kyVkyyMwjvgqfptcGm/Dp3vHQ

Debug level 1: CLIENT -> SERVER: cGjWSWXAkWFJ6Oz4qeF+97heR95XQ7IkiiwVKfNWAAv26upewlprDvM7JSptIQXcQ6gKS7LcQrSu

Debug level 1: CLIENT -> SERVER: vdmwhKlIlWFUewdWrbn6WOpuix3Gw/QXW/TtTdU7tS9df5mME8kluHl24H5abQeUlYFLH1jNCNe0

Debug level 1: CLIENT -> SERVER: J7LrocmVrJZ52Fy7hRS0l6iHMxS8uXXNPsB6FJWms9baUAXhbtn50TlJ7TWha9sJKpFS5Vj0vLfm

Debug level 1: CLIENT -> SERVER: 1tQOhHt7D1iFcNIR0Zvv9wBLrwXUJLtCl/VGusN67fgRgHNvb5mcbh4j4CEDFLx8mMQAxMWPFmVO

Debug level 1: CLIENT -> SERVER: 6kRsxVaudoV2F6ApHufUPW9XKh5swUZwI9Nb/2LNz07c15Wm7yv4hPStvL2I3FLKdMnJbVutIYfL

Debug level 1: CLIENT -> SERVER: HZ8GUMpOXBfhG84rbRT4l8JyfJKxRTt2nmbFNuZTjbyqvwZd2IejVtYq3YkFc272QhYoZeRbdPa+

Debug level 1: CLIENT -> SERVER: YujuHwSH1a+VkiiVaF7xCbqGE6uQGsFXur2dEYXg4omIRZ82/sphF52R52Tw2YsHHqOjKDpCTSjw

Debug level 1: CLIENT -> SERVER: bHLQPpdEbBuGITc7e3F+gV6fv317drV40+4d0LN9eJ3DvdvuD8a5gjWJaGH3aoiRyM5nREwFDfoB

Debug level 1: CLIENT -> SERVER: Nq5phRKSwlxXsg6MRWYMGssJNQQvBVOnaB8CV7Kg8V4aL69fo//+/GsvnVfwXYyA8BXRibuUy3iv

Debug level 1: CLIENT -> SERVER: KBWEcfR9afesqbKWMsZz+UOMutncw+KCcgozg/YNfOpxAdn5LSdGk7I83UvzM2me2zOG3n2U+6Wo

Debug level 1: CLIENT -> SERVER: 7ZrKNgzVmvqagsiZZut1fZVEu66C27K8+3j3LxzJtoh0BQd0QVViS2qvTpt3yhR8m7u/IWUFgvQ3

Debug level 1: CLIENT -> SERVER: NSB8DSB4gW875WgllFecqMkevvCXw+De9Me9gwEP/Mtw9j9QSwcIKnWbACYFAABzFAAAUEsDBBQA

Debug level 1: CLIENT -> SERVER: CAgIADJuQlsAAAAAAAAAAAAAAAAKAAAAc3R5bGVzLnhtbN1cX5OjuBF/z6dweSt5wwb839nZq2Rz

Debug level 1: CLIENT -> SERVER: l6Rqt5Lc7D5fySDb5DCihBiP7+vkIU/5FPvF0pIQCBCY8Z/xrG+qts7qltT961ar1Qje//C8C3tP

Debug level 1: CLIENT -> SERVER: mCYBiR76zsDu93DkET+INg/9r19+sub9Hz787j1ZrwMPL33ipTscMSthhxAnPegcJUtJfOinNFoS

Debug level 1: CLIENT -> SERVER: lATJMkI7nCyZtyQxjlSnpc69FFPJFjFY1+6CWe/N8DPr2pnzlvqiVfeZBbPe26do37Uz5wVM9e5r

Debug level 1: CLIENT -> SERVER: 0rXzcxJaa2J5ZBcjFlSkeA6D6NeH/paxeDkc7vf7wX40IHQzdBaLxVBQc4G9nC9OaSi4fG+IQ8wn

Debug level 1: CLIENT -> SERVER: S4bOwBkq3h1mqKt8nFcXKUp3K0w7Q4MYqlk1edp09oinTQM03hbRzr4hmMvmHfndzTvy9b47xLYN

Debug level 1: CLIENT -> SERVER: NpkPPwNR/PP5U+ELdNd1Ls5bgsqjQdxZTcmt9yeE5KLyDnKBCnFd2x4P5W+Ne9/KvqcBw1Rj91rZ

Debug level 1: CLIENT -> SERVER: PRR6OeJkZwIN+JwhcFj4ibup4qZc6caRJ0OKY0JZLsi6e4ACdNx8Fn+N8mmAMxmIESzeUcyljzDk

Debug level 1: CLIENT -> SERVER: K2HIu7zr97JApwVXt/9BRdI1gSi6Rh62fOyFyYf3cgXkzT35m8v50P+CtmSHnH4PXF2x7ILwoCj9

Debug level 1: CLIENT -> SERVER: YXv/jygMVjQwDZCR+r1Sf06zNjjCNADrJfsgSTrOceIUFLSIShxxwDxYQk+IBjzudpy+9ynYbJlJ

Debug level 1: CLIENT -> SERVER: 0T+gmCR/LLHJpleU62JiSYucIdan1At81HtEUdL7GgWw4eNG4Qy8XUQ8JAzvzpHx82Pvr4RtA69R

Debug level 1: CLIENT -> SERVER: spzjVeTJ1lrjIjx/9mFTcMjaZdalpPTxGqVhloupkTORNhTFHDnFm/22YgrhirIAcjeekSyTLfLJ

Debug level 1: CLIENT -> SERVER: 3oLxE8ys54e+PRh5IKeBeKgQGWyXFmQX2Epi5EFuY20JDX4D0VHIWd15K/MTF8Ors0Iw7TpqjdUw

Debug level 1: CLIENT -> SERVER: ZgZLCHrsA7a1ZLa4RmGi2TtGFAmEdHzWZCkG32K+KCF82/Pfq/H4KBZKGeEzg2sEPiZyABTG29wV

Debug level 1: CLIENT -> SERVER: RP8VxQjys4SBIzBF4Zskl3gHi+mhH1KLrUrOEUQ+5vsKz7V1FZXoSnLIScH+JE649zQrk7NzuTUd

Debug level 1: CLIENT -> SERVER: ZWuaYAAn4rYWk3skJJC9MZpCUAAYRGMS/AaSOk7MRFuIok2KNtCUNXgkjRgFJ/nzz7n6mEEmYP2K

Debug level 1: CLIENT -> SERVER: aSRElwNqWvIxLdhNUaRGzjpmgysazkNwNosifH2sj8dTwRA/N4yYUxGtjpmTHv/UL+AsrbIuSy/H

Debug level 1: CLIENT -> SERVER: v3/MvXaIboLIAvOBw3JnLdpWhDGeDHE/djOSwRuhdXuItziC3JdEVoh8HwAXCj30IwKuswvYC502

Debug level 1: CLIENT -> SERVER: TiOPpXLAPZAh+QHwwIDHvVp5o+UHsOIjPgkkPROnWIhlv4/BIsUqPME5NdtXspBrui2fSnmgeSO9

Debug level 1: CLIENT -> SERVER: nouLuXNPNew8l1sDundhFXiqLkfxDoG/8sOT8ju3xhSnybbCcsYCE+dwPQKGWHcbeUxfEcqXAvcz

Debug level 1: CLIENT -> SERVER: 2A7AaUIUJ9yJz53YomRfmRxaKiv7V4xjWNcbzLb8HMwX3bGJ9QmlLz/CEvIR9fuNAUYZL0RJAuLB

Debug level 1: CLIENT -> SERVER: +jkacwiFpR4lykr7ABaW/NW8MZ2xQguljyj7JWAhPqopNOTVJ8uMUsRl1Bm+QMMvrv3LiviHUxAr

Debug level 1: CLIENT -> SERVER: RenB2B01RWpn7JgjtS0jtXAKkYREIglB4R4dkmPo1oObOkuUQ5w7VyFOhq88YbDsge3MixD8ovCm

Debug level 1: CLIENT -> SERVER: 5+DmoCbnPT1Cif7d3cRgTNhs4hAdNHP3dPI5znSynzTu5g7fzTur+5iu2C0WBsTqmBdxjuksU4ow

Debug level 1: CLIENT -> SERVER: 2IAjeCAAzjeUf6cJC9YHi8dcmHEP4biWdlcdXmzHIna8myz4X20bHzf4OLi4O80wl/x8Akhx4NTQ

Debug level 1: CLIENT -> SERVER: 4rtyPJ0o4MmoTZ2LzdXcPadnA3S29ifImk6xdIshQz5kxwBTXbROd8k/grvARn/BJQeiUvTC2CwX

Debug level 1: CLIENT -> SERVER: V8u664n6v6xOi2NVkqc1giLitipe262OqnulG7MXe577Qs8zG6jFN80TnOybf4ez6PMF7RuI8Vrt

Debug level 1: CLIENT -> SERVER: eyFjXc7L/4YRfy7Gl5pj3nwyjp7zagFb5ZIkZQKQED/xhNc5ewcbTEeT45nOS3MaLcS768l4MW0+

Debug level 1: CLIENT -> SERVER: w+Wl3EqeY1cdW09GjMQi17Bfkmto5nbbze3e2tzu+eYu6gxvytzOtMXcZmIRA6cnmnvUbu7Rrc09

Debug level 1: CLIENT -> SERVER: +n7MbUrgOmdj9WzrFGuO2605vrU1x+dbszBZzZr27BrWbE5yjmXQ56Uhmlkn7Wad3Nqsk+/GrKeg

Debug level 1: CLIENT -> SERVER: P21Hf3pr9Kfno19AXEX/fORr59s3sKBm7Sad3dqks+/CpKcgP29Hfn5r5OdnI3811N0Z/3tbC2nR

Debug level 1: CLIENT -> SERVER: bs7Frc25ePPm7Iz6v1LCzquOXixtLkhXq4qObf73BpydVyq5s/2zinTZ4zlbr8ZzTTOFeM3EQ+dZ

Debug level 1: CLIENT -> SERVER: 2UxUPouxdQsF4npF1ihH5w/qrBIxN07XMhnDUYI5NiXXLOOScfVezXsVLBN3bMTFQDleBSpIJzn8

Debug level 1: CLIENT -> SERVER: KXbgfWLk8zCa6aQsqlorhlbNmTajyahCKNQpaNmzYzlBRCKst2YTVJtVgsGftPUSEgZ+Tz81ZVxa

Debug level 1: CLIENT -> SERVER: /m5g/K5OYn+Re0spCvAfP8HYZq/PehQBoafz5g/Z+WY0bJ73y7f/sTQkogjL//m4LW4xVJ4ESs6e

Debug level 1: CLIENT -> SERVER: 09N5SvPcQ5lSA8TtBoh7C0Ber5CnATLqBsjoIoDcqtSl6Tvupu/4svreKgRpik+6KT65hOKnyDft

Debug level 1: CLIENT -> SERVER: Jt/0LPneTFFBU3zWTfHZJRQ/Rb55N/nm5znOWzmkaoovuim+uITip8h3XLQXC/bSLfxiN6pa70ud

Debug level 1: CLIENT -> SERVER: cx2K3w/qAlnBd9kA0/FWzmvsgh9hLXz777f/HEEiZzsLiDdzENfOmz/u4i1/M639yFnl+m43/5K9

Debug level 1: CLIENT -> SERVER: pXaoq+kz9vvIgjQX+BmvMcWRd6TsUGPrqrsQV7ywxI/kyQ6FoeWhOOk3AGMICPZCv6a3z+7Irkjo

Debug level 1: CLIENT -> SERVER: lzCRBAVaEznHTDB0Ruwfn36sat7hfSlx6QhF3pbAaf8Q43Kl5mmzfFYlDPj/Q6mcIV+jkCUD2aLe

Debug level 1: CLIENT -> SERVER: VLJiwguwJK4RKK/U1mpBxctQsme52qJRK91r2AhtVF3YAJGk9CuMooCcsctLWJXrRlG6s/j7yQiM

Debug level 1: CLIENT -> SERVER: moPJLyFmXat46iSSBOJtART5wmWwuoSOVkAW5SX+jq1p2ApLNrZoXJMwJHvsW6uDvA7J0KqvTZ6/

Debug level 1: CLIENT -> SERVER: s6Lm5246m7qmSqGlU0qlNUUocDYqDdQmPDsi7d4V0g4kUlMj0jqlUsSUhKsjPbozpPOSeBXoaq28

Debug level 1: CLIENT -> SERVER: VEO/OszjO4O5KKRXca6V2MtV+asjPbkzpGezeQPSBaWCtCRcHenpXSHtDuyReTvUKSWkFeHqSM/u

Debug level 1: CLIENT -> SERVER: DGl3bt4OdUoFaUm4OtLzO0N6Yg7TGqGC8+RVgvTizmCeLZpwLigVoCXh6kg79l1BPRrYY/N+qFNK

Debug level 1: CLIENT -> SERVER: UCvCOVCXSTr+EWE4gSN6tA42KRUvgvdygpVdPVoTwiLtEoRuCifTWH485AmFKeYv+shG1THRIBCf

Debug level 1: CLIENT -> SERVER: E9D7yLeD+GN+Pp76SBPXt7uEOPKbBAzMAqrhOSKFBKZpGt9tkp9cEe8bLxZFHcGETjZIgQK3bUYL

Debug level 1: CLIENT -> SERVER: Io+KT7vx5E/7vowYrfisDL9tAWMGnqUIcjqOJ3jpAaxbKg58jndO38BUqRYJyj7w+ZfQXHuwWKjS

Debug level 1: CLIENT -> SERVER: jyCo16PdxWDaomM2CUDILEID0AVlxiaUURSw2p0VV2FWv7NiIGUrwXgrRvuATMv3WjLdNzTw1avv

Debug level 1: CLIENT -> SERVER: 7zyb/5k4MmO745ntmOgrlBTY5K+b1/loujoUfGYeKaxedqqNAMGGf84t8706kwC+hZ4VGCscanFa

Debug level 1: CLIENT -> SERVER: O/RcErL4wFLGkOBYISwdpfJoRX1IBAQFpxD84mK87Rh40FpUGw0syOcXkeRKkOtDtlMIZMpDJ/nX

Debug level 1: CLIENT -> SERVER: fZQVbfGfFh7Nvq6U2mLE7/iIH0NdU62xPlCxKuvLMCPsUJKPkc+WNfKRyo+EKhdFdZm15atFg8rw

Debug level 1: CLIENT -> SERVER: Q/O3Pj/8H1BLBwhUgw6NeQsAACtUAABQSwMEFAAACAAAMm5CW+QMHQ/8AwAA/AMAAAgAAABtZXRh

Debug level 1: CLIENT -> SERVER: LnhtbDw/eG1sIHZlcnNpb249IjEuMCIgZW5jb2Rpbmc9IlVURi04Ij8+CjxvZmZpY2U6ZG9jdW1l

Debug level 1: CLIENT -> SERVER: bnQtbWV0YSB4bWxuczpvZmZpY2U9InVybjpvYXNpczpuYW1lczp0YzpvcGVuZG9jdW1lbnQ6eG1s

Debug level 1: CLIENT -> SERVER: bnM6b2ZmaWNlOjEuMCIgeG1sbnM6eGxpbms9Imh0dHA6Ly93d3cudzMub3JnLzE5OTkveGxpbmsi

Debug level 1: CLIENT -> SERVER: IHhtbG5zOmRjPSJodHRwOi8vcHVybC5vcmcvZGMvZWxlbWVudHMvMS4xLyIgeG1sbnM6bWV0YT0i

Debug level 1: CLIENT -> SERVER: dXJuOm9hc2lzOm5hbWVzOnRjOm9wZW5kb2N1bWVudDp4bWxuczptZXRhOjEuMCIgeG1sbnM6b29v

Debug level 1: CLIENT -> SERVER: PSJodHRwOi8vb3Blbm9mZmljZS5vcmcvMjAwNC9vZmZpY2UiIG9mZmljZTp2ZXJzaW9uPSIxLjIi

Debug level 1: CLIENT -> SERVER: PjxvZmZpY2U6bWV0YT48bWV0YTppbml0aWFsLWNyZWF0b3I+ZWxpc2V1PC9tZXRhOmluaXRpYWwt

Debug level 1: CLIENT -> SERVER: Y3JlYXRvcj48bWV0YTplZGl0aW5nLWN5Y2xlcz4yPC9tZXRhOmVkaXRpbmctY3ljbGVzPjxtZXRh

Debug level 1: CLIENT -> SERVER: OmNyZWF0aW9uLWRhdGU+MjAyNS0wOS0yOVQxMjoyNTowMDwvbWV0YTpjcmVhdGlvbi1kYXRlPjxk

Debug level 1: CLIENT -> SERVER: YzpkYXRlPjIwMjUtMTAtMDJUMTA6NDk6MzcuNTE8L2RjOmRhdGU+PG1ldGE6ZWRpdGluZy1kdXJh

Debug level 1: CLIENT -> SERVER: dGlvbj5QVDAwSDAwTTAwUzwvbWV0YTplZGl0aW5nLWR1cmF0aW9uPjxtZXRhOmdlbmVyYXRvcj5C

Debug level 1: CLIENT -> SERVER: ck9mZmljZS5vcmcvMy4xJFdpbjMyIE9wZW5PZmZpY2Uub3JnX3Byb2plY3QvMzEwbTExJEJ1aWxk

Debug level 1: CLIENT -> SERVER: LTkzOTk8L21ldGE6Z2VuZXJhdG9yPjxtZXRhOmRvY3VtZW50LXN0YXRpc3RpYyBtZXRhOnRhYmxl

Debug level 1: CLIENT -> SERVER: LWNvdW50PSIwIiBtZXRhOmltYWdlLWNvdW50PSIwIiBtZXRhOm9iamVjdC1jb3VudD0iMCIgbWV0

Debug level 1: CLIENT -> SERVER: YTpwYWdlLWNvdW50PSIxIiBtZXRhOnBhcmFncmFwaC1jb3VudD0iMTEiIG1ldGE6d29yZC1jb3Vu

Debug level 1: CLIENT -> SERVER: dD0iNjgiIG1ldGE6Y2hhcmFjdGVyLWNvdW50PSI0MTQiLz48bWV0YTp0ZW1wbGF0ZSB4bGluazp0

Debug level 1: CLIENT -> SERVER: eXBlPSJzaW1wbGUiIHhsaW5rOmFjdHVhdGU9Im9uUmVxdWVzdCIgeGxpbms6dGl0bGU9Ik5vcm1h

Debug level 1: CLIENT -> SERVER: bCIgeGxpbms6aHJlZj0iIi8+PC9vZmZpY2U6bWV0YT48L29mZmljZTpkb2N1bWVudC1tZXRhPlBL

Debug level 1: CLIENT -> SERVER: AwQUAAgICAAybkJbAAAAAAAAAAAAAAAAGAAAAFRodW1ibmFpbHMvdGh1bWJuYWlsLnBuZ+2XeTQU

Debug level 1: CLIENT -> SERVER: jhbH9fpRSVEJ2UtI9vzsfpZUFEOZ7Ma+ZBtJM2MJhUpk+SUmjCUa6jeWNAZjGKGaGEbWMbbBGGRM

Debug level 1: CLIENT -> SERVER: Y+yDMa9zfue893vvv3fef++8v+4993vO/efe8/ne++ymndUxQUlBPj6+Y9etrzj8jBg+vgN8hwV+

Debug level 1: CLIENT -> SERVER: ZhsK+uM/6/7Xr1jcjkYwi4xfjFuLXZVTiFWxlkyjHE6yY3r3aPtEHmJ2XUT3RI6XdU4Lxh46FcA3

Debug level 1: CLIENT -> SERVER: elSZZ116QxLw8hfHSSMrmXOmHP7a0bmMrUu8JipLoPSTXFscH5+Z1JVj9+RDsg/eSpZOlZwzH5I/

Debug level 1: CLIENT -> SERVER: VCZgKKL79dFbi+P/gUSwKytmNRJQlGCtIDRg0J9kiK5Bk5a1+hpxbbO88x1cPEt4jck2xd5cmCdu

Debug level 1: CLIENT -> SERVER: 4s/wlvqaa9a2wDCvC55rSD/c699wj6NsNhY4snZK1PfuG47du3H61KiwII1hPzSKXSEGj0y5nLA3

Debug level 1: CLIENT -> SERVER: E3JHfwjTG4rwYxkXdz7f0/WCpR10Xdo+h7cdDH6XuFYbr0HjNYHPUKXHbWjshafxU21Zn/ElQ0AR

Debug level 1: CLIENT -> SERVER: +h04Ef2bCSInFXe+pZR9IcWlg9MYhrenoc3wAXWHTniESffpCc1MSahiXWDHc2nuoFeW3O8oTZ63

Debug level 1: CLIENT -> SERVER: cnpjsmyUF7ZF3PXbpPqFgNVzmYo6hHJybgQdimHPshCtqbX4PqCkz7Jai3SyXeWbcRWScgOEDSGR

Debug level 1: CLIENT -> SERVER: 0tk7d/QQYbEto59J+/YqDOJz5bilINxjrMtQ3AOBvPkItKZOplVUpdbWr/ht4XbDX7gy0JMQ2OLT

Debug level 1: CLIENT -> SERVER: s3Jb+xkek2u+jIFbcM/Qrpkuh36OaV8RTyvOaD0eC7ehG3GAiYbCT7k5uaug1gYVFi/zarPPsIfX

Debug level 1: CLIENT -> SERVER: lyFhvZd6ISWW+TeKOpcmyO+ieiDNRnAwMBCPG1TZp1bKLAzA8nfvjtoK49sPcewmZe5Te3i6+nQs

Debug level 1: CLIENT -> SERVER: T9I09e2BBOk/R0sbTI1NeNBiv29VqCo2vdGfVHI3rGaj/9aKWQ/YOdE0RS6f4mSSD2obo3PaSe38

Debug level 1: CLIENT -> SERVER: +WlM/XypPQ5t+EsQdcTwJdFpev3OuylRwGnx6qviMid5CqILs+KrwVcmZbIoq0dNPeT6sjbAzQ0u

Debug level 1: CLIENT -> SERVER: woS5Wkd3bTg3S5Os6FPhW2MUs5ktfLk9uMGtryTLOSj+7lGcv3pHLX0wdSzRRDYNAp9IwUfOPfly

Debug level 1: CLIENT -> SERVER: kXG8fRMF9aqb3bOK8pJu9VXV25yddRDDsYIjtyXd69wp+Suq2yZlT+wP/rm2dX7mg6KJLo/vpn4f

Debug level 1: CLIENT -> SERVER: +RQ797ECbmGhGH2hSVRZakfk01xiE5LvmXRK/ZHAAvIBK6rgpYvcyocV9/ZivfvnxkqRyAdCfxRE

Debug level 1: CLIENT -> SERVER: bN0BN4kWORxE4M9kDyHlUWBsUMzeOzCYOiZfFXPaw3H+zO6GH8DCbR87hO+U7pCuTUBUGrw1eKLH

Debug level 1: CLIENT -> SERVER: x3j6pdFkHIrQnCqHSbhg1pQhCQYks+fB9UQJ24NwWSchLbek5Lzp17MOKfqktgP4KTL7zoLEyyEB

Debug level 1: CLIENT -> SERVER: ZU5O3TGDi8yxdPnyoTakfrU0fCfvai5BqrrprrqALXJ1ULS76IfP8T4/SS+JLQfNJ4+k57/HZgGe

Debug level 1: CLIENT -> SERVER: aCMfvokzLhapum+EZBO2q17Xl6h/VOG9r2p3BB7fWX2s6ZNmcfOsvFqWXlszdo0pzYiJlgUe+WgU

Debug level 1: CLIENT -> SERVER: H/HAMkTV3eg7pYaAbbEqQqZ2bSkufsw8AADwWUZXNgO8gae8RXlTAmquRy6FLIUn5//RqzVkNFwR

Debug level 1: CLIENT -> SERVER: mvxcjQKbXIrG95GqD6Y3B16BPLCwtjGzKQynXOqd0RqqOx5eZ1D8Op9wb0Jz0K3XmN8vV1sI0Ebc

Debug level 1: CLIENT -> SERVER: yMPH3Ocu0XdpqgG42FaZoMaQ6XgB5EpR8+XpbMF/smcTs25nKFznYt8feCPPQTyHc3j9USOaqgwR

Debug level 1: CLIENT -> SERVER: Wmb/zVSMoULnZLSTjbeGIXzRqruusfGNXeK2yvH2KcJ7Htt2fyXWKGCocZwpq/D5Rg0VmKY1jkrc

Debug level 1: CLIENT -> SERVER: NlmeBxLg3nHSbaOW3UybpOKFXQQZOx6kVkqqyfM0WXraW/3DXPrEnu2/dTJjb2JSyAVzMemq8oDx

Debug level 1: CLIENT -> SERVER: VDz2um18i5tLH6ewC6sd+auS4UzFAwdoxgCRUsNIcUY3S5kDGsIVdlpMQK70tsLl1b0wYQKw+16C

Debug level 1: CLIENT -> SERVER: omHjssjHG9Yl8En11mgxHviFl01SaE4YLm3xKDGJjq5Uct/CzE2Qc27O6LTD/oW9NXnFxupHv59O

Debug level 1: CLIENT -> SERVER: J83POf2CADAwy54gHY1arhM5OZTYA00P/Zofz62kcFivG3Qnwfjvi2d9N56hWcoQ/UrI4lIzOMBx

Debug level 1: CLIENT -> SERVER: v0VsIjCnZ6MgMo8MQYfRXKfM0eqDMgjjKT853vvzix/2Cy2/lTyeJA+gbsUWbqx0CJbtlz9AXw/E

Debug level 1: CLIENT -> SERVER: BU5AmY2x4aAKhrBPNS4Bs+8+5n3K9BBr3hgiQtMMK4Ksmp5gXRviMzv6J1j89G00q5LkOl8sbYo6

Debug level 1: CLIENT -> SERVER: 4+wI9ZhPIaFpojFb2iMjoQvDYOIJBLHe2PzwBSG2iw/8IVNMipknxm7q4cmADdm/j/ZyFyfuNzJe

Debug level 1: CLIENT -> SERVER: QeOPES9/YQaGU8Y6OhqOK67+KK+qbixypuSV6+h70vYqREDRCLE47WsXSE6y5ghOdB3RKwYlsmXa

Debug level 1: CLIENT -> SERVER: iNi2Xt7aKGcIW7KnOiqB1AhYqDWh8301B+/aizqzq6W2Ngamneg8RYznBSfGvl/ris9O/MqSwwN5

Debug level 1: CLIENT -> SERVER: 0KTJVOq2jsU/nJDtXrbucNPzej1zjfSBSEJ9XtqRaJBt0U+wfzm1scg/pUSKPXPIXc0/mzzp7oc/

Debug level 1: CLIENT -> SERVER: m/SEV0g9hXSWea8Uqfd0mNM3j/Nrt44+yPphrOup3pILUw552Jj01iJTZjILxbtl8CY3t6ytv1ku

Debug level 1: CLIENT -> SERVER: fMqXPHeBxGZYdwPU2s1swGW64GfDgGvhQDzoxTK0zU6Dq9dLHR/E6BG0hQLSiCUg7iv7ThUBZazS

Debug level 1: CLIENT -> SERVER: ysUmfUztONNz9SItwsMZUXhf81NK0/BAMEidsaOUrWpkbvNwENWnQKK/SqosMCHV+4+v9owhx3ZW

Debug level 1: CLIENT -> SERVER: 9mYNquahX0z6LpVgIaUDOLoe064XkyUShqF98LPiPQziedScTSDYBZGb5ABTs9rK00/uNEis60w4

Debug level 1: CLIENT -> SERVER: t5vl3TsVYbjSRc+4BvzhGz0d/L3OXPBlCPx8uvNgYj9IOzG8kLbILzKuF7fPoGTOyJUVFnxUpZKd

Debug level 1: CLIENT -> SERVER: iVIFO4kmurX36onR9WgkcmCgNb2EIe4FfVuTSfcgEqM/VE71KZCzwm0ZGcDBtcPYAg0jq0cLZprQ

Debug level 1: CLIENT -> SERVER: +zFToAI7wexu7Cs2BaJSopPJECVEcgaXZ6iU4FVYhUQ0Blrq4SlQAxLU+FVS7y7E3jKM2XrUaMUd

Debug level 1: CLIENT -> SERVER: elLCs0musOWqe3fe7uRO3gYGvP0p7N7J5FJ83bpLk+mQA31M1TCTc5kHw/ar/d6wRPzhU9e9Tmto

Debug level 1: CLIENT -> SERVER: /HDOzZlVxDVYE6aud3kKlBBJAG4DuC1WNrKfaFA7c9MZpJrOn0efGPN+N2FVgKplENi3Cf2ua6Ve

Debug level 1: CLIENT -> SERVER: apObbiIj37YYoSxpPLDtGYtuum/tOZdFt8P3nth5wMn/C/LQ62BgA24nZPizcTVXDC6y1kbenR+t

Debug level 1: CLIENT -> SERVER: cgN9TrJx8sSzKkKYjumoqq+3GSmT/G6FF4dBUFkXKkrPjxpR1XRTiVD5a57Lh4WJEFjKsEthQ3NY

Debug level 1: CLIENT -> SERVER: nSIR7Hq5eiymMLIK7q4a/wY5tmQnRJk/Xy9fV7I7U7OVGK8bZ4BDlOhP4DRcrz3yV8iAPg9OANW/

Debug level 1: CLIENT -> SERVER: zNQYv53Br++oqjnpBVX4qje94Su++2KV60uOgR0IDf/jUg18SyxdlW57zSZU6Bk6ONtvYyxNUWwn

Debug level 1: CLIENT -> SERVER: 7n2URBRFxkd3BFntf6u4xTwnQLzqkrE+1M0jpFqG4Hsrk+bbChj8XGLmor34t9+SapZflRtIFxcv

Debug level 1: CLIENT -> SERVER: RRq6jEe0N4eqoTRO180H+NFd0VIWJYXRIUIogFw1wBHnSo2rM7aor7+xgPQMfYbhYka8jEcmoMWw

Debug level 1: CLIENT -> SERVER: GKa+E4WBLQjeC3Wvpi7Xe3/7CPvvb9z/S//bEo/fv2D7axTiSPDPt4vv+lW7KzWXvZP+DlBLBwhA

Debug level 1: CLIENT -> SERVER: ILKJWwsAAJ0NAABQSwMEFAAICAgAMm5CWwAAAAAAAAAAAAAAAAwAAABzZXR0aW5ncy54bWy1WVtz

Debug level 1: CLIENT -> SERVER: 2joQfj+/IuN3QqBp2jAJHSClh4YEBkgzp2/CXkAHWeuR5AD//qxkyKRccgi2nkhsaVd7+/Zb+ebb

Debug level 1: CLIENT -> SERVER: MhZnL6A0R3kbVM4vgjOQIUZcTm+Dp1G79DX4Vv/rBicTHkItwjCNQZqSBmNoiT6j7VLXste3Qapk

Debug level 1: CLIENT -> SERVER: DZnmuiZZDLpmwhomIDfbam9X15yy7MlScDm/DWbGJLVyebFYnC8+naOalivX19dl93azNEQ54dNj

Debug level 1: CLIENT -> SERVER: VWWr36pCxFdFdkN2GKesenFxWc7+D87Wh3zjmmpQ3/hhY379Zq0g+ylxA7H1zdn6sT3abUAqay8c

Debug level 1: CLIENT -> SERVER: Fq9eC/bt+3PPL1rfUMBGmASbN2aV0BsuTVC/uCnvSjheahcmxoPYZx6Z2T65n6qfv1Tzyf4b+HS2

Debug level 1: CLIENT -> SERVER: 99DVSuXq62nChzNcDCCi/ILWjMkp6C0FY0QBTAZ1o1I4TUdHNhUuNDxgBIekT5jQR4svxSwpcRnB

Debug level 1: CLIENT -> SERVER: EqJdX+1PLreHykKtjvN4J9o6qjaKMjeo2zzOEclDiVe5+nxxdbrYA1VyWb3+fKpQzccCCq8TJ7Xo

Debug level 1: CLIENT -> SERVER: mnZCB4fKw9ZePtFNNAbjQ6X35TTZvxHjEUnazrMZqnxA1GUrTE0LRRrL7XIuSnoTcV5YPe/6pc1C

Debug level 1: CLIENT -> SERVER: g2r/2SsXJ56+o4cgIDQQtRU9OOHoex6+xZVDr9dQtX8BtcTjm2j2IFXMUEv+SDdtRFGfKTZilM3D

Debug level 1: CLIENT -> SERVER: hIUWyooPXZ8g0gzAUgbYxs8i5PdSYztVlzSIfziISD+m8RiUH2u6RLqekoiZfZ1rk4w5HPU9Tsyq

Debug level 1: CLIENT -> SERVER: z/z03KlEBW2utCEzoEMZKE1H+nQX8QdFZQuqhXGiQFvWWDi+OccNyQABP3F80HE5zMgi3lYEzhAn

Debug level 1: CLIENT -> SERVER: gv4uPjrOij5LQFk9QzDpdj8swhKqeQd0vcmEkMKHr5wdliJ4yuI1M+0rNITblE/3sNrWwjRcXTa5

Debug level 1: CLIENT -> SERVER: ZGoVlI88soNBD+ddH7SNapssFFVgppEazFLUU1q2kJoZCi/eIfGg9qb7B6OYwRuFUTdk1BRMzjU5

Debug level 1: CLIENT -> SERVER: 3SJdi4kwFa4/+kr4hpRonIbDfeFEeOsiiwbAIpRiJ9GLQQTLAtYEYISuDlogfESbdH1fUrglE12y

Debug level 1: CLIENT -> SERVER: 6J2ek0NHkojVkwZ1xwwrXnzbUgyfBTdkL/Aru1/pyZZA7YNPWyU/BI6ZuFtfDVli46MddPQ9xbuh

Debug level 1: CLIENT -> SERVER: OZP9VIYm9VWGDcGnkpJ3aDDpo+bvqTk9Oi3Bk4Z+pTUNGVJtQ/SsaKlqi5Vrrj782EqVojDZpLbA

Debug level 1: CLIENT -> SERVER: aH+HmKpwB2uyK4kj8JJ81XCNOiOChJUWB6aKJTPdkV2utwfnIsy4w0c0LZaYVMGdYove+F/dk5Yq

Debug level 1: CLIENT -> SERVER: eFDmoGyAi3sAH1xq3bsed+fG44PgZLTZMpcQas+aR6BGsDTPFL+eJLdSDfhgwhp6Ilpb/gB0xNAb

Debug level 1: CLIENT -> SERVER: iXSXN75mId1lY3hFPz+espwPHAPxN17vGeIbZmiIFRbvtFeTNomW+LHJgcQAaECxpjWMUZbJ0Zza

Debug level 1: CLIENT -> SERVER: Ri+hykYvhTohou5L/g8LrO9USw7GIwQunA4af1tMhiA8NL4/+w/N8zGT0Z5ZPs+trQv8z1QbPlnZ

Debug level 1: CLIENT -> SERVER: stHP3MwemEyZaCpgcz89Qg/ADgcvMMKsFfpEA0JmSrINQfF45QbKGmM//ll25y5oD3y9mBHOlhRo

Debug level 1: CLIENT -> SERVER: FKk9U57G4PMuaX1BMoUmC+dThak8eJ1YdJrna++W57grWT/TM4264dwio5d+L5eUtyH8BoU0uv3P

Debug level 1: CLIENT -> SERVER: 1PbBa3J3zV3e+XpcPvRdvf4fUEsHCNhIAVH8BAAAmR8AAFBLAwQUAAgICAAybkJbAAAAAAAAAAAA

Debug level 1: CLIENT -> SERVER: AAAAFQAAAE1FVEEtSU5GL21hbmlmZXN0LnhtbLWVS27DIBBA9zmFxd7QZlVZcSK1Uk+QHoDgsYPE

Debug level 1: CLIENT -> SERVER: T8wQJbcvjpTEbaOqqcwOLHhvGDzDanO0pjpARO1dy575E6vAKd9pN7TsY/tev7DNerGy0ukekJrL

Debug level 1: CLIENT -> SERVER: oMr7HF6nLUvRNV6ixsZJC9iQanwA13mVLDhqvq5vRtN6Ud3AvTZQ54XxVN1k0GlZ0ylAy2QIRitJ

Debug level 1: CLIENT -> SERVER: OU5xcB0/u/hUwQmOxG67J6daTj73yZg6SNq3TDDxUAz3KW/e9XpI8RwbLgWSpIQ7GcvgpVJgIE99

Debug level 1: CLIENT -> SERVER: FCrFOJ48J7e4q4igN14SFIIHH1LIf0YqhI9+iIDlbnoMvRicvDfF4NrKAVC8arIyYFHHg+zvbQST

Debug level 1: CLIENT -> SERVER: G6uHJ83VVPC3GB6Ujw1KjLV6F5799L9i/p2LdDKAs2MtkJyt8Wz3ye6c1AYFXYY8uGFu+LyJBaL8

Debug level 1: CLIENT -> SERVER: Tl5TuxI/nsn1J1BLBwhlgkjaRAEAAGEHAABQSwECFAAUAAAIAAAybkJbXsYyDCcAAAAnAAAACAAA

Debug level 1: CLIENT -> SERVER: AAAAAAAAAAAAAAAAAAAAbWltZXR5cGVQSwECFAAUAAAIAAAybkJbAAAAAAAAAAAAAAAAGgAAAAAA

Debug level 1: CLIENT -> SERVER: AAAAAAAAAABNAAAAQ29uZmlndXJhdGlvbnMyL3N0YXR1c2Jhci9QSwECFAAUAAgICAAybkJbAAAA

Debug level 1: CLIENT -> SERVER: AAIAAAAAAAAAJwAAAAAAAAAAAAAAAACFAAAAQ29uZmlndXJhdGlvbnMyL2FjY2VsZXJhdG9yL2N1

Debug level 1: CLIENT -> SERVER: cnJlbnQueG1sUEsBAhQAFAAACAAAMm5CWwAAAAAAAAAAAAAAABgAAAAAAAAAAAAAAAAA3AAAAENv

Debug level 1: CLIENT -> SERVER: bmZpZ3VyYXRpb25zMi9mbG9hdGVyL1BLAQIUABQAAAgAADJuQlsAAAAAAAAAAAAAAAAaAAAAAAAA

Debug level 1: CLIENT -> SERVER: AAAAAAAAABIBAABDb25maWd1cmF0aW9uczIvcG9wdXBtZW51L1BLAQIUABQAAAgAADJuQlsAAAAA

Debug level 1: CLIENT -> SERVER: AAAAAAAAAAAcAAAAAAAAAAAAAAAAAEoBAABDb25maWd1cmF0aW9uczIvcHJvZ3Jlc3NiYXIvUEsB

Debug level 1: CLIENT -> SERVER: AhQAFAAACAAAMm5CWwAAAAAAAAAAAAAAABgAAAAAAAAAAAAAAAAAhAEAAENvbmZpZ3VyYXRpb25z

Debug level 1: CLIENT -> SERVER: Mi9tZW51YmFyL1BLAQIUABQAAAgAADJuQlsAAAAAAAAAAAAAAAAYAAAAAAAAAAAAAAAAALoBAABD

Debug level 1: CLIENT -> SERVER: b25maWd1cmF0aW9uczIvdG9vbGJhci9QSwECFAAUAAAIAAAybkJbAAAAAAAAAAAAAAAAHwAAAAAA

Debug level 1: CLIENT -> SERVER: AAAAAAAAAADwAQAAQ29uZmlndXJhdGlvbnMyL2ltYWdlcy9CaXRtYXBzL1BLAQIUABQACAgIADJu

Debug level 1: CLIENT -> SERVER: QlsqdZsAJgUAAHMUAAALAAAAAAAAAAAAAAAAAC0CAABjb250ZW50LnhtbFBLAQIUABQACAgIADJu

Debug level 1: CLIENT -> SERVER: QltUgw6NeQsAACtUAAAKAAAAAAAAAAAAAAAAAIwHAABzdHlsZXMueG1sUEsBAhQAFAAACAAAMm5C

Debug level 1: CLIENT -> SERVER: W+QMHQ/8AwAA/AMAAAgAAAAAAAAAAAAAAAAAPRMAAG1ldGEueG1sUEsBAhQAFAAICAgAMm5CW0Ag

Debug level 1: CLIENT -> SERVER: solbCwAAnQ0AABgAAAAAAAAAAAAAAAAAXxcAAFRodW1ibmFpbHMvdGh1bWJuYWlsLnBuZ1BLAQIU

Debug level 1: CLIENT -> SERVER: ABQACAgIADJuQlvYSAFR/AQAAJkfAAAMAAAAAAAAAAAAAAAAAAAjAABzZXR0aW5ncy54bWxQSwEC

Debug level 1: CLIENT -> SERVER: FAAUAAgICAAybkJbZYJI2kQBAABhBwAAFQAAAAAAAAAAAAAAAAA2KAAATUVUQS1JTkYvbWFuaWZl

Debug level 1: CLIENT -> SERVER: c3QueG1sUEsFBgAAAAAPAA8A7gMAAL0pAAAAAA==

Debug level 1: CLIENT -> SERVER: 

Debug level 1: CLIENT -> SERVER: --b1=_INHJ7ns7nMdrWxF8ajO40GgUaj2r9r4A0CRjbrxDcNE--

Debug level 1: CLIENT -> SERVER: 

Debug level 1: CLIENT -> SERVER: .

Debug level 2: SERVER -> CLIENT: 250 2.0.0 Ok: queued as A7D2720018FB

Debug level 1: CLIENT -> SERVER: QUIT

Debug level 2: SERVER -> CLIENT: 221 2.0.0 Bye

