Debug level 2: SERVER -> CLIENT: 220 smtp-sp217-156.kinghost.net ESMTP

Debug level 1: CLIENT -> SERVER: EHLO localhost

Debug level 2: SERVER -> CLIENT: 250-smtp-sp217-156.kinghost.net
250-PIPELINING
250-SIZE 62914560
250-VRFY
250-ETRN
250-STARTTLS
250-AUTH PLAIN LOGIN
250-AUTH=PLAIN LOGIN
250-ENHANCEDSTATUSCODES
250-8BITMIME
250-DSN
250 CHUNKING

Debug level 1: CLIENT -> SERVER: AUTH LOGIN

Debug level 2: SERVER -> CLIENT: 334 VXNlcm5hbWU6

Debug level 1: CLIENT -> SERVER: [credentials hidden]
Debug level 2: SERVER -> CLIENT: 334 UGFzc3dvcmQ6

Debug level 1: CLIENT -> SERVER: [credentials hidden]
Debug level 2: SERVER -> CLIENT: 235 2.7.0 Authentication successful

Debug level 1: CLIENT -> SERVER: MAIL FROM:<ourodosul@ourodosul.com.br>

Debug level 2: SERVER -> CLIENT: 250 2.1.0 Ok

Debug level 1: CLIENT -> SERVER: RCPT TO:<robertomuller13@gmail.com>

Debug level 2: SERVER -> CLIENT: 250 2.1.5 Ok

Debug level 1: CLIENT -> SERVER: DATA

Debug level 2: SERVER -> CLIENT: 354 End data with <CR><LF>.<CR><LF>

Debug level 1: CLIENT -> SERVER: Date: Thu, 2 Oct 2025 15:45:12 +0200

Debug level 1: CLIENT -> SERVER: To: robertomuller13@gmail.com

Debug level 1: CLIENT -> SERVER: From: ourodosul@ourodosul.com.br

Debug level 1: CLIENT -> SERVER: Subject: =?iso-8859-1?Q?Atualiza=C3=A7=C3=A3o_de_Cadastro?=

Debug level 1: CLIENT -> SERVER: Message-ID: <o55JyYMbCCxC2qhUssM3RmqXl4TOr55n3CwIxRM@localhost>

Debug level 1: CLIENT -> SERVER: X-Mailer: PHPMailer 6.10.0 (https://github.com/PHPMailer/PHPMailer)

Debug level 1: CLIENT -> SERVER: MIME-Version: 1.0

Debug level 1: CLIENT -> SERVER: Content-Type: multipart/mixed;

Debug level 1: CLIENT -> SERVER:  boundary="b1=_o55JyYMbCCxC2qhUssM3RmqXl4TOr55n3CwIxRM"

Debug level 1: CLIENT -> SERVER: Content-Transfer-Encoding: 8bit

Debug level 1: CLIENT -> SERVER: 

Debug level 1: CLIENT -> SERVER: --b1=_o55JyYMbCCxC2qhUssM3RmqXl4TOr55n3CwIxRM

Debug level 1: CLIENT -> SERVER: Content-Type: multipart/alternative;

Debug level 1: CLIENT -> SERVER:  boundary="b2=_o55JyYMbCCxC2qhUssM3RmqXl4TOr55n3CwIxRM"

Debug level 1: CLIENT -> SERVER: 

Debug level 1: CLIENT -> SERVER: --b2=_o55JyYMbCCxC2qhUssM3RmqXl4TOr55n3CwIxRM

Debug level 1: CLIENT -> SERVER: Content-Type: text/plain; charset=iso-8859-1

Debug level 1: CLIENT -> SERVER: Content-Transfer-Encoding: 8bit

Debug level 1: CLIENT -> SERVER: 

Debug level 1: CLIENT -> SERVER: (Sem conteúdo)

Debug level 1: CLIENT -> SERVER: 

Debug level 1: CLIENT -> SERVER: --b2=_o55JyYMbCCxC2qhUssM3RmqXl4TOr55n3CwIxRM

Debug level 1: CLIENT -> SERVER: Content-Type: text/html; charset=iso-8859-1

Debug level 1: CLIENT -> SERVER: Content-Transfer-Encoding: 8bit

Debug level 1: CLIENT -> SERVER: 

Debug level 1: CLIENT -> SERVER: <p>(Sem conteúdo)</p>

Debug level 1: CLIENT -> SERVER: 

Debug level 1: CLIENT -> SERVER: 

Debug level 1: CLIENT -> SERVER: --b2=_o55JyYMbCCxC2qhUssM3RmqXl4TOr55n3CwIxRM--

Debug level 1: CLIENT -> SERVER: 

Debug level 1: CLIENT -> SERVER: --b1=_o55JyYMbCCxC2qhUssM3RmqXl4TOr55n3CwIxRM

Debug level 1: CLIENT -> SERVER: Content-Type: application/octet-stream; name="13983  .1 ROBERTO MULLER.odt"

Debug level 1: CLIENT -> SERVER: Content-Transfer-Encoding: base64

Debug level 1: CLIENT -> SERVER: Content-Disposition: attachment; filename="13983  .1 ROBERTO MULLER.odt"

Debug level 1: CLIENT -> SERVER: 

Debug level 1: CLIENT -> SERVER: UEsDBBQAAAgAAJZtQltexjIMJwAAACcAAAAIAAAAbWltZXR5cGVhcHBsaWNhdGlvbi92bmQub2Fz

Debug level 1: CLIENT -> SERVER: aXMub3BlbmRvY3VtZW50LnRleHRQSwMEFAAACAAAlm1CWwAAAAAAAAAAAAAAABoAAABDb25maWd1

Debug level 1: CLIENT -> SERVER: cmF0aW9uczIvc3RhdHVzYmFyL1BLAwQUAAgICACWbUJbAAAAAAAAAAAAAAAAJwAAAENvbmZpZ3Vy

Debug level 1: CLIENT -> SERVER: YXRpb25zMi9hY2NlbGVyYXRvci9jdXJyZW50LnhtbAMAUEsHCAAAAAACAAAAAAAAAFBLAwQUAAAI

Debug level 1: CLIENT -> SERVER: AACWbUJbAAAAAAAAAAAAAAAAGAAAAENvbmZpZ3VyYXRpb25zMi9mbG9hdGVyL1BLAwQUAAAIAACW

Debug level 1: CLIENT -> SERVER: bUJbAAAAAAAAAAAAAAAAGgAAAENvbmZpZ3VyYXRpb25zMi9wb3B1cG1lbnUvUEsDBBQAAAgAAJZt

Debug level 1: CLIENT -> SERVER: QlsAAAAAAAAAAAAAAAAcAAAAQ29uZmlndXJhdGlvbnMyL3Byb2dyZXNzYmFyL1BLAwQUAAAIAACW

Debug level 1: CLIENT -> SERVER: bUJbAAAAAAAAAAAAAAAAGAAAAENvbmZpZ3VyYXRpb25zMi9tZW51YmFyL1BLAwQUAAAIAACWbUJb

Debug level 1: CLIENT -> SERVER: AAAAAAAAAAAAAAAAGAAAAENvbmZpZ3VyYXRpb25zMi90b29sYmFyL1BLAwQUAAAIAACWbUJbAAAA

Debug level 1: CLIENT -> SERVER: AAAAAAAAAAAAHwAAAENvbmZpZ3VyYXRpb25zMi9pbWFnZXMvQml0bWFwcy9QSwMEFAAICAgAlm1C

Debug level 1: CLIENT -> SERVER: WwAAAAAAAAAAAAAAAAsAAABjb250ZW50LnhtbL1Y3W7bNhS+31NwKjBsF7LiZAMSLXawtmkxwGmC

Debug level 1: CLIENT -> SERVER: 2MF2y1CURYwUVZKynV7tHfYEuyr2AHuCvMmeZIeUxEixlcpN0VwkEs93zvl4/kjl9GwjOFpRpZnM

Debug level 1: CLIENT -> SERVER: J8F4dBAgmhOZsHw5CW4Wb8Lj4Gz6zalMU0ZonEhSCpqbkMjcwF8E2rmOK+kkKFUeS6yZjnMsqI4N

Debug level 1: CLIENT -> SERVER: iWVB80YrbqNj56ta0eaOD1Z34La2oRszVNliO7r4drhnB25rJwqvhypbLAS1rZ7KocobzcNUQtRF

Debug level 1: CLIENT -> SERVER: gQ17xGLDWf7HJMiMKeIoWq/Xo/XRSKplND45OYmc1BMmHleUijtUQiLKqXWmo/FoHDVYQQ0eys9i

Debug level 1: CLIENT -> SERVER: 25TyUtxSNTg02OCtrOrVcnBFrJY9oSEZVoNrw4G76T1Khqf3KGnrCmyynpwcRxcgdL8uZg+1oMRQ

Debug level 1: CLIENT -> SERVER: XxbbCRVRrBi8zQrd1pdSeqpWoWpQR/fw4ODHqHpvoddPwteKGapacPIknGBOfMSl2BU0wI0jQIR0

Debug level 1: CLIENT -> SERVER: ZcvUF74NhO5ROIwqsQfrpNf07xezOcmowA9g9mlwyHJtcP4QGWWT0LvTnyJFC6mMD0w6fGBCtg69

Debug level 1: CLIENT -> SERVER: lyTF3g0g9chZCK2i89W2ENnOjKzKC19pjPKmrD3J2j/dFFQxq4i5zVwoNOwSsimLuKVdFU+t2To8

Debug level 1: CLIENT -> SERVER: DoNpc1JUVaYjv5DCiRGmmNAwoYTr6WnV8X4ZVe+WxyRY4EwKPA4QtHYDEYzfNZIgelr/FebsVrFd

Debug level 1: CLIENT -> SERVER: BmpRgDr6VhYuaQ67h2rVa6b1QB+f6ULBLvIOomCGwMhYYcXsOTPQPZqxZWZ2bfQ7XEj9cwdWLX1F

Debug level 1: CLIENT -> SERVER: Xl+MVpWRZ9CalYQlGM1xrtFNzuCGQ3vJ7cAOoXinDRXP4XgxR2+lyRjpZeYRX4VP3Wu9Tfh871Hf

Debug level 1: CLIENT -> SERVER: cKjXcWnAkWEkdHb81HC/O1yvxt5XTbLACi8VLrJGAAv26upewkprDvM7wSppIALuIVSFBV5uIRrX

Debug level 1: CLIENT -> SERVER: 3mxYwFSkyjCqvQOrVl99LHW3xRbjfvqLLfr2puqd2pe2v1TGRHIJbl4cuJ9G2wFlaeDSB1ZTzDXt

Debug level 1: CLIENT -> SERVER: iOx6aDIly2UW1tfuXOa0k6jHMxS8uXXNPsD6eFyY1lpjQwnM3bLzozOc2GtC27YTlHlClWPR8d6Y

Debug level 1: CLIENT -> SERVER: W1M7EB7sPWIVwkmH8858fwBYeg2gItkWuqzX0h3WK8dPAJx7e8vkdPMUAQ/poeDl/SR6IC5+VBQZ

Debug level 1: CLIENT -> SERVER: rhKxFVu52hXaXYC6eJxT97xdqVFvC9aCW5nc+Rdrfnrqvq40fV/CJ6Rv5e1F5JYSpguO75pqDTlc

Debug level 1: CLIENT -> SERVER: 7vgkgFJ24qoIf+W81EaBf5lbjs8ytmjGzvOs2MZ8rpHX1degC3t/1IpKpT2xYM5NX0qBEoa/Rb+8

Debug level 1: CLIENT -> SERVER: Lxm6/wfBYXVZKokSieYlH6ErOLGE1Ai+0u3tDCsEF0+ELfqs9lf0u2iNPCeDz96o53F8dHJ8hOpQ

Debug level 1: CLIENT -> SERVER: RNPRuHkucL5tGIbc9Pry5fn14hJd3Mxm59fN5gE+3YfYOVy87QZhnitYk4gKu1mDjUR2QCNsSujQ

Debug level 1: CLIENT -> SERVER: D7BzTUtEcAKDXckqMhaZMugsJ9QQvQRMnaF9CLyTgsZ7aby6eoP++/OvvXRew4cxAsLvsCbuVi7j

Debug level 1: CLIENT -> SERVER: vaIkMOPo+8LuWVNlLaWMZ/KHGLXTuYfFBeUUhgbtGvjU4wKy81uGjcZFcbaX5mfSPLeHDL3/KPdL

Debug level 1: CLIENT -> SERVER: UdM2pe0YqjX1NQWRM/XWq/oqsHZtBddlef/x/l84k20R6RJOaEEVsSW1V6vNW2UKvs3935AygSD9

Debug level 1: CLIENT -> SERVER: dQ3kvgYQvMDHnXK0COUlx2q0h6/oy2GizviPOidD1PM/w+n/UEsHCDAe56wnBQAAdBQAAFBLAwQU

Debug level 1: CLIENT -> SERVER: AAgICACWbUJbAAAAAAAAAAAAAAAACgAAAHN0eWxlcy54bWzdXF+To7gRf8+ncHkrecMG/N/Z2atk

Debug level 1: CLIENT -> SERVER: c5ekareS3Ow+X8kg2+QwooQYj+/r5CFP+RT7xdKSEAgQmPGf8axvqrbO6pbU/etWq9UI3v/wvAt7

Debug level 1: CLIENT -> SERVER: T5gmAYke+s7A7vdw5BE/iDYP/a9ffrLm/R8+/O49Wa8DDy994qU7HDErYYcQJz3oHCVLSXzopzRa

Debug level 1: CLIENT -> SERVER: EpQEyTJCO5wsmbckMY5Up6XOvRRTyRYxWNfuglnvzfAz69qZ85b6olX3mQWz3tunaN+1M+cFTPXu

Debug level 1: CLIENT -> SERVER: a9K183MSWmtieWQXIxZUpHgOg+jXh/6WsXg5HO73+8F+NCB0M3QWi8VQUHOBvZwvTmkouHxviEPM

Debug level 1: CLIENT -> SERVER: J0uGzsAZKt4dZqirfJxXFylKdytMO0ODGKpZNXnadPaIp00DNN4W0c6+IZjL5h353c078vW+O8S2

Debug level 1: CLIENT -> SERVER: DTaZDz8DUfzz+VPhC3TXdS7OW4LKo0HcWU3JrfcnhOSi8g5ygQpxXdseD+VvjXvfyr6nAcNUY/da

Debug level 1: CLIENT -> SERVER: 2T0UejniZGcCDficIXBY+Im7qeKmXOnGkSdDimNCWS7IunuAAnTcfBZ/jfJpgDMZiBEs3lHMpY8w

Debug level 1: CLIENT -> SERVER: 5CthyLu86/eyQKcFV7f/QUXSNYEoukYetnzshcmH93IF5M09+ZvL+dD/grZkh5x+D1xdseyC8KAo

Debug level 1: CLIENT -> SERVER: /WF7/48oDFY0MA2Qkfq9Un9OszY4wjQA6yX7IEk6znHiFBS0iEocccA8WEJPiAY87nacvvcp2GyZ

Debug level 1: CLIENT -> SERVER: SdE/oJgkfyyxyaZXlOtiYkmLnCHWp9QLfNR7RFHS+xoFsOHjRuEMvF1EPCQM786R8fNj76+EbQOv

Debug level 1: CLIENT -> SERVER: UbKc41XkydZa4yI8f/ZhU3DI2mXWpaT08RqlYZaLqZEzkTYUxRw5xZv9tmIK4YqyAHI3npEsky3y

Debug level 1: CLIENT -> SERVER: yd6C8RPMrOeHvj0YeSCngXioEBlslxZkF9hKYuRBbmNtCQ1+A9FRyFndeSvzExfDq7NCMO06ao3V

Debug level 1: CLIENT -> SERVER: MGYGSwh67AO2tWS2uEZhotk7RhQJhHR81mQpBt9ivighfNvz36vx+CgWShnhM4NrBD4mcgAUxtvc

Debug level 1: CLIENT -> SERVER: FUT/FcUI8rOEgSMwReGbJJd4B4vpoR9Si61KzhFEPub7Cs+1dRWV6EpyyEnB/iROuPc0K5Ozc7k1

Debug level 1: CLIENT -> SERVER: HWVrmmAAJ+K2FpN7JCSQvTGaQlAAGERjEvwGkjpOzERbiKJNijbQlDV4JI0YBSf588+5+phBJmD9

Debug level 1: CLIENT -> SERVER: imkkRJcDalryMS3YTVGkRs46ZoMrGs5DcDaLInx9rI/HU8EQPzeMmFMRrY6Zkx7/1C/gLK2yLksv

Debug level 1: CLIENT -> SERVER: x79/zL12iG6CyALzgcNyZy3aVoQxngxxP3YzksEboXV7iLc4gtyXRFaIfB8AFwo99CMCrrML2Aud

Debug level 1: CLIENT -> SERVER: Nk4jj6VywD2QIfkB8MCAx71aeaPlB7DiIz4JJD0Tp1iIZb+PwSLFKjzBOTXbV7KQa7otn0p5oHkj

Debug level 1: CLIENT -> SERVER: vZ6Li7lzTzXsPJdbA7p3YRV4qi5H8Q6Bv/LDk/I7t8YUp8m2wnLGAhPncD0Chlh3G3lMXxHKlwL3

Debug level 1: CLIENT -> SERVER: M9gOwGlCFCfcic+d2KJkX5kcWior+1eMY1jXG8y2/BzMF92xifUJpS8/whLyEfX7jQFGGS9ESQLi

Debug level 1: CLIENT -> SERVER: wfo5GnMIhaUeJcpK+wAWlvzVvDGdsUILpY8o+yVgIT6qKTTk1SfLjFLEZdQZvkDDL679y4r4h1MQ

Debug level 1: CLIENT -> SERVER: K0XpwdgdNUVqZ+yYI7UtI7VwCpGERCIJQeEeHZJj6NaDmzpLlEOcO1chToavPGGw7IHtzIsQ/KLw

Debug level 1: CLIENT -> SERVER: pufg5qAm5z09Qon+3d3EYEzYbOIQHTRz93TyOc50sp807uYO3807q/uYrtgtFgbE6pgXcY7pLFOK

Debug level 1: CLIENT -> SERVER: MNiAI3ggAM43lH+nCQvWB4vHXJhxD+G4lnZXHV5sxyJ2vJss+F9tGx83+Di4uDvNMJf8fAJIceDU

Debug level 1: CLIENT -> SERVER: 0OK7cjydKODJqE2di83V3D2nZwN0tvYnyJpOsXSLIUM+ZMcAU120TnfJP4K7wEZ/wSUHolL0wtgs

Debug level 1: CLIENT -> SERVER: F1fLuuuJ+r+sTotjVZKnNYIi4rYqXtutjqp7pRuzF3ue+0LPMxuoxTfNE5zsm3+Hs+jzBe0biPFa

Debug level 1: CLIENT -> SERVER: 7XshY13Oy/+GEX8uxpeaY958Mo6e82oBW+WSJGUCkBA/8YTXOXsHG0xHk+OZzktzGi3Eu+vJeDFt

Debug level 1: CLIENT -> SERVER: PsPlpdxKnmNXHVtPRozEItewX5JraOZ2283t3trc7vnmLuoMb8rczrTF3GZiEQOnJ5p71G7u0a3N

Debug level 1: CLIENT -> SERVER: Pfp+zG1K4DpnY/Vs6xRrjtutOb61NcfnW7MwWc2a9uwa1mxOco5l0OelIZpZJ+1mndzarJPvxqyn

Debug level 1: CLIENT -> SERVER: oD9tR396a/Sn56NfQFxF/3zka+fbN7CgZu0mnd3apLPvwqSnID9vR35+a+TnZyN/NdTdGf97Wwtp

Debug level 1: CLIENT -> SERVER: 0W7Oxa3NuXjz5uyM+r9Sws6rjl4sbS5IV6uKjm3+9wacnVcqubP9s4p02eM5W6/Gc00zhXjNxEPn

Debug level 1: CLIENT -> SERVER: WdlMVD6LsXULBeJ6RdYoR+cP6qwSMTdO1zIZw1GCOTYl1yzjknH1Xs17FSwTd2zExUA5XgUqSCc5

Debug level 1: CLIENT -> SERVER: /Cl24H1i5PMwmumkLKpaK4ZWzZk2o8moQijUKWjZs2M5QUQirLdmE1SbVYLBn7T1EhIGfk8/NWVc

Debug level 1: CLIENT -> SERVER: Wv5uYPyuTmJ/kXtLKQrwHz/B2Gavz3oUAaGn8+YP2flmNGye98u3/7E0JKIIy//5uC1uMVSeBErO

Debug level 1: CLIENT -> SERVER: ntPTeUrz3EOZUgPE7QaIewtAXq+QpwEy6gbI6CKA3KrUpek77qbv+LL63ioEaYpPuik+uYTip8g3

Debug level 1: CLIENT -> SERVER: 7Sbf9Cz53kxRQVN81k3x2SUUP0W+eTf55uc5zls5pGqKL7opvriE4qfId1y0Fwv20i38YjeqWu9L

Debug level 1: CLIENT -> SERVER: nXMdit8P6gJZwXfZANPxVs5r7IIfYS18+++3/xxBImc7C4g3cxDXzps/7uItfzOt/chZ5fpuN/+S

Debug level 1: CLIENT -> SERVER: vaV2qKvpM/b7yII0F/gZrzHFkXek7FBj66q7EFe8sMSP5MkOhaHloTjpNwBjCAj2Qr+mt8/uyK5I

Debug level 1: CLIENT -> SERVER: 6JcwkQQFWhM5x0wwdEbsH59+rGre4X0pcekIRd6WwGn/EONypeZps3xWJQz4/0OpnCFfo5AlA9mi

Debug level 1: CLIENT -> SERVER: 3lSyYsILsCSuESiv1NZqQcXLULJnudqiUSvda9gIbVRd2ACRpPQrjKKAnLHLS1iV60ZRurP4+8kI

Debug level 1: CLIENT -> SERVER: jJqDyS8hZl2reOokkgTibQEU+cJlsLqEjlZAFuUl/o6tadgKSza2aFyTMCR77Furg7wOydCqr02e

Debug level 1: CLIENT -> SERVER: v7Oi5uduOpu6pkqhpVNKpTVFKHA2Kg3UJjw7Iu3eFdIOJFJTI9I6pVLElISrIz26M6TzkngV6Gqt

Debug level 1: CLIENT -> SERVER: vFRDvzrM4zuDuSikV3GuldjLVfmrIz25M6Rns3kD0gWlgrQkXB3p6V0h7Q7skXk71CklpBXh6kjP

Debug level 1: CLIENT -> SERVER: 7gxpd27eDnVKBWlJuDrS8ztDemIO0xqhgvPkVYL04s5gni2acC4oFaAl4epIO/ZdQT0a2GPzfqhT

Debug level 1: CLIENT -> SERVER: SlArwjlQl0k6/hFhOIEjerQONikVL4L3coKVXT1aE8Ii7RKEbgon01h+POQJhSnmL/rIRtUx0SAQ

Debug level 1: CLIENT -> SERVER: nxPQ+8i3g/hjfj6e+kgT17e7hDjymwQMzAKq4TkihQSmaRrfbZKfXBHvGy8WRR3BhE42SIECt21G

Debug level 1: CLIENT -> SERVER: CyKPik+78eRP+76MGK34rAy/bQFjBp6lCHI6jid46QGsWyoOfI53Tt/AVKkWCco+8PmX0Fx7sFio

Debug level 1: CLIENT -> SERVER: 0o8gqNej3cVg2qJjNglAyCxCA9AFZcYmlFEUsNqdFVdhVr+zYiBlK8F4K0b7gEzL91oy3Tc08NWr

Debug level 1: CLIENT -> SERVER: 7+88m/+ZODJju+OZ7ZjoK5QU2OSvm9f5aLo6FHxmHimsXnaqjQDBhn/OLfO9OpMAvoWeFRgrHGpx

Debug level 1: CLIENT -> SERVER: Wjv0XBKy+MBSxpDgWCEsHaXyaEV9SAQEBacQ/OJivO0YeNBaVBsNLMjnF5HkSpDrQ7ZTCGTKQyf5

Debug level 1: CLIENT -> SERVER: 132UFW3xnxYezb6ulNpixO/4iB9DXVOtsT5QsSrryzAj7FCSj5HPljXykcqPhCoXRXWZteWrRYPK

Debug level 1: CLIENT -> SERVER: 8EPztz4//B9QSwcIVIMOjXkLAAArVAAAUEsDBBQAAAgAAJZtQlugQ6yt/AMAAPwDAAAIAAAAbWV0

Debug level 1: CLIENT -> SERVER: YS54bWw8P3htbCB2ZXJzaW9uPSIxLjAiIGVuY29kaW5nPSJVVEYtOCI/Pgo8b2ZmaWNlOmRvY3Vt

Debug level 1: CLIENT -> SERVER: ZW50LW1ldGEgeG1sbnM6b2ZmaWNlPSJ1cm46b2FzaXM6bmFtZXM6dGM6b3BlbmRvY3VtZW50Onht

Debug level 1: CLIENT -> SERVER: bG5zOm9mZmljZToxLjAiIHhtbG5zOnhsaW5rPSJodHRwOi8vd3d3LnczLm9yZy8xOTk5L3hsaW5r

Debug level 1: CLIENT -> SERVER: IiB4bWxuczpkYz0iaHR0cDovL3B1cmwub3JnL2RjL2VsZW1lbnRzLzEuMS8iIHhtbG5zOm1ldGE9

Debug level 1: CLIENT -> SERVER: InVybjpvYXNpczpuYW1lczp0YzpvcGVuZG9jdW1lbnQ6eG1sbnM6bWV0YToxLjAiIHhtbG5zOm9v

Debug level 1: CLIENT -> SERVER: bz0iaHR0cDovL29wZW5vZmZpY2Uub3JnLzIwMDQvb2ZmaWNlIiBvZmZpY2U6dmVyc2lvbj0iMS4y

Debug level 1: CLIENT -> SERVER: Ij48b2ZmaWNlOm1ldGE+PG1ldGE6aW5pdGlhbC1jcmVhdG9yPmVsaXNldTwvbWV0YTppbml0aWFs

Debug level 1: CLIENT -> SERVER: LWNyZWF0b3I+PG1ldGE6ZWRpdGluZy1jeWNsZXM+MjwvbWV0YTplZGl0aW5nLWN5Y2xlcz48bWV0

Debug level 1: CLIENT -> SERVER: YTpjcmVhdGlvbi1kYXRlPjIwMjUtMDktMjlUMTI6MjU6MDA8L21ldGE6Y3JlYXRpb24tZGF0ZT48

Debug level 1: CLIENT -> SERVER: ZGM6ZGF0ZT4yMDI1LTEwLTAyVDEwOjQ0OjQ0LjU3PC9kYzpkYXRlPjxtZXRhOmVkaXRpbmctZHVy

Debug level 1: CLIENT -> SERVER: YXRpb24+UFQwMEgwME0wMFM8L21ldGE6ZWRpdGluZy1kdXJhdGlvbj48bWV0YTpnZW5lcmF0b3I+

Debug level 1: CLIENT -> SERVER: QnJPZmZpY2Uub3JnLzMuMSRXaW4zMiBPcGVuT2ZmaWNlLm9yZ19wcm9qZWN0LzMxMG0xMSRCdWls

Debug level 1: CLIENT -> SERVER: ZC05Mzk5PC9tZXRhOmdlbmVyYXRvcj48bWV0YTpkb2N1bWVudC1zdGF0aXN0aWMgbWV0YTp0YWJs

Debug level 1: CLIENT -> SERVER: ZS1jb3VudD0iMCIgbWV0YTppbWFnZS1jb3VudD0iMCIgbWV0YTpvYmplY3QtY291bnQ9IjAiIG1l

Debug level 1: CLIENT -> SERVER: dGE6cGFnZS1jb3VudD0iMSIgbWV0YTpwYXJhZ3JhcGgtY291bnQ9IjExIiBtZXRhOndvcmQtY291

Debug level 1: CLIENT -> SERVER: bnQ9IjY4IiBtZXRhOmNoYXJhY3Rlci1jb3VudD0iNDE1Ii8+PG1ldGE6dGVtcGxhdGUgeGxpbms6

Debug level 1: CLIENT -> SERVER: dHlwZT0ic2ltcGxlIiB4bGluazphY3R1YXRlPSJvblJlcXVlc3QiIHhsaW5rOnRpdGxlPSJOb3Jt

Debug level 1: CLIENT -> SERVER: YWwiIHhsaW5rOmhyZWY9IiIvPjwvb2ZmaWNlOm1ldGE+PC9vZmZpY2U6ZG9jdW1lbnQtbWV0YT5Q

Debug level 1: CLIENT -> SERVER: SwMEFAAICAgAlm1CWwAAAAAAAAAAAAAAABgAAABUaHVtYm5haWxzL3RodW1ibmFpbC5wbmftl2k0

Debug level 1: CLIENT -> SERVER: G9oWx3WuFlXaagmu26IUoVcb5GpatKWKlppKaKSEEFpqiLFVY9VQKmmLeqrGEPMYosaUCDVGzWNS

Debug level 1: CLIENT -> SERVER: SYwxhsjz1l3rrvf5rffprfdpn/8+a3/Z/71+5+zoB8Z3BU+In+Dj4xM00Ncz3Y8VfHwH+I4f3T+t

Debug level 1: CLIENT -> SERVER: XwSN7Oc9DPRuPfJLXUiDJM5Un41Mz9+4HBaqbB/W+tVj8ofMxbEnZdFaj369uCirmPbEY5Jxcxbq

Debug level 1: CLIENT -> SERVER: vCt7y6fbz3aM/JDH2WkDJ+q/5Mv1eDo/cGh5RN3o6D9aPBpqD/FJC5q+BugLev527fur/t+O/YcC

Debug level 1: CLIENT -> SERVER: bKBtXEXHWVNTynoiYKr0VOs+K7jPedLIbPwWJPoZETXS7Bfw+agYYzTw56B9G4RjadS35VXVLvaG

Debug level 1: CLIENT -> SERVER: FDjvN/ZMmxBOxTDiZ87YCew1uQ9YKCx1jwWSV7TgeVJAAsOjdro3/sH3TQhAkCrojWKfJw1xIkiq

Debug level 1: CLIENT -> SERVER: v4d0UiUd7mK0iFFAs2uPGRO78BTyFgRvzQG1MbP2tqiRQeMN3a3E9H7dhFV3LDlGWzstscVIBKgh

Debug level 1: CLIENT -> SERVER: dTtKNjWE3OZS3bBFr1IKSJh02Nxp59xIJZDuqQxK6s5tWYi1PQjZopEh1oiVF8tqVcnkgPZQ36on

Debug level 1: CLIENT -> SERVER: HZOycbJ/kDI3O+znfCp2WtM10dFFRIrKuur1c1JxjX0yaHDLSosrNDAtiX3VLp3C6Yqgx0BZs7z3

Debug level 1: CLIENT -> SERVER: pcTO+jIv8LDy29YvSytSVuINscRObrA6NbwkZ6815HiXzNqpIQMG7cdGUPA4B+Tp3UUe/Iow8k81

Debug level 1: CLIENT -> SERVER: 3EAY3ia5ACR4MJ8b5ShNrOGc1rZZCFrycyXiylzK9lB2HQ98zoUzMDfcm1NZRbSFu5cBdT+Siv0X

Debug level 1: CLIENT -> SERVER: mJ3wTu9PaCVKdqdGDT6Gt2S26eVCeFsPcYs4NjGVFJjjLlTrQeOJp6wO8aRuRPfzQU795WzghTwS

Debug level 1: CLIENT -> SERVER: ne6yDBm2FThQCwhSDdDiwFXCj4wAHl521D38e9jGoo9AozAPTtmmTrBWV5/mnBfkhzV0japaHX+r

Debug level 1: CLIENT -> SERVER: 5Bh4cmwMr0t3jXC+HVfe4jwpnCmHv7K+UwPdOk982x8LUgnf1QHgY2ValtVbT/aViPhbdfjHATc8

Debug level 1: CLIENT -> SERVER: DUzj54ZCArfbLAXahGJDag+Lwj/ChbVSVVbmazLydTHMEa3ZA0s0sv4CRO6U7AvsF/76NEPWD453

Debug level 1: CLIENT -> SERVER: bsH7ivN3UptD8ziaejO9bB9+sw1z7rPAvN5PA0U6ucVjg5Hxs0x9QfujX49qJojPDqllKOx6ep7r

Debug level 1: CLIENT -> SERVER: lYmwSWa+E02xkz+SPJuBIDxGBEkkfmhz0ecX0eR3SepUx4vGEbFPHw2b8BvNbY9E336NS8JgVtXy

Debug level 1: CLIENT -> SERVER: kHVGU8dg9N74b5qN8wR+A6N7pUiMF2YnnUFj2qSFXcMn4jo04ARikYIBeQJbs6AaodqGW0KIgc/u

Debug level 1: CLIENT -> SERVER: PJB/wn3EwwTYbLIHAtZeRpuDQ0zpKTO7lPOLCl/PlbHvhfYkAsovnZKEJ/y22xzl8bJocyG43Oz+

Debug level 1: CLIENT -> SERVER: vfykJJ3cAmMNRWqFpcGdvCBDj8doO4YNRnGTKmg9+EE1uSPH+Q4oXK1u1Ixne+JM18Ok69+v2+b4

Debug level 1: CLIENT -> SERVER: tXclh+XlLZroWzBq+3kf0gewTBskSBZm3m6ua8xZDQfCom7lJghjAlKkx4a2mAA6dSpYQPYAbmcf

Debug level 1: CLIENT -> SERVER: HC8KU1OTFxdq08kB/VYdHwKVMg6B5dQLmw6tNJg7mCU/OcMbl1OyNriaz0AlfaSxshTzH+RTDe5g

Debug level 1: CLIENT -> SERVER: mnwpjG2N2K5C0ZhP+Xe9eKH6hmC6kamZWcXPcm5G+s4wtdUhhIMEkNk+FwaRowoXcGsZRcPQOGr5

Debug level 1: CLIENT -> SERVER: QKGr5SnIor3CSCeJGXwdd/JPJ6XEpf4/LgnlvfwbPSyJXubqny0i/m9g2WdMkQ6DeuxnDV+n2CUT

Debug level 1: CLIENT -> SERVER: 8us9rOD1g9KGvxQobEJk9XheWqYQ35JjQ4LdiBvtZLYYKk358PKB5TTx2ZvIhEN5t4T2R8InieND

Debug level 1: CLIENT -> SERVER: MFIzY32ib6WZRfy0W2imwqo0vAOj2KvBVTmZNmFSJJdO5uhCn9gDBDXBLrAyDUtVP7YaNXlxCvzv

Debug level 1: CLIENT -> SERVER: SGRBVjYK+YvYl7ptbLedh5zWYgda+um48PXUBrAmyBgQm5QalR340IfSSy6DUkXtKLQxPlp7pfed

Debug level 1: CLIENT -> SERVER: dGpfsvleSqMKELjxgtWrRAfJ0TGSB8VXvxKVCJFr07gt32vbFfefFcqN4K9ymkxh2wM1nwp3BmdH

Debug level 1: CLIENT -> SERVER: q+QzmixDl/6dyiWu+t3eZB1/WT0E/I3F4ekef2UCiPqW7NpAYTYOON4htF6b7SRy+1hrlhB71+qx

Debug level 1: CLIENT -> SERVER: aUXe/cUBxIQJw+k+8weFWVtTt2Vrd9K9zIDmT9EgM2uthWasx2+WqfQBUsHGJbEhViK1BTyaMAdX

Debug level 1: CLIENT -> SERVER: vPPY3wsz7qRdVxyay7s84ZZoXXShCrqDulGp0lceWTwIJTzmKaOK+e1fR24bSz7dlSjq0kLbR0W+

Debug level 1: CLIENT -> SERVER: E5/M/Kv/cWM6/rCzux8w6h4mzyuYz+7bGBZUZut/9E2Ho+r9bdcrATKeH32OHecPl5G+whIpHnPI

Debug level 1: CLIENT -> SERVER: HO/9/QZwJuSbsvwNUcJtiDjoPsxmqDHL6JLDNHQU4JVb6X15v9wRVb9Q3VEJiK3ZuRbncfxnOAnG

Debug level 1: CLIENT -> SERVER: D2wTaO3pEIy62GDPWkWMK7Zo0zCi6dFcYrD6QgawpGp5fhaSfL2nZq2O91TCCd9mvl6/hH2OqlqJ

Debug level 1: CLIENT -> SERVER: mo+eq+OVL31m9deYrJ7aXpkCrwPlwySiQcGX/n4KScD2XkMDtOMXVIovBupjp5yB7z49+PruDPXp

Debug level 1: CLIENT -> SERVER: PDTebtl/uoCqEdbaJLCK3hzUmBDOmOLR9q8op4uR027GOHY6JQneqO937NRm2icr5TpsZJL4ZP2/

Debug level 1: CLIENT -> SERVER: /ISvzTBCzmy4OGadn8jNlF6va83+lKnRVnTRxd3BYM+aJvf4rHIJOunhyPsi7CWCEbUxayJ7OyBA

Debug level 1: CLIENT -> SERVER: y6L7uQD0wvQqwnKCjl9y8EzEiRTprDm5M31SOuo6tiSoyd+NtMQ8dUaR8+VOKsxhxXdX7rzEHM4B

Debug level 1: CLIENT -> SERVER: Ld0FkNVkTczZGn2JKLI2Dot0bebGcIvR7ohUunXbH4Onc9fcayjekYwhhH7l8POfJZkNjZkNQGpC

Debug level 1: CLIENT -> SERVER: A3ys3bwnHjk+rWbyTfCnm9p8TrpFOwRDkxv3nE4iS8Rm18RMReRkkQ4qPMy3S1SSMuLF9Jxlkyq9

Debug level 1: CLIENT -> SERVER: APV8K8NOwBDikNqu7gvdZL+5EY4TWteMF4/4bImuInOd5Q0Ns7K8xCCDE0E/g+MYVp9d0TW+Pu5c

Debug level 1: CLIENT -> SERVER: DU+uXyys/jmyVhqGz455l/mNLC0Grv1zUU5QXlZ/rubDyvg1lxsIlqXYzvPtZtb8hGbvbLeA2gpS

Debug level 1: CLIENT -> SERVER: 8pUn+kK1v0L1s57iVzjw5goyXuXFJJZ16UfDm2A3mvKwaWWqx2BOQRozwqQTaewgzAAbxofPcG3z

Debug level 1: CLIENT -> SERVER: AQHwOPiNH3vmxo8MvxYOlyooWXwMHq20sNBzpXnJT3TvNoOCSrFd9FK4eQN+BL9413btahwO0onD

Debug level 1: CLIENT -> SERVER: J7ceJHu6e5c+cr8YO0Bd52p0c50LanuKMO4BV/hxHiPrJccil/qXpu96SYc42c12U9IC7fV+MSnd

Debug level 1: CLIENT -> SERVER: en/jauPk/FgEYBFJfwD90yxyYlrEYW/T30YblKILlT2M1UFv10nQfowDphWvXKV4Ny0e9P6gOAD1

Debug level 1: CLIENT -> SERVER: kbJKT2l+iyLwt4Zf1YRknYjOWk61WYgrZrh6F8pFDpl+d7fWQQnRUZwSO/fC8ncYZIqvw3eYselJ

Debug level 1: CLIENT -> SERVER: kZ3bkFFvDhVUlpNEZrM5eS6m3y8nNOn7gttcgo0EFCShQmbmMtUwobksNtn9sKaAX/1Qa7AJm+vQ

Debug level 1: CLIENT -> SERVER: h/Y9gGt+lGVf1K0sg1dHXI0oX4RNuzFmg+IqkhOsnJfajTO6HX3DzO2xrlnCjvQjRjIEYcUys7PG

Debug level 1: CLIENT -> SERVER: MYaFA1wrnfebOyL+EhExIdynsjfFnE/7O5E033CnAj+nY+WZyzbHx8xlcHJnSxgw0Y4yJCj0uv20

Debug level 1: CLIENT -> SERVER: 7ZGC66h+WH7Nx/UaS4JoS4KFS10/TtfBO8D7V9GiK9FHyhftBsooraIjs/eKmpELTjlHXp8gmv0X

Debug level 1: CLIENT -> SERVER: fsH/F/8rYlds5hWHCSxV+bK/gfEZ3DbWw+s8Cf0nUEsHCByge4V9CwAAqA0AAFBLAwQUAAgICACW

Debug level 1: CLIENT -> SERVER: bUJbAAAAAAAAAAAAAAAADAAAAHNldHRpbmdzLnhtbLVZW3PaOhB+P78i43dCoGnaMAkdIKWHhgQG

Debug level 1: CLIENT -> SERVER: SDOnb8JeQAdZ65HkAP/+rGTIpFxyCLaeSGxpV3v79lv55tsyFmcvoDRHeRtUzi+CM5AhRlxOb4On

Debug level 1: CLIENT -> SERVER: Ubv0NfhW/+sGJxMeQi3CMI1BmpIGY2iJPqPtUtey17dBqmQNmea6JlkMumbCGiYgN9tqb1fXnLLs

Debug level 1: CLIENT -> SERVER: yVJwOb8NZsYktXJ5sVicLz6do5qWK9fX12X3drM0RDnh02NVZavfqkLEV0V2Q3YYp6x6cXFZzv4P

Debug level 1: CLIENT -> SERVER: ztaHfOOaalDf+GFjfv1mrSD7KXEDsfXN2fqxPdptQCprLxwWr14L9u37c88vWt9QwEaYBJs3ZpXQ

Debug level 1: CLIENT -> SERVER: Gy5NUL+4Ke9KOF5qFybGg9hnHpnZPrmfqp+/VPPJ/hv4dLb30NVK5erracKHM1wMIKL8gtaMySno

Debug level 1: CLIENT -> SERVER: LQVjRAFMBnWjUjhNR0c2FS40PGAEh6RPmNBHiy/FLClxGcESol1f7U8ut4fKQq2O83gn2jqqNooy

Debug level 1: CLIENT -> SERVER: N6jbPM4RyUOJV7m6/lo5XeyBKrmsXn8+VajmYwGF14mTWnRNO6GDQ+Vhay+f6CYag/Gh0vtymuzf

Debug level 1: CLIENT -> SERVER: iPGIJG3n2QxVPiDqshWmpoUijeV2ORclvYk4L6yed/3SZqFBtf/slYsTT9/RQxAQGojaih6ccPQ9

Debug level 1: CLIENT -> SERVER: D9/iyqHXa6jav4Ba4vFNNHuQKmaoJX+kmzaiqM8UGzHK5mHCQgtlxYeuTxBpBmApA2zjZxHye6mx

Debug level 1: CLIENT -> SERVER: napLGsQ/HESkH9N4DMqPNV0iXU9JxMy+zrVJxhyO+h4nZtVnfnruVKKCNlfakBnQoQyUpiN9uov4

Debug level 1: CLIENT -> SERVER: g6KyBdXCOFGgLWssHN+c44ZkgICfOD7ouBxmZBFvKwJniBNBfxcfHWdFnyWgrJ4hmHS7HxZhCdW8

Debug level 1: CLIENT -> SERVER: A7reZEJI4cNXzg5LETxl8ZqZ9hUawm3Kp3tYbWthGq4um1wytQrKRx7ZwaCH864P2ka1TRaKKjDT

Debug level 1: CLIENT -> SERVER: SA1mKeopLVtIzQyFF++QeFB70/2DUczgjcKoGzJqCibnmpxuka7FRJgK1x99JXxDSjROw+G+cCK8

Debug level 1: CLIENT -> SERVER: dZFFA2ARSrGT6MUggmUBawIwQlcHLRA+ok26vi8p3JKJLln0Ts/JoSNJxOpJg7pjhhUvvm0phs+C

Debug level 1: CLIENT -> SERVER: G7IX+JXdr/RkS6D2waetkh8Cx0zcra+GLLHx0Q46+p7i3dCcyX4qQ5P6KsOG4FNJyTs0mPRR8/fU

Debug level 1: CLIENT -> SERVER: nB6dluBJQ7/SmoYMqbYhela0VLXFyjVXH35spUpRmGxSW2C0v0NMVbiDNdmVxBF4Sb5quEadEUHC

Debug level 1: CLIENT -> SERVER: SosDU8WSme7ILtfbg3MRZtzhI5oWS0yq4E6xRW/8r+5JSxU8KHNQNsDFPYAPLrXuXY+7c+PxQXAy

Debug level 1: CLIENT -> SERVER: 2myZSwi1Z80jUCNYmmeKX0+SW6kGfDBhDT0RrS1/ADpi6I1EussbX7OQ7rIxvKKfH09ZzgeOgfgb

Debug level 1: CLIENT -> SERVER: r/cM8Q0zNMQKi3faq0mbREv82ORAYgA0oFjTGsYoy+RoTm2jl1Blo5dCnRBR9yX/hwXWd6olB+MR

Debug level 1: CLIENT -> SERVER: AhdOB42/LSZDEB4a35/9h+b5mMlozyyf59bWBf5nqg2frGzZ6GduZg9Mpkw0FbC5nx6hB2CHgxcY

Debug level 1: CLIENT -> SERVER: YdYKfaIBITMl2YageLxyA2WNsR//LLtzF7QHvl7MCGdLCjSK1J4pT2PweZe0viCZQpOF86nCVB68

Debug level 1: CLIENT -> SERVER: Tiw6zfO1d8tz3JWsn+mZRt1wbpHRS7+XS8rbEH6DQhrd/mdq++A1ubvmLu98PS4f+q5e/w9QSwcI

Debug level 1: CLIENT -> SERVER: PQRXfvwEAACZHwAAUEsDBBQACAgIAJZtQlsAAAAAAAAAAAAAAAAVAAAATUVUQS1JTkYvbWFuaWZl

Debug level 1: CLIENT -> SERVER: c3QueG1stZVLbsMgEED3OYXF3tBmVVlxIrVST5AegOCxg8RPzBAlty+OlMRto6qpzA4seG8YPMNq

Debug level 1: CLIENT -> SERVER: c7SmOkBE7V3LnvkTq8Ap32k3tOxj+16/sM16sbLS6R6QmsugyvscXqctS9E1XqLGxkkL2JBqfADX

Debug level 1: CLIENT -> SERVER: eZUsOGq+rm9G03pR3cC9NlDnhfFU3WTQaVnTKUDLZAhGK0k5TnFwHT+7+FTBCY7Ebrsnp1pOPvfJ

Debug level 1: CLIENT -> SERVER: mDpI2rdMMPFQDPcpb971ekjxHBsuBZKkhDsZy+ClUmAgT30UKsU4njwnt7iriKA3XhIUggcfUsh/

Debug level 1: CLIENT -> SERVER: RiqEj36IgOVuegy9GJy8N8Xg2soBULxqsjJgUceD7O9tBJMbq4cnzdVU8LcYHpSPDUqMtXoXnv30

Debug level 1: CLIENT -> SERVER: v2L+nYt0MoCzYy2QnK3xbPfJ7pzUBgVdhjy4YW74vIkFovxOXlO7Ej+eyfUnUEsHCGWCSNpEAQAA

Debug level 1: CLIENT -> SERVER: YQcAAFBLAQIUABQAAAgAAJZtQltexjIMJwAAACcAAAAIAAAAAAAAAAAAAAAAAAAAAABtaW1ldHlw

Debug level 1: CLIENT -> SERVER: ZVBLAQIUABQAAAgAAJZtQlsAAAAAAAAAAAAAAAAaAAAAAAAAAAAAAAAAAE0AAABDb25maWd1cmF0

Debug level 1: CLIENT -> SERVER: aW9uczIvc3RhdHVzYmFyL1BLAQIUABQACAgIAJZtQlsAAAAAAgAAAAAAAAAnAAAAAAAAAAAAAAAA

Debug level 1: CLIENT -> SERVER: AIUAAABDb25maWd1cmF0aW9uczIvYWNjZWxlcmF0b3IvY3VycmVudC54bWxQSwECFAAUAAAIAACW

Debug level 1: CLIENT -> SERVER: bUJbAAAAAAAAAAAAAAAAGAAAAAAAAAAAAAAAAADcAAAAQ29uZmlndXJhdGlvbnMyL2Zsb2F0ZXIv

Debug level 1: CLIENT -> SERVER: UEsBAhQAFAAACAAAlm1CWwAAAAAAAAAAAAAAABoAAAAAAAAAAAAAAAAAEgEAAENvbmZpZ3VyYXRp

Debug level 1: CLIENT -> SERVER: b25zMi9wb3B1cG1lbnUvUEsBAhQAFAAACAAAlm1CWwAAAAAAAAAAAAAAABwAAAAAAAAAAAAAAAAA

Debug level 1: CLIENT -> SERVER: SgEAAENvbmZpZ3VyYXRpb25zMi9wcm9ncmVzc2Jhci9QSwECFAAUAAAIAACWbUJbAAAAAAAAAAAA

Debug level 1: CLIENT -> SERVER: AAAAGAAAAAAAAAAAAAAAAACEAQAAQ29uZmlndXJhdGlvbnMyL21lbnViYXIvUEsBAhQAFAAACAAA

Debug level 1: CLIENT -> SERVER: lm1CWwAAAAAAAAAAAAAAABgAAAAAAAAAAAAAAAAAugEAAENvbmZpZ3VyYXRpb25zMi90b29sYmFy

Debug level 1: CLIENT -> SERVER: L1BLAQIUABQAAAgAAJZtQlsAAAAAAAAAAAAAAAAfAAAAAAAAAAAAAAAAAPABAABDb25maWd1cmF0

Debug level 1: CLIENT -> SERVER: aW9uczIvaW1hZ2VzL0JpdG1hcHMvUEsBAhQAFAAICAgAlm1CWzAe56wnBQAAdBQAAAsAAAAAAAAA

Debug level 1: CLIENT -> SERVER: AAAAAAAALQIAAGNvbnRlbnQueG1sUEsBAhQAFAAICAgAlm1CW1SDDo15CwAAK1QAAAoAAAAAAAAA

Debug level 1: CLIENT -> SERVER: AAAAAAAAjQcAAHN0eWxlcy54bWxQSwECFAAUAAAIAACWbUJboEOsrfwDAAD8AwAACAAAAAAAAAAA

Debug level 1: CLIENT -> SERVER: AAAAAAA+EwAAbWV0YS54bWxQSwECFAAUAAgICACWbUJbHKB7hX0LAACoDQAAGAAAAAAAAAAAAAAA

Debug level 1: CLIENT -> SERVER: AABgFwAAVGh1bWJuYWlscy90aHVtYm5haWwucG5nUEsBAhQAFAAICAgAlm1CWz0EV378BAAAmR8A

Debug level 1: CLIENT -> SERVER: AAwAAAAAAAAAAAAAAAAAIyMAAHNldHRpbmdzLnhtbFBLAQIUABQACAgIAJZtQltlgkjaRAEAAGEH

Debug level 1: CLIENT -> SERVER: AAAVAAAAAAAAAAAAAAAAAFkoAABNRVRBLUlORi9tYW5pZmVzdC54bWxQSwUGAAAAAA8ADwDuAwAA

Debug level 1: CLIENT -> SERVER: 4CkAAAAA

Debug level 1: CLIENT -> SERVER: 

Debug level 1: CLIENT -> SERVER: --b1=_o55JyYMbCCxC2qhUssM3RmqXl4TOr55n3CwIxRM--

Debug level 1: CLIENT -> SERVER: 

Debug level 1: CLIENT -> SERVER: .

Debug level 2: SERVER -> CLIENT: 250 2.0.0 Ok: queued as 82AEA8024BD

Debug level 1: CLIENT -> SERVER: QUIT

Debug level 2: SERVER -> CLIENT: 221 2.0.0 Bye

