Debug level 2: SERVER -> CLIENT: 220 smtp-sp217-191.kinghost.net ESMTP

Debug level 1: CLIENT -> SERVER: EHLO localhost

Debug level 2: SERVER -> CLIENT: 250-smtp-sp217-191.kinghost.net
250-PIPELINING
250-SIZE 62914560
250-VRFY
250-ETRN
250-STARTTLS
250-AUTH PLAIN LOGIN
250-AUTH=PLAIN LOGIN
250-ENHANCEDSTATUSCODES
250-8BITMIME
250-DSN
250 CHUNKING

Debug level 1: CLIENT -> SERVER: AUTH LOGIN

Debug level 2: SERVER -> CLIENT: 334 VXNlcm5hbWU6

Debug level 1: CLIENT -> SERVER: [credentials hidden]
Debug level 2: SERVER -> CLIENT: 334 UGFzc3dvcmQ6

Debug level 1: CLIENT -> SERVER: [credentials hidden]
Debug level 2: SERVER -> CLIENT: 235 2.7.0 Authentication successful

Debug level 1: CLIENT -> SERVER: MAIL FROM:<ourodosul@ourodosul.com.br>

Debug level 2: SERVER -> CLIENT: 250 2.1.0 Ok

Debug level 1: CLIENT -> SERVER: RCPT TO:<claulermen1@gmail.com>

Debug level 2: SERVER -> CLIENT: 250 2.1.5 Ok

Debug level 1: CLIENT -> SERVER: DATA

Debug level 2: SERVER -> CLIENT: 354 End data with <CR><LF>.<CR><LF>

Debug level 1: CLIENT -> SERVER: Date: Tue, 30 Sep 2025 15:50:39 +0200

Debug level 1: CLIENT -> SERVER: To: claulermen1@gmail.com

Debug level 1: CLIENT -> SERVER: From: ourodosul@ourodosul.com.br

Debug level 1: CLIENT -> SERVER: Subject: =?iso-8859-1?Q?Atualiza=C3=A7=C3=A3o_de_Cadastro?=

Debug level 1: CLIENT -> SERVER: Message-ID: <hVS80GnzDAZ5H0GSKIqOjtuJz7o5GKpx0450uGOIQ@localhost>

Debug level 1: CLIENT -> SERVER: X-Mailer: PHPMailer 6.10.0 (https://github.com/PHPMailer/PHPMailer)

Debug level 1: CLIENT -> SERVER: MIME-Version: 1.0

Debug level 1: CLIENT -> SERVER: Content-Type: multipart/mixed;

Debug level 1: CLIENT -> SERVER:  boundary="b1=_hVS80GnzDAZ5H0GSKIqOjtuJz7o5GKpx0450uGOIQ"

Debug level 1: CLIENT -> SERVER: Content-Transfer-Encoding: 8bit

Debug level 1: CLIENT -> SERVER: 

Debug level 1: CLIENT -> SERVER: --b1=_hVS80GnzDAZ5H0GSKIqOjtuJz7o5GKpx0450uGOIQ

Debug level 1: CLIENT -> SERVER: Content-Type: multipart/alternative;

Debug level 1: CLIENT -> SERVER:  boundary="b2=_hVS80GnzDAZ5H0GSKIqOjtuJz7o5GKpx0450uGOIQ"

Debug level 1: CLIENT -> SERVER: 

Debug level 1: CLIENT -> SERVER: --b2=_hVS80GnzDAZ5H0GSKIqOjtuJz7o5GKpx0450uGOIQ

Debug level 1: CLIENT -> SERVER: Content-Type: text/plain; charset=iso-8859-1

Debug level 1: CLIENT -> SERVER: Content-Transfer-Encoding: 8bit

Debug level 1: CLIENT -> SERVER: 

Debug level 1: CLIENT -> SERVER: (Sem conteúdo)

Debug level 1: CLIENT -> SERVER: 

Debug level 1: CLIENT -> SERVER: --b2=_hVS80GnzDAZ5H0GSKIqOjtuJz7o5GKpx0450uGOIQ

Debug level 1: CLIENT -> SERVER: Content-Type: text/html; charset=iso-8859-1

Debug level 1: CLIENT -> SERVER: Content-Transfer-Encoding: 8bit

Debug level 1: CLIENT -> SERVER: 

Debug level 1: CLIENT -> SERVER: <p>(Sem conteúdo)</p>

Debug level 1: CLIENT -> SERVER: 

Debug level 1: CLIENT -> SERVER: 

Debug level 1: CLIENT -> SERVER: --b2=_hVS80GnzDAZ5H0GSKIqOjtuJz7o5GKpx0450uGOIQ--

Debug level 1: CLIENT -> SERVER: 

Debug level 1: CLIENT -> SERVER: --b1=_hVS80GnzDAZ5H0GSKIqOjtuJz7o5GKpx0450uGOIQ

Debug level 1: CLIENT -> SERVER: Content-Type: application/octet-stream; name="7316 .4 LUIS EDUARDO LERMEN.odt"

Debug level 1: CLIENT -> SERVER: Content-Transfer-Encoding: base64

Debug level 1: CLIENT -> SERVER: Content-Disposition: attachment; filename="7316 .4 LUIS EDUARDO LERMEN.odt"

Debug level 1: CLIENT -> SERVER: 

Debug level 1: CLIENT -> SERVER: UEsDBBQAAAgAAE5uPltexjIMJwAAACcAAAAIAAAAbWltZXR5cGVhcHBsaWNhdGlvbi92bmQub2Fz

Debug level 1: CLIENT -> SERVER: aXMub3BlbmRvY3VtZW50LnRleHRQSwMEFAAACAAATm4+WwAAAAAAAAAAAAAAABoAAABDb25maWd1

Debug level 1: CLIENT -> SERVER: cmF0aW9uczIvc3RhdHVzYmFyL1BLAwQUAAgICABObj5bAAAAAAAAAAAAAAAAJwAAAENvbmZpZ3Vy

Debug level 1: CLIENT -> SERVER: YXRpb25zMi9hY2NlbGVyYXRvci9jdXJyZW50LnhtbAMAUEsHCAAAAAACAAAAAAAAAFBLAwQUAAAI

Debug level 1: CLIENT -> SERVER: AABObj5bAAAAAAAAAAAAAAAAGAAAAENvbmZpZ3VyYXRpb25zMi9mbG9hdGVyL1BLAwQUAAAIAABO

Debug level 1: CLIENT -> SERVER: bj5bAAAAAAAAAAAAAAAAGgAAAENvbmZpZ3VyYXRpb25zMi9wb3B1cG1lbnUvUEsDBBQAAAgAAE5u

Debug level 1: CLIENT -> SERVER: PlsAAAAAAAAAAAAAAAAcAAAAQ29uZmlndXJhdGlvbnMyL3Byb2dyZXNzYmFyL1BLAwQUAAAIAABO

Debug level 1: CLIENT -> SERVER: bj5bAAAAAAAAAAAAAAAAGAAAAENvbmZpZ3VyYXRpb25zMi9tZW51YmFyL1BLAwQUAAAIAABObj5b

Debug level 1: CLIENT -> SERVER: AAAAAAAAAAAAAAAAGAAAAENvbmZpZ3VyYXRpb25zMi90b29sYmFyL1BLAwQUAAAIAABObj5bAAAA

Debug level 1: CLIENT -> SERVER: AAAAAAAAAAAAHwAAAENvbmZpZ3VyYXRpb25zMi9pbWFnZXMvQml0bWFwcy9QSwMEFAAICAgATm4+

Debug level 1: CLIENT -> SERVER: WwAAAAAAAAAAAAAAAAsAAABjb250ZW50LnhtbL1YwW7jNhC99ytYL1C0B5lxsm03auwg3TjFAk42

Debug level 1: CLIENT -> SERVER: WDtor4xEWUQpkUtStrOn/kO/oKei35E/6Zd0SFmMFFteOS42B8eaeTPzODMcUj47X2UcLajSTOTD

Debug level 1: CLIENT -> SERVER: 3qB/1EM0j0TM8vmwdze7Ct70zkdfnYkkYRENYxEVGc1NEIncwH8E1rkOS+2wV6g8FEQzHeYkozo0

Debug level 1: CLIENT -> SERVER: USgkzSursI4OXaxSos0D72zuwHVrQ1emq7HFNmzJfffIDly3jhVZdjW2WEhq3TwRXY1XmgeJgKxn

Debug level 1: CLIENT -> SERVER: khj2jMWKs/z3YS81RoYYL5fL/vKkL9QcD05PT7HTesKRx8lCcYeKI0w5tcE0HvQHuMJm1JCu/Cy2

Debug level 1: CLIENT -> SERVER: TikvsnuqOqeGGLJRVb2Yd+6IxbwlNVFKVOfecOBmeU/i7uU9ieu2GTFpS03e4GtQuo/ryVMvqKxr

Debug level 1: CLIENT -> SERVER: LIttpCpSTHZeZomu2wshPFVrUG5QR/f46Og1Lp9r6OVO+FIxQ1UNHu2ER4RHPuMi25Y0wA0wIAK6

Debug level 1: CLIENT -> SERVER: sG3qG98mQrcYHONS7cE6bnX92/VkGqU0I09g9nlwwHJtSP6UGWWL0LrS77GiUijjE5N0H5hQrWMf

Debug level 1: CLIENT -> SERVER: JU6IDwNI3XceAmvoYtU9YLszsTV55TuNUV61tSe5jk9XkipmDQm3lQsyDauEagoZ1qzL5llb1g6P

Debug level 1: CLIENT -> SERVER: 496oOinKLtPYCxI4MYKERDSIacT16Kzc8V6MymfLY9ibkVTYasDOrhAZ4w9egXebvyWc3Ss22OJg

Debug level 1: CLIENT -> SERVER: reqhhr3VBXOaw+KhWfWSad0xxgtDKFhF3kBIZiKYGAuimD1mOoZHEzZPzRYS3xAp9E8NVCn6grS2

Debug level 1: CLIENT -> SERVER: 5f9lvMqKHMDraguV3REftKHZISEnRcRigqYk1+guZ3Cnoq352ILtkpWDOV5P0S/CpCxqZeYR/xsf

Debug level 1: CLIENT -> SERVER: 3DYQ1nJSGOhCw6LA+fGTwn022N8OfKw1Z0kUmSsi00oBAntddQ9BaTWFmR0TFVeQDO4eVAWSzDcQ

Debug level 1: CLIENT -> SERVER: VWjvNpAwCakyjGofwJqtrzuWultijXE7/dkGfXs79UHtQz1eIsJIcAFhXh25v8raAUVh4KIHXhPC

Debug level 1: CLIENT -> SERVER: NW2orDwwqRLFPA3WV+1c5LRRqOeDE6I5uWafQD4YSFOTVT5URrgTuzg6JbG9GtR9O0WRx1Q5Fo3o

Debug level 1: CLIENT -> SERVER: lbsltVPgyd8zVgGcbiRvDPUngKVXAUqSdaWr+lq7xXsZeAfAhbc3S05Xuwh4SAsFr28n0QJx+aOZ

Debug level 1: CLIENT -> SERVER: TElZiI3cisW21G4DrJvHBXXfNzsVt27BteJexA/+wbofnbk3Kk0/FvDa6LfyphA5Ucy05OSh6taA

Debug level 1: CLIENT -> SERVER: w4WOD3vQyk5dNuE7zgttFMQXueV4kLNZNXYO82I35qFOLss3QJf29qzJ0qQ+sWDOjX4WGYoZ+Rpd

Debug level 1: CLIENT -> SERVER: fCwYevwHwXHxvlACxQJNC95Ht3BmZEIjeDO3NzKiEFw2EbHo83U82R6iNvKcDl51ccvXH08GP6D+

Debug level 1: CLIENT -> SERVER: azS5ezdF48u7iw+X79Fk/OF6fLNPnDHcnS1fGM8KZALRzHI3xAhk5y0ipoAN9wkWommBIhLDnFai

Debug level 1: CLIENT -> SERVER: XKhFJgw2ilNqSEYMrs7RPgRuREbDvSze3l6hf//4cy+bS3i3RUD4hujIXaxFuFeWMsI4+lbaNWuq

Debug level 1: CLIENT -> SERVER: rKeE8VR8B8xr1dnD4wxe9mEG0KaDz32dQXV+TYnRF1Ke72X5Qppje2bQx7/FfiW6EY1uQVSbx79A

Debug level 1: CLIENT -> SERVER: lCGB4JSmdsNQcFDmoL+Ha/xlMbgxZHFj/uKWX+NG/wFQSwcIFEQLSOoEAADOEwAAUEsDBBQACAgI

Debug level 1: CLIENT -> SERVER: AE5uPlsAAAAAAAAAAAAAAAAKAAAAc3R5bGVzLnhtbN1czZLbuBG+5ylUciU3SiT1r3i8lTjrJFV2

Debug level 1: CLIENT -> SERVER: Jdmxz1sQCUmMKYIFgqPRvk4OOeUp/GJpAAQJkiBF/Vme2alyrdANoPH1D5oNkG9/et6FvSdMk4BE

Debug level 1: CLIENT -> SERVER: D31nYPd7OPKIH0Sbh/6Xzx+sef+nd797S9brwMNLn3jpDkfMStghxEkPOkfJUhIf+imNlgQlQbKM

Debug level 1: CLIENT -> SERVER: 0A4nS+YtSYwj1Wmpcy/FVLJFDNa1u2DWezP8zLp25rylvmjVfWbBrPf2Kdp37cx5AVO9+5p07fyc

Debug level 1: CLIENT -> SERVER: hNaaWB7ZxYgFFSmewyD6+tDfMhYvh8P9fj/YjwaEbobOYrEYCmousJfzxSkNBZfvDXGI+WTJ0Bk4

Debug level 1: CLIENT -> SERVER: Q8W7wwx1lY/z6iJF6W6FaWdoEEM1rSZPm84W8bRpgMbbItrZNgRzWb0jv7t6R77ed4fYtkEn8+En

Debug level 1: CLIENT -> SERVER: IIp/Pn0sbIHuus7FeUtQeTSIOy9Tcuv9CSG5qLyDdFAhrmvb46H8rXHvW9n3NGCYauxeK7uHQi9H

Debug level 1: CLIENT -> SERVER: nOxMoAGfMwQOCz9xM1XclC+6ceTJkOKYUJYLsu4eoAAdN5/FX6N8GuBMBmIEi3cUc+kjDLknDHmX

Debug level 1: CLIENT -> SERVER: N/1eFui04Or236lIuiYQRdfIw5aPvTB591Z6QN7ck7+5nA/9z2hLdqjfA0tXHLsgPOSEYXv39ygM

Debug level 1: CLIENT -> SERVER: VjRwDANkpH6v1J/TrA2OMA1Aeck+SJKOc5w5BYVVRCWOOGAeeNATogEPux2n730MNltmEOIPKCbJ

Debug level 1: CLIENT -> SERVER: H0tcsuk7imXC/zy5pEYukOuDQZT2GQ8Jw7tLpvyYeoGPeo8oSnpfogBSDNyIh4G3CyoXy/jpsfdX

Debug level 1: CLIENT -> SERVER: wraB1yhZznE1eYZNASFrl5mWktvHa5SGWf6lRs4k3FAUc9kVb/bbiimEKMoCyNd4FrJMtsgnewvG

Debug level 1: CLIENT -> SERVER: TzCznh/69mDkgZwG4qFCZLBFWpBRYCuJkQf5jLUlNPgNREchZ3XnrcxPXAyvzgoBtOuoNVbDmBks

Debug level 1: CLIENT -> SERVER: IaxjH7CtJTPENQoTzQJiRJFASMdnTZZi8C3mnggh257/Xo3HR7FQygifGYwl8DGRA6Aw3iLFJvqv

Debug level 1: CLIENT -> SERVER: KEaQkyUMDIEpCt8YucQ7MOeHfkgttioZRxD5mO8lPL/Wl6hEV5JDHgr6J3HCrad5MTk7l1tbo2xN

Debug level 1: CLIENT -> SERVER: EwzgRFzXYnKPhAQyNkZTcEuAQTQmwW8gqePETLSFKNqkaANNWYNH0ohRMJI//5IvHzPY/a2vmEZC

Debug level 1: CLIENT -> SERVER: dDmgtko+pgU7KIrUyFnHbHBFw3ngzWZRhC+P9fF4+hfi54YRcyqi1TFz0uOf+gWcJS/r4no5/v1j

Debug level 1: CLIENT -> SERVER: 5rVDdBNEFqgPDJYba9G2IozxBIjbsZuRDNYIrdtDvMUR5LskskLk+wC4WNBDPyJgOruAnWi0cRp5

Debug level 1: CLIENT -> SERVER: LJUD7oEMCQ+ABwo8btXKGi0/AI+P+CSQ6EycwhHLdh+DRgovPMM4Nd1XUo9bmi2fSlmgeSu7nYmL

Debug level 1: CLIENT -> SERVER: uXNL/XAj89cNC6uYU7U2incITJU/KymTc2tMcZpsKywX+JZ47NaDX4h1i5FP5StCuRdwE4OdAOwl

Debug level 1: CLIENT -> SERVER: RHHC7ffSiS1K9pXJoaXi1F8xjsGlN5ht+WMv97djE+sTSjN+BO/xEfX7jbFFKS9ESQLigescDTeE

Debug level 1: CLIENT -> SERVER: gpdHidLSPgCfkr+a96QLnLNY9JHFfg5YiI+uFBryYpNlRiniMuoMn6HhV9f+dUX8wzmIlQL0YOyO

Debug level 1: CLIENT -> SERVER: moK0M3bMQdqWQVoYhcg/IpF/oHCPDskxdOtxLX94KIc3d67CmwxdebJg2QPbmRfh96TQpmfA5oAm

Debug level 1: CLIENT -> SERVER: 5z0rOomu3U3EoEjYY+IQHTRV93TyJYZ0to00buIO38Q7L/cjbJ/nrKPF3kM+ZEdzK7RU1BS6Cf4e

Debug level 1: CLIENT -> SERVER: xTzqX1EHIClFJzqqRLtFET1R+5WVSZFeJ/keJyjCiVXh0m5200qS4WZeKNt4D0iy4LmlxYNkH50o

Debug level 1: CLIENT -> SERVER: IMmohs5G/bQkAebxc3o2Q2cF/x0eSZ6vqN5AjNeq3ivp6mo2/jeM+IkI9zPHHIsyjp7z3TY1lVaQ

Debug level 1: CLIENT -> SERVER: lAk8QvzEcx/n8k1vOpoc3/RO3d5E3i0yhTfuejJeTJszeVXFq2x4dtWs9V2pSjxhV7JP2ZU0S3Db

Debug level 1: CLIENT -> SERVER: LcG9tyW4l1tC8SD6I1mCM22xhBrxhKen6ZmWMGq3hNG9LWH0ciyhoulxm6arxBM0PT5T0+N2TY/v

Debug level 1: CLIENT -> SERVER: renx5Zou1FnTtD27haabk6aT8qIPhr5n5zyayiftKp/cW+WTl6PyFt2do5lpu2am99bM9HLNFPBX

Debug level 1: CLIENT -> SERVER: NXO5ViYL/vdyHHHWru7ZvdU9exnqvrITztu1Mr+3VuYXa+VmGnFn/O/lOOCiXdWLe6t68eOr+hrO

Debug level 1: CLIENT -> SERVER: 95iu2D3K594Wxfxm1zFE5ZljGGzAVj0QAOfHTv9OExasDxY/mYEZ94T6tXP5UzYs7RnBUAiHcOpO

Debug level 1: CLIENT -> SERVER: M9WdUp6rPXNc4nz1x44r+ua/UsIuM4OrPQQWpJupf2zzv2uEywth56V67iP/rCJdjoucrVfjuaWa

Debug level 1: CLIENT -> SERVER: Qrxm4vh9VlYTlUdTtq6hQFw0yRrl6Pzc0ioRc+V0rRQzHCWYY1MyzTIuGVfvu1mvgmXijo24GCjH

Debug level 1: CLIENT -> SERVER: K6EF6SyDP0cPvE+MfL7ZZmtSGlWtFUWr5mw1o8moQiiWU9Cyo3Q5QUQirLdmE1SbVfrKzx17CQkD

Debug level 1: CLIENT -> SERVER: v6c/52dc2lOlgfH71g4uDAF/kRlIKQrwHx9gbLPVZz2KgNDTefM7BzxlGTbP+/nb/1gaEnEQwf95

Debug level 1: CLIENT -> SERVER: vy0udVQORyVnz+npPKV5XnmpXsPK7YaVewesfoxitobVqBtWo6tg9SOWezUsxt2wGF8Xi7OD2g0f

Debug level 1: CLIENT -> SERVER: AzVQJt1AmdzCmc56YNJkn3aTfXqR7C+isKaBMusGyuwqoFxZofNuss8vM8aXUKjRQFl0A2VxFVCu

Debug level 1: CLIENT -> SERVER: rNDjYp8s9InJy9Uu1t3l2hyvDnVBs+C7bqzrWJO59yb/Htzr23+//ecISjnbRSD9MJUL7QH95128

Debug level 1: CLIENT -> SERVER: 5S8ytj+jV7nul9tcuPKSvuXqUFfVZ+w/SJJ3PRP4Ba8xxZF3pE5TY+u6diGueNeN1zCSHQpDy0Nx

Debug level 1: CLIENT -> SERVER: 0m8AxhAs7IVewN1nd6xXJPRLmEiCAq2JnGMmGDoj9o+PP1dX3uFVO3FREUXellCLHWJcLm09bZbP

Debug level 1: CLIENT -> SERVER: quYD/38o1X/kGziyxiJb1EtuVkz4uQaJawTKD0BqxbPiPTrZs1ye0qiV7jVsxGrUcYsBIknpVxjF

Debug level 1: CLIENT -> SERVER: uUzGLi9uVu4oRunO4q+zI1BqDia/tpx1reKpk0gSiLdNUOQLk8HqJQa0ArKox/FXsk3DVliysUXj

Debug level 1: CLIENT -> SERVER: moQh2WPfWh3kBWqGVn1t8vx1JzU/N9PZ1DWVVi2dUqpFKkKBs3HRQG3CsyPS7qtC2oEEbGpEWqdU

Debug level 1: CLIENT -> SERVER: qr6ScHOkR68M6fwMoQp09XChdOhwc5jHrwzm4uShinPtTKJ8jHFzpCevDOnZbN6AdEGpIC0JN0d6

Debug level 1: CLIENT -> SERVER: +qqQdgf2yLwd6pQS0opwc6Rnrwxpd27eDnVKBWlJuDnS81eG9MQcpjVCBefJdwnSi1cG82zRhHNB

Debug level 1: CLIENT -> SERVER: qQAtCTdH2rFfFdSjgT0274c6pQS1IlwCdZmk4x8RhhN4RI/WwSal4kMCvZxgZVfQ1oSwSLs1oqvC

Debug level 1: CLIENT -> SERVER: yVYsvzvzhMIU85cDZaPqmGgQiC9R6H3kG4X8XgQfT33Ti6+3u4Q48psEDMwCquE5IoUEpmka34eU

Debug level 1: CLIENT -> SERVER: X+sR76svFkUdwYRONkiBAtdtRgsij4ovAfLkT/s0kRit+CIRv54CYwaepQhyOo4nWOkBtFsqDnyK

Debug level 1: CLIENT -> SERVER: d07fwFSpFgnKPvD5h/Nce7BYqNKPIKjX693FYNqyxmwSgJBZhAawFpQpm1BGUcBql3xchVn9ko+B

Debug level 1: CLIENT -> SERVER: lHmC8RqR9u2hlk/9ZGvf0MBXn05449n8z8SRKdsdz2zHRF+hpMAm/1xBnY+mq0PBZ+aRwuplp9oI

Debug level 1: CLIENT -> SERVER: EGz41/8y26szCeBb6FmBscKhnNPaoeeSkMXXujKGBMcKYWkolSMZ9Q0aEBSMQvCL91tsx8CD1qLa

Debug level 1: CLIENT -> SERVER: aGBBPr+5JT1B+odspxDIlIVO8g9DKS3a4j8tPJptXS1qixG/FCV+DPWVao31gQqvrLthRtihJB8j

Debug level 1: CLIENT -> SERVER: ny1r5COVj4sqF4J1mTX31aJBZfih+dOw7/4PUEsHCCeojhaQCwAAWlYAAFBLAwQUAAAIAABObj5b

Debug level 1: CLIENT -> SERVER: la2fnPwDAAD8AwAACAAAAG1ldGEueG1sPD94bWwgdmVyc2lvbj0iMS4wIiBlbmNvZGluZz0iVVRG

Debug level 1: CLIENT -> SERVER: LTgiPz4KPG9mZmljZTpkb2N1bWVudC1tZXRhIHhtbG5zOm9mZmljZT0idXJuOm9hc2lzOm5hbWVz

Debug level 1: CLIENT -> SERVER: OnRjOm9wZW5kb2N1bWVudDp4bWxuczpvZmZpY2U6MS4wIiB4bWxuczp4bGluaz0iaHR0cDovL3d3

Debug level 1: CLIENT -> SERVER: dy53My5vcmcvMTk5OS94bGluayIgeG1sbnM6ZGM9Imh0dHA6Ly9wdXJsLm9yZy9kYy9lbGVtZW50

Debug level 1: CLIENT -> SERVER: cy8xLjEvIiB4bWxuczptZXRhPSJ1cm46b2FzaXM6bmFtZXM6dGM6b3BlbmRvY3VtZW50OnhtbG5z

Debug level 1: CLIENT -> SERVER: Om1ldGE6MS4wIiB4bWxuczpvb289Imh0dHA6Ly9vcGVub2ZmaWNlLm9yZy8yMDA0L29mZmljZSIg

Debug level 1: CLIENT -> SERVER: b2ZmaWNlOnZlcnNpb249IjEuMiI+PG9mZmljZTptZXRhPjxtZXRhOmluaXRpYWwtY3JlYXRvcj5l

Debug level 1: CLIENT -> SERVER: bGlzZXU8L21ldGE6aW5pdGlhbC1jcmVhdG9yPjxtZXRhOmVkaXRpbmctY3ljbGVzPjI8L21ldGE6

Debug level 1: CLIENT -> SERVER: ZWRpdGluZy1jeWNsZXM+PG1ldGE6Y3JlYXRpb24tZGF0ZT4yMDI1LTA5LTI5VDEyOjI1OjAwPC9t

Debug level 1: CLIENT -> SERVER: ZXRhOmNyZWF0aW9uLWRhdGU+PGRjOmRhdGU+MjAyNS0wOS0zMFQxMDo1MDoyOS40OTwvZGM6ZGF0

Debug level 1: CLIENT -> SERVER: ZT48bWV0YTplZGl0aW5nLWR1cmF0aW9uPlBUMDBIMDBNMDBTPC9tZXRhOmVkaXRpbmctZHVyYXRp

Debug level 1: CLIENT -> SERVER: b24+PG1ldGE6Z2VuZXJhdG9yPkJyT2ZmaWNlLm9yZy8zLjEkV2luMzIgT3Blbk9mZmljZS5vcmdf

Debug level 1: CLIENT -> SERVER: cHJvamVjdC8zMTBtMTEkQnVpbGQtOTM5OTwvbWV0YTpnZW5lcmF0b3I+PG1ldGE6ZG9jdW1lbnQt

Debug level 1: CLIENT -> SERVER: c3RhdGlzdGljIG1ldGE6dGFibGUtY291bnQ9IjAiIG1ldGE6aW1hZ2UtY291bnQ9IjAiIG1ldGE6

Debug level 1: CLIENT -> SERVER: b2JqZWN0LWNvdW50PSIwIiBtZXRhOnBhZ2UtY291bnQ9IjEiIG1ldGE6cGFyYWdyYXBoLWNvdW50

Debug level 1: CLIENT -> SERVER: PSIxMCIgbWV0YTp3b3JkLWNvdW50PSI1NSIgbWV0YTpjaGFyYWN0ZXItY291bnQ9IjMyMyIvPjxt

Debug level 1: CLIENT -> SERVER: ZXRhOnRlbXBsYXRlIHhsaW5rOnR5cGU9InNpbXBsZSIgeGxpbms6YWN0dWF0ZT0ib25SZXF1ZXN0

Debug level 1: CLIENT -> SERVER: IiB4bGluazp0aXRsZT0iTm9ybWFsIiB4bGluazpocmVmPSIiLz48L29mZmljZTptZXRhPjwvb2Zm

Debug level 1: CLIENT -> SERVER: aWNlOmRvY3VtZW50LW1ldGE+UEsDBBQACAgIAE5uPlsAAAAAAAAAAAAAAAAYAAAAVGh1bWJuYWls

Debug level 1: CLIENT -> SERVER: cy90aHVtYm5haWwucG5n7VZ7PBOKF5+6lXTJjSgtUh5XeYSYeUxFP9Y8ul495hHyahmzmNe18sid

Debug level 1: CLIENT -> SERVER: Fi7aGFoPr8VIQjYmPYhhJY1ZXrEtRvKY5TH7+X3u7/e79/fv7+/71znff87nnPM953sO7pyLg7yc

Debug level 1: CLIENT -> SERVER: mhwAAJCHOtq7bdp6AEAGILt90xMdAXEBgF26UPtTHrFFs8W2URMWKunkx/yfU5MpTbIwXMST8VT8

Debug level 1: CLIENT -> SERVER: 9YxM4KrKWQ/rNt82mU565DzxB85XDqc+vQG7CsFcVN5248ZS/aV4CWDdnFUn8/M8NwQDGHt06mr2

Debug level 1: CLIENT -> SERVER: VsophZLt4Gy1yZP/H5g4RClvwjIKfSzR5hyLTH6RKUIN0e3yoZ+1gZdCUzu4DTbOkkVr2rlycRB8

Debug level 1: CLIENT -> SERVER: FN8qEpPK5rNEdUbKrJW+2uF390TjjNLVDyfSrR5FDIZXe3atdcRjeYO9Ho87gkESZ4NqiWxaovQV

Debug level 1: CLIENT -> SERVER: 5x2yAkHnWrSz/WLljiwIEoeNY65QJ25/N/l4BiYZGW1owktRPUOteg3E1Yk5cmachKHawXDPOtXV

Debug level 1: CLIENT -> SERVER: hmw8nxBP08EVavlGWmcowiykOc6LFs2rExCmutZzznFvqvBloF3VZMCwnkemUbS/nKhDg7Ge66MP

Debug level 1: CLIENT -> SERVER: ASZ2D3TxWq600SH5JvG4wM7ulZmWBeoS5gBy4/dK4vevNXFQG7zqLpBgbCq/+eBEbAAc5CeYbsaL

Debug level 1: CLIENT -> SERVER: Q+q+Bkws9iBjRLalVUam3jOlxVW7A2u/JCQq6N8Z1fEL3tfLN/SfoWDnjZLRshJVoFY0+irdUKNx

Debug level 1: CLIENT -> SERVER: I+2TNT8I0fdLLpKYM3y79OEHa+c7WNMEcH14nD6xK3qBvhFvC2ww8uoCMZt84qRWKmE0Z3T4lDv3

Debug level 1: CLIENT -> SERVER: 4vmhC9Wcuw/0Awc/iaMJxnzLHhNC8Plg0jBvj1REWWvypeNbrGZv7WgdK0wsQ7rQjPjYA4ULg9L9

Debug level 1: CLIENT -> SERVER: DFw/AKvxB6Ox+yjlU3HqBmk7Ah3nNq7Z9obQVyNyNPtVmUsS67Lj+DRZ+wzLzGUBOcXHz9IPmfGA

Debug level 1: CLIENT -> SERVER: MS66JtCFd6U6tn8xDBYrbv+xkbHBeVPhKGdEc66IjBXt9nMHY/av97zptUOKp6t6/NTGpRP+JcjT

Debug level 1: CLIENT -> SERVER: Mwb2B8oU0xcPkz+soI7+lNYJsy25HyNXXXr88sTMlPjBUUHn6XIThsuPNvfslI+niQK4iN9QQxg+

Debug level 1: CLIENT -> SERVER: Je9AjvRj3FyMLP6F1Wa+Eu6kXto6TT8kxKhwSw9lePDZLSA78opSFte5oGG91qxMjH7+kHL6d4Rk

Debug level 1: CLIENT -> SERVER: +nlPB7XNKg5IGff/Y44ztyqRouzvO+sdglU7uFxbBetVaO224Q4bsus1cZ3YAtjOPeCdYcTuE+FK

Debug level 1: CLIENT -> SERVER: mUl3r3hUk/eQuua5uDOPKnMJ7AVjytVpwbczc5/dYrpyxpaYqSU62hfNhIGENfI0f5nq8pJk3ukZ

Debug level 1: CLIENT -> SERVER: VDRPA0cpDXnXHGxXbI8VS5pfu7yB9O+8gK3ECtFw8WL5wJddOl4H112KyUABGY96wlVkfKMvXbmj

Debug level 1: CLIENT -> SERVER: N3QuJ4U9+QCdqZCq2tsKYIxkjV8byM/z0NVdsbIrjvQYqifn4PtEBi2hvOf9jXsGHCXRgQQzHafS

Debug level 1: CLIENT -> SERVER: BePP/kQwfjzaUbJL4it8M5dQHtbMqu18V56XfWJAsrPzLBE2je1mTZ9dI1Rb8Y3yYVEf83MZiePw

Debug level 1: CLIENT -> SERVER: fQGKR7VSeSN8OMiMUbwYZWutEQh9QVv3lNL6vVx6z7JmG8hCRP+Frvz1S6d3KDiFPj68Zfzu1Ric

Debug level 1: CLIENT -> SERVER: s2fyL+strhee5lzx+MjVNTXgwDyVH3nU5OJfwoby0rvmT7j2hivdJj12gEmTHYXRbHPh06D8YQp8

Debug level 1: CLIENT -> SERVER: dejjmwAs7SpQiKIrIEy/5uE9V995DviwBp59dB9AIjdo2NJrdUU1a5xrat9JUL3EMt9DKMdtfyrQ

Debug level 1: CLIENT -> SERVER: YPaINstO/4GugJDtpmSq5Th5U4z+ZCUCawljb7K0l/L4K/Ka1ZhwYsXWFwlgw5IBc/pKMnhbhXbK

Debug level 1: CLIENT -> SERVER: DogKxD0F6Cgfdcjs7c3+Qx3+buJfbTucatd201sgHFFQ8QHZb78DVcozQZozqI3he73IvfEkvl4N

Debug level 1: CLIENT -> SERVER: GuPkd7LYzi5+PtS28lmYy+RPbQ4vQ/4qjRZJn2fhSr5E6D3/z1V1KPJ7kKeSO3lOhY3e4E1+skCd

Debug level 1: CLIENT -> SERVER: cIk6TFq4DySVEkPoSN1mkgFdRj83XIiH1JQfq1wHPRr29ZudSoTWFY3mF8FjZEPf5sZfUNg99SZh

Debug level 1: CLIENT -> SERVER: HmO2Uu8USdXhIk1WX7r5r4zAzOBiamdThOvpNIdkVv+hHW7/qQkV6sjyYactnf2tt0yZKvu6TnQp

Debug level 1: CLIENT -> SERVER: JqJ6P3EgCc5OqWQ6sTvMJruT1pkzq3PIMMTM2vOHtrkJIvByMa2gz/I6k4Y0NIIQB5K54TlNPqa9

Debug level 1: CLIENT -> SERVER: CzQk4VUsAfSuinlCV9CLbm7XIKQaClvBqUnKCn6wiM4+LjVd1UtRFMGjO5sIzSaWEa0GgoYg0rIy

Debug level 1: CLIENT -> SERVER: m4YACVtL5c3Hjb+bkCkpeOllYVWu+GTifooMRO7fLdMvUfVqywqDMpeVMfQswbP618GIjLw4sQ2b

Debug level 1: CLIENT -> SERVER: XdnhGcH86TAxDHMj+9y+hdqXhjJrBubtSzeaameAQ+XhxowxgtIo7tVDjTsHQui7zWnNlODjmsgy

Debug level 1: CLIENT -> SERVER: sBfXMq+bPve0YSTJOwie2e49yDMN3h9fyZpQ88Xvzwji4s77lfs18GQb/Y9lNNh9EUd+6sgqs4nW

Debug level 1: CLIENT -> SERVER: XlYZKZBYfYDDwwwLMKNpPc8fMzDDltUSc3Vjm9rUw8wG4Mbb2rRFhxch064h8qA9Mev7/nseM107

Debug level 1: CLIENT -> SERVER: +2DQuKCH4YUYgg/G18CqLinriXqiGUQXNpe0nDygFNLSrqmvEpxtRG9sX7klKy81JeeWNtq/eIyr

Debug level 1: CLIENT -> SERVER: A1N7W0GszG1Hxg8mNrH6RydsfcaOLfJKtscabZKaOMS/b9sDLir7/v5IMex9VjT46VVOLcRVHIUo

Debug level 1: CLIENT -> SERVER: 2HcKh97r4xtfRQ7HleSB72hzKi7yDdohm9LNl95T6EAUWJrUzbn6qhuYgxko6/apQNTZIR3o7bmd

Debug level 1: CLIENT -> SERVER: Dt+ghSlld/PM0Qof+gJQnCcnW4AXLVS70pwan3hfLEJb8J3/kZ4H4PW5/UogqB8TCf8VPLS48YvN

Debug level 1: CLIENT -> SERVER: Ivbm9tEazSqWahZsM7x79d6vVOYjHsODx14MBLJmg2PuwJPztKiv7s2m85VAO4ZZYO8jmhHaW6g8

Debug level 1: CLIENT -> SERVER: L/Dnnr5QeD1Xn3lX0r/xVS2cS3X2CFqGkVqKr/NqmmB9RwV2WN/lX9QtfvifNf1zvv8Gf4O/AKnM

Debug level 1: CLIENT -> SERVER: GJP4m8ks4enm5wyAnnGxrz59OfmfUEsHCKlQNuUnCQAAYAsAAFBLAwQUAAgICABObj5bAAAAAAAA

Debug level 1: CLIENT -> SERVER: AAAAAAAADAAAAHNldHRpbmdzLnhtbLVZ23LiOBB9369I+Z0QmFwmVMKUIcMsExIoIJPaeRN2A9rI

Debug level 1: CLIENT -> SERVER: apckB/j7bcmQynDJErCeSGypW307fVq++TZPxMkrKM1R3gaV07PgBGSEMZeT2+Bp2Cp9Db7V/7rB

Debug level 1: CLIENT -> SERVER: 8ZhHUIsxyhKQpqTBGFqiT2i71LX89W2QKVlDprmuSZaArpmohinI1bba+9U1pyx/MhdcvtwGU2PS

Debug level 1: CLIENT -> SERVER: Wrk8m81OZ19OUU3Klevr67J7u1oaoRzzyb6q8tXvVSHimyK7IT+MU1Y9Ozsv5/8HJ8tDvnNNNaiv

Debug level 1: CLIENT -> SERVER: /LAyv36zVJD/lLiBxPrmZPnYHu02IJW1Vw6zN68F2/b9uecXrQ8VsCGmweqNWaT0hksT1M9uypsS

Debug level 1: CLIENT -> SERVER: 9pfagbHxIPaZx2a6Te6X6sVV9TjZfwOfTLceulqpXH49TPhgirM+xJRf0JwyOQG9pmCEKIDJoG5U

Debug level 1: CLIENT -> SERVER: BofpaMuGwpmGB4xhl/QxE3pv8aWEpSUuY5hDvOmr7cnl9lBZqMV+Hm/Ha0fVRlHmBnWbx0dEclfi

Debug level 1: CLIENT -> SERVER: Va4uvl4eLnZHlZxXry8OFar5SEDhdeKkFl3TTmh/V3nY2jtOdAONwWRX6V0dJvs3YjIkSet5NkV1

Debug level 1: CLIENT -> SERVER: HBB12AIz00SRJXK9nIuS3kB8KayeN/3SYpFBtf3slbMDT9/WAxAQGYhbih4ccPQtD9/jyq7XS6ja

Debug level 1: CLIENT -> SERVER: voBa4v5NNH+QKWaoJX+mm4Zx3GOKDRll8yBlkYWy4kPXI4g0fbCUAdbxswj53czYTtUhDeIfDiLW

Debug level 1: CLIENT -> SERVER: j1kyAuXHmg6Rrqc0ZmZb51ol4xGO+p6kZtFjfnruRKKCFlfakBnQpgyUpi19uov4g6KyBdXEJFWg

Debug level 1: CLIENT -> SERVER: LWssHN+c4wZkgICfONrpuCPMyCPeUgTOkKSC/i4+Os6KHktBWT0DMNl6PyzCEqp5B3Td8ZiQwoev

Debug level 1: CLIENT -> SERVER: nB2WInjK4iUz7Sk0hNuUT/ewWNfCNFyeN7hkahGU9zyyg0EP510etIVqnSwUVWAmzAzmKeopLZtI

Debug level 1: CLIENT -> SERVER: zQyFF++QeFBb0/2TUczhjcKoQxk3BJMvmpxuka7JRJQJ1x99JXwoJRqnYXdfOBDeOsjiPrAYpdhI

Debug level 1: CLIENT -> SERVER: 9GIQwbKAJQEYoquDJggf0SZd3+cUbslEhyz6oOccoSNNxeJJg7pjhhUvvmUphs+CG7BX+JXfr3Rl

Debug level 1: CLIENT -> SERVER: U6D2waetkh8CR0zcLa+GLLHx0Q7a+p7iHWrOZC+Tkcl8lWEo+ERS8g4Mpj3U/CM1h0enKXga6jda

Debug level 1: CLIENT -> SERVER: E8qIahviZ0VLVUssXHP14cdmphSFySa1BUb7O8BMRRtYk19J7IGX5KvQNeqcCBJWWhyYKJZOdVt2

Debug level 1: CLIENT -> SERVER: uF4fnIsw4w4f0TRZajIFd4rNuqN/dVdaquBBmYOyPs7uAXxwqWXvetycG/cPgpPRYvOjhFB71jwG

Debug level 1: CLIENT -> SERVER: NYS5eab4dSW5lWrABxPW0BXx0vIHoCNG3kiku7zxNQvpDhvBG/r58ZTlfOAYiL/xessQH5qBIVZY

Debug level 1: CLIENT -> SERVER: vNPeTFolWurHJgcSfaABxZoWGqMsk6M5tYVeQpWPXgp1SkTdl/wfFlg/qJYjGI8QOHM6aPxtMhmB

Debug level 1: CLIENT -> SERVER: 8ND4/uw/NM8nTMZbZvljbm1d4H9m2vDxwpaNfuZm+sBkxkRDAXvx0yN0H+xw8ApDzFuhTzQgZKYk

Debug level 1: CLIENT -> SERVER: WxEUj1duoKwx9uOfZXfugnbH14sp4WxJgUaR2TMd0xh83iUtL0gm0GDRy0RhJndeJxad5se1d8tz

Debug level 1: CLIENT -> SERVER: 3JWsn+mZRt3oxSKjl34v55S3EfwGhTS6/c/U9slrcnfNXd74elze9V29/h9QSwcI6lReSvwEAACZ

Debug level 1: CLIENT -> SERVER: HwAAUEsDBBQACAgIAE5uPlsAAAAAAAAAAAAAAAAVAAAATUVUQS1JTkYvbWFuaWZlc3QueG1stZVL

Debug level 1: CLIENT -> SERVER: bsMgEED3OYXF3tBmVVlxIrVST5AegOCxg8RPzBAlty+OlMRto6qpzA4seG8YPMNqc7SmOkBE7V3L

Debug level 1: CLIENT -> SERVER: nvkTq8Ap32k3tOxj+16/sM16sbLS6R6QmsugyvscXqctS9E1XqLGxkkL2JBqfADXeZUsOGq+rm9G

Debug level 1: CLIENT -> SERVER: 03pR3cC9NlDnhfFU3WTQaVnTKUDLZAhGK0k5TnFwHT+7+FTBCY7Ebrsnp1pOPvfJmDpI2rdMMPFQ

Debug level 1: CLIENT -> SERVER: DPcpb971ekjxHBsuBZKkhDsZy+ClUmAgT30UKsU4njwnt7iriKA3XhIUggcfUsh/RiqEj36IgOVu

Debug level 1: CLIENT -> SERVER: egy9GJy8N8Xg2soBULxqsjJgUceD7O9tBJMbq4cnzdVU8LcYHpSPDUqMtXoXnv30v2L+nYt0MoCz

Debug level 1: CLIENT -> SERVER: Yy2QnK3xbPfJ7pzUBgVdhjy4YW74vIkFovxOXlO7Ej+eyfUnUEsHCGWCSNpEAQAAYQcAAFBLAQIU

Debug level 1: CLIENT -> SERVER: ABQAAAgAAE5uPltexjIMJwAAACcAAAAIAAAAAAAAAAAAAAAAAAAAAABtaW1ldHlwZVBLAQIUABQA

Debug level 1: CLIENT -> SERVER: AAgAAE5uPlsAAAAAAAAAAAAAAAAaAAAAAAAAAAAAAAAAAE0AAABDb25maWd1cmF0aW9uczIvc3Rh

Debug level 1: CLIENT -> SERVER: dHVzYmFyL1BLAQIUABQACAgIAE5uPlsAAAAAAgAAAAAAAAAnAAAAAAAAAAAAAAAAAIUAAABDb25m

Debug level 1: CLIENT -> SERVER: aWd1cmF0aW9uczIvYWNjZWxlcmF0b3IvY3VycmVudC54bWxQSwECFAAUAAAIAABObj5bAAAAAAAA

Debug level 1: CLIENT -> SERVER: AAAAAAAAGAAAAAAAAAAAAAAAAADcAAAAQ29uZmlndXJhdGlvbnMyL2Zsb2F0ZXIvUEsBAhQAFAAA

Debug level 1: CLIENT -> SERVER: CAAATm4+WwAAAAAAAAAAAAAAABoAAAAAAAAAAAAAAAAAEgEAAENvbmZpZ3VyYXRpb25zMi9wb3B1

Debug level 1: CLIENT -> SERVER: cG1lbnUvUEsBAhQAFAAACAAATm4+WwAAAAAAAAAAAAAAABwAAAAAAAAAAAAAAAAASgEAAENvbmZp

Debug level 1: CLIENT -> SERVER: Z3VyYXRpb25zMi9wcm9ncmVzc2Jhci9QSwECFAAUAAAIAABObj5bAAAAAAAAAAAAAAAAGAAAAAAA

Debug level 1: CLIENT -> SERVER: AAAAAAAAAACEAQAAQ29uZmlndXJhdGlvbnMyL21lbnViYXIvUEsBAhQAFAAACAAATm4+WwAAAAAA

Debug level 1: CLIENT -> SERVER: AAAAAAAAABgAAAAAAAAAAAAAAAAAugEAAENvbmZpZ3VyYXRpb25zMi90b29sYmFyL1BLAQIUABQA

Debug level 1: CLIENT -> SERVER: AAgAAE5uPlsAAAAAAAAAAAAAAAAfAAAAAAAAAAAAAAAAAPABAABDb25maWd1cmF0aW9uczIvaW1h

Debug level 1: CLIENT -> SERVER: Z2VzL0JpdG1hcHMvUEsBAhQAFAAICAgATm4+WxREC0jqBAAAzhMAAAsAAAAAAAAAAAAAAAAALQIA

Debug level 1: CLIENT -> SERVER: AGNvbnRlbnQueG1sUEsBAhQAFAAICAgATm4+WyeojhaQCwAAWlYAAAoAAAAAAAAAAAAAAAAAUAcA

Debug level 1: CLIENT -> SERVER: AHN0eWxlcy54bWxQSwECFAAUAAAIAABObj5bla2fnPwDAAD8AwAACAAAAAAAAAAAAAAAAAAYEwAA

Debug level 1: CLIENT -> SERVER: bWV0YS54bWxQSwECFAAUAAgICABObj5bqVA25ScJAABgCwAAGAAAAAAAAAAAAAAAAAA6FwAAVGh1

Debug level 1: CLIENT -> SERVER: bWJuYWlscy90aHVtYm5haWwucG5nUEsBAhQAFAAICAgATm4+W+pUXkr8BAAAmR8AAAwAAAAAAAAA

Debug level 1: CLIENT -> SERVER: AAAAAAAApyAAAHNldHRpbmdzLnhtbFBLAQIUABQACAgIAE5uPltlgkjaRAEAAGEHAAAVAAAAAAAA

Debug level 1: CLIENT -> SERVER: AAAAAAAAAN0lAABNRVRBLUlORi9tYW5pZmVzdC54bWxQSwUGAAAAAA8ADwDuAwAAZCcAAAAA

Debug level 1: CLIENT -> SERVER: 

Debug level 1: CLIENT -> SERVER: --b1=_hVS80GnzDAZ5H0GSKIqOjtuJz7o5GKpx0450uGOIQ--

Debug level 1: CLIENT -> SERVER: 

Debug level 1: CLIENT -> SERVER: .

Debug level 2: SERVER -> CLIENT: 250 2.0.0 Ok: queued as B9AD01801961

Debug level 1: CLIENT -> SERVER: QUIT

Debug level 2: SERVER -> CLIENT: 221 2.0.0 Bye

