Debug level 2: SERVER -> CLIENT: 220 smtp-sp217-120.kinghost.net ESMTP

Debug level 1: CLIENT -> SERVER: EHLO localhost

Debug level 2: SERVER -> CLIENT: 250-smtp-sp217-120.kinghost.net
250-PIPELINING
250-SIZE 62914560
250-VRFY
250-ETRN
250-STARTTLS
250-AUTH PLAIN LOGIN
250-AUTH=PLAIN LOGIN
250-ENHANCEDSTATUSCODES
250-8BITMIME
250-DSN
250 CHUNKING

Debug level 1: CLIENT -> SERVER: AUTH LOGIN

Debug level 2: SERVER -> CLIENT: 334 VXNlcm5hbWU6

Debug level 1: CLIENT -> SERVER: [credentials hidden]
Debug level 2: SERVER -> CLIENT: 334 UGFzc3dvcmQ6

Debug level 1: CLIENT -> SERVER: [credentials hidden]
Debug level 2: SERVER -> CLIENT: 235 2.7.0 Authentication successful

Debug level 1: CLIENT -> SERVER: MAIL FROM:<ourodosul@ourodosul.com.br>

Debug level 2: SERVER -> CLIENT: 250 2.1.0 Ok

Debug level 1: CLIENT -> SERVER: RCPT TO:<daianeck@bol.com.br>

Debug level 2: SERVER -> CLIENT: 250 2.1.5 Ok

Debug level 1: CLIENT -> SERVER: DATA

Debug level 2: SERVER -> CLIENT: 354 End data with <CR><LF>.<CR><LF>

Debug level 1: CLIENT -> SERVER: Date: Thu, 2 Oct 2025 14:49:19 +0200

Debug level 1: CLIENT -> SERVER: To: daianeck@bol.com.br

Debug level 1: CLIENT -> SERVER: From: ourodosul@ourodosul.com.br

Debug level 1: CLIENT -> SERVER: Subject: =?iso-8859-1?Q?Atualiza=C3=A7=C3=A3o_de_Cadastro?=

Debug level 1: CLIENT -> SERVER: Message-ID: <dqySjNF8yfw3BTjjZ6Oz3YdDpvcY5UH8wEWnp96yYc8@localhost>

Debug level 1: CLIENT -> SERVER: X-Mailer: PHPMailer 6.10.0 (https://github.com/PHPMailer/PHPMailer)

Debug level 1: CLIENT -> SERVER: MIME-Version: 1.0

Debug level 1: CLIENT -> SERVER: Content-Type: multipart/mixed;

Debug level 1: CLIENT -> SERVER:  boundary="b1=_dqySjNF8yfw3BTjjZ6Oz3YdDpvcY5UH8wEWnp96yYc8"

Debug level 1: CLIENT -> SERVER: Content-Transfer-Encoding: 8bit

Debug level 1: CLIENT -> SERVER: 

Debug level 1: CLIENT -> SERVER: --b1=_dqySjNF8yfw3BTjjZ6Oz3YdDpvcY5UH8wEWnp96yYc8

Debug level 1: CLIENT -> SERVER: Content-Type: multipart/alternative;

Debug level 1: CLIENT -> SERVER:  boundary="b2=_dqySjNF8yfw3BTjjZ6Oz3YdDpvcY5UH8wEWnp96yYc8"

Debug level 1: CLIENT -> SERVER: 

Debug level 1: CLIENT -> SERVER: --b2=_dqySjNF8yfw3BTjjZ6Oz3YdDpvcY5UH8wEWnp96yYc8

Debug level 1: CLIENT -> SERVER: Content-Type: text/plain; charset=iso-8859-1

Debug level 1: CLIENT -> SERVER: Content-Transfer-Encoding: 8bit

Debug level 1: CLIENT -> SERVER: 

Debug level 1: CLIENT -> SERVER: (Sem conteúdo)

Debug level 1: CLIENT -> SERVER: 

Debug level 1: CLIENT -> SERVER: --b2=_dqySjNF8yfw3BTjjZ6Oz3YdDpvcY5UH8wEWnp96yYc8

Debug level 1: CLIENT -> SERVER: Content-Type: text/html; charset=iso-8859-1

Debug level 1: CLIENT -> SERVER: Content-Transfer-Encoding: 8bit

Debug level 1: CLIENT -> SERVER: 

Debug level 1: CLIENT -> SERVER: <p>(Sem conteúdo)</p>

Debug level 1: CLIENT -> SERVER: 

Debug level 1: CLIENT -> SERVER: 

Debug level 1: CLIENT -> SERVER: --b2=_dqySjNF8yfw3BTjjZ6Oz3YdDpvcY5UH8wEWnp96yYc8--

Debug level 1: CLIENT -> SERVER: 

Debug level 1: CLIENT -> SERVER: --b1=_dqySjNF8yfw3BTjjZ6Oz3YdDpvcY5UH8wEWnp96yYc8

Debug level 1: CLIENT -> SERVER: Content-Type: application/octet-stream; name="11879  .6 SENO ALBERTO REICHERT.odt"

Debug level 1: CLIENT -> SERVER: Content-Transfer-Encoding: base64

Debug level 1: CLIENT -> SERVER: Content-Disposition: attachment; filename="11879  .6 SENO ALBERTO REICHERT.odt"

Debug level 1: CLIENT -> SERVER: 

Debug level 1: CLIENT -> SERVER: UEsDBBQAAAgAAIllQltexjIMJwAAACcAAAAIAAAAbWltZXR5cGVhcHBsaWNhdGlvbi92bmQub2Fz

Debug level 1: CLIENT -> SERVER: aXMub3BlbmRvY3VtZW50LnRleHRQSwMEFAAACAAAiWVCWwAAAAAAAAAAAAAAABoAAABDb25maWd1

Debug level 1: CLIENT -> SERVER: cmF0aW9uczIvc3RhdHVzYmFyL1BLAwQUAAgICACJZUJbAAAAAAAAAAAAAAAAJwAAAENvbmZpZ3Vy

Debug level 1: CLIENT -> SERVER: YXRpb25zMi9hY2NlbGVyYXRvci9jdXJyZW50LnhtbAMAUEsHCAAAAAACAAAAAAAAAFBLAwQUAAAI

Debug level 1: CLIENT -> SERVER: AACJZUJbAAAAAAAAAAAAAAAAGAAAAENvbmZpZ3VyYXRpb25zMi9mbG9hdGVyL1BLAwQUAAAIAACJ

Debug level 1: CLIENT -> SERVER: ZUJbAAAAAAAAAAAAAAAAGgAAAENvbmZpZ3VyYXRpb25zMi9wb3B1cG1lbnUvUEsDBBQAAAgAAIll

Debug level 1: CLIENT -> SERVER: QlsAAAAAAAAAAAAAAAAcAAAAQ29uZmlndXJhdGlvbnMyL3Byb2dyZXNzYmFyL1BLAwQUAAAIAACJ

Debug level 1: CLIENT -> SERVER: ZUJbAAAAAAAAAAAAAAAAGAAAAENvbmZpZ3VyYXRpb25zMi9tZW51YmFyL1BLAwQUAAAIAACJZUJb

Debug level 1: CLIENT -> SERVER: AAAAAAAAAAAAAAAAGAAAAENvbmZpZ3VyYXRpb25zMi90b29sYmFyL1BLAwQUAAAIAACJZUJbAAAA

Debug level 1: CLIENT -> SERVER: AAAAAAAAAAAAHwAAAENvbmZpZ3VyYXRpb25zMi9pbWFnZXMvQml0bWFwcy9QSwMEFAAICAgAiWVC

Debug level 1: CLIENT -> SERVER: WwAAAAAAAAAAAAAAAAsAAABjb250ZW50LnhtbL1YTXLbNhTe9xQoM9NpFxQtuz82a8uTOE6bGf9N

Debug level 1: CLIENT -> SERVER: pEy7hUFQxBQgGACU5Kx6h56gq0wP0BP4Jj1JH0ASJi3RoaJMvLBJvO+99+H9AfTx6UpwtKBKM5mf

Debug level 1: CLIENT -> SERVER: BOPRXoBoTmTC8vlJ8Hb2KjwMTidfHcs0ZYTGiSSloLkJicwN/EWgneu4kp4EpcpjiTXTcY4F1bEh

Debug level 1: CLIENT -> SERVER: sSxo3mjFbXTsfFUr2tzxweoO3NY2dGWGKltsRxffDvfswG3tROHlUGWLhaC21VM5VHmleZhKiLoo

Debug level 1: CLIENT -> SERVER: sGGPWKw4y/84CTJjijiKlsvlaHkwkmoejY+OjiIn9YSJxxWl4g6VkIhyap3paDwaRw1WUIOH8rPY

Debug level 1: CLIENT -> SERVER: NqW8FLdUDQ4NNngtq3oxH1wRi3lPaEiG1eDacOBueg+S4ek9SNq6ApusJyeH0SUI3a/Li4daUGKo

Debug level 1: CLIENT -> SERVER: L4vthIooVgzeZoVu60spPVWrUDWoo7u/t/d9VL230Msn4UvFDFUtOHkSTjAnPuJSbAoa4MYRIEK6

Debug level 1: CLIENT -> SERVER: sGXqC98GQvco7EeV2IN10mv698uLKcmowA9g9nFwyHJtcP4QGWWT0LvTHyJFC6mMD0w6fGBCtva9

Debug level 1: CLIENT -> SERVER: lyTF3g0g9chZCK2i89W2ENnOjKzKM19pjPKmrD3J2j9dFVQxq4i5zVwoNOwSsimLuKVdFU+t2To8

Debug level 1: CLIENT -> SERVER: 9oNJc1JUVaYjv5DCiRGmmNAwoYTryXHV8X4ZVe+Wx0kww5kUeBwgaO0GIhi/ayRB9LT+GebsVrFN

Debug level 1: CLIENT -> SERVER: BmpRgDr6VhbOaQ67h2rVS6b1QB+f6ELBLvIOomCGwMhYYMXsOTPQPbpg88xs2ug3uJD65w6sWvqC

Debug level 1: CLIENT -> SERVER: vD4brSojO9C6KAlLMJriXKO3OYMbDu0ltwE7hOKdNlTswvFyin6RJmOkl5lHfBE+da/1NuHu3qO+

Debug level 1: CLIENT -> SERVER: 4VCv49KAI8NI6Oz4qeF+d7jejL2vmmSBFZ4rXGSNABbs1dW9hJXWFOZ3glXSQATcQ6gKCzxfQzSu

Debug level 1: CLIENT -> SERVER: vdmwgKlIlWFUewdWrb76WOpuiy3G/fRna/TtTdU7tS9tf6mMieQS3Dzbcz+NtgPK0sClD6ymmGva

Debug level 1: CLIENT -> SERVER: Edn10GRKlvMsrK/ducxpJ1GPZyh4c+uavYf18bgwrbXGhhKYu2XnR2c4sdeEtm0nKPOEKsei470x

Debug level 1: CLIENT -> SERVER: t6R2IDzYe8QqhJMO5535/gCw9BpARbItdFmvpRusV46fADj39pbJ6eopAh7SQ8HL+0n0QFz8qCgy

Debug level 1: CLIENT -> SERVER: XCViLbZysSm0mwB18Tin7nm9UqPeFqwFtzK58y/W/OTYfV1p+q6ET0jfyuuLyC0lTBcc3zXVGnK4

Debug level 1: CLIENT -> SERVER: 3PGTAErZiasifM15qY0C/zK3HHcyNmvGzm5WbGPuauRl9TXowt4ftaJSaU8smHOTF1KghOGv0fN3

Debug level 1: CLIENT -> SERVER: JUP3/yA4rK5LJVEi0bTkI3QDJ5aQGsFXur2dYYXg4omwRZ/W/op+F62R52Tw2Rv1PI7Hhz8doToU

Debug level 1: CLIENT -> SERVER: 0WT0Y/Nc4HzdMAy5yfT86ho9v3hx/mZ2jd6cvz77FZ6aGIDWZBt+53D/tvuEsa5gTSIq7J4NNhLZ

Debug level 1: CLIENT -> SERVER: OY2wKaFR30MANC0RwQnMdyWrAFlkyqDBnFBDEBMwdYq2IXAlBY230ji7eYX++/OvrXRewvcxAsJX

Debug level 1: CLIENT -> SERVER: WBN3OZfxVlESmHH0bWH3rKmyllLGM/ldjNpZ3cLijHIKs4N2DXzscQbZ+S3DRuOiON1K8xNpntuz

Debug level 1: CLIENT -> SERVER: ht5/kNulqOme0jYO1Zr6moLImXrrVX0VWLvugluzvP9w/y8czbaIdAkHtaCK2JLaquOmrTIF3+b+

Debug level 1: CLIENT -> SERVER: b0iZQJD+ugZyXwMIXuAbTzlahPKSYzXawlf0+TBR5xSIOgdE1POvw8n/UEsHCJ+UEhktBQAAexQA

Debug level 1: CLIENT -> SERVER: AFBLAwQUAAgICACJZUJbAAAAAAAAAAAAAAAACgAAAHN0eWxlcy54bWzdXF+To7gRf8+ncHkrecMG

Debug level 1: CLIENT -> SERVER: /N/Z2atkc5ekareS3Ow+X8kg2+QwooQYj+/r5CFP+RT7xdKSEAgQmPGf8axvqrbO6pbU/etWq9UI

Debug level 1: CLIENT -> SERVER: 3v/wvAt7T5gmAYke+s7A7vdw5BE/iDYP/a9ffrLm/R8+/O49Wa8DDy994qU7HDErYYcQJz3oHCVL

Debug level 1: CLIENT -> SERVER: SXzopzRaEpQEyTJCO5wsmbckMY5Up6XOvRRTyRYxWNfuglnvzfAz69qZ85b6olX3mQWz3tunaN+1

Debug level 1: CLIENT -> SERVER: M+cFTPXua9K183MSWmtieWQXIxZUpHgOg+jXh/6WsXg5HO73+8F+NCB0M3QWi8VQUHOBvZwvTmko

Debug level 1: CLIENT -> SERVER: uHxviEPMJ0uGzsAZKt4dZqirfJxXFylKdytMO0ODGKpZNXnadPaIp00DNN4W0c6+IZjL5h353c07

Debug level 1: CLIENT -> SERVER: 8vW+O8S2DTaZDz8DUfzz+VPhC3TXdS7OW4LKo0HcWU3JrfcnhOSi8g5ygQpxXdseD+VvjXvfyr6n

Debug level 1: CLIENT -> SERVER: AcNUY/da2T0UejniZGcCDficIXBY+Im7qeKmXOnGkSdDimNCWS7IunuAAnTcfBZ/jfJpgDMZiBEs

Debug level 1: CLIENT -> SERVER: 3lHMpY8w5CthyLu86/eyQKcFV7f/QUXSNYEoukYetnzshcmH93IF5M09+ZvL+dD/grZkh5x+D1xd

Debug level 1: CLIENT -> SERVER: seyC8KAo/WF7/48oDFY0MA2Qkfq9Un9OszY4wjQA6yX7IEk6znHiFBS0iEocccA8WEJPiAY87nac

Debug level 1: CLIENT -> SERVER: vvcp2GyZSdE/oJgkfyyxyaZXlOtiYkmLnCHWp9QLfNR7RFHS+xoFsOHjRuEMvF1EPCQM786R8fNj

Debug level 1: CLIENT -> SERVER: 76+EbQOvUbKc41XkydZa4yI8f/ZhU3DI2mXWpaT08RqlYZaLqZEzkTYUxRw5xZv9tmIK4YqyAHI3

Debug level 1: CLIENT -> SERVER: npEsky3yyd6C8RPMrOeHvj0YeSCngXioEBlslxZkF9hKYuRBbmNtCQ1+A9FRyFndeSvzExfDq7NC

Debug level 1: CLIENT -> SERVER: MO06ao3VMGYGSwh67AO2tWS2uEZhotk7RhQJhHR81mQpBt9ivighfNvz36vx+CgWShnhM4NrBD4m

Debug level 1: CLIENT -> SERVER: cgAUxtvcFUT/FcUI8rOEgSMwReGbJJd4B4vpoR9Si61KzhFEPub7Cs+1dRWV6EpyyEnB/iROuPc0

Debug level 1: CLIENT -> SERVER: K5Ozc7k1HWVrmmAAJ+K2FpN7JCSQvTGaQlAAGERjEvwGkjpOzERbiKJNijbQlDV4JI0YBSf588+5

Debug level 1: CLIENT -> SERVER: +phBJmD9imkkRJcDalryMS3YTVGkRs46ZoMrGs5DcDaLInx9rI/HU8EQPzeMmFMRrY6Zkx7/1C/g

Debug level 1: CLIENT -> SERVER: LK2yLksvx79/zL12iG6CyALzgcNyZy3aVoQxngxxP3YzksEboXV7iLc4gtyXRFaIfB8AFwo99CMC

Debug level 1: CLIENT -> SERVER: rrML2AudNk4jj6VywD2QIfkB8MCAx71aeaPlB7DiIz4JJD0Tp1iIZb+PwSLFKjzBOTXbV7KQa7ot

Debug level 1: CLIENT -> SERVER: n0p5oHkjvZ6Li7lzTzXsPJdbA7p3YRV4qi5H8Q6Bv/LDk/I7t8YUp8m2wnLGAhPncD0Chlh3G3lM

Debug level 1: CLIENT -> SERVER: XxHKlwL3M9gOwGlCFCfcic+d2KJkX5kcWior+1eMY1jXG8y2/BzMF92xifUJpS8/whLyEfX7jQFG

Debug level 1: CLIENT -> SERVER: GS9ESQLiwfo5GnMIhaUeJcpK+wAWlvzVvDGdsUILpY8o+yVgIT6qKTTk1SfLjFLEZdQZvkDDL679

Debug level 1: CLIENT -> SERVER: y4r4h1MQK0XpwdgdNUVqZ+yYI7UtI7VwCpGERCIJQeEeHZJj6NaDmzpLlEOcO1chToavPGGw7IHt

Debug level 1: CLIENT -> SERVER: zIsQ/KLwpufg5qAm5z09Qon+3d3EYEzYbOIQHTRz93TyOc50sp807uYO3807q/uYrtgtFgbE6pgX

Debug level 1: CLIENT -> SERVER: cY7pLFOKMNiAI3ggAM43lH+nCQvWB4vHXJhxD+G4lnZXHV5sxyJ2vJss+F9tGx83+Di4uDvNMJf8

Debug level 1: CLIENT -> SERVER: fAJIceDU0OK7cjydKODJqE2di83V3D2nZwN0tvYnyJpOsXSLIUM+ZMcAU120TnfJP4K7wEZ/wSUH

Debug level 1: CLIENT -> SERVER: olL0wtgsF1fLuuuJ+r+sTotjVZKnNYIi4rYqXtutjqp7pRuzF3ue+0LPMxuoxTfNE5zsm3+Hs+jz

Debug level 1: CLIENT -> SERVER: Be0biPFa7XshY13Oy/+GEX8uxpeaY958Mo6e82oBW+WSJGUCkBA/8YTXOXsHG0xHk+OZzktzGi3E

Debug level 1: CLIENT -> SERVER: u+vJeDFtPsPlpdxKnmNXHVtPRozEItewX5JraOZ2283t3trc7vnmLuoMb8rczrTF3GZiEQOnJ5p7

Debug level 1: CLIENT -> SERVER: 1G7u0a3NPfp+zG1K4DpnY/Vs6xRrjtutOb61NcfnW7MwWc2a9uwa1mxOco5l0OelIZpZJ+1mndza

Debug level 1: CLIENT -> SERVER: rJPvxqynoD9tR396a/Sn56NfQFxF/3zka+fbN7CgZu0mnd3apLPvwqSnID9vR35+a+TnZyN/NdTd

Debug level 1: CLIENT -> SERVER: Gf97Wwtp0W7Oxa3NuXjz5uyM+r9Sws6rjl4sbS5IV6uKjm3+9wacnVcqubP9s4p02eM5W6/Gc00z

Debug level 1: CLIENT -> SERVER: hXjNxEPnWdlMVD6LsXULBeJ6RdYoR+cP6qwSMTdO1zIZw1GCOTYl1yzjknH1Xs17FSwTd2zExUA5

Debug level 1: CLIENT -> SERVER: XgUqSCc5/Cl24H1i5PMwmumkLKpaK4ZWzZk2o8moQijUKWjZs2M5QUQirLdmE1SbVYLBn7T1EhIG

Debug level 1: CLIENT -> SERVER: fk8/NWVcWv5uYPyuTmJ/kXtLKQrwHz/B2Gavz3oUAaGn8+YP2flmNGye98u3/7E0JKIIy//5uC1u

Debug level 1: CLIENT -> SERVER: MVSeBErOntPTeUrz3EOZUgPE7QaIewtAXq+QpwEy6gbI6CKA3KrUpek77qbv+LL63ioEaYpPuik+

Debug level 1: CLIENT -> SERVER: uYTip8g37Sbf9Cz53kxRQVN81k3x2SUUP0W+eTf55uc5zls5pGqKL7opvriE4qfId1y0Fwv20i38

Debug level 1: CLIENT -> SERVER: YjeqWu9LnXMdit8P6gJZwXfZANPxVs5r7IIfYS18+++3/xxBImc7C4g3cxDXzps/7uItfzOt/chZ

Debug level 1: CLIENT -> SERVER: 5fpuN/+SvaV2qKvpM/b7yII0F/gZrzHFkXek7FBj66q7EFe8sMSP5MkOhaHloTjpNwBjCAj2Qr+m

Debug level 1: CLIENT -> SERVER: t8/uyK5I6JcwkQQFWhM5x0wwdEbsH59+rGre4X0pcekIRd6WwGn/EONypeZps3xWJQz4/0OpnCFf

Debug level 1: CLIENT -> SERVER: o5AlA9mi3lSyYsILsCSuESiv1NZqQcXLULJnudqiUSvda9gIbVRd2ACRpPQrjKKAnLHLS1iV60ZR

Debug level 1: CLIENT -> SERVER: urP4+8kIjJqDyS8hZl2reOokkgTibQEU+cJlsLqEjlZAFuUl/o6tadgKSza2aFyTMCR77Furg7wO

Debug level 1: CLIENT -> SERVER: ydCqr02ev7Oi5uduOpu6pkqhpVNKpTVFKHA2Kg3UJjw7Iu3eFdIOJFJTI9I6pVLElISrIz26M6Tz

Debug level 1: CLIENT -> SERVER: kngV6GqtvFRDvzrM4zuDuSikV3GuldjLVfmrIz25M6Rns3kD0gWlgrQkXB3p6V0h7Q7skXk71Ckl

Debug level 1: CLIENT -> SERVER: pBXh6kjP7gxpd27eDnVKBWlJuDrS8ztDemIO0xqhgvPkVYL04s5gni2acC4oFaAl4epIO/ZdQT0a

Debug level 1: CLIENT -> SERVER: 2GPzfqhTSlArwjlQl0k6/hFhOIEjerQONikVL4L3coKVXT1aE8Ii7RKEbgon01h+POQJhSnmL/rI

Debug level 1: CLIENT -> SERVER: RtUx0SAQnxPQ+8i3g/hjfj6e+kgT17e7hDjymwQMzAKq4TkihQSmaRrfbZKfXBHvGy8WRR3BhE42

Debug level 1: CLIENT -> SERVER: SIECt21GCyKPik+78eRP+76MGK34rAy/bQFjBp6lCHI6jid46QGsWyoOfI53Tt/AVKkWCco+8PmX

Debug level 1: CLIENT -> SERVER: 0Fx7sFio0o8gqNej3cVg2qJjNglAyCxCA9AFZcYmlFEUsNqdFVdhVr+zYiBlK8F4K0b7gEzL91oy

Debug level 1: CLIENT -> SERVER: 3Tc08NWr7+88m/+ZODJju+OZ7ZjoK5QU2OSvm9f5aLo6FHxmHimsXnaqjQDBhn/OLfO9OpMAvoWe

Debug level 1: CLIENT -> SERVER: FRgrHGpxWjv0XBKy+MBSxpDgWCEsHaXyaEV9SAQEBacQ/OJivO0YeNBaVBsNLMjnF5HkSpDrQ7ZT

Debug level 1: CLIENT -> SERVER: CGTKQyf5132UFW3xnxYezb6ulNpixO/4iB9DXVOtsT5QsSrryzAj7FCSj5HPljXykcqPhCoXRXWZ

Debug level 1: CLIENT -> SERVER: teWrRYPK8EPztz4//B9QSwcIVIMOjXkLAAArVAAAUEsDBBQAAAgAAIllQlupkFKj/AMAAPwDAAAI

Debug level 1: CLIENT -> SERVER: AAAAbWV0YS54bWw8P3htbCB2ZXJzaW9uPSIxLjAiIGVuY29kaW5nPSJVVEYtOCI/Pgo8b2ZmaWNl

Debug level 1: CLIENT -> SERVER: OmRvY3VtZW50LW1ldGEgeG1sbnM6b2ZmaWNlPSJ1cm46b2FzaXM6bmFtZXM6dGM6b3BlbmRvY3Vt

Debug level 1: CLIENT -> SERVER: ZW50OnhtbG5zOm9mZmljZToxLjAiIHhtbG5zOnhsaW5rPSJodHRwOi8vd3d3LnczLm9yZy8xOTk5

Debug level 1: CLIENT -> SERVER: L3hsaW5rIiB4bWxuczpkYz0iaHR0cDovL3B1cmwub3JnL2RjL2VsZW1lbnRzLzEuMS8iIHhtbG5z

Debug level 1: CLIENT -> SERVER: Om1ldGE9InVybjpvYXNpczpuYW1lczp0YzpvcGVuZG9jdW1lbnQ6eG1sbnM6bWV0YToxLjAiIHht

Debug level 1: CLIENT -> SERVER: bG5zOm9vbz0iaHR0cDovL29wZW5vZmZpY2Uub3JnLzIwMDQvb2ZmaWNlIiBvZmZpY2U6dmVyc2lv

Debug level 1: CLIENT -> SERVER: bj0iMS4yIj48b2ZmaWNlOm1ldGE+PG1ldGE6aW5pdGlhbC1jcmVhdG9yPmVsaXNldTwvbWV0YTpp

Debug level 1: CLIENT -> SERVER: bml0aWFsLWNyZWF0b3I+PG1ldGE6ZWRpdGluZy1jeWNsZXM+MjwvbWV0YTplZGl0aW5nLWN5Y2xl

Debug level 1: CLIENT -> SERVER: cz48bWV0YTpjcmVhdGlvbi1kYXRlPjIwMjUtMDktMjlUMTI6MjU6MDA8L21ldGE6Y3JlYXRpb24t

Debug level 1: CLIENT -> SERVER: ZGF0ZT48ZGM6ZGF0ZT4yMDI1LTEwLTAyVDA5OjQ0OjE5LjA0PC9kYzpkYXRlPjxtZXRhOmVkaXRp

Debug level 1: CLIENT -> SERVER: bmctZHVyYXRpb24+UFQwMEgwME0wMFM8L21ldGE6ZWRpdGluZy1kdXJhdGlvbj48bWV0YTpnZW5l

Debug level 1: CLIENT -> SERVER: cmF0b3I+QnJPZmZpY2Uub3JnLzMuMSRXaW4zMiBPcGVuT2ZmaWNlLm9yZ19wcm9qZWN0LzMxMG0x

Debug level 1: CLIENT -> SERVER: MSRCdWlsZC05Mzk5PC9tZXRhOmdlbmVyYXRvcj48bWV0YTpkb2N1bWVudC1zdGF0aXN0aWMgbWV0

Debug level 1: CLIENT -> SERVER: YTp0YWJsZS1jb3VudD0iMCIgbWV0YTppbWFnZS1jb3VudD0iMCIgbWV0YTpvYmplY3QtY291bnQ9

Debug level 1: CLIENT -> SERVER: IjAiIG1ldGE6cGFnZS1jb3VudD0iMSIgbWV0YTpwYXJhZ3JhcGgtY291bnQ9IjExIiBtZXRhOndv

Debug level 1: CLIENT -> SERVER: cmQtY291bnQ9IjY5IiBtZXRhOmNoYXJhY3Rlci1jb3VudD0iNDIyIi8+PG1ldGE6dGVtcGxhdGUg

Debug level 1: CLIENT -> SERVER: eGxpbms6dHlwZT0ic2ltcGxlIiB4bGluazphY3R1YXRlPSJvblJlcXVlc3QiIHhsaW5rOnRpdGxl

Debug level 1: CLIENT -> SERVER: PSJOb3JtYWwiIHhsaW5rOmhyZWY9IiIvPjwvb2ZmaWNlOm1ldGE+PC9vZmZpY2U6ZG9jdW1lbnQt

Debug level 1: CLIENT -> SERVER: bWV0YT5QSwMEFAAICAgAiWVCWwAAAAAAAAAAAAAAABgAAABUaHVtYm5haWxzL3RodW1ibmFpbC5w

Debug level 1: CLIENT -> SERVER: bmftl2kwG+oax9Pl0HJQrX0pt7bU2qrloOIorWpEaytFaBt7itopoi0tLaW1pUVsFbElKRVpJPRU

Debug level 1: CLIENT -> SERVER: K6it1pQIIiSWWorYl+vOPXfmnm935n49n37vvDPPM/95P/ze+T+7YW0hwCfFBwAABCyvmtsekAAA

Debug level 1: CLIENT -> SERVER: HAIc4zk4cRX06Qf3aZbmpvaRefMo42DW1ZNXMoRDMlUlTkULH5Vl3O7UvfOTh0VQymDXw3ruLB0N

Debug level 1: CLIENT -> SERVER: +UUSsPAY+3XL9JHt+pr5emH5ZHSOmGkh4tN1meXkjoqxbE9hAHhnrZIXsPTetP+2oLkA+/f/G6ko

Debug level 1: CLIENT -> SERVER: c2MtIq2yNeiE1nurPsXRaGHOl2cy7M26hAtMFWH8emzc60B8+yQM5QKkJ3o1wSLZefy0ADCwhHPJ

Debug level 1: CLIENT -> SERVER: 11+/ToW44Wq7G+U2kXFW54d+bNYyc1hjtWq+A12vR5YM9AuStVAXocp1U8NhUFJ0v8FaEcugC5jH

Debug level 1: CLIENT -> SERVER: H6Yi2+qsInLcM8cavOsS+SPkzRKLYdh4iw5mHe8W2qYgCpJjx8oxwK82mkj9qCgDJWGyIqUsSPRx

Debug level 1: CLIENT -> SERVER: 9hJTKRfpG8PfQlRfAz5OTmFZPv2HmzQhnVYfUlWlFXYnlYvRKtpJlrmsZWHMbgzelK8pI7vYfxUx

Debug level 1: CLIENT -> SERVER: r1K6ABUPFXUmQT0pCWoY+Qn49MrrK2Wo5kTN2dBr9ahQ0PCgUr/Bpjx1rrL1fuYM94y4wZMCW71M

Debug level 1: CLIENT -> SERVER: ybTgBW9SMylpFrr4qGSzXeZrCkxlT4KTT8XEHRtVmA58l1HGKJJ7GjOSKB4copHUiVZAnoa3MdXL

Debug level 1: CLIENT -> SERVER: pykd7/kDvThmY0g4yR6XMcalcX6+MwGfXZwlkZeZRLGgz6WkxpRyOQ+gfz8oUTvLMLFz5Qam6zwt

Debug level 1: CLIENT -> SERVER: KExzAddB2WDZ7C/2pYbMkztifxuBCDU2qWxazQuGu3fs6+u3h+x7bygW82wgTui+PmITb5B/pX9l

Debug level 1: CLIENT -> SERVER: bk77iZb/HtehlAk8CX1hU8Lv3ltDFIPq7GqHkxnZPisGbz4HBcuntkwjrGYRGz9qq+pgAQp6EnT+

Debug level 1: CLIENT -> SERVER: KUr2/pm3lATQ1g2M0wsQ/Um1q49Lam9Y24Q9y6xJN+zi3V176204lXeM7Ws+X69pELB5vveJHDcF

Debug level 1: CLIENT -> SERVER: TTjiDaVH2rZ/l33Mg/TpluXFysNEwpHgm/RqNYyi2oUhCcZi7wtm2h+d3NU8w+ywE5DN8vNK0LOc

Debug level 1: CLIENT -> SERVER: L1FDw2eWIAe5mRrL3zAtHljuZ79PpMYeqxPBY8BWgcQVkkjIwBlXrQJHb/zWC/TONxniTVj1UV7f

Debug level 1: CLIENT -> SERVER: XLDnlv9uaELpPk+3gl+k1J8vEP6rz3P3dzE6kjpHS6gPJv8oXTc1VYqcdsAFZxalmVoxk2/xvWw1

Debug level 1: CLIENT -> SERVER: vRrxyWpFb3wabnoFvS/yzT7VRFA9J0a6tjabVlixWadopngZ0w/A4HkUSSIeU4Pw9JaCWfYaWqAp

Debug level 1: CLIENT -> SERVER: R/+Tg2f+MN5Qp9gfF9ti8MXA7fNvaYZAWTPph1woy2XR36grAt9zhOfm/I41KjBVSB8mNaX9nOIT

Debug level 1: CLIENT -> SERVER: 6nb8nHN8/OB40YT6F3FNCqBoFFmdkcGjRPhk2WyrdsgCDY0S98jcQq4WZ7Fs3WvKliN3M5sr9NxU

Debug level 1: CLIENT -> SERVER: TSDVI0HPQiKl+zYmPtAebEEXz12nXc5NgV07ZAk2yvcQLf0Jjxm8MYzsD+Rr8ntcWSqzKsrnbu4P

Debug level 1: CLIENT -> SERVER: why6E1W72dOtWds3wPmJsFICzG1gfwqUY2Xyshbmw/Pm4JOKl61A2YUKRjw6hNRL+H29RxDIw1d7

Debug level 1: CLIENT -> SERVER: jUJO6Sc9+vvJQl4VPWAzrJ1/vF4rsLEE56rasqId/VFAPbgzaXaj+OUgYlCPXuOZ8/lOGUx2+K5h

Debug level 1: CLIENT -> SERVER: ftGblm+G5xdwPgI455ZzOrs4jssWe9Af+iYwDZ8Zxo0xsib6jp83lgTZOR6TqTlczBMi73eO9wA/

Debug level 1: CLIENT -> SERVER: 4DOyIafvVuf3e13LTu8rO7Z+f6yEuVI9ZhQmyLMMrc63zR+TiG2wc4fyPpTzNAHjj/NU3Mzx2WCD

Debug level 1: CLIENT -> SERVER: zB5iHnX/xWnfIf056xy70dGp+cvWHJE7dY77Sxd/sO3mzLro0TM7qtNRbmxKFwMEOzT3w29mxsZk

Debug level 1: CLIENT -> SERVER: BBrMO5E07t3k/e8w/8lUELlt0wSHLKc8e+9Wup3USLK0im245tq9WdlGyvmtwtL6w9nrX3E2Dwzo

Debug level 1: CLIENT -> SERVER: YblLqrYRR8ra6vzN3V9itCp3yJaagYHLvbJ22Su8bSTPRIBFXn9fDRmN6V6NyNhxPuma60GHmBdI

Debug level 1: CLIENT -> SERVER: +zVxSG2Du0CDdZaifaTyhtVf1AzVMI5zFe9VE0N1tGGTpofCNchCtJR2+McB7viwtu/Uvo8oYpPY

Debug level 1: CLIENT -> SERVER: OoMvqtNlBNQ/N2lrWBtaRzk79gfqDfbrjkw8oYiNMJTf0HVZivg55SFqBuWRlwtVlrIoNs9yTz8K

Debug level 1: CLIENT -> SERVER: HYxbObZ163usRkOY6G7wWVSaWtJT4jIZon0wsUBDVHLqPF3jkuAMbi53rJcnd0nmYof3LJAa9y5s

Debug level 1: CLIENT -> SERVER: sC36zOkr/QAT/j+zMtQbPvA1PlUamD+LC0bV1xK+eMGfu4weXrhQhaV1VTKyFQyRdgw1HSqsGXp4

Debug level 1: CLIENT -> SERVER: gfjdh1j7jaW9zzsSPHGhOnebuVPbGpbZhoEo6ixZ63/My/GXvTbJ8L7lsohw83QRVEFQZndKJaAS

Debug level 1: CLIENT -> SERVER: +gCNteIrwC7bgIddMZTWqW6KQ1Jch4YK6NR27M793TvAUZeYCNXc0K/hF2hSUeu3vndUSm6fq1qp

Debug level 1: CLIENT -> SERVER: H6OafT7Vzl0KiIt51dcTl24y2ZLY3f8xz0d/Qn/P6k99HICFNJ9BF1LSfegclCcN5Zg8wDW4Zxyp

Debug level 1: CLIENT -> SERVER: g4BkjhL4Dwee8o5PeashdqF1bgGbE5hUyAxcgRevVhwZVOxiv6tfGqVEiqUkyI0zQXasgaa05fsH

Debug level 1: CLIENT -> SERVER: erY5WAuzWGdJNYoI+noqcfWd1992uoRCUieq5CxsA+4e37sVcgodBC4J0FaNmKIrtQW0hy3PkH33

Debug level 1: CLIENT -> SERVER: RvK7CAapQcAMzbhwARhI0ELAehky7hAa6OdOpNsuq3KNcFpdkHox2KUdrxkdx/atxuOTtrw+Ave3

Debug level 1: CLIENT -> SERVER: lhDTrvUiFwcmg0qV6IPRg5oDgy3bGNbLHHp5VL4nKGTud7Rj+xjBSJcDMns3kNqeGsbk6WY2usJ2

Debug level 1: CLIENT -> SERVER: UmWuNwaZ5FCaNVXGqT56AluS2ZCltJKRLy6CMctRb3syyRKBkc4P1NMPo4eV2lbvbV1niB7nLITI

Debug level 1: CLIENT -> SERVER: xANq/V8RTcZKkuOSEH6H8Zfc3RUDfaT2Iv3cpoD/kl0JureXAH49t1j04wZUto2UjfwJ5IA6FGg0

Debug level 1: CLIENT -> SERVER: vdJ5avkM4osrBN9lMzmflhwK6qajZ0oA5XnJ5etd6BhrWZpNS9Cm2eTUxyFfPkdlAcqw4Q2Q1hGa

Debug level 1: CLIENT -> SERVER: 5i/i0i+kP2ytFGKN6wsVPnqoPGKitoOQRCB8KJjhr2XpPkeN6FBWOc83qwZOa14x03Doin3Jen19

Debug level 1: CLIENT -> SERVER: NS6Lv/Okb26jx7Nkh1ItYkOmaI9rQzgfq8M9ps8oWjJG00ifS6/fZSOmi5GGeOYNR6ha8i/ZUyPD

Debug level 1: CLIENT -> SERVER: t8tHLHLgZdLUIBzrfu/IdASYGCuSoLu6uzYS/9l7Vm7ChZQ2liG+GUvKMGEfM3ZHKP+XU7xnGKX3

Debug level 1: CLIENT -> SERVER: IrgDFX1q2N1ScNKTxbnYEHVbLO7uJyU1Lfd1O8JaRbPDTY+KsImFw1hI1izOSOge3iG3enGx6oOT

Debug level 1: CLIENT -> SERVER: cgtGJ9uphrPjFZHQ6ZRb51r3Pd2TqFl0c55CDrqHdFGLLUEPz1r/OsRWrJWvLthm4tvjGpMoeTFd

Debug level 1: CLIENT -> SERVER: 3dJinHRPEUu9XiCqdNOAkGlY4F9BfZxbkYXE4cnCHtJLD14l7+Qv79bOUcgPa/UcJGnb8MrmrGDl

Debug level 1: CLIENT -> SERVER: gV4p2MQ9qUmnhrq7z5r33CZFWlzDLb6nhPmr3cpskf/mMXS50sr6BaoUjCWwnDS+Brliib71CRwt

Debug level 1: CLIENT -> SERVER: 21/rr6YVqhmxgYIH3/hpZDx2VwxLptYElyfpCEXczNchC6+SnoXAnBjcnmF7Qu48IYJ8qgztYKjF

Debug level 1: CLIENT -> SERVER: dQZXzeMJe8PV7LoVSjsszjsrNq/yDfUjYWCLjBI7KvVXTf6Nv/G/VZ39Qyvzp4Bb5SmvDhoawPKy

Debug level 1: CLIENT -> SERVER: tTnu0u3H/wRQSwcI4bbJAmELAADIDQAAUEsDBBQACAgIAIllQlsAAAAAAAAAAAAAAAAMAAAAc2V0

Debug level 1: CLIENT -> SERVER: dGluZ3MueG1stVlbc9o6EH4/vyLjd0KgaZswCR0gpYeGBAZIM6dvwl5AB1nrkeQA//6sZMikXHII

Debug level 1: CLIENT -> SERVER: tp5IbGlXe/v2W/nm2zIWZy+gNEd5G1TOL4IzkCFGXE5vg6dRu3QVfKv/dYOTCQ+hFmGYxiBNSYMx

Debug level 1: CLIENT -> SERVER: tESf0Xapa9nr2yBVsoZMc12TLAZdM2ENE5CbbbW3q2tOWfZkKbic3wYzY5JaubxYLM4Xn85RTcuV

Debug level 1: CLIENT -> SERVER: 6+vrsnu7WRqinPDpsaqy1W9VIeKrIrshO4xTVr24uCxn/wdn60O+cU01qG/8sDG/frNWkP2UuIHY

Debug level 1: CLIENT -> SERVER: +uZs/dge7TYglbUXDotXrwX79v255xetbyhgI0yCzRuzSugNlyaoX9yUdyUcL7ULE+NB7DOPzGyf

Debug level 1: CLIENT -> SERVER: 3E/Vz1+r+WT/DXw623voaqXy5eo04cMZLgYQUX5Ba8bkFPSWgjGiACaDulEpnKajI5sKFxoeMIJD

Debug level 1: CLIENT -> SERVER: 0idM6KPFl2KWlLiMYAnRrq/2J5fbQ2WhVsd5vBNtHVUbRZkb1G0e54jkocSrXF1cX54u9kCVXFav

Debug level 1: CLIENT -> SERVER: P58qVPOxgMLrxEktuqad0MGh8rC1l090E43B+FDpfT1N9m/EeESStvNshiofEHXZClPTQpHGcruc

Debug level 1: CLIENT -> SERVER: i5LeRJwXVs+7fmmz0KDaf/bKxYmn7+ghCAgNRG1FD044+p6Hb3Hl0Os1VO1fQC3x+CaaPUgVM9SS

Debug level 1: CLIENT -> SERVER: P9JNG1HUZ4qNGGXzMGGhhbLiQ9cniDQDsJQBtvGzCPm91NhO1SUN4h8OItKPaTwG5ceaLpGupyRi

Debug level 1: CLIENT -> SERVER: Zl/n2iRjDkd9jxOz6jM/PXcqUUGbK23IDOhQBkrTkT7dRfxBUdmCamGcKNCWNRaOb85xQzJAwE8c

Debug level 1: CLIENT -> SERVER: H3RcDjOyiLcVgTPEiaC/i4+Os6LPElBWzxBMut0Pi7CEat4BXW8yIaTw4Stnh6UInrJ4zUz7Cg3h

Debug level 1: CLIENT -> SERVER: NuXTPay2tTANXy6bXDK1CspHHtnBoIfzrg/aRrVNFooqMNNIDWYp6iktW0jNDIUX75B4UHvT/YNR

Debug level 1: CLIENT -> SERVER: zOCNwqgbMmoKJueanG6RrsVEmArXH30lfENKNE7D4b5wIrx1kUUDYBFKsZPoxSCCZQFrAjBCVwct

Debug level 1: CLIENT -> SERVER: ED6iTbq+LynckokuWfROz8mhI0nE6kmDumOGFS++bSmGz4Ibshf4ld2v9GRLoPbBp62SHwLHTNyt

Debug level 1: CLIENT -> SERVER: r4YssfHRDjr6nuLd0JzJfipDk/oqw4bgU0nJOzSY9FHz99ScHp2W4ElDv9KahgyptiF6VrRUtcXK

Debug level 1: CLIENT -> SERVER: NVcffmylSlGYbFJbYLS/Q0xVuIM12ZXEEXhJvmq4Rp0RQcJKiwNTxZKZ7sgu19uDcxFm3OEjmhZL

Debug level 1: CLIENT -> SERVER: TKrgTrFFb/yv7klLFTwoc1A2wMU9gA8ute5dj7tz4/FBcDLabJlLCLVnzSNQI1iaZ4pfT5JbqQZ8

Debug level 1: CLIENT -> SERVER: MGENPRGtLX8AOmLojUS6yxtfs5DusjG8op8fT1nOB46B+Buv9wzxDTM0xAqLd9qrSZtES/zY5EBi

Debug level 1: CLIENT -> SERVER: ADSgWNMaxijL5GhObaOXUGWjl0KdEFH3Jf+HBdZ3qiUH4xECF04Hjb8tJkMQHhrfn/2H5vmYyWjP

Debug level 1: CLIENT -> SERVER: LJ/n1tYF/meqDZ+sbNnoZ25mD0ymTDQVsLmfHqEHYIeDFxhh1gp9ogEhMyXZhqB4vHIDZY2xH/8s

Debug level 1: CLIENT -> SERVER: u3MXtAe+XswIZ0sKNIrUnilPY/B5l7S+IJlCk4XzqcJUHrxOLDrN87V3y3Pclayf6ZlG3XBukdFL

Debug level 1: CLIENT -> SERVER: v5dLytsQfoNCGt3+Z2r74DW5u+Yu73w9Lh/6rl7/D1BLBwibWBVt/AQAAJkfAABQSwMEFAAICAgA

Debug level 1: CLIENT -> SERVER: iWVCWwAAAAAAAAAAAAAAABUAAABNRVRBLUlORi9tYW5pZmVzdC54bWy1lUtuwyAQQPc5hcXe0GZV

Debug level 1: CLIENT -> SERVER: WXEitVJPkB6A4LGDxE/MECW3L46UxG2jqqnMDix4bxg8w2pztKY6QETtXcue+ROrwCnfaTe07GP7

Debug level 1: CLIENT -> SERVER: Xr+wzXqxstLpHpCay6DK+xxepy1L0TVeosbGSQvYkGp8ANd5lSw4ar6ub0bTelHdwL02UOeF8VTd

Debug level 1: CLIENT -> SERVER: ZNBpWdMpQMtkCEYrSTlOcXAdP7v4VMEJjsRuuyenWk4+98mYOkjat0ww8VAM9ylv3vV6SPEcGy4F

Debug level 1: CLIENT -> SERVER: kqSEOxnL4KVSYCBPfRQqxTiePCe3uKuIoDdeEhSCBx9SyH9GKoSPfoiA5W56DL0YnLw3xeDaygFQ

Debug level 1: CLIENT -> SERVER: vGqyMmBRx4Ps720EkxurhyfN1VTwtxgelI8NSoy1ehee/fS/Yv6di3QygLNjLZCcrfFs98nunNQG

Debug level 1: CLIENT -> SERVER: BV2GPLhhbvi8iQWi/E5eU7sSP57J9SdQSwcIZYJI2kQBAABhBwAAUEsBAhQAFAAACAAAiWVCW17G

Debug level 1: CLIENT -> SERVER: MgwnAAAAJwAAAAgAAAAAAAAAAAAAAAAAAAAAAG1pbWV0eXBlUEsBAhQAFAAACAAAiWVCWwAAAAAA

Debug level 1: CLIENT -> SERVER: AAAAAAAAABoAAAAAAAAAAAAAAAAATQAAAENvbmZpZ3VyYXRpb25zMi9zdGF0dXNiYXIvUEsBAhQA

Debug level 1: CLIENT -> SERVER: FAAICAgAiWVCWwAAAAACAAAAAAAAACcAAAAAAAAAAAAAAAAAhQAAAENvbmZpZ3VyYXRpb25zMi9h

Debug level 1: CLIENT -> SERVER: Y2NlbGVyYXRvci9jdXJyZW50LnhtbFBLAQIUABQAAAgAAIllQlsAAAAAAAAAAAAAAAAYAAAAAAAA

Debug level 1: CLIENT -> SERVER: AAAAAAAAANwAAABDb25maWd1cmF0aW9uczIvZmxvYXRlci9QSwECFAAUAAAIAACJZUJbAAAAAAAA

Debug level 1: CLIENT -> SERVER: AAAAAAAAGgAAAAAAAAAAAAAAAAASAQAAQ29uZmlndXJhdGlvbnMyL3BvcHVwbWVudS9QSwECFAAU

Debug level 1: CLIENT -> SERVER: AAAIAACJZUJbAAAAAAAAAAAAAAAAHAAAAAAAAAAAAAAAAABKAQAAQ29uZmlndXJhdGlvbnMyL3By

Debug level 1: CLIENT -> SERVER: b2dyZXNzYmFyL1BLAQIUABQAAAgAAIllQlsAAAAAAAAAAAAAAAAYAAAAAAAAAAAAAAAAAIQBAABD

Debug level 1: CLIENT -> SERVER: b25maWd1cmF0aW9uczIvbWVudWJhci9QSwECFAAUAAAIAACJZUJbAAAAAAAAAAAAAAAAGAAAAAAA

Debug level 1: CLIENT -> SERVER: AAAAAAAAAAC6AQAAQ29uZmlndXJhdGlvbnMyL3Rvb2xiYXIvUEsBAhQAFAAACAAAiWVCWwAAAAAA

Debug level 1: CLIENT -> SERVER: AAAAAAAAAB8AAAAAAAAAAAAAAAAA8AEAAENvbmZpZ3VyYXRpb25zMi9pbWFnZXMvQml0bWFwcy9Q

Debug level 1: CLIENT -> SERVER: SwECFAAUAAgICACJZUJbn5QSGS0FAAB7FAAACwAAAAAAAAAAAAAAAAAtAgAAY29udGVudC54bWxQ

Debug level 1: CLIENT -> SERVER: SwECFAAUAAgICACJZUJbVIMOjXkLAAArVAAACgAAAAAAAAAAAAAAAACTBwAAc3R5bGVzLnhtbFBL

Debug level 1: CLIENT -> SERVER: AQIUABQAAAgAAIllQlupkFKj/AMAAPwDAAAIAAAAAAAAAAAAAAAAAEQTAABtZXRhLnhtbFBLAQIU

Debug level 1: CLIENT -> SERVER: ABQACAgIAIllQlvhtskCYQsAAMgNAAAYAAAAAAAAAAAAAAAAAGYXAABUaHVtYm5haWxzL3RodW1i

Debug level 1: CLIENT -> SERVER: bmFpbC5wbmdQSwECFAAUAAgICACJZUJbm1gVbfwEAACZHwAADAAAAAAAAAAAAAAAAAANIwAAc2V0

Debug level 1: CLIENT -> SERVER: dGluZ3MueG1sUEsBAhQAFAAICAgAiWVCW2WCSNpEAQAAYQcAABUAAAAAAAAAAAAAAAAAQygAAE1F

Debug level 1: CLIENT -> SERVER: VEEtSU5GL21hbmlmZXN0LnhtbFBLBQYAAAAADwAPAO4DAADKKQAAAAA=

Debug level 1: CLIENT -> SERVER: 

Debug level 1: CLIENT -> SERVER: --b1=_dqySjNF8yfw3BTjjZ6Oz3YdDpvcY5UH8wEWnp96yYc8--

Debug level 1: CLIENT -> SERVER: 

Debug level 1: CLIENT -> SERVER: .

Debug level 2: SERVER -> CLIENT: 250 2.0.0 Ok: queued as 7CE42200D862

Debug level 1: CLIENT -> SERVER: QUIT

Debug level 2: SERVER -> CLIENT: 221 2.0.0 Bye

